Log file open, 01/26/19 22:00:34
LogWindows: Failed to load 'aqProf.dll' (GetLastError=126)
LogWindows: File 'aqProf.dll' does not exist
LogWindows: Failed to load 'VSPerf140.dll' (GetLastError=126)
LogWindows: File 'VSPerf140.dll' does not exist
LogWindows: Failed to load 'VtuneApi.dll' (GetLastError=126)
LogWindows: File 'VtuneApi.dll' does not exist
LogWindows: Failed to load 'VtuneApi32e.dll' (GetLastError=126)
LogWindows: File 'VtuneApi32e.dll' does not exist
LogInit: Display: Running engine for game: GGJ2019
LogPlatformFile: Not using cached read wrapper
LogTaskGraph: Started task graph with 5 named threads and 23 total threads with 3 sets of task threads.
LogStats: Stats thread started at 0.423164
LogD3D11RHI: Loaded GFSDK_Aftermath_Lib.x64.dll
LogICUInternationalization: Display: ICU TimeZone Detection - Raw Offset: +0:00, Platform Override: ''
LogPluginManager: Mounting plugin Paper2D
LogPluginManager: Mounting plugin AISupport
LogPluginManager: Mounting plugin LightPropagationVolume
LogPluginManager: Mounting plugin CLionSourceCodeAccess
LogPluginManager: Mounting plugin CodeLiteSourceCodeAccess
LogPluginManager: Mounting plugin GitSourceControl
LogPluginManager: Mounting plugin KDevelopSourceCodeAccess
LogPluginManager: Mounting plugin NullSourceCodeAccess
LogPluginManager: Mounting plugin PerforceSourceControl
LogPluginManager: Mounting plugin SubversionSourceControl
LogPluginManager: Mounting plugin UObjectPlugin
LogPluginManager: Mounting plugin VisualStudioCodeSourceCodeAccess
LogPluginManager: Mounting plugin VisualStudioSourceCodeAccess
LogPluginManager: Mounting plugin XCodeSourceCodeAccess
LogPluginManager: Mounting plugin AssetManagerEditor
LogPluginManager: Mounting plugin CryptoKeys
LogPluginManager: Mounting plugin DataValidation
LogPluginManager: Mounting plugin FacialAnimation
LogPluginManager: Mounting plugin GameplayTagsEditor
LogPluginManager: Mounting plugin MacGraphicsSwitching
LogPluginManager: Mounting plugin MeshEditor
LogPluginManager: Mounting plugin MobileLauncherProfileWizard
LogPluginManager: Mounting plugin PluginBrowser
LogPluginManager: Mounting plugin SpeedTreeImporter
LogPluginManager: Mounting plugin DatasmithContent
LogPluginManager: Mounting plugin AlembicImporter
LogPluginManager: Mounting plugin AppleImageUtils
LogPluginManager: Mounting plugin AppleVision
LogPluginManager: Mounting plugin BackChannel
LogPluginManager: Mounting plugin CharacterAI
LogPluginManager: Mounting plugin GeometryCache
LogPluginManager: Mounting plugin HTML5Networking
LogPluginManager: Mounting plugin ProxyLODPlugin
LogPluginManager: Mounting plugin MagicLeap
LogPluginManager: Mounting plugin MagicLeapEmulator
LogPluginManager: Mounting plugin MagicLeapMedia
LogPluginManager: Mounting plugin AndroidMedia
LogPluginManager: Mounting plugin AvfMedia
LogPluginManager: Mounting plugin ImgMedia
LogPluginManager: Mounting plugin LinearTimecode
LogPluginManager: Mounting plugin MediaCompositing
LogPluginManager: Mounting plugin MediaPlayerEditor
LogPluginManager: Mounting plugin WmfMedia
LogPluginManager: Mounting plugin TcpMessaging
LogPluginManager: Mounting plugin UdpMessaging
LogPluginManager: Mounting plugin ActorSequence
LogPluginManager: Mounting plugin LevelSequenceEditor
LogPluginManager: Mounting plugin MatineeToLevelSequence
LogPluginManager: Mounting plugin NetcodeUnitTest
LogPluginManager: Mounting plugin NUTUnrealEngine4
LogPluginManager: Mounting plugin OnlineSubsystemGooglePlay
LogPluginManager: Mounting plugin OnlineSubsystemIOS
LogPluginManager: Mounting plugin OnlineSubsystem
LogPluginManager: Mounting plugin OnlineSubsystemNull
LogPluginManager: Mounting plugin OnlineSubsystemUtils
LogPluginManager: Mounting plugin LauncherChunkInstaller
LogPluginManager: Mounting plugin AndroidDeviceProfileSelector
LogPluginManager: Mounting plugin AndroidMoviePlayer
LogPluginManager: Mounting plugin AndroidPermission
LogPluginManager: Mounting plugin AppleMoviePlayer
LogPluginManager: Mounting plugin ArchVisCharacter
LogPluginManager: Mounting plugin AudioCapture
LogPluginManager: Mounting plugin CableComponent
LogPluginManager: Mounting plugin CustomMeshComponent
LogPluginManager: Mounting plugin EditableMesh
LogPluginManager: Mounting plugin ExampleDeviceProfileSelector
LogPluginManager: Mounting plugin GoogleCloudMessaging
LogPluginManager: Mounting plugin ImmediatePhysics
LogPluginManager: Mounting plugin IOSDeviceProfileSelector
LogPluginManager: Mounting plugin LinuxDeviceProfileSelector
LogPluginManager: Mounting plugin LocationServicesBPLibrary
LogPluginManager: Mounting plugin MobilePatchingUtils
LogPluginManager: Mounting plugin OculusVR
LogPluginManager: Plugin shader directory ../../../Engine/Plugins/Runtime/Oculus/OculusVR/Shaders found
LogPluginManager: Mapping shader source directory ../../../Engine/Plugins/Runtime/Oculus/OculusVR/Shaders to virtual directory /Plugin/OculusVR
LogPluginManager: Mounting plugin PhysXVehicles
LogPluginManager: Mounting plugin ProceduralMeshComponent
LogPluginManager: Mounting plugin RuntimePhysXCooking
LogPluginManager: Mounting plugin SteamVR
LogPluginManager: Mounting plugin WindowsMoviePlayer
LogStreaming: Display: Took  0.509s to configure plugins.
LogInit: Using libcurl 7.55.1-DEV
LogInit:  - built for x86_64-pc-win32
LogInit:  - supports SSL with OpenSSL/1.0.2h
LogInit:  - supports HTTP deflate (compression) using libz 1.2.8
LogInit:  - other features:
LogInit:      CURL_VERSION_SSL
LogInit:      CURL_VERSION_LIBZ
LogInit:      CURL_VERSION_IPV6
LogInit:      CURL_VERSION_ASYNCHDNS
LogInit:      CURL_VERSION_LARGEFILE
LogInit:      CURL_VERSION_IDN
LogInit:  CurlRequestOptions (configurable via config and command line):
LogInit:  - bVerifyPeer = false  - Libcurl will NOT verify peer certificate
LogInit:  - bUseHttpProxy = false  - Libcurl will NOT use HTTP proxy
LogInit:  - bDontReuseConnections = false  - Libcurl will reuse connections
LogInit:  - CertBundlePath = nullptr  - Libcurl will use whatever was configured at build time.
LogInit:  - MaxHostConnections = 16  - Libcurl will limit the number of connections to a host
LogInit:  - LocalHostAddr = Default
LogInit:  - BufferSize = 65536
LogInit: WinSock: version 1.1 (2.2), MaxSocks=32767, MaxUdp=65467
LogInit: Build: ++UE4+Release-4.20-CL-4369336
LogInit: Engine Version: 4.20.3-4369336+++UE4+Release-4.20
LogInit: Compatible Engine Version: 4.20.0-4212847+++UE4+Release-4.20
LogInit: Net CL: 4212847
LogInit: OS: Windows 10 (), CPU: Intel(R) Xeon(R) CPU E5-1620 v3 @ 3.50GHz, GPU: NVIDIA GeForce GTX 970
LogInit: Compiled (64-bit): Sep 17 2018 12:26:19
LogInit: Compiled with Visual C++: 19.13.26129.00
LogInit: Build Configuration: Development
LogInit: Branch Name: ++UE4+Release-4.20
LogInit: Command Line:  -skipcompile
LogInit: Base Directory: C:/Epic/UE4/UE_4.20/Engine/Binaries/Win64/
LogInit: Installed Engine Build: 1
LogDevObjectVersion: Number of dev versions registered: 20
LogDevObjectVersion:   Dev-Blueprints (B0D832E4-1F89-4F0D-ACCF-7EB736FD4AA2): 10
LogDevObjectVersion:   Dev-Build (E1C64328-A22C-4D53-A36C-8E866417BD8C): 0
LogDevObjectVersion:   Dev-Core (375EC13C-06E4-48FB-B500-84F0262A717E): 2
LogDevObjectVersion:   Dev-Editor (E4B068ED-F494-42E9-A231-DA0B2E46BB41): 24
LogDevObjectVersion:   Dev-Framework (CFFC743F-43B0-4480-9391-14DF171D2073): 34
LogDevObjectVersion:   Dev-Mobile (B02B49B5-BB20-44E9-A304-32B752E40360): 2
LogDevObjectVersion:   Dev-Networking (A4E4105C-59A1-49B5-A7C5-40C4547EDFEE): 0
LogDevObjectVersion:   Dev-Online (39C831C9-5AE6-47DC-9A44-9C173E1C8E7C): 0
LogDevObjectVersion:   Dev-Physics (78F01B33-EBEA-4F98-B9B4-84EACCB95AA2): 0
LogDevObjectVersion:   Dev-Platform (6631380F-2D4D-43E0-8009-CF276956A95A): 0
LogDevObjectVersion:   Dev-Rendering (12F88B9F-8875-4AFC-A67C-D90C383ABD29): 26
LogDevObjectVersion:   Dev-Sequencer (7B5AE74C-D270-4C10-A958-57980B212A5A): 9
LogDevObjectVersion:   Dev-VR (D7296918-1DD6-4BDD-9DE2-64A83CC13884): 2
LogDevObjectVersion:   Dev-LoadTimes (C2A15278-BFE7-4AFE-6C17-90FF531DF755): 1
LogDevObjectVersion:   Private-Geometry (6EACA3D4-40EC-4CC1-B786-8BED09428FC5): 3
LogDevObjectVersion:   Dev-AnimPhys (29E575DD-E0A3-4627-9D10-D276232CDCEA): 17
LogDevObjectVersion:   Dev-ReflectionCapture (6B266CEC-1EC7-4B8F-A30B-E4D90942FC07): 1
LogDevObjectVersion:   Dev-Automation (0DF73D61-A23F-47EA-B727-89E90C41499A): 1
LogDevObjectVersion:   FortniteMain (601D1886-AC64-4F84-AA16-D3DE0DEAC7D6): 12
LogDevObjectVersion:   Dev-Enterprise (9DFFBCD6-494F-0158-E221-12823C92A888): 1
LogStreaming: Display: Took  0.012s to delete old logs.
LogInit: Presizing for max 8388607 objects, including 0 objects not considered by GC, pre-allocating 0 bytes for permanent pool.
LogInit: Object subsystem initialized
[2019.01.26-22.00.35:592][  0]LogInit: Selected Device Profile: [Windows]
[2019.01.26-22.00.35:592][  0]LogInit: Applying CVar settings loaded from the selected device profile: [Windows]
[2019.01.26-22.00.35:616][  0]LogHAL: Display: Platform has ~ 16 GB [17092038656 / 17179869184 / 16], which maps to Larger [LargestMinGB=32, LargerMinGB=12, DefaultMinGB=8, SmallerMinGB=6, SmallestMinGB=0)
[2019.01.26-22.00.35:616][  0]LogInit: Setting Device Profile CVar: [[r.Vulkan.UseRealUBs:1]]
[2019.01.26-22.00.35:616][  0]LogInit: Going up to parent DeviceProfile []
[2019.01.26-22.00.35:617][  0]LogInit: Computer: C115-8
[2019.01.26-22.00.35:617][  0]LogInit: User: p018236h
[2019.01.26-22.00.35:617][  0]LogInit: CPU Page size=4096, Cores=4
[2019.01.26-22.00.35:617][  0]LogInit: High frequency timer resolution =3.410076 MHz
[2019.01.26-22.00.35:617][  0]LogMemory: Memory total: Physical=15.9GB (16GB approx)
[2019.01.26-22.00.35:617][  0]LogMemory: Platform Memory Stats for Windows
[2019.01.26-22.00.35:618][  0]LogMemory: Process Physical Memory: 102.50 MB used, 102.50 MB peak
[2019.01.26-22.00.35:618][  0]LogMemory: Process Virtual Memory: 93.42 MB used, 93.42 MB peak
[2019.01.26-22.00.35:618][  0]LogMemory: Physical Memory: 7867.19 MB used,  8433.05 MB free, 16300.24 MB total
[2019.01.26-22.00.35:618][  0]LogMemory: Virtual Memory: 4642.52 MB used,  8433.05 MB free, 134217728.00 MB total
[2019.01.26-22.00.35:737][  0]LogInit: Using OS detected language (en-US).
[2019.01.26-22.00.35:737][  0]LogInit: Using OS detected locale (en-GB).
[2019.01.26-22.00.35:739][  0]LogTextLocalizationManager: No specific localization for 'en-US' exists, so the 'en' localization will be used.
[2019.01.26-22.00.36:124][  0]LogStreaming: Display: Took  0.388s to InitEngineTextLocalization.
[2019.01.26-22.00.36:125][  0]LogInit: Setting process to per monitor DPI aware
[2019.01.26-22.00.36:177][  0]LogSlate: New Slate User Created.  User Index 0, Is Virtual User: 0
[2019.01.26-22.00.36:177][  0]LogSlate: Slate User Registered.  User Index 0, Is Virtual User: 0
[2019.01.26-22.00.36:530][  0]LogHMD: Failed to initialize OpenVR with code 110
[2019.01.26-22.00.36:530][  0]LogD3D11RHI: D3D11 adapters:
[2019.01.26-22.00.36:616][  0]LogD3D11RHI:    0. 'NVIDIA GeForce GTX 970' (Feature Level 11_0)
[2019.01.26-22.00.36:616][  0]LogD3D11RHI:       4043/0/8150 MB DedicatedVideo/DedicatedSystem/SharedSystem, Outputs:2, VendorId:0x10de
[2019.01.26-22.00.36:621][  0]LogD3D11RHI:    1. 'Microsoft Basic Render Driver' (Feature Level 11_0)
[2019.01.26-22.00.36:622][  0]LogD3D11RHI:       0/0/8150 MB DedicatedVideo/DedicatedSystem/SharedSystem, Outputs:0, VendorId:0x1414
[2019.01.26-22.00.36:622][  0]LogD3D11RHI: Chosen D3D11 Adapter: 0
[2019.01.26-22.00.36:633][  0]LogD3D11RHI: Creating new Direct3DDevice
[2019.01.26-22.00.36:633][  0]LogD3D11RHI:     GPU DeviceId: 0x13c2 (for the marketing name, search the web for "GPU Device Id")
[2019.01.26-22.00.36:633][  0]LogWindows: EnumDisplayDevices:
[2019.01.26-22.00.36:633][  0]LogWindows:    0. 'NVIDIA GeForce GTX 970' (P:1 D:1)
[2019.01.26-22.00.36:633][  0]LogWindows:    1. 'NVIDIA GeForce GTX 970' (P:0 D:1)
[2019.01.26-22.00.36:634][  0]LogWindows:    2. 'NVIDIA GeForce GTX 970' (P:0 D:0)
[2019.01.26-22.00.36:634][  0]LogWindows:    3. 'NVIDIA GeForce GTX 970' (P:0 D:0)
[2019.01.26-22.00.36:634][  0]LogWindows: DebugString: FoundDriverCount:4 
[2019.01.26-22.00.36:635][  0]LogD3D11RHI:     Adapter Name: NVIDIA GeForce GTX 970
[2019.01.26-22.00.36:635][  0]LogD3D11RHI:   Driver Version: 398.82 (internal:24.21.13.9882, unified:398.82)
[2019.01.26-22.00.36:635][  0]LogD3D11RHI:      Driver Date: 7-30-2018
[2019.01.26-22.00.36:635][  0]LogRHI: Texture pool is 2830 MB (70% of 4043 MB)
[2019.01.26-22.00.36:684][  0]LogD3D11RHI: Async texture creation enabled
[2019.01.26-22.00.36:701][  0]LogD3D11RHI: GPU Timing Frequency: 1000.000000 (Debug: 2 2)
[2019.01.26-22.00.36:746][  0]LogShaderCompilers: Guid format shader working directory is -18 characters bigger than the processId version (../../../../../../Users/p018236h.STUDENT/Documents/GameJam/GGJ2019/GGJ2019/Intermediate/Shaders/WorkingDirectory/17960/).
[2019.01.26-22.00.36:747][  0]LogShaderCompilers: Cleaned the shader compiler working directory 'C:/Users/p018236h.STUDENT/AppData/Local/Temp/UnrealShaderWorkingDir/0CC4725A4F8B2154BE5D22B32E816288/'.
[2019.01.26-22.00.37:161][  0]LogTemp: Display: Loaded TP AllDesktopTargetPlatform
[2019.01.26-22.00.37:181][  0]LogTemp: Display: Loaded TP MacClientTargetPlatform
[2019.01.26-22.00.37:200][  0]LogTemp: Display: Loaded TP MacNoEditorTargetPlatform
[2019.01.26-22.00.37:218][  0]LogTemp: Display: Loaded TP MacServerTargetPlatform
[2019.01.26-22.00.37:239][  0]LogTemp: Display: Loaded TP MacTargetPlatform
[2019.01.26-22.00.37:257][  0]LogTemp: Display: Loaded TP WindowsClientTargetPlatform
[2019.01.26-22.00.37:277][  0]LogTemp: Display: Loaded TP WindowsNoEditorTargetPlatform
[2019.01.26-22.00.37:299][  0]LogTemp: Display: Loaded TP WindowsServerTargetPlatform
[2019.01.26-22.00.37:311][  0]LogTemp: Display: Loaded TP WindowsTargetPlatform
[2019.01.26-22.00.37:403][  0]LogTemp: Display: Loaded TP AndroidTargetPlatform
[2019.01.26-22.00.37:403][  0]LogTemp: Display: Loaded TP AndroidTargetPlatform
[2019.01.26-22.00.37:403][  0]LogTemp: Display: Loaded TP AndroidTargetPlatform
[2019.01.26-22.00.37:403][  0]LogTemp: Display: Loaded TP AndroidTargetPlatform
[2019.01.26-22.00.37:403][  0]LogTemp: Display: Loaded TP AndroidTargetPlatform
[2019.01.26-22.00.37:403][  0]LogTemp: Display: Loaded TP AndroidTargetPlatform
[2019.01.26-22.00.37:403][  0]LogTemp: Display: Loaded TP AndroidTargetPlatform
[2019.01.26-22.00.37:403][  0]LogTemp: Display: Loaded TP AndroidTargetPlatform
[2019.01.26-22.00.37:403][  0]LogTemp: Display: Loaded TP AndroidTargetPlatform
[2019.01.26-22.00.37:404][  0]LogTemp: Display: Loaded TP AndroidTargetPlatform
[2019.01.26-22.00.37:404][  0]LogTemp: Display: Loaded TP AndroidTargetPlatform
[2019.01.26-22.00.37:404][  0]LogTemp: Display: Loaded TP AndroidTargetPlatform
[2019.01.26-22.00.37:404][  0]LogTemp: Display: Loaded TP AndroidTargetPlatform
[2019.01.26-22.00.37:404][  0]LogTemp: Display: Loaded TP AndroidTargetPlatform
[2019.01.26-22.00.37:404][  0]LogTemp: Display: Loaded TP AndroidTargetPlatform
[2019.01.26-22.00.37:404][  0]LogTemp: Display: Loaded TP AndroidTargetPlatform
[2019.01.26-22.00.37:404][  0]LogTemp: Display: Loaded TP AndroidTargetPlatform
[2019.01.26-22.00.37:404][  0]LogTemp: Display: Loaded TP AndroidTargetPlatform
[2019.01.26-22.00.37:411][  0]LogTemp: Display: Loaded TP HTML5TargetPlatform
[2019.01.26-22.00.37:540][  0]LogTemp: Display: Loaded TP IOSTargetPlatform
[2019.01.26-22.00.37:540][  0]LogTemp: Display: Loaded TP IOSTargetPlatform
[2019.01.26-22.00.37:595][  0]LogTemp: Display: Loaded TP TVOSTargetPlatform
[2019.01.26-22.00.37:596][  0]LogTemp: Display: Loaded TP TVOSTargetPlatform
[2019.01.26-22.00.37:627][  0]LogTemp: Display: Loaded TP LinuxClientTargetPlatform
[2019.01.26-22.00.37:646][  0]LogTemp: Display: Loaded TP LinuxNoEditorTargetPlatform
[2019.01.26-22.00.37:666][  0]LogTemp: Display: Loaded TP LinuxServerTargetPlatform
[2019.01.26-22.00.37:688][  0]LogTemp: Display: Loaded TP LinuxTargetPlatform
[2019.01.26-22.00.37:702][  0]LogTemp: Display: Loaded TP LuminTargetPlatform
[2019.01.26-22.00.37:702][  0]LogTargetPlatformManager: Display: Building Assets For Windows
[2019.01.26-22.00.37:893][  0]LogXGEController: Cleaning working directory: C:/Users/p018236h.STUDENT/AppData/Local/Temp/UnrealXGEWorkingDir/
[2019.01.26-22.00.37:893][  0]LogXGEController: Cannot use XGE Controller as Incredibuild is not installed on this machine.
[2019.01.26-22.00.37:893][  0]LogShaderCompilers: Cannot use XGE Shader Compiler as Incredibuild is not installed on this machine.
[2019.01.26-22.00.37:893][  0]LogShaderCompilers: Display: Using Local Shader Compiler.
[2019.01.26-22.00.39:061][  0]LogDerivedDataCache: Display: Max Cache Size: 512 MB
[2019.01.26-22.00.39:180][  0]LogDerivedDataCache: Loaded boot cache 0.12s 71MB C:/Users/p018236h.STUDENT/AppData/Local/UnrealEngine/4.20/DerivedDataCache/Boot.ddc.
[2019.01.26-22.00.39:180][  0]LogDerivedDataCache: Display: Loaded Boot cache: C:/Users/p018236h.STUDENT/AppData/Local/UnrealEngine/4.20/DerivedDataCache/Boot.ddc
[2019.01.26-22.00.39:181][  0]LogDerivedDataCache: FDerivedDataBackendGraph:  Pak pak cache file ../../../../../../Users/p018236h.STUDENT/Documents/GameJam/GGJ2019/GGJ2019/DerivedDataCache/DDC.ddp not found, will not use a pak cache.
[2019.01.26-22.00.39:181][  0]LogDerivedDataCache: Unable to find inner node Pak for hierarchical cache Hierarchy.
[2019.01.26-22.00.39:181][  0]LogDerivedDataCache: FDerivedDataBackendGraph:  CompressedPak pak cache file ../../../../../../Users/p018236h.STUDENT/Documents/GameJam/GGJ2019/GGJ2019/DerivedDataCache/Compressed.ddp not found, will not use a pak cache.
[2019.01.26-22.00.39:181][  0]LogDerivedDataCache: Unable to find inner node CompressedPak for hierarchical cache Hierarchy.
[2019.01.26-22.00.39:201][  0]LogDerivedDataCache: Display: Pak cache opened for reading ../../../Engine/DerivedDataCache/Compressed.ddp.
[2019.01.26-22.00.39:216][  0]LogDerivedDataCache: Using Local data cache path C:/Users/p018236h.STUDENT/AppData/Local/UnrealEngine/Common/DerivedDataCache: Writable
[2019.01.26-22.00.39:216][  0]LogDerivedDataCache: Shared data cache path not found in *engine.ini, will not use an Shared cache.
[2019.01.26-22.00.39:216][  0]LogDerivedDataCache: Unable to find inner node Shared for hierarchical cache Hierarchy.
[2019.01.26-22.00.39:244][  0]LogMaterial: Verifying Global Shaders for PCD3D_SM5
[2019.01.26-22.00.39:248][  0]LogSlate: Using FreeType 2.6.0
[2019.01.26-22.00.39:251][  0]LogSlate: SlateFontServices - WITH_FREETYPE: 1, WITH_HARFBUZZ: 1
[2019.01.26-22.00.39:343][  0]LogAssetRegistry: FAssetRegistry took 0.0317 seconds to start up
[2019.01.26-22.00.39:798][  0]LogInit: Selected Device Profile: [Windows]
[2019.01.26-22.00.40:010][  0]LogSimplygon: Simplygon DLL not present - disabling.
[2019.01.26-22.00.40:025][  0]LogMeshReduction: Using SimplygonSwarm for distributed automatic mesh merging
[2019.01.26-22.00.40:026][  0]LogMeshReduction: Using ProxyLODMeshReduction for automatic mesh merging
[2019.01.26-22.00.40:026][  0]LogMeshReduction: Using QuadricMeshReduction for automatic static mesh reduction
[2019.01.26-22.00.40:026][  0]LogMeshReduction: No automatic skeletal mesh reduction module available
[2019.01.26-22.00.40:050][  0]LogNetVersion: GGJ2019 1.0.0, NetCL: 4212847, EngineNetVer: 5, GameNetVer: 0 (Checksum: 54619999)
[2019.01.26-22.00.41:134][  0]LogPackageLocalizationCache: Processed 11 localized package path(s) for 2 prioritized culture(s) in 0.470140 seconds
[2019.01.26-22.00.41:146][  0]LogUObjectArray: 38425 objects as part of root set at end of initial load.
[2019.01.26-22.00.41:146][  0]LogUObjectAllocator: 6690864 out of 0 bytes used by permanent object pool.
[2019.01.26-22.00.41:146][  0]LogUObjectArray: CloseDisregardForGC: 0/0 objects in disregard for GC pool
[2019.01.26-22.00.42:365][  0]LogTcpMessaging: Initializing TcpMessaging bridge
[2019.01.26-22.00.42:383][  0]LogUdpMessaging: Initializing bridge on interface 0.0.0.0:0 to multicast group 230.0.0.1:6666.
[2019.01.26-22.00.42:629][  0]SourceControl: Source control is disabled
[2019.01.26-22.00.42:629][  0]SourceControl: Source control is disabled
[2019.01.26-22.00.42:633][  0]SourceControl: Source control is disabled
[2019.01.26-22.00.42:637][  0]SourceControl: Source control is disabled
[2019.01.26-22.00.42:995][  0]LogAndroidPermission: UAndroidPermissionCallbackProxy::GetInstance
[2019.01.26-22.00.43:114][  0]LogOcInput: OculusInput pre-init called
[2019.01.26-22.00.43:189][  0]LogEngine: Initializing Engine...
[2019.01.26-22.00.43:191][  0]LogHMD: Failed to initialize OpenVR with code 110
[2019.01.26-22.00.43:192][  0]LogStats: UGameplayTagsManager::ConstructGameplayTagTree: ImportINI prefixes -  0.000 s
[2019.01.26-22.00.43:192][  0]LogStats: UGameplayTagsManager::ConstructGameplayTagTree: Construct from data asset -  0.000 s
[2019.01.26-22.00.43:192][  0]LogStats: UGameplayTagsManager::ConstructGameplayTagTree: ImportINI -  0.000 s
[2019.01.26-22.00.43:192][  0]LogStats: UGameplayTagsManager::ConstructGameplayTagTree: GameplayTagTreeChangedEvent.Broadcast -  0.000 s
[2019.01.26-22.00.43:485][  0]LogInit: Initializing FReadOnlyCVARCache
[2019.01.26-22.00.43:534][  0]LogAIModule: Creating AISystem for world Untitled
[2019.01.26-22.00.43:551][  0]LogInit: XAudio2 using 'Speakers (Realtek High Definition Audio)' : 2 channels at 48 kHz using 32 bits per sample (channel mask 0x3)
[2019.01.26-22.00.43:600][  0]LogInit: FAudioDevice initialized.
[2019.01.26-22.00.43:600][  0]LogNetVersion: Set ProjectVersion to 1.0.0.0. Version Checksum will be recalculated on next use.
[2019.01.26-22.00.43:696][  0]LogDerivedDataCache: Saved boot cache 0.10s 71MB C:/Users/p018236h.STUDENT/AppData/Local/UnrealEngine/4.20/DerivedDataCache/Boot.ddc.
[2019.01.26-22.00.43:723][  0]LogInit: Texture streaming: Enabled
[2019.01.26-22.00.43:762][  0]LogEngineSessionManager: EngineSessionManager initialized
[2019.01.26-22.00.43:762][  0]LogEngineSessionManager: EngineSessionManager sent abnormal shutdown report. Type=Debugger, SessionId={3B1BB237-4B71-FF24-2EEA-5DAEF1AD25B4}
[2019.01.26-22.00.43:779][  0]LogInit: Transaction tracking system initialized
[2019.01.26-22.00.43:836][  0]BlueprintLog: New page: Editor Load
[2019.01.26-22.00.44:033][  0]LocalizationService: Localization service is disabled
[2019.01.26-22.00.44:408][  0]LogCook: Display: Max memory allowance for cook 16384mb min free memory 0mb
[2019.01.26-22.00.44:408][  0]LogCook: Display: Mobile HDR setting 1
[2019.01.26-22.00.44:409][  0]LogGameplayTags: Display: UGameplayTagsManager::DoneAddingNativeTags. DelegateIsBound: 0
[2019.01.26-22.00.44:409][  0]LogStats: UGameplayTagsManager::ConstructGameplayTagTree: ImportINI prefixes -  0.000 s
[2019.01.26-22.00.44:409][  0]LogStats: UGameplayTagsManager::ConstructGameplayTagTree: Construct from data asset -  0.000 s
[2019.01.26-22.00.44:409][  0]LogStats: UGameplayTagsManager::ConstructGameplayTagTree: ImportINI -  0.000 s
[2019.01.26-22.00.44:409][  0]LogStats: UGameplayTagsManager::ConstructGameplayTagTree: GameplayTagTreeChangedEvent.Broadcast -  0.000 s
[2019.01.26-22.00.44:588][  0]LogFileCache: Scanning file cache for directory 'C:/Users/p018236h.STUDENT/Documents/GameJam/GGJ2019/GGJ2019/Content/' took 0.02s
[2019.01.26-22.00.44:667][  0]SourceControl: Source control is disabled
[2019.01.26-22.00.44:667][  0]Cmd: MAP LOAD FILE="../../../../../../Users/p018236h.STUDENT/Documents/GameJam/GGJ2019/GGJ2019/Content/GameLevel.umap" TEMPLATE=0 SHOWPROGRESS=1 FEATURELEVEL=3
[2019.01.26-22.00.44:668][  0]LightingResults: New page: Lighting Build
[2019.01.26-22.00.44:673][  0]MapCheck: New page: Map Check
[2019.01.26-22.00.44:673][  0]LightingResults: New page: Lighting Build
[2019.01.26-22.00.44:945][  0]LogAIModule: Creating AISystem for world GameLevel
[2019.01.26-22.00.44:958][  0]LogEditorServer: Finished looking for orphan Actors (0.000 secs)
[2019.01.26-22.00.44:982][  0]Cmd: MAP CHECKDEP NOCLEARLOG
[2019.01.26-22.00.45:195][  0]MapCheck: Map check complete: 0 Error(s), 0 Warning(s), took 212.712ms to complete.
[2019.01.26-22.00.45:195][  0]LogFileHelpers: Loading map 'GameLevel' took 0.528
[2019.01.26-22.00.45:371][  0]LogSlate: Updating window title bar state: overlay mode, drag disabled, window buttons hidden, title bar hidden
[2019.01.26-22.00.45:380][  0]LogSlate: Updating window title bar state: overlay mode, drag disabled, window buttons hidden, title bar hidden
[2019.01.26-22.00.45:388][  0]LogSlate: Updating window title bar state: overlay mode, drag disabled, window buttons hidden, title bar hidden
[2019.01.26-22.00.45:396][  0]LogSlate: Updating window title bar state: overlay mode, drag disabled, window buttons hidden, title bar hidden
[2019.01.26-22.00.45:410][  0]LogCollectionManager: Loaded 0 collections in 0.003900 seconds
[2019.01.26-22.00.45:473][  0]LogFileCache: Scanning file cache for directory 'C:/Users/p018236h.STUDENT/Documents/GameJam/GGJ2019/GGJ2019/Saved/Collections/' took 0.01s
[2019.01.26-22.00.45:473][  0]LogFileCache: Scanning file cache for directory 'C:/Users/p018236h.STUDENT/Documents/GameJam/GGJ2019/GGJ2019/Content/Developers/p018236h/Collections/' took 0.01s
[2019.01.26-22.00.45:473][  0]LogFileCache: Scanning file cache for directory 'C:/Users/p018236h.STUDENT/Documents/GameJam/GGJ2019/GGJ2019/Content/Collections/' took 0.01s
[2019.01.26-22.00.45:473][  0]LogCollectionManager: Rebuilt the GUID cache for 0 collections in 0.000000 seconds
[2019.01.26-22.00.45:502][  0]LogContentBrowser: Native class hierarchy populated in 0.0281 seconds. Added 2583 classes and 606 folders.
[2019.01.26-22.00.45:519][  0]LogContentBrowser: Native class hierarchy updated for 'WidgetCarousel' in 0.0006 seconds. Added 0 classes and 0 folders.
[2019.01.26-22.00.45:613][  0]LogContentBrowser: Native class hierarchy updated for 'AddContentDialog' in 0.0005 seconds. Added 0 classes and 0 folders.
[2019.01.26-22.00.45:623][  0]LogContentBrowser: Native class hierarchy updated for 'SceneOutliner' in 0.0005 seconds. Added 1 classes and 2 folders.
[2019.01.26-22.00.45:639][  0]LogSlate: Took 0.000299 seconds to synchronously load lazily loaded font '../../../Engine/Content/Slate/Fonts/Roboto-Regular.ttf' (155K)
[2019.01.26-22.00.45:642][  0]LogSlate: Took 0.000236 seconds to synchronously load lazily loaded font '../../../Engine/Content/Slate/Fonts/Roboto-Bold.ttf' (160K)
[2019.01.26-22.00.45:648][  0]LogSlate: Took 0.000301 seconds to synchronously load lazily loaded font '../../../Engine/Content/Editor/Slate/Fonts/FontAwesome.ttf' (139K)
[2019.01.26-22.00.45:733][  0]LogRenderer: Reallocating scene render targets to support 1208x576 Format 10 NumSamples 1 (Frame:1).
[2019.01.26-22.00.45:809][  0]LogSlate: Took 0.000225 seconds to synchronously load lazily loaded font '../../../Engine/Content/Slate/Fonts/Roboto-Light.ttf' (167K)
[2019.01.26-22.00.45:897][  0]LogContentBrowser: Native class hierarchy updated for 'HierarchicalLODOutliner' in 0.0005 seconds. Added 0 classes and 0 folders.
[2019.01.26-22.00.45:897][  0]LogLoad: (Engine Initialization) Total time: 13.98 seconds
[2019.01.26-22.00.45:897][  0]LogLoad: (Engine Initialization) Total Blueprint compile time: 0.00 seconds
[2019.01.26-22.00.45:910][  0]LogWindowsTextInputMethodSystem: Display: IME system now deactivated.
[2019.01.26-22.00.45:947][  0]LogContentStreaming: Texture pool size now 1000 MB
[2019.01.26-22.00.46:039][  1]LogFileCache: Retrieving MD5 hashes for directory 'C:/Users/p018236h.STUDENT/Documents/GameJam/GGJ2019/GGJ2019/Content/' took 0.11s
[2019.01.26-22.00.46:055][  1]LogAssetRegistry: Asset discovery search completed in 6.7387 seconds
[2019.01.26-22.00.46:056][  1]LogCollectionManager: Rebuilt the object cache for 0 collections in 0.000000 seconds (found 0 objects)
[2019.01.26-22.00.46:057][  1]LogCollectionManager: Fixed up redirectors for 0 collections in 0.000160 seconds (updated 0 objects)
[2019.01.26-22.01.47:100][276]LogSlate: FSceneViewport::OnFocusLost() reason 0
[2019.01.26-22.01.47:330][276]LogSlate: Took 0.000273 seconds to synchronously load lazily loaded font '../../../Engine/Content/Slate/Fonts/Roboto-Light.ttf' (167K)
[2019.01.26-22.01.47:456][276]LogAIModule: Creating AISystem for world REeeeeeeeeee
[2019.01.26-22.01.47:479][276]LogAssetEditorManager: Opening Asset editor for World /Game/REeeeeeeeeee.REeeeeeeeeee
[2019.01.26-22.01.47:524][276]Cmd: MAP LOAD FILE="../../../../../../Users/p018236h.STUDENT/Documents/GameJam/GGJ2019/GGJ2019/Content/REeeeeeeeeee.umap" TEMPLATE=0 SHOWPROGRESS=1 FEATURELEVEL=3
[2019.01.26-22.01.47:525][276]LightingResults: New page: Lighting Build
[2019.01.26-22.01.47:526][276]LoadErrors: New page: Loading map: REeeeeeeeeee.umap
[2019.01.26-22.01.47:527][276]MapCheck: New page: Map Check
[2019.01.26-22.01.47:528][276]LightingResults: New page: Lighting Build
[2019.01.26-22.01.47:562][276]LogEditorServer: Finished looking for orphan Actors (0.000 secs)
[2019.01.26-22.01.47:639][276]Cmd: MAP CHECKDEP NOCLEARLOG
[2019.01.26-22.01.47:854][276]MapCheck: Map check complete: 0 Error(s), 0 Warning(s), took 214.264ms to complete.
[2019.01.26-22.01.47:855][276]LogFileHelpers: Loading map 'REeeeeeeeeee' took 0.332
[2019.01.26-22.01.47:915][276]LogActor: Warning: Fridge_BP_Base_C /Engine/Transient.World_0:PersistentLevel.Fridge_BP_Base_C_0 has natively added scene component(s), but none of them were set as the actor's RootComponent - picking one arbitrarily
[2019.01.26-22.02.00:115][694]LogSlate: FSceneViewport::OnFocusLost() reason 2
[2019.01.26-22.02.00:700][742]LogActor: Warning: Pickup_BP_Food_C /Engine/Transient.World_1:PersistentLevel.Pickup_BP_Food_C_0 has natively added scene component(s), but none of them were set as the actor's RootComponent - picking one arbitrarily
[2019.01.26-22.02.00:724][743]LogActor: Warning: Pickup_BP_Weapon_C /Engine/Transient.World_3:PersistentLevel.Pickup_BP_Weapon_C_0 has natively added scene component(s), but none of them were set as the actor's RootComponent - picking one arbitrarily
[2019.01.26-22.02.01:527][827]LogAssetEditorManager: Opening Asset editor for LevelScriptBlueprint /Game/REeeeeeeeeee.REeeeeeeeeee:PersistentLevel.REeeeeeeeeee
[2019.01.26-22.02.02:023][827]LogContentBrowser: Native class hierarchy updated for 'BlueprintGraph' in 0.0009 seconds. Added 116 classes and 0 folders.
[2019.01.26-22.02.03:157][827]LogSlate: Took 0.000412 seconds to synchronously load lazily loaded font '../../../Engine/Content/Slate/Fonts/Roboto-BoldCondensed.ttf' (158K)
[2019.01.26-22.02.03:270][828]LogSlate: Took 0.000602 seconds to synchronously load lazily loaded font '../../../Engine/Content/Slate/Fonts/Roboto-Italic.ttf' (157K)
[2019.01.26-22.02.05:354][ 48]LogSlate: Window 'REeeeeeeeeee - Level Blueprint Editor' being destroyed
[2019.01.26-22.02.35:813][571]LogSlate: Prevented a slow task dialog from being summoned while a context menu was open
[2019.01.26-22.03.34:301][260]BlueprintLog: New page: Compile REeeeeeeeeee
[2019.01.26-22.03.40:462][972]LogTemp: Repeating last play command: Selected Viewport
[2019.01.26-22.03.40:487][972]LogBlueprintUserMessages: Early PlayInEditor Detection: Level '/Game/REeeeeeeeeee.REeeeeeeeeee:PersistentLevel' has LevelScriptBlueprint '/Game/REeeeeeeeeee.REeeeeeeeeee:PersistentLevel.REeeeeeeeeee' with GeneratedClass '/Game/REeeeeeeeeee.REeeeeeeeeee_C' with ClassGeneratedBy '/Game/REeeeeeeeeee.REeeeeeeeeee:PersistentLevel.REeeeeeeeeee'
[2019.01.26-22.03.40:488][972]LogPlayLevel: PlayLevel: No blueprints needed recompiling
[2019.01.26-22.03.40:501][972]PIE: New page: PIE session: REeeeeeeeeee (26 Jan 2019 22:03:40)
[2019.01.26-22.03.40:502][972]LogPlayLevel: Creating play world package: /Game/UEDPIE_0_REeeeeeeeeee
[2019.01.26-22.03.40:519][972]LogPlayLevel: PIE: StaticDuplicateObject took: (0.017600s)
[2019.01.26-22.03.40:521][972]LogAIModule: Creating AISystem for world REeeeeeeeeee
[2019.01.26-22.03.40:521][972]LogPlayLevel: PIE: World Init took: (0.001452s)
[2019.01.26-22.03.40:521][972]LogPlayLevel: PIE: Created PIE world by copying editor world from /Game/REeeeeeeeeee.REeeeeeeeeee to /Game/UEDPIE_0_REeeeeeeeeee.REeeeeeeeeee (0.019507s)
[2019.01.26-22.03.40:559][972]LogInit: XAudio2 using 'Speakers (Realtek High Definition Audio)' : 2 channels at 48 kHz using 32 bits per sample (channel mask 0x3)
[2019.01.26-22.03.40:576][972]LogInit: FAudioDevice initialized.
[2019.01.26-22.03.40:622][972]LogLoad: Game class is 'GGJ2019GM_C'
[2019.01.26-22.03.40:625][972]LogWorld: Bringing World /Game/UEDPIE_0_REeeeeeeeeee.REeeeeeeeeee up for play (max tick rate 0) at 2019.01.26-22.03.40
[2019.01.26-22.03.40:626][972]LogWorld: Bringing up level for play took: 0.002176
[2019.01.26-22.03.40:661][972]LogContentBrowser: Native class hierarchy updated for 'MovieSceneCapture' in 0.0010 seconds. Added 10 classes and 0 folders.
[2019.01.26-22.03.40:666][972]PIE: Play in editor start time for /Game/UEDPIE_0_REeeeeeeeeee -0.185
[2019.01.26-22.03.40:666][972]LogBlueprintUserMessages: Late PlayInEditor Detection: Level '/Game/REeeeeeeeeee.REeeeeeeeeee:PersistentLevel' has LevelScriptBlueprint '/Game/REeeeeeeeeee.REeeeeeeeeee:PersistentLevel.REeeeeeeeeee' with GeneratedClass '/Game/REeeeeeeeeee.REeeeeeeeeee_C' with ClassGeneratedBy '/Game/REeeeeeeeeee.REeeeeeeeeee:PersistentLevel.REeeeeeeeeee'
[2019.01.26-22.03.44:363][404]LogBlueprintUserMessages: Early EndPlayMap Detection: Level '/Game/REeeeeeeeeee.REeeeeeeeeee:PersistentLevel' has LevelScriptBlueprint '/Game/REeeeeeeeeee.REeeeeeeeeee:PersistentLevel.REeeeeeeeeee' with GeneratedClass '/Game/REeeeeeeeeee.REeeeeeeeeee_C' with ClassGeneratedBy '/Game/REeeeeeeeeee.REeeeeeeeeee:PersistentLevel.REeeeeeeeeee'
[2019.01.26-22.03.44:363][404]LogSlate: Updating window title bar state: overlay mode, drag disabled, window buttons hidden, title bar hidden
[2019.01.26-22.03.44:410][404]LogPlayLevel: Display: Shutting down PIE online subsystems
[2019.01.26-22.03.44:410][404]LogBlueprintUserMessages: Late EndPlayMap Detection: Level '/Game/REeeeeeeeeee.REeeeeeeeeee:PersistentLevel' has LevelScriptBlueprint '/Game/REeeeeeeeeee.REeeeeeeeeee:PersistentLevel.REeeeeeeeeee' with GeneratedClass '/Game/REeeeeeeeeee.REeeeeeeeeee_C' with ClassGeneratedBy '/Game/REeeeeeeeeee.REeeeeeeeeee:PersistentLevel.REeeeeeeeeee'
[2019.01.26-22.03.44:446][404]LogSlate: Updating window title bar state: overlay mode, drag disabled, window buttons hidden, title bar hidden
[2019.01.26-22.03.44:469][405]LogPlayLevel: Display: Destroying online subsystem :Context_6
[2019.01.26-22.03.45:216][493]LogSlate: FSceneViewport::OnFocusLost() reason 0
[2019.01.26-22.03.51:048][173]LogAssetEditorManager: Opening Asset editor for WidgetBlueprint /Game/Fridge_Widget.Fridge_Widget
[2019.01.26-22.04.03:231][111]LogSlate: Window 'Color Picker' being destroyed
[2019.01.26-22.04.50:361][140]BlueprintLog: New page: Compile Fridge_Widget
[2019.01.26-22.04.51:885][316]LogTemp: Repeating last play command: Selected Viewport
[2019.01.26-22.04.51:914][316]LogBlueprintUserMessages: Early PlayInEditor Detection: Level '/Game/REeeeeeeeeee.REeeeeeeeeee:PersistentLevel' has LevelScriptBlueprint '/Game/REeeeeeeeeee.REeeeeeeeeee:PersistentLevel.REeeeeeeeeee' with GeneratedClass '/Game/REeeeeeeeeee.REeeeeeeeeee_C' with ClassGeneratedBy '/Game/REeeeeeeeeee.REeeeeeeeeee:PersistentLevel.REeeeeeeeeee'
[2019.01.26-22.04.51:914][316]LogPlayLevel: PlayLevel: No blueprints needed recompiling
[2019.01.26-22.04.51:914][316]PIE: New page: PIE session: REeeeeeeeeee (26 Jan 2019 22:04:51)
[2019.01.26-22.04.51:915][316]LogPlayLevel: Creating play world package: /Game/UEDPIE_0_REeeeeeeeeee
[2019.01.26-22.04.51:932][316]LogPlayLevel: PIE: StaticDuplicateObject took: (0.017453s)
[2019.01.26-22.04.51:933][316]LogAIModule: Creating AISystem for world REeeeeeeeeee
[2019.01.26-22.04.51:933][316]LogPlayLevel: PIE: World Init took: (0.000848s)
[2019.01.26-22.04.51:933][316]LogPlayLevel: PIE: Created PIE world by copying editor world from /Game/REeeeeeeeeee.REeeeeeeeeee to /Game/UEDPIE_0_REeeeeeeeeee.REeeeeeeeeee (0.018680s)
[2019.01.26-22.04.51:969][316]LogInit: XAudio2 using 'Speakers (Realtek High Definition Audio)' : 2 channels at 48 kHz using 32 bits per sample (channel mask 0x3)
[2019.01.26-22.04.51:984][316]LogInit: FAudioDevice initialized.
[2019.01.26-22.04.52:024][316]LogLoad: Game class is 'GGJ2019GM_C'
[2019.01.26-22.04.52:029][316]LogWorld: Bringing World /Game/UEDPIE_0_REeeeeeeeeee.REeeeeeeeeee up for play (max tick rate 0) at 2019.01.26-22.04.52
[2019.01.26-22.04.52:030][316]LogWorld: Bringing up level for play took: 0.004512
[2019.01.26-22.04.52:050][316]PIE: Play in editor start time for /Game/UEDPIE_0_REeeeeeeeeee -0.8
[2019.01.26-22.04.52:050][316]LogBlueprintUserMessages: Late PlayInEditor Detection: Level '/Game/REeeeeeeeeee.REeeeeeeeeee:PersistentLevel' has LevelScriptBlueprint '/Game/REeeeeeeeeee.REeeeeeeeeee:PersistentLevel.REeeeeeeeeee' with GeneratedClass '/Game/REeeeeeeeeee.REeeeeeeeeee_C' with ClassGeneratedBy '/Game/REeeeeeeeeee.REeeeeeeeeee:PersistentLevel.REeeeeeeeeee'
[2019.01.26-22.04.53:150][440]LogBlueprintUserMessages: Early EndPlayMap Detection: Level '/Game/REeeeeeeeeee.REeeeeeeeeee:PersistentLevel' has LevelScriptBlueprint '/Game/REeeeeeeeeee.REeeeeeeeeee:PersistentLevel.REeeeeeeeeee' with GeneratedClass '/Game/REeeeeeeeeee.REeeeeeeeeee_C' with ClassGeneratedBy '/Game/REeeeeeeeeee.REeeeeeeeeee:PersistentLevel.REeeeeeeeeee'
[2019.01.26-22.04.53:151][440]LogSlate: Updating window title bar state: overlay mode, drag disabled, window buttons hidden, title bar hidden
[2019.01.26-22.04.53:196][440]LogPlayLevel: Display: Shutting down PIE online subsystems
[2019.01.26-22.04.53:196][440]LogBlueprintUserMessages: Late EndPlayMap Detection: Level '/Game/REeeeeeeeeee.REeeeeeeeeee:PersistentLevel' has LevelScriptBlueprint '/Game/REeeeeeeeeee.REeeeeeeeeee:PersistentLevel.REeeeeeeeeee' with GeneratedClass '/Game/REeeeeeeeeee.REeeeeeeeeee_C' with ClassGeneratedBy '/Game/REeeeeeeeeee.REeeeeeeeeee:PersistentLevel.REeeeeeeeeee'
[2019.01.26-22.04.53:252][440]LogSlate: Updating window title bar state: overlay mode, drag disabled, window buttons hidden, title bar hidden
[2019.01.26-22.04.53:277][441]LogPlayLevel: Display: Destroying online subsystem :Context_9
[2019.01.26-22.04.54:053][533]LogSlate: FSceneViewport::OnFocusLost() reason 0
[2019.01.26-22.04.55:295][680]Cmd: OBJ SAVEPACKAGE PACKAGE="/Game/Fridge_Widget" FILE="../../../../../../Users/p018236h.STUDENT/Documents/GameJam/GGJ2019/GGJ2019/Content/Fridge_Widget.uasset" SILENT=true
[2019.01.26-22.04.55:376][680]LogSavePackage: Moving '../../../../../../Users/p018236h.STUDENT/Documents/GameJam/GGJ2019/GGJ2019/Saved/Fridge_WidgetA722E7604AF27189A080EB969744CEBB.tmp' to '../../../../../../Users/p018236h.STUDENT/Documents/GameJam/GGJ2019/GGJ2019/Content/Fridge_Widget.uasset'
[2019.01.26-22.05.45:441][100]BlueprintLog: New page: Compile Fridge_Widget
[2019.01.26-22.06.31:327][414]LogSlate: Window 'Color Picker' being destroyed
[2019.01.26-22.06.33:064][621]LogTemp: Repeating last play command: Selected Viewport
[2019.01.26-22.06.33:113][621]LogBlueprintUserMessages: Early PlayInEditor Detection: Level '/Game/REeeeeeeeeee.REeeeeeeeeee:PersistentLevel' has LevelScriptBlueprint '/Game/REeeeeeeeeee.REeeeeeeeeee:PersistentLevel.REeeeeeeeeee' with GeneratedClass '/Game/REeeeeeeeeee.REeeeeeeeeee_C' with ClassGeneratedBy '/Game/REeeeeeeeeee.REeeeeeeeeee:PersistentLevel.REeeeeeeeeee'
[2019.01.26-22.06.33:114][621]BlueprintLog: New page: Pre-Play auto-recompile
[2019.01.26-22.06.33:116][621]LogPlayLevel: [PlayLevel] Compiling Fridge_Widget before play...
[2019.01.26-22.06.33:284][621]LogPlayLevel: PlayLevel: Blueprint regeneration took 169 ms (1 blueprints)
[2019.01.26-22.06.33:284][621]PIE: New page: PIE session: REeeeeeeeeee (26 Jan 2019 22:06:33)
[2019.01.26-22.06.33:284][621]LogPlayLevel: Creating play world package: /Game/UEDPIE_0_REeeeeeeeeee
[2019.01.26-22.06.33:303][621]LogPlayLevel: PIE: StaticDuplicateObject took: (0.018605s)
[2019.01.26-22.06.33:303][621]LogAIModule: Creating AISystem for world REeeeeeeeeee
[2019.01.26-22.06.33:304][621]LogPlayLevel: PIE: World Init took: (0.000902s)
[2019.01.26-22.06.33:304][621]LogPlayLevel: PIE: Created PIE world by copying editor world from /Game/REeeeeeeeeee.REeeeeeeeeee to /Game/UEDPIE_0_REeeeeeeeeee.REeeeeeeeeee (0.019936s)
[2019.01.26-22.06.33:337][621]LogInit: XAudio2 using 'Speakers (Realtek High Definition Audio)' : 2 channels at 48 kHz using 32 bits per sample (channel mask 0x3)
[2019.01.26-22.06.33:352][621]LogInit: FAudioDevice initialized.
[2019.01.26-22.06.33:363][621]LogSlate: Updating window title bar state: overlay mode, drag disabled, window buttons hidden, title bar hidden
[2019.01.26-22.06.33:410][621]LogLoad: Game class is 'GGJ2019GM_C'
[2019.01.26-22.06.33:413][621]LogWorld: Bringing World /Game/UEDPIE_0_REeeeeeeeeee.REeeeeeeeeee up for play (max tick rate 0) at 2019.01.26-22.06.33
[2019.01.26-22.06.33:413][621]LogWorld: Bringing up level for play took: 0.001828
[2019.01.26-22.06.33:429][621]PIE: Play in editor start time for /Game/UEDPIE_0_REeeeeeeeeee 0.58
[2019.01.26-22.06.33:430][621]LogBlueprintUserMessages: Late PlayInEditor Detection: Level '/Game/REeeeeeeeeee.REeeeeeeeeee:PersistentLevel' has LevelScriptBlueprint '/Game/REeeeeeeeeee.REeeeeeeeeee:PersistentLevel.REeeeeeeeeee' with GeneratedClass '/Game/REeeeeeeeeee.REeeeeeeeeee_C' with ClassGeneratedBy '/Game/REeeeeeeeeee.REeeeeeeeeee:PersistentLevel.REeeeeeeeeee'
[2019.01.26-22.06.33:482][621]LogRenderer: Reallocating scene render targets to support 1292x756 Format 10 NumSamples 1 (Frame:1).
[2019.01.26-22.06.33:545][622]LogCharacterMovement: Warning: GetSimulationTimeStep() - Max iterations 8 hit while remaining time 0.071226 > MaxSimulationTimeStep (0.050) for 'Player_BP_Base_C_0', movement 'Walking'
[2019.01.26-22.06.37:824][131]LogBlueprintUserMessages: Early EndPlayMap Detection: Level '/Game/REeeeeeeeeee.REeeeeeeeeee:PersistentLevel' has LevelScriptBlueprint '/Game/REeeeeeeeeee.REeeeeeeeeee:PersistentLevel.REeeeeeeeeee' with GeneratedClass '/Game/REeeeeeeeeee.REeeeeeeeeee_C' with ClassGeneratedBy '/Game/REeeeeeeeeee.REeeeeeeeeee:PersistentLevel.REeeeeeeeeee'
[2019.01.26-22.06.37:824][131]LogSlate: Updating window title bar state: overlay mode, drag disabled, window buttons hidden, title bar hidden
[2019.01.26-22.06.37:852][131]LogSlate: Window 'GGJ2019 Game Preview Standalone (64-bit/PCD3D_SM5)' being destroyed
[2019.01.26-22.06.37:888][131]LogPlayLevel: Display: Shutting down PIE online subsystems
[2019.01.26-22.06.37:888][131]LogBlueprintUserMessages: Late EndPlayMap Detection: Level '/Game/REeeeeeeeeee.REeeeeeeeeee:PersistentLevel' has LevelScriptBlueprint '/Game/REeeeeeeeeee.REeeeeeeeeee:PersistentLevel.REeeeeeeeeee' with GeneratedClass '/Game/REeeeeeeeeee.REeeeeeeeeee_C' with ClassGeneratedBy '/Game/REeeeeeeeeee.REeeeeeeeeee:PersistentLevel.REeeeeeeeeee'
[2019.01.26-22.06.37:933][132]LogPlayLevel: Display: Destroying online subsystem :Context_10
[2019.01.26-22.06.39:699][342]Cmd: OBJ SAVEPACKAGE PACKAGE="/Game/Fridge_Widget" FILE="../../../../../../Users/p018236h.STUDENT/Documents/GameJam/GGJ2019/GGJ2019/Content/Fridge_Widget.uasset" SILENT=true
[2019.01.26-22.06.39:810][342]LogSavePackage: Moving '../../../../../../Users/p018236h.STUDENT/Documents/GameJam/GGJ2019/GGJ2019/Saved/Fridge_WidgetB0D8F28F488EA84E5DC46D8DE5CC24D0.tmp' to '../../../../../../Users/p018236h.STUDENT/Documents/GameJam/GGJ2019/GGJ2019/Content/Fridge_Widget.uasset'
[2019.01.26-22.06.48:117][315]LogSlate: FSceneViewport::OnFocusLost() reason 0
[2019.01.26-22.06.55:913][184]LogEditorViewport: Clicking on Actor (LMB): BP_Sky_Sphere_C (BP_Sky_Sphere)
[2019.01.26-22.07.00:780][685]LogSlate: FSceneViewport::OnFocusLost() reason 0
[2019.01.26-22.07.04:187][ 55]LogSlate: FSceneViewport::OnFocusLost() reason 0
[2019.01.26-22.07.05:868][230]LogSlate: FSceneViewport::OnFocusLost() reason 0
[2019.01.26-22.07.08:790][555]LogEditorViewport: Clicking on Actor (LMB): Enemy_BP_Base_C (Enemy_BP_Base)
[2019.01.26-22.07.09:570][643]Cmd: DELETE
[2019.01.26-22.07.09:571][643]Cmd: ACTOR DELETE
[2019.01.26-22.07.09:577][643]LogEditorActor: Deleted Actor: Enemy_BP_Base_C
[2019.01.26-22.07.09:610][643]LogEditorActor: Deleted 1 Actors (0.039 secs)
[2019.01.26-22.07.12:822][985]LogSlate: FSceneViewport::OnFocusLost() reason 0
[2019.01.26-22.07.20:054][810]LogSlate: FSceneViewport::OnFocusLost() reason 0
[2019.01.26-22.07.23:939][250]LogSlate: FSceneViewport::OnFocusLost() reason 0
