Log file open, 01/26/19 11:17:26
LogWindows: Failed to load 'aqProf.dll' (GetLastError=126)
LogWindows: File 'aqProf.dll' does not exist
LogWindows: Failed to load 'VSPerf140.dll' (GetLastError=126)
LogWindows: File 'VSPerf140.dll' does not exist
LogWindows: Failed to load 'VtuneApi.dll' (GetLastError=126)
LogWindows: File 'VtuneApi.dll' does not exist
LogWindows: Failed to load 'VtuneApi32e.dll' (GetLastError=126)
LogWindows: File 'VtuneApi32e.dll' does not exist
LogInit: Display: Running engine for game: GGJ2019
LogPlatformFile: Not using cached read wrapper
LogTaskGraph: Started task graph with 5 named threads and 23 total threads with 3 sets of task threads.
LogStats: Stats thread started at 0.418417
LogD3D11RHI: Loaded GFSDK_Aftermath_Lib.x64.dll
LogICUInternationalization: Display: ICU TimeZone Detection - Raw Offset: +0:00, Platform Override: ''
LogPluginManager: Mounting plugin Paper2D
LogPluginManager: Mounting plugin AISupport
LogPluginManager: Mounting plugin LightPropagationVolume
LogPluginManager: Mounting plugin CLionSourceCodeAccess
LogPluginManager: Mounting plugin CodeLiteSourceCodeAccess
LogPluginManager: Mounting plugin GitSourceControl
LogPluginManager: Mounting plugin KDevelopSourceCodeAccess
LogPluginManager: Mounting plugin NullSourceCodeAccess
LogPluginManager: Mounting plugin PerforceSourceControl
LogPluginManager: Mounting plugin SubversionSourceControl
LogPluginManager: Mounting plugin UObjectPlugin
LogPluginManager: Mounting plugin VisualStudioCodeSourceCodeAccess
LogPluginManager: Mounting plugin VisualStudioSourceCodeAccess
LogPluginManager: Mounting plugin XCodeSourceCodeAccess
LogPluginManager: Mounting plugin AssetManagerEditor
LogPluginManager: Mounting plugin CryptoKeys
LogPluginManager: Mounting plugin DataValidation
LogPluginManager: Mounting plugin FacialAnimation
LogPluginManager: Mounting plugin GameplayTagsEditor
LogPluginManager: Mounting plugin MacGraphicsSwitching
LogPluginManager: Mounting plugin MeshEditor
LogPluginManager: Mounting plugin MobileLauncherProfileWizard
LogPluginManager: Mounting plugin PluginBrowser
LogPluginManager: Mounting plugin SpeedTreeImporter
LogPluginManager: Mounting plugin DatasmithContent
LogPluginManager: Mounting plugin AlembicImporter
LogPluginManager: Mounting plugin AppleImageUtils
LogPluginManager: Mounting plugin AppleVision
LogPluginManager: Mounting plugin BackChannel
LogPluginManager: Mounting plugin CharacterAI
LogPluginManager: Mounting plugin GeometryCache
LogPluginManager: Mounting plugin HTML5Networking
LogPluginManager: Mounting plugin ProxyLODPlugin
LogPluginManager: Mounting plugin MagicLeap
LogPluginManager: Mounting plugin MagicLeapEmulator
LogPluginManager: Mounting plugin MagicLeapMedia
LogPluginManager: Mounting plugin AndroidMedia
LogPluginManager: Mounting plugin AvfMedia
LogPluginManager: Mounting plugin ImgMedia
LogPluginManager: Mounting plugin LinearTimecode
LogPluginManager: Mounting plugin MediaCompositing
LogPluginManager: Mounting plugin MediaPlayerEditor
LogPluginManager: Mounting plugin WmfMedia
LogPluginManager: Mounting plugin TcpMessaging
LogPluginManager: Mounting plugin UdpMessaging
LogPluginManager: Mounting plugin ActorSequence
LogPluginManager: Mounting plugin LevelSequenceEditor
LogPluginManager: Mounting plugin MatineeToLevelSequence
LogPluginManager: Mounting plugin NetcodeUnitTest
LogPluginManager: Mounting plugin NUTUnrealEngine4
LogPluginManager: Mounting plugin OnlineSubsystemGooglePlay
LogPluginManager: Mounting plugin OnlineSubsystemIOS
LogPluginManager: Mounting plugin OnlineSubsystem
LogPluginManager: Mounting plugin OnlineSubsystemNull
LogPluginManager: Mounting plugin OnlineSubsystemUtils
LogPluginManager: Mounting plugin LauncherChunkInstaller
LogPluginManager: Mounting plugin AndroidDeviceProfileSelector
LogPluginManager: Mounting plugin AndroidMoviePlayer
LogPluginManager: Mounting plugin AndroidPermission
LogPluginManager: Mounting plugin AppleMoviePlayer
LogPluginManager: Mounting plugin ArchVisCharacter
LogPluginManager: Mounting plugin AudioCapture
LogPluginManager: Mounting plugin CableComponent
LogPluginManager: Mounting plugin CustomMeshComponent
LogPluginManager: Mounting plugin EditableMesh
LogPluginManager: Mounting plugin ExampleDeviceProfileSelector
LogPluginManager: Mounting plugin GoogleCloudMessaging
LogPluginManager: Mounting plugin ImmediatePhysics
LogPluginManager: Mounting plugin IOSDeviceProfileSelector
LogPluginManager: Mounting plugin LinuxDeviceProfileSelector
LogPluginManager: Mounting plugin LocationServicesBPLibrary
LogPluginManager: Mounting plugin MobilePatchingUtils
LogPluginManager: Mounting plugin OculusVR
LogPluginManager: Plugin shader directory ../../../Engine/Plugins/Runtime/Oculus/OculusVR/Shaders found
LogPluginManager: Mapping shader source directory ../../../Engine/Plugins/Runtime/Oculus/OculusVR/Shaders to virtual directory /Plugin/OculusVR
LogPluginManager: Mounting plugin PhysXVehicles
LogPluginManager: Mounting plugin ProceduralMeshComponent
LogPluginManager: Mounting plugin RuntimePhysXCooking
LogPluginManager: Mounting plugin SteamVR
LogPluginManager: Mounting plugin WindowsMoviePlayer
LogStreaming: Display: Took  0.290s to configure plugins.
LogInit: Using libcurl 7.55.1-DEV
LogInit:  - built for x86_64-pc-win32
LogInit:  - supports SSL with OpenSSL/1.0.2h
LogInit:  - supports HTTP deflate (compression) using libz 1.2.8
LogInit:  - other features:
LogInit:      CURL_VERSION_SSL
LogInit:      CURL_VERSION_LIBZ
LogInit:      CURL_VERSION_IPV6
LogInit:      CURL_VERSION_ASYNCHDNS
LogInit:      CURL_VERSION_LARGEFILE
LogInit:      CURL_VERSION_IDN
LogInit:  CurlRequestOptions (configurable via config and command line):
LogInit:  - bVerifyPeer = false  - Libcurl will NOT verify peer certificate
LogInit:  - bUseHttpProxy = false  - Libcurl will NOT use HTTP proxy
LogInit:  - bDontReuseConnections = false  - Libcurl will reuse connections
LogInit:  - CertBundlePath = nullptr  - Libcurl will use whatever was configured at build time.
LogInit:  - MaxHostConnections = 16  - Libcurl will limit the number of connections to a host
LogInit:  - LocalHostAddr = Default
LogInit:  - BufferSize = 65536
LogInit: WinSock: version 1.1 (2.2), MaxSocks=32767, MaxUdp=65467
LogInit: Build: ++UE4+Release-4.20-CL-4369336
LogInit: Engine Version: 4.20.3-4369336+++UE4+Release-4.20
LogInit: Compatible Engine Version: 4.20.0-4212847+++UE4+Release-4.20
LogInit: Net CL: 4212847
LogInit: OS: Windows 10 (), CPU: Intel(R) Xeon(R) CPU E5-1620 v3 @ 3.50GHz, GPU: NVIDIA GeForce GTX 970
LogInit: Compiled (64-bit): Sep 17 2018 12:26:19
LogInit: Compiled with Visual C++: 19.13.26129.00
LogInit: Build Configuration: Development
LogInit: Branch Name: ++UE4+Release-4.20
LogInit: Command Line:  -skipcompile
LogInit: Base Directory: C:/Epic/UE4/UE_4.20/Engine/Binaries/Win64/
LogInit: Installed Engine Build: 1
LogDevObjectVersion: Number of dev versions registered: 20
LogDevObjectVersion:   Dev-Blueprints (B0D832E4-1F89-4F0D-ACCF-7EB736FD4AA2): 10
LogDevObjectVersion:   Dev-Build (E1C64328-A22C-4D53-A36C-8E866417BD8C): 0
LogDevObjectVersion:   Dev-Core (375EC13C-06E4-48FB-B500-84F0262A717E): 2
LogDevObjectVersion:   Dev-Editor (E4B068ED-F494-42E9-A231-DA0B2E46BB41): 24
LogDevObjectVersion:   Dev-Framework (CFFC743F-43B0-4480-9391-14DF171D2073): 34
LogDevObjectVersion:   Dev-Mobile (B02B49B5-BB20-44E9-A304-32B752E40360): 2
LogDevObjectVersion:   Dev-Networking (A4E4105C-59A1-49B5-A7C5-40C4547EDFEE): 0
LogDevObjectVersion:   Dev-Online (39C831C9-5AE6-47DC-9A44-9C173E1C8E7C): 0
LogDevObjectVersion:   Dev-Physics (78F01B33-EBEA-4F98-B9B4-84EACCB95AA2): 0
LogDevObjectVersion:   Dev-Platform (6631380F-2D4D-43E0-8009-CF276956A95A): 0
LogDevObjectVersion:   Dev-Rendering (12F88B9F-8875-4AFC-A67C-D90C383ABD29): 26
LogDevObjectVersion:   Dev-Sequencer (7B5AE74C-D270-4C10-A958-57980B212A5A): 9
LogDevObjectVersion:   Dev-VR (D7296918-1DD6-4BDD-9DE2-64A83CC13884): 2
LogDevObjectVersion:   Dev-LoadTimes (C2A15278-BFE7-4AFE-6C17-90FF531DF755): 1
LogDevObjectVersion:   Private-Geometry (6EACA3D4-40EC-4CC1-B786-8BED09428FC5): 3
LogDevObjectVersion:   Dev-AnimPhys (29E575DD-E0A3-4627-9D10-D276232CDCEA): 17
LogDevObjectVersion:   Dev-ReflectionCapture (6B266CEC-1EC7-4B8F-A30B-E4D90942FC07): 1
LogDevObjectVersion:   Dev-Automation (0DF73D61-A23F-47EA-B727-89E90C41499A): 1
LogDevObjectVersion:   FortniteMain (601D1886-AC64-4F84-AA16-D3DE0DEAC7D6): 12
LogDevObjectVersion:   Dev-Enterprise (9DFFBCD6-494F-0158-E221-12823C92A888): 1
LogStreaming: Display: Took  0.010s to delete old logs.
LogInit: Presizing for max 8388607 objects, including 0 objects not considered by GC, pre-allocating 0 bytes for permanent pool.
LogInit: Object subsystem initialized
[2019.01.26-11.17.26:862][  0]LogInit: Selected Device Profile: [Windows]
[2019.01.26-11.17.26:862][  0]LogInit: Applying CVar settings loaded from the selected device profile: [Windows]
[2019.01.26-11.17.26:908][  0]LogHAL: Display: Platform has ~ 16 GB [17092038656 / 17179869184 / 16], which maps to Larger [LargestMinGB=32, LargerMinGB=12, DefaultMinGB=8, SmallerMinGB=6, SmallestMinGB=0)
[2019.01.26-11.17.26:909][  0]LogInit: Setting Device Profile CVar: [[r.Vulkan.UseRealUBs:1]]
[2019.01.26-11.17.26:909][  0]LogInit: Going up to parent DeviceProfile []
[2019.01.26-11.17.26:910][  0]LogInit: Computer: C115-12
[2019.01.26-11.17.26:910][  0]LogInit: User: h017026h
[2019.01.26-11.17.26:910][  0]LogInit: CPU Page size=4096, Cores=4
[2019.01.26-11.17.26:910][  0]LogInit: High frequency timer resolution =3.410072 MHz
[2019.01.26-11.17.26:910][  0]LogMemory: Memory total: Physical=15.9GB (16GB approx)
[2019.01.26-11.17.26:911][  0]LogMemory: Platform Memory Stats for Windows
[2019.01.26-11.17.26:911][  0]LogMemory: Process Physical Memory: 102.14 MB used, 102.14 MB peak
[2019.01.26-11.17.26:911][  0]LogMemory: Process Virtual Memory: 96.43 MB used, 96.43 MB peak
[2019.01.26-11.17.26:911][  0]LogMemory: Physical Memory: 6558.59 MB used,  9741.65 MB free, 16300.24 MB total
[2019.01.26-11.17.26:911][  0]LogMemory: Virtual Memory: 4645.85 MB used,  9741.65 MB free, 134217728.00 MB total
[2019.01.26-11.17.27:146][  0]LogInit: Using OS detected language (en-US).
[2019.01.26-11.17.27:146][  0]LogInit: Using OS detected locale (en-GB).
[2019.01.26-11.17.27:149][  0]LogTextLocalizationManager: No specific localization for 'en-US' exists, so the 'en' localization will be used.
[2019.01.26-11.17.27:610][  0]LogStreaming: Display: Took  0.464s to InitEngineTextLocalization.
[2019.01.26-11.17.27:611][  0]LogInit: Setting process to per monitor DPI aware
[2019.01.26-11.17.27:700][  0]LogSlate: New Slate User Created.  User Index 0, Is Virtual User: 0
[2019.01.26-11.17.27:700][  0]LogSlate: Slate User Registered.  User Index 0, Is Virtual User: 0
[2019.01.26-11.17.28:045][  0]LogHMD: Failed to initialize OpenVR with code 110
[2019.01.26-11.17.28:045][  0]LogD3D11RHI: D3D11 adapters:
[2019.01.26-11.17.28:178][  0]LogD3D11RHI:    0. 'NVIDIA GeForce GTX 970' (Feature Level 11_0)
[2019.01.26-11.17.28:178][  0]LogD3D11RHI:       4043/0/8150 MB DedicatedVideo/DedicatedSystem/SharedSystem, Outputs:2, VendorId:0x10de
[2019.01.26-11.17.28:185][  0]LogD3D11RHI:    1. 'Microsoft Basic Render Driver' (Feature Level 11_0)
[2019.01.26-11.17.28:185][  0]LogD3D11RHI:       0/0/8150 MB DedicatedVideo/DedicatedSystem/SharedSystem, Outputs:0, VendorId:0x1414
[2019.01.26-11.17.28:185][  0]LogD3D11RHI: Chosen D3D11 Adapter: 0
[2019.01.26-11.17.28:194][  0]LogD3D11RHI: Creating new Direct3DDevice
[2019.01.26-11.17.28:194][  0]LogD3D11RHI:     GPU DeviceId: 0x13c2 (for the marketing name, search the web for "GPU Device Id")
[2019.01.26-11.17.28:194][  0]LogWindows: EnumDisplayDevices:
[2019.01.26-11.17.28:194][  0]LogWindows:    0. 'NVIDIA GeForce GTX 970' (P:1 D:1)
[2019.01.26-11.17.28:195][  0]LogWindows:    1. 'NVIDIA GeForce GTX 970' (P:0 D:1)
[2019.01.26-11.17.28:195][  0]LogWindows:    2. 'NVIDIA GeForce GTX 970' (P:0 D:0)
[2019.01.26-11.17.28:196][  0]LogWindows:    3. 'NVIDIA GeForce GTX 970' (P:0 D:0)
[2019.01.26-11.17.28:196][  0]LogWindows: DebugString: FoundDriverCount:4 
[2019.01.26-11.17.28:196][  0]LogD3D11RHI:     Adapter Name: NVIDIA GeForce GTX 970
[2019.01.26-11.17.28:196][  0]LogD3D11RHI:   Driver Version: 398.82 (internal:24.21.13.9882, unified:398.82)
[2019.01.26-11.17.28:196][  0]LogD3D11RHI:      Driver Date: 7-30-2018
[2019.01.26-11.17.28:196][  0]LogRHI: Texture pool is 2830 MB (70% of 4043 MB)
[2019.01.26-11.17.28:251][  0]LogD3D11RHI: Async texture creation enabled
[2019.01.26-11.17.28:270][  0]LogD3D11RHI: GPU Timing Frequency: 1000.000000 (Debug: 2 2)
[2019.01.26-11.17.28:315][  0]LogShaderCompilers: Guid format shader working directory is -20 characters bigger than the processId version (../../../../../../Users/h017026h/Documents/Game Jame/GGJ2019/GGJ2019/Intermediate/Shaders/WorkingDirectory/13740/).
[2019.01.26-11.17.28:316][  0]LogShaderCompilers: Cleaned the shader compiler working directory 'C:/Users/h017026h/AppData/Local/Temp/UnrealShaderWorkingDir/B62BE4DE4A4E02D8CF2FFA8C765F3386/'.
[2019.01.26-11.17.28:681][  0]LogTemp: Display: Loaded TP AllDesktopTargetPlatform
[2019.01.26-11.17.28:699][  0]LogTemp: Display: Loaded TP MacClientTargetPlatform
[2019.01.26-11.17.28:719][  0]LogTemp: Display: Loaded TP MacNoEditorTargetPlatform
[2019.01.26-11.17.28:739][  0]LogTemp: Display: Loaded TP MacServerTargetPlatform
[2019.01.26-11.17.28:759][  0]LogTemp: Display: Loaded TP MacTargetPlatform
[2019.01.26-11.17.28:779][  0]LogTemp: Display: Loaded TP WindowsClientTargetPlatform
[2019.01.26-11.17.28:798][  0]LogTemp: Display: Loaded TP WindowsNoEditorTargetPlatform
[2019.01.26-11.17.28:817][  0]LogTemp: Display: Loaded TP WindowsServerTargetPlatform
[2019.01.26-11.17.28:828][  0]LogTemp: Display: Loaded TP WindowsTargetPlatform
[2019.01.26-11.17.28:940][  0]LogTemp: Display: Loaded TP AndroidTargetPlatform
[2019.01.26-11.17.28:941][  0]LogTemp: Display: Loaded TP AndroidTargetPlatform
[2019.01.26-11.17.28:941][  0]LogTemp: Display: Loaded TP AndroidTargetPlatform
[2019.01.26-11.17.28:941][  0]LogTemp: Display: Loaded TP AndroidTargetPlatform
[2019.01.26-11.17.28:941][  0]LogTemp: Display: Loaded TP AndroidTargetPlatform
[2019.01.26-11.17.28:941][  0]LogTemp: Display: Loaded TP AndroidTargetPlatform
[2019.01.26-11.17.28:941][  0]LogTemp: Display: Loaded TP AndroidTargetPlatform
[2019.01.26-11.17.28:941][  0]LogTemp: Display: Loaded TP AndroidTargetPlatform
[2019.01.26-11.17.28:941][  0]LogTemp: Display: Loaded TP AndroidTargetPlatform
[2019.01.26-11.17.28:941][  0]LogTemp: Display: Loaded TP AndroidTargetPlatform
[2019.01.26-11.17.28:941][  0]LogTemp: Display: Loaded TP AndroidTargetPlatform
[2019.01.26-11.17.28:941][  0]LogTemp: Display: Loaded TP AndroidTargetPlatform
[2019.01.26-11.17.28:941][  0]LogTemp: Display: Loaded TP AndroidTargetPlatform
[2019.01.26-11.17.28:941][  0]LogTemp: Display: Loaded TP AndroidTargetPlatform
[2019.01.26-11.17.28:941][  0]LogTemp: Display: Loaded TP AndroidTargetPlatform
[2019.01.26-11.17.28:942][  0]LogTemp: Display: Loaded TP AndroidTargetPlatform
[2019.01.26-11.17.28:942][  0]LogTemp: Display: Loaded TP AndroidTargetPlatform
[2019.01.26-11.17.28:942][  0]LogTemp: Display: Loaded TP AndroidTargetPlatform
[2019.01.26-11.17.28:949][  0]LogTemp: Display: Loaded TP HTML5TargetPlatform
[2019.01.26-11.17.29:034][  0]LogTemp: Display: Loaded TP IOSTargetPlatform
[2019.01.26-11.17.29:034][  0]LogTemp: Display: Loaded TP IOSTargetPlatform
[2019.01.26-11.17.29:063][  0]LogTemp: Display: Loaded TP TVOSTargetPlatform
[2019.01.26-11.17.29:063][  0]LogTemp: Display: Loaded TP TVOSTargetPlatform
[2019.01.26-11.17.29:080][  0]LogTemp: Display: Loaded TP LinuxClientTargetPlatform
[2019.01.26-11.17.29:097][  0]LogTemp: Display: Loaded TP LinuxNoEditorTargetPlatform
[2019.01.26-11.17.29:114][  0]LogTemp: Display: Loaded TP LinuxServerTargetPlatform
[2019.01.26-11.17.29:135][  0]LogTemp: Display: Loaded TP LinuxTargetPlatform
[2019.01.26-11.17.29:151][  0]LogTemp: Display: Loaded TP LuminTargetPlatform
[2019.01.26-11.17.29:151][  0]LogTargetPlatformManager: Display: Building Assets For Windows
[2019.01.26-11.17.29:330][  0]LogXGEController: Cleaning working directory: C:/Users/h017026h/AppData/Local/Temp/UnrealXGEWorkingDir/
[2019.01.26-11.17.29:330][  0]LogXGEController: Cannot use XGE Controller as Incredibuild is not installed on this machine.
[2019.01.26-11.17.29:330][  0]LogShaderCompilers: Cannot use XGE Shader Compiler as Incredibuild is not installed on this machine.
[2019.01.26-11.17.29:330][  0]LogShaderCompilers: Display: Using Local Shader Compiler.
[2019.01.26-11.17.30:455][  0]LogDerivedDataCache: Display: Max Cache Size: 512 MB
[2019.01.26-11.17.30:548][  0]LogDerivedDataCache: Loaded boot cache 0.09s 71MB C:/Users/h017026h/AppData/Local/UnrealEngine/4.20/DerivedDataCache/Boot.ddc.
[2019.01.26-11.17.30:550][  0]LogDerivedDataCache: Display: Loaded Boot cache: C:/Users/h017026h/AppData/Local/UnrealEngine/4.20/DerivedDataCache/Boot.ddc
[2019.01.26-11.17.30:550][  0]LogDerivedDataCache: FDerivedDataBackendGraph:  Pak pak cache file ../../../../../../Users/h017026h/Documents/Game Jame/GGJ2019/GGJ2019/DerivedDataCache/DDC.ddp not found, will not use a pak cache.
[2019.01.26-11.17.30:550][  0]LogDerivedDataCache: Unable to find inner node Pak for hierarchical cache Hierarchy.
[2019.01.26-11.17.30:550][  0]LogDerivedDataCache: FDerivedDataBackendGraph:  CompressedPak pak cache file ../../../../../../Users/h017026h/Documents/Game Jame/GGJ2019/GGJ2019/DerivedDataCache/Compressed.ddp not found, will not use a pak cache.
[2019.01.26-11.17.30:550][  0]LogDerivedDataCache: Unable to find inner node CompressedPak for hierarchical cache Hierarchy.
[2019.01.26-11.17.30:564][  0]LogDerivedDataCache: Display: Pak cache opened for reading ../../../Engine/DerivedDataCache/Compressed.ddp.
[2019.01.26-11.17.30:578][  0]LogDerivedDataCache: Using Local data cache path C:/Users/h017026h/AppData/Local/UnrealEngine/Common/DerivedDataCache: Writable
[2019.01.26-11.17.30:578][  0]LogDerivedDataCache: Shared data cache path not found in *engine.ini, will not use an Shared cache.
[2019.01.26-11.17.30:578][  0]LogDerivedDataCache: Unable to find inner node Shared for hierarchical cache Hierarchy.
[2019.01.26-11.17.30:611][  0]LogMaterial: Verifying Global Shaders for PCD3D_SM5
[2019.01.26-11.17.30:616][  0]LogSlate: Using FreeType 2.6.0
[2019.01.26-11.17.30:617][  0]LogSlate: SlateFontServices - WITH_FREETYPE: 1, WITH_HARFBUZZ: 1
[2019.01.26-11.17.30:723][  0]LogAssetRegistry: FAssetRegistry took 0.0304 seconds to start up
[2019.01.26-11.17.31:118][  0]LogInit: Selected Device Profile: [Windows]
[2019.01.26-11.17.31:365][  0]LogSimplygon: Simplygon DLL not present - disabling.
[2019.01.26-11.17.31:377][  0]LogMeshReduction: Using SimplygonSwarm for distributed automatic mesh merging
[2019.01.26-11.17.31:377][  0]LogMeshReduction: Using ProxyLODMeshReduction for automatic mesh merging
[2019.01.26-11.17.31:377][  0]LogMeshReduction: Using QuadricMeshReduction for automatic static mesh reduction
[2019.01.26-11.17.31:377][  0]LogMeshReduction: No automatic skeletal mesh reduction module available
[2019.01.26-11.17.31:406][  0]LogNetVersion: GGJ2019 1.0.0, NetCL: 4212847, EngineNetVer: 5, GameNetVer: 0 (Checksum: 54619999)
[2019.01.26-11.17.32:055][  0]LogPackageLocalizationCache: Processed 11 localized package path(s) for 2 prioritized culture(s) in 0.145529 seconds
[2019.01.26-11.17.32:062][  0]LogUObjectArray: 38425 objects as part of root set at end of initial load.
[2019.01.26-11.17.32:062][  0]LogUObjectAllocator: 6690864 out of 0 bytes used by permanent object pool.
[2019.01.26-11.17.32:062][  0]LogUObjectArray: CloseDisregardForGC: 0/0 objects in disregard for GC pool
[2019.01.26-11.17.33:401][  0]LogTcpMessaging: Initializing TcpMessaging bridge
[2019.01.26-11.17.33:420][  0]LogUdpMessaging: Initializing bridge on interface 0.0.0.0:0 to multicast group 230.0.0.1:6666.
[2019.01.26-11.17.33:705][  0]SourceControl: Source control is disabled
[2019.01.26-11.17.33:705][  0]SourceControl: Source control is disabled
[2019.01.26-11.17.33:710][  0]SourceControl: Source control is disabled
[2019.01.26-11.17.33:714][  0]SourceControl: Source control is disabled
[2019.01.26-11.17.34:038][  0]LogAndroidPermission: UAndroidPermissionCallbackProxy::GetInstance
[2019.01.26-11.17.34:180][  0]LogOcInput: OculusInput pre-init called
[2019.01.26-11.17.34:273][  0]LogEngine: Initializing Engine...
[2019.01.26-11.17.34:274][  0]LogHMD: Failed to initialize OpenVR with code 110
[2019.01.26-11.17.34:275][  0]LogStats: UGameplayTagsManager::ConstructGameplayTagTree: ImportINI prefixes -  0.000 s
[2019.01.26-11.17.34:276][  0]LogStats: UGameplayTagsManager::ConstructGameplayTagTree: Construct from data asset -  0.000 s
[2019.01.26-11.17.34:276][  0]LogStats: UGameplayTagsManager::ConstructGameplayTagTree: ImportINI -  0.000 s
[2019.01.26-11.17.34:276][  0]LogStats: UGameplayTagsManager::ConstructGameplayTagTree: GameplayTagTreeChangedEvent.Broadcast -  0.000 s
[2019.01.26-11.17.34:535][  0]LogInit: Initializing FReadOnlyCVARCache
[2019.01.26-11.17.34:561][  0]LogAIModule: Creating AISystem for world Untitled
[2019.01.26-11.17.34:582][  0]LogInit: XAudio2 using 'Headset Earphone (Corsair VOID PRO USB Gaming Headset )' : 2 channels at 48 kHz using 16 bits per sample (channel mask 0x3)
[2019.01.26-11.17.34:601][  0]LogInit: FAudioDevice initialized.
[2019.01.26-11.17.34:601][  0]LogNetVersion: Set ProjectVersion to 1.0.0.0. Version Checksum will be recalculated on next use.
[2019.01.26-11.17.34:700][  0]LogDerivedDataCache: Saved boot cache 0.10s 71MB C:/Users/h017026h/AppData/Local/UnrealEngine/4.20/DerivedDataCache/Boot.ddc.
[2019.01.26-11.17.34:746][  0]LogInit: Texture streaming: Enabled
[2019.01.26-11.17.34:809][  0]LogEngineSessionManager: EngineSessionManager initialized
[2019.01.26-11.17.34:836][  0]LogInit: Transaction tracking system initialized
[2019.01.26-11.17.34:896][  0]BlueprintLog: New page: Editor Load
[2019.01.26-11.17.35:116][  0]LocalizationService: Localization service is disabled
[2019.01.26-11.17.35:530][  0]LogCook: Display: Max memory allowance for cook 16384mb min free memory 0mb
[2019.01.26-11.17.35:531][  0]LogCook: Display: Mobile HDR setting 1
[2019.01.26-11.17.35:531][  0]LogGameplayTags: Display: UGameplayTagsManager::DoneAddingNativeTags. DelegateIsBound: 0
[2019.01.26-11.17.35:531][  0]LogStats: UGameplayTagsManager::ConstructGameplayTagTree: ImportINI prefixes -  0.000 s
[2019.01.26-11.17.35:531][  0]LogStats: UGameplayTagsManager::ConstructGameplayTagTree: Construct from data asset -  0.000 s
[2019.01.26-11.17.35:532][  0]LogStats: UGameplayTagsManager::ConstructGameplayTagTree: ImportINI -  0.000 s
[2019.01.26-11.17.35:532][  0]LogStats: UGameplayTagsManager::ConstructGameplayTagTree: GameplayTagTreeChangedEvent.Broadcast -  0.000 s
[2019.01.26-11.17.35:789][  0]LogFileCache: Scanning file cache for directory 'C:/Users/h017026h/Documents/Game Jame/GGJ2019/GGJ2019/Content/' took 0.02s
[2019.01.26-11.17.35:790][  0]SourceControl: Source control is disabled
[2019.01.26-11.17.35:790][  0]Cmd: MAP LOAD FILE="../../../../../../Users/h017026h/Documents/Game Jame/GGJ2019/GGJ2019/Content/GameLevel.umap" TEMPLATE=0 SHOWPROGRESS=1 FEATURELEVEL=3
[2019.01.26-11.17.35:791][  0]LightingResults: New page: Lighting Build
[2019.01.26-11.17.35:795][  0]MapCheck: New page: Map Check
[2019.01.26-11.17.35:795][  0]LightingResults: New page: Lighting Build
[2019.01.26-11.17.36:066][  0]LogAIModule: Creating AISystem for world GameLevel
[2019.01.26-11.17.36:077][  0]LogEditorServer: Finished looking for orphan Actors (0.000 secs)
[2019.01.26-11.17.36:103][  0]Cmd: MAP CHECKDEP NOCLEARLOG
[2019.01.26-11.17.36:279][  0]MapCheck: Map check complete: 0 Error(s), 0 Warning(s), took 175.694ms to complete.
[2019.01.26-11.17.36:280][  0]LogFileHelpers: Loading map 'GameLevel' took 0.490
[2019.01.26-11.17.36:418][  0]LogSlate: Updating window title bar state: overlay mode, drag disabled, window buttons hidden, title bar hidden
[2019.01.26-11.17.36:426][  0]LogSlate: Updating window title bar state: overlay mode, drag disabled, window buttons hidden, title bar hidden
[2019.01.26-11.17.36:437][  0]LogSlate: Updating window title bar state: overlay mode, drag disabled, window buttons hidden, title bar hidden
[2019.01.26-11.17.36:445][  0]LogSlate: Updating window title bar state: overlay mode, drag disabled, window buttons hidden, title bar hidden
[2019.01.26-11.17.36:459][  0]LogCollectionManager: Loaded 0 collections in 0.004133 seconds
[2019.01.26-11.17.36:513][  0]LogFileCache: Scanning file cache for directory 'C:/Users/h017026h/Documents/Game Jame/GGJ2019/GGJ2019/Saved/Collections/' took 0.01s
[2019.01.26-11.17.36:513][  0]LogFileCache: Scanning file cache for directory 'C:/Users/h017026h/Documents/Game Jame/GGJ2019/GGJ2019/Content/Developers/h017026h/Collections/' took 0.01s
[2019.01.26-11.17.36:513][  0]LogFileCache: Scanning file cache for directory 'C:/Users/h017026h/Documents/Game Jame/GGJ2019/GGJ2019/Content/Collections/' took 0.01s
[2019.01.26-11.17.36:513][  0]LogCollectionManager: Rebuilt the GUID cache for 0 collections in 0.000000 seconds
[2019.01.26-11.17.36:524][  0]LogContentBrowser: Native class hierarchy populated in 0.0103 seconds. Added 2582 classes and 606 folders.
[2019.01.26-11.17.36:538][  0]LogContentBrowser: Native class hierarchy updated for 'WidgetCarousel' in 0.0006 seconds. Added 0 classes and 0 folders.
[2019.01.26-11.17.36:647][  0]LogContentBrowser: Native class hierarchy updated for 'AddContentDialog' in 0.0010 seconds. Added 0 classes and 0 folders.
[2019.01.26-11.17.36:661][  0]LogContentBrowser: Native class hierarchy updated for 'SceneOutliner' in 0.0006 seconds. Added 1 classes and 2 folders.
[2019.01.26-11.17.36:705][  0]LogSlate: Took 0.000300 seconds to synchronously load lazily loaded font '../../../Engine/Content/Slate/Fonts/Roboto-Regular.ttf' (155K)
[2019.01.26-11.17.36:709][  0]LogSlate: Took 0.000339 seconds to synchronously load lazily loaded font '../../../Engine/Content/Slate/Fonts/Roboto-Bold.ttf' (160K)
[2019.01.26-11.17.36:719][  0]LogSlate: Took 0.000366 seconds to synchronously load lazily loaded font '../../../Engine/Content/Editor/Slate/Fonts/FontAwesome.ttf' (139K)
[2019.01.26-11.17.36:829][  0]LogRenderer: Reallocating scene render targets to support 1208x576 Format 10 NumSamples 1 (Frame:1).
[2019.01.26-11.17.36:895][  0]LogSlate: Took 0.000243 seconds to synchronously load lazily loaded font '../../../Engine/Content/Slate/Fonts/Roboto-Light.ttf' (167K)
[2019.01.26-11.17.37:040][  0]LogContentBrowser: Native class hierarchy updated for 'HierarchicalLODOutliner' in 0.0012 seconds. Added 0 classes and 0 folders.
[2019.01.26-11.17.37:040][  0]LogLoad: (Engine Initialization) Total time: 14.22 seconds
[2019.01.26-11.17.37:040][  0]LogLoad: (Engine Initialization) Total Blueprint compile time: 0.00 seconds
[2019.01.26-11.17.37:054][  0]LogWindowsTextInputMethodSystem: Display: IME system now deactivated.
[2019.01.26-11.17.37:099][  0]LogContentStreaming: Texture pool size now 1000 MB
[2019.01.26-11.17.37:134][  1]LogFileCache: Retrieving MD5 hashes for directory 'C:/Users/h017026h/Documents/Game Jame/GGJ2019/GGJ2019/Content/' took 0.06s
[2019.01.26-11.17.37:170][  2]LogAssetRegistry: Asset discovery search completed in 6.4727 seconds
[2019.01.26-11.17.37:173][  2]LogCollectionManager: Rebuilt the object cache for 0 collections in 0.000000 seconds (found 0 objects)
[2019.01.26-11.17.37:173][  2]LogCollectionManager: Fixed up redirectors for 0 collections in 0.000121 seconds (updated 0 objects)
[2019.01.26-11.17.40:354][352]LogSlate: FSceneViewport::OnFocusLost() reason 0
[2019.01.26-11.17.42:194][559]LogSlate: Took 0.000231 seconds to synchronously load lazily loaded font '../../../Engine/Content/Slate/Fonts/Roboto-Light.ttf' (167K)
[2019.01.26-11.17.42:318][559]LogAIModule: Creating AISystem for world AngTest
[2019.01.26-11.17.42:331][559]LogAssetEditorManager: Opening Asset editor for World /Game/AngTest.AngTest
[2019.01.26-11.17.42:354][559]Cmd: MAP LOAD FILE="../../../../../../Users/h017026h/Documents/Game Jame/GGJ2019/GGJ2019/Content/AngTest.umap" TEMPLATE=0 SHOWPROGRESS=1 FEATURELEVEL=3
[2019.01.26-11.17.42:354][559]LightingResults: New page: Lighting Build
[2019.01.26-11.17.42:355][559]LoadErrors: New page: Loading map: AngTest.umap
[2019.01.26-11.17.42:357][559]MapCheck: New page: Map Check
[2019.01.26-11.17.42:357][559]LightingResults: New page: Lighting Build
[2019.01.26-11.17.42:384][559]LogEditorServer: Finished looking for orphan Actors (0.000 secs)
[2019.01.26-11.17.42:457][559]Cmd: MAP CHECKDEP NOCLEARLOG
[2019.01.26-11.17.42:655][559]MapCheck: Map check complete: 0 Error(s), 0 Warning(s), took 197.262ms to complete.
[2019.01.26-11.17.42:656][559]LogFileHelpers: Loading map 'AngTest' took 0.302
[2019.01.26-11.17.42:707][559]LogActor: Warning: Pickup_BP_Weapon_C /Engine/Transient.World_1:PersistentLevel.Pickup_BP_Weapon_C_0 has natively added scene component(s), but none of them were set as the actor's RootComponent - picking one arbitrarily
[2019.01.26-11.17.42:714][559]LogActor: Warning: Pickup_BP_Food_C /Engine/Transient.World_2:PersistentLevel.Pickup_BP_Food_C_0 has natively added scene component(s), but none of them were set as the actor's RootComponent - picking one arbitrarily
[2019.01.26-11.17.42:749][560]LogActor: Warning: Fridge_BP_Base_C /Engine/Transient.World_3:PersistentLevel.Fridge_BP_Base_C_0 has natively added scene component(s), but none of them were set as the actor's RootComponent - picking one arbitrarily
[2019.01.26-11.17.45:692][852]LogAssetEditorManager: Opening Asset editor for Blueprint /Game/Player_BP_Base.Player_BP_Base
[2019.01.26-11.17.46:193][852]LogContentBrowser: Native class hierarchy updated for 'BlueprintGraph' in 0.0009 seconds. Added 116 classes and 0 folders.
[2019.01.26-11.17.47:232][852]LogSlate: Took 0.000267 seconds to synchronously load lazily loaded font '../../../Engine/Content/Slate/Fonts/Roboto-BoldCondensed.ttf' (158K)
[2019.01.26-11.17.47:427][853]LogSlate: Took 0.000387 seconds to synchronously load lazily loaded font '../../../Engine/Content/Slate/Fonts/Roboto-Italic.ttf' (157K)
[2019.01.26-11.18.52:198][231]BlueprintLog: New page: Compile Player_BP_Base
[2019.01.26-11.18.53:347][336]LogTemp: Repeating last play command: Selected Viewport
[2019.01.26-11.18.53:373][336]LogPlayLevel: PlayLevel: No blueprints needed recompiling
[2019.01.26-11.18.53:389][336]PIE: New page: PIE session: AngTest (26 Jan 2019 11:18:53)
[2019.01.26-11.18.53:389][336]LogPlayLevel: Creating play world package: /Game/UEDPIE_0_AngTest
[2019.01.26-11.18.53:406][336]LogPlayLevel: PIE: StaticDuplicateObject took: (0.017031s)
[2019.01.26-11.18.53:407][336]LogAIModule: Creating AISystem for world AngTest
[2019.01.26-11.18.53:407][336]LogPlayLevel: PIE: World Init took: (0.000830s)
[2019.01.26-11.18.53:407][336]LogPlayLevel: PIE: Created PIE world by copying editor world from /Game/AngTest.AngTest to /Game/UEDPIE_0_AngTest.AngTest (0.018237s)
[2019.01.26-11.18.53:443][336]LogInit: XAudio2 using 'Headset Earphone (Corsair VOID PRO USB Gaming Headset )' : 2 channels at 48 kHz using 16 bits per sample (channel mask 0x3)
[2019.01.26-11.18.53:454][336]LogInit: FAudioDevice initialized.
[2019.01.26-11.18.53:463][336]LogSlate: Updating window title bar state: overlay mode, drag disabled, window buttons hidden, title bar hidden
[2019.01.26-11.18.53:573][336]LogLoad: Game class is 'GGJ2019GM_C'
[2019.01.26-11.18.53:585][336]LogWorld: Bringing World /Game/UEDPIE_0_AngTest.AngTest up for play (max tick rate 0) at 2019.01.26-11.18.53
[2019.01.26-11.18.53:587][336]LogWorld: Bringing up level for play took: 0.008555
[2019.01.26-11.18.53:625][336]LogContentBrowser: Native class hierarchy updated for 'MovieSceneCapture' in 0.0009 seconds. Added 10 classes and 0 folders.
[2019.01.26-11.18.53:630][336]PIE: Play in editor start time for /Game/UEDPIE_0_AngTest 0.663
[2019.01.26-11.18.53:653][336]LogRenderer: Reallocating scene render targets to support 1292x756 Format 10 NumSamples 1 (Frame:1).
[2019.01.26-11.18.58:643][928]LogBlueprintUserMessages: [Player_BP_Base_C_0] picked up
[2019.01.26-11.19.04:579][640]LogSlate: Updating window title bar state: overlay mode, drag disabled, window buttons hidden, title bar hidden
[2019.01.26-11.19.04:603][640]LogSlate: Window 'GGJ2019 Game Preview Standalone (64-bit/PCD3D_SM5)' being destroyed
[2019.01.26-11.19.04:641][640]LogPlayLevel: Display: Shutting down PIE online subsystems
[2019.01.26-11.19.04:699][641]LogPlayLevel: Display: Destroying online subsystem :Context_7
[2019.01.26-11.19.09:073][153]LogAssetEditorManager: Opening Asset editor for Blueprint /Game/Pickup_BP_Food.Pickup_BP_Food
[2019.01.26-11.19.09:441][153]LogActor: Warning: Pickup_BP_Food_C /Engine/Transient.World_6:PersistentLevel.Pickup_BP_Food_C_0 has natively added scene component(s), but none of them were set as the actor's RootComponent - picking one arbitrarily
[2019.01.26-11.19.37:396][ 68]BlueprintLog: New page: Compile Pickup_BP_Food
[2019.01.26-11.19.37:415][ 68]LogActor: Warning: Pickup_BP_Food_C /Game/AngTest.AngTest:PersistentLevel.Pickup_BP_Food_8 has natively added scene component(s), but none of them were set as the actor's RootComponent - picking one arbitrarily
[2019.01.26-11.19.37:420][ 68]LogActor: Warning: Pickup_BP_Food_C /Engine/Transient.World_2:PersistentLevel.Pickup_BP_Food_C_0 has natively added scene component(s), but none of them were set as the actor's RootComponent - picking one arbitrarily
[2019.01.26-11.19.37:420][ 68]LogActor: Warning: Pickup_BP_Food_C /Engine/Transient.World_6:PersistentLevel.Pickup_BP_Food_C_0 has natively added scene component(s), but none of them were set as the actor's RootComponent - picking one arbitrarily
[2019.01.26-11.19.37:569][ 68]LogActor: Warning: Pickup_BP_Food_C /Engine/Transient.World_2:PersistentLevel.Pickup_BP_Food_C_1 has natively added scene component(s), but none of them were set as the actor's RootComponent - picking one arbitrarily
[2019.01.26-11.19.38:422][167]LogTemp: Repeating last play command: Selected Viewport
[2019.01.26-11.19.38:451][167]LogPlayLevel: PlayLevel: No blueprints needed recompiling
[2019.01.26-11.19.38:452][167]PIE: New page: PIE session: AngTest (26 Jan 2019 11:19:38)
[2019.01.26-11.19.38:452][167]LogPlayLevel: Creating play world package: /Game/UEDPIE_0_AngTest
[2019.01.26-11.19.38:471][167]LogPlayLevel: PIE: StaticDuplicateObject took: (0.018664s)
[2019.01.26-11.19.38:471][167]LogAIModule: Creating AISystem for world AngTest
[2019.01.26-11.19.38:472][167]LogPlayLevel: PIE: World Init took: (0.000862s)
[2019.01.26-11.19.38:472][167]LogPlayLevel: PIE: Created PIE world by copying editor world from /Game/AngTest.AngTest to /Game/UEDPIE_0_AngTest.AngTest (0.019897s)
[2019.01.26-11.19.38:514][167]LogInit: XAudio2 using 'Headset Earphone (Corsair VOID PRO USB Gaming Headset )' : 2 channels at 48 kHz using 16 bits per sample (channel mask 0x3)
[2019.01.26-11.19.38:526][167]LogInit: FAudioDevice initialized.
[2019.01.26-11.19.38:536][167]LogSlate: Updating window title bar state: overlay mode, drag disabled, window buttons hidden, title bar hidden
[2019.01.26-11.19.38:584][167]LogLoad: Game class is 'GGJ2019GM_C'
[2019.01.26-11.19.38:587][167]LogWorld: Bringing World /Game/UEDPIE_0_AngTest.AngTest up for play (max tick rate 0) at 2019.01.26-11.19.38
[2019.01.26-11.19.38:588][167]LogWorld: Bringing up level for play took: 0.002340
[2019.01.26-11.19.38:606][167]PIE: Play in editor start time for /Game/UEDPIE_0_AngTest -0.36
[2019.01.26-11.19.42:299][600]LogBlueprintUserMessages: [Player_BP_Base_C_0] picked up
[2019.01.26-11.19.45:941][ 37]LogBlueprintUserMessages: [Player_BP_Base_C_0] put in fridge
[2019.01.26-11.19.48:026][287]LogSlate: Updating window title bar state: overlay mode, drag disabled, window buttons hidden, title bar hidden
[2019.01.26-11.19.48:049][287]LogSlate: Window 'GGJ2019 Game Preview Standalone (64-bit/PCD3D_SM5)' being destroyed
[2019.01.26-11.19.48:090][287]LogPlayLevel: Display: Shutting down PIE online subsystems
[2019.01.26-11.19.48:148][288]LogPlayLevel: Display: Destroying online subsystem :Context_9
[2019.01.26-11.19.49:644][463]Cmd: OBJ SAVEPACKAGE PACKAGE="/Game/Pickup_BP_Food" FILE="../../../../../../Users/h017026h/Documents/Game Jame/GGJ2019/GGJ2019/Content/Pickup_BP_Food.uasset" SILENT=true
[2019.01.26-11.19.49:706][463]LogSavePackage: Moving '../../../../../../Users/h017026h/Documents/Game Jame/GGJ2019/GGJ2019/Saved/Pickup_BP_Food41A93CC040EC063629215AA9E63A31C7.tmp' to '../../../../../../Users/h017026h/Documents/Game Jame/GGJ2019/GGJ2019/Content/Pickup_BP_Food.uasset'
[2019.01.26-11.20.15:683][497]BlueprintLog: New page: Compile Pickup_BP_Food
[2019.01.26-11.20.15:702][497]LogActor: Warning: Pickup_BP_Food_C /Game/AngTest.AngTest:PersistentLevel.Pickup_BP_Food_8 has natively added scene component(s), but none of them were set as the actor's RootComponent - picking one arbitrarily
[2019.01.26-11.20.15:703][497]LogActor: Warning: Pickup_BP_Food_C /Engine/Transient.World_6:PersistentLevel.Pickup_BP_Food_C_0 has natively added scene component(s), but none of them were set as the actor's RootComponent - picking one arbitrarily
[2019.01.26-11.20.15:703][497]LogActor: Warning: Pickup_BP_Food_C /Engine/Transient.World_2:PersistentLevel.Pickup_BP_Food_C_1 has natively added scene component(s), but none of them were set as the actor's RootComponent - picking one arbitrarily
[2019.01.26-11.20.15:858][497]LogActor: Warning: Pickup_BP_Food_C /Engine/Transient.World_2:PersistentLevel.Pickup_BP_Food_C_2 has natively added scene component(s), but none of them were set as the actor's RootComponent - picking one arbitrarily
[2019.01.26-11.20.16:452][561]Cmd: OBJ SAVEPACKAGE PACKAGE="/Game/Pickup_BP_Food" FILE="../../../../../../Users/h017026h/Documents/Game Jame/GGJ2019/GGJ2019/Content/Pickup_BP_Food.uasset" SILENT=true
[2019.01.26-11.20.16:511][561]LogSavePackage: Moving '../../../../../../Users/h017026h/Documents/Game Jame/GGJ2019/GGJ2019/Saved/Pickup_BP_FoodCDE0A15647BB7D8DD8E657BA352FE238.tmp' to '../../../../../../Users/h017026h/Documents/Game Jame/GGJ2019/GGJ2019/Content/Pickup_BP_Food.uasset'
[2019.01.26-11.24.28:768][483]BlueprintLog: New page: Compile Player_BP_Base
[2019.01.26-11.24.29:589][538]Cmd: OBJ SAVEPACKAGE PACKAGE="/Game/Player_BP_Base" FILE="../../../../../../Users/h017026h/Documents/Game Jame/GGJ2019/GGJ2019/Content/Player_BP_Base.uasset" SILENT=true
[2019.01.26-11.24.29:694][538]LogSavePackage: Moving '../../../../../../Users/h017026h/Documents/Game Jame/GGJ2019/GGJ2019/Saved/Player_BP_Base736EB0DB4F87E8A111BDFE9A60F0056C.tmp' to '../../../../../../Users/h017026h/Documents/Game Jame/GGJ2019/GGJ2019/Content/Player_BP_Base.uasset'
[2019.01.26-11.24.34:446][ 61]LogAssetEditorManager: Opening Asset editor for Blueprint /Game/Pickup_BP_Food.Pickup_BP_Food
[2019.01.26-11.24.34:794][ 61]LogActor: Warning: Pickup_BP_Food_C /Engine/Transient.World_7:PersistentLevel.Pickup_BP_Food_C_0 has natively added scene component(s), but none of them were set as the actor's RootComponent - picking one arbitrarily
[2019.01.26-11.24.39:216][569]LogAssetEditorManager: Opening Asset editor for Blueprint /Game/Pickup_BP_Weapon.Pickup_BP_Weapon
[2019.01.26-11.24.39:538][569]LogActor: Warning: Pickup_BP_Weapon_C /Engine/Transient.World_8:PersistentLevel.Pickup_BP_Weapon_C_0 has natively added scene component(s), but none of them were set as the actor's RootComponent - picking one arbitrarily
[2019.01.26-11.24.42:710][913]LogAssetEditorManager: Opening Asset editor for Blueprint /Game/Pickup_BP_Base.Pickup_BP_Base
[2019.01.26-11.24.43:031][913]LogActor: Warning: Pickup_BP_Base_C /Engine/Transient.World_10:PersistentLevel.Pickup_BP_Base_C_0 has natively added scene component(s), but none of them were set as the actor's RootComponent - picking one arbitrarily
[2019.01.26-11.24.43:032][913]LogActor: Warning: Pickup_BP_Base_C /Engine/Transient.World_9:PersistentLevel.Pickup_BP_Base_C_0 has natively added scene component(s), but none of them were set as the actor's RootComponent - picking one arbitrarily
[2019.01.26-11.25.46:860][225]BlueprintLog: New page: Compile Pickup_BP_Weapon
[2019.01.26-11.25.46:885][225]LogActor: Warning: Pickup_BP_Weapon_C /Game/AngTest.AngTest:PersistentLevel.Pickup_BP_Weapon_12 has natively added scene component(s), but none of them were set as the actor's RootComponent - picking one arbitrarily
[2019.01.26-11.25.46:886][225]LogActor: Warning: Pickup_BP_Weapon_C /Engine/Transient.World_1:PersistentLevel.Pickup_BP_Weapon_C_0 has natively added scene component(s), but none of them were set as the actor's RootComponent - picking one arbitrarily
[2019.01.26-11.25.46:887][225]LogActor: Warning: Pickup_BP_Weapon_C /Engine/Transient.World_8:PersistentLevel.Pickup_BP_Weapon_C_0 has natively added scene component(s), but none of them were set as the actor's RootComponent - picking one arbitrarily
[2019.01.26-11.25.47:045][225]LogActor: Warning: Pickup_BP_Weapon_C /Engine/Transient.World_1:PersistentLevel.Pickup_BP_Weapon_C_1 has natively added scene component(s), but none of them were set as the actor's RootComponent - picking one arbitrarily
[2019.01.26-11.25.47:688][293]Cmd: OBJ SAVEPACKAGE PACKAGE="/Game/Pickup_BP_Weapon" FILE="../../../../../../Users/h017026h/Documents/Game Jame/GGJ2019/GGJ2019/Content/Pickup_BP_Weapon.uasset" SILENT=true
[2019.01.26-11.25.47:760][293]LogSavePackage: Moving '../../../../../../Users/h017026h/Documents/Game Jame/GGJ2019/GGJ2019/Saved/Pickup_BP_WeaponA35E95994941F198D3BBFA8ACE374353.tmp' to '../../../../../../Users/h017026h/Documents/Game Jame/GGJ2019/GGJ2019/Content/Pickup_BP_Weapon.uasset'
[2019.01.26-11.26.48:812][307]BlueprintLog: New page: Compile Pickup_BP_Food
[2019.01.26-11.26.48:825][307]LogActor: Warning: Pickup_BP_Food_C /Game/AngTest.AngTest:PersistentLevel.Pickup_BP_Food_8 has natively added scene component(s), but none of them were set as the actor's RootComponent - picking one arbitrarily
[2019.01.26-11.26.48:826][307]LogActor: Warning: Pickup_BP_Food_C /Engine/Transient.World_7:PersistentLevel.Pickup_BP_Food_C_0 has natively added scene component(s), but none of them were set as the actor's RootComponent - picking one arbitrarily
[2019.01.26-11.26.48:827][307]LogActor: Warning: Pickup_BP_Food_C /Engine/Transient.World_2:PersistentLevel.Pickup_BP_Food_C_2 has natively added scene component(s), but none of them were set as the actor's RootComponent - picking one arbitrarily
[2019.01.26-11.26.48:970][307]LogActor: Warning: Pickup_BP_Food_C /Engine/Transient.World_2:PersistentLevel.Pickup_BP_Food_C_3 has natively added scene component(s), but none of them were set as the actor's RootComponent - picking one arbitrarily
[2019.01.26-11.26.49:392][351]Cmd: OBJ SAVEPACKAGE PACKAGE="/Game/Pickup_BP_Food" FILE="../../../../../../Users/h017026h/Documents/Game Jame/GGJ2019/GGJ2019/Content/Pickup_BP_Food.uasset" SILENT=true
[2019.01.26-11.26.49:484][351]LogSavePackage: Moving '../../../../../../Users/h017026h/Documents/Game Jame/GGJ2019/GGJ2019/Saved/Pickup_BP_Food550E41984FA83429FDEA598E643676DB.tmp' to '../../../../../../Users/h017026h/Documents/Game Jame/GGJ2019/GGJ2019/Content/Pickup_BP_Food.uasset'
[2019.01.26-11.27.07:068][329]Cmd: OBJ SAVEPACKAGE PACKAGE="/Game/AngTest" FILE="../../../../../../Users/h017026h/Documents/Game Jame/GGJ2019/GGJ2019/Content/AngTest.umap" SILENT=true AUTOSAVING=false KEEPDIRTY=false
[2019.01.26-11.27.07:495][329]LogSavePackage: Moving '../../../../../../Users/h017026h/Documents/Game Jame/GGJ2019/GGJ2019/Saved/AngTest23CB93DB44E68BA4D68EC8BA8EB41F7A.tmp' to '../../../../../../Users/h017026h/Documents/Game Jame/GGJ2019/GGJ2019/Content/AngTest.umap'
[2019.01.26-11.27.07:542][329]LogFileHelpers: Saving map 'AngTest' took 0.747
[2019.01.26-11.27.07:545][329]Cmd: OBJ SAVEPACKAGE PACKAGE="/Game/Pickup_BP_Weapon" FILE="../../../../../../Users/h017026h/Documents/Game Jame/GGJ2019/GGJ2019/Content/Pickup_BP_Weapon.uasset" SILENT=true
[2019.01.26-11.27.07:595][329]LogSavePackage: Moving '../../../../../../Users/h017026h/Documents/Game Jame/GGJ2019/GGJ2019/Saved/Pickup_BP_WeaponDCF0C96A44BEE3AA1E1874A9AA449488.tmp' to '../../../../../../Users/h017026h/Documents/Game Jame/GGJ2019/GGJ2019/Content/Pickup_BP_Weapon.uasset'
[2019.01.26-11.27.08:091][386]LogTemp: Repeating last play command: Selected Viewport
[2019.01.26-11.27.08:134][386]LogPlayLevel: PlayLevel: No blueprints needed recompiling
[2019.01.26-11.27.08:134][386]PIE: New page: PIE session: AngTest (26 Jan 2019 11:27:08)
[2019.01.26-11.27.08:134][386]LogPlayLevel: Creating play world package: /Game/UEDPIE_0_AngTest
[2019.01.26-11.27.08:153][386]LogPlayLevel: PIE: StaticDuplicateObject took: (0.018533s)
[2019.01.26-11.27.08:154][386]LogAIModule: Creating AISystem for world AngTest
[2019.01.26-11.27.08:154][386]LogPlayLevel: PIE: World Init took: (0.000883s)
[2019.01.26-11.27.08:154][386]LogPlayLevel: PIE: Created PIE world by copying editor world from /Game/AngTest.AngTest to /Game/UEDPIE_0_AngTest.AngTest (0.019823s)
[2019.01.26-11.27.08:200][386]LogInit: XAudio2 using 'Headset Earphone (Corsair VOID PRO USB Gaming Headset )' : 2 channels at 48 kHz using 16 bits per sample (channel mask 0x3)
[2019.01.26-11.27.08:212][386]LogInit: FAudioDevice initialized.
[2019.01.26-11.27.08:250][386]LogLoad: Game class is 'GGJ2019GM_C'
[2019.01.26-11.27.08:253][386]LogWorld: Bringing World /Game/UEDPIE_0_AngTest.AngTest up for play (max tick rate 0) at 2019.01.26-11.27.08
[2019.01.26-11.27.08:253][386]LogWorld: Bringing up level for play took: 0.002474
[2019.01.26-11.27.08:269][386]PIE: Play in editor start time for /Game/UEDPIE_0_AngTest -0.696
[2019.01.26-11.27.11:935][822]LogBlueprintUserMessages: [Player_BP_Base_C_0] picked up
[2019.01.26-11.27.15:285][224]LogBlueprintUserMessages: [Player_BP_Base_C_0] put in fridge
[2019.01.26-11.27.20:256][820]LogSlate: Updating window title bar state: overlay mode, drag disabled, window buttons hidden, title bar hidden
[2019.01.26-11.27.20:295][820]LogPlayLevel: Display: Shutting down PIE online subsystems
[2019.01.26-11.27.20:348][820]LogSlate: Updating window title bar state: overlay mode, drag disabled, window buttons hidden, title bar hidden
[2019.01.26-11.27.20:375][821]LogPlayLevel: Display: Destroying online subsystem :Context_14
[2019.01.26-11.27.20:977][892]LogSlate: FSceneViewport::OnFocusLost() reason 0
[2019.01.26-11.28.32:913][878]BlueprintLog: New page: Compile Player_BP_Base
[2019.01.26-11.28.33:710][932]Cmd: OBJ SAVEPACKAGE PACKAGE="/Game/Player_BP_Base" FILE="../../../../../../Users/h017026h/Documents/Game Jame/GGJ2019/GGJ2019/Content/Player_BP_Base.uasset" SILENT=true
[2019.01.26-11.28.33:819][932]LogSavePackage: Moving '../../../../../../Users/h017026h/Documents/Game Jame/GGJ2019/GGJ2019/Saved/Player_BP_BaseC6F36C0F45D9F41867E32BA9B0EF69E3.tmp' to '../../../../../../Users/h017026h/Documents/Game Jame/GGJ2019/GGJ2019/Content/Player_BP_Base.uasset'
[2019.01.26-11.29.25:082][602]LogEditorTransaction: Undo Resize Node
[2019.01.26-11.29.31:475][339]BlueprintLog: New page: Compile Pickup_BP_Food
[2019.01.26-11.29.31:494][339]LogActor: Warning: Pickup_BP_Food_C /Game/AngTest.AngTest:PersistentLevel.Pickup_BP_Food_8 has natively added scene component(s), but none of them were set as the actor's RootComponent - picking one arbitrarily
[2019.01.26-11.29.31:495][339]LogActor: Warning: Pickup_BP_Food_C /Engine/Transient.World_7:PersistentLevel.Pickup_BP_Food_C_0 has natively added scene component(s), but none of them were set as the actor's RootComponent - picking one arbitrarily
[2019.01.26-11.29.31:495][339]LogActor: Warning: Pickup_BP_Food_C /Engine/Transient.World_2:PersistentLevel.Pickup_BP_Food_C_3 has natively added scene component(s), but none of them were set as the actor's RootComponent - picking one arbitrarily
[2019.01.26-11.29.31:659][339]LogActor: Warning: Pickup_BP_Food_C /Engine/Transient.World_2:PersistentLevel.Pickup_BP_Food_C_4 has natively added scene component(s), but none of them were set as the actor's RootComponent - picking one arbitrarily
[2019.01.26-11.29.32:075][381]Cmd: OBJ SAVEPACKAGE PACKAGE="/Game/Pickup_BP_Food" FILE="../../../../../../Users/h017026h/Documents/Game Jame/GGJ2019/GGJ2019/Content/Pickup_BP_Food.uasset" SILENT=true
[2019.01.26-11.29.32:131][381]LogSavePackage: Moving '../../../../../../Users/h017026h/Documents/Game Jame/GGJ2019/GGJ2019/Saved/Pickup_BP_FoodC248DC514A5B55875052528FA49AE7EF.tmp' to '../../../../../../Users/h017026h/Documents/Game Jame/GGJ2019/GGJ2019/Content/Pickup_BP_Food.uasset'
[2019.01.26-11.29.33:755][558]BlueprintLog: New page: Compile Player_BP_Base
[2019.01.26-11.29.34:411][595]Cmd: OBJ SAVEPACKAGE PACKAGE="/Game/Player_BP_Base" FILE="../../../../../../Users/h017026h/Documents/Game Jame/GGJ2019/GGJ2019/Content/Player_BP_Base.uasset" SILENT=true
[2019.01.26-11.29.34:509][595]LogSavePackage: Moving '../../../../../../Users/h017026h/Documents/Game Jame/GGJ2019/GGJ2019/Saved/Player_BP_BaseEB76D0F54E73C9B92A40A78B49836F7E.tmp' to '../../../../../../Users/h017026h/Documents/Game Jame/GGJ2019/GGJ2019/Content/Player_BP_Base.uasset'
[2019.01.26-11.29.44:970][762]Cmd: OBJ SAVEPACKAGE PACKAGE="/Game/Player_BP_Base" FILE="../../../../../../Users/h017026h/Documents/Game Jame/GGJ2019/GGJ2019/Content/Player_BP_Base.uasset" SILENT=true
[2019.01.26-11.29.45:059][762]LogSavePackage: Moving '../../../../../../Users/h017026h/Documents/Game Jame/GGJ2019/GGJ2019/Saved/Player_BP_Base75B8AF1E46E57B01BACF92891F30B761.tmp' to '../../../../../../Users/h017026h/Documents/Game Jame/GGJ2019/GGJ2019/Content/Player_BP_Base.uasset'
[2019.01.26-11.29.47:932][ 65]Cmd: OBJ SAVEPACKAGE PACKAGE="/Game/AngTest" FILE="../../../../../../Users/h017026h/Documents/Game Jame/GGJ2019/GGJ2019/Content/AngTest.umap" SILENT=true AUTOSAVING=false KEEPDIRTY=false
[2019.01.26-11.29.48:200][ 65]LogSavePackage: Moving '../../../../../../Users/h017026h/Documents/Game Jame/GGJ2019/GGJ2019/Saved/AngTest2EED2D8948E0E6275E7D3EA2C754A246.tmp' to '../../../../../../Users/h017026h/Documents/Game Jame/GGJ2019/GGJ2019/Content/AngTest.umap'
[2019.01.26-11.29.48:250][ 65]LogFileHelpers: Saving map 'AngTest' took 0.559
[2019.01.26-11.29.48:264][ 65]Cmd: OBJ SAVEPACKAGE PACKAGE="/Game/Pickup_BP_Weapon" FILE="../../../../../../Users/h017026h/Documents/Game Jame/GGJ2019/GGJ2019/Content/Pickup_BP_Weapon.uasset" SILENT=true
[2019.01.26-11.29.48:321][ 65]LogSavePackage: Moving '../../../../../../Users/h017026h/Documents/Game Jame/GGJ2019/GGJ2019/Saved/Pickup_BP_Weapon6597061F4BB7D523A97531ADF32E20B9.tmp' to '../../../../../../Users/h017026h/Documents/Game Jame/GGJ2019/GGJ2019/Content/Pickup_BP_Weapon.uasset'
[2019.01.26-11.29.48:480][ 82]LogTemp: Repeating last play command: Selected Viewport
[2019.01.26-11.29.48:511][ 82]BlueprintLog: New page: Pre-Play auto-recompile
[2019.01.26-11.29.48:527][ 82]LogPlayLevel: [PlayLevel] Compiling Pickup_BP_Weapon before play...
[2019.01.26-11.29.48:534][ 82]LogActor: Warning: Pickup_BP_Weapon_C /Game/AngTest.AngTest:PersistentLevel.Pickup_BP_Weapon_12 has natively added scene component(s), but none of them were set as the actor's RootComponent - picking one arbitrarily
[2019.01.26-11.29.48:535][ 82]LogActor: Warning: Pickup_BP_Weapon_C /Engine/Transient.World_8:PersistentLevel.Pickup_BP_Weapon_C_0 has natively added scene component(s), but none of them were set as the actor's RootComponent - picking one arbitrarily
[2019.01.26-11.29.48:535][ 82]LogActor: Warning: Pickup_BP_Weapon_C /Engine/Transient.World_1:PersistentLevel.Pickup_BP_Weapon_C_1 has natively added scene component(s), but none of them were set as the actor's RootComponent - picking one arbitrarily
[2019.01.26-11.29.48:644][ 82]LogActor: Warning: Pickup_BP_Weapon_C /Engine/Transient.World_1:PersistentLevel.Pickup_BP_Weapon_C_2 has natively added scene component(s), but none of them were set as the actor's RootComponent - picking one arbitrarily
[2019.01.26-11.29.48:700][ 82]LogPlayLevel: PlayLevel: Blueprint regeneration took 189 ms (1 blueprints)
[2019.01.26-11.29.48:700][ 82]PIE: New page: PIE session: AngTest (26 Jan 2019 11:29:48)
[2019.01.26-11.29.48:701][ 82]LogPlayLevel: Creating play world package: /Game/UEDPIE_0_AngTest
[2019.01.26-11.29.48:719][ 82]LogPlayLevel: PIE: StaticDuplicateObject took: (0.018081s)
[2019.01.26-11.29.48:719][ 82]LogAIModule: Creating AISystem for world AngTest
[2019.01.26-11.29.48:720][ 82]LogPlayLevel: PIE: World Init took: (0.000778s)
[2019.01.26-11.29.48:720][ 82]LogPlayLevel: PIE: Created PIE world by copying editor world from /Game/AngTest.AngTest to /Game/UEDPIE_0_AngTest.AngTest (0.019202s)
[2019.01.26-11.29.48:757][ 82]LogInit: XAudio2 using 'Headset Earphone (Corsair VOID PRO USB Gaming Headset )' : 2 channels at 48 kHz using 16 bits per sample (channel mask 0x3)
[2019.01.26-11.29.48:768][ 82]LogInit: FAudioDevice initialized.
[2019.01.26-11.29.48:806][ 82]LogLoad: Game class is 'GGJ2019GM_C'
[2019.01.26-11.29.48:812][ 82]LogWorld: Bringing World /Game/UEDPIE_0_AngTest.AngTest up for play (max tick rate 0) at 2019.01.26-11.29.48
[2019.01.26-11.29.48:813][ 82]LogWorld: Bringing up level for play took: 0.004650
[2019.01.26-11.29.48:832][ 82]PIE: Play in editor start time for /Game/UEDPIE_0_AngTest -0.133
[2019.01.26-11.29.52:587][521]LogBlueprintUserMessages: [Player_BP_Base_C_0] picked up
[2019.01.26-11.29.56:057][937]LogBlueprintUserMessages: [Player_BP_Base_C_0] put in fridge
[2019.01.26-11.29.58:084][180]LogSlate: Updating window title bar state: overlay mode, drag disabled, window buttons hidden, title bar hidden
[2019.01.26-11.29.58:125][180]LogPlayLevel: Display: Shutting down PIE online subsystems
[2019.01.26-11.29.58:178][180]LogSlate: Updating window title bar state: overlay mode, drag disabled, window buttons hidden, title bar hidden
[2019.01.26-11.29.58:206][181]LogPlayLevel: Display: Destroying online subsystem :Context_15
[2019.01.26-11.29.59:861][377]LogSlate: FSceneViewport::OnFocusLost() reason 2
[2019.01.26-11.30.01:405][556]LogSlate: FSceneViewport::OnFocusLost() reason 2
[2019.01.26-11.30.01:634][556]Cmd: OBJ SAVEPACKAGE PACKAGE="/Game/AngTest" FILE="../../../../../../Users/h017026h/Documents/Game Jame/GGJ2019/GGJ2019/Content/AngTest.umap" SILENT=true AUTOSAVING=false KEEPDIRTY=false
[2019.01.26-11.30.01:910][556]LogSavePackage: Moving '../../../../../../Users/h017026h/Documents/Game Jame/GGJ2019/GGJ2019/Saved/AngTest0B0E1D6E4352D40951BA7C8135D8B1E6.tmp' to '../../../../../../Users/h017026h/Documents/Game Jame/GGJ2019/GGJ2019/Content/AngTest.umap'
[2019.01.26-11.30.01:968][556]LogFileHelpers: Saving map 'AngTest' took 0.559
[2019.01.26-11.30.06:857][824]LogSlate: FSceneViewport::OnFocusLost() reason 0
[2019.01.26-11.30.07:119][829]LogActorComponent: UnregisterComponent: (/Engine/Transient.EditorFloorComp) Not registered. Aborting.
[2019.01.26-11.30.07:184][829]LogActorComponent: UnregisterComponent: (/Engine/Transient.EditorFloorComp) Not registered. Aborting.
[2019.01.26-11.30.07:250][829]LogActorComponent: UnregisterComponent: (/Engine/Transient.EditorFloorComp) Not registered. Aborting.
[2019.01.26-11.30.07:332][829]LogSlate: Window 'GGJ2019 - Unreal Editor' being destroyed
[2019.01.26-11.30.07:556][830]Cmd: QUIT_EDITOR
[2019.01.26-11.30.07:841][830]LogWindowsTextInputMethodSystem: Display: IME system now deactivated.
[2019.01.26-11.30.07:869][830]LogExit: Preparing to exit.
[2019.01.26-11.30.08:454][830]LogExit: Editor shut down
[2019.01.26-11.30.08:454][830]LogExit: Transaction tracking system shut down
[2019.01.26-11.30.09:250][830]LogExit: Object subsystem successfully closed.
[2019.01.26-11.30.09:306][830]LogShaderCompilers: Display: Shaders left to compile 0
[2019.01.26-11.30.09:312][830]LogD3D11RHI: Shutdown
[2019.01.26-11.30.09:312][830]LogD3D11RHI: CleanupD3DDevice
[2019.01.26-11.30.09:316][830]LogD3D11RHI: ~FD3D11DynamicRHI
[2019.01.26-11.30.09:377][830]LogModuleManager: Shutting down and abandoning module MovieSceneCapture (618)
[2019.01.26-11.30.09:378][830]LogModuleManager: Shutting down and abandoning module Voice (616)
[2019.01.26-11.30.09:378][830]LogModuleManager: Shutting down and abandoning module BlueprintGraph (614)
[2019.01.26-11.30.09:378][830]LogModuleManager: Shutting down and abandoning module HierarchicalLODOutliner (612)
[2019.01.26-11.30.09:378][830]LogModuleManager: Shutting down and abandoning module SceneOutliner (610)
[2019.01.26-11.30.09:378][830]LogModuleManager: Shutting down and abandoning module AddContentDialog (608)
[2019.01.26-11.30.09:379][830]LogModuleManager: Shutting down and abandoning module WidgetCarousel (607)
[2019.01.26-11.30.09:379][830]LogModuleManager: Shutting down and abandoning module EditorWidgets (604)
[2019.01.26-11.30.09:380][830]LogModuleManager: Shutting down and abandoning module CollectionManager (602)
[2019.01.26-11.30.09:380][830]LogModuleManager: Shutting down and abandoning module StatsViewer (600)
[2019.01.26-11.30.09:380][830]LogModuleManager: Shutting down and abandoning module FoliageEdit (598)
[2019.01.26-11.30.09:380][830]LogModuleManager: Shutting down and abandoning module LandscapeEditor (596)
[2019.01.26-11.30.09:380][830]LogModuleManager: Shutting down and abandoning module MeshPaintMode (594)
[2019.01.26-11.30.09:381][830]LogModuleManager: Shutting down and abandoning module SceneDepthPickerMode (592)
[2019.01.26-11.30.09:381][830]LogModuleManager: Shutting down and abandoning module ActorPickerMode (590)
[2019.01.26-11.30.09:381][830]LogModuleManager: Shutting down and abandoning module GeometryMode (588)
[2019.01.26-11.30.09:381][830]LogModuleManager: Shutting down and abandoning module TextureAlignMode (586)
[2019.01.26-11.30.09:381][830]LogModuleManager: Shutting down and abandoning module BspMode (584)
[2019.01.26-11.30.09:381][830]LogModuleManager: Shutting down and abandoning module PIEPreviewDeviceProfileSelector (582)
[2019.01.26-11.30.09:381][830]LogModuleManager: Shutting down and abandoning module SequenceRecorderSections (580)
[2019.01.26-11.30.09:382][830]LogModuleManager: Shutting down and abandoning module AutomationWorker (578)
[2019.01.26-11.30.09:382][830]LogModuleManager: Shutting down and abandoning module AudioCaptureEditor (576)
[2019.01.26-11.30.09:382][830]LogModuleManager: Shutting down and abandoning module SequenceRecorder (575)
[2019.01.26-11.30.09:382][830]LogModuleManager: Shutting down and abandoning module MatineeToLevelSequence (572)
[2019.01.26-11.30.09:382][830]LogModuleManager: Shutting down and abandoning module LevelSequenceEditor (570)
[2019.01.26-11.30.09:382][830]LogModuleManager: Shutting down and abandoning module PlacementMode (569)
[2019.01.26-11.30.09:382][830]LogModuleManager: Shutting down and abandoning module MaterialEditor (568)
[2019.01.26-11.30.09:382][830]LogModuleManager: Shutting down and abandoning module WmfMediaFactory (564)
[2019.01.26-11.30.09:383][830]LogModuleManager: Shutting down and abandoning module WmfMediaEditor (562)
[2019.01.26-11.30.09:383][830]LogModuleManager: Shutting down and abandoning module MediaPlayerEditor (560)
[2019.01.26-11.30.09:383][830]LogModuleManager: Shutting down and abandoning module OpenExrWrapper (558)
[2019.01.26-11.30.09:383][830]LogModuleManager: Shutting down and abandoning module ImgMediaFactory (556)
[2019.01.26-11.30.09:383][830]LogModuleManager: Shutting down and abandoning module ImgMediaEditor (554)
[2019.01.26-11.30.09:383][830]LogModuleManager: Shutting down and abandoning module AvfMediaFactory (552)
[2019.01.26-11.30.09:384][830]LogModuleManager: Shutting down and abandoning module AvfMediaEditor (550)
[2019.01.26-11.30.09:384][830]LogModuleManager: Shutting down and abandoning module AndroidMediaFactory (548)
[2019.01.26-11.30.09:384][830]LogModuleManager: Shutting down and abandoning module AndroidMediaEditor (546)
[2019.01.26-11.30.09:384][830]LogModuleManager: Shutting down and abandoning module MagicLeapCameraPreviewFactory (544)
[2019.01.26-11.30.09:384][830]LogModuleManager: Shutting down and abandoning module MagicLeapMediaFactory (542)
[2019.01.26-11.30.09:384][830]LogModuleManager: Shutting down and abandoning module MagicLeapMediaEditor (540)
[2019.01.26-11.30.09:384][830]LogModuleManager: Shutting down and abandoning module CharacterAI (538)
[2019.01.26-11.30.09:384][830]LogModuleManager: Shutting down and abandoning module SmartSnapping (536)
[2019.01.26-11.30.09:384][830]LogModuleManager: Shutting down and abandoning module SessionServices (534)
[2019.01.26-11.30.09:385][830]LogModuleManager: Shutting down and abandoning module ViewportSnapping (532)
[2019.01.26-11.30.09:385][830]LogModuleManager: Shutting down and abandoning module ViewportInteraction (530)
[2019.01.26-11.30.09:385][830]LogModuleManager: Shutting down and abandoning module ClothPainter (528)
[2019.01.26-11.30.09:385][830]LogModuleManager: Shutting down and abandoning module SkeletalMeshEditor (527)
[2019.01.26-11.30.09:386][830]LogModuleManager: Shutting down and abandoning module LogVisualizer (524)
[2019.01.26-11.30.09:386][830]LogModuleManager: Shutting down and abandoning module IntroTutorials (522)
[2019.01.26-11.30.09:386][830]LogModuleManager: Shutting down and abandoning module GameProjectGeneration (521)
[2019.01.26-11.30.09:386][830]LogModuleManager: Shutting down and abandoning module LuminPlatformEditor (518)
[2019.01.26-11.30.09:387][830]LogModuleManager: Shutting down and abandoning module IOSPlatformEditor (516)
[2019.01.26-11.30.09:387][830]LogModuleManager: Shutting down and abandoning module HTML5PlatformEditor (514)
[2019.01.26-11.30.09:387][830]LogModuleManager: Shutting down and abandoning module AndroidPlatformEditor (512)
[2019.01.26-11.30.09:387][830]LogModuleManager: Shutting down and abandoning module AndroidDeviceDetection (511)
[2019.01.26-11.30.09:853][830]LogModuleManager: Shutting down and abandoning module WindowsPlatformEditor (508)
[2019.01.26-11.30.09:853][830]LogModuleManager: Shutting down and abandoning module LuminRuntimeSettings (506)
[2019.01.26-11.30.09:854][830]LogModuleManager: Shutting down and abandoning module IOSRuntimeSettings (504)
[2019.01.26-11.30.09:854][830]LogModuleManager: Shutting down and abandoning module AndroidRuntimeSettings (502)
[2019.01.26-11.30.09:854][830]LogModuleManager: Shutting down and abandoning module InputBindingEditor (500)
[2019.01.26-11.30.09:854][830]LogModuleManager: Shutting down and abandoning module MergeActors (498)
[2019.01.26-11.30.09:854][830]LogModuleManager: Shutting down and abandoning module LocalizationDashboard (496)
[2019.01.26-11.30.09:855][830]LogModuleManager: Shutting down and abandoning module LocalizationService (495)
[2019.01.26-11.30.09:855][830]LogModuleManager: Shutting down and abandoning module HardwareTargeting (492)
[2019.01.26-11.30.09:855][830]LogModuleManager: Shutting down and abandoning module DeviceProfileEditor (490)
[2019.01.26-11.30.09:855][830]LogModuleManager: Shutting down and abandoning module UndoHistory (488)
[2019.01.26-11.30.09:855][830]LogModuleManager: Shutting down and abandoning module XmlParser (486)
[2019.01.26-11.30.09:855][830]LogModuleManager: Shutting down and abandoning module Blutility (484)
[2019.01.26-11.30.09:856][830]LogModuleManager: Shutting down and abandoning module ProjectSettingsViewer (482)
[2019.01.26-11.30.09:856][830]LogModuleManager: Shutting down and abandoning module ProjectTargetPlatformEditor (481)
[2019.01.26-11.30.09:856][830]LogModuleManager: Shutting down and abandoning module EditorSettingsViewer (478)
[2019.01.26-11.30.09:856][830]LogModuleManager: Shutting down and abandoning module SettingsEditor (476)
[2019.01.26-11.30.09:856][830]LogModuleManager: Shutting down and abandoning module ProjectLauncher (474)
[2019.01.26-11.30.09:856][830]LogModuleManager: Shutting down and abandoning module SessionFrontend (472)
[2019.01.26-11.30.09:856][830]LogModuleManager: Shutting down and abandoning module ProfilerClient (470)
[2019.01.26-11.30.09:857][830]LogModuleManager: Shutting down and abandoning module DeviceManager (468)
[2019.01.26-11.30.09:857][830]LogModuleManager: Shutting down and abandoning module TargetDeviceServices (467)
[2019.01.26-11.30.09:923][830]LogModuleManager: Shutting down and abandoning module AutomationController (464)
[2019.01.26-11.30.09:923][830]LogModuleManager: Shutting down and abandoning module AutomationWindow (462)
[2019.01.26-11.30.09:923][830]LogModuleManager: Shutting down and abandoning module Layers (460)
[2019.01.26-11.30.09:923][830]LogModuleManager: Shutting down and abandoning module ComponentVisualizers (458)
[2019.01.26-11.30.09:924][830]LogModuleManager: Shutting down and abandoning module DetailCustomizations (456)
[2019.01.26-11.30.09:924][830]LogModuleManager: Shutting down and abandoning module PackagesDialog (454)
[2019.01.26-11.30.09:924][830]LogModuleManager: Shutting down and abandoning module Persona (452)
[2019.01.26-11.30.09:924][830]LogModuleManager: Shutting down and abandoning module AdvancedPreviewScene (451)
[2019.01.26-11.30.09:924][830]LogModuleManager: Shutting down and abandoning module AnimGraph (449)
[2019.01.26-11.30.09:925][830]LogModuleManager: Shutting down and abandoning module Kismet (446)
[2019.01.26-11.30.09:932][830]LogModuleManager: Shutting down and abandoning module GraphEditor (444)
[2019.01.26-11.30.09:932][830]LogModuleManager: Shutting down and abandoning module ClassViewer (442)
[2019.01.26-11.30.09:933][830]LogModuleManager: Shutting down and abandoning module Toolbox (440)
[2019.01.26-11.30.09:933][830]LogModuleManager: Shutting down and abandoning module DesktopPlatform (439)
[2019.01.26-11.30.09:933][830]LogModuleManager: Shutting down and abandoning module ModuleUI (436)
[2019.01.26-11.30.09:933][830]LogModuleManager: Shutting down and abandoning module MovieSceneTools (434)
[2019.01.26-11.30.09:933][830]LogModuleManager: Shutting down and abandoning module OutputLog (432)
[2019.01.26-11.30.09:934][830]LogModuleManager: Shutting down and abandoning module GammaUI (430)
[2019.01.26-11.30.09:934][830]LogModuleManager: Shutting down and abandoning module Documentation (428)
[2019.01.26-11.30.09:934][830]LogModuleManager: Shutting down and abandoning module MovieSceneTracks (426)
[2019.01.26-11.30.09:934][830]LogModuleManager: Shutting down and abandoning module MovieScene (424)
[2019.01.26-11.30.09:934][830]LogModuleManager: Shutting down and abandoning module StreamingPauseRendering (422)
[2019.01.26-11.30.09:934][830]LogModuleManager: Shutting down and abandoning module LauncherPlatform (420)
[2019.01.26-11.30.09:934][830]LogModuleManager: Shutting down and abandoning module AnalyticsET (418)
[2019.01.26-11.30.09:935][830]LogModuleManager: Shutting down and abandoning module PortalServices (416)
[2019.01.26-11.30.09:935][830]LogModuleManager: Shutting down and abandoning module PortalRpc (414)
[2019.01.26-11.30.09:935][830]LogModuleManager: Shutting down and abandoning module MessagingRpc (412)
[2019.01.26-11.30.09:935][830]LogModuleManager: Shutting down and abandoning module AIModule (410)
[2019.01.26-11.30.09:935][830]LogModuleManager: Shutting down and abandoning module GameplayDebugger (409)
[2019.01.26-11.30.09:936][830]LogModuleManager: Shutting down and abandoning module AITestSuite (407)
[2019.01.26-11.30.09:936][830]LogModuleManager: Shutting down and abandoning module NavigationSystem (405)
[2019.01.26-11.30.09:936][830]LogModuleManager: Shutting down and abandoning module ProfilerService (402)
[2019.01.26-11.30.09:993][830]LogModuleManager: Shutting down and abandoning module TaskGraph (400)
[2019.01.26-11.30.09:993][830]LogModuleManager: Shutting down and abandoning module SteamVRController (398)
[2019.01.26-11.30.09:993][830]LogModuleManager: Shutting down and abandoning module ProceduralMeshComponentEditor (396)
[2019.01.26-11.30.09:993][830]LogModuleManager: Shutting down and abandoning module ProceduralMeshComponent (394)
[2019.01.26-11.30.09:993][830]LogModuleManager: Shutting down and abandoning module OculusInput (392)
[2019.01.26-11.30.09:993][830]LogModuleManager: Shutting down and abandoning module MobilePatchingUtils (390)
[2019.01.26-11.30.09:994][830]LogModuleManager: Shutting down and abandoning module EditableMesh (388)
[2019.01.26-11.30.09:994][830]LogModuleManager: Shutting down and abandoning module CustomMeshComponent (386)
[2019.01.26-11.30.09:994][830]LogModuleManager: Shutting down and abandoning module CableComponent (384)
[2019.01.26-11.30.09:995][830]LogModuleManager: Shutting down and abandoning module AudioCapture (382)
[2019.01.26-11.30.09:996][830]LogModuleManager: Shutting down and abandoning module ArchVisCharacter (380)
[2019.01.26-11.30.09:996][830]LogModuleManager: Shutting down and abandoning module AndroidPermission (378)
[2019.01.26-11.30.09:996][830]LogModuleManager: Shutting down and abandoning module NUTUnrealEngine4 (376)
[2019.01.26-11.30.09:997][830]LogModuleManager: Shutting down and abandoning module NetcodeUnitTest (374)
[2019.01.26-11.30.09:998][830]LogModuleManager: Shutting down and abandoning module MediaCompositingEditor (372)
[2019.01.26-11.30.09:998][830]LogModuleManager: Shutting down and abandoning module MediaCompositing (370)
[2019.01.26-11.30.09:998][830]LogModuleManager: Shutting down and abandoning module LinearTimecode (368)
[2019.01.26-11.30.09:998][830]LogModuleManager: Shutting down and abandoning module ImgMedia (366)
[2019.01.26-11.30.10:010][830]LogModuleManager: Shutting down and abandoning module HTML5Networking (364)
[2019.01.26-11.30.10:011][830]LogModuleManager: Shutting down and abandoning module GeometryCacheTracks (362)
[2019.01.26-11.30.10:011][830]LogModuleManager: Shutting down and abandoning module GeometryCacheSequencer (360)
[2019.01.26-11.30.10:011][830]LogModuleManager: Shutting down and abandoning module BackChannel (358)
[2019.01.26-11.30.10:011][830]LogModuleManager: Shutting down and abandoning module AppleVision (356)
[2019.01.26-11.30.10:011][830]LogModuleManager: Shutting down and abandoning module AppleImageUtils (354)
[2019.01.26-11.30.10:011][830]LogModuleManager: Shutting down and abandoning module AlembicImporter (352)
[2019.01.26-11.30.10:011][830]LogModuleManager: Shutting down and abandoning module AlembicLibrary (351)
[2019.01.26-11.30.10:011][830]LogModuleManager: Shutting down and abandoning module GeometryCache (350)
[2019.01.26-11.30.10:011][830]LogModuleManager: Shutting down and abandoning module GeometryCacheEd (349)
[2019.01.26-11.30.10:011][830]LogModuleManager: Shutting down and abandoning module DatasmithContentEditor (344)
[2019.01.26-11.30.10:012][830]LogModuleManager: Shutting down and abandoning module DatasmithContent (342)
[2019.01.26-11.30.10:013][830]LogModuleManager: Shutting down and abandoning module SpeedTreeImporter (340)
[2019.01.26-11.30.10:013][830]LogModuleManager: Shutting down and abandoning module PluginBrowser (338)
[2019.01.26-11.30.10:013][830]LogModuleManager: Shutting down and abandoning module MobileLauncherProfileWizard (336)
[2019.01.26-11.30.10:014][830]LogModuleManager: Shutting down and abandoning module PolygonModeling (334)
[2019.01.26-11.30.10:014][830]LogModuleManager: Shutting down and abandoning module MeshEditor (332)
[2019.01.26-11.30.10:014][830]LogModuleManager: Shutting down and abandoning module CryptoKeysOpenSSL (330)
[2019.01.26-11.30.10:014][830]LogModuleManager: Shutting down and abandoning module CryptoKeys (328)
[2019.01.26-11.30.10:014][830]LogModuleManager: Shutting down and abandoning module VisualStudioSourceCodeAccess (326)
[2019.01.26-11.30.10:014][830]LogModuleManager: Shutting down and abandoning module VisualStudioCodeSourceCodeAccess (324)
[2019.01.26-11.30.10:014][830]LogModuleManager: Shutting down and abandoning module UObjectPlugin (322)
[2019.01.26-11.30.10:014][830]LogModuleManager: Shutting down and abandoning module SubversionSourceControl (320)
[2019.01.26-11.30.10:015][830]LogModuleManager: Shutting down and abandoning module PerforceSourceControl (318)
[2019.01.26-11.30.10:015][830]LogModuleManager: Shutting down and abandoning module GitSourceControl (316)
[2019.01.26-11.30.10:015][830]LogModuleManager: Shutting down and abandoning module SourceControl (315)
[2019.01.26-11.30.10:015][830]LogModuleManager: Shutting down and abandoning module CLionSourceCodeAccess (312)
[2019.01.26-11.30.10:015][830]LogModuleManager: Shutting down and abandoning module LightPropagationVolumeEditor (310)
[2019.01.26-11.30.10:015][830]LogModuleManager: Shutting down and abandoning module PaperTiledImporter (308)
[2019.01.26-11.30.10:015][830]LogModuleManager: Shutting down and abandoning module PaperSpriteSheetImporter (306)
[2019.01.26-11.30.10:015][830]LogModuleManager: Shutting down and abandoning module Paper2DEditor (304)
[2019.01.26-11.30.10:016][830]LogModuleManager: Shutting down and abandoning module MeshPaint (303)
[2019.01.26-11.30.10:016][830]LogModuleManager: Shutting down and abandoning module GGJ2019 (300)
[2019.01.26-11.30.10:016][830]LogModuleManager: Shutting down and abandoning module RuntimePhysXCooking (298)
[2019.01.26-11.30.10:016][830]LogModuleManager: Shutting down and abandoning module PhysXVehiclesEditor (296)
[2019.01.26-11.30.10:016][830]LogModuleManager: Shutting down and abandoning module PhysXVehicles (294)
[2019.01.26-11.30.10:016][830]LogModuleManager: Shutting down and abandoning module OculusEditor (292)
[2019.01.26-11.30.10:016][830]LogModuleManager: Shutting down and abandoning module LocationServicesBPLibrary (290)
[2019.01.26-11.30.10:016][830]LogModuleManager: Shutting down and abandoning module ImmediatePhysicsEditor (288)
[2019.01.26-11.30.10:016][830]LogModuleManager: Shutting down and abandoning module ImmediatePhysics (286)
[2019.01.26-11.30.10:016][830]LogModuleManager: Shutting down and abandoning module ActorSequence (284)
[2019.01.26-11.30.10:017][830]LogModuleManager: Shutting down and abandoning module UdpMessaging (282)
[2019.01.26-11.30.10:118][830]LogModuleManager: Shutting down and abandoning module TcpMessaging (280)
[2019.01.26-11.30.10:219][830]LogModuleManager: Shutting down and abandoning module MagicLeapAudio (278)
[2019.01.26-11.30.10:219][830]LogModuleManager: Shutting down and abandoning module GameplayTagsEditor (276)
[2019.01.26-11.30.10:219][830]LogModuleManager: Shutting down and abandoning module FacialAnimationEditor (274)
[2019.01.26-11.30.10:219][830]LogModuleManager: Shutting down and abandoning module FacialAnimation (272)
[2019.01.26-11.30.10:219][830]LogModuleManager: Shutting down and abandoning module DataValidation (270)
[2019.01.26-11.30.10:219][830]LogModuleManager: Shutting down and abandoning module AssetManagerEditor (268)
[2019.01.26-11.30.10:219][830]LogModuleManager: Shutting down and abandoning module LevelEditor (267)
[2019.01.26-11.30.10:220][830]LogModuleManager: Shutting down and abandoning module PixelInspectorModule (266)
[2019.01.26-11.30.10:221][830]LogModuleManager: Shutting down and abandoning module CommonMenuExtensions (264)
[2019.01.26-11.30.10:221][830]LogModuleManager: Shutting down and abandoning module MainFrame (262)
[2019.01.26-11.30.10:221][830]LogModuleManager: Shutting down and abandoning module HotReload (261)
[2019.01.26-11.30.10:222][830]LogModuleManager: Shutting down and abandoning module ContentBrowser (257)
[2019.01.26-11.30.10:223][830]LogModuleManager: Shutting down and abandoning module TreeMap (255)
[2019.01.26-11.30.10:224][830]LogModuleManager: Shutting down and abandoning module LightPropagationVolumeRuntime (252)
[2019.01.26-11.30.10:224][830]LogModuleManager: Shutting down and abandoning module AISupportModule (250)
[2019.01.26-11.30.10:224][830]LogModuleManager: Shutting down and abandoning module Paper2D (248)
[2019.01.26-11.30.10:224][830]LogModuleManager: Shutting down and abandoning module WindowsMoviePlayer (246)
[2019.01.26-11.30.10:224][830]LogModuleManager: Shutting down and abandoning module WmfMedia (244)
[2019.01.26-11.30.10:227][830]LogModuleManager: Shutting down and abandoning module Media (243)
[2019.01.26-11.30.10:234][830]LogModuleManager: Shutting down and abandoning module PacketHandler (240)
[2019.01.26-11.30.10:234][830]LogModuleManager: Shutting down and abandoning module ClothingSystemEditor (238)
[2019.01.26-11.30.10:234][830]LogModuleManager: Shutting down and abandoning module ClothingSystemRuntime (236)
[2019.01.26-11.30.10:234][830]LogModuleManager: Shutting down and abandoning module MediaAssets (234)
[2019.01.26-11.30.10:235][830]LogModuleManager: Shutting down and abandoning module Overlay (232)
[2019.01.26-11.30.10:235][830]LogModuleManager: Shutting down and abandoning module OverlayEditor (231)
[2019.01.26-11.30.10:235][830]LogModuleManager: Shutting down and abandoning module VREditor (228)
[2019.01.26-11.30.10:235][830]LogModuleManager: Shutting down and abandoning module StringTableEditor (226)
[2019.01.26-11.30.10:235][830]LogModuleManager: Shutting down and abandoning module GameplayTasksEditor (224)
[2019.01.26-11.30.10:235][830]LogModuleManager: Shutting down and abandoning module BehaviorTreeEditor (222)
[2019.01.26-11.30.10:235][830]LogModuleManager: Shutting down and abandoning module FunctionalTesting (220)
[2019.01.26-11.30.10:235][830]LogModuleManager: Shutting down and abandoning module CollisionAnalyzer (218)
[2019.01.26-11.30.10:235][830]LogModuleManager: Shutting down and abandoning module WorkspaceMenuStructure (217)
[2019.01.26-11.30.10:236][830]LogModuleManager: Shutting down and abandoning module UMG (214)
[2019.01.26-11.30.10:236][830]LogModuleManager: Shutting down and abandoning module UMGEditor (213)
[2019.01.26-11.30.10:236][830]LogModuleManager: Shutting down and abandoning module Sequencer (212)
[2019.01.26-11.30.10:236][830]LogModuleManager: Shutting down and abandoning module MessageLog (209)
[2019.01.26-11.30.10:237][830]LogModuleManager: Shutting down and abandoning module SlateReflector (204)
[2019.01.26-11.30.10:237][830]LogModuleManager: Shutting down and abandoning module Slate (202)
[2019.01.26-11.30.10:237][830]LogModuleManager: Shutting down and abandoning module EditorStyle (200)
[2019.01.26-11.30.10:239][830]LogModuleManager: Shutting down and abandoning module MRMesh (198)
[2019.01.26-11.30.10:239][830]LogModuleManager: Shutting down and abandoning module SourceCodeAccess (196)
[2019.01.26-11.30.10:239][830]LogModuleManager: Shutting down and abandoning module HeadMountedDisplay (194)
[2019.01.26-11.30.10:239][830]LogModuleManager: Shutting down and abandoning module XAudio2 (192)
[2019.01.26-11.30.10:239][830]LogModuleManager: Shutting down and abandoning module Networking (190)
[2019.01.26-11.30.10:240][830]LogModuleManager: Shutting down and abandoning module Core (188)
[2019.01.26-11.30.10:240][830]LogModuleManager: Shutting down and abandoning module LevelSequence (186)
[2019.01.26-11.30.10:240][830]LogModuleManager: Shutting down and abandoning module KismetCompiler (184)
[2019.01.26-11.30.10:240][830]LogModuleManager: Shutting down and abandoning module MeshUtilities (182)
[2019.01.26-11.30.10:240][830]LogModuleManager: Shutting down and abandoning module MeshMergeUtilities (181)
[2019.01.26-11.30.10:240][830]LogModuleManager: Shutting down and abandoning module MeshReductionInterface (180)
[2019.01.26-11.30.10:240][830]LogModuleManager: Shutting down and abandoning module SimplygonSwarm (179)
[2019.01.26-11.30.10:240][830]LogModuleManager: Shutting down and abandoning module ProxyLODMeshReduction (177)
[2019.01.26-11.30.10:241][830]LogModuleManager: Shutting down and abandoning module SimplygonMeshReduction (175)
[2019.01.26-11.30.10:241][830]LogModuleManager: Shutting down and abandoning module QuadricMeshReduction (173)
[2019.01.26-11.30.10:241][830]LogModuleManager: Shutting down and abandoning module MaterialBaking (169)
[2019.01.26-11.30.10:241][830]LogModuleManager: Shutting down and abandoning module DirectoryWatcher (165)
[2019.01.26-11.30.10:241][830]LogModuleManager: Shutting down and abandoning module DerivedDataCache (162)
[2019.01.26-11.30.10:245][830]LogDerivedDataCache: Shutdown
[2019.01.26-11.30.10:245][830]LogModuleManager: Shutting down and abandoning module XGEController (160)
[2019.01.26-11.30.10:245][830]LogXGEController: Cleaning working directory: C:/Users/h017026h/AppData/Local/Temp/UnrealXGEWorkingDir/
[2019.01.26-11.30.10:246][830]LogModuleManager: Shutting down and abandoning module TargetPlatform (158)
[2019.01.26-11.30.10:246][830]LogModuleManager: Shutting down and abandoning module VulkanShaderFormat (157)
[2019.01.26-11.30.10:246][830]LogModuleManager: Shutting down and abandoning module ShaderFormatVectorVM (155)
[2019.01.26-11.30.10:246][830]LogModuleManager: Shutting down and abandoning module ShaderFormatOpenGL (153)
[2019.01.26-11.30.10:246][830]LogModuleManager: Shutting down and abandoning module ShaderFormatD3D (151)
[2019.01.26-11.30.10:246][830]LogModuleManager: Shutting down and abandoning module MetalShaderFormat (149)
[2019.01.26-11.30.10:247][830]LogModuleManager: Shutting down and abandoning module TextureFormatUncompressed (147)
[2019.01.26-11.30.10:247][830]LogModuleManager: Shutting down and abandoning module TextureFormatPVR (145)
[2019.01.26-11.30.10:247][830]LogModuleManager: Shutting down and abandoning module TextureFormatDXT (143)
[2019.01.26-11.30.10:247][830]LogModuleManager: Shutting down and abandoning module TextureFormatIntelISPCTexComp (141)
[2019.01.26-11.30.10:248][830]LogModuleManager: Shutting down and abandoning module TextureFormatASTC (139)
[2019.01.26-11.30.10:248][830]LogModuleManager: Shutting down and abandoning module ImageWrapper (138)
[2019.01.26-11.30.10:249][830]LogModuleManager: Shutting down and abandoning module TextureFormatAndroid (135)
[2019.01.26-11.30.10:249][830]LogModuleManager: Shutting down and abandoning module AudioFormatOpus (133)
[2019.01.26-11.30.10:249][830]LogModuleManager: Shutting down and abandoning module AudioFormatOgg (131)
[2019.01.26-11.30.10:249][830]LogModuleManager: Shutting down and abandoning module AudioFormatADPCM (129)
[2019.01.26-11.30.10:249][830]LogModuleManager: Shutting down and abandoning module LuminTargetPlatform (127)
[2019.01.26-11.30.10:249][830]LogModuleManager: Shutting down and abandoning module LinuxTargetPlatform (125)
[2019.01.26-11.30.10:249][830]LogModuleManager: Shutting down and abandoning module LinuxServerTargetPlatform (123)
[2019.01.26-11.30.10:249][830]LogModuleManager: Shutting down and abandoning module LinuxNoEditorTargetPlatform (121)
[2019.01.26-11.30.10:249][830]LogModuleManager: Shutting down and abandoning module LinuxClientTargetPlatform (119)
[2019.01.26-11.30.10:249][830]LogModuleManager: Shutting down and abandoning module TVOSTargetPlatform (117)
[2019.01.26-11.30.10:250][830]LogModuleManager: Shutting down and abandoning module Messaging (115)
[2019.01.26-11.30.10:250][830]LogModuleManager: Shutting down and abandoning module IOSTargetPlatform (113)
[2019.01.26-11.30.10:251][830]LogModuleManager: Shutting down and abandoning module HTML5TargetPlatform (111)
[2019.01.26-11.30.10:251][830]LogModuleManager: Shutting down and abandoning module AndroidTargetPlatform (109)
[2019.01.26-11.30.10:257][830]LogModuleManager: Shutting down and abandoning module WindowsTargetPlatform (107)
[2019.01.26-11.30.10:258][830]LogModuleManager: Shutting down and abandoning module WindowsServerTargetPlatform (105)
[2019.01.26-11.30.10:258][830]LogModuleManager: Shutting down and abandoning module WindowsNoEditorTargetPlatform (103)
[2019.01.26-11.30.10:258][830]LogModuleManager: Shutting down and abandoning module WindowsClientTargetPlatform (101)
[2019.01.26-11.30.10:258][830]LogModuleManager: Shutting down and abandoning module MacTargetPlatform (99)
[2019.01.26-11.30.10:258][830]LogModuleManager: Shutting down and abandoning module MacServerTargetPlatform (97)
[2019.01.26-11.30.10:258][830]LogModuleManager: Shutting down and abandoning module MacNoEditorTargetPlatform (95)
[2019.01.26-11.30.10:258][830]LogModuleManager: Shutting down and abandoning module MacClientTargetPlatform (93)
[2019.01.26-11.30.10:258][830]LogModuleManager: Shutting down and abandoning module AllDesktopTargetPlatform (91)
[2019.01.26-11.30.10:258][830]LogModuleManager: Shutting down and abandoning module InputCore (88)
[2019.01.26-11.30.10:258][830]LogModuleManager: Shutting down and abandoning module Settings (86)
[2019.01.26-11.30.10:258][830]LogModuleManager: Shutting down and abandoning module PhysXCooking (84)
[2019.01.26-11.30.10:258][830]LogModuleManager: Shutting down and abandoning module SteamVR (82)
[2019.01.26-11.30.10:258][830]LogModuleManager: Shutting down and abandoning module OculusHMD (80)
[2019.01.26-11.30.10:258][830]LogModuleManager: Shutting down and abandoning module ExampleDeviceProfileSelector (78)
[2019.01.26-11.30.10:259][830]LogModuleManager: Shutting down and abandoning module LauncherChunkInstaller (76)
[2019.01.26-11.30.10:259][830]LogModuleManager: Shutting down and abandoning module OnlineBlueprintSupport (74)
[2019.01.26-11.30.10:259][830]LogModuleManager: Shutting down and abandoning module OnlineSubsystem (70)
[2019.01.26-11.30.10:260][830]LogModuleManager: Shutting down and abandoning module XMPP (65)
[2019.01.26-11.30.10:260][830]LogModuleManager: Shutting down and abandoning module WebSockets (64)
[2019.01.26-11.30.10:273][830]LogModuleManager: Shutting down and abandoning module HTTP (61)
[2019.01.26-11.30.10:273][830]LogHttp: Display: Http module shutting down, but needs to wait on 1 outstanding Http requests:
[2019.01.26-11.30.10:273][830]LogHttp: Display: 	verb=[POST] url=[https://datarouter.ol.epicgames.com/datarouter/api/v1/public/data?SessionID=%7B3E37DED2-4B34-B2E7-6C0C-88BA23BD2097%7D&AppID=UEEditor.Rocket.Release&AppVersion=4.20.3-4369336%2B%2B%2BUE4%2BRelease-4.20&UserID=474d903443ae8b63be4705ae78a3445b%7C%7Ce8798e7c-7c79-4e5f-9bf9-3ee525b6f63c&AppEnvironment=datacollector-binary&UploadType=eteventstream] status=Processing
[2019.01.26-11.30.10:304][830]LogModuleManager: Shutting down and abandoning module SSL (60)
[2019.01.26-11.30.10:306][830]LogModuleManager: Shutting down and abandoning module MagicLeapEmulator (56)
[2019.01.26-11.30.10:306][830]LogModuleManager: Shutting down and abandoning module MagicLeapPrivileges (54)
[2019.01.26-11.30.10:306][830]LogModuleManager: Shutting down and abandoning module MagicLeapIdentity (52)
[2019.01.26-11.30.10:306][830]LogModuleManager: Shutting down and abandoning module MagicLeapHelperVulkan (50)
[2019.01.26-11.30.10:306][830]LogModuleManager: Shutting down and abandoning module MagicLeapHelperOpenGL (48)
[2019.01.26-11.30.10:306][830]LogModuleManager: Shutting down and abandoning module MagicLeapSecureStorage (46)
[2019.01.26-11.30.10:306][830]LogModuleManager: Shutting down and abandoning module MagicLeapGestures (44)
[2019.01.26-11.30.10:306][830]LogModuleManager: Shutting down and abandoning module MagicLeapEyeTracker (42)
[2019.01.26-11.30.10:306][830]LogModuleManager: Shutting down and abandoning module MagicLeapController (40)
[2019.01.26-11.30.10:306][830]LogSlate: Slate User Destroyed.  User Index 0, Is Virtual User: 0
[2019.01.26-11.30.10:306][830]LogModuleManager: Shutting down and abandoning module MagicLeap (38)
[2019.01.26-11.30.10:306][830]LogModuleManager: Shutting down and abandoning module AnimationModifiers (36)
[2019.01.26-11.30.10:307][830]LogModuleManager: Shutting down and abandoning module PropertyEditor (35)
[2019.01.26-11.30.10:307][830]LogModuleManager: Shutting down and abandoning module AudioEditor (32)
[2019.01.26-11.30.10:307][830]LogModuleManager: Shutting down and abandoning module TextureCompressor (30)
[2019.01.26-11.30.10:311][830]LogModuleManager: Shutting down and abandoning module ShaderCore (28)
[2019.01.26-11.30.10:311][830]LogModuleManager: Shutting down and abandoning module Landscape (26)
[2019.01.26-11.30.10:311][830]LogModuleManager: Shutting down and abandoning module SlateRHIRenderer (24)
[2019.01.26-11.30.10:313][830]LogModuleManager: Shutting down and abandoning module OpenGLDrv (22)
[2019.01.26-11.30.10:313][830]LogModuleManager: Shutting down and abandoning module D3D11RHI (20)
[2019.01.26-11.30.10:313][830]LogModuleManager: Shutting down and abandoning module AnimGraphRuntime (18)
[2019.01.26-11.30.10:313][830]LogModuleManager: Shutting down and abandoning module Renderer (16)
[2019.01.26-11.30.10:313][830]LogModuleManager: Shutting down and abandoning module Engine (14)
[2019.01.26-11.30.10:313][830]LogModuleManager: Shutting down and abandoning module CoreUObject (12)
[2019.01.26-11.30.10:314][830]LogModuleManager: Shutting down and abandoning module NetworkFile (10)
[2019.01.26-11.30.10:314][830]LogModuleManager: Shutting down and abandoning module CookedIterativeFile (8)
[2019.01.26-11.30.10:314][830]LogModuleManager: Shutting down and abandoning module StreamingFile (6)
[2019.01.26-11.30.10:314][830]LogModuleManager: Shutting down and abandoning module SandboxFile (4)
[2019.01.26-11.30.10:314][830]LogModuleManager: Shutting down and abandoning module PakFile (2)
[2019.01.26-11.30.10:347][830]LogExit: Exiting.
[2019.01.26-11.30.10:359][830]Log file closed, 01/26/19 11:30:10
