Log file open, 01/27/19 15:26:14
LogWindows: Failed to load 'aqProf.dll' (GetLastError=126)
LogWindows: File 'aqProf.dll' does not exist
LogWindows: Failed to load 'VSPerf140.dll' (GetLastError=126)
LogWindows: File 'VSPerf140.dll' does not exist
LogWindows: Failed to load 'VtuneApi.dll' (GetLastError=126)
LogWindows: File 'VtuneApi.dll' does not exist
LogWindows: Failed to load 'VtuneApi32e.dll' (GetLastError=126)
LogWindows: File 'VtuneApi32e.dll' does not exist
LogInit: Display: Running engine for game: GGJ2019
LogPlatformFile: Not using cached read wrapper
LogTaskGraph: Started task graph with 5 named threads and 23 total threads with 3 sets of task threads.
LogStats: Stats thread started at 0.515433
LogD3D11RHI: Loaded GFSDK_Aftermath_Lib.x64.dll
LogICUInternationalization: Display: ICU TimeZone Detection - Raw Offset: +0:00, Platform Override: ''
LogPluginManager: Mounting plugin Paper2D
LogPluginManager: Mounting plugin AISupport
LogPluginManager: Mounting plugin LightPropagationVolume
LogPluginManager: Mounting plugin CLionSourceCodeAccess
LogPluginManager: Mounting plugin CodeLiteSourceCodeAccess
LogPluginManager: Mounting plugin GitSourceControl
LogPluginManager: Mounting plugin KDevelopSourceCodeAccess
LogPluginManager: Mounting plugin NullSourceCodeAccess
LogPluginManager: Mounting plugin PerforceSourceControl
LogPluginManager: Mounting plugin SubversionSourceControl
LogPluginManager: Mounting plugin UObjectPlugin
LogPluginManager: Mounting plugin VisualStudioCodeSourceCodeAccess
LogPluginManager: Mounting plugin VisualStudioSourceCodeAccess
LogPluginManager: Mounting plugin XCodeSourceCodeAccess
LogPluginManager: Mounting plugin AssetManagerEditor
LogPluginManager: Mounting plugin CryptoKeys
LogPluginManager: Mounting plugin DataValidation
LogPluginManager: Mounting plugin FacialAnimation
LogPluginManager: Mounting plugin GameplayTagsEditor
LogPluginManager: Mounting plugin MacGraphicsSwitching
LogPluginManager: Mounting plugin MeshEditor
LogPluginManager: Mounting plugin MobileLauncherProfileWizard
LogPluginManager: Mounting plugin PluginBrowser
LogPluginManager: Mounting plugin SpeedTreeImporter
LogPluginManager: Mounting plugin DatasmithContent
LogPluginManager: Mounting plugin AlembicImporter
LogPluginManager: Mounting plugin AppleImageUtils
LogPluginManager: Mounting plugin AppleVision
LogPluginManager: Mounting plugin BackChannel
LogPluginManager: Mounting plugin CharacterAI
LogPluginManager: Mounting plugin GeometryCache
LogPluginManager: Mounting plugin HTML5Networking
LogPluginManager: Mounting plugin ProxyLODPlugin
LogPluginManager: Mounting plugin MagicLeap
LogPluginManager: Mounting plugin MagicLeapEmulator
LogPluginManager: Mounting plugin MagicLeapMedia
LogPluginManager: Mounting plugin AndroidMedia
LogPluginManager: Mounting plugin AvfMedia
LogPluginManager: Mounting plugin ImgMedia
LogPluginManager: Mounting plugin LinearTimecode
LogPluginManager: Mounting plugin MediaCompositing
LogPluginManager: Mounting plugin MediaPlayerEditor
LogPluginManager: Mounting plugin WmfMedia
LogPluginManager: Mounting plugin TcpMessaging
LogPluginManager: Mounting plugin UdpMessaging
LogPluginManager: Mounting plugin ActorSequence
LogPluginManager: Mounting plugin LevelSequenceEditor
LogPluginManager: Mounting plugin MatineeToLevelSequence
LogPluginManager: Mounting plugin NetcodeUnitTest
LogPluginManager: Mounting plugin NUTUnrealEngine4
LogPluginManager: Mounting plugin OnlineSubsystemGooglePlay
LogPluginManager: Mounting plugin OnlineSubsystemIOS
LogPluginManager: Mounting plugin OnlineSubsystem
LogPluginManager: Mounting plugin OnlineSubsystemNull
LogPluginManager: Mounting plugin OnlineSubsystemUtils
LogPluginManager: Mounting plugin LauncherChunkInstaller
LogPluginManager: Mounting plugin AndroidDeviceProfileSelector
LogPluginManager: Mounting plugin AndroidMoviePlayer
LogPluginManager: Mounting plugin AndroidPermission
LogPluginManager: Mounting plugin AppleMoviePlayer
LogPluginManager: Mounting plugin ArchVisCharacter
LogPluginManager: Mounting plugin AudioCapture
LogPluginManager: Mounting plugin CableComponent
LogPluginManager: Mounting plugin CustomMeshComponent
LogPluginManager: Mounting plugin EditableMesh
LogPluginManager: Mounting plugin ExampleDeviceProfileSelector
LogPluginManager: Mounting plugin GoogleCloudMessaging
LogPluginManager: Mounting plugin ImmediatePhysics
LogPluginManager: Mounting plugin IOSDeviceProfileSelector
LogPluginManager: Mounting plugin LinuxDeviceProfileSelector
LogPluginManager: Mounting plugin LocationServicesBPLibrary
LogPluginManager: Mounting plugin MobilePatchingUtils
LogPluginManager: Mounting plugin OculusVR
LogPluginManager: Plugin shader directory ../../../Engine/Plugins/Runtime/Oculus/OculusVR/Shaders found
LogPluginManager: Mapping shader source directory ../../../Engine/Plugins/Runtime/Oculus/OculusVR/Shaders to virtual directory /Plugin/OculusVR
LogPluginManager: Mounting plugin PhysXVehicles
LogPluginManager: Mounting plugin ProceduralMeshComponent
LogPluginManager: Mounting plugin RuntimePhysXCooking
LogPluginManager: Mounting plugin SteamVR
LogPluginManager: Mounting plugin WindowsMoviePlayer
LogStreaming: Display: Took  0.334s to configure plugins.
LogInit: Using libcurl 7.55.1-DEV
LogInit:  - built for x86_64-pc-win32
LogInit:  - supports SSL with OpenSSL/1.0.2h
LogInit:  - supports HTTP deflate (compression) using libz 1.2.8
LogInit:  - other features:
LogInit:      CURL_VERSION_SSL
LogInit:      CURL_VERSION_LIBZ
LogInit:      CURL_VERSION_IPV6
LogInit:      CURL_VERSION_ASYNCHDNS
LogInit:      CURL_VERSION_LARGEFILE
LogInit:      CURL_VERSION_IDN
LogInit:  CurlRequestOptions (configurable via config and command line):
LogInit:  - bVerifyPeer = false  - Libcurl will NOT verify peer certificate
LogInit:  - bUseHttpProxy = false  - Libcurl will NOT use HTTP proxy
LogInit:  - bDontReuseConnections = false  - Libcurl will reuse connections
LogInit:  - CertBundlePath = nullptr  - Libcurl will use whatever was configured at build time.
LogInit:  - MaxHostConnections = 16  - Libcurl will limit the number of connections to a host
LogInit:  - LocalHostAddr = Default
LogInit:  - BufferSize = 65536
LogInit: WinSock: version 1.1 (2.2), MaxSocks=32767, MaxUdp=65467
LogInit: Build: ++UE4+Release-4.20-CL-4369336
LogInit: Engine Version: 4.20.3-4369336+++UE4+Release-4.20
LogInit: Compatible Engine Version: 4.20.0-4212847+++UE4+Release-4.20
LogInit: Net CL: 4212847
LogInit: OS: Windows 10 (), CPU: Intel(R) Xeon(R) CPU E5-1620 v3 @ 3.50GHz, GPU: NVIDIA GeForce GTX 970
LogInit: Compiled (64-bit): Sep 17 2018 12:26:19
LogInit: Compiled with Visual C++: 19.13.26129.00
LogInit: Build Configuration: Development
LogInit: Branch Name: ++UE4+Release-4.20
LogInit: Command Line:  -skipcompile
LogInit: Base Directory: C:/Epic/UE4/UE_4.20/Engine/Binaries/Win64/
LogInit: Installed Engine Build: 1
LogDevObjectVersion: Number of dev versions registered: 20
LogDevObjectVersion:   Dev-Blueprints (B0D832E4-1F89-4F0D-ACCF-7EB736FD4AA2): 10
LogDevObjectVersion:   Dev-Build (E1C64328-A22C-4D53-A36C-8E866417BD8C): 0
LogDevObjectVersion:   Dev-Core (375EC13C-06E4-48FB-B500-84F0262A717E): 2
LogDevObjectVersion:   Dev-Editor (E4B068ED-F494-42E9-A231-DA0B2E46BB41): 24
LogDevObjectVersion:   Dev-Framework (CFFC743F-43B0-4480-9391-14DF171D2073): 34
LogDevObjectVersion:   Dev-Mobile (B02B49B5-BB20-44E9-A304-32B752E40360): 2
LogDevObjectVersion:   Dev-Networking (A4E4105C-59A1-49B5-A7C5-40C4547EDFEE): 0
LogDevObjectVersion:   Dev-Online (39C831C9-5AE6-47DC-9A44-9C173E1C8E7C): 0
LogDevObjectVersion:   Dev-Physics (78F01B33-EBEA-4F98-B9B4-84EACCB95AA2): 0
LogDevObjectVersion:   Dev-Platform (6631380F-2D4D-43E0-8009-CF276956A95A): 0
LogDevObjectVersion:   Dev-Rendering (12F88B9F-8875-4AFC-A67C-D90C383ABD29): 26
LogDevObjectVersion:   Dev-Sequencer (7B5AE74C-D270-4C10-A958-57980B212A5A): 9
LogDevObjectVersion:   Dev-VR (D7296918-1DD6-4BDD-9DE2-64A83CC13884): 2
LogDevObjectVersion:   Dev-LoadTimes (C2A15278-BFE7-4AFE-6C17-90FF531DF755): 1
LogDevObjectVersion:   Private-Geometry (6EACA3D4-40EC-4CC1-B786-8BED09428FC5): 3
LogDevObjectVersion:   Dev-AnimPhys (29E575DD-E0A3-4627-9D10-D276232CDCEA): 17
LogDevObjectVersion:   Dev-ReflectionCapture (6B266CEC-1EC7-4B8F-A30B-E4D90942FC07): 1
LogDevObjectVersion:   Dev-Automation (0DF73D61-A23F-47EA-B727-89E90C41499A): 1
LogDevObjectVersion:   FortniteMain (601D1886-AC64-4F84-AA16-D3DE0DEAC7D6): 12
LogDevObjectVersion:   Dev-Enterprise (9DFFBCD6-494F-0158-E221-12823C92A888): 1
LogStreaming: Display: Took  0.015s to delete old logs.
LogInit: Presizing for max 8388607 objects, including 0 objects not considered by GC, pre-allocating 0 bytes for permanent pool.
LogInit: Object subsystem initialized
[2019.01.27-15.26.14:854][  0]LogInit: Selected Device Profile: [Windows]
[2019.01.27-15.26.14:854][  0]LogInit: Applying CVar settings loaded from the selected device profile: [Windows]
[2019.01.27-15.26.14:900][  0]LogHAL: Display: Platform has ~ 16 GB [17092038656 / 17179869184 / 16], which maps to Larger [LargestMinGB=32, LargerMinGB=12, DefaultMinGB=8, SmallerMinGB=6, SmallestMinGB=0)
[2019.01.27-15.26.14:900][  0]LogInit: Setting Device Profile CVar: [[r.Vulkan.UseRealUBs:1]]
[2019.01.27-15.26.14:901][  0]LogInit: Going up to parent DeviceProfile []
[2019.01.27-15.26.14:902][  0]LogInit: Computer: C115-8
[2019.01.27-15.26.14:902][  0]LogInit: User: p018236h
[2019.01.27-15.26.14:902][  0]LogInit: CPU Page size=4096, Cores=4
[2019.01.27-15.26.14:902][  0]LogInit: High frequency timer resolution =3.410072 MHz
[2019.01.27-15.26.14:903][  0]LogMemory: Memory total: Physical=15.9GB (16GB approx)
[2019.01.27-15.26.14:903][  0]LogMemory: Platform Memory Stats for Windows
[2019.01.27-15.26.14:903][  0]LogMemory: Process Physical Memory: 101.52 MB used, 101.52 MB peak
[2019.01.27-15.26.14:903][  0]LogMemory: Process Virtual Memory: 84.27 MB used, 84.27 MB peak
[2019.01.27-15.26.14:903][  0]LogMemory: Physical Memory: 6360.93 MB used,  9939.30 MB free, 16300.24 MB total
[2019.01.27-15.26.14:904][  0]LogMemory: Virtual Memory: 4633.59 MB used,  9939.30 MB free, 134217728.00 MB total
[2019.01.27-15.26.15:084][  0]LogInit: Using OS detected language (en-US).
[2019.01.27-15.26.15:084][  0]LogInit: Using OS detected locale (en-GB).
[2019.01.27-15.26.15:087][  0]LogTextLocalizationManager: No specific localization for 'en-US' exists, so the 'en' localization will be used.
[2019.01.27-15.26.15:534][  0]LogStreaming: Display: Took  0.451s to InitEngineTextLocalization.
[2019.01.27-15.26.15:535][  0]LogInit: Setting process to per monitor DPI aware
[2019.01.27-15.26.15:619][  0]LogSlate: New Slate User Created.  User Index 0, Is Virtual User: 0
[2019.01.27-15.26.15:619][  0]LogSlate: Slate User Registered.  User Index 0, Is Virtual User: 0
[2019.01.27-15.26.15:971][  0]LogHMD: Failed to initialize OpenVR with code 110
[2019.01.27-15.26.15:971][  0]LogD3D11RHI: D3D11 adapters:
[2019.01.27-15.26.16:074][  0]LogD3D11RHI:    0. 'NVIDIA GeForce GTX 970' (Feature Level 11_0)
[2019.01.27-15.26.16:074][  0]LogD3D11RHI:       4043/0/8150 MB DedicatedVideo/DedicatedSystem/SharedSystem, Outputs:2, VendorId:0x10de
[2019.01.27-15.26.16:080][  0]LogD3D11RHI:    1. 'Microsoft Basic Render Driver' (Feature Level 11_0)
[2019.01.27-15.26.16:080][  0]LogD3D11RHI:       0/0/8150 MB DedicatedVideo/DedicatedSystem/SharedSystem, Outputs:0, VendorId:0x1414
[2019.01.27-15.26.16:080][  0]LogD3D11RHI: Chosen D3D11 Adapter: 0
[2019.01.27-15.26.16:089][  0]LogD3D11RHI: Creating new Direct3DDevice
[2019.01.27-15.26.16:089][  0]LogD3D11RHI:     GPU DeviceId: 0x13c2 (for the marketing name, search the web for "GPU Device Id")
[2019.01.27-15.26.16:089][  0]LogWindows: EnumDisplayDevices:
[2019.01.27-15.26.16:089][  0]LogWindows:    0. 'NVIDIA GeForce GTX 970' (P:1 D:1)
[2019.01.27-15.26.16:090][  0]LogWindows:    1. 'NVIDIA GeForce GTX 970' (P:0 D:1)
[2019.01.27-15.26.16:090][  0]LogWindows:    2. 'NVIDIA GeForce GTX 970' (P:0 D:0)
[2019.01.27-15.26.16:091][  0]LogWindows:    3. 'NVIDIA GeForce GTX 970' (P:0 D:0)
[2019.01.27-15.26.16:091][  0]LogWindows: DebugString: FoundDriverCount:4 
[2019.01.27-15.26.16:091][  0]LogD3D11RHI:     Adapter Name: NVIDIA GeForce GTX 970
[2019.01.27-15.26.16:091][  0]LogD3D11RHI:   Driver Version: 398.82 (internal:24.21.13.9882, unified:398.82)
[2019.01.27-15.26.16:091][  0]LogD3D11RHI:      Driver Date: 7-30-2018
[2019.01.27-15.26.16:091][  0]LogRHI: Texture pool is 2830 MB (70% of 4043 MB)
[2019.01.27-15.26.16:146][  0]LogD3D11RHI: Async texture creation enabled
[2019.01.27-15.26.16:163][  0]LogD3D11RHI: GPU Timing Frequency: 1000.000000 (Debug: 2 2)
[2019.01.27-15.26.16:208][  0]LogShaderCompilers: Guid format shader working directory is -17 characters bigger than the processId version (../../../../../../Users/p018236h.STUDENT/Documents/GameJam/GGJ2019/GGJ2019/Intermediate/Shaders/WorkingDirectory/8628/).
[2019.01.27-15.26.16:209][  0]LogShaderCompilers: Cleaned the shader compiler working directory 'C:/Users/p018236h.STUDENT/AppData/Local/Temp/UnrealShaderWorkingDir/EC4E2E824269481EC6683BAEBE747FC5/'.
[2019.01.27-15.26.16:671][  0]LogTemp: Display: Loaded TP AllDesktopTargetPlatform
[2019.01.27-15.26.16:690][  0]LogTemp: Display: Loaded TP MacClientTargetPlatform
[2019.01.27-15.26.16:710][  0]LogTemp: Display: Loaded TP MacNoEditorTargetPlatform
[2019.01.27-15.26.16:731][  0]LogTemp: Display: Loaded TP MacServerTargetPlatform
[2019.01.27-15.26.16:752][  0]LogTemp: Display: Loaded TP MacTargetPlatform
[2019.01.27-15.26.16:772][  0]LogTemp: Display: Loaded TP WindowsClientTargetPlatform
[2019.01.27-15.26.16:792][  0]LogTemp: Display: Loaded TP WindowsNoEditorTargetPlatform
[2019.01.27-15.26.16:813][  0]LogTemp: Display: Loaded TP WindowsServerTargetPlatform
[2019.01.27-15.26.16:826][  0]LogTemp: Display: Loaded TP WindowsTargetPlatform
[2019.01.27-15.26.16:923][  0]LogTemp: Display: Loaded TP AndroidTargetPlatform
[2019.01.27-15.26.16:923][  0]LogTemp: Display: Loaded TP AndroidTargetPlatform
[2019.01.27-15.26.16:923][  0]LogTemp: Display: Loaded TP AndroidTargetPlatform
[2019.01.27-15.26.16:923][  0]LogTemp: Display: Loaded TP AndroidTargetPlatform
[2019.01.27-15.26.16:923][  0]LogTemp: Display: Loaded TP AndroidTargetPlatform
[2019.01.27-15.26.16:923][  0]LogTemp: Display: Loaded TP AndroidTargetPlatform
[2019.01.27-15.26.16:923][  0]LogTemp: Display: Loaded TP AndroidTargetPlatform
[2019.01.27-15.26.16:924][  0]LogTemp: Display: Loaded TP AndroidTargetPlatform
[2019.01.27-15.26.16:924][  0]LogTemp: Display: Loaded TP AndroidTargetPlatform
[2019.01.27-15.26.16:924][  0]LogTemp: Display: Loaded TP AndroidTargetPlatform
[2019.01.27-15.26.16:924][  0]LogTemp: Display: Loaded TP AndroidTargetPlatform
[2019.01.27-15.26.16:924][  0]LogTemp: Display: Loaded TP AndroidTargetPlatform
[2019.01.27-15.26.16:925][  0]LogTemp: Display: Loaded TP AndroidTargetPlatform
[2019.01.27-15.26.16:925][  0]LogTemp: Display: Loaded TP AndroidTargetPlatform
[2019.01.27-15.26.16:925][  0]LogTemp: Display: Loaded TP AndroidTargetPlatform
[2019.01.27-15.26.16:925][  0]LogTemp: Display: Loaded TP AndroidTargetPlatform
[2019.01.27-15.26.16:925][  0]LogTemp: Display: Loaded TP AndroidTargetPlatform
[2019.01.27-15.26.16:925][  0]LogTemp: Display: Loaded TP AndroidTargetPlatform
[2019.01.27-15.26.16:937][  0]LogTemp: Display: Loaded TP HTML5TargetPlatform
[2019.01.27-15.26.17:019][  0]LogTemp: Display: Loaded TP IOSTargetPlatform
[2019.01.27-15.26.17:019][  0]LogTemp: Display: Loaded TP IOSTargetPlatform
[2019.01.27-15.26.17:050][  0]LogTemp: Display: Loaded TP TVOSTargetPlatform
[2019.01.27-15.26.17:050][  0]LogTemp: Display: Loaded TP TVOSTargetPlatform
[2019.01.27-15.26.17:068][  0]LogTemp: Display: Loaded TP LinuxClientTargetPlatform
[2019.01.27-15.26.17:095][  0]LogTemp: Display: Loaded TP LinuxNoEditorTargetPlatform
[2019.01.27-15.26.17:118][  0]LogTemp: Display: Loaded TP LinuxServerTargetPlatform
[2019.01.27-15.26.17:152][  0]LogTemp: Display: Loaded TP LinuxTargetPlatform
[2019.01.27-15.26.17:166][  0]LogTemp: Display: Loaded TP LuminTargetPlatform
[2019.01.27-15.26.17:166][  0]LogTargetPlatformManager: Display: Building Assets For Windows
[2019.01.27-15.26.17:342][  0]LogXGEController: Cleaning working directory: C:/Users/p018236h.STUDENT/AppData/Local/Temp/UnrealXGEWorkingDir/
[2019.01.27-15.26.17:342][  0]LogXGEController: Cannot use XGE Controller as Incredibuild is not installed on this machine.
[2019.01.27-15.26.17:343][  0]LogShaderCompilers: Cannot use XGE Shader Compiler as Incredibuild is not installed on this machine.
[2019.01.27-15.26.17:343][  0]LogShaderCompilers: Display: Using Local Shader Compiler.
[2019.01.27-15.26.18:525][  0]LogDerivedDataCache: Display: Max Cache Size: 512 MB
[2019.01.27-15.26.18:660][  0]LogDerivedDataCache: Loaded boot cache 0.13s 71MB C:/Users/p018236h.STUDENT/AppData/Local/UnrealEngine/4.20/DerivedDataCache/Boot.ddc.
[2019.01.27-15.26.18:660][  0]LogDerivedDataCache: Display: Loaded Boot cache: C:/Users/p018236h.STUDENT/AppData/Local/UnrealEngine/4.20/DerivedDataCache/Boot.ddc
[2019.01.27-15.26.18:661][  0]LogDerivedDataCache: FDerivedDataBackendGraph:  Pak pak cache file ../../../../../../Users/p018236h.STUDENT/Documents/GameJam/GGJ2019/GGJ2019/DerivedDataCache/DDC.ddp not found, will not use a pak cache.
[2019.01.27-15.26.18:661][  0]LogDerivedDataCache: Unable to find inner node Pak for hierarchical cache Hierarchy.
[2019.01.27-15.26.18:661][  0]LogDerivedDataCache: FDerivedDataBackendGraph:  CompressedPak pak cache file ../../../../../../Users/p018236h.STUDENT/Documents/GameJam/GGJ2019/GGJ2019/DerivedDataCache/Compressed.ddp not found, will not use a pak cache.
[2019.01.27-15.26.18:661][  0]LogDerivedDataCache: Unable to find inner node CompressedPak for hierarchical cache Hierarchy.
[2019.01.27-15.26.18:673][  0]LogDerivedDataCache: Display: Pak cache opened for reading ../../../Engine/DerivedDataCache/Compressed.ddp.
[2019.01.27-15.26.18:688][  0]LogDerivedDataCache: Using Local data cache path C:/Users/p018236h.STUDENT/AppData/Local/UnrealEngine/Common/DerivedDataCache: Writable
[2019.01.27-15.26.18:688][  0]LogDerivedDataCache: Shared data cache path not found in *engine.ini, will not use an Shared cache.
[2019.01.27-15.26.18:689][  0]LogDerivedDataCache: Unable to find inner node Shared for hierarchical cache Hierarchy.
[2019.01.27-15.26.18:729][  0]LogMaterial: Verifying Global Shaders for PCD3D_SM5
[2019.01.27-15.26.18:733][  0]LogSlate: Using FreeType 2.6.0
[2019.01.27-15.26.18:734][  0]LogSlate: SlateFontServices - WITH_FREETYPE: 1, WITH_HARFBUZZ: 1
[2019.01.27-15.26.18:842][  0]LogAssetRegistry: FAssetRegistry took 0.0331 seconds to start up
[2019.01.27-15.26.19:317][  0]LogInit: Selected Device Profile: [Windows]
[2019.01.27-15.26.19:501][  0]LogSimplygon: Simplygon DLL not present - disabling.
[2019.01.27-15.26.19:511][  0]LogMeshReduction: Using SimplygonSwarm for distributed automatic mesh merging
[2019.01.27-15.26.19:511][  0]LogMeshReduction: Using ProxyLODMeshReduction for automatic mesh merging
[2019.01.27-15.26.19:511][  0]LogMeshReduction: Using QuadricMeshReduction for automatic static mesh reduction
[2019.01.27-15.26.19:511][  0]LogMeshReduction: No automatic skeletal mesh reduction module available
[2019.01.27-15.26.19:533][  0]LogNetVersion: GGJ2019 1.0.0, NetCL: 4212847, EngineNetVer: 5, GameNetVer: 0 (Checksum: 54619999)
[2019.01.27-15.26.20:390][  0]LogPackageLocalizationCache: Processed 11 localized package path(s) for 2 prioritized culture(s) in 0.261215 seconds
[2019.01.27-15.26.20:398][  0]LogUObjectArray: 38425 objects as part of root set at end of initial load.
[2019.01.27-15.26.20:398][  0]LogUObjectAllocator: 6690872 out of 0 bytes used by permanent object pool.
[2019.01.27-15.26.20:399][  0]LogUObjectArray: CloseDisregardForGC: 0/0 objects in disregard for GC pool
[2019.01.27-15.26.21:740][  0]LogTcpMessaging: Initializing TcpMessaging bridge
[2019.01.27-15.26.21:758][  0]LogUdpMessaging: Initializing bridge on interface 0.0.0.0:0 to multicast group 230.0.0.1:6666.
[2019.01.27-15.26.22:012][  0]SourceControl: Source control is disabled
[2019.01.27-15.26.22:012][  0]SourceControl: Source control is disabled
[2019.01.27-15.26.22:016][  0]SourceControl: Source control is disabled
[2019.01.27-15.26.22:020][  0]SourceControl: Source control is disabled
[2019.01.27-15.26.22:376][  0]LogAndroidPermission: UAndroidPermissionCallbackProxy::GetInstance
[2019.01.27-15.26.22:500][  0]LogOcInput: OculusInput pre-init called
[2019.01.27-15.26.22:586][  0]LogEngine: Initializing Engine...
[2019.01.27-15.26.22:587][  0]LogHMD: Failed to initialize OpenVR with code 110
[2019.01.27-15.26.22:589][  0]LogStats: UGameplayTagsManager::ConstructGameplayTagTree: ImportINI prefixes -  0.000 s
[2019.01.27-15.26.22:589][  0]LogStats: UGameplayTagsManager::ConstructGameplayTagTree: Construct from data asset -  0.000 s
[2019.01.27-15.26.22:589][  0]LogStats: UGameplayTagsManager::ConstructGameplayTagTree: ImportINI -  0.000 s
[2019.01.27-15.26.22:590][  0]LogStats: UGameplayTagsManager::ConstructGameplayTagTree: GameplayTagTreeChangedEvent.Broadcast -  0.000 s
[2019.01.27-15.26.22:881][  0]LogInit: Initializing FReadOnlyCVARCache
[2019.01.27-15.26.22:923][  0]LogAIModule: Creating AISystem for world Untitled
[2019.01.27-15.26.22:943][  0]LogInit: XAudio2 using 'Speakers (Realtek High Definition Audio)' : 2 channels at 48 kHz using 32 bits per sample (channel mask 0x3)
[2019.01.27-15.26.22:989][  0]LogInit: FAudioDevice initialized.
[2019.01.27-15.26.22:989][  0]LogNetVersion: Set ProjectVersion to 1.0.0.0. Version Checksum will be recalculated on next use.
[2019.01.27-15.26.23:090][  0]LogDerivedDataCache: Saved boot cache 0.10s 71MB C:/Users/p018236h.STUDENT/AppData/Local/UnrealEngine/4.20/DerivedDataCache/Boot.ddc.
[2019.01.27-15.26.23:097][  0]LogInit: Texture streaming: Enabled
[2019.01.27-15.26.23:158][  0]LogEngineSessionManager: EngineSessionManager initialized
[2019.01.27-15.26.23:158][  0]LogEngineSessionManager: EngineSessionManager sent abnormal shutdown report. Type=Debugger, SessionId={2146966A-41EC-8867-8D12-28AD5A28203F}
[2019.01.27-15.26.23:180][  0]LogInit: Transaction tracking system initialized
[2019.01.27-15.26.23:245][  0]BlueprintLog: New page: Editor Load
[2019.01.27-15.26.23:451][  0]LocalizationService: Localization service is disabled
[2019.01.27-15.26.23:832][  0]LogCook: Display: Max memory allowance for cook 16384mb min free memory 0mb
[2019.01.27-15.26.23:832][  0]LogCook: Display: Mobile HDR setting 1
[2019.01.27-15.26.23:832][  0]LogGameplayTags: Display: UGameplayTagsManager::DoneAddingNativeTags. DelegateIsBound: 0
[2019.01.27-15.26.23:833][  0]LogStats: UGameplayTagsManager::ConstructGameplayTagTree: ImportINI prefixes -  0.000 s
[2019.01.27-15.26.23:833][  0]LogStats: UGameplayTagsManager::ConstructGameplayTagTree: Construct from data asset -  0.000 s
[2019.01.27-15.26.23:833][  0]LogStats: UGameplayTagsManager::ConstructGameplayTagTree: ImportINI -  0.000 s
[2019.01.27-15.26.23:833][  0]LogStats: UGameplayTagsManager::ConstructGameplayTagTree: GameplayTagTreeChangedEvent.Broadcast -  0.000 s
[2019.01.27-15.26.24:065][  0]LogFileCache: Scanning file cache for directory 'C:/Users/p018236h.STUDENT/Documents/GameJam/GGJ2019/GGJ2019/Content/' took 0.02s
[2019.01.27-15.26.24:065][  0]SourceControl: Source control is disabled
[2019.01.27-15.26.24:065][  0]Cmd: MAP LOAD FILE="../../../../../../Users/p018236h.STUDENT/Documents/GameJam/GGJ2019/GGJ2019/Content/GameLevel.umap" TEMPLATE=0 SHOWPROGRESS=1 FEATURELEVEL=3
[2019.01.27-15.26.24:066][  0]LogEditorServer: Warning: Can't find file '../../../../../../Users/p018236h.STUDENT/Documents/GameJam/GGJ2019/GGJ2019/Content/GameLevel.umap'
[2019.01.27-15.26.24:066][  0]Cmd: MAP CHECKDEP NOCLEARLOG
[2019.01.27-15.26.24:248][  0]MapCheck: Map check complete: 0 Error(s), 0 Warning(s), took 182.378ms to complete.
[2019.01.27-15.26.24:248][  0]LogFileHelpers: Loading map 'GameLevel' took 0.183
[2019.01.27-15.26.24:369][  0]LogSlate: Updating window title bar state: overlay mode, drag disabled, window buttons hidden, title bar hidden
[2019.01.27-15.26.24:378][  0]LogSlate: Updating window title bar state: overlay mode, drag disabled, window buttons hidden, title bar hidden
[2019.01.27-15.26.24:386][  0]LogSlate: Updating window title bar state: overlay mode, drag disabled, window buttons hidden, title bar hidden
[2019.01.27-15.26.24:395][  0]LogSlate: Updating window title bar state: overlay mode, drag disabled, window buttons hidden, title bar hidden
[2019.01.27-15.26.24:410][  0]LogCollectionManager: Loaded 0 collections in 0.003953 seconds
[2019.01.27-15.26.24:481][  0]LogFileCache: Scanning file cache for directory 'C:/Users/p018236h.STUDENT/Documents/GameJam/GGJ2019/GGJ2019/Saved/Collections/' took 0.01s
[2019.01.27-15.26.24:481][  0]LogFileCache: Scanning file cache for directory 'C:/Users/p018236h.STUDENT/Documents/GameJam/GGJ2019/GGJ2019/Content/Developers/p018236h/Collections/' took 0.01s
[2019.01.27-15.26.24:482][  0]LogFileCache: Scanning file cache for directory 'C:/Users/p018236h.STUDENT/Documents/GameJam/GGJ2019/GGJ2019/Content/Collections/' took 0.01s
[2019.01.27-15.26.24:482][  0]LogCollectionManager: Rebuilt the GUID cache for 0 collections in 0.000001 seconds
[2019.01.27-15.26.24:500][  0]LogContentBrowser: Native class hierarchy populated in 0.0178 seconds. Added 2585 classes and 606 folders.
[2019.01.27-15.26.24:530][  0]LogContentBrowser: Native class hierarchy updated for 'WidgetCarousel' in 0.0012 seconds. Added 0 classes and 0 folders.
[2019.01.27-15.26.24:644][  0]LogContentBrowser: Native class hierarchy updated for 'AddContentDialog' in 0.0005 seconds. Added 0 classes and 0 folders.
[2019.01.27-15.26.24:655][  0]LogContentBrowser: Native class hierarchy updated for 'SceneOutliner' in 0.0005 seconds. Added 1 classes and 2 folders.
[2019.01.27-15.26.24:670][  0]LogSlate: Took 0.000272 seconds to synchronously load lazily loaded font '../../../Engine/Content/Slate/Fonts/Roboto-Regular.ttf' (155K)
[2019.01.27-15.26.24:673][  0]LogSlate: Took 0.000324 seconds to synchronously load lazily loaded font '../../../Engine/Content/Slate/Fonts/Roboto-Bold.ttf' (160K)
[2019.01.27-15.26.24:680][  0]LogSlate: Took 0.000210 seconds to synchronously load lazily loaded font '../../../Engine/Content/Editor/Slate/Fonts/FontAwesome.ttf' (139K)
[2019.01.27-15.26.24:769][  0]LogRenderer: Reallocating scene render targets to support 1208x576 Format 10 NumSamples 1 (Frame:1).
[2019.01.27-15.26.24:955][  0]LogContentBrowser: Native class hierarchy updated for 'HierarchicalLODOutliner' in 0.0016 seconds. Added 0 classes and 0 folders.
[2019.01.27-15.26.24:956][  0]LogLoad: (Engine Initialization) Total time: 13.89 seconds
[2019.01.27-15.26.24:956][  0]LogLoad: (Engine Initialization) Total Blueprint compile time: 0.00 seconds
[2019.01.27-15.26.24:971][  0]LogWindowsTextInputMethodSystem: Display: IME system now deactivated.
[2019.01.27-15.26.25:022][  0]LogContentStreaming: Texture pool size now 1000 MB
[2019.01.27-15.26.25:084][  1]LogFileCache: Retrieving MD5 hashes for directory 'C:/Users/p018236h.STUDENT/Documents/GameJam/GGJ2019/GGJ2019/Content/' took 0.10s
[2019.01.27-15.26.25:140][  2]LogAssetRegistry: Asset discovery search completed in 6.3254 seconds
[2019.01.27-15.26.25:142][  2]LogCollectionManager: Rebuilt the object cache for 0 collections in 0.000000 seconds (found 0 objects)
[2019.01.27-15.26.25:143][  2]LogCollectionManager: Fixed up redirectors for 0 collections in 0.000191 seconds (updated 0 objects)
[2019.01.27-15.26.25:164][  2]LogSlate: Took 0.000377 seconds to synchronously load lazily loaded font '../../../Engine/Content/Slate/Fonts/Roboto-Light.ttf' (167K)
[2019.01.27-15.26.53:438][336]LogSlate: FSceneViewport::OnFocusLost() reason 0
[2019.01.27-15.27.07:829][738]LogSlate: Took 0.000279 seconds to synchronously load lazily loaded font '../../../Engine/Content/Slate/Fonts/Roboto-Light.ttf' (167K)
[2019.01.27-15.27.07:838][738]LogAssetEditorManager: Opening Asset editor for Blueprint /Game/BP_Assets/UI_BP_Manager.UI_BP_Manager
[2019.01.27-15.27.08:358][738]LogContentBrowser: Native class hierarchy updated for 'BlueprintGraph' in 0.0018 seconds. Added 116 classes and 0 folders.
[2019.01.27-15.27.09:310][738]LogSlate: Took 0.000696 seconds to synchronously load lazily loaded font '../../../Engine/Content/Slate/Fonts/Roboto-BoldCondensed.ttf' (158K)
[2019.01.27-15.27.09:384][739]LogSlate: Took 0.000308 seconds to synchronously load lazily loaded font '../../../Engine/Content/Slate/Fonts/Roboto-Italic.ttf' (157K)
[2019.01.27-15.27.11:114][908]LogSlate: Window 'UI_BP_Manager' being destroyed
[2019.01.27-15.27.33:952][491]LogAssetEditorManager: Opening Asset editor for WidgetBlueprint /Game/StarterContent/Maps/User_Interface/Play_Widget.Play_Widget
[2019.01.27-15.27.38:139][748]LogSlate: Window 'Play_Widget' being destroyed
[2019.01.27-15.27.55:140][497]LogEditorTransaction: Undo Delete current selection
[2019.01.27-15.27.58:511][894]LogEditorTransaction: Redo Delete current selection
[2019.01.27-15.28.13:951][729]BlueprintLog: New page: Compile Play_Widget
[2019.01.27-15.28.15:243][856]LogSavePackage: Moving '../../../../../../Users/p018236h.STUDENT/Documents/GameJam/GGJ2019/GGJ2019/Saved/Play_Widget165F7FA0493B96A86C2342B2B1517320.tmp' to '../../../../../../Users/p018236h.STUDENT/Documents/GameJam/GGJ2019/GGJ2019/Content/StarterContent/Maps/User_Interface/Play_Widget.uasset'
[2019.01.27-15.28.21:472][474]LogSavePackage: Moving '../../../../../../Users/p018236h.STUDENT/Documents/GameJam/GGJ2019/GGJ2019/Saved/Play_WidgetD055BCE64B0BE81323D098B12F857D2E.tmp' to '../../../../../../Users/p018236h.STUDENT/Documents/GameJam/GGJ2019/GGJ2019/Content/StarterContent/Maps/User_Interface/Play_Widget.uasset'
[2019.01.27-15.28.26:986][942]LogAIModule: Creating AISystem for world Reee_Test
[2019.01.27-15.28.27:077][942]LogAssetEditorManager: Opening Asset editor for World /Game/StarterContent/Maps/Reee_Test.Reee_Test
[2019.01.27-15.28.27:125][942]Cmd: MAP LOAD FILE="../../../../../../Users/p018236h.STUDENT/Documents/GameJam/GGJ2019/GGJ2019/Content/StarterContent/Maps/Reee_Test.umap" TEMPLATE=0 SHOWPROGRESS=1 FEATURELEVEL=3
[2019.01.27-15.28.27:125][942]LightingResults: New page: Lighting Build
[2019.01.27-15.28.27:130][942]LogContentBrowser: Native class hierarchy updated for 'StatsViewer' in 0.0005 seconds. Added 5 classes and 0 folders.
[2019.01.27-15.28.27:131][942]LoadErrors: New page: Loading map: Reee_Test.umap
[2019.01.27-15.28.27:131][942]MapCheck: New page: Map Check
[2019.01.27-15.28.27:132][942]LightingResults: New page: Lighting Build
[2019.01.27-15.28.27:248][942]LogEditorServer: Finished looking for orphan Actors (0.000 secs)
[2019.01.27-15.28.27:354][942]Cmd: MAP CHECKDEP NOCLEARLOG
[2019.01.27-15.28.27:675][942]MapCheck: Map check complete: 0 Error(s), 0 Warning(s), took 321.054ms to complete.
[2019.01.27-15.28.27:677][942]LogFileHelpers: Loading map 'Reee_Test' took 0.553
[2019.01.27-15.28.28:258][983]LogTemp: Repeating last play command: Selected Viewport
[2019.01.27-15.28.28:288][983]LogBlueprintUserMessages: Early PlayInEditor Detection: Level '/Game/StarterContent/Maps/Reee_Test.Reee_Test:PersistentLevel' has LevelScriptBlueprint '/Game/StarterContent/Maps/Reee_Test.Reee_Test:PersistentLevel.Reee_Test' with GeneratedClass '/Game/StarterContent/Maps/Reee_Test.Reee_Test_C' with ClassGeneratedBy '/Game/StarterContent/Maps/Reee_Test.Reee_Test:PersistentLevel.Reee_Test'
[2019.01.27-15.28.28:288][983]LogPlayLevel: PlayLevel: No blueprints needed recompiling
[2019.01.27-15.28.28:303][983]PIE: New page: PIE session: Reee_Test (27 Jan 2019 15:28:28)
[2019.01.27-15.28.28:303][983]LogPlayLevel: Creating play world package: /Game/StarterContent/Maps/UEDPIE_0_Reee_Test
[2019.01.27-15.28.28:331][983]LogPlayLevel: PIE: StaticDuplicateObject took: (0.028348s)
[2019.01.27-15.28.28:332][983]LogAIModule: Creating AISystem for world Reee_Test
[2019.01.27-15.28.28:332][983]LogPlayLevel: PIE: World Init took: (0.000992s)
[2019.01.27-15.28.28:333][983]LogPlayLevel: PIE: Created PIE world by copying editor world from /Game/StarterContent/Maps/Reee_Test.Reee_Test to /Game/StarterContent/Maps/UEDPIE_0_Reee_Test.Reee_Test (0.029867s)
[2019.01.27-15.28.28:363][983]LogInit: XAudio2 using 'Speakers (Realtek High Definition Audio)' : 2 channels at 48 kHz using 32 bits per sample (channel mask 0x3)
[2019.01.27-15.28.28:381][983]LogInit: FAudioDevice initialized.
[2019.01.27-15.28.28:443][983]LogLoad: Game class is 'GGJ2019GM_C'
[2019.01.27-15.28.28:460][983]LogWorld: Bringing World /Game/StarterContent/Maps/UEDPIE_0_Reee_Test.Reee_Test up for play (max tick rate 0) at 2019.01.27-15.28.28
[2019.01.27-15.28.28:466][983]LogWorld: Bringing up level for play took: 0.021247
