Log file open, 01/26/19 12:47:14
LogWindows: Failed to load 'aqProf.dll' (GetLastError=126)
LogWindows: File 'aqProf.dll' does not exist
LogWindows: Failed to load 'VSPerf140.dll' (GetLastError=126)
LogWindows: File 'VSPerf140.dll' does not exist
LogWindows: Failed to load 'VtuneApi.dll' (GetLastError=126)
LogWindows: File 'VtuneApi.dll' does not exist
LogWindows: Failed to load 'VtuneApi32e.dll' (GetLastError=126)
LogWindows: File 'VtuneApi32e.dll' does not exist
LogInit: Display: Running engine for game: GGJ2019
LogPlatformFile: Not using cached read wrapper
LogTaskGraph: Started task graph with 5 named threads and 23 total threads with 3 sets of task threads.
LogStats: Stats thread started at 0.447603
LogD3D11RHI: Loaded GFSDK_Aftermath_Lib.x64.dll
LogICUInternationalization: Display: ICU TimeZone Detection - Raw Offset: +0:00, Platform Override: ''
LogPluginManager: Mounting plugin Paper2D
LogPluginManager: Mounting plugin AISupport
LogPluginManager: Mounting plugin LightPropagationVolume
LogPluginManager: Mounting plugin CLionSourceCodeAccess
LogPluginManager: Mounting plugin CodeLiteSourceCodeAccess
LogPluginManager: Mounting plugin GitSourceControl
LogPluginManager: Mounting plugin KDevelopSourceCodeAccess
LogPluginManager: Mounting plugin NullSourceCodeAccess
LogPluginManager: Mounting plugin PerforceSourceControl
LogPluginManager: Mounting plugin SubversionSourceControl
LogPluginManager: Mounting plugin UObjectPlugin
LogPluginManager: Mounting plugin VisualStudioCodeSourceCodeAccess
LogPluginManager: Mounting plugin VisualStudioSourceCodeAccess
LogPluginManager: Mounting plugin XCodeSourceCodeAccess
LogPluginManager: Mounting plugin AssetManagerEditor
LogPluginManager: Mounting plugin CryptoKeys
LogPluginManager: Mounting plugin DataValidation
LogPluginManager: Mounting plugin FacialAnimation
LogPluginManager: Mounting plugin GameplayTagsEditor
LogPluginManager: Mounting plugin MacGraphicsSwitching
LogPluginManager: Mounting plugin MeshEditor
LogPluginManager: Mounting plugin MobileLauncherProfileWizard
LogPluginManager: Mounting plugin PluginBrowser
LogPluginManager: Mounting plugin SpeedTreeImporter
LogPluginManager: Mounting plugin DatasmithContent
LogPluginManager: Mounting plugin AlembicImporter
LogPluginManager: Mounting plugin AppleImageUtils
LogPluginManager: Mounting plugin AppleVision
LogPluginManager: Mounting plugin BackChannel
LogPluginManager: Mounting plugin CharacterAI
LogPluginManager: Mounting plugin GeometryCache
LogPluginManager: Mounting plugin HTML5Networking
LogPluginManager: Mounting plugin ProxyLODPlugin
LogPluginManager: Mounting plugin MagicLeap
LogPluginManager: Mounting plugin MagicLeapEmulator
LogPluginManager: Mounting plugin MagicLeapMedia
LogPluginManager: Mounting plugin AndroidMedia
LogPluginManager: Mounting plugin AvfMedia
LogPluginManager: Mounting plugin ImgMedia
LogPluginManager: Mounting plugin LinearTimecode
LogPluginManager: Mounting plugin MediaCompositing
LogPluginManager: Mounting plugin MediaPlayerEditor
LogPluginManager: Mounting plugin WmfMedia
LogPluginManager: Mounting plugin TcpMessaging
LogPluginManager: Mounting plugin UdpMessaging
LogPluginManager: Mounting plugin ActorSequence
LogPluginManager: Mounting plugin LevelSequenceEditor
LogPluginManager: Mounting plugin MatineeToLevelSequence
LogPluginManager: Mounting plugin NetcodeUnitTest
LogPluginManager: Mounting plugin NUTUnrealEngine4
LogPluginManager: Mounting plugin OnlineSubsystemGooglePlay
LogPluginManager: Mounting plugin OnlineSubsystemIOS
LogPluginManager: Mounting plugin OnlineSubsystem
LogPluginManager: Mounting plugin OnlineSubsystemNull
LogPluginManager: Mounting plugin OnlineSubsystemUtils
LogPluginManager: Mounting plugin LauncherChunkInstaller
LogPluginManager: Mounting plugin AndroidDeviceProfileSelector
LogPluginManager: Mounting plugin AndroidMoviePlayer
LogPluginManager: Mounting plugin AndroidPermission
LogPluginManager: Mounting plugin AppleMoviePlayer
LogPluginManager: Mounting plugin ArchVisCharacter
LogPluginManager: Mounting plugin AudioCapture
LogPluginManager: Mounting plugin CableComponent
LogPluginManager: Mounting plugin CustomMeshComponent
LogPluginManager: Mounting plugin EditableMesh
LogPluginManager: Mounting plugin ExampleDeviceProfileSelector
LogPluginManager: Mounting plugin GoogleCloudMessaging
LogPluginManager: Mounting plugin ImmediatePhysics
LogPluginManager: Mounting plugin IOSDeviceProfileSelector
LogPluginManager: Mounting plugin LinuxDeviceProfileSelector
LogPluginManager: Mounting plugin LocationServicesBPLibrary
LogPluginManager: Mounting plugin MobilePatchingUtils
LogPluginManager: Mounting plugin OculusVR
LogPluginManager: Plugin shader directory ../../../Engine/Plugins/Runtime/Oculus/OculusVR/Shaders found
LogPluginManager: Mapping shader source directory ../../../Engine/Plugins/Runtime/Oculus/OculusVR/Shaders to virtual directory /Plugin/OculusVR
LogPluginManager: Mounting plugin PhysXVehicles
LogPluginManager: Mounting plugin ProceduralMeshComponent
LogPluginManager: Mounting plugin RuntimePhysXCooking
LogPluginManager: Mounting plugin SteamVR
LogPluginManager: Mounting plugin WindowsMoviePlayer
LogStreaming: Display: Took  0.258s to configure plugins.
LogInit: Using libcurl 7.55.1-DEV
LogInit:  - built for x86_64-pc-win32
LogInit:  - supports SSL with OpenSSL/1.0.2h
LogInit:  - supports HTTP deflate (compression) using libz 1.2.8
LogInit:  - other features:
LogInit:      CURL_VERSION_SSL
LogInit:      CURL_VERSION_LIBZ
LogInit:      CURL_VERSION_IPV6
LogInit:      CURL_VERSION_ASYNCHDNS
LogInit:      CURL_VERSION_LARGEFILE
LogInit:      CURL_VERSION_IDN
LogInit:  CurlRequestOptions (configurable via config and command line):
LogInit:  - bVerifyPeer = false  - Libcurl will NOT verify peer certificate
LogInit:  - bUseHttpProxy = false  - Libcurl will NOT use HTTP proxy
LogInit:  - bDontReuseConnections = false  - Libcurl will reuse connections
LogInit:  - CertBundlePath = nullptr  - Libcurl will use whatever was configured at build time.
LogInit:  - MaxHostConnections = 16  - Libcurl will limit the number of connections to a host
LogInit:  - LocalHostAddr = Default
LogInit:  - BufferSize = 65536
LogInit: WinSock: version 1.1 (2.2), MaxSocks=32767, MaxUdp=65467
LogInit: Build: ++UE4+Release-4.20-CL-4369336
LogInit: Engine Version: 4.20.3-4369336+++UE4+Release-4.20
LogInit: Compatible Engine Version: 4.20.0-4212847+++UE4+Release-4.20
LogInit: Net CL: 4212847
LogInit: OS: Windows 10 (), CPU: Intel(R) Xeon(R) CPU E5-1620 v3 @ 3.50GHz, GPU: NVIDIA GeForce GTX 970
LogInit: Compiled (64-bit): Sep 17 2018 12:26:19
LogInit: Compiled with Visual C++: 19.13.26129.00
LogInit: Build Configuration: Development
LogInit: Branch Name: ++UE4+Release-4.20
LogInit: Command Line:  -skipcompile
LogInit: Base Directory: C:/Epic/UE4/UE_4.20/Engine/Binaries/Win64/
LogInit: Installed Engine Build: 1
LogDevObjectVersion: Number of dev versions registered: 20
LogDevObjectVersion:   Dev-Blueprints (B0D832E4-1F89-4F0D-ACCF-7EB736FD4AA2): 10
LogDevObjectVersion:   Dev-Build (E1C64328-A22C-4D53-A36C-8E866417BD8C): 0
LogDevObjectVersion:   Dev-Core (375EC13C-06E4-48FB-B500-84F0262A717E): 2
LogDevObjectVersion:   Dev-Editor (E4B068ED-F494-42E9-A231-DA0B2E46BB41): 24
LogDevObjectVersion:   Dev-Framework (CFFC743F-43B0-4480-9391-14DF171D2073): 34
LogDevObjectVersion:   Dev-Mobile (B02B49B5-BB20-44E9-A304-32B752E40360): 2
LogDevObjectVersion:   Dev-Networking (A4E4105C-59A1-49B5-A7C5-40C4547EDFEE): 0
LogDevObjectVersion:   Dev-Online (39C831C9-5AE6-47DC-9A44-9C173E1C8E7C): 0
LogDevObjectVersion:   Dev-Physics (78F01B33-EBEA-4F98-B9B4-84EACCB95AA2): 0
LogDevObjectVersion:   Dev-Platform (6631380F-2D4D-43E0-8009-CF276956A95A): 0
LogDevObjectVersion:   Dev-Rendering (12F88B9F-8875-4AFC-A67C-D90C383ABD29): 26
LogDevObjectVersion:   Dev-Sequencer (7B5AE74C-D270-4C10-A958-57980B212A5A): 9
LogDevObjectVersion:   Dev-VR (D7296918-1DD6-4BDD-9DE2-64A83CC13884): 2
LogDevObjectVersion:   Dev-LoadTimes (C2A15278-BFE7-4AFE-6C17-90FF531DF755): 1
LogDevObjectVersion:   Private-Geometry (6EACA3D4-40EC-4CC1-B786-8BED09428FC5): 3
LogDevObjectVersion:   Dev-AnimPhys (29E575DD-E0A3-4627-9D10-D276232CDCEA): 17
LogDevObjectVersion:   Dev-ReflectionCapture (6B266CEC-1EC7-4B8F-A30B-E4D90942FC07): 1
LogDevObjectVersion:   Dev-Automation (0DF73D61-A23F-47EA-B727-89E90C41499A): 1
LogDevObjectVersion:   FortniteMain (601D1886-AC64-4F84-AA16-D3DE0DEAC7D6): 12
LogDevObjectVersion:   Dev-Enterprise (9DFFBCD6-494F-0158-E221-12823C92A888): 1
LogStreaming: Display: Took  0.006s to delete old logs.
LogInit: Presizing for max 8388607 objects, including 0 objects not considered by GC, pre-allocating 0 bytes for permanent pool.
LogInit: Object subsystem initialized
[2019.01.26-12.47.14:600][  0]LogInit: Selected Device Profile: [Windows]
[2019.01.26-12.47.14:600][  0]LogInit: Applying CVar settings loaded from the selected device profile: [Windows]
[2019.01.26-12.47.14:617][  0]LogHAL: Display: Platform has ~ 16 GB [17092038656 / 17179869184 / 16], which maps to Larger [LargestMinGB=32, LargerMinGB=12, DefaultMinGB=8, SmallerMinGB=6, SmallestMinGB=0)
[2019.01.26-12.47.14:617][  0]LogInit: Setting Device Profile CVar: [[r.Vulkan.UseRealUBs:1]]
[2019.01.26-12.47.14:617][  0]LogInit: Going up to parent DeviceProfile []
[2019.01.26-12.47.14:618][  0]LogInit: Computer: C115-12
[2019.01.26-12.47.14:618][  0]LogInit: User: h017026h
[2019.01.26-12.47.14:618][  0]LogInit: CPU Page size=4096, Cores=4
[2019.01.26-12.47.14:618][  0]LogInit: High frequency timer resolution =3.410072 MHz
[2019.01.26-12.47.14:619][  0]LogMemory: Memory total: Physical=15.9GB (16GB approx)
[2019.01.26-12.47.14:619][  0]LogMemory: Platform Memory Stats for Windows
[2019.01.26-12.47.14:619][  0]LogMemory: Process Physical Memory: 102.08 MB used, 102.08 MB peak
[2019.01.26-12.47.14:619][  0]LogMemory: Process Virtual Memory: 89.24 MB used, 89.24 MB peak
[2019.01.26-12.47.14:619][  0]LogMemory: Physical Memory: 6837.76 MB used,  9462.48 MB free, 16300.24 MB total
[2019.01.26-12.47.14:619][  0]LogMemory: Virtual Memory: 4638.79 MB used,  9462.48 MB free, 134217728.00 MB total
[2019.01.26-12.47.14:734][  0]LogInit: Using OS detected language (en-US).
[2019.01.26-12.47.14:734][  0]LogInit: Using OS detected locale (en-GB).
[2019.01.26-12.47.14:736][  0]LogTextLocalizationManager: No specific localization for 'en-US' exists, so the 'en' localization will be used.
[2019.01.26-12.47.15:152][  0]LogStreaming: Display: Took  0.418s to InitEngineTextLocalization.
[2019.01.26-12.47.15:152][  0]LogInit: Setting process to per monitor DPI aware
[2019.01.26-12.47.15:226][  0]LogSlate: New Slate User Created.  User Index 0, Is Virtual User: 0
[2019.01.26-12.47.15:227][  0]LogSlate: Slate User Registered.  User Index 0, Is Virtual User: 0
[2019.01.26-12.47.15:554][  0]LogHMD: Failed to initialize OpenVR with code 110
[2019.01.26-12.47.15:555][  0]LogD3D11RHI: D3D11 adapters:
[2019.01.26-12.47.15:648][  0]LogD3D11RHI:    0. 'NVIDIA GeForce GTX 970' (Feature Level 11_0)
[2019.01.26-12.47.15:648][  0]LogD3D11RHI:       4043/0/8150 MB DedicatedVideo/DedicatedSystem/SharedSystem, Outputs:2, VendorId:0x10de
[2019.01.26-12.47.15:653][  0]LogD3D11RHI:    1. 'Microsoft Basic Render Driver' (Feature Level 11_0)
[2019.01.26-12.47.15:653][  0]LogD3D11RHI:       0/0/8150 MB DedicatedVideo/DedicatedSystem/SharedSystem, Outputs:0, VendorId:0x1414
[2019.01.26-12.47.15:653][  0]LogD3D11RHI: Chosen D3D11 Adapter: 0
[2019.01.26-12.47.15:663][  0]LogD3D11RHI: Creating new Direct3DDevice
[2019.01.26-12.47.15:663][  0]LogD3D11RHI:     GPU DeviceId: 0x13c2 (for the marketing name, search the web for "GPU Device Id")
[2019.01.26-12.47.15:663][  0]LogWindows: EnumDisplayDevices:
[2019.01.26-12.47.15:663][  0]LogWindows:    0. 'NVIDIA GeForce GTX 970' (P:1 D:1)
[2019.01.26-12.47.15:664][  0]LogWindows:    1. 'NVIDIA GeForce GTX 970' (P:0 D:1)
[2019.01.26-12.47.15:664][  0]LogWindows:    2. 'NVIDIA GeForce GTX 970' (P:0 D:0)
[2019.01.26-12.47.15:665][  0]LogWindows:    3. 'NVIDIA GeForce GTX 970' (P:0 D:0)
[2019.01.26-12.47.15:665][  0]LogWindows: DebugString: FoundDriverCount:4 
[2019.01.26-12.47.15:665][  0]LogD3D11RHI:     Adapter Name: NVIDIA GeForce GTX 970
[2019.01.26-12.47.15:665][  0]LogD3D11RHI:   Driver Version: 398.82 (internal:24.21.13.9882, unified:398.82)
[2019.01.26-12.47.15:665][  0]LogD3D11RHI:      Driver Date: 7-30-2018
[2019.01.26-12.47.15:665][  0]LogRHI: Texture pool is 2830 MB (70% of 4043 MB)
[2019.01.26-12.47.15:717][  0]LogD3D11RHI: Async texture creation enabled
[2019.01.26-12.47.15:735][  0]LogD3D11RHI: GPU Timing Frequency: 1000.000000 (Debug: 2 2)
[2019.01.26-12.47.15:780][  0]LogShaderCompilers: Guid format shader working directory is -19 characters bigger than the processId version (../../../../../../Users/h017026h/Documents/Game Jame/GGJ2019/GGJ2019/Intermediate/Shaders/WorkingDirectory/2752/).
[2019.01.26-12.47.15:781][  0]LogShaderCompilers: Cleaned the shader compiler working directory 'C:/Users/h017026h/AppData/Local/Temp/UnrealShaderWorkingDir/060EDFD64DAF14AF007DD7B129C42B4F/'.
[2019.01.26-12.47.16:165][  0]LogTemp: Display: Loaded TP AllDesktopTargetPlatform
[2019.01.26-12.47.16:183][  0]LogTemp: Display: Loaded TP MacClientTargetPlatform
[2019.01.26-12.47.16:204][  0]LogTemp: Display: Loaded TP MacNoEditorTargetPlatform
[2019.01.26-12.47.16:223][  0]LogTemp: Display: Loaded TP MacServerTargetPlatform
[2019.01.26-12.47.16:244][  0]LogTemp: Display: Loaded TP MacTargetPlatform
[2019.01.26-12.47.16:263][  0]LogTemp: Display: Loaded TP WindowsClientTargetPlatform
[2019.01.26-12.47.16:282][  0]LogTemp: Display: Loaded TP WindowsNoEditorTargetPlatform
[2019.01.26-12.47.16:301][  0]LogTemp: Display: Loaded TP WindowsServerTargetPlatform
[2019.01.26-12.47.16:313][  0]LogTemp: Display: Loaded TP WindowsTargetPlatform
[2019.01.26-12.47.16:416][  0]LogTemp: Display: Loaded TP AndroidTargetPlatform
[2019.01.26-12.47.16:416][  0]LogTemp: Display: Loaded TP AndroidTargetPlatform
[2019.01.26-12.47.16:416][  0]LogTemp: Display: Loaded TP AndroidTargetPlatform
[2019.01.26-12.47.16:416][  0]LogTemp: Display: Loaded TP AndroidTargetPlatform
[2019.01.26-12.47.16:416][  0]LogTemp: Display: Loaded TP AndroidTargetPlatform
[2019.01.26-12.47.16:416][  0]LogTemp: Display: Loaded TP AndroidTargetPlatform
[2019.01.26-12.47.16:416][  0]LogTemp: Display: Loaded TP AndroidTargetPlatform
[2019.01.26-12.47.16:416][  0]LogTemp: Display: Loaded TP AndroidTargetPlatform
[2019.01.26-12.47.16:416][  0]LogTemp: Display: Loaded TP AndroidTargetPlatform
[2019.01.26-12.47.16:416][  0]LogTemp: Display: Loaded TP AndroidTargetPlatform
[2019.01.26-12.47.16:416][  0]LogTemp: Display: Loaded TP AndroidTargetPlatform
[2019.01.26-12.47.16:416][  0]LogTemp: Display: Loaded TP AndroidTargetPlatform
[2019.01.26-12.47.16:416][  0]LogTemp: Display: Loaded TP AndroidTargetPlatform
[2019.01.26-12.47.16:416][  0]LogTemp: Display: Loaded TP AndroidTargetPlatform
[2019.01.26-12.47.16:417][  0]LogTemp: Display: Loaded TP AndroidTargetPlatform
[2019.01.26-12.47.16:417][  0]LogTemp: Display: Loaded TP AndroidTargetPlatform
[2019.01.26-12.47.16:417][  0]LogTemp: Display: Loaded TP AndroidTargetPlatform
[2019.01.26-12.47.16:417][  0]LogTemp: Display: Loaded TP AndroidTargetPlatform
[2019.01.26-12.47.16:422][  0]LogTemp: Display: Loaded TP HTML5TargetPlatform
[2019.01.26-12.47.16:498][  0]LogTemp: Display: Loaded TP IOSTargetPlatform
[2019.01.26-12.47.16:498][  0]LogTemp: Display: Loaded TP IOSTargetPlatform
[2019.01.26-12.47.16:527][  0]LogTemp: Display: Loaded TP TVOSTargetPlatform
[2019.01.26-12.47.16:527][  0]LogTemp: Display: Loaded TP TVOSTargetPlatform
[2019.01.26-12.47.16:545][  0]LogTemp: Display: Loaded TP LinuxClientTargetPlatform
[2019.01.26-12.47.16:562][  0]LogTemp: Display: Loaded TP LinuxNoEditorTargetPlatform
[2019.01.26-12.47.16:580][  0]LogTemp: Display: Loaded TP LinuxServerTargetPlatform
[2019.01.26-12.47.16:599][  0]LogTemp: Display: Loaded TP LinuxTargetPlatform
[2019.01.26-12.47.16:613][  0]LogTemp: Display: Loaded TP LuminTargetPlatform
[2019.01.26-12.47.16:613][  0]LogTargetPlatformManager: Display: Building Assets For Windows
[2019.01.26-12.47.16:790][  0]LogXGEController: Cleaning working directory: C:/Users/h017026h/AppData/Local/Temp/UnrealXGEWorkingDir/
[2019.01.26-12.47.16:790][  0]LogXGEController: Cannot use XGE Controller as Incredibuild is not installed on this machine.
[2019.01.26-12.47.16:790][  0]LogShaderCompilers: Cannot use XGE Shader Compiler as Incredibuild is not installed on this machine.
[2019.01.26-12.47.16:791][  0]LogShaderCompilers: Display: Using Local Shader Compiler.
[2019.01.26-12.47.17:859][  0]LogDerivedDataCache: Display: Max Cache Size: 512 MB
[2019.01.26-12.47.17:980][  0]LogDerivedDataCache: Loaded boot cache 0.12s 71MB C:/Users/h017026h/AppData/Local/UnrealEngine/4.20/DerivedDataCache/Boot.ddc.
[2019.01.26-12.47.17:980][  0]LogDerivedDataCache: Display: Loaded Boot cache: C:/Users/h017026h/AppData/Local/UnrealEngine/4.20/DerivedDataCache/Boot.ddc
[2019.01.26-12.47.17:981][  0]LogDerivedDataCache: FDerivedDataBackendGraph:  Pak pak cache file ../../../../../../Users/h017026h/Documents/Game Jame/GGJ2019/GGJ2019/DerivedDataCache/DDC.ddp not found, will not use a pak cache.
[2019.01.26-12.47.17:981][  0]LogDerivedDataCache: Unable to find inner node Pak for hierarchical cache Hierarchy.
[2019.01.26-12.47.17:981][  0]LogDerivedDataCache: FDerivedDataBackendGraph:  CompressedPak pak cache file ../../../../../../Users/h017026h/Documents/Game Jame/GGJ2019/GGJ2019/DerivedDataCache/Compressed.ddp not found, will not use a pak cache.
[2019.01.26-12.47.17:981][  0]LogDerivedDataCache: Unable to find inner node CompressedPak for hierarchical cache Hierarchy.
[2019.01.26-12.47.17:994][  0]LogDerivedDataCache: Display: Pak cache opened for reading ../../../Engine/DerivedDataCache/Compressed.ddp.
[2019.01.26-12.47.18:007][  0]LogDerivedDataCache: Using Local data cache path C:/Users/h017026h/AppData/Local/UnrealEngine/Common/DerivedDataCache: Writable
[2019.01.26-12.47.18:007][  0]LogDerivedDataCache: Shared data cache path not found in *engine.ini, will not use an Shared cache.
[2019.01.26-12.47.18:007][  0]LogDerivedDataCache: Unable to find inner node Shared for hierarchical cache Hierarchy.
[2019.01.26-12.47.18:027][  0]LogMaterial: Verifying Global Shaders for PCD3D_SM5
[2019.01.26-12.47.18:028][  0]LogSlate: Using FreeType 2.6.0
[2019.01.26-12.47.18:029][  0]LogSlate: SlateFontServices - WITH_FREETYPE: 1, WITH_HARFBUZZ: 1
[2019.01.26-12.47.18:122][  0]LogAssetRegistry: FAssetRegistry took 0.0293 seconds to start up
[2019.01.26-12.47.18:560][  0]LogInit: Selected Device Profile: [Windows]
[2019.01.26-12.47.18:750][  0]LogSimplygon: Simplygon DLL not present - disabling.
[2019.01.26-12.47.18:761][  0]LogMeshReduction: Using SimplygonSwarm for distributed automatic mesh merging
[2019.01.26-12.47.18:761][  0]LogMeshReduction: Using ProxyLODMeshReduction for automatic mesh merging
[2019.01.26-12.47.18:761][  0]LogMeshReduction: Using QuadricMeshReduction for automatic static mesh reduction
[2019.01.26-12.47.18:761][  0]LogMeshReduction: No automatic skeletal mesh reduction module available
[2019.01.26-12.47.18:781][  0]LogNetVersion: GGJ2019 1.0.0, NetCL: 4212847, EngineNetVer: 5, GameNetVer: 0 (Checksum: 54619999)
[2019.01.26-12.47.19:462][  0]LogPackageLocalizationCache: Processed 11 localized package path(s) for 2 prioritized culture(s) in 0.170087 seconds
[2019.01.26-12.47.19:471][  0]LogUObjectArray: 38425 objects as part of root set at end of initial load.
[2019.01.26-12.47.19:471][  0]LogUObjectAllocator: 6690864 out of 0 bytes used by permanent object pool.
[2019.01.26-12.47.19:471][  0]LogUObjectArray: CloseDisregardForGC: 0/0 objects in disregard for GC pool
[2019.01.26-12.47.20:683][  0]LogTcpMessaging: Initializing TcpMessaging bridge
[2019.01.26-12.47.20:702][  0]LogUdpMessaging: Initializing bridge on interface 0.0.0.0:0 to multicast group 230.0.0.1:6666.
[2019.01.26-12.47.20:923][  0]SourceControl: Source control is disabled
[2019.01.26-12.47.20:923][  0]SourceControl: Source control is disabled
[2019.01.26-12.47.20:927][  0]SourceControl: Source control is disabled
[2019.01.26-12.47.20:931][  0]SourceControl: Source control is disabled
[2019.01.26-12.47.21:244][  0]LogAndroidPermission: UAndroidPermissionCallbackProxy::GetInstance
[2019.01.26-12.47.21:380][  0]LogOcInput: OculusInput pre-init called
[2019.01.26-12.47.21:458][  0]LogEngine: Initializing Engine...
[2019.01.26-12.47.21:459][  0]LogHMD: Failed to initialize OpenVR with code 110
[2019.01.26-12.47.21:461][  0]LogStats: UGameplayTagsManager::ConstructGameplayTagTree: ImportINI prefixes -  0.000 s
[2019.01.26-12.47.21:461][  0]LogStats: UGameplayTagsManager::ConstructGameplayTagTree: Construct from data asset -  0.000 s
[2019.01.26-12.47.21:461][  0]LogStats: UGameplayTagsManager::ConstructGameplayTagTree: ImportINI -  0.000 s
[2019.01.26-12.47.21:461][  0]LogStats: UGameplayTagsManager::ConstructGameplayTagTree: GameplayTagTreeChangedEvent.Broadcast -  0.000 s
[2019.01.26-12.47.21:706][  0]LogInit: Initializing FReadOnlyCVARCache
[2019.01.26-12.47.21:737][  0]LogAIModule: Creating AISystem for world Untitled
[2019.01.26-12.47.21:761][  0]LogInit: XAudio2 using 'Headset Earphone (Corsair VOID PRO USB Gaming Headset )' : 2 channels at 48 kHz using 16 bits per sample (channel mask 0x3)
[2019.01.26-12.47.21:781][  0]LogInit: FAudioDevice initialized.
[2019.01.26-12.47.21:782][  0]LogNetVersion: Set ProjectVersion to 1.0.0.0. Version Checksum will be recalculated on next use.
[2019.01.26-12.47.21:873][  0]LogDerivedDataCache: Saved boot cache 0.09s 71MB C:/Users/h017026h/AppData/Local/UnrealEngine/4.20/DerivedDataCache/Boot.ddc.
[2019.01.26-12.47.21:892][  0]LogInit: Texture streaming: Enabled
[2019.01.26-12.47.21:932][  0]LogEngineSessionManager: EngineSessionManager initialized
[2019.01.26-12.47.21:955][  0]LogInit: Transaction tracking system initialized
[2019.01.26-12.47.22:016][  0]BlueprintLog: New page: Editor Load
[2019.01.26-12.47.22:203][  0]LocalizationService: Localization service is disabled
[2019.01.26-12.47.22:606][  0]LogCook: Display: Max memory allowance for cook 16384mb min free memory 0mb
[2019.01.26-12.47.22:607][  0]LogCook: Display: Mobile HDR setting 1
[2019.01.26-12.47.22:607][  0]LogGameplayTags: Display: UGameplayTagsManager::DoneAddingNativeTags. DelegateIsBound: 0
[2019.01.26-12.47.22:607][  0]LogStats: UGameplayTagsManager::ConstructGameplayTagTree: ImportINI prefixes -  0.000 s
[2019.01.26-12.47.22:607][  0]LogStats: UGameplayTagsManager::ConstructGameplayTagTree: Construct from data asset -  0.000 s
[2019.01.26-12.47.22:607][  0]LogStats: UGameplayTagsManager::ConstructGameplayTagTree: ImportINI -  0.000 s
[2019.01.26-12.47.22:607][  0]LogStats: UGameplayTagsManager::ConstructGameplayTagTree: GameplayTagTreeChangedEvent.Broadcast -  0.000 s
[2019.01.26-12.47.22:850][  0]LogFileCache: Scanning file cache for directory 'C:/Users/h017026h/Documents/Game Jame/GGJ2019/GGJ2019/Content/' took 0.02s
[2019.01.26-12.47.22:850][  0]SourceControl: Source control is disabled
[2019.01.26-12.47.22:850][  0]Cmd: MAP LOAD FILE="../../../../../../Users/h017026h/Documents/Game Jame/GGJ2019/GGJ2019/Content/GameLevel.umap" TEMPLATE=0 SHOWPROGRESS=1 FEATURELEVEL=3
[2019.01.26-12.47.22:851][  0]LightingResults: New page: Lighting Build
[2019.01.26-12.47.22:856][  0]MapCheck: New page: Map Check
[2019.01.26-12.47.22:857][  0]LightingResults: New page: Lighting Build
[2019.01.26-12.47.23:178][  0]LogAIModule: Creating AISystem for world GameLevel
[2019.01.26-12.47.23:195][  0]LogEditorServer: Finished looking for orphan Actors (0.000 secs)
[2019.01.26-12.47.23:221][  0]Cmd: MAP CHECKDEP NOCLEARLOG
[2019.01.26-12.47.23:415][  0]MapCheck: Map check complete: 0 Error(s), 0 Warning(s), took 194.042ms to complete.
[2019.01.26-12.47.23:416][  0]LogFileHelpers: Loading map 'GameLevel' took 0.565
[2019.01.26-12.47.23:547][  0]LogSlate: Updating window title bar state: overlay mode, drag disabled, window buttons hidden, title bar hidden
[2019.01.26-12.47.23:556][  0]LogSlate: Updating window title bar state: overlay mode, drag disabled, window buttons hidden, title bar hidden
[2019.01.26-12.47.23:565][  0]LogSlate: Updating window title bar state: overlay mode, drag disabled, window buttons hidden, title bar hidden
[2019.01.26-12.47.23:573][  0]LogSlate: Updating window title bar state: overlay mode, drag disabled, window buttons hidden, title bar hidden
[2019.01.26-12.47.23:586][  0]LogCollectionManager: Loaded 0 collections in 0.003808 seconds
[2019.01.26-12.47.23:639][  0]LogFileCache: Scanning file cache for directory 'C:/Users/h017026h/Documents/Game Jame/GGJ2019/GGJ2019/Saved/Collections/' took 0.01s
[2019.01.26-12.47.23:639][  0]LogFileCache: Scanning file cache for directory 'C:/Users/h017026h/Documents/Game Jame/GGJ2019/GGJ2019/Content/Developers/h017026h/Collections/' took 0.01s
[2019.01.26-12.47.23:640][  0]LogFileCache: Scanning file cache for directory 'C:/Users/h017026h/Documents/Game Jame/GGJ2019/GGJ2019/Content/Collections/' took 0.01s
[2019.01.26-12.47.23:640][  0]LogCollectionManager: Rebuilt the GUID cache for 0 collections in 0.000001 seconds
[2019.01.26-12.47.23:650][  0]LogContentBrowser: Native class hierarchy populated in 0.0102 seconds. Added 2582 classes and 606 folders.
[2019.01.26-12.47.23:661][  0]LogContentBrowser: Native class hierarchy updated for 'WidgetCarousel' in 0.0005 seconds. Added 0 classes and 0 folders.
[2019.01.26-12.47.23:749][  0]LogContentBrowser: Native class hierarchy updated for 'AddContentDialog' in 0.0005 seconds. Added 0 classes and 0 folders.
[2019.01.26-12.47.23:761][  0]LogContentBrowser: Native class hierarchy updated for 'SceneOutliner' in 0.0008 seconds. Added 1 classes and 2 folders.
[2019.01.26-12.47.23:793][  0]LogSlate: Took 0.000307 seconds to synchronously load lazily loaded font '../../../Engine/Content/Slate/Fonts/Roboto-Regular.ttf' (155K)
[2019.01.26-12.47.23:795][  0]LogSlate: Took 0.000299 seconds to synchronously load lazily loaded font '../../../Engine/Content/Slate/Fonts/Roboto-Bold.ttf' (160K)
[2019.01.26-12.47.23:802][  0]LogSlate: Took 0.000360 seconds to synchronously load lazily loaded font '../../../Engine/Content/Editor/Slate/Fonts/FontAwesome.ttf' (139K)
[2019.01.26-12.47.23:889][  0]LogRenderer: Reallocating scene render targets to support 1208x576 Format 10 NumSamples 1 (Frame:1).
[2019.01.26-12.47.23:952][  0]LogSlate: Took 0.000231 seconds to synchronously load lazily loaded font '../../../Engine/Content/Slate/Fonts/Roboto-Light.ttf' (167K)
[2019.01.26-12.47.24:054][  0]LogContentBrowser: Native class hierarchy updated for 'HierarchicalLODOutliner' in 0.0007 seconds. Added 0 classes and 0 folders.
[2019.01.26-12.47.24:054][  0]LogLoad: (Engine Initialization) Total time: 12.88 seconds
[2019.01.26-12.47.24:054][  0]LogLoad: (Engine Initialization) Total Blueprint compile time: 0.00 seconds
[2019.01.26-12.47.24:064][  0]LogWindowsTextInputMethodSystem: Display: IME system now deactivated.
[2019.01.26-12.47.24:100][  0]LogContentStreaming: Texture pool size now 1000 MB
[2019.01.26-12.47.24:170][  1]LogFileCache: Retrieving MD5 hashes for directory 'C:/Users/h017026h/Documents/Game Jame/GGJ2019/GGJ2019/Content/' took 0.09s
[2019.01.26-12.47.24:186][  1]LogAssetRegistry: Asset discovery search completed in 6.0889 seconds
[2019.01.26-12.47.24:188][  1]LogCollectionManager: Rebuilt the object cache for 0 collections in 0.000000 seconds (found 0 objects)
[2019.01.26-12.47.24:188][  1]LogCollectionManager: Fixed up redirectors for 0 collections in 0.000150 seconds (updated 0 objects)
[2019.01.26-12.47.25:983][194]LogSlate: FSceneViewport::OnFocusLost() reason 0
[2019.01.26-12.47.26:169][215]LogSlate: Took 0.000240 seconds to synchronously load lazily loaded font '../../../Engine/Content/Slate/Fonts/Roboto-Light.ttf' (167K)
[2019.01.26-12.47.26:298][215]LogAIModule: Creating AISystem for world AngTest
[2019.01.26-12.47.26:308][215]LogAssetEditorManager: Opening Asset editor for World /Game/AngTest.AngTest
[2019.01.26-12.47.26:332][215]Cmd: MAP LOAD FILE="../../../../../../Users/h017026h/Documents/Game Jame/GGJ2019/GGJ2019/Content/AngTest.umap" TEMPLATE=0 SHOWPROGRESS=1 FEATURELEVEL=3
[2019.01.26-12.47.26:332][215]LightingResults: New page: Lighting Build
[2019.01.26-12.47.26:333][215]LoadErrors: New page: Loading map: AngTest.umap
[2019.01.26-12.47.26:335][215]MapCheck: New page: Map Check
[2019.01.26-12.47.26:335][215]LightingResults: New page: Lighting Build
[2019.01.26-12.47.26:365][215]LogEditorServer: Finished looking for orphan Actors (0.000 secs)
[2019.01.26-12.47.26:426][215]Cmd: MAP CHECKDEP NOCLEARLOG
[2019.01.26-12.47.26:618][215]MapCheck: Map check complete: 0 Error(s), 0 Warning(s), took 193.577ms to complete.
[2019.01.26-12.47.26:620][215]LogFileHelpers: Loading map 'AngTest' took 0.290
[2019.01.26-12.47.26:673][215]LogActor: Warning: Fridge_BP_Base_C /Engine/Transient.World_1:PersistentLevel.Fridge_BP_Base_C_0 has natively added scene component(s), but none of them were set as the actor's RootComponent - picking one arbitrarily
[2019.01.26-12.47.26:752][216]LogActor: Warning: Pickup_BP_Food_C /Engine/Transient.World_2:PersistentLevel.Pickup_BP_Food_C_0 has natively added scene component(s), but none of them were set as the actor's RootComponent - picking one arbitrarily
[2019.01.26-12.47.26:794][217]LogActor: Warning: Pickup_BP_Weapon_C /Engine/Transient.World_3:PersistentLevel.Pickup_BP_Weapon_C_0 has natively added scene component(s), but none of them were set as the actor's RootComponent - picking one arbitrarily
[2019.01.26-12.47.27:804][301]LogAssetEditorManager: Opening Asset editor for Blueprint /Game/Player_BP_Base.Player_BP_Base
[2019.01.26-12.47.28:267][301]LogContentBrowser: Native class hierarchy updated for 'BlueprintGraph' in 0.0024 seconds. Added 116 classes and 0 folders.
[2019.01.26-12.47.29:177][301]LogSlate: Took 0.000283 seconds to synchronously load lazily loaded font '../../../Engine/Content/Slate/Fonts/Roboto-BoldCondensed.ttf' (158K)
[2019.01.26-12.47.29:379][302]LogSlate: Took 0.000259 seconds to synchronously load lazily loaded font '../../../Engine/Content/Slate/Fonts/Roboto-Italic.ttf' (157K)
[2019.01.26-12.49.00:128][602]BlueprintLog: New page: Compile Player_BP_Base
[2019.01.26-12.49.54:826][758]BlueprintLog: New page: Compile Player_BP_Base
[2019.01.26-12.49.56:282][897]LogTemp: Repeating last play command: Selected Viewport
[2019.01.26-12.49.56:308][897]LogPlayLevel: PlayLevel: No blueprints needed recompiling
[2019.01.26-12.49.56:323][897]PIE: New page: PIE session: AngTest (26 Jan 2019 12:49:56)
[2019.01.26-12.49.56:323][897]LogPlayLevel: Creating play world package: /Game/UEDPIE_0_AngTest
[2019.01.26-12.49.56:341][897]LogPlayLevel: PIE: StaticDuplicateObject took: (0.017730s)
[2019.01.26-12.49.56:341][897]LogAIModule: Creating AISystem for world AngTest
[2019.01.26-12.49.56:342][897]LogPlayLevel: PIE: World Init took: (0.001071s)
[2019.01.26-12.49.56:342][897]LogPlayLevel: PIE: Created PIE world by copying editor world from /Game/AngTest.AngTest to /Game/UEDPIE_0_AngTest.AngTest (0.019325s)
[2019.01.26-12.49.56:396][897]LogInit: XAudio2 using 'Headset Earphone (Corsair VOID PRO USB Gaming Headset )' : 2 channels at 48 kHz using 16 bits per sample (channel mask 0x3)
[2019.01.26-12.49.56:408][897]LogInit: FAudioDevice initialized.
[2019.01.26-12.49.56:421][897]LogSlate: Updating window title bar state: overlay mode, drag disabled, window buttons hidden, title bar hidden
[2019.01.26-12.49.56:511][897]LogLoad: Game class is 'GGJ2019GM_C'
[2019.01.26-12.49.56:515][897]LogWorld: Bringing World /Game/UEDPIE_0_AngTest.AngTest up for play (max tick rate 0) at 2019.01.26-12.49.56
[2019.01.26-12.49.56:515][897]LogWorld: Bringing up level for play took: 0.002547
[2019.01.26-12.49.56:545][897]LogContentBrowser: Native class hierarchy updated for 'MovieSceneCapture' in 0.0007 seconds. Added 10 classes and 0 folders.
[2019.01.26-12.49.56:552][897]PIE: Play in editor start time for /Game/UEDPIE_0_AngTest -0.441
[2019.01.26-12.49.56:580][897]LogRenderer: Reallocating scene render targets to support 1292x756 Format 10 NumSamples 1 (Frame:1).
[2019.01.26-12.50.00:083][305]LogBlueprintUserMessages: [Player_BP_Base_C_0] picked up
[2019.01.26-12.50.07:623][208]LogSlate: Updating window title bar state: overlay mode, drag disabled, window buttons hidden, title bar hidden
[2019.01.26-12.50.07:647][208]LogSlate: Window 'GGJ2019 Game Preview Standalone (64-bit/PCD3D_SM5)' being destroyed
[2019.01.26-12.50.07:686][208]LogPlayLevel: Display: Shutting down PIE online subsystems
[2019.01.26-12.50.07:734][209]LogPlayLevel: Display: Destroying online subsystem :Context_7
[2019.01.26-12.50.08:680][320]LogTemp: Repeating last play command: Selected Viewport
[2019.01.26-12.50.08:713][320]LogPlayLevel: PlayLevel: No blueprints needed recompiling
[2019.01.26-12.50.08:713][320]PIE: New page: PIE session: AngTest (26 Jan 2019 12:50:08)
[2019.01.26-12.50.08:713][320]LogPlayLevel: Creating play world package: /Game/UEDPIE_0_AngTest
[2019.01.26-12.50.08:730][320]LogPlayLevel: PIE: StaticDuplicateObject took: (0.017211s)
[2019.01.26-12.50.08:731][320]LogAIModule: Creating AISystem for world AngTest
[2019.01.26-12.50.08:731][320]LogPlayLevel: PIE: World Init took: (0.000904s)
[2019.01.26-12.50.08:732][320]LogPlayLevel: PIE: Created PIE world by copying editor world from /Game/AngTest.AngTest to /Game/UEDPIE_0_AngTest.AngTest (0.018474s)
[2019.01.26-12.50.08:767][320]LogInit: XAudio2 using 'Headset Earphone (Corsair VOID PRO USB Gaming Headset )' : 2 channels at 48 kHz using 16 bits per sample (channel mask 0x3)
[2019.01.26-12.50.08:779][320]LogInit: FAudioDevice initialized.
[2019.01.26-12.50.08:788][320]LogSlate: Updating window title bar state: overlay mode, drag disabled, window buttons hidden, title bar hidden
[2019.01.26-12.50.08:837][320]LogLoad: Game class is 'GGJ2019GM_C'
[2019.01.26-12.50.08:840][320]LogWorld: Bringing World /Game/UEDPIE_0_AngTest.AngTest up for play (max tick rate 0) at 2019.01.26-12.50.08
[2019.01.26-12.50.08:840][320]LogWorld: Bringing up level for play took: 0.002476
[2019.01.26-12.50.08:860][320]PIE: Play in editor start time for /Game/UEDPIE_0_AngTest -0.133
[2019.01.26-12.50.12:560][755]LogBlueprintUserMessages: [Player_BP_Base_C_0] picked up
[2019.01.26-12.50.19:251][556]LogSlate: Updating window title bar state: overlay mode, drag disabled, window buttons hidden, title bar hidden
[2019.01.26-12.50.19:274][556]LogSlate: Window 'GGJ2019 Game Preview Standalone (64-bit/PCD3D_SM5)' being destroyed
[2019.01.26-12.50.19:313][556]LogPlayLevel: Display: Shutting down PIE online subsystems
[2019.01.26-12.50.19:368][557]LogPlayLevel: Display: Destroying online subsystem :Context_8
[2019.01.26-12.51.50:295][474]BlueprintLog: New page: Compile Player_BP_Base
[2019.01.26-12.51.51:387][571]LogTemp: Repeating last play command: Selected Viewport
[2019.01.26-12.51.51:414][571]LogPlayLevel: PlayLevel: No blueprints needed recompiling
[2019.01.26-12.51.51:414][571]PIE: New page: PIE session: AngTest (26 Jan 2019 12:51:51)
[2019.01.26-12.51.51:415][571]LogPlayLevel: Creating play world package: /Game/UEDPIE_0_AngTest
[2019.01.26-12.51.51:434][571]LogPlayLevel: PIE: StaticDuplicateObject took: (0.019402s)
[2019.01.26-12.51.51:435][571]LogAIModule: Creating AISystem for world AngTest
[2019.01.26-12.51.51:435][571]LogPlayLevel: PIE: World Init took: (0.000864s)
[2019.01.26-12.51.51:435][571]LogPlayLevel: PIE: Created PIE world by copying editor world from /Game/AngTest.AngTest to /Game/UEDPIE_0_AngTest.AngTest (0.020609s)
[2019.01.26-12.51.51:478][571]LogInit: XAudio2 using 'Headset Earphone (Corsair VOID PRO USB Gaming Headset )' : 2 channels at 48 kHz using 16 bits per sample (channel mask 0x3)
[2019.01.26-12.51.51:490][571]LogInit: FAudioDevice initialized.
[2019.01.26-12.51.51:500][571]LogSlate: Updating window title bar state: overlay mode, drag disabled, window buttons hidden, title bar hidden
[2019.01.26-12.51.51:550][571]LogLoad: Game class is 'GGJ2019GM_C'
[2019.01.26-12.51.51:552][571]LogWorld: Bringing World /Game/UEDPIE_0_AngTest.AngTest up for play (max tick rate 0) at 2019.01.26-12.51.51
[2019.01.26-12.51.51:553][571]LogWorld: Bringing up level for play took: 0.002038
[2019.01.26-12.51.51:571][571]PIE: Play in editor start time for /Game/UEDPIE_0_AngTest 0.577
[2019.01.26-12.51.55:216][996]LogBlueprintUserMessages: [Player_BP_Base_C_0] picked up
[2019.01.26-12.51.58:860][431]LogScript: Warning: Accessed None trying to read property currentItemHeld
	Player_BP_Base_C /Game/UEDPIE_0_AngTest.AngTest:PersistentLevel.Player_BP_Base_C_0
	Function /Game/Player_BP_Base.Player_BP_Base_C:ExecuteUbergraph_Player_BP_Base:0118
[2019.01.26-12.51.58:861][431]PIE: Error: Blueprint Runtime Error: "Accessed None trying to read property currentItemHeld". Blueprint:  Player_BP_Base Function:  Execute Ubergraph Player BP Base Graph:  EventGraph Node:  DetachFromActor
[2019.01.26-12.52.03:910][ 35]LogSlate: Updating window title bar state: overlay mode, drag disabled, window buttons hidden, title bar hidden
[2019.01.26-12.52.03:934][ 35]LogSlate: Window 'GGJ2019 Game Preview Standalone (64-bit/PCD3D_SM5)' being destroyed
[2019.01.26-12.52.03:973][ 35]LogPlayLevel: Display: Shutting down PIE online subsystems
[2019.01.26-12.52.04:036][ 36]LogPlayLevel: Display: Destroying online subsystem :Context_9
[2019.01.26-12.52.15:040][292]LogSlate: Window 'Message Log' being destroyed
[2019.01.26-12.52.15:044][292]LogSlate: Window 'Message Log' being destroyed
[2019.01.26-12.53.55:739][530]BlueprintLog: New page: Compile Player_BP_Base
[2019.01.26-12.53.56:959][633]Cmd: OBJ SAVEPACKAGE PACKAGE="/Game/Player_BP_Base" FILE="../../../../../../Users/h017026h/Documents/Game Jame/GGJ2019/GGJ2019/Content/Player_BP_Base.uasset" SILENT=true
[2019.01.26-12.53.57:073][633]LogSavePackage: Moving '../../../../../../Users/h017026h/Documents/Game Jame/GGJ2019/GGJ2019/Saved/Player_BP_BaseAB13C245458B35454E1E818110B9AD2A.tmp' to '../../../../../../Users/h017026h/Documents/Game Jame/GGJ2019/GGJ2019/Content/Player_BP_Base.uasset'
[2019.01.26-12.55.58:586][296]BlueprintLog: New page: Compile Player_BP_Base
[2019.01.26-12.56.00:792][494]Cmd: OBJ SAVEPACKAGE PACKAGE="/Game/Player_BP_Base" FILE="../../../../../../Users/h017026h/Documents/Game Jame/GGJ2019/GGJ2019/Content/Player_BP_Base.uasset" SILENT=true
[2019.01.26-12.56.00:889][494]LogSavePackage: Moving '../../../../../../Users/h017026h/Documents/Game Jame/GGJ2019/GGJ2019/Saved/Player_BP_Base7A4D2EFC435C45F906DA0C93B1E80860.tmp' to '../../../../../../Users/h017026h/Documents/Game Jame/GGJ2019/GGJ2019/Content/Player_BP_Base.uasset'
[2019.01.26-12.56.04:647][915]LogTemp: Repeating last play command: Selected Viewport
[2019.01.26-12.56.04:674][915]LogPlayLevel: PlayLevel: No blueprints needed recompiling
[2019.01.26-12.56.04:675][915]PIE: New page: PIE session: AngTest (26 Jan 2019 12:56:04)
[2019.01.26-12.56.04:675][915]LogPlayLevel: Creating play world package: /Game/UEDPIE_0_AngTest
[2019.01.26-12.56.04:692][915]LogPlayLevel: PIE: StaticDuplicateObject took: (0.017426s)
[2019.01.26-12.56.04:693][915]LogAIModule: Creating AISystem for world AngTest
[2019.01.26-12.56.04:693][915]LogPlayLevel: PIE: World Init took: (0.000816s)
[2019.01.26-12.56.04:694][915]LogPlayLevel: PIE: Created PIE world by copying editor world from /Game/AngTest.AngTest to /Game/UEDPIE_0_AngTest.AngTest (0.018625s)
[2019.01.26-12.56.04:732][915]LogInit: XAudio2 using 'Headset Earphone (Corsair VOID PRO USB Gaming Headset )' : 2 channels at 48 kHz using 16 bits per sample (channel mask 0x3)
[2019.01.26-12.56.04:744][915]LogInit: FAudioDevice initialized.
[2019.01.26-12.56.04:754][915]LogSlate: Updating window title bar state: overlay mode, drag disabled, window buttons hidden, title bar hidden
[2019.01.26-12.56.04:809][915]LogLoad: Game class is 'GGJ2019GM_C'
[2019.01.26-12.56.04:812][915]LogWorld: Bringing World /Game/UEDPIE_0_AngTest.AngTest up for play (max tick rate 0) at 2019.01.26-12.56.04
[2019.01.26-12.56.04:812][915]LogWorld: Bringing up level for play took: 0.002158
[2019.01.26-12.56.04:831][915]PIE: Play in editor start time for /Game/UEDPIE_0_AngTest -0.163
[2019.01.26-12.56.08:531][336]LogBlueprintUserMessages: [Player_BP_Base_C_0] picked up
[2019.01.26-12.56.25:857][383]LogSlate: Updating window title bar state: overlay mode, drag disabled, window buttons hidden, title bar hidden
[2019.01.26-12.56.25:880][383]LogSlate: Window 'GGJ2019 Game Preview Standalone (64-bit/PCD3D_SM5)' being destroyed
[2019.01.26-12.56.25:915][383]LogPlayLevel: Display: Shutting down PIE online subsystems
[2019.01.26-12.56.25:969][384]LogPlayLevel: Display: Destroying online subsystem :Context_10
[2019.01.26-12.56.59:240][911]BlueprintLog: New page: Compile Player_BP_Base
[2019.01.26-12.57.00:232][994]LogTemp: Repeating last play command: Selected Viewport
[2019.01.26-12.57.00:258][994]LogPlayLevel: PlayLevel: No blueprints needed recompiling
[2019.01.26-12.57.00:258][994]PIE: New page: PIE session: AngTest (26 Jan 2019 12:57:00)
[2019.01.26-12.57.00:258][994]LogPlayLevel: Creating play world package: /Game/UEDPIE_0_AngTest
[2019.01.26-12.57.00:275][994]LogPlayLevel: PIE: StaticDuplicateObject took: (0.016486s)
[2019.01.26-12.57.00:275][994]LogAIModule: Creating AISystem for world AngTest
[2019.01.26-12.57.00:276][994]LogPlayLevel: PIE: World Init took: (0.000773s)
[2019.01.26-12.57.00:276][994]LogPlayLevel: PIE: Created PIE world by copying editor world from /Game/AngTest.AngTest to /Game/UEDPIE_0_AngTest.AngTest (0.017612s)
[2019.01.26-12.57.00:312][994]LogInit: XAudio2 using 'Headset Earphone (Corsair VOID PRO USB Gaming Headset )' : 2 channels at 48 kHz using 16 bits per sample (channel mask 0x3)
[2019.01.26-12.57.00:325][994]LogInit: FAudioDevice initialized.
[2019.01.26-12.57.00:334][994]LogSlate: Updating window title bar state: overlay mode, drag disabled, window buttons hidden, title bar hidden
[2019.01.26-12.57.00:401][994]LogLoad: Game class is 'GGJ2019GM_C'
[2019.01.26-12.57.00:407][994]LogWorld: Bringing World /Game/UEDPIE_0_AngTest.AngTest up for play (max tick rate 0) at 2019.01.26-12.57.00
[2019.01.26-12.57.00:407][994]LogWorld: Bringing up level for play took: 0.004364
[2019.01.26-12.57.00:429][994]PIE: Play in editor start time for /Game/UEDPIE_0_AngTest -0.565
[2019.01.26-12.57.03:932][391]LogBlueprintUserMessages: [Player_BP_Base_C_0] picked up
[2019.01.26-12.57.13:802][551]LogSlate: Updating window title bar state: overlay mode, drag disabled, window buttons hidden, title bar hidden
[2019.01.26-12.57.13:826][551]LogSlate: Window 'GGJ2019 Game Preview Standalone (64-bit/PCD3D_SM5)' being destroyed
[2019.01.26-12.57.13:861][551]LogPlayLevel: Display: Shutting down PIE online subsystems
[2019.01.26-12.57.13:915][552]LogPlayLevel: Display: Destroying online subsystem :Context_11
[2019.01.26-12.57.23:039][546]BlueprintLog: New page: Compile Player_BP_Base
[2019.01.26-12.57.24:873][717]LogTemp: Repeating last play command: Selected Viewport
[2019.01.26-12.57.24:899][717]LogPlayLevel: PlayLevel: No blueprints needed recompiling
[2019.01.26-12.57.24:899][717]PIE: New page: PIE session: AngTest (26 Jan 2019 12:57:24)
[2019.01.26-12.57.24:899][717]LogPlayLevel: Creating play world package: /Game/UEDPIE_0_AngTest
[2019.01.26-12.57.24:916][717]LogPlayLevel: PIE: StaticDuplicateObject took: (0.016442s)
[2019.01.26-12.57.24:917][717]LogAIModule: Creating AISystem for world AngTest
[2019.01.26-12.57.24:917][717]LogPlayLevel: PIE: World Init took: (0.000754s)
[2019.01.26-12.57.24:917][717]LogPlayLevel: PIE: Created PIE world by copying editor world from /Game/AngTest.AngTest to /Game/UEDPIE_0_AngTest.AngTest (0.017547s)
[2019.01.26-12.57.24:955][717]LogInit: XAudio2 using 'Headset Earphone (Corsair VOID PRO USB Gaming Headset )' : 2 channels at 48 kHz using 16 bits per sample (channel mask 0x3)
[2019.01.26-12.57.24:967][717]LogInit: FAudioDevice initialized.
[2019.01.26-12.57.24:977][717]LogSlate: Updating window title bar state: overlay mode, drag disabled, window buttons hidden, title bar hidden
[2019.01.26-12.57.25:026][717]LogLoad: Game class is 'GGJ2019GM_C'
[2019.01.26-12.57.25:028][717]LogWorld: Bringing World /Game/UEDPIE_0_AngTest.AngTest up for play (max tick rate 0) at 2019.01.26-12.57.25
[2019.01.26-12.57.25:029][717]LogWorld: Bringing up level for play took: 0.001960
[2019.01.26-12.57.25:048][717]PIE: Play in editor start time for /Game/UEDPIE_0_AngTest 0.053
[2019.01.26-12.57.28:501][118]LogBlueprintUserMessages: [Player_BP_Base_C_0] picked up
[2019.01.26-12.57.32:132][550]LogBlueprintUserMessages: [Player_BP_Base_C_0] put in fridge
[2019.01.26-12.57.33:611][725]LogSlate: Updating window title bar state: overlay mode, drag disabled, window buttons hidden, title bar hidden
[2019.01.26-12.57.33:634][725]LogSlate: Window 'GGJ2019 Game Preview Standalone (64-bit/PCD3D_SM5)' being destroyed
[2019.01.26-12.57.33:670][725]LogPlayLevel: Display: Shutting down PIE online subsystems
[2019.01.26-12.57.33:727][726]LogPlayLevel: Display: Destroying online subsystem :Context_12
[2019.01.26-12.58.58:578][769]BlueprintLog: New page: Compile Player_BP_Base
[2019.01.26-12.58.59:731][863]LogTemp: Repeating last play command: Selected Viewport
[2019.01.26-12.58.59:759][863]LogPlayLevel: PlayLevel: No blueprints needed recompiling
[2019.01.26-12.58.59:759][863]PIE: New page: PIE session: AngTest (26 Jan 2019 12:58:59)
[2019.01.26-12.58.59:759][863]LogPlayLevel: Creating play world package: /Game/UEDPIE_0_AngTest
[2019.01.26-12.58.59:777][863]LogPlayLevel: PIE: StaticDuplicateObject took: (0.017435s)
[2019.01.26-12.58.59:777][863]LogAIModule: Creating AISystem for world AngTest
[2019.01.26-12.58.59:777][863]LogPlayLevel: PIE: World Init took: (0.000779s)
[2019.01.26-12.58.59:778][863]LogPlayLevel: PIE: Created PIE world by copying editor world from /Game/AngTest.AngTest to /Game/UEDPIE_0_AngTest.AngTest (0.018544s)
[2019.01.26-12.58.59:820][863]LogInit: XAudio2 using 'Headset Earphone (Corsair VOID PRO USB Gaming Headset )' : 2 channels at 48 kHz using 16 bits per sample (channel mask 0x3)
[2019.01.26-12.58.59:832][863]LogInit: FAudioDevice initialized.
[2019.01.26-12.58.59:843][863]LogSlate: Updating window title bar state: overlay mode, drag disabled, window buttons hidden, title bar hidden
[2019.01.26-12.58.59:888][863]LogLoad: Game class is 'GGJ2019GM_C'
[2019.01.26-12.58.59:890][863]LogWorld: Bringing World /Game/UEDPIE_0_AngTest.AngTest up for play (max tick rate 0) at 2019.01.26-12.58.59
[2019.01.26-12.58.59:891][863]LogWorld: Bringing up level for play took: 0.002081
[2019.01.26-12.58.59:909][863]PIE: Play in editor start time for /Game/UEDPIE_0_AngTest 0.913
[2019.01.26-12.59.04:679][415]LogBlueprintUserMessages: [Player_BP_Base_C_0] picked up
[2019.01.26-12.59.07:725][777]LogBlueprintUserMessages: [Player_BP_Base_C_0] put in fridge
[2019.01.26-12.59.15:300][673]LogSlate: Updating window title bar state: overlay mode, drag disabled, window buttons hidden, title bar hidden
[2019.01.26-12.59.15:325][673]LogSlate: Window 'GGJ2019 Game Preview Standalone (64-bit/PCD3D_SM5)' being destroyed
[2019.01.26-12.59.15:369][673]LogPlayLevel: Display: Shutting down PIE online subsystems
[2019.01.26-12.59.15:430][674]LogPlayLevel: Display: Destroying online subsystem :Context_14
[2019.01.26-12.59.31:259][349]LogEditorTransaction: Undo Delete current selection
[2019.01.26-12.59.31:638][371]LogEditorTransaction: Undo Add Node
[2019.01.26-12.59.34:243][662]LogEditorTransaction: Undo Delete current selection
[2019.01.26-12.59.44:001][770]LogEditorTransaction: Undo Delete current selection
[2019.01.26-13.00.05:324][ 12]LogEditorTransaction: Undo Move Node
[2019.01.26-13.00.06:073][ 78]LogEditorTransaction: Undo Add Node
[2019.01.26-13.00.06:648][130]LogEditorTransaction: Undo Move Node
[2019.01.26-13.00.07:463][210]LogEditorTransaction: Undo Paste clipboard contents
[2019.01.26-13.00.08:126][273]LogEditorTransaction: Undo Delete current selection
[2019.01.26-13.00.12:273][745]LogUObjectHash: Warning: Ambiguous search, could be K2Node_CallFunction /Game/Player_BP_Base.Player_BP_Base:EventGraph.K2Node_CallFunction_3 or K2Node_CallFunction /Game/Player_BP_Base.Player_BP_Base:EventGraph.K2Node_CallFunction_3
[2019.01.26-13.00.45:522][159]BlueprintLog: New page: Compile Player_BP_Base
[2019.01.26-13.00.46:640][248]LogTemp: Repeating last play command: Selected Viewport
[2019.01.26-13.00.46:668][248]LogPlayLevel: PlayLevel: No blueprints needed recompiling
[2019.01.26-13.00.46:669][248]PIE: New page: PIE session: AngTest (26 Jan 2019 13:00:46)
[2019.01.26-13.00.46:669][248]LogPlayLevel: Creating play world package: /Game/UEDPIE_0_AngTest
[2019.01.26-13.00.46:688][248]LogPlayLevel: PIE: StaticDuplicateObject took: (0.018689s)
[2019.01.26-13.00.46:688][248]LogAIModule: Creating AISystem for world AngTest
[2019.01.26-13.00.46:689][248]LogPlayLevel: PIE: World Init took: (0.000918s)
[2019.01.26-13.00.46:689][248]LogPlayLevel: PIE: Created PIE world by copying editor world from /Game/AngTest.AngTest to /Game/UEDPIE_0_AngTest.AngTest (0.019979s)
[2019.01.26-13.00.46:734][248]LogInit: XAudio2 using 'Headset Earphone (Corsair VOID PRO USB Gaming Headset )' : 2 channels at 48 kHz using 16 bits per sample (channel mask 0x3)
[2019.01.26-13.00.46:746][248]LogInit: FAudioDevice initialized.
[2019.01.26-13.00.46:756][248]LogSlate: Updating window title bar state: overlay mode, drag disabled, window buttons hidden, title bar hidden
[2019.01.26-13.00.46:806][248]LogLoad: Game class is 'GGJ2019GM_C'
[2019.01.26-13.00.46:808][248]LogWorld: Bringing World /Game/UEDPIE_0_AngTest.AngTest up for play (max tick rate 0) at 2019.01.26-13.00.46
[2019.01.26-13.00.46:809][248]LogWorld: Bringing up level for play took: 0.002343
[2019.01.26-13.00.46:828][248]PIE: Play in editor start time for /Game/UEDPIE_0_AngTest -0.17
[2019.01.26-13.00.54:993][211]LogBlueprintUserMessages: [Player_BP_Base_C_0] picked up
[2019.01.26-13.00.59:434][741]LogSlate: Updating window title bar state: overlay mode, drag disabled, window buttons hidden, title bar hidden
[2019.01.26-13.00.59:458][741]LogSlate: Window 'GGJ2019 Game Preview Standalone (64-bit/PCD3D_SM5)' being destroyed
[2019.01.26-13.00.59:494][741]LogPlayLevel: Display: Shutting down PIE online subsystems
[2019.01.26-13.00.59:545][742]LogPlayLevel: Display: Destroying online subsystem :Context_15
[2019.01.26-13.01.02:182][ 31]LogRenderer: Reallocating scene render targets to support 1488x756 Format 10 NumSamples 1 (Frame:1).
[2019.01.26-13.01.40:759][332]Cmd: OBJ SAVEPACKAGE PACKAGE="/Game/Player_BP_Base" FILE="../../../../../../Users/h017026h/Documents/Game Jame/GGJ2019/GGJ2019/Content/Player_BP_Base.uasset" SILENT=true
[2019.01.26-13.01.40:895][332]LogSavePackage: Moving '../../../../../../Users/h017026h/Documents/Game Jame/GGJ2019/GGJ2019/Saved/Player_BP_Base510E602A4AF41C7F82F72FAADCB8CA2B.tmp' to '../../../../../../Users/h017026h/Documents/Game Jame/GGJ2019/GGJ2019/Content/Player_BP_Base.uasset'
[2019.01.26-13.01.45:689][775]LogSlate: Window 'GGJ2019 - Unreal Editor' being destroyed
[2019.01.26-13.01.45:934][776]Cmd: QUIT_EDITOR
[2019.01.26-13.01.46:098][776]LogWindowsTextInputMethodSystem: Display: IME system now deactivated.
[2019.01.26-13.01.46:112][776]LogExit: Preparing to exit.
[2019.01.26-13.01.46:874][776]LogExit: Editor shut down
[2019.01.26-13.01.46:874][776]LogExit: Transaction tracking system shut down
[2019.01.26-13.01.47:367][776]LogExit: Object subsystem successfully closed.
[2019.01.26-13.01.47:407][776]LogShaderCompilers: Display: Shaders left to compile 0
[2019.01.26-13.01.47:412][776]LogD3D11RHI: Shutdown
[2019.01.26-13.01.47:412][776]LogD3D11RHI: CleanupD3DDevice
[2019.01.26-13.01.47:416][776]LogD3D11RHI: ~FD3D11DynamicRHI
[2019.01.26-13.01.47:463][776]LogModuleManager: Shutting down and abandoning module MovieSceneCapture (618)
[2019.01.26-13.01.47:463][776]LogModuleManager: Shutting down and abandoning module Voice (616)
[2019.01.26-13.01.47:463][776]LogModuleManager: Shutting down and abandoning module BlueprintGraph (614)
[2019.01.26-13.01.47:463][776]LogModuleManager: Shutting down and abandoning module HierarchicalLODOutliner (612)
[2019.01.26-13.01.47:463][776]LogModuleManager: Shutting down and abandoning module SceneOutliner (610)
[2019.01.26-13.01.47:463][776]LogModuleManager: Shutting down and abandoning module AddContentDialog (608)
[2019.01.26-13.01.47:469][776]LogModuleManager: Shutting down and abandoning module WidgetCarousel (607)
[2019.01.26-13.01.47:469][776]LogModuleManager: Shutting down and abandoning module EditorWidgets (604)
[2019.01.26-13.01.47:469][776]LogModuleManager: Shutting down and abandoning module CollectionManager (602)
[2019.01.26-13.01.47:470][776]LogModuleManager: Shutting down and abandoning module StatsViewer (600)
[2019.01.26-13.01.47:470][776]LogModuleManager: Shutting down and abandoning module FoliageEdit (598)
[2019.01.26-13.01.47:470][776]LogModuleManager: Shutting down and abandoning module LandscapeEditor (596)
[2019.01.26-13.01.47:471][776]LogModuleManager: Shutting down and abandoning module MeshPaintMode (594)
[2019.01.26-13.01.47:471][776]LogModuleManager: Shutting down and abandoning module SceneDepthPickerMode (592)
[2019.01.26-13.01.47:471][776]LogModuleManager: Shutting down and abandoning module ActorPickerMode (590)
[2019.01.26-13.01.47:471][776]LogModuleManager: Shutting down and abandoning module GeometryMode (588)
[2019.01.26-13.01.47:472][776]LogModuleManager: Shutting down and abandoning module TextureAlignMode (586)
[2019.01.26-13.01.47:472][776]LogModuleManager: Shutting down and abandoning module BspMode (584)
[2019.01.26-13.01.47:472][776]LogModuleManager: Shutting down and abandoning module PIEPreviewDeviceProfileSelector (582)
[2019.01.26-13.01.47:472][776]LogModuleManager: Shutting down and abandoning module SequenceRecorderSections (580)
[2019.01.26-13.01.47:472][776]LogModuleManager: Shutting down and abandoning module AutomationWorker (578)
[2019.01.26-13.01.47:472][776]LogModuleManager: Shutting down and abandoning module AudioCaptureEditor (576)
[2019.01.26-13.01.47:472][776]LogModuleManager: Shutting down and abandoning module SequenceRecorder (575)
[2019.01.26-13.01.47:472][776]LogModuleManager: Shutting down and abandoning module MatineeToLevelSequence (572)
[2019.01.26-13.01.47:473][776]LogModuleManager: Shutting down and abandoning module LevelSequenceEditor (570)
[2019.01.26-13.01.47:473][776]LogModuleManager: Shutting down and abandoning module PlacementMode (569)
[2019.01.26-13.01.47:473][776]LogModuleManager: Shutting down and abandoning module MaterialEditor (568)
[2019.01.26-13.01.47:473][776]LogModuleManager: Shutting down and abandoning module WmfMediaFactory (564)
[2019.01.26-13.01.47:473][776]LogModuleManager: Shutting down and abandoning module WmfMediaEditor (562)
[2019.01.26-13.01.47:474][776]LogModuleManager: Shutting down and abandoning module MediaPlayerEditor (560)
[2019.01.26-13.01.47:474][776]LogModuleManager: Shutting down and abandoning module OpenExrWrapper (558)
[2019.01.26-13.01.47:474][776]LogModuleManager: Shutting down and abandoning module ImgMediaFactory (556)
[2019.01.26-13.01.47:474][776]LogModuleManager: Shutting down and abandoning module ImgMediaEditor (554)
[2019.01.26-13.01.47:474][776]LogModuleManager: Shutting down and abandoning module AvfMediaFactory (552)
[2019.01.26-13.01.47:474][776]LogModuleManager: Shutting down and abandoning module AvfMediaEditor (550)
[2019.01.26-13.01.47:475][776]LogModuleManager: Shutting down and abandoning module AndroidMediaFactory (548)
[2019.01.26-13.01.47:475][776]LogModuleManager: Shutting down and abandoning module AndroidMediaEditor (546)
[2019.01.26-13.01.47:475][776]LogModuleManager: Shutting down and abandoning module MagicLeapCameraPreviewFactory (544)
[2019.01.26-13.01.47:475][776]LogModuleManager: Shutting down and abandoning module MagicLeapMediaFactory (542)
[2019.01.26-13.01.47:475][776]LogModuleManager: Shutting down and abandoning module MagicLeapMediaEditor (540)
[2019.01.26-13.01.47:475][776]LogModuleManager: Shutting down and abandoning module CharacterAI (538)
[2019.01.26-13.01.47:475][776]LogModuleManager: Shutting down and abandoning module SmartSnapping (536)
[2019.01.26-13.01.47:475][776]LogModuleManager: Shutting down and abandoning module SessionServices (534)
[2019.01.26-13.01.47:476][776]LogModuleManager: Shutting down and abandoning module ViewportSnapping (532)
[2019.01.26-13.01.47:476][776]LogModuleManager: Shutting down and abandoning module ViewportInteraction (530)
[2019.01.26-13.01.47:476][776]LogModuleManager: Shutting down and abandoning module ClothPainter (528)
[2019.01.26-13.01.47:476][776]LogModuleManager: Shutting down and abandoning module SkeletalMeshEditor (527)
[2019.01.26-13.01.47:476][776]LogModuleManager: Shutting down and abandoning module LogVisualizer (524)
[2019.01.26-13.01.47:476][776]LogModuleManager: Shutting down and abandoning module IntroTutorials (522)
[2019.01.26-13.01.47:477][776]LogModuleManager: Shutting down and abandoning module GameProjectGeneration (521)
[2019.01.26-13.01.47:477][776]LogModuleManager: Shutting down and abandoning module LuminPlatformEditor (518)
[2019.01.26-13.01.47:477][776]LogModuleManager: Shutting down and abandoning module IOSPlatformEditor (516)
[2019.01.26-13.01.47:477][776]LogModuleManager: Shutting down and abandoning module HTML5PlatformEditor (514)
[2019.01.26-13.01.47:477][776]LogModuleManager: Shutting down and abandoning module AndroidPlatformEditor (512)
[2019.01.26-13.01.47:477][776]LogModuleManager: Shutting down and abandoning module AndroidDeviceDetection (511)
[2019.01.26-13.01.48:084][776]LogModuleManager: Shutting down and abandoning module WindowsPlatformEditor (508)
[2019.01.26-13.01.48:084][776]LogModuleManager: Shutting down and abandoning module LuminRuntimeSettings (506)
[2019.01.26-13.01.48:084][776]LogModuleManager: Shutting down and abandoning module IOSRuntimeSettings (504)
[2019.01.26-13.01.48:085][776]LogModuleManager: Shutting down and abandoning module AndroidRuntimeSettings (502)
[2019.01.26-13.01.48:085][776]LogModuleManager: Shutting down and abandoning module InputBindingEditor (500)
[2019.01.26-13.01.48:085][776]LogModuleManager: Shutting down and abandoning module MergeActors (498)
[2019.01.26-13.01.48:085][776]LogModuleManager: Shutting down and abandoning module LocalizationDashboard (496)
[2019.01.26-13.01.48:086][776]LogModuleManager: Shutting down and abandoning module LocalizationService (495)
[2019.01.26-13.01.48:086][776]LogModuleManager: Shutting down and abandoning module HardwareTargeting (492)
[2019.01.26-13.01.48:086][776]LogModuleManager: Shutting down and abandoning module DeviceProfileEditor (490)
[2019.01.26-13.01.48:086][776]LogModuleManager: Shutting down and abandoning module UndoHistory (488)
[2019.01.26-13.01.48:086][776]LogModuleManager: Shutting down and abandoning module XmlParser (486)
[2019.01.26-13.01.48:087][776]LogModuleManager: Shutting down and abandoning module Blutility (484)
[2019.01.26-13.01.48:087][776]LogModuleManager: Shutting down and abandoning module ProjectSettingsViewer (482)
[2019.01.26-13.01.48:087][776]LogModuleManager: Shutting down and abandoning module ProjectTargetPlatformEditor (481)
[2019.01.26-13.01.48:087][776]LogModuleManager: Shutting down and abandoning module EditorSettingsViewer (478)
[2019.01.26-13.01.48:088][776]LogModuleManager: Shutting down and abandoning module SettingsEditor (476)
[2019.01.26-13.01.48:088][776]LogModuleManager: Shutting down and abandoning module ProjectLauncher (474)
[2019.01.26-13.01.48:088][776]LogModuleManager: Shutting down and abandoning module SessionFrontend (472)
[2019.01.26-13.01.48:088][776]LogModuleManager: Shutting down and abandoning module ProfilerClient (470)
[2019.01.26-13.01.48:089][776]LogModuleManager: Shutting down and abandoning module DeviceManager (468)
[2019.01.26-13.01.48:089][776]LogModuleManager: Shutting down and abandoning module TargetDeviceServices (467)
[2019.01.26-13.01.48:156][776]LogModuleManager: Shutting down and abandoning module AutomationController (464)
[2019.01.26-13.01.48:156][776]LogModuleManager: Shutting down and abandoning module AutomationWindow (462)
[2019.01.26-13.01.48:156][776]LogModuleManager: Shutting down and abandoning module Layers (460)
[2019.01.26-13.01.48:156][776]LogModuleManager: Shutting down and abandoning module ComponentVisualizers (458)
[2019.01.26-13.01.48:156][776]LogModuleManager: Shutting down and abandoning module DetailCustomizations (456)
[2019.01.26-13.01.48:157][776]LogModuleManager: Shutting down and abandoning module PackagesDialog (454)
[2019.01.26-13.01.48:157][776]LogModuleManager: Shutting down and abandoning module Persona (452)
[2019.01.26-13.01.48:157][776]LogModuleManager: Shutting down and abandoning module AdvancedPreviewScene (451)
[2019.01.26-13.01.48:157][776]LogModuleManager: Shutting down and abandoning module AnimGraph (449)
[2019.01.26-13.01.48:157][776]LogModuleManager: Shutting down and abandoning module Kismet (446)
[2019.01.26-13.01.48:164][776]LogModuleManager: Shutting down and abandoning module GraphEditor (444)
[2019.01.26-13.01.48:164][776]LogModuleManager: Shutting down and abandoning module ClassViewer (442)
[2019.01.26-13.01.48:164][776]LogModuleManager: Shutting down and abandoning module Toolbox (440)
[2019.01.26-13.01.48:164][776]LogModuleManager: Shutting down and abandoning module DesktopPlatform (439)
[2019.01.26-13.01.48:165][776]LogModuleManager: Shutting down and abandoning module ModuleUI (436)
[2019.01.26-13.01.48:165][776]LogModuleManager: Shutting down and abandoning module MovieSceneTools (434)
[2019.01.26-13.01.48:165][776]LogModuleManager: Shutting down and abandoning module OutputLog (432)
[2019.01.26-13.01.48:165][776]LogModuleManager: Shutting down and abandoning module GammaUI (430)
[2019.01.26-13.01.48:165][776]LogModuleManager: Shutting down and abandoning module Documentation (428)
[2019.01.26-13.01.48:165][776]LogModuleManager: Shutting down and abandoning module MovieSceneTracks (426)
[2019.01.26-13.01.48:165][776]LogModuleManager: Shutting down and abandoning module MovieScene (424)
[2019.01.26-13.01.48:165][776]LogModuleManager: Shutting down and abandoning module StreamingPauseRendering (422)
[2019.01.26-13.01.48:166][776]LogModuleManager: Shutting down and abandoning module LauncherPlatform (420)
[2019.01.26-13.01.48:166][776]LogModuleManager: Shutting down and abandoning module AnalyticsET (418)
[2019.01.26-13.01.48:166][776]LogModuleManager: Shutting down and abandoning module PortalServices (416)
[2019.01.26-13.01.48:166][776]LogModuleManager: Shutting down and abandoning module PortalRpc (414)
[2019.01.26-13.01.48:166][776]LogModuleManager: Shutting down and abandoning module MessagingRpc (412)
[2019.01.26-13.01.48:166][776]LogModuleManager: Shutting down and abandoning module AIModule (410)
[2019.01.26-13.01.48:167][776]LogModuleManager: Shutting down and abandoning module GameplayDebugger (409)
[2019.01.26-13.01.48:167][776]LogModuleManager: Shutting down and abandoning module AITestSuite (407)
[2019.01.26-13.01.48:167][776]LogModuleManager: Shutting down and abandoning module NavigationSystem (405)
[2019.01.26-13.01.48:167][776]LogModuleManager: Shutting down and abandoning module ProfilerService (402)
[2019.01.26-13.01.48:397][776]LogModuleManager: Shutting down and abandoning module TaskGraph (400)
[2019.01.26-13.01.48:397][776]LogModuleManager: Shutting down and abandoning module SteamVRController (398)
[2019.01.26-13.01.48:397][776]LogModuleManager: Shutting down and abandoning module ProceduralMeshComponentEditor (396)
[2019.01.26-13.01.48:398][776]LogModuleManager: Shutting down and abandoning module ProceduralMeshComponent (394)
[2019.01.26-13.01.48:398][776]LogModuleManager: Shutting down and abandoning module OculusInput (392)
[2019.01.26-13.01.48:398][776]LogModuleManager: Shutting down and abandoning module MobilePatchingUtils (390)
[2019.01.26-13.01.48:398][776]LogModuleManager: Shutting down and abandoning module EditableMesh (388)
[2019.01.26-13.01.48:398][776]LogModuleManager: Shutting down and abandoning module CustomMeshComponent (386)
[2019.01.26-13.01.48:398][776]LogModuleManager: Shutting down and abandoning module CableComponent (384)
[2019.01.26-13.01.48:399][776]LogModuleManager: Shutting down and abandoning module AudioCapture (382)
[2019.01.26-13.01.48:399][776]LogModuleManager: Shutting down and abandoning module ArchVisCharacter (380)
[2019.01.26-13.01.48:399][776]LogModuleManager: Shutting down and abandoning module AndroidPermission (378)
[2019.01.26-13.01.48:399][776]LogModuleManager: Shutting down and abandoning module NUTUnrealEngine4 (376)
[2019.01.26-13.01.48:399][776]LogModuleManager: Shutting down and abandoning module NetcodeUnitTest (374)
[2019.01.26-13.01.48:400][776]LogModuleManager: Shutting down and abandoning module MediaCompositingEditor (372)
[2019.01.26-13.01.48:400][776]LogModuleManager: Shutting down and abandoning module MediaCompositing (370)
[2019.01.26-13.01.48:400][776]LogModuleManager: Shutting down and abandoning module LinearTimecode (368)
[2019.01.26-13.01.48:400][776]LogModuleManager: Shutting down and abandoning module ImgMedia (366)
[2019.01.26-13.01.48:412][776]LogModuleManager: Shutting down and abandoning module HTML5Networking (364)
[2019.01.26-13.01.48:412][776]LogModuleManager: Shutting down and abandoning module GeometryCacheTracks (362)
[2019.01.26-13.01.48:412][776]LogModuleManager: Shutting down and abandoning module GeometryCacheSequencer (360)
[2019.01.26-13.01.48:412][776]LogModuleManager: Shutting down and abandoning module BackChannel (358)
[2019.01.26-13.01.48:412][776]LogModuleManager: Shutting down and abandoning module AppleVision (356)
[2019.01.26-13.01.48:413][776]LogModuleManager: Shutting down and abandoning module AppleImageUtils (354)
[2019.01.26-13.01.48:413][776]LogModuleManager: Shutting down and abandoning module AlembicImporter (352)
[2019.01.26-13.01.48:413][776]LogModuleManager: Shutting down and abandoning module AlembicLibrary (351)
[2019.01.26-13.01.48:413][776]LogModuleManager: Shutting down and abandoning module GeometryCache (350)
[2019.01.26-13.01.48:413][776]LogModuleManager: Shutting down and abandoning module GeometryCacheEd (349)
[2019.01.26-13.01.48:413][776]LogModuleManager: Shutting down and abandoning module DatasmithContentEditor (344)
[2019.01.26-13.01.48:413][776]LogModuleManager: Shutting down and abandoning module DatasmithContent (342)
[2019.01.26-13.01.48:414][776]LogModuleManager: Shutting down and abandoning module SpeedTreeImporter (340)
[2019.01.26-13.01.48:414][776]LogModuleManager: Shutting down and abandoning module PluginBrowser (338)
[2019.01.26-13.01.48:415][776]LogModuleManager: Shutting down and abandoning module MobileLauncherProfileWizard (336)
[2019.01.26-13.01.48:415][776]LogModuleManager: Shutting down and abandoning module PolygonModeling (334)
[2019.01.26-13.01.48:415][776]LogModuleManager: Shutting down and abandoning module MeshEditor (332)
[2019.01.26-13.01.48:415][776]LogModuleManager: Shutting down and abandoning module CryptoKeysOpenSSL (330)
[2019.01.26-13.01.48:415][776]LogModuleManager: Shutting down and abandoning module CryptoKeys (328)
[2019.01.26-13.01.48:415][776]LogModuleManager: Shutting down and abandoning module VisualStudioSourceCodeAccess (326)
[2019.01.26-13.01.48:415][776]LogModuleManager: Shutting down and abandoning module VisualStudioCodeSourceCodeAccess (324)
[2019.01.26-13.01.48:415][776]LogModuleManager: Shutting down and abandoning module UObjectPlugin (322)
[2019.01.26-13.01.48:415][776]LogModuleManager: Shutting down and abandoning module SubversionSourceControl (320)
[2019.01.26-13.01.48:416][776]LogModuleManager: Shutting down and abandoning module PerforceSourceControl (318)
[2019.01.26-13.01.48:416][776]LogModuleManager: Shutting down and abandoning module GitSourceControl (316)
[2019.01.26-13.01.48:416][776]LogModuleManager: Shutting down and abandoning module SourceControl (315)
[2019.01.26-13.01.48:416][776]LogModuleManager: Shutting down and abandoning module CLionSourceCodeAccess (312)
[2019.01.26-13.01.48:416][776]LogModuleManager: Shutting down and abandoning module LightPropagationVolumeEditor (310)
[2019.01.26-13.01.48:416][776]LogModuleManager: Shutting down and abandoning module PaperTiledImporter (308)
[2019.01.26-13.01.48:416][776]LogModuleManager: Shutting down and abandoning module PaperSpriteSheetImporter (306)
[2019.01.26-13.01.48:416][776]LogModuleManager: Shutting down and abandoning module Paper2DEditor (304)
[2019.01.26-13.01.48:416][776]LogModuleManager: Shutting down and abandoning module MeshPaint (303)
[2019.01.26-13.01.48:417][776]LogModuleManager: Shutting down and abandoning module GGJ2019 (300)
[2019.01.26-13.01.48:417][776]LogModuleManager: Shutting down and abandoning module RuntimePhysXCooking (298)
[2019.01.26-13.01.48:417][776]LogModuleManager: Shutting down and abandoning module PhysXVehiclesEditor (296)
[2019.01.26-13.01.48:417][776]LogModuleManager: Shutting down and abandoning module PhysXVehicles (294)
[2019.01.26-13.01.48:417][776]LogModuleManager: Shutting down and abandoning module OculusEditor (292)
[2019.01.26-13.01.48:417][776]LogModuleManager: Shutting down and abandoning module LocationServicesBPLibrary (290)
[2019.01.26-13.01.48:417][776]LogModuleManager: Shutting down and abandoning module ImmediatePhysicsEditor (288)
[2019.01.26-13.01.48:417][776]LogModuleManager: Shutting down and abandoning module ImmediatePhysics (286)
[2019.01.26-13.01.48:417][776]LogModuleManager: Shutting down and abandoning module ActorSequence (284)
[2019.01.26-13.01.48:418][776]LogModuleManager: Shutting down and abandoning module UdpMessaging (282)
[2019.01.26-13.01.48:519][776]LogModuleManager: Shutting down and abandoning module TcpMessaging (280)
[2019.01.26-13.01.48:620][776]LogModuleManager: Shutting down and abandoning module MagicLeapAudio (278)
[2019.01.26-13.01.48:620][776]LogModuleManager: Shutting down and abandoning module GameplayTagsEditor (276)
[2019.01.26-13.01.48:620][776]LogModuleManager: Shutting down and abandoning module FacialAnimationEditor (274)
[2019.01.26-13.01.48:620][776]LogModuleManager: Shutting down and abandoning module FacialAnimation (272)
[2019.01.26-13.01.48:620][776]LogModuleManager: Shutting down and abandoning module DataValidation (270)
[2019.01.26-13.01.48:620][776]LogModuleManager: Shutting down and abandoning module AssetManagerEditor (268)
[2019.01.26-13.01.48:620][776]LogModuleManager: Shutting down and abandoning module LevelEditor (267)
[2019.01.26-13.01.48:622][776]LogModuleManager: Shutting down and abandoning module PixelInspectorModule (266)
[2019.01.26-13.01.48:622][776]LogModuleManager: Shutting down and abandoning module CommonMenuExtensions (264)
[2019.01.26-13.01.48:622][776]LogModuleManager: Shutting down and abandoning module MainFrame (262)
[2019.01.26-13.01.48:623][776]LogModuleManager: Shutting down and abandoning module HotReload (261)
[2019.01.26-13.01.48:624][776]LogModuleManager: Shutting down and abandoning module ContentBrowser (257)
[2019.01.26-13.01.48:626][776]LogModuleManager: Shutting down and abandoning module TreeMap (255)
[2019.01.26-13.01.48:627][776]LogModuleManager: Shutting down and abandoning module LightPropagationVolumeRuntime (252)
[2019.01.26-13.01.48:627][776]LogModuleManager: Shutting down and abandoning module AISupportModule (250)
[2019.01.26-13.01.48:627][776]LogModuleManager: Shutting down and abandoning module Paper2D (248)
[2019.01.26-13.01.48:627][776]LogModuleManager: Shutting down and abandoning module WindowsMoviePlayer (246)
[2019.01.26-13.01.48:627][776]LogModuleManager: Shutting down and abandoning module WmfMedia (244)
[2019.01.26-13.01.48:632][776]LogModuleManager: Shutting down and abandoning module Media (243)
[2019.01.26-13.01.48:640][776]LogModuleManager: Shutting down and abandoning module PacketHandler (240)
[2019.01.26-13.01.48:640][776]LogModuleManager: Shutting down and abandoning module ClothingSystemEditor (238)
[2019.01.26-13.01.48:640][776]LogModuleManager: Shutting down and abandoning module ClothingSystemRuntime (236)
[2019.01.26-13.01.48:640][776]LogModuleManager: Shutting down and abandoning module MediaAssets (234)
[2019.01.26-13.01.48:640][776]LogModuleManager: Shutting down and abandoning module Overlay (232)
[2019.01.26-13.01.48:640][776]LogModuleManager: Shutting down and abandoning module OverlayEditor (231)
[2019.01.26-13.01.48:641][776]LogModuleManager: Shutting down and abandoning module VREditor (228)
[2019.01.26-13.01.48:641][776]LogModuleManager: Shutting down and abandoning module StringTableEditor (226)
[2019.01.26-13.01.48:641][776]LogModuleManager: Shutting down and abandoning module GameplayTasksEditor (224)
[2019.01.26-13.01.48:641][776]LogModuleManager: Shutting down and abandoning module BehaviorTreeEditor (222)
[2019.01.26-13.01.48:641][776]LogModuleManager: Shutting down and abandoning module FunctionalTesting (220)
[2019.01.26-13.01.48:642][776]LogModuleManager: Shutting down and abandoning module CollisionAnalyzer (218)
[2019.01.26-13.01.48:642][776]LogModuleManager: Shutting down and abandoning module WorkspaceMenuStructure (217)
[2019.01.26-13.01.48:642][776]LogModuleManager: Shutting down and abandoning module UMG (214)
[2019.01.26-13.01.48:642][776]LogModuleManager: Shutting down and abandoning module UMGEditor (213)
[2019.01.26-13.01.48:642][776]LogModuleManager: Shutting down and abandoning module Sequencer (212)
[2019.01.26-13.01.48:643][776]LogModuleManager: Shutting down and abandoning module MessageLog (209)
[2019.01.26-13.01.48:643][776]LogModuleManager: Shutting down and abandoning module SlateReflector (204)
[2019.01.26-13.01.48:643][776]LogModuleManager: Shutting down and abandoning module Slate (202)
[2019.01.26-13.01.48:643][776]LogModuleManager: Shutting down and abandoning module EditorStyle (200)
[2019.01.26-13.01.48:647][776]LogModuleManager: Shutting down and abandoning module MRMesh (198)
[2019.01.26-13.01.48:648][776]LogModuleManager: Shutting down and abandoning module SourceCodeAccess (196)
[2019.01.26-13.01.48:648][776]LogModuleManager: Shutting down and abandoning module HeadMountedDisplay (194)
[2019.01.26-13.01.48:648][776]LogModuleManager: Shutting down and abandoning module XAudio2 (192)
[2019.01.26-13.01.48:648][776]LogModuleManager: Shutting down and abandoning module Networking (190)
[2019.01.26-13.01.48:648][776]LogModuleManager: Shutting down and abandoning module Core (188)
[2019.01.26-13.01.48:648][776]LogModuleManager: Shutting down and abandoning module LevelSequence (186)
[2019.01.26-13.01.48:649][776]LogModuleManager: Shutting down and abandoning module KismetCompiler (184)
[2019.01.26-13.01.48:649][776]LogModuleManager: Shutting down and abandoning module MeshUtilities (182)
[2019.01.26-13.01.48:649][776]LogModuleManager: Shutting down and abandoning module MeshMergeUtilities (181)
[2019.01.26-13.01.48:649][776]LogModuleManager: Shutting down and abandoning module MeshReductionInterface (180)
[2019.01.26-13.01.48:649][776]LogModuleManager: Shutting down and abandoning module SimplygonSwarm (179)
[2019.01.26-13.01.48:650][776]LogModuleManager: Shutting down and abandoning module ProxyLODMeshReduction (177)
[2019.01.26-13.01.48:650][776]LogModuleManager: Shutting down and abandoning module SimplygonMeshReduction (175)
[2019.01.26-13.01.48:650][776]LogModuleManager: Shutting down and abandoning module QuadricMeshReduction (173)
[2019.01.26-13.01.48:650][776]LogModuleManager: Shutting down and abandoning module MaterialBaking (169)
[2019.01.26-13.01.48:650][776]LogModuleManager: Shutting down and abandoning module DirectoryWatcher (165)
[2019.01.26-13.01.48:651][776]LogModuleManager: Shutting down and abandoning module DerivedDataCache (162)
[2019.01.26-13.01.48:707][776]LogDerivedDataCache: Shutdown
[2019.01.26-13.01.48:707][776]LogModuleManager: Shutting down and abandoning module XGEController (160)
[2019.01.26-13.01.48:707][776]LogXGEController: Cleaning working directory: C:/Users/h017026h/AppData/Local/Temp/UnrealXGEWorkingDir/
[2019.01.26-13.01.48:708][776]LogModuleManager: Shutting down and abandoning module TargetPlatform (158)
[2019.01.26-13.01.48:708][776]LogModuleManager: Shutting down and abandoning module VulkanShaderFormat (157)
[2019.01.26-13.01.48:708][776]LogModuleManager: Shutting down and abandoning module ShaderFormatVectorVM (155)
[2019.01.26-13.01.48:708][776]LogModuleManager: Shutting down and abandoning module ShaderFormatOpenGL (153)
[2019.01.26-13.01.48:709][776]LogModuleManager: Shutting down and abandoning module ShaderFormatD3D (151)
[2019.01.26-13.01.48:709][776]LogModuleManager: Shutting down and abandoning module MetalShaderFormat (149)
[2019.01.26-13.01.48:709][776]LogModuleManager: Shutting down and abandoning module TextureFormatUncompressed (147)
[2019.01.26-13.01.48:709][776]LogModuleManager: Shutting down and abandoning module TextureFormatPVR (145)
[2019.01.26-13.01.48:709][776]LogModuleManager: Shutting down and abandoning module TextureFormatDXT (143)
[2019.01.26-13.01.48:709][776]LogModuleManager: Shutting down and abandoning module TextureFormatIntelISPCTexComp (141)
[2019.01.26-13.01.48:712][776]LogModuleManager: Shutting down and abandoning module TextureFormatASTC (139)
[2019.01.26-13.01.48:712][776]LogModuleManager: Shutting down and abandoning module ImageWrapper (138)
[2019.01.26-13.01.48:712][776]LogModuleManager: Shutting down and abandoning module TextureFormatAndroid (135)
[2019.01.26-13.01.48:713][776]LogModuleManager: Shutting down and abandoning module AudioFormatOpus (133)
[2019.01.26-13.01.48:713][776]LogModuleManager: Shutting down and abandoning module AudioFormatOgg (131)
[2019.01.26-13.01.48:713][776]LogModuleManager: Shutting down and abandoning module AudioFormatADPCM (129)
[2019.01.26-13.01.48:713][776]LogModuleManager: Shutting down and abandoning module LuminTargetPlatform (127)
[2019.01.26-13.01.48:713][776]LogModuleManager: Shutting down and abandoning module LinuxTargetPlatform (125)
[2019.01.26-13.01.48:714][776]LogModuleManager: Shutting down and abandoning module LinuxServerTargetPlatform (123)
[2019.01.26-13.01.48:714][776]LogModuleManager: Shutting down and abandoning module LinuxNoEditorTargetPlatform (121)
[2019.01.26-13.01.48:714][776]LogModuleManager: Shutting down and abandoning module LinuxClientTargetPlatform (119)
[2019.01.26-13.01.48:714][776]LogModuleManager: Shutting down and abandoning module TVOSTargetPlatform (117)
[2019.01.26-13.01.48:716][776]LogModuleManager: Shutting down and abandoning module Messaging (115)
[2019.01.26-13.01.48:716][776]LogModuleManager: Shutting down and abandoning module IOSTargetPlatform (113)
[2019.01.26-13.01.48:718][776]LogModuleManager: Shutting down and abandoning module HTML5TargetPlatform (111)
[2019.01.26-13.01.48:718][776]LogModuleManager: Shutting down and abandoning module AndroidTargetPlatform (109)
[2019.01.26-13.01.48:731][776]LogModuleManager: Shutting down and abandoning module WindowsTargetPlatform (107)
[2019.01.26-13.01.48:732][776]LogModuleManager: Shutting down and abandoning module WindowsServerTargetPlatform (105)
[2019.01.26-13.01.48:732][776]LogModuleManager: Shutting down and abandoning module WindowsNoEditorTargetPlatform (103)
[2019.01.26-13.01.48:732][776]LogModuleManager: Shutting down and abandoning module WindowsClientTargetPlatform (101)
[2019.01.26-13.01.48:732][776]LogModuleManager: Shutting down and abandoning module MacTargetPlatform (99)
[2019.01.26-13.01.48:732][776]LogModuleManager: Shutting down and abandoning module MacServerTargetPlatform (97)
[2019.01.26-13.01.48:732][776]LogModuleManager: Shutting down and abandoning module MacNoEditorTargetPlatform (95)
[2019.01.26-13.01.48:733][776]LogModuleManager: Shutting down and abandoning module MacClientTargetPlatform (93)
[2019.01.26-13.01.48:733][776]LogModuleManager: Shutting down and abandoning module AllDesktopTargetPlatform (91)
[2019.01.26-13.01.48:733][776]LogModuleManager: Shutting down and abandoning module InputCore (88)
[2019.01.26-13.01.48:733][776]LogModuleManager: Shutting down and abandoning module Settings (86)
[2019.01.26-13.01.48:733][776]LogModuleManager: Shutting down and abandoning module PhysXCooking (84)
[2019.01.26-13.01.48:733][776]LogModuleManager: Shutting down and abandoning module SteamVR (82)
[2019.01.26-13.01.48:734][776]LogModuleManager: Shutting down and abandoning module OculusHMD (80)
[2019.01.26-13.01.48:734][776]LogModuleManager: Shutting down and abandoning module ExampleDeviceProfileSelector (78)
[2019.01.26-13.01.48:734][776]LogModuleManager: Shutting down and abandoning module LauncherChunkInstaller (76)
[2019.01.26-13.01.48:734][776]LogModuleManager: Shutting down and abandoning module OnlineBlueprintSupport (74)
[2019.01.26-13.01.48:734][776]LogModuleManager: Shutting down and abandoning module OnlineSubsystem (70)
[2019.01.26-13.01.48:739][776]LogModuleManager: Shutting down and abandoning module XMPP (65)
[2019.01.26-13.01.48:739][776]LogModuleManager: Shutting down and abandoning module WebSockets (64)
[2019.01.26-13.01.48:779][776]LogModuleManager: Shutting down and abandoning module HTTP (61)
[2019.01.26-13.01.48:780][776]LogHttp: Display: Http module shutting down, but needs to wait on 1 outstanding Http requests:
[2019.01.26-13.01.48:780][776]LogHttp: Display: 	verb=[POST] url=[https://datarouter.ol.epicgames.com/datarouter/api/v1/public/data?SessionID=%7B74374398-4507-73C4-B325-548125E10C43%7D&AppID=UEEditor.Rocket.Release&AppVersion=4.20.3-4369336%2B%2B%2BUE4%2BRelease-4.20&UserID=474d903443ae8b63be4705ae78a3445b%7C%7Ce8798e7c-7c79-4e5f-9bf9-3ee525b6f63c&AppEnvironment=datacollector-binary&UploadType=eteventstream] status=Processing
[2019.01.26-13.01.48:804][776]LogModuleManager: Shutting down and abandoning module SSL (60)
[2019.01.26-13.01.48:806][776]LogModuleManager: Shutting down and abandoning module MagicLeapEmulator (56)
[2019.01.26-13.01.48:807][776]LogModuleManager: Shutting down and abandoning module MagicLeapPrivileges (54)
[2019.01.26-13.01.48:807][776]LogModuleManager: Shutting down and abandoning module MagicLeapIdentity (52)
[2019.01.26-13.01.48:807][776]LogModuleManager: Shutting down and abandoning module MagicLeapHelperVulkan (50)
[2019.01.26-13.01.48:807][776]LogModuleManager: Shutting down and abandoning module MagicLeapHelperOpenGL (48)
[2019.01.26-13.01.48:807][776]LogModuleManager: Shutting down and abandoning module MagicLeapSecureStorage (46)
[2019.01.26-13.01.48:807][776]LogModuleManager: Shutting down and abandoning module MagicLeapGestures (44)
[2019.01.26-13.01.48:807][776]LogModuleManager: Shutting down and abandoning module MagicLeapEyeTracker (42)
[2019.01.26-13.01.48:807][776]LogModuleManager: Shutting down and abandoning module MagicLeapController (40)
[2019.01.26-13.01.48:808][776]LogSlate: Slate User Destroyed.  User Index 0, Is Virtual User: 0
[2019.01.26-13.01.48:808][776]LogModuleManager: Shutting down and abandoning module MagicLeap (38)
[2019.01.26-13.01.48:808][776]LogModuleManager: Shutting down and abandoning module AnimationModifiers (36)
[2019.01.26-13.01.48:808][776]LogModuleManager: Shutting down and abandoning module PropertyEditor (35)
[2019.01.26-13.01.48:809][776]LogModuleManager: Shutting down and abandoning module AudioEditor (32)
[2019.01.26-13.01.48:809][776]LogModuleManager: Shutting down and abandoning module TextureCompressor (30)
[2019.01.26-13.01.48:812][776]LogModuleManager: Shutting down and abandoning module ShaderCore (28)
[2019.01.26-13.01.48:813][776]LogModuleManager: Shutting down and abandoning module Landscape (26)
[2019.01.26-13.01.48:813][776]LogModuleManager: Shutting down and abandoning module SlateRHIRenderer (24)
[2019.01.26-13.01.48:814][776]LogModuleManager: Shutting down and abandoning module OpenGLDrv (22)
[2019.01.26-13.01.48:814][776]LogModuleManager: Shutting down and abandoning module D3D11RHI (20)
[2019.01.26-13.01.48:814][776]LogModuleManager: Shutting down and abandoning module AnimGraphRuntime (18)
[2019.01.26-13.01.48:814][776]LogModuleManager: Shutting down and abandoning module Renderer (16)
[2019.01.26-13.01.48:814][776]LogModuleManager: Shutting down and abandoning module Engine (14)
[2019.01.26-13.01.48:814][776]LogModuleManager: Shutting down and abandoning module CoreUObject (12)
[2019.01.26-13.01.48:814][776]LogModuleManager: Shutting down and abandoning module NetworkFile (10)
[2019.01.26-13.01.48:814][776]LogModuleManager: Shutting down and abandoning module CookedIterativeFile (8)
[2019.01.26-13.01.48:814][776]LogModuleManager: Shutting down and abandoning module StreamingFile (6)
[2019.01.26-13.01.48:815][776]LogModuleManager: Shutting down and abandoning module SandboxFile (4)
[2019.01.26-13.01.48:815][776]LogModuleManager: Shutting down and abandoning module PakFile (2)
[2019.01.26-13.01.48:839][776]LogExit: Exiting.
[2019.01.26-13.01.48:843][776]Log file closed, 01/26/19 13:01:48
