Log file open, 01/26/19 00:17:56
LogWindows: Failed to load 'aqProf.dll' (GetLastError=126)
LogWindows: File 'aqProf.dll' does not exist
LogWindows: Failed to load 'VSPerf140.dll' (GetLastError=126)
LogWindows: File 'VSPerf140.dll' does not exist
LogWindows: Failed to load 'VtuneApi.dll' (GetLastError=126)
LogWindows: File 'VtuneApi.dll' does not exist
LogWindows: Failed to load 'VtuneApi32e.dll' (GetLastError=126)
LogWindows: File 'VtuneApi32e.dll' does not exist
LogInit: Display: Running engine for game: GGJ2019
LogPlatformFile: Not using cached read wrapper
LogTaskGraph: Started task graph with 5 named threads and 23 total threads with 3 sets of task threads.
LogStats: Stats thread started at 0.434002
LogD3D11RHI: Loaded GFSDK_Aftermath_Lib.x64.dll
LogICUInternationalization: Display: ICU TimeZone Detection - Raw Offset: +0:00, Platform Override: ''
LogPluginManager: Mounting plugin Paper2D
LogPluginManager: Mounting plugin AISupport
LogPluginManager: Mounting plugin LightPropagationVolume
LogPluginManager: Mounting plugin CLionSourceCodeAccess
LogPluginManager: Mounting plugin CodeLiteSourceCodeAccess
LogPluginManager: Mounting plugin GitSourceControl
LogPluginManager: Mounting plugin KDevelopSourceCodeAccess
LogPluginManager: Mounting plugin NullSourceCodeAccess
LogPluginManager: Mounting plugin PerforceSourceControl
LogPluginManager: Mounting plugin SubversionSourceControl
LogPluginManager: Mounting plugin UObjectPlugin
LogPluginManager: Mounting plugin VisualStudioCodeSourceCodeAccess
LogPluginManager: Mounting plugin VisualStudioSourceCodeAccess
LogPluginManager: Mounting plugin XCodeSourceCodeAccess
LogPluginManager: Mounting plugin AssetManagerEditor
LogPluginManager: Mounting plugin CryptoKeys
LogPluginManager: Mounting plugin DataValidation
LogPluginManager: Mounting plugin FacialAnimation
LogPluginManager: Mounting plugin GameplayTagsEditor
LogPluginManager: Mounting plugin MacGraphicsSwitching
LogPluginManager: Mounting plugin MeshEditor
LogPluginManager: Mounting plugin MobileLauncherProfileWizard
LogPluginManager: Mounting plugin PluginBrowser
LogPluginManager: Mounting plugin SpeedTreeImporter
LogPluginManager: Mounting plugin DatasmithContent
LogPluginManager: Mounting plugin AlembicImporter
LogPluginManager: Mounting plugin AppleImageUtils
LogPluginManager: Mounting plugin AppleVision
LogPluginManager: Mounting plugin BackChannel
LogPluginManager: Mounting plugin CharacterAI
LogPluginManager: Mounting plugin GeometryCache
LogPluginManager: Mounting plugin HTML5Networking
LogPluginManager: Mounting plugin ProxyLODPlugin
LogPluginManager: Mounting plugin MagicLeap
LogPluginManager: Mounting plugin MagicLeapEmulator
LogPluginManager: Mounting plugin MagicLeapMedia
LogPluginManager: Mounting plugin AndroidMedia
LogPluginManager: Mounting plugin AvfMedia
LogPluginManager: Mounting plugin ImgMedia
LogPluginManager: Mounting plugin LinearTimecode
LogPluginManager: Mounting plugin MediaCompositing
LogPluginManager: Mounting plugin MediaPlayerEditor
LogPluginManager: Mounting plugin WmfMedia
LogPluginManager: Mounting plugin TcpMessaging
LogPluginManager: Mounting plugin UdpMessaging
LogPluginManager: Mounting plugin ActorSequence
LogPluginManager: Mounting plugin LevelSequenceEditor
LogPluginManager: Mounting plugin MatineeToLevelSequence
LogPluginManager: Mounting plugin NetcodeUnitTest
LogPluginManager: Mounting plugin NUTUnrealEngine4
LogPluginManager: Mounting plugin OnlineSubsystemGooglePlay
LogPluginManager: Mounting plugin OnlineSubsystemIOS
LogPluginManager: Mounting plugin OnlineSubsystem
LogPluginManager: Mounting plugin OnlineSubsystemNull
LogPluginManager: Mounting plugin OnlineSubsystemUtils
LogPluginManager: Mounting plugin LauncherChunkInstaller
LogPluginManager: Mounting plugin AndroidDeviceProfileSelector
LogPluginManager: Mounting plugin AndroidMoviePlayer
LogPluginManager: Mounting plugin AndroidPermission
LogPluginManager: Mounting plugin AppleMoviePlayer
LogPluginManager: Mounting plugin ArchVisCharacter
LogPluginManager: Mounting plugin AudioCapture
LogPluginManager: Mounting plugin CableComponent
LogPluginManager: Mounting plugin CustomMeshComponent
LogPluginManager: Mounting plugin EditableMesh
LogPluginManager: Mounting plugin ExampleDeviceProfileSelector
LogPluginManager: Mounting plugin GoogleCloudMessaging
LogPluginManager: Mounting plugin ImmediatePhysics
LogPluginManager: Mounting plugin IOSDeviceProfileSelector
LogPluginManager: Mounting plugin LinuxDeviceProfileSelector
LogPluginManager: Mounting plugin LocationServicesBPLibrary
LogPluginManager: Mounting plugin MobilePatchingUtils
LogPluginManager: Mounting plugin OculusVR
LogPluginManager: Plugin shader directory ../../../Engine/Plugins/Runtime/Oculus/OculusVR/Shaders found
LogPluginManager: Mapping shader source directory ../../../Engine/Plugins/Runtime/Oculus/OculusVR/Shaders to virtual directory /Plugin/OculusVR
LogPluginManager: Mounting plugin PhysXVehicles
LogPluginManager: Mounting plugin ProceduralMeshComponent
LogPluginManager: Mounting plugin RuntimePhysXCooking
LogPluginManager: Mounting plugin SteamVR
LogPluginManager: Mounting plugin WindowsMoviePlayer
LogStreaming: Display: Took  0.277s to configure plugins.
LogInit: Using libcurl 7.55.1-DEV
LogInit:  - built for x86_64-pc-win32
LogInit:  - supports SSL with OpenSSL/1.0.2h
LogInit:  - supports HTTP deflate (compression) using libz 1.2.8
LogInit:  - other features:
LogInit:      CURL_VERSION_SSL
LogInit:      CURL_VERSION_LIBZ
LogInit:      CURL_VERSION_IPV6
LogInit:      CURL_VERSION_ASYNCHDNS
LogInit:      CURL_VERSION_LARGEFILE
LogInit:      CURL_VERSION_IDN
LogInit:  CurlRequestOptions (configurable via config and command line):
LogInit:  - bVerifyPeer = false  - Libcurl will NOT verify peer certificate
LogInit:  - bUseHttpProxy = false  - Libcurl will NOT use HTTP proxy
LogInit:  - bDontReuseConnections = false  - Libcurl will reuse connections
LogInit:  - CertBundlePath = nullptr  - Libcurl will use whatever was configured at build time.
LogInit:  - MaxHostConnections = 16  - Libcurl will limit the number of connections to a host
LogInit:  - LocalHostAddr = Default
LogInit:  - BufferSize = 65536
LogInit: WinSock: version 1.1 (2.2), MaxSocks=32767, MaxUdp=65467
LogInit: Build: ++UE4+Release-4.20-CL-4369336
LogInit: Engine Version: 4.20.3-4369336+++UE4+Release-4.20
LogInit: Compatible Engine Version: 4.20.0-4212847+++UE4+Release-4.20
LogInit: Net CL: 4212847
LogInit: OS: Windows 10 (), CPU: Intel(R) Xeon(R) CPU E5-1620 v3 @ 3.50GHz, GPU: NVIDIA GeForce GTX 970
LogInit: Compiled (64-bit): Sep 17 2018 12:26:19
LogInit: Compiled with Visual C++: 19.13.26129.00
LogInit: Build Configuration: Development
LogInit: Branch Name: ++UE4+Release-4.20
LogInit: Command Line:  -skipcompile
LogInit: Base Directory: C:/Epic/UE4/UE_4.20/Engine/Binaries/Win64/
LogInit: Installed Engine Build: 1
LogDevObjectVersion: Number of dev versions registered: 20
LogDevObjectVersion:   Dev-Blueprints (B0D832E4-1F89-4F0D-ACCF-7EB736FD4AA2): 10
LogDevObjectVersion:   Dev-Build (E1C64328-A22C-4D53-A36C-8E866417BD8C): 0
LogDevObjectVersion:   Dev-Core (375EC13C-06E4-48FB-B500-84F0262A717E): 2
LogDevObjectVersion:   Dev-Editor (E4B068ED-F494-42E9-A231-DA0B2E46BB41): 24
LogDevObjectVersion:   Dev-Framework (CFFC743F-43B0-4480-9391-14DF171D2073): 34
LogDevObjectVersion:   Dev-Mobile (B02B49B5-BB20-44E9-A304-32B752E40360): 2
LogDevObjectVersion:   Dev-Networking (A4E4105C-59A1-49B5-A7C5-40C4547EDFEE): 0
LogDevObjectVersion:   Dev-Online (39C831C9-5AE6-47DC-9A44-9C173E1C8E7C): 0
LogDevObjectVersion:   Dev-Physics (78F01B33-EBEA-4F98-B9B4-84EACCB95AA2): 0
LogDevObjectVersion:   Dev-Platform (6631380F-2D4D-43E0-8009-CF276956A95A): 0
LogDevObjectVersion:   Dev-Rendering (12F88B9F-8875-4AFC-A67C-D90C383ABD29): 26
LogDevObjectVersion:   Dev-Sequencer (7B5AE74C-D270-4C10-A958-57980B212A5A): 9
LogDevObjectVersion:   Dev-VR (D7296918-1DD6-4BDD-9DE2-64A83CC13884): 2
LogDevObjectVersion:   Dev-LoadTimes (C2A15278-BFE7-4AFE-6C17-90FF531DF755): 1
LogDevObjectVersion:   Private-Geometry (6EACA3D4-40EC-4CC1-B786-8BED09428FC5): 3
LogDevObjectVersion:   Dev-AnimPhys (29E575DD-E0A3-4627-9D10-D276232CDCEA): 17
LogDevObjectVersion:   Dev-ReflectionCapture (6B266CEC-1EC7-4B8F-A30B-E4D90942FC07): 1
LogDevObjectVersion:   Dev-Automation (0DF73D61-A23F-47EA-B727-89E90C41499A): 1
LogDevObjectVersion:   FortniteMain (601D1886-AC64-4F84-AA16-D3DE0DEAC7D6): 12
LogDevObjectVersion:   Dev-Enterprise (9DFFBCD6-494F-0158-E221-12823C92A888): 1
LogStreaming: Display: Took  0.005s to delete old logs.
LogInit: Presizing for max 8388607 objects, including 0 objects not considered by GC, pre-allocating 0 bytes for permanent pool.
LogInit: Object subsystem initialized
[2019.01.26-00.17.57:145][  0]LogInit: Selected Device Profile: [Windows]
[2019.01.26-00.17.57:145][  0]LogInit: Applying CVar settings loaded from the selected device profile: [Windows]
[2019.01.26-00.17.57:164][  0]LogHAL: Display: Platform has ~ 16 GB [17092038656 / 17179869184 / 16], which maps to Larger [LargestMinGB=32, LargerMinGB=12, DefaultMinGB=8, SmallerMinGB=6, SmallestMinGB=0)
[2019.01.26-00.17.57:164][  0]LogInit: Setting Device Profile CVar: [[r.Vulkan.UseRealUBs:1]]
[2019.01.26-00.17.57:164][  0]LogInit: Going up to parent DeviceProfile []
[2019.01.26-00.17.57:165][  0]LogInit: Computer: C115-11
[2019.01.26-00.17.57:165][  0]LogInit: User: w017177h
[2019.01.26-00.17.57:165][  0]LogInit: CPU Page size=4096, Cores=4
[2019.01.26-00.17.57:165][  0]LogInit: High frequency timer resolution =3.410072 MHz
[2019.01.26-00.17.57:165][  0]LogMemory: Memory total: Physical=15.9GB (16GB approx)
[2019.01.26-00.17.57:165][  0]LogMemory: Platform Memory Stats for Windows
[2019.01.26-00.17.57:165][  0]LogMemory: Process Physical Memory: 100.84 MB used, 100.84 MB peak
[2019.01.26-00.17.57:165][  0]LogMemory: Process Virtual Memory: 90.93 MB used, 90.93 MB peak
[2019.01.26-00.17.57:165][  0]LogMemory: Physical Memory: 6995.79 MB used,  9304.45 MB free, 16300.24 MB total
[2019.01.26-00.17.57:165][  0]LogMemory: Virtual Memory: 4640.35 MB used,  9304.45 MB free, 134217728.00 MB total
[2019.01.26-00.17.57:292][  0]LogInit: Using OS detected language (en-US).
[2019.01.26-00.17.57:292][  0]LogInit: Using OS detected locale (en-GB).
[2019.01.26-00.17.57:294][  0]LogTextLocalizationManager: No specific localization for 'en-US' exists, so the 'en' localization will be used.
[2019.01.26-00.17.57:702][  0]LogStreaming: Display: Took  0.410s to InitEngineTextLocalization.
[2019.01.26-00.17.57:702][  0]LogInit: Setting process to per monitor DPI aware
[2019.01.26-00.17.57:738][  0]LogSlate: New Slate User Created.  User Index 0, Is Virtual User: 0
[2019.01.26-00.17.57:738][  0]LogSlate: Slate User Registered.  User Index 0, Is Virtual User: 0
[2019.01.26-00.17.58:088][  0]LogHMD: Failed to initialize OpenVR with code 110
[2019.01.26-00.17.58:088][  0]LogD3D11RHI: D3D11 adapters:
[2019.01.26-00.17.58:189][  0]LogD3D11RHI:    0. 'NVIDIA GeForce GTX 970' (Feature Level 11_0)
[2019.01.26-00.17.58:189][  0]LogD3D11RHI:       4043/0/8150 MB DedicatedVideo/DedicatedSystem/SharedSystem, Outputs:2, VendorId:0x10de
[2019.01.26-00.17.58:195][  0]LogD3D11RHI:    1. 'Microsoft Basic Render Driver' (Feature Level 11_0)
[2019.01.26-00.17.58:195][  0]LogD3D11RHI:       0/0/8150 MB DedicatedVideo/DedicatedSystem/SharedSystem, Outputs:0, VendorId:0x1414
[2019.01.26-00.17.58:195][  0]LogD3D11RHI: Chosen D3D11 Adapter: 0
[2019.01.26-00.17.58:208][  0]LogD3D11RHI: Creating new Direct3DDevice
[2019.01.26-00.17.58:208][  0]LogD3D11RHI:     GPU DeviceId: 0x13c2 (for the marketing name, search the web for "GPU Device Id")
[2019.01.26-00.17.58:208][  0]LogWindows: EnumDisplayDevices:
[2019.01.26-00.17.58:208][  0]LogWindows:    0. 'NVIDIA GeForce GTX 970' (P:1 D:1)
[2019.01.26-00.17.58:209][  0]LogWindows:    1. 'NVIDIA GeForce GTX 970' (P:0 D:1)
[2019.01.26-00.17.58:209][  0]LogWindows:    2. 'NVIDIA GeForce GTX 970' (P:0 D:0)
[2019.01.26-00.17.58:209][  0]LogWindows:    3. 'NVIDIA GeForce GTX 970' (P:0 D:0)
[2019.01.26-00.17.58:210][  0]LogWindows: DebugString: FoundDriverCount:4 
[2019.01.26-00.17.58:210][  0]LogD3D11RHI:     Adapter Name: NVIDIA GeForce GTX 970
[2019.01.26-00.17.58:210][  0]LogD3D11RHI:   Driver Version: 398.82 (internal:24.21.13.9882, unified:398.82)
[2019.01.26-00.17.58:210][  0]LogD3D11RHI:      Driver Date: 7-30-2018
[2019.01.26-00.17.58:210][  0]LogRHI: Texture pool is 2830 MB (70% of 4043 MB)
[2019.01.26-00.17.58:264][  0]LogD3D11RHI: Async texture creation enabled
[2019.01.26-00.17.58:283][  0]LogD3D11RHI: GPU Timing Frequency: 1000.000000 (Debug: 2 2)
[2019.01.26-00.17.58:327][  0]LogShaderCompilers: Guid format shader working directory is -17 characters bigger than the processId version (../../../../../../Users/w017177h.STUDENT/Documents/Github/GGJ2019/GGJ2019/Intermediate/Shaders/WorkingDirectory/16136/).
[2019.01.26-00.17.58:327][  0]LogShaderCompilers: Cleaned the shader compiler working directory 'C:/Users/w017177h.STUDENT/AppData/Local/Temp/UnrealShaderWorkingDir/A29F95FF4E7B6A7E008B619F0AE22C75/'.
[2019.01.26-00.17.58:701][  0]LogTemp: Display: Loaded TP AllDesktopTargetPlatform
[2019.01.26-00.17.58:720][  0]LogTemp: Display: Loaded TP MacClientTargetPlatform
[2019.01.26-00.17.58:739][  0]LogTemp: Display: Loaded TP MacNoEditorTargetPlatform
[2019.01.26-00.17.58:758][  0]LogTemp: Display: Loaded TP MacServerTargetPlatform
[2019.01.26-00.17.58:777][  0]LogTemp: Display: Loaded TP MacTargetPlatform
[2019.01.26-00.17.58:795][  0]LogTemp: Display: Loaded TP WindowsClientTargetPlatform
[2019.01.26-00.17.58:814][  0]LogTemp: Display: Loaded TP WindowsNoEditorTargetPlatform
[2019.01.26-00.17.58:832][  0]LogTemp: Display: Loaded TP WindowsServerTargetPlatform
[2019.01.26-00.17.58:843][  0]LogTemp: Display: Loaded TP WindowsTargetPlatform
[2019.01.26-00.17.58:946][  0]LogTemp: Display: Loaded TP AndroidTargetPlatform
[2019.01.26-00.17.58:946][  0]LogTemp: Display: Loaded TP AndroidTargetPlatform
[2019.01.26-00.17.58:946][  0]LogTemp: Display: Loaded TP AndroidTargetPlatform
[2019.01.26-00.17.58:946][  0]LogTemp: Display: Loaded TP AndroidTargetPlatform
[2019.01.26-00.17.58:946][  0]LogTemp: Display: Loaded TP AndroidTargetPlatform
[2019.01.26-00.17.58:946][  0]LogTemp: Display: Loaded TP AndroidTargetPlatform
[2019.01.26-00.17.58:946][  0]LogTemp: Display: Loaded TP AndroidTargetPlatform
[2019.01.26-00.17.58:946][  0]LogTemp: Display: Loaded TP AndroidTargetPlatform
[2019.01.26-00.17.58:946][  0]LogTemp: Display: Loaded TP AndroidTargetPlatform
[2019.01.26-00.17.58:947][  0]LogTemp: Display: Loaded TP AndroidTargetPlatform
[2019.01.26-00.17.58:947][  0]LogTemp: Display: Loaded TP AndroidTargetPlatform
[2019.01.26-00.17.58:947][  0]LogTemp: Display: Loaded TP AndroidTargetPlatform
[2019.01.26-00.17.58:947][  0]LogTemp: Display: Loaded TP AndroidTargetPlatform
[2019.01.26-00.17.58:947][  0]LogTemp: Display: Loaded TP AndroidTargetPlatform
[2019.01.26-00.17.58:947][  0]LogTemp: Display: Loaded TP AndroidTargetPlatform
[2019.01.26-00.17.58:947][  0]LogTemp: Display: Loaded TP AndroidTargetPlatform
[2019.01.26-00.17.58:947][  0]LogTemp: Display: Loaded TP AndroidTargetPlatform
[2019.01.26-00.17.58:947][  0]LogTemp: Display: Loaded TP AndroidTargetPlatform
[2019.01.26-00.17.58:953][  0]LogTemp: Display: Loaded TP HTML5TargetPlatform
[2019.01.26-00.17.59:053][  0]LogTemp: Display: Loaded TP IOSTargetPlatform
[2019.01.26-00.17.59:054][  0]LogTemp: Display: Loaded TP IOSTargetPlatform
[2019.01.26-00.17.59:095][  0]LogTemp: Display: Loaded TP TVOSTargetPlatform
[2019.01.26-00.17.59:095][  0]LogTemp: Display: Loaded TP TVOSTargetPlatform
[2019.01.26-00.17.59:119][  0]LogTemp: Display: Loaded TP LinuxClientTargetPlatform
[2019.01.26-00.17.59:137][  0]LogTemp: Display: Loaded TP LinuxNoEditorTargetPlatform
[2019.01.26-00.17.59:154][  0]LogTemp: Display: Loaded TP LinuxServerTargetPlatform
[2019.01.26-00.17.59:172][  0]LogTemp: Display: Loaded TP LinuxTargetPlatform
[2019.01.26-00.17.59:185][  0]LogTemp: Display: Loaded TP LuminTargetPlatform
[2019.01.26-00.17.59:185][  0]LogTargetPlatformManager: Display: Building Assets For Windows
[2019.01.26-00.17.59:357][  0]LogXGEController: Cleaning working directory: C:/Users/w017177h.STUDENT/AppData/Local/Temp/UnrealXGEWorkingDir/
[2019.01.26-00.17.59:358][  0]LogXGEController: Cannot use XGE Controller as Incredibuild is not installed on this machine.
[2019.01.26-00.17.59:358][  0]LogShaderCompilers: Cannot use XGE Shader Compiler as Incredibuild is not installed on this machine.
[2019.01.26-00.17.59:358][  0]LogShaderCompilers: Display: Using Local Shader Compiler.
[2019.01.26-00.18.00:491][  0]LogDerivedDataCache: Display: Max Cache Size: 512 MB
[2019.01.26-00.18.00:605][  0]LogDerivedDataCache: Loaded boot cache 0.11s 71MB C:/Users/w017177h.STUDENT/AppData/Local/UnrealEngine/4.20/DerivedDataCache/Boot.ddc.
[2019.01.26-00.18.00:606][  0]LogDerivedDataCache: Display: Loaded Boot cache: C:/Users/w017177h.STUDENT/AppData/Local/UnrealEngine/4.20/DerivedDataCache/Boot.ddc
[2019.01.26-00.18.00:606][  0]LogDerivedDataCache: FDerivedDataBackendGraph:  Pak pak cache file ../../../../../../Users/w017177h.STUDENT/Documents/Github/GGJ2019/GGJ2019/DerivedDataCache/DDC.ddp not found, will not use a pak cache.
[2019.01.26-00.18.00:606][  0]LogDerivedDataCache: Unable to find inner node Pak for hierarchical cache Hierarchy.
[2019.01.26-00.18.00:607][  0]LogDerivedDataCache: FDerivedDataBackendGraph:  CompressedPak pak cache file ../../../../../../Users/w017177h.STUDENT/Documents/Github/GGJ2019/GGJ2019/DerivedDataCache/Compressed.ddp not found, will not use a pak cache.
[2019.01.26-00.18.00:607][  0]LogDerivedDataCache: Unable to find inner node CompressedPak for hierarchical cache Hierarchy.
[2019.01.26-00.18.00:621][  0]LogDerivedDataCache: Display: Pak cache opened for reading ../../../Engine/DerivedDataCache/Compressed.ddp.
[2019.01.26-00.18.00:635][  0]LogDerivedDataCache: Using Local data cache path C:/Users/w017177h.STUDENT/AppData/Local/UnrealEngine/Common/DerivedDataCache: Writable
[2019.01.26-00.18.00:635][  0]LogDerivedDataCache: Shared data cache path not found in *engine.ini, will not use an Shared cache.
[2019.01.26-00.18.00:635][  0]LogDerivedDataCache: Unable to find inner node Shared for hierarchical cache Hierarchy.
[2019.01.26-00.18.00:658][  0]LogMaterial: Verifying Global Shaders for PCD3D_SM5
[2019.01.26-00.18.00:659][  0]LogSlate: Using FreeType 2.6.0
[2019.01.26-00.18.00:660][  0]LogSlate: SlateFontServices - WITH_FREETYPE: 1, WITH_HARFBUZZ: 1
[2019.01.26-00.18.00:756][  0]LogAssetRegistry: FAssetRegistry took 0.0301 seconds to start up
[2019.01.26-00.18.01:292][  0]LogInit: Selected Device Profile: [Windows]
[2019.01.26-00.18.01:447][  0]LogSimplygon: Simplygon DLL not present - disabling.
[2019.01.26-00.18.01:460][  0]LogMeshReduction: Using SimplygonSwarm for distributed automatic mesh merging
[2019.01.26-00.18.01:460][  0]LogMeshReduction: Using ProxyLODMeshReduction for automatic mesh merging
[2019.01.26-00.18.01:461][  0]LogMeshReduction: Using QuadricMeshReduction for automatic static mesh reduction
[2019.01.26-00.18.01:461][  0]LogMeshReduction: No automatic skeletal mesh reduction module available
[2019.01.26-00.18.01:578][  0]LogNetVersion: GGJ2019 1.0.0, NetCL: 4212847, EngineNetVer: 5, GameNetVer: 0 (Checksum: 54619999)
[2019.01.26-00.18.02:403][  0]LogPackageLocalizationCache: Processed 11 localized package path(s) for 2 prioritized culture(s) in 0.220037 seconds
[2019.01.26-00.18.02:412][  0]LogUObjectArray: 38425 objects as part of root set at end of initial load.
[2019.01.26-00.18.02:412][  0]LogUObjectAllocator: 6690872 out of 0 bytes used by permanent object pool.
[2019.01.26-00.18.02:413][  0]LogUObjectArray: CloseDisregardForGC: 0/0 objects in disregard for GC pool
[2019.01.26-00.18.03:704][  0]LogTcpMessaging: Initializing TcpMessaging bridge
[2019.01.26-00.18.03:723][  0]LogUdpMessaging: Initializing bridge on interface 0.0.0.0:0 to multicast group 230.0.0.1:6666.
[2019.01.26-00.18.03:968][  0]SourceControl: Source control is disabled
[2019.01.26-00.18.03:969][  0]SourceControl: Source control is disabled
[2019.01.26-00.18.03:973][  0]SourceControl: Source control is disabled
[2019.01.26-00.18.03:977][  0]SourceControl: Source control is disabled
[2019.01.26-00.18.04:301][  0]LogAndroidPermission: UAndroidPermissionCallbackProxy::GetInstance
[2019.01.26-00.18.04:467][  0]LogOcInput: OculusInput pre-init called
[2019.01.26-00.18.04:549][  0]LogEngine: Initializing Engine...
[2019.01.26-00.18.04:550][  0]LogHMD: Failed to initialize OpenVR with code 110
[2019.01.26-00.18.04:552][  0]LogStats: UGameplayTagsManager::ConstructGameplayTagTree: ImportINI prefixes -  0.000 s
[2019.01.26-00.18.04:552][  0]LogStats: UGameplayTagsManager::ConstructGameplayTagTree: Construct from data asset -  0.000 s
[2019.01.26-00.18.04:552][  0]LogStats: UGameplayTagsManager::ConstructGameplayTagTree: ImportINI -  0.000 s
[2019.01.26-00.18.04:552][  0]LogStats: UGameplayTagsManager::ConstructGameplayTagTree: GameplayTagTreeChangedEvent.Broadcast -  0.000 s
[2019.01.26-00.18.04:807][  0]LogInit: Initializing FReadOnlyCVARCache
[2019.01.26-00.18.04:837][  0]LogAIModule: Creating AISystem for world Untitled
[2019.01.26-00.18.04:859][  0]LogInit: XAudio2 using 'Headset Earphone (Razer ManO'War)' : 2 channels at 48 kHz using 16 bits per sample (channel mask 0x3)
[2019.01.26-00.18.04:899][  0]LogInit: FAudioDevice initialized.
[2019.01.26-00.18.04:900][  0]LogNetVersion: Set ProjectVersion to 1.0.0.0. Version Checksum will be recalculated on next use.
[2019.01.26-00.18.04:995][  0]LogDerivedDataCache: Saved boot cache 0.09s 71MB C:/Users/w017177h.STUDENT/AppData/Local/UnrealEngine/4.20/DerivedDataCache/Boot.ddc.
[2019.01.26-00.18.05:014][  0]LogInit: Texture streaming: Enabled
[2019.01.26-00.18.05:055][  0]LogEngineSessionManager: EngineSessionManager initialized
[2019.01.26-00.18.05:074][  0]LogInit: Transaction tracking system initialized
[2019.01.26-00.18.05:131][  0]BlueprintLog: New page: Editor Load
[2019.01.26-00.18.05:317][  0]LocalizationService: Localization service is disabled
[2019.01.26-00.18.05:715][  0]LogCook: Display: Max memory allowance for cook 16384mb min free memory 0mb
[2019.01.26-00.18.05:716][  0]LogCook: Display: Mobile HDR setting 1
[2019.01.26-00.18.05:716][  0]LogGameplayTags: Display: UGameplayTagsManager::DoneAddingNativeTags. DelegateIsBound: 0
[2019.01.26-00.18.05:716][  0]LogStats: UGameplayTagsManager::ConstructGameplayTagTree: ImportINI prefixes -  0.000 s
[2019.01.26-00.18.05:716][  0]LogStats: UGameplayTagsManager::ConstructGameplayTagTree: Construct from data asset -  0.000 s
[2019.01.26-00.18.05:716][  0]LogStats: UGameplayTagsManager::ConstructGameplayTagTree: ImportINI -  0.000 s
[2019.01.26-00.18.05:716][  0]LogStats: UGameplayTagsManager::ConstructGameplayTagTree: GameplayTagTreeChangedEvent.Broadcast -  0.000 s
[2019.01.26-00.18.05:889][  0]LogFileCache: Scanning file cache for directory 'C:/Users/w017177h.STUDENT/Documents/Github/GGJ2019/GGJ2019/Content/' took 0.02s
[2019.01.26-00.18.05:965][  0]SourceControl: Source control is disabled
[2019.01.26-00.18.05:965][  0]Cmd: MAP LOAD FILE="../../../../../../Users/w017177h.STUDENT/Documents/Github/GGJ2019/GGJ2019/Content/GameLevel.umap" TEMPLATE=0 SHOWPROGRESS=1 FEATURELEVEL=3
[2019.01.26-00.18.05:966][  0]LightingResults: New page: Lighting Build
[2019.01.26-00.18.05:974][  0]MapCheck: New page: Map Check
[2019.01.26-00.18.05:974][  0]LightingResults: New page: Lighting Build
[2019.01.26-00.18.06:296][  0]LogAIModule: Creating AISystem for world GameLevel
[2019.01.26-00.18.06:314][  0]LogEditorServer: Finished looking for orphan Actors (0.000 secs)
[2019.01.26-00.18.06:343][  0]Cmd: MAP CHECKDEP NOCLEARLOG
[2019.01.26-00.18.06:525][  0]MapCheck: Map check complete: 0 Error(s), 0 Warning(s), took 181.365ms to complete.
[2019.01.26-00.18.06:525][  0]LogFileHelpers: Loading map 'GameLevel' took 0.560
[2019.01.26-00.18.06:708][  0]LogSlate: Updating window title bar state: overlay mode, drag disabled, window buttons hidden, title bar hidden
[2019.01.26-00.18.06:717][  0]LogSlate: Updating window title bar state: overlay mode, drag disabled, window buttons hidden, title bar hidden
[2019.01.26-00.18.06:727][  0]LogSlate: Updating window title bar state: overlay mode, drag disabled, window buttons hidden, title bar hidden
[2019.01.26-00.18.06:734][  0]LogSlate: Updating window title bar state: overlay mode, drag disabled, window buttons hidden, title bar hidden
[2019.01.26-00.18.06:751][  0]LogCollectionManager: Loaded 0 collections in 0.005335 seconds
[2019.01.26-00.18.06:803][  0]LogFileCache: Scanning file cache for directory 'C:/Users/w017177h.STUDENT/Documents/Github/GGJ2019/GGJ2019/Saved/Collections/' took 0.01s
[2019.01.26-00.18.06:803][  0]LogFileCache: Scanning file cache for directory 'C:/Users/w017177h.STUDENT/Documents/Github/GGJ2019/GGJ2019/Content/Developers/w017177h/Collections/' took 0.01s
[2019.01.26-00.18.06:804][  0]LogFileCache: Scanning file cache for directory 'C:/Users/w017177h.STUDENT/Documents/Github/GGJ2019/GGJ2019/Content/Collections/' took 0.01s
[2019.01.26-00.18.06:804][  0]LogCollectionManager: Rebuilt the GUID cache for 0 collections in 0.000000 seconds
[2019.01.26-00.18.06:827][  0]LogContentBrowser: Native class hierarchy populated in 0.0229 seconds. Added 2577 classes and 605 folders.
[2019.01.26-00.18.06:840][  0]LogContentBrowser: Native class hierarchy updated for 'WidgetCarousel' in 0.0005 seconds. Added 0 classes and 0 folders.
[2019.01.26-00.18.06:939][  0]LogContentBrowser: Native class hierarchy updated for 'AddContentDialog' in 0.0005 seconds. Added 0 classes and 0 folders.
[2019.01.26-00.18.06:948][  0]LogContentBrowser: Native class hierarchy updated for 'SceneOutliner' in 0.0005 seconds. Added 1 classes and 2 folders.
[2019.01.26-00.18.06:980][  0]LogSlate: Took 0.000300 seconds to synchronously load lazily loaded font '../../../Engine/Content/Slate/Fonts/Roboto-Regular.ttf' (155K)
[2019.01.26-00.18.06:982][  0]LogSlate: Took 0.000257 seconds to synchronously load lazily loaded font '../../../Engine/Content/Slate/Fonts/Roboto-Bold.ttf' (160K)
[2019.01.26-00.18.06:987][  0]LogSlate: Took 0.000305 seconds to synchronously load lazily loaded font '../../../Engine/Content/Editor/Slate/Fonts/FontAwesome.ttf' (139K)
[2019.01.26-00.18.07:079][  0]LogRenderer: Reallocating scene render targets to support 1208x576 Format 10 NumSamples 1 (Frame:1).
[2019.01.26-00.18.07:169][  0]LogSlate: Took 0.000278 seconds to synchronously load lazily loaded font '../../../Engine/Content/Slate/Fonts/Roboto-Light.ttf' (167K)
[2019.01.26-00.18.07:301][  0]LogContentBrowser: Native class hierarchy updated for 'HierarchicalLODOutliner' in 0.0006 seconds. Added 0 classes and 0 folders.
[2019.01.26-00.18.07:301][  0]LogLoad: (Engine Initialization) Total time: 13.60 seconds
[2019.01.26-00.18.07:301][  0]LogLoad: (Engine Initialization) Total Blueprint compile time: 0.00 seconds
[2019.01.26-00.18.07:359][  0]LogContentStreaming: Texture pool size now 1000 MB
[2019.01.26-00.18.07:390][  1]LogFileCache: Retrieving MD5 hashes for directory 'C:/Users/w017177h.STUDENT/Documents/Github/GGJ2019/GGJ2019/Content/' took 0.06s
[2019.01.26-00.18.07:408][  1]LogAssetRegistry: Asset discovery search completed in 6.6756 seconds
[2019.01.26-00.18.07:410][  1]LogCollectionManager: Rebuilt the object cache for 0 collections in 0.000000 seconds (found 0 objects)
[2019.01.26-00.18.07:410][  1]LogCollectionManager: Fixed up redirectors for 0 collections in 0.000117 seconds (updated 0 objects)
[2019.01.26-00.18.18:157][ 34]LogSlate: FSceneViewport::OnFocusLost() reason 0
[2019.01.26-00.18.18:396][ 49]LogSlate: Took 0.000372 seconds to synchronously load lazily loaded font '../../../Engine/Content/Slate/Fonts/Roboto-Light.ttf' (167K)
[2019.01.26-00.18.18:411][ 49]Cmd: OBJ SAVEPACKAGE PACKAGE="/Game/GameLevel" FILE="../../../../../../Users/w017177h.STUDENT/Documents/Github/GGJ2019/GGJ2019/Content/GameLevel.umap" SILENT=true AUTOSAVING=false KEEPDIRTY=false
[2019.01.26-00.18.18:668][ 49]LogSavePackage: Moving '../../../../../../Users/w017177h.STUDENT/Documents/Github/GGJ2019/GGJ2019/Saved/GameLevel90EC01EA4DEFC5CA8A2CA2BE863EA8E0.tmp' to '../../../../../../Users/w017177h.STUDENT/Documents/Github/GGJ2019/GGJ2019/Content/GameLevel.umap'
[2019.01.26-00.18.23:695][604]LogAIModule: Creating AISystem for world NewJohnLevel
[2019.01.26-00.18.23:778][604]LogAssetEditorManager: Opening Asset editor for World /Game/StarterContent/Maps/NewJohnLevel.NewJohnLevel
[2019.01.26-00.18.23:805][604]Cmd: MAP LOAD FILE="../../../../../../Users/w017177h.STUDENT/Documents/Github/GGJ2019/GGJ2019/Content/StarterContent/Maps/NewJohnLevel.umap" TEMPLATE=0 SHOWPROGRESS=1 FEATURELEVEL=3
[2019.01.26-00.18.23:806][604]LightingResults: New page: Lighting Build
[2019.01.26-00.18.23:806][604]LoadErrors: New page: Loading map: NewJohnLevel.umap
[2019.01.26-00.18.23:808][604]MapCheck: New page: Map Check
[2019.01.26-00.18.23:808][604]LightingResults: New page: Lighting Build
[2019.01.26-00.18.23:900][604]LogEditorServer: Finished looking for orphan Actors (0.000 secs)
[2019.01.26-00.18.23:958][604]Cmd: MAP CHECKDEP NOCLEARLOG
[2019.01.26-00.18.24:224][604]MapCheck: Map check complete: 0 Error(s), 0 Warning(s), took 265.585ms to complete.
[2019.01.26-00.18.24:225][604]LogFileHelpers: Loading map 'NewJohnLevel' took 0.422
[2019.01.26-00.18.26:051][801]LogSlate: FSceneViewport::OnFocusLost() reason 2
[2019.01.26-00.18.26:501][801]LogSavePackage: Moving '../../../../../../Users/w017177h.STUDENT/Documents/Github/GGJ2019/GGJ2019/Saved/NewJohnLevel6D744F5842069492C9F048B526B22FCF.tmp' to '../../../../../../Users/w017177h.STUDENT/Documents/Github/GGJ2019/GGJ2019/Content/StarterContent/Maps/NewJohnLevel.umap'
[2019.01.26-00.18.28:861][ 47]LogSlate: FSceneViewport::OnFocusLost() reason 2
[2019.01.26-00.18.29:298][ 47]LogSavePackage: Moving '../../../../../../Users/w017177h.STUDENT/Documents/Github/GGJ2019/GGJ2019/Saved/NewJohnLevel1AFC329747994A61DC41E287F315A534.tmp' to '../../../../../../Users/w017177h.STUDENT/Documents/Github/GGJ2019/GGJ2019/Content/StarterContent/Maps/NewJohnLevel.umap'
[2019.01.26-00.18.29:638][ 66]LogSlate: FSceneViewport::OnFocusLost() reason 0
[2019.01.26-00.18.31:703][302]LogActor: Warning: Enemy_BP_Base_C /Engine/Transient.World_2:PersistentLevel.Enemy_BP_Base_C_0 has natively added scene component(s), but none of them were set as the actor's RootComponent - picking one arbitrarily
[2019.01.26-00.18.33:944][563]LogAssetEditorManager: Opening Asset editor for Blueprint /Game/Enemy_BP_Base.Enemy_BP_Base
[2019.01.26-00.18.34:422][563]LogContentBrowser: Native class hierarchy updated for 'BlueprintGraph' in 0.0022 seconds. Added 116 classes and 0 folders.
[2019.01.26-00.18.35:344][563]LogActor: Warning: Enemy_BP_Base_C /Engine/Transient.World_3:PersistentLevel.Enemy_BP_Base_C_0 has natively added scene component(s), but none of them were set as the actor's RootComponent - picking one arbitrarily
[2019.01.26-00.18.35:348][563]LogSlate: Took 0.000271 seconds to synchronously load lazily loaded font '../../../Engine/Content/Slate/Fonts/Roboto-BoldCondensed.ttf' (158K)
[2019.01.26-00.18.35:396][564]LogSlate: Took 0.000332 seconds to synchronously load lazily loaded font '../../../Engine/Content/Slate/Fonts/Roboto-Italic.ttf' (157K)
[2019.01.26-00.18.46:676][694]Cmd: OBJ SAVEPACKAGE PACKAGE="/Game/Enemy_BP_Base" FILE="../../../../../../Users/w017177h.STUDENT/Documents/Github/GGJ2019/GGJ2019/Content/Enemy_BP_Base.uasset" SILENT=true
[2019.01.26-00.18.46:763][694]LogSavePackage: Moving '../../../../../../Users/w017177h.STUDENT/Documents/Github/GGJ2019/GGJ2019/Saved/Enemy_BP_BaseAE8A65694563DC73063238B18FCFB5DF.tmp' to '../../../../../../Users/w017177h.STUDENT/Documents/Github/GGJ2019/GGJ2019/Content/Enemy_BP_Base.uasset'
[2019.01.26-00.18.48:048][843]BlueprintLog: New page: Compile Enemy_BP_Base
[2019.01.26-00.18.48:055][843]LogActor: Warning: Enemy_BP_Base_C /Game/StarterContent/Maps/NewJohnLevel.NewJohnLevel:PersistentLevel.Enemy_BP_Base2 has natively added scene component(s), but none of them were set as the actor's RootComponent - picking one arbitrarily
[2019.01.26-00.18.48:060][843]LogActor: Warning: Enemy_BP_Base_C /Game/StarterContent/Maps/NewJohnLevel.NewJohnLevel:PersistentLevel.Enemy_BP_Base3 has natively added scene component(s), but none of them were set as the actor's RootComponent - picking one arbitrarily
[2019.01.26-00.18.48:061][843]LogActor: Warning: Enemy_BP_Base_C /Game/StarterContent/Maps/NewJohnLevel.NewJohnLevel:PersistentLevel.Enemy_BP_Base4 has natively added scene component(s), but none of them were set as the actor's RootComponent - picking one arbitrarily
[2019.01.26-00.18.48:062][843]LogActor: Warning: Enemy_BP_Base_C /Game/StarterContent/Maps/NewJohnLevel.NewJohnLevel:PersistentLevel.Enemy_BP_Base5 has natively added scene component(s), but none of them were set as the actor's RootComponent - picking one arbitrarily
[2019.01.26-00.18.48:063][843]LogActor: Warning: Enemy_BP_Base_C /Game/StarterContent/Maps/NewJohnLevel.NewJohnLevel:PersistentLevel.Enemy_BP_Base6 has natively added scene component(s), but none of them were set as the actor's RootComponent - picking one arbitrarily
[2019.01.26-00.18.48:064][843]LogActor: Warning: Enemy_BP_Base_C /Game/StarterContent/Maps/NewJohnLevel.NewJohnLevel:PersistentLevel.Enemy_BP_Base7 has natively added scene component(s), but none of them were set as the actor's RootComponent - picking one arbitrarily
[2019.01.26-00.18.48:064][843]LogActor: Warning: Enemy_BP_Base_C /Game/StarterContent/Maps/NewJohnLevel.NewJohnLevel:PersistentLevel.Enemy_BP_Base_2 has natively added scene component(s), but none of them were set as the actor's RootComponent - picking one arbitrarily
[2019.01.26-00.18.48:065][843]LogActor: Warning: Enemy_BP_Base_C /Engine/Transient.World_2:PersistentLevel.Enemy_BP_Base_C_0 has natively added scene component(s), but none of them were set as the actor's RootComponent - picking one arbitrarily
[2019.01.26-00.18.48:066][843]LogActor: Warning: Enemy_BP_Base_C /Engine/Transient.World_3:PersistentLevel.Enemy_BP_Base_C_0 has natively added scene component(s), but none of them were set as the actor's RootComponent - picking one arbitrarily
[2019.01.26-00.18.48:250][843]LogActor: Warning: Enemy_BP_Base_C /Engine/Transient.World_2:PersistentLevel.Enemy_BP_Base_C_1 has natively added scene component(s), but none of them were set as the actor's RootComponent - picking one arbitrarily
[2019.01.26-00.18.50:832][ 66]LogSavePackage: Moving '../../../../../../Users/w017177h.STUDENT/Documents/Github/GGJ2019/GGJ2019/Saved/NewJohnLevel75F3C6C244C77D5BF004FCB9F0117728.tmp' to '../../../../../../Users/w017177h.STUDENT/Documents/Github/GGJ2019/GGJ2019/Content/StarterContent/Maps/NewJohnLevel.umap'
[2019.01.26-00.22.45:268][789]LogEditorViewport: Clicking on Actor (LMB): TextRenderActor (TextRenderActor4)
[2019.01.26-00.22.45:326][789]LogSlate: FSceneViewport::OnFocusLost() reason 2
[2019.01.26-00.22.45:793][789]LogSavePackage: Moving '../../../../../../Users/w017177h.STUDENT/Documents/Github/GGJ2019/GGJ2019/Saved/NewJohnLevel1B9CBCDB4899343A4BE144B896F4E440.tmp' to '../../../../../../Users/w017177h.STUDENT/Documents/Github/GGJ2019/GGJ2019/Content/StarterContent/Maps/NewJohnLevel.umap'
