Log file open, 01/25/19 19:03:49
LogWindows: Failed to load 'aqProf.dll' (GetLastError=126)
LogWindows: File 'aqProf.dll' does not exist
LogWindows: Failed to load 'VSPerf140.dll' (GetLastError=126)
LogWindows: File 'VSPerf140.dll' does not exist
LogWindows: Failed to load 'VtuneApi.dll' (GetLastError=126)
LogWindows: File 'VtuneApi.dll' does not exist
LogWindows: Failed to load 'VtuneApi32e.dll' (GetLastError=126)
LogWindows: File 'VtuneApi32e.dll' does not exist
LogInit: Display: Running engine for game: GGJ2019
LogPlatformFile: Not using cached read wrapper
LogTaskGraph: Started task graph with 5 named threads and 23 total threads with 3 sets of task threads.
LogStats: Stats thread started at 0.414109
LogD3D11RHI: Loaded GFSDK_Aftermath_Lib.x64.dll
LogICUInternationalization: Display: ICU TimeZone Detection - Raw Offset: +0:00, Platform Override: ''
LogPluginManager: Mounting plugin Paper2D
LogPluginManager: Mounting plugin AISupport
LogPluginManager: Mounting plugin LightPropagationVolume
LogPluginManager: Mounting plugin CLionSourceCodeAccess
LogPluginManager: Mounting plugin CodeLiteSourceCodeAccess
LogPluginManager: Mounting plugin GitSourceControl
LogPluginManager: Mounting plugin KDevelopSourceCodeAccess
LogPluginManager: Mounting plugin NullSourceCodeAccess
LogPluginManager: Mounting plugin PerforceSourceControl
LogPluginManager: Mounting plugin SubversionSourceControl
LogPluginManager: Mounting plugin UObjectPlugin
LogPluginManager: Mounting plugin VisualStudioCodeSourceCodeAccess
LogPluginManager: Mounting plugin VisualStudioSourceCodeAccess
LogPluginManager: Mounting plugin XCodeSourceCodeAccess
LogPluginManager: Mounting plugin AssetManagerEditor
LogPluginManager: Mounting plugin CryptoKeys
LogPluginManager: Mounting plugin DataValidation
LogPluginManager: Mounting plugin FacialAnimation
LogPluginManager: Mounting plugin GameplayTagsEditor
LogPluginManager: Mounting plugin MacGraphicsSwitching
LogPluginManager: Mounting plugin MeshEditor
LogPluginManager: Mounting plugin MobileLauncherProfileWizard
LogPluginManager: Mounting plugin PluginBrowser
LogPluginManager: Mounting plugin SpeedTreeImporter
LogPluginManager: Mounting plugin DatasmithContent
LogPluginManager: Mounting plugin AlembicImporter
LogPluginManager: Mounting plugin AppleImageUtils
LogPluginManager: Mounting plugin AppleVision
LogPluginManager: Mounting plugin BackChannel
LogPluginManager: Mounting plugin CharacterAI
LogPluginManager: Mounting plugin GeometryCache
LogPluginManager: Mounting plugin HTML5Networking
LogPluginManager: Mounting plugin ProxyLODPlugin
LogPluginManager: Mounting plugin MagicLeap
LogPluginManager: Mounting plugin MagicLeapEmulator
LogPluginManager: Mounting plugin MagicLeapMedia
LogPluginManager: Mounting plugin AndroidMedia
LogPluginManager: Mounting plugin AvfMedia
LogPluginManager: Mounting plugin ImgMedia
LogPluginManager: Mounting plugin LinearTimecode
LogPluginManager: Mounting plugin MediaCompositing
LogPluginManager: Mounting plugin MediaPlayerEditor
LogPluginManager: Mounting plugin WmfMedia
LogPluginManager: Mounting plugin TcpMessaging
LogPluginManager: Mounting plugin UdpMessaging
LogPluginManager: Mounting plugin ActorSequence
LogPluginManager: Mounting plugin LevelSequenceEditor
LogPluginManager: Mounting plugin MatineeToLevelSequence
LogPluginManager: Mounting plugin NetcodeUnitTest
LogPluginManager: Mounting plugin NUTUnrealEngine4
LogPluginManager: Mounting plugin OnlineSubsystemGooglePlay
LogPluginManager: Mounting plugin OnlineSubsystemIOS
LogPluginManager: Mounting plugin OnlineSubsystem
LogPluginManager: Mounting plugin OnlineSubsystemNull
LogPluginManager: Mounting plugin OnlineSubsystemUtils
LogPluginManager: Mounting plugin LauncherChunkInstaller
LogPluginManager: Mounting plugin AndroidDeviceProfileSelector
LogPluginManager: Mounting plugin AndroidMoviePlayer
LogPluginManager: Mounting plugin AndroidPermission
LogPluginManager: Mounting plugin AppleMoviePlayer
LogPluginManager: Mounting plugin ArchVisCharacter
LogPluginManager: Mounting plugin AudioCapture
LogPluginManager: Mounting plugin CableComponent
LogPluginManager: Mounting plugin CustomMeshComponent
LogPluginManager: Mounting plugin EditableMesh
LogPluginManager: Mounting plugin ExampleDeviceProfileSelector
LogPluginManager: Mounting plugin GoogleCloudMessaging
LogPluginManager: Mounting plugin ImmediatePhysics
LogPluginManager: Mounting plugin IOSDeviceProfileSelector
LogPluginManager: Mounting plugin LinuxDeviceProfileSelector
LogPluginManager: Mounting plugin LocationServicesBPLibrary
LogPluginManager: Mounting plugin MobilePatchingUtils
LogPluginManager: Mounting plugin OculusVR
LogPluginManager: Plugin shader directory ../../../Engine/Plugins/Runtime/Oculus/OculusVR/Shaders found
LogPluginManager: Mapping shader source directory ../../../Engine/Plugins/Runtime/Oculus/OculusVR/Shaders to virtual directory /Plugin/OculusVR
LogPluginManager: Mounting plugin PhysXVehicles
LogPluginManager: Mounting plugin ProceduralMeshComponent
LogPluginManager: Mounting plugin RuntimePhysXCooking
LogPluginManager: Mounting plugin SteamVR
LogPluginManager: Mounting plugin WindowsMoviePlayer
LogStreaming: Display: Took  0.538s to configure plugins.
LogInit: Using libcurl 7.55.1-DEV
LogInit:  - built for x86_64-pc-win32
LogInit:  - supports SSL with OpenSSL/1.0.2h
LogInit:  - supports HTTP deflate (compression) using libz 1.2.8
LogInit:  - other features:
LogInit:      CURL_VERSION_SSL
LogInit:      CURL_VERSION_LIBZ
LogInit:      CURL_VERSION_IPV6
LogInit:      CURL_VERSION_ASYNCHDNS
LogInit:      CURL_VERSION_LARGEFILE
LogInit:      CURL_VERSION_IDN
LogInit:  CurlRequestOptions (configurable via config and command line):
LogInit:  - bVerifyPeer = false  - Libcurl will NOT verify peer certificate
LogInit:  - bUseHttpProxy = false  - Libcurl will NOT use HTTP proxy
LogInit:  - bDontReuseConnections = false  - Libcurl will reuse connections
LogInit:  - CertBundlePath = nullptr  - Libcurl will use whatever was configured at build time.
LogInit:  - MaxHostConnections = 16  - Libcurl will limit the number of connections to a host
LogInit:  - LocalHostAddr = Default
LogInit:  - BufferSize = 65536
LogInit: WinSock: version 1.1 (2.2), MaxSocks=32767, MaxUdp=65467
LogInit: Build: ++UE4+Release-4.20-CL-4369336
LogInit: Engine Version: 4.20.3-4369336+++UE4+Release-4.20
LogInit: Compatible Engine Version: 4.20.0-4212847+++UE4+Release-4.20
LogInit: Net CL: 4212847
LogInit: OS: Windows 10 (), CPU: Intel(R) Xeon(R) CPU E5-1620 v3 @ 3.50GHz, GPU: NVIDIA GeForce GTX 970
LogInit: Compiled (64-bit): Sep 17 2018 12:26:19
LogInit: Compiled with Visual C++: 19.13.26129.00
LogInit: Build Configuration: Development
LogInit: Branch Name: ++UE4+Release-4.20
LogInit: Command Line:  -skipcompile
LogInit: Base Directory: C:/Epic/UE4/UE_4.20/Engine/Binaries/Win64/
LogInit: Installed Engine Build: 1
LogDevObjectVersion: Number of dev versions registered: 20
LogDevObjectVersion:   Dev-Blueprints (B0D832E4-1F89-4F0D-ACCF-7EB736FD4AA2): 10
LogDevObjectVersion:   Dev-Build (E1C64328-A22C-4D53-A36C-8E866417BD8C): 0
LogDevObjectVersion:   Dev-Core (375EC13C-06E4-48FB-B500-84F0262A717E): 2
LogDevObjectVersion:   Dev-Editor (E4B068ED-F494-42E9-A231-DA0B2E46BB41): 24
LogDevObjectVersion:   Dev-Framework (CFFC743F-43B0-4480-9391-14DF171D2073): 34
LogDevObjectVersion:   Dev-Mobile (B02B49B5-BB20-44E9-A304-32B752E40360): 2
LogDevObjectVersion:   Dev-Networking (A4E4105C-59A1-49B5-A7C5-40C4547EDFEE): 0
LogDevObjectVersion:   Dev-Online (39C831C9-5AE6-47DC-9A44-9C173E1C8E7C): 0
LogDevObjectVersion:   Dev-Physics (78F01B33-EBEA-4F98-B9B4-84EACCB95AA2): 0
LogDevObjectVersion:   Dev-Platform (6631380F-2D4D-43E0-8009-CF276956A95A): 0
LogDevObjectVersion:   Dev-Rendering (12F88B9F-8875-4AFC-A67C-D90C383ABD29): 26
LogDevObjectVersion:   Dev-Sequencer (7B5AE74C-D270-4C10-A958-57980B212A5A): 9
LogDevObjectVersion:   Dev-VR (D7296918-1DD6-4BDD-9DE2-64A83CC13884): 2
LogDevObjectVersion:   Dev-LoadTimes (C2A15278-BFE7-4AFE-6C17-90FF531DF755): 1
LogDevObjectVersion:   Private-Geometry (6EACA3D4-40EC-4CC1-B786-8BED09428FC5): 3
LogDevObjectVersion:   Dev-AnimPhys (29E575DD-E0A3-4627-9D10-D276232CDCEA): 17
LogDevObjectVersion:   Dev-ReflectionCapture (6B266CEC-1EC7-4B8F-A30B-E4D90942FC07): 1
LogDevObjectVersion:   Dev-Automation (0DF73D61-A23F-47EA-B727-89E90C41499A): 1
LogDevObjectVersion:   FortniteMain (601D1886-AC64-4F84-AA16-D3DE0DEAC7D6): 12
LogDevObjectVersion:   Dev-Enterprise (9DFFBCD6-494F-0158-E221-12823C92A888): 1
LogStreaming: Display: Took  0.013s to delete old logs.
LogInit: Presizing for max 8388607 objects, including 0 objects not considered by GC, pre-allocating 0 bytes for permanent pool.
LogInit: Object subsystem initialized
[2019.01.25-19.03.49:855][  0]LogInit: Selected Device Profile: [Windows]
[2019.01.25-19.03.49:855][  0]LogInit: Applying CVar settings loaded from the selected device profile: [Windows]
[2019.01.25-19.03.49:908][  0]LogHAL: Display: Platform has ~ 16 GB [17092038656 / 17179869184 / 16], which maps to Larger [LargestMinGB=32, LargerMinGB=12, DefaultMinGB=8, SmallerMinGB=6, SmallestMinGB=0)
[2019.01.25-19.03.49:908][  0]LogInit: Setting Device Profile CVar: [[r.Vulkan.UseRealUBs:1]]
[2019.01.25-19.03.49:909][  0]LogInit: Going up to parent DeviceProfile []
[2019.01.25-19.03.49:909][  0]LogInit: Computer: C115-12
[2019.01.25-19.03.49:909][  0]LogInit: User: h017026h
[2019.01.25-19.03.49:910][  0]LogInit: CPU Page size=4096, Cores=4
[2019.01.25-19.03.49:910][  0]LogInit: High frequency timer resolution =3.410071 MHz
[2019.01.25-19.03.49:910][  0]LogMemory: Memory total: Physical=15.9GB (16GB approx)
[2019.01.25-19.03.49:910][  0]LogMemory: Platform Memory Stats for Windows
[2019.01.25-19.03.49:910][  0]LogMemory: Process Physical Memory: 100.27 MB used, 100.27 MB peak
[2019.01.25-19.03.49:910][  0]LogMemory: Process Virtual Memory: 91.02 MB used, 91.02 MB peak
[2019.01.25-19.03.49:911][  0]LogMemory: Physical Memory: 7320.47 MB used,  8979.77 MB free, 16300.24 MB total
[2019.01.25-19.03.49:911][  0]LogMemory: Virtual Memory: 4640.35 MB used,  8979.77 MB free, 134217728.00 MB total
[2019.01.25-19.03.50:058][  0]LogInit: Using OS detected language (en-US).
[2019.01.25-19.03.50:058][  0]LogInit: Using OS detected locale (en-GB).
[2019.01.25-19.03.50:060][  0]LogTextLocalizationManager: No specific localization for 'en-US' exists, so the 'en' localization will be used.
[2019.01.25-19.03.50:471][  0]LogStreaming: Display: Took  0.413s to InitEngineTextLocalization.
[2019.01.25-19.03.50:472][  0]LogInit: Setting process to per monitor DPI aware
[2019.01.25-19.03.50:555][  0]LogSlate: New Slate User Created.  User Index 0, Is Virtual User: 0
[2019.01.25-19.03.50:556][  0]LogSlate: Slate User Registered.  User Index 0, Is Virtual User: 0
[2019.01.25-19.03.50:907][  0]LogHMD: Failed to initialize OpenVR with code 110
[2019.01.25-19.03.50:907][  0]LogD3D11RHI: D3D11 adapters:
[2019.01.25-19.03.51:020][  0]LogD3D11RHI:    0. 'NVIDIA GeForce GTX 970' (Feature Level 11_0)
[2019.01.25-19.03.51:020][  0]LogD3D11RHI:       4043/0/8150 MB DedicatedVideo/DedicatedSystem/SharedSystem, Outputs:2, VendorId:0x10de
[2019.01.25-19.03.51:026][  0]LogD3D11RHI:    1. 'Microsoft Basic Render Driver' (Feature Level 11_0)
[2019.01.25-19.03.51:026][  0]LogD3D11RHI:       0/0/8150 MB DedicatedVideo/DedicatedSystem/SharedSystem, Outputs:0, VendorId:0x1414
[2019.01.25-19.03.51:026][  0]LogD3D11RHI: Chosen D3D11 Adapter: 0
[2019.01.25-19.03.51:037][  0]LogD3D11RHI: Creating new Direct3DDevice
[2019.01.25-19.03.51:037][  0]LogD3D11RHI:     GPU DeviceId: 0x13c2 (for the marketing name, search the web for "GPU Device Id")
[2019.01.25-19.03.51:037][  0]LogWindows: EnumDisplayDevices:
[2019.01.25-19.03.51:037][  0]LogWindows:    0. 'NVIDIA GeForce GTX 970' (P:0 D:1)
[2019.01.25-19.03.51:037][  0]LogWindows:    1. 'NVIDIA GeForce GTX 970' (P:1 D:1)
[2019.01.25-19.03.51:038][  0]LogWindows:    2. 'NVIDIA GeForce GTX 970' (P:0 D:0)
[2019.01.25-19.03.51:038][  0]LogWindows:    3. 'NVIDIA GeForce GTX 970' (P:0 D:0)
[2019.01.25-19.03.51:039][  0]LogWindows: DebugString: FoundDriverCount:4 
[2019.01.25-19.03.51:039][  0]LogD3D11RHI:     Adapter Name: NVIDIA GeForce GTX 970
[2019.01.25-19.03.51:039][  0]LogD3D11RHI:   Driver Version: 398.82 (internal:24.21.13.9882, unified:398.82)
[2019.01.25-19.03.51:039][  0]LogD3D11RHI:      Driver Date: 7-30-2018
[2019.01.25-19.03.51:039][  0]LogRHI: Texture pool is 2830 MB (70% of 4043 MB)
[2019.01.25-19.03.51:102][  0]LogD3D11RHI: Async texture creation enabled
[2019.01.25-19.03.51:123][  0]LogD3D11RHI: GPU Timing Frequency: 1000.000000 (Debug: 2 2)
[2019.01.25-19.03.51:170][  0]LogShaderCompilers: Guid format shader working directory is -20 characters bigger than the processId version (../../../../../../Users/h017026h/Documents/Game Jame/GGJ2019/GGJ2019/Intermediate/Shaders/WorkingDirectory/11496/).
[2019.01.25-19.03.51:171][  0]LogShaderCompilers: Cleaned the shader compiler working directory 'C:/Users/h017026h/AppData/Local/Temp/UnrealShaderWorkingDir/AA71C14D421DC176E4DE368A53A7E751/'.
[2019.01.25-19.03.51:536][  0]LogTemp: Display: Loaded TP AllDesktopTargetPlatform
[2019.01.25-19.03.51:558][  0]LogTemp: Display: Loaded TP MacClientTargetPlatform
[2019.01.25-19.03.51:577][  0]LogTemp: Display: Loaded TP MacNoEditorTargetPlatform
[2019.01.25-19.03.51:596][  0]LogTemp: Display: Loaded TP MacServerTargetPlatform
[2019.01.25-19.03.51:616][  0]LogTemp: Display: Loaded TP MacTargetPlatform
[2019.01.25-19.03.51:639][  0]LogTemp: Display: Loaded TP WindowsClientTargetPlatform
[2019.01.25-19.03.51:660][  0]LogTemp: Display: Loaded TP WindowsNoEditorTargetPlatform
[2019.01.25-19.03.51:680][  0]LogTemp: Display: Loaded TP WindowsServerTargetPlatform
[2019.01.25-19.03.51:696][  0]LogTemp: Display: Loaded TP WindowsTargetPlatform
[2019.01.25-19.03.51:823][  0]LogTemp: Display: Loaded TP AndroidTargetPlatform
[2019.01.25-19.03.51:823][  0]LogTemp: Display: Loaded TP AndroidTargetPlatform
[2019.01.25-19.03.51:823][  0]LogTemp: Display: Loaded TP AndroidTargetPlatform
[2019.01.25-19.03.51:824][  0]LogTemp: Display: Loaded TP AndroidTargetPlatform
[2019.01.25-19.03.51:824][  0]LogTemp: Display: Loaded TP AndroidTargetPlatform
[2019.01.25-19.03.51:824][  0]LogTemp: Display: Loaded TP AndroidTargetPlatform
[2019.01.25-19.03.51:824][  0]LogTemp: Display: Loaded TP AndroidTargetPlatform
[2019.01.25-19.03.51:824][  0]LogTemp: Display: Loaded TP AndroidTargetPlatform
[2019.01.25-19.03.51:824][  0]LogTemp: Display: Loaded TP AndroidTargetPlatform
[2019.01.25-19.03.51:824][  0]LogTemp: Display: Loaded TP AndroidTargetPlatform
[2019.01.25-19.03.51:824][  0]LogTemp: Display: Loaded TP AndroidTargetPlatform
[2019.01.25-19.03.51:824][  0]LogTemp: Display: Loaded TP AndroidTargetPlatform
[2019.01.25-19.03.51:824][  0]LogTemp: Display: Loaded TP AndroidTargetPlatform
[2019.01.25-19.03.51:824][  0]LogTemp: Display: Loaded TP AndroidTargetPlatform
[2019.01.25-19.03.51:824][  0]LogTemp: Display: Loaded TP AndroidTargetPlatform
[2019.01.25-19.03.51:824][  0]LogTemp: Display: Loaded TP AndroidTargetPlatform
[2019.01.25-19.03.51:824][  0]LogTemp: Display: Loaded TP AndroidTargetPlatform
[2019.01.25-19.03.51:824][  0]LogTemp: Display: Loaded TP AndroidTargetPlatform
[2019.01.25-19.03.51:829][  0]LogTemp: Display: Loaded TP HTML5TargetPlatform
[2019.01.25-19.03.51:906][  0]LogTemp: Display: Loaded TP IOSTargetPlatform
[2019.01.25-19.03.51:906][  0]LogTemp: Display: Loaded TP IOSTargetPlatform
[2019.01.25-19.03.51:938][  0]LogTemp: Display: Loaded TP TVOSTargetPlatform
[2019.01.25-19.03.51:938][  0]LogTemp: Display: Loaded TP TVOSTargetPlatform
[2019.01.25-19.03.51:978][  0]LogTemp: Display: Loaded TP LinuxClientTargetPlatform
[2019.01.25-19.03.52:004][  0]LogTemp: Display: Loaded TP LinuxNoEditorTargetPlatform
[2019.01.25-19.03.52:021][  0]LogTemp: Display: Loaded TP LinuxServerTargetPlatform
[2019.01.25-19.03.52:040][  0]LogTemp: Display: Loaded TP LinuxTargetPlatform
[2019.01.25-19.03.52:055][  0]LogTemp: Display: Loaded TP LuminTargetPlatform
[2019.01.25-19.03.52:055][  0]LogTargetPlatformManager: Display: Building Assets For Windows
[2019.01.25-19.03.52:245][  0]LogXGEController: Cleaning working directory: C:/Users/h017026h/AppData/Local/Temp/UnrealXGEWorkingDir/
[2019.01.25-19.03.52:246][  0]LogXGEController: Cannot use XGE Controller as Incredibuild is not installed on this machine.
[2019.01.25-19.03.52:246][  0]LogShaderCompilers: Cannot use XGE Shader Compiler as Incredibuild is not installed on this machine.
[2019.01.25-19.03.52:246][  0]LogShaderCompilers: Display: Using Local Shader Compiler.
[2019.01.25-19.03.53:304][  0]LogDerivedDataCache: Display: Max Cache Size: 512 MB
[2019.01.25-19.03.53:414][  0]LogDerivedDataCache: Loaded boot cache 0.11s 71MB C:/Users/h017026h/AppData/Local/UnrealEngine/4.20/DerivedDataCache/Boot.ddc.
[2019.01.25-19.03.53:414][  0]LogDerivedDataCache: Display: Loaded Boot cache: C:/Users/h017026h/AppData/Local/UnrealEngine/4.20/DerivedDataCache/Boot.ddc
[2019.01.25-19.03.53:415][  0]LogDerivedDataCache: FDerivedDataBackendGraph:  Pak pak cache file ../../../../../../Users/h017026h/Documents/Game Jame/GGJ2019/GGJ2019/DerivedDataCache/DDC.ddp not found, will not use a pak cache.
[2019.01.25-19.03.53:415][  0]LogDerivedDataCache: Unable to find inner node Pak for hierarchical cache Hierarchy.
[2019.01.25-19.03.53:415][  0]LogDerivedDataCache: FDerivedDataBackendGraph:  CompressedPak pak cache file ../../../../../../Users/h017026h/Documents/Game Jame/GGJ2019/GGJ2019/DerivedDataCache/Compressed.ddp not found, will not use a pak cache.
[2019.01.25-19.03.53:415][  0]LogDerivedDataCache: Unable to find inner node CompressedPak for hierarchical cache Hierarchy.
[2019.01.25-19.03.53:431][  0]LogDerivedDataCache: Display: Pak cache opened for reading ../../../Engine/DerivedDataCache/Compressed.ddp.
[2019.01.25-19.03.53:445][  0]LogDerivedDataCache: Using Local data cache path C:/Users/h017026h/AppData/Local/UnrealEngine/Common/DerivedDataCache: Writable
[2019.01.25-19.03.53:445][  0]LogDerivedDataCache: Shared data cache path not found in *engine.ini, will not use an Shared cache.
[2019.01.25-19.03.53:445][  0]LogDerivedDataCache: Unable to find inner node Shared for hierarchical cache Hierarchy.
[2019.01.25-19.03.53:465][  0]LogMaterial: Verifying Global Shaders for PCD3D_SM5
[2019.01.25-19.03.53:466][  0]LogSlate: Using FreeType 2.6.0
[2019.01.25-19.03.53:468][  0]LogSlate: SlateFontServices - WITH_FREETYPE: 1, WITH_HARFBUZZ: 1
[2019.01.25-19.03.53:556][  0]LogAssetRegistry: FAssetRegistry took 0.0296 seconds to start up
[2019.01.25-19.03.54:023][  0]LogInit: Selected Device Profile: [Windows]
[2019.01.25-19.03.54:158][  0]LogSimplygon: Simplygon DLL not present - disabling.
[2019.01.25-19.03.54:171][  0]LogMeshReduction: Using SimplygonSwarm for distributed automatic mesh merging
[2019.01.25-19.03.54:171][  0]LogMeshReduction: Using ProxyLODMeshReduction for automatic mesh merging
[2019.01.25-19.03.54:171][  0]LogMeshReduction: Using QuadricMeshReduction for automatic static mesh reduction
[2019.01.25-19.03.54:171][  0]LogMeshReduction: No automatic skeletal mesh reduction module available
[2019.01.25-19.03.54:281][  0]LogNetVersion: GGJ2019 1.0.0, NetCL: 4212847, EngineNetVer: 5, GameNetVer: 0 (Checksum: 54619999)
[2019.01.25-19.03.55:369][  0]LogPackageLocalizationCache: Processed 11 localized package path(s) for 2 prioritized culture(s) in 0.479023 seconds
[2019.01.25-19.03.55:377][  0]LogUObjectArray: 38425 objects as part of root set at end of initial load.
[2019.01.25-19.03.55:378][  0]LogUObjectAllocator: 6690872 out of 0 bytes used by permanent object pool.
[2019.01.25-19.03.55:378][  0]LogUObjectArray: CloseDisregardForGC: 0/0 objects in disregard for GC pool
[2019.01.25-19.03.56:607][  0]LogTcpMessaging: Initializing TcpMessaging bridge
[2019.01.25-19.03.56:623][  0]LogUdpMessaging: Initializing bridge on interface 0.0.0.0:0 to multicast group 230.0.0.1:6666.
[2019.01.25-19.03.56:907][  0]SourceControl: Source control is disabled
[2019.01.25-19.03.56:907][  0]SourceControl: Source control is disabled
[2019.01.25-19.03.56:912][  0]SourceControl: Source control is disabled
[2019.01.25-19.03.56:916][  0]SourceControl: Source control is disabled
[2019.01.25-19.03.57:249][  0]LogAndroidPermission: UAndroidPermissionCallbackProxy::GetInstance
[2019.01.25-19.03.57:393][  0]LogOcInput: OculusInput pre-init called
[2019.01.25-19.03.57:474][  0]LogEngine: Initializing Engine...
[2019.01.25-19.03.57:476][  0]LogHMD: Failed to initialize OpenVR with code 110
[2019.01.25-19.03.57:477][  0]LogStats: UGameplayTagsManager::ConstructGameplayTagTree: ImportINI prefixes -  0.000 s
[2019.01.25-19.03.57:477][  0]LogStats: UGameplayTagsManager::ConstructGameplayTagTree: Construct from data asset -  0.000 s
[2019.01.25-19.03.57:478][  0]LogStats: UGameplayTagsManager::ConstructGameplayTagTree: ImportINI -  0.000 s
[2019.01.25-19.03.57:478][  0]LogStats: UGameplayTagsManager::ConstructGameplayTagTree: GameplayTagTreeChangedEvent.Broadcast -  0.000 s
[2019.01.25-19.03.57:740][  0]LogInit: Initializing FReadOnlyCVARCache
[2019.01.25-19.03.57:767][  0]LogAIModule: Creating AISystem for world Untitled
[2019.01.25-19.03.57:789][  0]LogInit: XAudio2 using 'Headset Earphone (Corsair VOID PRO USB Gaming Headset )' : 2 channels at 48 kHz using 16 bits per sample (channel mask 0x3)
[2019.01.25-19.03.57:812][  0]LogInit: FAudioDevice initialized.
[2019.01.25-19.03.57:812][  0]LogNetVersion: Set ProjectVersion to 1.0.0.0. Version Checksum will be recalculated on next use.
[2019.01.25-19.03.57:917][  0]LogDerivedDataCache: Saved boot cache 0.10s 71MB C:/Users/h017026h/AppData/Local/UnrealEngine/4.20/DerivedDataCache/Boot.ddc.
[2019.01.25-19.03.57:937][  0]LogInit: Texture streaming: Enabled
[2019.01.25-19.03.57:981][  0]LogEngineSessionManager: EngineSessionManager initialized
[2019.01.25-19.03.57:981][  0]LogEngineSessionManager: EngineSessionManager sent abnormal shutdown report. Type=Debugger, SessionId={70233A73-4290-50DB-F391-E7A2766B8EBF}
[2019.01.25-19.03.58:002][  0]LogInit: Transaction tracking system initialized
[2019.01.25-19.03.58:067][  0]BlueprintLog: New page: Editor Load
[2019.01.25-19.03.58:269][  0]LocalizationService: Localization service is disabled
[2019.01.25-19.03.58:671][  0]LogCook: Display: Max memory allowance for cook 16384mb min free memory 0mb
[2019.01.25-19.03.58:671][  0]LogCook: Display: Mobile HDR setting 1
[2019.01.25-19.03.58:672][  0]LogGameplayTags: Display: UGameplayTagsManager::DoneAddingNativeTags. DelegateIsBound: 0
[2019.01.25-19.03.58:672][  0]LogStats: UGameplayTagsManager::ConstructGameplayTagTree: ImportINI prefixes -  0.000 s
[2019.01.25-19.03.58:672][  0]LogStats: UGameplayTagsManager::ConstructGameplayTagTree: Construct from data asset -  0.000 s
[2019.01.25-19.03.58:672][  0]LogStats: UGameplayTagsManager::ConstructGameplayTagTree: ImportINI -  0.000 s
[2019.01.25-19.03.58:672][  0]LogStats: UGameplayTagsManager::ConstructGameplayTagTree: GameplayTagTreeChangedEvent.Broadcast -  0.000 s
[2019.01.25-19.03.58:817][  0]LogFileCache: Scanning file cache for directory 'C:/Users/h017026h/Documents/Game Jame/GGJ2019/GGJ2019/Content/' took 0.02s
[2019.01.25-19.03.58:932][  0]SourceControl: Source control is disabled
[2019.01.25-19.03.58:932][  0]Cmd: MAP LOAD FILE="../../../../../../Users/h017026h/Documents/Game Jame/GGJ2019/GGJ2019/Content/StarterContent/Maps/Minimal_Default.umap" TEMPLATE=0 SHOWPROGRESS=1 FEATURELEVEL=3
[2019.01.25-19.03.58:933][  0]LightingResults: New page: Lighting Build
[2019.01.25-19.03.58:938][  0]MapCheck: New page: Map Check
[2019.01.25-19.03.58:938][  0]LightingResults: New page: Lighting Build
[2019.01.25-19.03.59:071][  0]LogLinker: Warning: Can't find file '/Game/StarterContent/Maps/Minimal_Default_BuiltData'
[2019.01.25-19.03.59:071][  0]LogLinker: Warning: Can't find file for asset '/Game/StarterContent/Maps/Minimal_Default_BuiltData' while loading ../../../../../../Users/h017026h/Documents/Game Jame/GGJ2019/GGJ2019/Content/StarterContent/Maps/Minimal_Default.umap.
[2019.01.25-19.03.59:071][  0]LoadErrors: Error: /Game/StarterContent/Maps/Minimal_Default : Can't find file for asset. /Game/StarterContent/Maps/Minimal_Default_BuiltData
[2019.01.25-19.03.59:110][  0]LogLinker: Warning: Can't find file '/Game/StarterContent/Maps/Minimal_Default_BuiltData'
[2019.01.25-19.03.59:110][  0]LogLinker: Warning: Can't find file for asset '/Game/StarterContent/Maps/Minimal_Default_BuiltData' while loading ../../../../../../Users/h017026h/Documents/Game Jame/GGJ2019/GGJ2019/Content/StarterContent/Maps/Minimal_Default.umap.
[2019.01.25-19.03.59:111][  0]LoadErrors: Error: /Game/StarterContent/Maps/Minimal_Default : Can't find file for asset. /Game/StarterContent/Maps/Minimal_Default_BuiltData
[2019.01.25-19.03.59:135][  0]LogLinker: Warning: Can't find file '/Game/StarterContent/Maps/Minimal_Default_BuiltData'
[2019.01.25-19.03.59:136][  0]LogLinker: Warning: Can't find file for asset '/Game/StarterContent/Maps/Minimal_Default_BuiltData' while loading NULL.
[2019.01.25-19.03.59:137][  0]LogLinker: Warning: Can't find file '/Game/StarterContent/Maps/Minimal_Default_BuiltData'
[2019.01.25-19.03.59:138][  0]LogLinker: Warning: Can't find file for asset '/Game/StarterContent/Maps/Minimal_Default_BuiltData' while loading NULL.
[2019.01.25-19.03.59:160][  0]LogLinker: Warning: Can't find file '/Game/StarterContent/Maps/Minimal_Default_BuiltData'
[2019.01.25-19.03.59:160][  0]LoadErrors: Failed to load /Game/StarterContent/Maps/Minimal_Default_BuiltData.Minimal_Default_BuiltData Referenced by PersistentLevel
[2019.01.25-19.03.59:161][  0]LogLinker: Warning: Can't find file for asset '/Game/StarterContent/Maps/Minimal_Default_BuiltData' while loading NULL.
[2019.01.25-19.03.59:161][  0]LoadErrors: Failed to load /Game/StarterContent/Maps/Minimal_Default_BuiltData.Minimal_Default_BuiltData Referenced by PersistentLevel
[2019.01.25-19.03.59:327][  0]LogAIModule: Creating AISystem for world Minimal_Default
[2019.01.25-19.03.59:340][  0]LogEditorServer: Finished looking for orphan Actors (0.000 secs)
[2019.01.25-19.03.59:364][  0]Cmd: MAP CHECKDEP NOCLEARLOG
[2019.01.25-19.03.59:567][  0]MapCheck: Map check complete: 0 Error(s), 0 Warning(s), took 201.813ms to complete.
[2019.01.25-19.03.59:567][  0]LogFileHelpers: Loading map 'Minimal_Default' took 0.634
[2019.01.25-19.03.59:728][  0]LogSlate: Updating window title bar state: overlay mode, drag disabled, window buttons hidden, title bar hidden
[2019.01.25-19.03.59:742][  0]LogSlate: Updating window title bar state: overlay mode, drag disabled, window buttons hidden, title bar hidden
[2019.01.25-19.03.59:751][  0]LogSlate: Updating window title bar state: overlay mode, drag disabled, window buttons hidden, title bar hidden
[2019.01.25-19.03.59:759][  0]LogSlate: Updating window title bar state: overlay mode, drag disabled, window buttons hidden, title bar hidden
[2019.01.25-19.03.59:772][  0]LogCollectionManager: Loaded 0 collections in 0.003896 seconds
[2019.01.25-19.03.59:826][  0]LogFileCache: Scanning file cache for directory 'C:/Users/h017026h/Documents/Game Jame/GGJ2019/GGJ2019/Saved/Collections/' took 0.01s
[2019.01.25-19.03.59:827][  0]LogFileCache: Scanning file cache for directory 'C:/Users/h017026h/Documents/Game Jame/GGJ2019/GGJ2019/Content/Developers/h017026h/Collections/' took 0.01s
[2019.01.25-19.03.59:827][  0]LogFileCache: Scanning file cache for directory 'C:/Users/h017026h/Documents/Game Jame/GGJ2019/GGJ2019/Content/Collections/' took 0.01s
[2019.01.25-19.03.59:827][  0]LogCollectionManager: Rebuilt the GUID cache for 0 collections in 0.000000 seconds
[2019.01.25-19.03.59:839][  0]LogContentBrowser: Native class hierarchy populated in 0.0117 seconds. Added 2575 classes and 606 folders.
[2019.01.25-19.03.59:851][  0]LogContentBrowser: Native class hierarchy updated for 'WidgetCarousel' in 0.0006 seconds. Added 0 classes and 0 folders.
[2019.01.25-19.03.59:940][  0]LogContentBrowser: Native class hierarchy updated for 'AddContentDialog' in 0.0005 seconds. Added 0 classes and 0 folders.
[2019.01.25-19.03.59:951][  0]LogContentBrowser: Native class hierarchy updated for 'SceneOutliner' in 0.0008 seconds. Added 1 classes and 2 folders.
[2019.01.25-19.03.59:970][  0]LogSlate: Took 0.000346 seconds to synchronously load lazily loaded font '../../../Engine/Content/Slate/Fonts/Roboto-Regular.ttf' (155K)
[2019.01.25-19.03.59:973][  0]LogSlate: Took 0.000301 seconds to synchronously load lazily loaded font '../../../Engine/Content/Slate/Fonts/Roboto-Bold.ttf' (160K)
[2019.01.25-19.03.59:983][  0]LogSlate: Took 0.000356 seconds to synchronously load lazily loaded font '../../../Engine/Content/Editor/Slate/Fonts/FontAwesome.ttf' (139K)
[2019.01.25-19.04.00:068][  0]LogRenderer: Reallocating scene render targets to support 1208x576 Format 10 NumSamples 1 (Frame:1).
[2019.01.25-19.04.00:209][  0]LogSlate: FSceneViewport::OnFocusLost() reason 2
[2019.01.25-19.04.00:226][  0]LogSlate: Window 'Tutorials' being destroyed
[2019.01.25-19.04.00:264][  0]LogContentBrowser: Native class hierarchy updated for 'HierarchicalLODOutliner' in 0.0005 seconds. Added 0 classes and 0 folders.
[2019.01.25-19.04.00:264][  0]LogLoad: (Engine Initialization) Total time: 14.26 seconds
[2019.01.25-19.04.00:264][  0]LogLoad: (Engine Initialization) Total Blueprint compile time: 0.00 seconds
[2019.01.25-19.04.00:275][  0]LogWindowsTextInputMethodSystem: Display: IME system now deactivated.
[2019.01.25-19.04.00:296][  0]LogContentStreaming: Texture pool size now 1000 MB
[2019.01.25-19.04.00:304][  0]LogSlate: FSceneViewport::OnFocusLost() reason 2
[2019.01.25-19.04.00:333][  0]LogSlate: Took 0.000234 seconds to synchronously load lazily loaded font '../../../Engine/Content/Slate/Fonts/Roboto-Light.ttf' (167K)
[2019.01.25-19.04.00:358][  1]LogAssetRegistry: Asset discovery search completed in 6.8273 seconds
[2019.01.25-19.04.00:360][  1]LogCollectionManager: Rebuilt the object cache for 0 collections in 0.000000 seconds (found 0 objects)
[2019.01.25-19.04.00:360][  1]LogCollectionManager: Fixed up redirectors for 0 collections in 0.000114 seconds (updated 0 objects)
[2019.01.25-19.04.06:285][695]LogSlate: Window 'Message Log' being destroyed
[2019.01.25-19.04.06:288][695]LogSlate: Window 'Message Log' being destroyed
[2019.01.25-19.04.07:323][819]LogSlate: FSceneViewport::OnFocusLost() reason 0
[2019.01.25-19.04.09:865][118]LogSlate: Took 0.000228 seconds to synchronously load lazily loaded font '../../../Engine/Content/Slate/Fonts/Roboto-Light.ttf' (167K)
[2019.01.25-19.04.09:887][118]LogAIModule: Creating AISystem for world AngTestMap
[2019.01.25-19.04.09:891][118]LogAssetEditorManager: Opening Asset editor for World /Game/StarterContent/Maps/AngTestMap.AngTestMap
[2019.01.25-19.04.09:914][118]Cmd: MAP LOAD FILE="../../../../../../Users/h017026h/Documents/Game Jame/GGJ2019/GGJ2019/Content/StarterContent/Maps/AngTestMap.umap" TEMPLATE=0 SHOWPROGRESS=1 FEATURELEVEL=3
[2019.01.25-19.04.09:914][118]LightingResults: New page: Lighting Build
[2019.01.25-19.04.09:915][118]LoadErrors: New page: Loading map: AngTestMap.umap
[2019.01.25-19.04.09:916][118]MapCheck: New page: Map Check
[2019.01.25-19.04.09:916][118]LightingResults: New page: Lighting Build
[2019.01.25-19.04.09:940][118]LogEditorServer: Finished looking for orphan Actors (0.000 secs)
[2019.01.25-19.04.09:993][118]Cmd: MAP CHECKDEP NOCLEARLOG
[2019.01.25-19.04.10:248][118]MapCheck: Map check complete: 0 Error(s), 0 Warning(s), took 254.583ms to complete.
[2019.01.25-19.04.10:250][118]LogFileHelpers: Loading map 'AngTestMap' took 0.336
[2019.01.25-19.04.13:710][513]LogBlueprint: Warning: [Compiler Pickup_BP_Base] Could not find a variable named "damageActive" in 'Pickup_BP_Base_C'.
Make sure 'Pickup_BP_Base_C' has been compiled for  Get damageActive
[2019.01.25-19.04.13:710][513]LogBlueprint: Warning: [Compiler Pickup_BP_Base] Could not find a variable named "damageActive" in 'Pickup_BP_Base_C'.
Make sure 'Pickup_BP_Base_C' has been compiled for  Set damageActive
[2019.01.25-19.04.13:711][513]LogBlueprint: Error: [Compiler Pickup_BP_Base] In use pin  <Unnamed>  no longer exists on node  On Weapon Begin Overlap . Please refresh node or break links to remove pin.
[2019.01.25-19.04.13:711][513]LogBlueprint: Error: [Compiler Pickup_BP_Base] In use pin  Actor  no longer exists on node  On Weapon Begin Overlap . Please refresh node or break links to remove pin.
[2019.01.25-19.04.13:711][513]LogBlueprint: Error: [Compiler Pickup_BP_Base] Could not find a function named "OnWeaponBeginOverlap" in 'Pickup_BP_Base_C'.
Make sure 'Pickup_BP_Base_C' has been compiled for  On Weapon Begin Overlap
[2019.01.25-19.04.13:711][513]LogBlueprint: Warning: [Compiler Pickup_BP_Base] Could not find a variable named "damageCollider" in 'Pickup_BP_Base_C'.
Make sure 'Pickup_BP_Base_C' has been compiled for  Get damageCollider
[2019.01.25-19.04.13:712][513]LogBlueprint: Error: [Compiler Pickup_BP_Base] The property associated with  Damage Active  could not be found in '/Game/Pickup_BP_Base.Pickup_BP_Base_C'
[2019.01.25-19.04.13:712][513]LogBlueprint: Error: [Compiler Pickup_BP_Base] The property associated with  Damage Collider  could not be found in '/Game/Pickup_BP_Base.Pickup_BP_Base_C'
[2019.01.25-19.04.13:712][513]LogBlueprint: Error: [Compiler Pickup_BP_Base] The property associated with  Damage Active  could not be found in '/Game/Pickup_BP_Base.Pickup_BP_Base_C'
[2019.01.25-19.04.13:713][513]LogBlueprint: Warning: [Compiler Pickup_BP_Base] [0027.71] Compile of Pickup_BP_Base failed. 6 Fatal Issue(s) 3 Warning(s) [in 5 ms] (/Game/Pickup_BP_Base.Pickup_BP_Base)
[2019.01.25-19.04.13:729][513]LogAssetEditorManager: Opening Asset editor for Blueprint /Game/Pickup_BP_Base.Pickup_BP_Base
[2019.01.25-19.04.14:222][513]LogContentBrowser: Native class hierarchy updated for 'BlueprintGraph' in 0.0008 seconds. Added 116 classes and 0 folders.
[2019.01.25-19.04.15:063][513]LogActor: Warning: Pickup_BP_Base_C /Engine/Transient.World_0:PersistentLevel.Pickup_BP_Base_C_0 has natively added scene component(s), but none of them were set as the actor's RootComponent - picking one arbitrarily
[2019.01.25-19.04.15:069][513]LogSlate: Took 0.000232 seconds to synchronously load lazily loaded font '../../../Engine/Content/Slate/Fonts/Roboto-BoldCondensed.ttf' (158K)
[2019.01.25-19.04.15:139][514]LogSlate: Took 0.000283 seconds to synchronously load lazily loaded font '../../../Engine/Content/Slate/Fonts/Roboto-Italic.ttf' (157K)
[2019.01.25-19.04.16:765][671]LogSlate: Window 'Pickup_BP_Base' being destroyed
[2019.01.25-19.04.33:473][635]LogAssetEditorManager: Opening Asset editor for Blueprint /Game/Pickup_BP_Weapon.Pickup_BP_Weapon
[2019.01.25-19.04.33:824][635]LogSlate: Window 'Add Blueprint Class' being destroyed
[2019.01.25-19.04.33:828][635]LogActor: Warning: Pickup_BP_Weapon_C /Engine/Transient.World_1:PersistentLevel.Pickup_BP_Weapon_C_0 has natively added scene component(s), but none of them were set as the actor's RootComponent - picking one arbitrarily
[2019.01.25-19.04.33:897][636]LogRenderer: Reallocating scene render targets to support 1208x712 Format 10 NumSamples 1 (Frame:1).
[2019.01.25-19.04.41:330][520]BlueprintLog: New page: Compile Pickup_BP_Weapon
[2019.01.25-19.04.41:342][520]LogActor: Warning: Pickup_BP_Weapon_C /Engine/Transient.World_1:PersistentLevel.Pickup_BP_Weapon_C_0 has natively added scene component(s), but none of them were set as the actor's RootComponent - picking one arbitrarily
[2019.01.25-19.04.41:914][564]Cmd: OBJ SAVEPACKAGE PACKAGE="/Game/Pickup_BP_Weapon" FILE="../../../../../../Users/h017026h/Documents/Game Jame/GGJ2019/GGJ2019/Content/Pickup_BP_Weapon.uasset" SILENT=true
[2019.01.25-19.04.41:945][564]LogSavePackage: Moving '../../../../../../Users/h017026h/Documents/Game Jame/GGJ2019/GGJ2019/Saved/Pickup_BP_Weapon707B5EDF41C3323F439123A95B3F717A.tmp' to '../../../../../../Users/h017026h/Documents/Game Jame/GGJ2019/GGJ2019/Content/Pickup_BP_Weapon.uasset'
[2019.01.25-19.05.24:412][402]BlueprintLog: New page: Compile Pickup_BP_Base
[2019.01.25-19.05.24:420][402]LogActor: Warning: Pickup_BP_Base_C /Engine/Transient.World_0:PersistentLevel.Pickup_BP_Base_C_0 has natively added scene component(s), but none of them were set as the actor's RootComponent - picking one arbitrarily
[2019.01.25-19.06.17:429][396]BlueprintLog: New page: Compile Pickup_BP_Weapon
[2019.01.25-19.06.17:436][396]LogBlueprint: Error: [Compiler Pickup_BP_Weapon] This blueprint (self) is not a PrimitiveComponent, therefore ' Target ' must have a connection.
[2019.01.25-19.06.17:438][396]LogActor: Warning: Pickup_BP_Weapon_C /Engine/Transient.World_1:PersistentLevel.Pickup_BP_Weapon_C_0 has natively added scene component(s), but none of them were set as the actor's RootComponent - picking one arbitrarily
[2019.01.25-19.06.17:589][396]LogBlueprint: Warning: [Compiler Pickup_BP_Weapon] [0151.58] Compile of Pickup_BP_Weapon failed. 1 Fatal Issue(s) 0 Warning(s) [in 159 ms] (/Game/Pickup_BP_Weapon.Pickup_BP_Weapon)
[2019.01.25-19.06.23:985][152]BlueprintLog: New page: Compile Pickup_BP_Weapon
[2019.01.25-19.06.23:992][152]LogActor: Warning: Pickup_BP_Weapon_C /Engine/Transient.World_1:PersistentLevel.Pickup_BP_Weapon_C_0 has natively added scene component(s), but none of them were set as the actor's RootComponent - picking one arbitrarily
[2019.01.25-19.06.26:122][385]BlueprintLog: New page: Compile Pickup_BP_Base
[2019.01.25-19.06.26:129][385]LogActor: Warning: Pickup_BP_Base_C /Engine/Transient.World_0:PersistentLevel.Pickup_BP_Base_C_0 has natively added scene component(s), but none of them were set as the actor's RootComponent - picking one arbitrarily
[2019.01.25-19.07.57:249][  0]BlueprintLog: New page: Compile Pickup_BP_Weapon
[2019.01.25-19.07.57:258][  0]LogActor: Warning: Pickup_BP_Weapon_C /Engine/Transient.World_1:PersistentLevel.Pickup_BP_Weapon_C_0 has natively added scene component(s), but none of them were set as the actor's RootComponent - picking one arbitrarily
[2019.01.25-19.07.58:371][108]Cmd: OBJ SAVEPACKAGE PACKAGE="/Game/Pickup_BP_Base" FILE="../../../../../../Users/h017026h/Documents/Game Jame/GGJ2019/GGJ2019/Content/Pickup_BP_Base.uasset" SILENT=true
[2019.01.25-19.07.58:419][108]LogSavePackage: Moving '../../../../../../Users/h017026h/Documents/Game Jame/GGJ2019/GGJ2019/Saved/Pickup_BP_BaseEFBFAF844FE35154561B90AD1E524315.tmp' to '../../../../../../Users/h017026h/Documents/Game Jame/GGJ2019/GGJ2019/Content/Pickup_BP_Base.uasset'
[2019.01.25-19.08.02:334][566]Cmd: OBJ SAVEPACKAGE PACKAGE="/Game/Pickup_BP_Base" FILE="../../../../../../Users/h017026h/Documents/Game Jame/GGJ2019/GGJ2019/Content/Pickup_BP_Base.uasset" SILENT=true
[2019.01.25-19.08.02:368][566]LogSavePackage: Moving '../../../../../../Users/h017026h/Documents/Game Jame/GGJ2019/GGJ2019/Saved/Pickup_BP_Base9CD712264ACCB8A9DABC6883C0B09D2C.tmp' to '../../../../../../Users/h017026h/Documents/Game Jame/GGJ2019/GGJ2019/Content/Pickup_BP_Base.uasset'
[2019.01.25-19.08.03:705][719]Cmd: OBJ SAVEPACKAGE PACKAGE="/Game/Pickup_BP_Weapon" FILE="../../../../../../Users/h017026h/Documents/Game Jame/GGJ2019/GGJ2019/Content/Pickup_BP_Weapon.uasset" SILENT=true
[2019.01.25-19.08.03:755][719]LogSavePackage: Moving '../../../../../../Users/h017026h/Documents/Game Jame/GGJ2019/GGJ2019/Saved/Pickup_BP_Weapon4AAD1F0D435331BC77B51684DA5F24D9.tmp' to '../../../../../../Users/h017026h/Documents/Game Jame/GGJ2019/GGJ2019/Content/Pickup_BP_Weapon.uasset'
[2019.01.25-19.08.17:418][322]LogSlate: FSceneViewport::OnFocusLost() reason 0
[2019.01.25-19.11.36:124][711]LogSavePackage: Moving '../../../../../../Users/h017026h/Documents/Game Jame/GGJ2019/GGJ2019/Saved/AngTestMap09D70F224C75FF50AD67C7A0341B4549.tmp' to '../../../../../../Users/h017026h/Documents/Game Jame/GGJ2019/GGJ2019/Content/StarterContent/Maps/AngTestMap.umap'
[2019.01.25-19.11.36:227][711]LogSavePackage: Moving '../../../../../../Users/h017026h/Documents/Game Jame/GGJ2019/GGJ2019/Saved/AngTestMap_BuiltData8CB23BE040E2934C0E4D6BB0A7FA0B3E.tmp' to '../../../../../../Users/h017026h/Documents/Game Jame/GGJ2019/GGJ2019/Content/StarterContent/Maps/AngTestMap_BuiltData.uasset'
[2019.01.25-19.25.54:730][748]Running C:/Epic/UE4/UE_4.20/Engine/Binaries/DotNET/UnrealBuildTool.exe Win64 Development -TargetType=Editor -Project="C:/Users/h017026h/Documents/Game Jame/GGJ2019/GGJ2019/GGJ2019.uproject" -invalidatemakefilesonly
[2019.01.25-19.25.56:046][748]Invalidating makefiles only in this run.
[2019.01.25-19.25.56:167][748]Candidate modules for hot reload:
[2019.01.25-19.25.56:168][748]  GGJ2019
[2019.01.25-19.25.56:168][748]Launching UnrealBuildTool... [C:/Epic/UE4/UE_4.20/Engine/Binaries/DotNET/UnrealBuildTool.exe  -ModuleWithSuffix=GGJ2019,2751 Win64 Development -TargetType=Editor -Project="../../../../../../Users/h017026h/Documents/Game Jame/GGJ2019/GGJ2019/GGJ2019.uproject" -canskiplink "C:/Users/h017026h/Documents/Game Jame/GGJ2019/GGJ2019/GGJ2019.uproject" ]
[2019.01.25-19.26.19:675][748]CompilerResultsLog: New page: Compilation - 25 Jan 2019 19:26:19
[2019.01.25-19.26.19:675][748]CompilerResultsLog: Using 'git status' to determine working set for adaptive non-unity build.
[2019.01.25-19.26.19:675][748]CompilerResultsLog: Creating makefile for hot reloading GGJ2019Editor (no existing makefile)
[2019.01.25-19.26.19:675][748]CompilerResultsLog: Compiling game modules for hot reload
[2019.01.25-19.26.19:675][748]CompilerResultsLog: Using Visual Studio 2017 14.14.26428 toolchain (C:\Program Files (x86)\Microsoft Visual Studio\2017\Professional\VC\Tools\MSVC\14.14.26428) and Windows 10.0.17134.0 SDK (C:\Program Files (x86)\Windows Kits\10).
[2019.01.25-19.26.19:675][748]CompilerResultsLog: Parsing headers for GGJ2019Editor
[2019.01.25-19.26.19:675][748]CompilerResultsLog:   Running UnrealHeaderTool "C:\Users\h017026h\Documents\Game Jame\GGJ2019\GGJ2019\GGJ2019.uproject" "C:\Users\h017026h\Documents\Game Jame\GGJ2019\GGJ2019\Intermediate\Build\Win64\GGJ2019Editor\Development\GGJ2019Editor.uhtmanifest" -LogCmds="loginit warning, logexit warning, logdatabase error" -Unattended -WarningsAsErrors -installed
[2019.01.25-19.26.19:676][748]CompilerResultsLog: Reflection code generated for GGJ2019Editor in 12.1569565 seconds
[2019.01.25-19.26.19:676][748]CompilerResultsLog: Building 5 actions with 8 processes...
[2019.01.25-19.26.19:676][748]CompilerResultsLog:   [1/5] GGJ2019.init.gen.cpp
[2019.01.25-19.26.19:676][748]CompilerResultsLog:   [2/5] Fridge_Base.cpp
[2019.01.25-19.26.19:676][748]CompilerResultsLog:   [3/5] Fridge_Base.gen.cpp
[2019.01.25-19.26.19:676][748]CompilerResultsLog:   [4/5] UE4Editor-GGJ2019-2751.lib
[2019.01.25-19.26.19:676][748]CompilerResultsLog:      Creating library C:\Users\h017026h\Documents\Game Jame\GGJ2019\GGJ2019\Intermediate\Build\Win64\UE4Editor\Development\GGJ2019\UE4Editor-GGJ2019-2751.lib and object C:\Users\h017026h\Documents\Game Jame\GGJ2019\GGJ2019\Intermediate\Build\Win64\UE4Editor\Development\GGJ2019\UE4Editor-GGJ2019-2751.exp
[2019.01.25-19.26.19:676][748]CompilerResultsLog:   [5/5] UE4Editor-GGJ2019-2751.dll
[2019.01.25-19.26.19:676][748]CompilerResultsLog:      Creating library C:\Users\h017026h\Documents\Game Jame\GGJ2019\GGJ2019\Intermediate\Build\Win64\UE4Editor\Development\GGJ2019\UE4Editor-GGJ2019-2751.suppressed.lib and object C:\Users\h017026h\Documents\Game Jame\GGJ2019\GGJ2019\Intermediate\Build\Win64\UE4Editor\Development\GGJ2019\UE4Editor-GGJ2019-2751.suppressed.exp
[2019.01.25-19.26.19:677][748]CompilerResultsLog: Total build time: 23.14 seconds (Parallel executor: 1.98 seconds)
[2019.01.25-19.26.19:677][748]LogMainFrame: MainFrame: Module compiling took 23.516 seconds
[2019.01.25-19.26.19:741][748]LogClass: Could not find existing class Fridge_Base in package /Script/GGJ2019 for HotReload, assuming new class
[2019.01.25-19.26.19:751][748]LogContentBrowser: Native class hierarchy updated for 'GGJ2019' in 0.0006 seconds. Added 4 classes and 3 folders.
[2019.01.25-19.26.19:755][748]Display: HotReload successful (1 functions remapped  0 scriptstructs remapped)
[2019.01.25-19.26.20:208][748]LogContentBrowser: Native class hierarchy populated in 0.0094 seconds. Added 2577 classes and 608 folders.
[2019.01.25-19.26.20:208][748]Display: HotReload took 24.1s.
[2019.01.25-19.26.20:210][748]Warning: HotReload operation took 24.1s.
[2019.01.25-19.26.20:516][748]LogSlate: Window 'Add C++ Class' being destroyed
[2019.01.25-19.26.20:527][748]LogHotReload: New module detected: UE4Editor-GGJ2019-2751.dll
[2019.01.25-19.26.20:570][749]LogHotReload: Starting Hot-Reload from IDE
[2019.01.25-19.26.20:662][749]LogContentBrowser: Native class hierarchy updated for 'GGJ2019' in 0.0006 seconds. Added 4 classes and 3 folders.
[2019.01.25-19.26.20:666][749]Display: HotReload successful (0 functions remapped  0 scriptstructs remapped)
[2019.01.25-19.26.21:155][749]LogContentBrowser: Native class hierarchy populated in 0.0151 seconds. Added 2577 classes and 608 folders.
[2019.01.25-19.26.21:162][749]Display: HotReload took  0.6s.
[2019.01.25-19.32.58:444][281]LogActorComponent: UnregisterComponent: (/Engine/Transient.EditorFloorComp) Not registered. Aborting.
[2019.01.25-19.32.58:520][281]LogSlate: Window 'GGJ2019 - Unreal Editor' being destroyed
[2019.01.25-19.32.58:523][281]LogWindowsTextInputMethodSystem: Display: IME system now deactivated.
[2019.01.25-19.32.58:773][282]Cmd: QUIT_EDITOR
[2019.01.25-19.32.58:850][282]LogExit: Preparing to exit.
[2019.01.25-19.32.59:143][282]LogExit: Editor shut down
[2019.01.25-19.32.59:144][282]LogExit: Transaction tracking system shut down
[2019.01.25-19.32.59:969][282]LogExit: Object subsystem successfully closed.
[2019.01.25-19.33.00:024][282]LogShaderCompilers: Display: Shaders left to compile 0
[2019.01.25-19.33.00:033][282]LogD3D11RHI: Shutdown
[2019.01.25-19.33.00:033][282]LogD3D11RHI: CleanupD3DDevice
[2019.01.25-19.33.00:037][282]LogD3D11RHI: ~FD3D11DynamicRHI
[2019.01.25-19.33.00:112][282]LogModuleManager: Shutting down and abandoning module GGJ2019 (616)
[2019.01.25-19.33.00:112][282]LogModuleManager: Shutting down and abandoning module BlueprintGraph (614)
[2019.01.25-19.33.00:112][282]LogModuleManager: Shutting down and abandoning module HierarchicalLODOutliner (612)
[2019.01.25-19.33.00:112][282]LogModuleManager: Shutting down and abandoning module SceneOutliner (610)
[2019.01.25-19.33.00:112][282]LogModuleManager: Shutting down and abandoning module AddContentDialog (608)
[2019.01.25-19.33.00:113][282]LogModuleManager: Shutting down and abandoning module WidgetCarousel (607)
[2019.01.25-19.33.00:114][282]LogModuleManager: Shutting down and abandoning module EditorWidgets (604)
[2019.01.25-19.33.00:114][282]LogModuleManager: Shutting down and abandoning module CollectionManager (602)
[2019.01.25-19.33.00:114][282]LogModuleManager: Shutting down and abandoning module StatsViewer (600)
[2019.01.25-19.33.00:114][282]LogModuleManager: Shutting down and abandoning module FoliageEdit (598)
[2019.01.25-19.33.00:114][282]LogModuleManager: Shutting down and abandoning module LandscapeEditor (596)
[2019.01.25-19.33.00:115][282]LogModuleManager: Shutting down and abandoning module MeshPaintMode (594)
[2019.01.25-19.33.00:115][282]LogModuleManager: Shutting down and abandoning module SceneDepthPickerMode (592)
[2019.01.25-19.33.00:115][282]LogModuleManager: Shutting down and abandoning module ActorPickerMode (590)
[2019.01.25-19.33.00:115][282]LogModuleManager: Shutting down and abandoning module GeometryMode (588)
[2019.01.25-19.33.00:115][282]LogModuleManager: Shutting down and abandoning module TextureAlignMode (586)
[2019.01.25-19.33.00:115][282]LogModuleManager: Shutting down and abandoning module BspMode (584)
[2019.01.25-19.33.00:115][282]LogModuleManager: Shutting down and abandoning module PIEPreviewDeviceProfileSelector (582)
[2019.01.25-19.33.00:115][282]LogModuleManager: Shutting down and abandoning module SequenceRecorderSections (580)
[2019.01.25-19.33.00:116][282]LogModuleManager: Shutting down and abandoning module AutomationWorker (578)
[2019.01.25-19.33.00:116][282]LogModuleManager: Shutting down and abandoning module AudioCaptureEditor (576)
[2019.01.25-19.33.00:116][282]LogModuleManager: Shutting down and abandoning module SequenceRecorder (575)
[2019.01.25-19.33.00:116][282]LogModuleManager: Shutting down and abandoning module MatineeToLevelSequence (572)
[2019.01.25-19.33.00:116][282]LogModuleManager: Shutting down and abandoning module LevelSequenceEditor (570)
[2019.01.25-19.33.00:117][282]LogModuleManager: Shutting down and abandoning module PlacementMode (569)
[2019.01.25-19.33.00:117][282]LogModuleManager: Shutting down and abandoning module MaterialEditor (568)
[2019.01.25-19.33.00:117][282]LogModuleManager: Shutting down and abandoning module WmfMediaFactory (564)
[2019.01.25-19.33.00:117][282]LogModuleManager: Shutting down and abandoning module WmfMediaEditor (562)
[2019.01.25-19.33.00:117][282]LogModuleManager: Shutting down and abandoning module MediaPlayerEditor (560)
[2019.01.25-19.33.00:118][282]LogModuleManager: Shutting down and abandoning module OpenExrWrapper (558)
[2019.01.25-19.33.00:118][282]LogModuleManager: Shutting down and abandoning module ImgMediaFactory (556)
[2019.01.25-19.33.00:118][282]LogModuleManager: Shutting down and abandoning module ImgMediaEditor (554)
[2019.01.25-19.33.00:118][282]LogModuleManager: Shutting down and abandoning module AvfMediaFactory (552)
[2019.01.25-19.33.00:119][282]LogModuleManager: Shutting down and abandoning module AvfMediaEditor (550)
[2019.01.25-19.33.00:119][282]LogModuleManager: Shutting down and abandoning module AndroidMediaFactory (548)
[2019.01.25-19.33.00:119][282]LogModuleManager: Shutting down and abandoning module AndroidMediaEditor (546)
[2019.01.25-19.33.00:119][282]LogModuleManager: Shutting down and abandoning module MagicLeapCameraPreviewFactory (544)
[2019.01.25-19.33.00:119][282]LogModuleManager: Shutting down and abandoning module MagicLeapMediaFactory (542)
[2019.01.25-19.33.00:119][282]LogModuleManager: Shutting down and abandoning module MagicLeapMediaEditor (540)
[2019.01.25-19.33.00:120][282]LogModuleManager: Shutting down and abandoning module CharacterAI (538)
[2019.01.25-19.33.00:120][282]LogModuleManager: Shutting down and abandoning module SmartSnapping (536)
[2019.01.25-19.33.00:120][282]LogModuleManager: Shutting down and abandoning module SessionServices (534)
[2019.01.25-19.33.00:120][282]LogModuleManager: Shutting down and abandoning module ViewportSnapping (532)
[2019.01.25-19.33.00:120][282]LogModuleManager: Shutting down and abandoning module ViewportInteraction (530)
[2019.01.25-19.33.00:120][282]LogModuleManager: Shutting down and abandoning module ClothPainter (528)
[2019.01.25-19.33.00:120][282]LogModuleManager: Shutting down and abandoning module SkeletalMeshEditor (527)
[2019.01.25-19.33.00:121][282]LogModuleManager: Shutting down and abandoning module LogVisualizer (524)
[2019.01.25-19.33.00:121][282]LogModuleManager: Shutting down and abandoning module IntroTutorials (522)
[2019.01.25-19.33.00:121][282]LogModuleManager: Shutting down and abandoning module GameProjectGeneration (521)
[2019.01.25-19.33.00:121][282]LogModuleManager: Shutting down and abandoning module LuminPlatformEditor (518)
[2019.01.25-19.33.00:122][282]LogModuleManager: Shutting down and abandoning module IOSPlatformEditor (516)
[2019.01.25-19.33.00:122][282]LogModuleManager: Shutting down and abandoning module HTML5PlatformEditor (514)
[2019.01.25-19.33.00:122][282]LogModuleManager: Shutting down and abandoning module AndroidPlatformEditor (512)
[2019.01.25-19.33.00:122][282]LogModuleManager: Shutting down and abandoning module AndroidDeviceDetection (511)
[2019.01.25-19.33.00:578][282]LogModuleManager: Shutting down and abandoning module WindowsPlatformEditor (508)
[2019.01.25-19.33.00:579][282]LogModuleManager: Shutting down and abandoning module LuminRuntimeSettings (506)
[2019.01.25-19.33.00:579][282]LogModuleManager: Shutting down and abandoning module IOSRuntimeSettings (504)
[2019.01.25-19.33.00:579][282]LogModuleManager: Shutting down and abandoning module AndroidRuntimeSettings (502)
[2019.01.25-19.33.00:579][282]LogModuleManager: Shutting down and abandoning module InputBindingEditor (500)
[2019.01.25-19.33.00:579][282]LogModuleManager: Shutting down and abandoning module MergeActors (498)
[2019.01.25-19.33.00:579][282]LogModuleManager: Shutting down and abandoning module LocalizationDashboard (496)
[2019.01.25-19.33.00:580][282]LogModuleManager: Shutting down and abandoning module LocalizationService (495)
[2019.01.25-19.33.00:580][282]LogModuleManager: Shutting down and abandoning module HardwareTargeting (492)
[2019.01.25-19.33.00:580][282]LogModuleManager: Shutting down and abandoning module DeviceProfileEditor (490)
[2019.01.25-19.33.00:580][282]LogModuleManager: Shutting down and abandoning module UndoHistory (488)
[2019.01.25-19.33.00:580][282]LogModuleManager: Shutting down and abandoning module XmlParser (486)
[2019.01.25-19.33.00:580][282]LogModuleManager: Shutting down and abandoning module Blutility (484)
[2019.01.25-19.33.00:580][282]LogModuleManager: Shutting down and abandoning module ProjectSettingsViewer (482)
[2019.01.25-19.33.00:580][282]LogModuleManager: Shutting down and abandoning module ProjectTargetPlatformEditor (481)
[2019.01.25-19.33.00:581][282]LogModuleManager: Shutting down and abandoning module EditorSettingsViewer (478)
[2019.01.25-19.33.00:581][282]LogModuleManager: Shutting down and abandoning module SettingsEditor (476)
[2019.01.25-19.33.00:581][282]LogModuleManager: Shutting down and abandoning module ProjectLauncher (474)
[2019.01.25-19.33.00:581][282]LogModuleManager: Shutting down and abandoning module SessionFrontend (472)
[2019.01.25-19.33.00:581][282]LogModuleManager: Shutting down and abandoning module ProfilerClient (470)
[2019.01.25-19.33.00:581][282]LogModuleManager: Shutting down and abandoning module DeviceManager (468)
[2019.01.25-19.33.00:582][282]LogModuleManager: Shutting down and abandoning module TargetDeviceServices (467)
[2019.01.25-19.33.00:648][282]LogModuleManager: Shutting down and abandoning module AutomationController (464)
[2019.01.25-19.33.00:648][282]LogModuleManager: Shutting down and abandoning module AutomationWindow (462)
[2019.01.25-19.33.00:648][282]LogModuleManager: Shutting down and abandoning module Layers (460)
[2019.01.25-19.33.00:648][282]LogModuleManager: Shutting down and abandoning module ComponentVisualizers (458)
[2019.01.25-19.33.00:648][282]LogModuleManager: Shutting down and abandoning module DetailCustomizations (456)
[2019.01.25-19.33.00:648][282]LogModuleManager: Shutting down and abandoning module PackagesDialog (454)
[2019.01.25-19.33.00:649][282]LogModuleManager: Shutting down and abandoning module Persona (452)
[2019.01.25-19.33.00:649][282]LogModuleManager: Shutting down and abandoning module AdvancedPreviewScene (451)
[2019.01.25-19.33.00:649][282]LogModuleManager: Shutting down and abandoning module AnimGraph (449)
[2019.01.25-19.33.00:649][282]LogModuleManager: Shutting down and abandoning module Kismet (446)
[2019.01.25-19.33.00:660][282]LogModuleManager: Shutting down and abandoning module GraphEditor (444)
[2019.01.25-19.33.00:660][282]LogModuleManager: Shutting down and abandoning module ClassViewer (442)
[2019.01.25-19.33.00:662][282]LogModuleManager: Shutting down and abandoning module Toolbox (440)
[2019.01.25-19.33.00:662][282]LogModuleManager: Shutting down and abandoning module DesktopPlatform (439)
[2019.01.25-19.33.00:662][282]LogModuleManager: Shutting down and abandoning module ModuleUI (436)
[2019.01.25-19.33.00:662][282]LogModuleManager: Shutting down and abandoning module MovieSceneTools (434)
[2019.01.25-19.33.00:662][282]LogModuleManager: Shutting down and abandoning module OutputLog (432)
[2019.01.25-19.33.00:662][282]LogModuleManager: Shutting down and abandoning module GammaUI (430)
[2019.01.25-19.33.00:662][282]LogModuleManager: Shutting down and abandoning module Documentation (428)
[2019.01.25-19.33.00:662][282]LogModuleManager: Shutting down and abandoning module MovieSceneTracks (426)
[2019.01.25-19.33.00:663][282]LogModuleManager: Shutting down and abandoning module MovieScene (424)
[2019.01.25-19.33.00:663][282]LogModuleManager: Shutting down and abandoning module StreamingPauseRendering (422)
[2019.01.25-19.33.00:663][282]LogModuleManager: Shutting down and abandoning module LauncherPlatform (420)
[2019.01.25-19.33.00:663][282]LogModuleManager: Shutting down and abandoning module AnalyticsET (418)
[2019.01.25-19.33.00:663][282]LogModuleManager: Shutting down and abandoning module PortalServices (416)
[2019.01.25-19.33.00:663][282]LogModuleManager: Shutting down and abandoning module PortalRpc (414)
[2019.01.25-19.33.00:663][282]LogModuleManager: Shutting down and abandoning module MessagingRpc (412)
[2019.01.25-19.33.00:663][282]LogModuleManager: Shutting down and abandoning module AIModule (410)
[2019.01.25-19.33.00:663][282]LogModuleManager: Shutting down and abandoning module GameplayDebugger (409)
[2019.01.25-19.33.00:664][282]LogModuleManager: Shutting down and abandoning module AITestSuite (407)
[2019.01.25-19.33.00:664][282]LogModuleManager: Shutting down and abandoning module NavigationSystem (405)
[2019.01.25-19.33.00:664][282]LogModuleManager: Shutting down and abandoning module ProfilerService (402)
[2019.01.25-19.33.00:812][282]LogModuleManager: Shutting down and abandoning module TaskGraph (400)
[2019.01.25-19.33.00:812][282]LogModuleManager: Shutting down and abandoning module SteamVRController (398)
[2019.01.25-19.33.00:812][282]LogModuleManager: Shutting down and abandoning module ProceduralMeshComponentEditor (396)
[2019.01.25-19.33.00:812][282]LogModuleManager: Shutting down and abandoning module ProceduralMeshComponent (394)
[2019.01.25-19.33.00:813][282]LogModuleManager: Shutting down and abandoning module OculusInput (392)
[2019.01.25-19.33.00:813][282]LogModuleManager: Shutting down and abandoning module MobilePatchingUtils (390)
[2019.01.25-19.33.00:813][282]LogModuleManager: Shutting down and abandoning module EditableMesh (388)
[2019.01.25-19.33.00:813][282]LogModuleManager: Shutting down and abandoning module CustomMeshComponent (386)
[2019.01.25-19.33.00:813][282]LogModuleManager: Shutting down and abandoning module CableComponent (384)
[2019.01.25-19.33.00:813][282]LogModuleManager: Shutting down and abandoning module AudioCapture (382)
[2019.01.25-19.33.00:813][282]LogModuleManager: Shutting down and abandoning module ArchVisCharacter (380)
[2019.01.25-19.33.00:813][282]LogModuleManager: Shutting down and abandoning module AndroidPermission (378)
[2019.01.25-19.33.00:814][282]LogModuleManager: Shutting down and abandoning module NUTUnrealEngine4 (376)
[2019.01.25-19.33.00:814][282]LogModuleManager: Shutting down and abandoning module NetcodeUnitTest (374)
[2019.01.25-19.33.00:814][282]LogModuleManager: Shutting down and abandoning module MediaCompositingEditor (372)
[2019.01.25-19.33.00:814][282]LogModuleManager: Shutting down and abandoning module MediaCompositing (370)
[2019.01.25-19.33.00:814][282]LogModuleManager: Shutting down and abandoning module LinearTimecode (368)
[2019.01.25-19.33.00:814][282]LogModuleManager: Shutting down and abandoning module ImgMedia (366)
[2019.01.25-19.33.00:824][282]LogModuleManager: Shutting down and abandoning module HTML5Networking (364)
[2019.01.25-19.33.00:824][282]LogModuleManager: Shutting down and abandoning module GeometryCacheTracks (362)
[2019.01.25-19.33.00:825][282]LogModuleManager: Shutting down and abandoning module GeometryCacheSequencer (360)
[2019.01.25-19.33.00:825][282]LogModuleManager: Shutting down and abandoning module BackChannel (358)
[2019.01.25-19.33.00:825][282]LogModuleManager: Shutting down and abandoning module AppleVision (356)
[2019.01.25-19.33.00:825][282]LogModuleManager: Shutting down and abandoning module AppleImageUtils (354)
[2019.01.25-19.33.00:825][282]LogModuleManager: Shutting down and abandoning module AlembicImporter (352)
[2019.01.25-19.33.00:825][282]LogModuleManager: Shutting down and abandoning module AlembicLibrary (351)
[2019.01.25-19.33.00:825][282]LogModuleManager: Shutting down and abandoning module GeometryCache (350)
[2019.01.25-19.33.00:825][282]LogModuleManager: Shutting down and abandoning module GeometryCacheEd (349)
[2019.01.25-19.33.00:825][282]LogModuleManager: Shutting down and abandoning module DatasmithContentEditor (344)
[2019.01.25-19.33.00:825][282]LogModuleManager: Shutting down and abandoning module DatasmithContent (342)
[2019.01.25-19.33.00:831][282]LogModuleManager: Shutting down and abandoning module SpeedTreeImporter (340)
[2019.01.25-19.33.00:832][282]LogModuleManager: Shutting down and abandoning module PluginBrowser (338)
[2019.01.25-19.33.00:832][282]LogModuleManager: Shutting down and abandoning module MobileLauncherProfileWizard (336)
[2019.01.25-19.33.00:832][282]LogModuleManager: Shutting down and abandoning module PolygonModeling (334)
[2019.01.25-19.33.00:832][282]LogModuleManager: Shutting down and abandoning module MeshEditor (332)
[2019.01.25-19.33.00:832][282]LogModuleManager: Shutting down and abandoning module CryptoKeysOpenSSL (330)
[2019.01.25-19.33.00:832][282]LogModuleManager: Shutting down and abandoning module CryptoKeys (328)
[2019.01.25-19.33.00:832][282]LogModuleManager: Shutting down and abandoning module VisualStudioSourceCodeAccess (326)
[2019.01.25-19.33.00:832][282]LogModuleManager: Shutting down and abandoning module VisualStudioCodeSourceCodeAccess (324)
[2019.01.25-19.33.00:832][282]LogModuleManager: Shutting down and abandoning module UObjectPlugin (322)
[2019.01.25-19.33.00:832][282]LogModuleManager: Shutting down and abandoning module SubversionSourceControl (320)
[2019.01.25-19.33.00:833][282]LogModuleManager: Shutting down and abandoning module PerforceSourceControl (318)
[2019.01.25-19.33.00:833][282]LogModuleManager: Shutting down and abandoning module GitSourceControl (316)
[2019.01.25-19.33.00:833][282]LogModuleManager: Shutting down and abandoning module SourceControl (315)
[2019.01.25-19.33.00:833][282]LogModuleManager: Shutting down and abandoning module CLionSourceCodeAccess (312)
[2019.01.25-19.33.00:833][282]LogModuleManager: Shutting down and abandoning module LightPropagationVolumeEditor (310)
[2019.01.25-19.33.00:833][282]LogModuleManager: Shutting down and abandoning module PaperTiledImporter (308)
[2019.01.25-19.33.00:833][282]LogModuleManager: Shutting down and abandoning module PaperSpriteSheetImporter (306)
[2019.01.25-19.33.00:833][282]LogModuleManager: Shutting down and abandoning module Paper2DEditor (304)
[2019.01.25-19.33.00:833][282]LogModuleManager: Shutting down and abandoning module MeshPaint (303)
[2019.01.25-19.33.00:833][282]LogModuleManager: Shutting down and abandoning module RuntimePhysXCooking (298)
[2019.01.25-19.33.00:833][282]LogModuleManager: Shutting down and abandoning module PhysXVehiclesEditor (296)
[2019.01.25-19.33.00:834][282]LogModuleManager: Shutting down and abandoning module PhysXVehicles (294)
[2019.01.25-19.33.00:834][282]LogModuleManager: Shutting down and abandoning module OculusEditor (292)
[2019.01.25-19.33.00:834][282]LogModuleManager: Shutting down and abandoning module LocationServicesBPLibrary (290)
[2019.01.25-19.33.00:834][282]LogModuleManager: Shutting down and abandoning module ImmediatePhysicsEditor (288)
[2019.01.25-19.33.00:834][282]LogModuleManager: Shutting down and abandoning module ImmediatePhysics (286)
[2019.01.25-19.33.00:834][282]LogModuleManager: Shutting down and abandoning module ActorSequence (284)
[2019.01.25-19.33.00:834][282]LogModuleManager: Shutting down and abandoning module UdpMessaging (282)
[2019.01.25-19.33.00:935][282]LogModuleManager: Shutting down and abandoning module TcpMessaging (280)
[2019.01.25-19.33.01:036][282]LogModuleManager: Shutting down and abandoning module MagicLeapAudio (278)
[2019.01.25-19.33.01:036][282]LogModuleManager: Shutting down and abandoning module GameplayTagsEditor (276)
[2019.01.25-19.33.01:036][282]LogModuleManager: Shutting down and abandoning module FacialAnimationEditor (274)
[2019.01.25-19.33.01:036][282]LogModuleManager: Shutting down and abandoning module FacialAnimation (272)
[2019.01.25-19.33.01:036][282]LogModuleManager: Shutting down and abandoning module DataValidation (270)
[2019.01.25-19.33.01:037][282]LogModuleManager: Shutting down and abandoning module AssetManagerEditor (268)
[2019.01.25-19.33.01:037][282]LogModuleManager: Shutting down and abandoning module LevelEditor (267)
[2019.01.25-19.33.01:039][282]LogModuleManager: Shutting down and abandoning module PixelInspectorModule (266)
[2019.01.25-19.33.01:039][282]LogModuleManager: Shutting down and abandoning module CommonMenuExtensions (264)
[2019.01.25-19.33.01:039][282]LogModuleManager: Shutting down and abandoning module MainFrame (262)
[2019.01.25-19.33.01:040][282]LogModuleManager: Shutting down and abandoning module HotReload (261)
[2019.01.25-19.33.01:041][282]LogModuleManager: Shutting down and abandoning module ContentBrowser (257)
[2019.01.25-19.33.01:043][282]LogModuleManager: Shutting down and abandoning module TreeMap (255)
[2019.01.25-19.33.01:043][282]LogModuleManager: Shutting down and abandoning module LightPropagationVolumeRuntime (252)
[2019.01.25-19.33.01:043][282]LogModuleManager: Shutting down and abandoning module AISupportModule (250)
[2019.01.25-19.33.01:044][282]LogModuleManager: Shutting down and abandoning module Paper2D (248)
[2019.01.25-19.33.01:044][282]LogModuleManager: Shutting down and abandoning module WindowsMoviePlayer (246)
[2019.01.25-19.33.01:044][282]LogModuleManager: Shutting down and abandoning module WmfMedia (244)
[2019.01.25-19.33.01:051][282]LogModuleManager: Shutting down and abandoning module Media (243)
[2019.01.25-19.33.01:060][282]LogModuleManager: Shutting down and abandoning module PacketHandler (240)
[2019.01.25-19.33.01:060][282]LogModuleManager: Shutting down and abandoning module ClothingSystemEditor (238)
[2019.01.25-19.33.01:060][282]LogModuleManager: Shutting down and abandoning module ClothingSystemRuntime (236)
[2019.01.25-19.33.01:060][282]LogModuleManager: Shutting down and abandoning module MediaAssets (234)
[2019.01.25-19.33.01:060][282]LogModuleManager: Shutting down and abandoning module Overlay (232)
[2019.01.25-19.33.01:061][282]LogModuleManager: Shutting down and abandoning module OverlayEditor (231)
[2019.01.25-19.33.01:061][282]LogModuleManager: Shutting down and abandoning module VREditor (228)
[2019.01.25-19.33.01:061][282]LogModuleManager: Shutting down and abandoning module StringTableEditor (226)
[2019.01.25-19.33.01:061][282]LogModuleManager: Shutting down and abandoning module GameplayTasksEditor (224)
[2019.01.25-19.33.01:061][282]LogModuleManager: Shutting down and abandoning module BehaviorTreeEditor (222)
[2019.01.25-19.33.01:061][282]LogModuleManager: Shutting down and abandoning module FunctionalTesting (220)
[2019.01.25-19.33.01:062][282]LogModuleManager: Shutting down and abandoning module CollisionAnalyzer (218)
[2019.01.25-19.33.01:062][282]LogModuleManager: Shutting down and abandoning module WorkspaceMenuStructure (217)
[2019.01.25-19.33.01:062][282]LogModuleManager: Shutting down and abandoning module UMG (214)
[2019.01.25-19.33.01:062][282]LogModuleManager: Shutting down and abandoning module UMGEditor (213)
[2019.01.25-19.33.01:063][282]LogModuleManager: Shutting down and abandoning module Sequencer (212)
[2019.01.25-19.33.01:063][282]LogModuleManager: Shutting down and abandoning module MessageLog (209)
[2019.01.25-19.33.01:063][282]LogModuleManager: Shutting down and abandoning module SlateReflector (204)
[2019.01.25-19.33.01:064][282]LogModuleManager: Shutting down and abandoning module Slate (202)
[2019.01.25-19.33.01:064][282]LogModuleManager: Shutting down and abandoning module EditorStyle (200)
[2019.01.25-19.33.01:068][282]LogModuleManager: Shutting down and abandoning module MRMesh (198)
[2019.01.25-19.33.01:069][282]LogModuleManager: Shutting down and abandoning module SourceCodeAccess (196)
[2019.01.25-19.33.01:069][282]LogModuleManager: Shutting down and abandoning module HeadMountedDisplay (194)
[2019.01.25-19.33.01:069][282]LogModuleManager: Shutting down and abandoning module XAudio2 (192)
[2019.01.25-19.33.01:069][282]LogModuleManager: Shutting down and abandoning module Networking (190)
[2019.01.25-19.33.01:069][282]LogModuleManager: Shutting down and abandoning module Core (188)
[2019.01.25-19.33.01:070][282]LogModuleManager: Shutting down and abandoning module LevelSequence (186)
[2019.01.25-19.33.01:070][282]LogModuleManager: Shutting down and abandoning module KismetCompiler (184)
[2019.01.25-19.33.01:070][282]LogModuleManager: Shutting down and abandoning module MeshUtilities (182)
[2019.01.25-19.33.01:070][282]LogModuleManager: Shutting down and abandoning module MeshMergeUtilities (181)
[2019.01.25-19.33.01:070][282]LogModuleManager: Shutting down and abandoning module MeshReductionInterface (180)
[2019.01.25-19.33.01:070][282]LogModuleManager: Shutting down and abandoning module SimplygonSwarm (179)
[2019.01.25-19.33.01:071][282]LogModuleManager: Shutting down and abandoning module ProxyLODMeshReduction (177)
[2019.01.25-19.33.01:071][282]LogModuleManager: Shutting down and abandoning module SimplygonMeshReduction (175)
[2019.01.25-19.33.01:071][282]LogModuleManager: Shutting down and abandoning module QuadricMeshReduction (173)
[2019.01.25-19.33.01:071][282]LogModuleManager: Shutting down and abandoning module MaterialBaking (169)
[2019.01.25-19.33.01:071][282]LogModuleManager: Shutting down and abandoning module DirectoryWatcher (165)
[2019.01.25-19.33.01:072][282]LogModuleManager: Shutting down and abandoning module DerivedDataCache (162)
[2019.01.25-19.33.01:093][282]LogDerivedDataCache: Shutdown
[2019.01.25-19.33.01:094][282]LogModuleManager: Shutting down and abandoning module XGEController (160)
[2019.01.25-19.33.01:094][282]LogXGEController: Cleaning working directory: C:/Users/h017026h/AppData/Local/Temp/UnrealXGEWorkingDir/
[2019.01.25-19.33.01:096][282]LogModuleManager: Shutting down and abandoning module TargetPlatform (158)
[2019.01.25-19.33.01:096][282]LogModuleManager: Shutting down and abandoning module VulkanShaderFormat (157)
[2019.01.25-19.33.01:096][282]LogModuleManager: Shutting down and abandoning module ShaderFormatVectorVM (155)
[2019.01.25-19.33.01:096][282]LogModuleManager: Shutting down and abandoning module ShaderFormatOpenGL (153)
[2019.01.25-19.33.01:096][282]LogModuleManager: Shutting down and abandoning module ShaderFormatD3D (151)
[2019.01.25-19.33.01:097][282]LogModuleManager: Shutting down and abandoning module MetalShaderFormat (149)
[2019.01.25-19.33.01:097][282]LogModuleManager: Shutting down and abandoning module TextureFormatUncompressed (147)
[2019.01.25-19.33.01:097][282]LogModuleManager: Shutting down and abandoning module TextureFormatPVR (145)
[2019.01.25-19.33.01:097][282]LogModuleManager: Shutting down and abandoning module TextureFormatDXT (143)
[2019.01.25-19.33.01:097][282]LogModuleManager: Shutting down and abandoning module TextureFormatIntelISPCTexComp (141)
[2019.01.25-19.33.01:101][282]LogModuleManager: Shutting down and abandoning module TextureFormatASTC (139)
[2019.01.25-19.33.01:101][282]LogModuleManager: Shutting down and abandoning module ImageWrapper (138)
[2019.01.25-19.33.01:101][282]LogModuleManager: Shutting down and abandoning module TextureFormatAndroid (135)
[2019.01.25-19.33.01:101][282]LogModuleManager: Shutting down and abandoning module AudioFormatOpus (133)
[2019.01.25-19.33.01:101][282]LogModuleManager: Shutting down and abandoning module AudioFormatOgg (131)
[2019.01.25-19.33.01:102][282]LogModuleManager: Shutting down and abandoning module AudioFormatADPCM (129)
[2019.01.25-19.33.01:102][282]LogModuleManager: Shutting down and abandoning module LuminTargetPlatform (127)
[2019.01.25-19.33.01:102][282]LogModuleManager: Shutting down and abandoning module LinuxTargetPlatform (125)
[2019.01.25-19.33.01:102][282]LogModuleManager: Shutting down and abandoning module LinuxServerTargetPlatform (123)
[2019.01.25-19.33.01:103][282]LogModuleManager: Shutting down and abandoning module LinuxNoEditorTargetPlatform (121)
[2019.01.25-19.33.01:103][282]LogModuleManager: Shutting down and abandoning module LinuxClientTargetPlatform (119)
[2019.01.25-19.33.01:103][282]LogModuleManager: Shutting down and abandoning module TVOSTargetPlatform (117)
[2019.01.25-19.33.01:106][282]LogModuleManager: Shutting down and abandoning module Messaging (115)
[2019.01.25-19.33.01:106][282]LogModuleManager: Shutting down and abandoning module IOSTargetPlatform (113)
[2019.01.25-19.33.01:108][282]LogModuleManager: Shutting down and abandoning module HTML5TargetPlatform (111)
[2019.01.25-19.33.01:108][282]LogModuleManager: Shutting down and abandoning module AndroidTargetPlatform (109)
[2019.01.25-19.33.01:119][282]LogModuleManager: Shutting down and abandoning module WindowsTargetPlatform (107)
[2019.01.25-19.33.01:119][282]LogModuleManager: Shutting down and abandoning module WindowsServerTargetPlatform (105)
[2019.01.25-19.33.01:120][282]LogModuleManager: Shutting down and abandoning module WindowsNoEditorTargetPlatform (103)
[2019.01.25-19.33.01:120][282]LogModuleManager: Shutting down and abandoning module WindowsClientTargetPlatform (101)
[2019.01.25-19.33.01:120][282]LogModuleManager: Shutting down and abandoning module MacTargetPlatform (99)
[2019.01.25-19.33.01:120][282]LogModuleManager: Shutting down and abandoning module MacServerTargetPlatform (97)
[2019.01.25-19.33.01:120][282]LogModuleManager: Shutting down and abandoning module MacNoEditorTargetPlatform (95)
[2019.01.25-19.33.01:120][282]LogModuleManager: Shutting down and abandoning module MacClientTargetPlatform (93)
[2019.01.25-19.33.01:120][282]LogModuleManager: Shutting down and abandoning module AllDesktopTargetPlatform (91)
[2019.01.25-19.33.01:120][282]LogModuleManager: Shutting down and abandoning module InputCore (88)
[2019.01.25-19.33.01:121][282]LogModuleManager: Shutting down and abandoning module Settings (86)
[2019.01.25-19.33.01:121][282]LogModuleManager: Shutting down and abandoning module PhysXCooking (84)
[2019.01.25-19.33.01:121][282]LogModuleManager: Shutting down and abandoning module SteamVR (82)
[2019.01.25-19.33.01:121][282]LogModuleManager: Shutting down and abandoning module OculusHMD (80)
[2019.01.25-19.33.01:121][282]LogModuleManager: Shutting down and abandoning module ExampleDeviceProfileSelector (78)
[2019.01.25-19.33.01:121][282]LogModuleManager: Shutting down and abandoning module LauncherChunkInstaller (76)
[2019.01.25-19.33.01:122][282]LogModuleManager: Shutting down and abandoning module OnlineBlueprintSupport (74)
[2019.01.25-19.33.01:122][282]LogModuleManager: Shutting down and abandoning module OnlineSubsystem (70)
[2019.01.25-19.33.01:126][282]LogModuleManager: Shutting down and abandoning module XMPP (65)
[2019.01.25-19.33.01:126][282]LogModuleManager: Shutting down and abandoning module WebSockets (64)
[2019.01.25-19.33.01:148][282]LogModuleManager: Shutting down and abandoning module HTTP (61)
[2019.01.25-19.33.01:148][282]LogHttp: Display: Http module shutting down, but needs to wait on 1 outstanding Http requests:
[2019.01.25-19.33.01:148][282]LogHttp: Display: 	verb=[POST] url=[https://datarouter.ol.epicgames.com/datarouter/api/v1/public/data?SessionID=%7B8EB82761-4B38-7997-B283-59AD9B5AF829%7D&AppID=UEEditor.Rocket.Release&AppVersion=4.20.3-4369336%2B%2B%2BUE4%2BRelease-4.20&UserID=474d903443ae8b63be4705ae78a3445b%7C%7Ce8798e7c-7c79-4e5f-9bf9-3ee525b6f63c&AppEnvironment=datacollector-binary&UploadType=eteventstream] status=Processing
[2019.01.25-19.33.01:179][282]LogModuleManager: Shutting down and abandoning module SSL (60)
[2019.01.25-19.33.01:182][282]LogModuleManager: Shutting down and abandoning module MagicLeapEmulator (56)
[2019.01.25-19.33.01:182][282]LogModuleManager: Shutting down and abandoning module MagicLeapPrivileges (54)
[2019.01.25-19.33.01:182][282]LogModuleManager: Shutting down and abandoning module MagicLeapIdentity (52)
[2019.01.25-19.33.01:182][282]LogModuleManager: Shutting down and abandoning module MagicLeapHelperVulkan (50)
[2019.01.25-19.33.01:182][282]LogModuleManager: Shutting down and abandoning module MagicLeapHelperOpenGL (48)
[2019.01.25-19.33.01:182][282]LogModuleManager: Shutting down and abandoning module MagicLeapSecureStorage (46)
[2019.01.25-19.33.01:183][282]LogModuleManager: Shutting down and abandoning module MagicLeapGestures (44)
[2019.01.25-19.33.01:183][282]LogModuleManager: Shutting down and abandoning module MagicLeapEyeTracker (42)
[2019.01.25-19.33.01:183][282]LogModuleManager: Shutting down and abandoning module MagicLeapController (40)
[2019.01.25-19.33.01:183][282]LogSlate: Slate User Destroyed.  User Index 0, Is Virtual User: 0
[2019.01.25-19.33.01:183][282]LogModuleManager: Shutting down and abandoning module MagicLeap (38)
[2019.01.25-19.33.01:184][282]LogModuleManager: Shutting down and abandoning module AnimationModifiers (36)
[2019.01.25-19.33.01:184][282]LogModuleManager: Shutting down and abandoning module PropertyEditor (35)
[2019.01.25-19.33.01:184][282]LogModuleManager: Shutting down and abandoning module AudioEditor (32)
[2019.01.25-19.33.01:184][282]LogModuleManager: Shutting down and abandoning module TextureCompressor (30)
[2019.01.25-19.33.01:189][282]LogModuleManager: Shutting down and abandoning module ShaderCore (28)
[2019.01.25-19.33.01:189][282]LogModuleManager: Shutting down and abandoning module Landscape (26)
[2019.01.25-19.33.01:189][282]LogModuleManager: Shutting down and abandoning module SlateRHIRenderer (24)
[2019.01.25-19.33.01:190][282]LogModuleManager: Shutting down and abandoning module OpenGLDrv (22)
[2019.01.25-19.33.01:190][282]LogModuleManager: Shutting down and abandoning module D3D11RHI (20)
[2019.01.25-19.33.01:191][282]LogModuleManager: Shutting down and abandoning module AnimGraphRuntime (18)
[2019.01.25-19.33.01:191][282]LogModuleManager: Shutting down and abandoning module Renderer (16)
[2019.01.25-19.33.01:191][282]LogModuleManager: Shutting down and abandoning module Engine (14)
[2019.01.25-19.33.01:191][282]LogModuleManager: Shutting down and abandoning module CoreUObject (12)
[2019.01.25-19.33.01:191][282]LogModuleManager: Shutting down and abandoning module NetworkFile (10)
[2019.01.25-19.33.01:191][282]LogModuleManager: Shutting down and abandoning module CookedIterativeFile (8)
[2019.01.25-19.33.01:191][282]LogModuleManager: Shutting down and abandoning module StreamingFile (6)
[2019.01.25-19.33.01:192][282]LogModuleManager: Shutting down and abandoning module SandboxFile (4)
[2019.01.25-19.33.01:192][282]LogModuleManager: Shutting down and abandoning module PakFile (2)
[2019.01.25-19.33.01:226][282]LogExit: Exiting.
[2019.01.25-19.33.01:229][282]Log file closed, 01/25/19 19:33:01
