Log file open, 01/26/19 04:42:58
LogWindows: Failed to load 'aqProf.dll' (GetLastError=126)
LogWindows: File 'aqProf.dll' does not exist
LogWindows: Failed to load 'VSPerf140.dll' (GetLastError=126)
LogWindows: File 'VSPerf140.dll' does not exist
LogWindows: Failed to load 'VtuneApi.dll' (GetLastError=126)
LogWindows: File 'VtuneApi.dll' does not exist
LogWindows: Failed to load 'VtuneApi32e.dll' (GetLastError=126)
LogWindows: File 'VtuneApi32e.dll' does not exist
LogInit: Display: Running engine for game: GGJ2019
LogPlatformFile: Not using cached read wrapper
LogTaskGraph: Started task graph with 5 named threads and 23 total threads with 3 sets of task threads.
LogStats: Stats thread started at 0.435876
LogD3D11RHI: Loaded GFSDK_Aftermath_Lib.x64.dll
LogICUInternationalization: Display: ICU TimeZone Detection - Raw Offset: +0:00, Platform Override: ''
LogPluginManager: Mounting plugin Paper2D
LogPluginManager: Mounting plugin AISupport
LogPluginManager: Mounting plugin LightPropagationVolume
LogPluginManager: Mounting plugin CLionSourceCodeAccess
LogPluginManager: Mounting plugin CodeLiteSourceCodeAccess
LogPluginManager: Mounting plugin GitSourceControl
LogPluginManager: Mounting plugin KDevelopSourceCodeAccess
LogPluginManager: Mounting plugin NullSourceCodeAccess
LogPluginManager: Mounting plugin PerforceSourceControl
LogPluginManager: Mounting plugin SubversionSourceControl
LogPluginManager: Mounting plugin UObjectPlugin
LogPluginManager: Mounting plugin VisualStudioCodeSourceCodeAccess
LogPluginManager: Mounting plugin VisualStudioSourceCodeAccess
LogPluginManager: Mounting plugin XCodeSourceCodeAccess
LogPluginManager: Mounting plugin AssetManagerEditor
LogPluginManager: Mounting plugin CryptoKeys
LogPluginManager: Mounting plugin DataValidation
LogPluginManager: Mounting plugin FacialAnimation
LogPluginManager: Mounting plugin GameplayTagsEditor
LogPluginManager: Mounting plugin MacGraphicsSwitching
LogPluginManager: Mounting plugin MeshEditor
LogPluginManager: Mounting plugin MobileLauncherProfileWizard
LogPluginManager: Mounting plugin PluginBrowser
LogPluginManager: Mounting plugin SpeedTreeImporter
LogPluginManager: Mounting plugin DatasmithContent
LogPluginManager: Mounting plugin AlembicImporter
LogPluginManager: Mounting plugin AppleImageUtils
LogPluginManager: Mounting plugin AppleVision
LogPluginManager: Mounting plugin BackChannel
LogPluginManager: Mounting plugin CharacterAI
LogPluginManager: Mounting plugin GeometryCache
LogPluginManager: Mounting plugin HTML5Networking
LogPluginManager: Mounting plugin ProxyLODPlugin
LogPluginManager: Mounting plugin MagicLeap
LogPluginManager: Mounting plugin MagicLeapEmulator
LogPluginManager: Mounting plugin MagicLeapMedia
LogPluginManager: Mounting plugin AndroidMedia
LogPluginManager: Mounting plugin AvfMedia
LogPluginManager: Mounting plugin ImgMedia
LogPluginManager: Mounting plugin LinearTimecode
LogPluginManager: Mounting plugin MediaCompositing
LogPluginManager: Mounting plugin MediaPlayerEditor
LogPluginManager: Mounting plugin WmfMedia
LogPluginManager: Mounting plugin TcpMessaging
LogPluginManager: Mounting plugin UdpMessaging
LogPluginManager: Mounting plugin ActorSequence
LogPluginManager: Mounting plugin LevelSequenceEditor
LogPluginManager: Mounting plugin MatineeToLevelSequence
LogPluginManager: Mounting plugin NetcodeUnitTest
LogPluginManager: Mounting plugin NUTUnrealEngine4
LogPluginManager: Mounting plugin OnlineSubsystemGooglePlay
LogPluginManager: Mounting plugin OnlineSubsystemIOS
LogPluginManager: Mounting plugin OnlineSubsystem
LogPluginManager: Mounting plugin OnlineSubsystemNull
LogPluginManager: Mounting plugin OnlineSubsystemUtils
LogPluginManager: Mounting plugin LauncherChunkInstaller
LogPluginManager: Mounting plugin AndroidDeviceProfileSelector
LogPluginManager: Mounting plugin AndroidMoviePlayer
LogPluginManager: Mounting plugin AndroidPermission
LogPluginManager: Mounting plugin AppleMoviePlayer
LogPluginManager: Mounting plugin ArchVisCharacter
LogPluginManager: Mounting plugin AudioCapture
LogPluginManager: Mounting plugin CableComponent
LogPluginManager: Mounting plugin CustomMeshComponent
LogPluginManager: Mounting plugin EditableMesh
LogPluginManager: Mounting plugin ExampleDeviceProfileSelector
LogPluginManager: Mounting plugin GoogleCloudMessaging
LogPluginManager: Mounting plugin ImmediatePhysics
LogPluginManager: Mounting plugin IOSDeviceProfileSelector
LogPluginManager: Mounting plugin LinuxDeviceProfileSelector
LogPluginManager: Mounting plugin LocationServicesBPLibrary
LogPluginManager: Mounting plugin MobilePatchingUtils
LogPluginManager: Mounting plugin OculusVR
LogPluginManager: Plugin shader directory ../../../Engine/Plugins/Runtime/Oculus/OculusVR/Shaders found
LogPluginManager: Mapping shader source directory ../../../Engine/Plugins/Runtime/Oculus/OculusVR/Shaders to virtual directory /Plugin/OculusVR
LogPluginManager: Mounting plugin PhysXVehicles
LogPluginManager: Mounting plugin ProceduralMeshComponent
LogPluginManager: Mounting plugin RuntimePhysXCooking
LogPluginManager: Mounting plugin SteamVR
LogPluginManager: Mounting plugin WindowsMoviePlayer
LogStreaming: Display: Took  0.444s to configure plugins.
LogInit: Using libcurl 7.55.1-DEV
LogInit:  - built for x86_64-pc-win32
LogInit:  - supports SSL with OpenSSL/1.0.2h
LogInit:  - supports HTTP deflate (compression) using libz 1.2.8
LogInit:  - other features:
LogInit:      CURL_VERSION_SSL
LogInit:      CURL_VERSION_LIBZ
LogInit:      CURL_VERSION_IPV6
LogInit:      CURL_VERSION_ASYNCHDNS
LogInit:      CURL_VERSION_LARGEFILE
LogInit:      CURL_VERSION_IDN
LogInit:  CurlRequestOptions (configurable via config and command line):
LogInit:  - bVerifyPeer = false  - Libcurl will NOT verify peer certificate
LogInit:  - bUseHttpProxy = false  - Libcurl will NOT use HTTP proxy
LogInit:  - bDontReuseConnections = false  - Libcurl will reuse connections
LogInit:  - CertBundlePath = nullptr  - Libcurl will use whatever was configured at build time.
LogInit:  - MaxHostConnections = 16  - Libcurl will limit the number of connections to a host
LogInit:  - LocalHostAddr = Default
LogInit:  - BufferSize = 65536
LogInit: WinSock: version 1.1 (2.2), MaxSocks=32767, MaxUdp=65467
LogInit: Build: ++UE4+Release-4.20-CL-4369336
LogInit: Engine Version: 4.20.3-4369336+++UE4+Release-4.20
LogInit: Compatible Engine Version: 4.20.0-4212847+++UE4+Release-4.20
LogInit: Net CL: 4212847
LogInit: OS: Windows 10 (), CPU: Intel(R) Xeon(R) CPU E5-1620 v3 @ 3.50GHz, GPU: NVIDIA GeForce GTX 970
LogInit: Compiled (64-bit): Sep 17 2018 12:26:19
LogInit: Compiled with Visual C++: 19.13.26129.00
LogInit: Build Configuration: Development
LogInit: Branch Name: ++UE4+Release-4.20
LogInit: Command Line:  -skipcompile
LogInit: Base Directory: C:/Epic/UE4/UE_4.20/Engine/Binaries/Win64/
LogInit: Installed Engine Build: 1
LogDevObjectVersion: Number of dev versions registered: 20
LogDevObjectVersion:   Dev-Blueprints (B0D832E4-1F89-4F0D-ACCF-7EB736FD4AA2): 10
LogDevObjectVersion:   Dev-Build (E1C64328-A22C-4D53-A36C-8E866417BD8C): 0
LogDevObjectVersion:   Dev-Core (375EC13C-06E4-48FB-B500-84F0262A717E): 2
LogDevObjectVersion:   Dev-Editor (E4B068ED-F494-42E9-A231-DA0B2E46BB41): 24
LogDevObjectVersion:   Dev-Framework (CFFC743F-43B0-4480-9391-14DF171D2073): 34
LogDevObjectVersion:   Dev-Mobile (B02B49B5-BB20-44E9-A304-32B752E40360): 2
LogDevObjectVersion:   Dev-Networking (A4E4105C-59A1-49B5-A7C5-40C4547EDFEE): 0
LogDevObjectVersion:   Dev-Online (39C831C9-5AE6-47DC-9A44-9C173E1C8E7C): 0
LogDevObjectVersion:   Dev-Physics (78F01B33-EBEA-4F98-B9B4-84EACCB95AA2): 0
LogDevObjectVersion:   Dev-Platform (6631380F-2D4D-43E0-8009-CF276956A95A): 0
LogDevObjectVersion:   Dev-Rendering (12F88B9F-8875-4AFC-A67C-D90C383ABD29): 26
LogDevObjectVersion:   Dev-Sequencer (7B5AE74C-D270-4C10-A958-57980B212A5A): 9
LogDevObjectVersion:   Dev-VR (D7296918-1DD6-4BDD-9DE2-64A83CC13884): 2
LogDevObjectVersion:   Dev-LoadTimes (C2A15278-BFE7-4AFE-6C17-90FF531DF755): 1
LogDevObjectVersion:   Private-Geometry (6EACA3D4-40EC-4CC1-B786-8BED09428FC5): 3
LogDevObjectVersion:   Dev-AnimPhys (29E575DD-E0A3-4627-9D10-D276232CDCEA): 17
LogDevObjectVersion:   Dev-ReflectionCapture (6B266CEC-1EC7-4B8F-A30B-E4D90942FC07): 1
LogDevObjectVersion:   Dev-Automation (0DF73D61-A23F-47EA-B727-89E90C41499A): 1
LogDevObjectVersion:   FortniteMain (601D1886-AC64-4F84-AA16-D3DE0DEAC7D6): 12
LogDevObjectVersion:   Dev-Enterprise (9DFFBCD6-494F-0158-E221-12823C92A888): 1
LogStreaming: Display: Took  0.025s to delete old logs.
LogInit: Presizing for max 8388607 objects, including 0 objects not considered by GC, pre-allocating 0 bytes for permanent pool.
LogInit: Object subsystem initialized
[2019.01.26-04.42.59:706][  0]LogInit: Selected Device Profile: [Windows]
[2019.01.26-04.42.59:706][  0]LogInit: Applying CVar settings loaded from the selected device profile: [Windows]
[2019.01.26-04.42.59:725][  0]LogHAL: Display: Platform has ~ 16 GB [17092038656 / 17179869184 / 16], which maps to Larger [LargestMinGB=32, LargerMinGB=12, DefaultMinGB=8, SmallerMinGB=6, SmallestMinGB=0)
[2019.01.26-04.42.59:725][  0]LogInit: Setting Device Profile CVar: [[r.Vulkan.UseRealUBs:1]]
[2019.01.26-04.42.59:725][  0]LogInit: Going up to parent DeviceProfile []
[2019.01.26-04.42.59:726][  0]LogInit: Computer: C115-11
[2019.01.26-04.42.59:726][  0]LogInit: User: w017177h
[2019.01.26-04.42.59:726][  0]LogInit: CPU Page size=4096, Cores=4
[2019.01.26-04.42.59:726][  0]LogInit: High frequency timer resolution =3.410072 MHz
[2019.01.26-04.42.59:726][  0]LogMemory: Memory total: Physical=15.9GB (16GB approx)
[2019.01.26-04.42.59:726][  0]LogMemory: Platform Memory Stats for Windows
[2019.01.26-04.42.59:727][  0]LogMemory: Process Physical Memory: 102.41 MB used, 102.41 MB peak
[2019.01.26-04.42.59:727][  0]LogMemory: Process Virtual Memory: 90.53 MB used, 90.53 MB peak
[2019.01.26-04.42.59:727][  0]LogMemory: Physical Memory: 7156.35 MB used,  9143.89 MB free, 16300.24 MB total
[2019.01.26-04.42.59:727][  0]LogMemory: Virtual Memory: 4639.85 MB used,  9143.89 MB free, 134217728.00 MB total
[2019.01.26-04.42.59:863][  0]LogInit: Using OS detected language (en-US).
[2019.01.26-04.42.59:863][  0]LogInit: Using OS detected locale (en-GB).
[2019.01.26-04.42.59:864][  0]LogTextLocalizationManager: No specific localization for 'en-US' exists, so the 'en' localization will be used.
[2019.01.26-04.43.00:413][  0]LogStreaming: Display: Took  0.552s to InitEngineTextLocalization.
[2019.01.26-04.43.00:414][  0]LogInit: Setting process to per monitor DPI aware
[2019.01.26-04.43.00:491][  0]LogSlate: New Slate User Created.  User Index 0, Is Virtual User: 0
[2019.01.26-04.43.00:491][  0]LogSlate: Slate User Registered.  User Index 0, Is Virtual User: 0
[2019.01.26-04.43.00:830][  0]LogHMD: Failed to initialize OpenVR with code 110
[2019.01.26-04.43.00:831][  0]LogD3D11RHI: D3D11 adapters:
[2019.01.26-04.43.00:936][  0]LogD3D11RHI:    0. 'NVIDIA GeForce GTX 970' (Feature Level 11_0)
[2019.01.26-04.43.00:936][  0]LogD3D11RHI:       4043/0/8150 MB DedicatedVideo/DedicatedSystem/SharedSystem, Outputs:2, VendorId:0x10de
[2019.01.26-04.43.00:943][  0]LogD3D11RHI:    1. 'Microsoft Basic Render Driver' (Feature Level 11_0)
[2019.01.26-04.43.00:943][  0]LogD3D11RHI:       0/0/8150 MB DedicatedVideo/DedicatedSystem/SharedSystem, Outputs:0, VendorId:0x1414
[2019.01.26-04.43.00:943][  0]LogD3D11RHI: Chosen D3D11 Adapter: 0
[2019.01.26-04.43.00:952][  0]LogD3D11RHI: Creating new Direct3DDevice
[2019.01.26-04.43.00:952][  0]LogD3D11RHI:     GPU DeviceId: 0x13c2 (for the marketing name, search the web for "GPU Device Id")
[2019.01.26-04.43.00:952][  0]LogWindows: EnumDisplayDevices:
[2019.01.26-04.43.00:953][  0]LogWindows:    0. 'NVIDIA GeForce GTX 970' (P:1 D:1)
[2019.01.26-04.43.00:953][  0]LogWindows:    1. 'NVIDIA GeForce GTX 970' (P:0 D:1)
[2019.01.26-04.43.00:953][  0]LogWindows:    2. 'NVIDIA GeForce GTX 970' (P:0 D:0)
[2019.01.26-04.43.00:954][  0]LogWindows:    3. 'NVIDIA GeForce GTX 970' (P:0 D:0)
[2019.01.26-04.43.00:954][  0]LogWindows: DebugString: FoundDriverCount:4 
[2019.01.26-04.43.00:954][  0]LogD3D11RHI:     Adapter Name: NVIDIA GeForce GTX 970
[2019.01.26-04.43.00:954][  0]LogD3D11RHI:   Driver Version: 398.82 (internal:24.21.13.9882, unified:398.82)
[2019.01.26-04.43.00:954][  0]LogD3D11RHI:      Driver Date: 7-30-2018
[2019.01.26-04.43.00:954][  0]LogRHI: Texture pool is 2830 MB (70% of 4043 MB)
[2019.01.26-04.43.01:005][  0]LogD3D11RHI: Async texture creation enabled
[2019.01.26-04.43.01:023][  0]LogD3D11RHI: GPU Timing Frequency: 1000.000000 (Debug: 2 2)
[2019.01.26-04.43.01:071][  0]LogShaderCompilers: Guid format shader working directory is -17 characters bigger than the processId version (../../../../../../Users/w017177h.STUDENT/Documents/Github/GGJ2019/GGJ2019/Intermediate/Shaders/WorkingDirectory/16492/).
[2019.01.26-04.43.01:072][  0]LogShaderCompilers: Cleaned the shader compiler working directory 'C:/Users/w017177h.STUDENT/AppData/Local/Temp/UnrealShaderWorkingDir/45B86E65446309D262BE56B5CC8C9F28/'.
[2019.01.26-04.43.01:475][  0]LogTemp: Display: Loaded TP AllDesktopTargetPlatform
[2019.01.26-04.43.01:499][  0]LogTemp: Display: Loaded TP MacClientTargetPlatform
[2019.01.26-04.43.01:523][  0]LogTemp: Display: Loaded TP MacNoEditorTargetPlatform
[2019.01.26-04.43.01:551][  0]LogTemp: Display: Loaded TP MacServerTargetPlatform
[2019.01.26-04.43.01:572][  0]LogTemp: Display: Loaded TP MacTargetPlatform
[2019.01.26-04.43.01:593][  0]LogTemp: Display: Loaded TP WindowsClientTargetPlatform
[2019.01.26-04.43.01:630][  0]LogTemp: Display: Loaded TP WindowsNoEditorTargetPlatform
[2019.01.26-04.43.01:657][  0]LogTemp: Display: Loaded TP WindowsServerTargetPlatform
[2019.01.26-04.43.01:670][  0]LogTemp: Display: Loaded TP WindowsTargetPlatform
[2019.01.26-04.43.01:767][  0]LogTemp: Display: Loaded TP AndroidTargetPlatform
[2019.01.26-04.43.01:768][  0]LogTemp: Display: Loaded TP AndroidTargetPlatform
[2019.01.26-04.43.01:768][  0]LogTemp: Display: Loaded TP AndroidTargetPlatform
[2019.01.26-04.43.01:768][  0]LogTemp: Display: Loaded TP AndroidTargetPlatform
[2019.01.26-04.43.01:768][  0]LogTemp: Display: Loaded TP AndroidTargetPlatform
[2019.01.26-04.43.01:768][  0]LogTemp: Display: Loaded TP AndroidTargetPlatform
[2019.01.26-04.43.01:768][  0]LogTemp: Display: Loaded TP AndroidTargetPlatform
[2019.01.26-04.43.01:768][  0]LogTemp: Display: Loaded TP AndroidTargetPlatform
[2019.01.26-04.43.01:768][  0]LogTemp: Display: Loaded TP AndroidTargetPlatform
[2019.01.26-04.43.01:768][  0]LogTemp: Display: Loaded TP AndroidTargetPlatform
[2019.01.26-04.43.01:768][  0]LogTemp: Display: Loaded TP AndroidTargetPlatform
[2019.01.26-04.43.01:768][  0]LogTemp: Display: Loaded TP AndroidTargetPlatform
[2019.01.26-04.43.01:768][  0]LogTemp: Display: Loaded TP AndroidTargetPlatform
[2019.01.26-04.43.01:768][  0]LogTemp: Display: Loaded TP AndroidTargetPlatform
[2019.01.26-04.43.01:768][  0]LogTemp: Display: Loaded TP AndroidTargetPlatform
[2019.01.26-04.43.01:768][  0]LogTemp: Display: Loaded TP AndroidTargetPlatform
[2019.01.26-04.43.01:768][  0]LogTemp: Display: Loaded TP AndroidTargetPlatform
[2019.01.26-04.43.01:769][  0]LogTemp: Display: Loaded TP AndroidTargetPlatform
[2019.01.26-04.43.01:773][  0]LogTemp: Display: Loaded TP HTML5TargetPlatform
[2019.01.26-04.43.01:850][  0]LogTemp: Display: Loaded TP IOSTargetPlatform
[2019.01.26-04.43.01:850][  0]LogTemp: Display: Loaded TP IOSTargetPlatform
[2019.01.26-04.43.01:884][  0]LogTemp: Display: Loaded TP TVOSTargetPlatform
[2019.01.26-04.43.01:885][  0]LogTemp: Display: Loaded TP TVOSTargetPlatform
[2019.01.26-04.43.01:905][  0]LogTemp: Display: Loaded TP LinuxClientTargetPlatform
[2019.01.26-04.43.01:924][  0]LogTemp: Display: Loaded TP LinuxNoEditorTargetPlatform
[2019.01.26-04.43.01:949][  0]LogTemp: Display: Loaded TP LinuxServerTargetPlatform
[2019.01.26-04.43.01:970][  0]LogTemp: Display: Loaded TP LinuxTargetPlatform
[2019.01.26-04.43.01:988][  0]LogTemp: Display: Loaded TP LuminTargetPlatform
[2019.01.26-04.43.01:989][  0]LogTargetPlatformManager: Display: Building Assets For Windows
[2019.01.26-04.43.02:176][  0]LogXGEController: Cleaning working directory: C:/Users/w017177h.STUDENT/AppData/Local/Temp/UnrealXGEWorkingDir/
[2019.01.26-04.43.02:177][  0]LogXGEController: Cannot use XGE Controller as Incredibuild is not installed on this machine.
[2019.01.26-04.43.02:177][  0]LogShaderCompilers: Cannot use XGE Shader Compiler as Incredibuild is not installed on this machine.
[2019.01.26-04.43.02:177][  0]LogShaderCompilers: Display: Using Local Shader Compiler.
[2019.01.26-04.43.03:220][  0]LogDerivedDataCache: Display: Max Cache Size: 512 MB
[2019.01.26-04.43.03:322][  0]LogDerivedDataCache: Loaded boot cache 0.10s 71MB C:/Users/w017177h.STUDENT/AppData/Local/UnrealEngine/4.20/DerivedDataCache/Boot.ddc.
[2019.01.26-04.43.03:323][  0]LogDerivedDataCache: Display: Loaded Boot cache: C:/Users/w017177h.STUDENT/AppData/Local/UnrealEngine/4.20/DerivedDataCache/Boot.ddc
[2019.01.26-04.43.03:323][  0]LogDerivedDataCache: FDerivedDataBackendGraph:  Pak pak cache file ../../../../../../Users/w017177h.STUDENT/Documents/Github/GGJ2019/GGJ2019/DerivedDataCache/DDC.ddp not found, will not use a pak cache.
[2019.01.26-04.43.03:323][  0]LogDerivedDataCache: Unable to find inner node Pak for hierarchical cache Hierarchy.
[2019.01.26-04.43.03:324][  0]LogDerivedDataCache: FDerivedDataBackendGraph:  CompressedPak pak cache file ../../../../../../Users/w017177h.STUDENT/Documents/Github/GGJ2019/GGJ2019/DerivedDataCache/Compressed.ddp not found, will not use a pak cache.
[2019.01.26-04.43.03:324][  0]LogDerivedDataCache: Unable to find inner node CompressedPak for hierarchical cache Hierarchy.
[2019.01.26-04.43.03:337][  0]LogDerivedDataCache: Display: Pak cache opened for reading ../../../Engine/DerivedDataCache/Compressed.ddp.
[2019.01.26-04.43.03:350][  0]LogDerivedDataCache: Using Local data cache path C:/Users/w017177h.STUDENT/AppData/Local/UnrealEngine/Common/DerivedDataCache: Writable
[2019.01.26-04.43.03:350][  0]LogDerivedDataCache: Shared data cache path not found in *engine.ini, will not use an Shared cache.
[2019.01.26-04.43.03:350][  0]LogDerivedDataCache: Unable to find inner node Shared for hierarchical cache Hierarchy.
[2019.01.26-04.43.03:371][  0]LogMaterial: Verifying Global Shaders for PCD3D_SM5
[2019.01.26-04.43.03:374][  0]LogSlate: Using FreeType 2.6.0
[2019.01.26-04.43.03:375][  0]LogSlate: SlateFontServices - WITH_FREETYPE: 1, WITH_HARFBUZZ: 1
[2019.01.26-04.43.03:468][  0]LogAssetRegistry: FAssetRegistry took 0.0294 seconds to start up
[2019.01.26-04.43.03:918][  0]LogInit: Selected Device Profile: [Windows]
[2019.01.26-04.43.04:113][  0]LogSimplygon: Simplygon DLL not present - disabling.
[2019.01.26-04.43.04:128][  0]LogMeshReduction: Using SimplygonSwarm for distributed automatic mesh merging
[2019.01.26-04.43.04:128][  0]LogMeshReduction: Using ProxyLODMeshReduction for automatic mesh merging
[2019.01.26-04.43.04:128][  0]LogMeshReduction: Using QuadricMeshReduction for automatic static mesh reduction
[2019.01.26-04.43.04:128][  0]LogMeshReduction: No automatic skeletal mesh reduction module available
[2019.01.26-04.43.04:147][  0]LogNetVersion: GGJ2019 1.0.0, NetCL: 4212847, EngineNetVer: 5, GameNetVer: 0 (Checksum: 54619999)
[2019.01.26-04.43.04:865][  0]LogPackageLocalizationCache: Processed 11 localized package path(s) for 2 prioritized culture(s) in 0.176753 seconds
[2019.01.26-04.43.04:872][  0]LogUObjectArray: 38425 objects as part of root set at end of initial load.
[2019.01.26-04.43.04:872][  0]LogUObjectAllocator: 6690864 out of 0 bytes used by permanent object pool.
[2019.01.26-04.43.04:872][  0]LogUObjectArray: CloseDisregardForGC: 0/0 objects in disregard for GC pool
[2019.01.26-04.43.06:095][  0]LogTcpMessaging: Initializing TcpMessaging bridge
[2019.01.26-04.43.06:113][  0]LogUdpMessaging: Initializing bridge on interface 0.0.0.0:0 to multicast group 230.0.0.1:6666.
[2019.01.26-04.43.06:354][  0]SourceControl: Source control is disabled
[2019.01.26-04.43.06:354][  0]SourceControl: Source control is disabled
[2019.01.26-04.43.06:358][  0]SourceControl: Source control is disabled
[2019.01.26-04.43.06:363][  0]SourceControl: Source control is disabled
[2019.01.26-04.43.06:704][  0]LogAndroidPermission: UAndroidPermissionCallbackProxy::GetInstance
[2019.01.26-04.43.06:840][  0]LogOcInput: OculusInput pre-init called
[2019.01.26-04.43.06:921][  0]LogEngine: Initializing Engine...
[2019.01.26-04.43.06:922][  0]LogHMD: Failed to initialize OpenVR with code 110
[2019.01.26-04.43.06:923][  0]LogStats: UGameplayTagsManager::ConstructGameplayTagTree: ImportINI prefixes -  0.000 s
[2019.01.26-04.43.06:924][  0]LogStats: UGameplayTagsManager::ConstructGameplayTagTree: Construct from data asset -  0.000 s
[2019.01.26-04.43.06:924][  0]LogStats: UGameplayTagsManager::ConstructGameplayTagTree: ImportINI -  0.000 s
[2019.01.26-04.43.06:924][  0]LogStats: UGameplayTagsManager::ConstructGameplayTagTree: GameplayTagTreeChangedEvent.Broadcast -  0.000 s
[2019.01.26-04.43.07:204][  0]LogInit: Initializing FReadOnlyCVARCache
[2019.01.26-04.43.07:244][  0]LogAIModule: Creating AISystem for world Untitled
[2019.01.26-04.43.07:268][  0]LogInit: XAudio2 using 'Headset Earphone (Razer ManO'War)' : 2 channels at 48 kHz using 16 bits per sample (channel mask 0x3)
[2019.01.26-04.43.07:306][  0]LogInit: FAudioDevice initialized.
[2019.01.26-04.43.07:306][  0]LogNetVersion: Set ProjectVersion to 1.0.0.0. Version Checksum will be recalculated on next use.
[2019.01.26-04.43.07:405][  0]LogDerivedDataCache: Saved boot cache 0.10s 71MB C:/Users/w017177h.STUDENT/AppData/Local/UnrealEngine/4.20/DerivedDataCache/Boot.ddc.
[2019.01.26-04.43.07:427][  0]LogInit: Texture streaming: Enabled
[2019.01.26-04.43.07:484][  0]LogEngineSessionManager: EngineSessionManager initialized
[2019.01.26-04.43.07:484][  0]LogEngineSessionManager: EngineSessionManager sent abnormal shutdown report. Type=Debugger, SessionId={BE0B342D-4359-FEAC-CB5F-2DA318A141A9}
[2019.01.26-04.43.07:484][  0]LogEngineSessionManager: EngineSessionManager sent abnormal shutdown report. Type=Debugger, SessionId={6844FA9C-4F03-92AB-2DAB-7FB63210E822}
[2019.01.26-04.43.07:502][  0]LogInit: Transaction tracking system initialized
[2019.01.26-04.43.07:558][  0]BlueprintLog: New page: Editor Load
[2019.01.26-04.43.07:751][  0]LocalizationService: Localization service is disabled
[2019.01.26-04.43.08:147][  0]LogCook: Display: Max memory allowance for cook 16384mb min free memory 0mb
[2019.01.26-04.43.08:147][  0]LogCook: Display: Mobile HDR setting 1
[2019.01.26-04.43.08:147][  0]LogGameplayTags: Display: UGameplayTagsManager::DoneAddingNativeTags. DelegateIsBound: 0
[2019.01.26-04.43.08:148][  0]LogStats: UGameplayTagsManager::ConstructGameplayTagTree: ImportINI prefixes -  0.000 s
[2019.01.26-04.43.08:148][  0]LogStats: UGameplayTagsManager::ConstructGameplayTagTree: Construct from data asset -  0.000 s
[2019.01.26-04.43.08:148][  0]LogStats: UGameplayTagsManager::ConstructGameplayTagTree: ImportINI -  0.000 s
[2019.01.26-04.43.08:148][  0]LogStats: UGameplayTagsManager::ConstructGameplayTagTree: GameplayTagTreeChangedEvent.Broadcast -  0.000 s
[2019.01.26-04.43.08:386][  0]LogFileCache: Scanning file cache for directory 'C:/Users/w017177h.STUDENT/Documents/Github/GGJ2019/GGJ2019/Content/' took 0.02s
[2019.01.26-04.43.08:387][  0]SourceControl: Source control is disabled
[2019.01.26-04.43.08:387][  0]Cmd: MAP LOAD FILE="../../../../../../Users/w017177h.STUDENT/Documents/Github/GGJ2019/GGJ2019/Content/GameLevel.umap" TEMPLATE=0 SHOWPROGRESS=1 FEATURELEVEL=3
[2019.01.26-04.43.08:388][  0]LightingResults: New page: Lighting Build
[2019.01.26-04.43.08:393][  0]MapCheck: New page: Map Check
[2019.01.26-04.43.08:393][  0]LightingResults: New page: Lighting Build
[2019.01.26-04.43.08:679][  0]LogAIModule: Creating AISystem for world GameLevel
[2019.01.26-04.43.08:697][  0]LogEditorServer: Finished looking for orphan Actors (0.000 secs)
[2019.01.26-04.43.08:727][  0]Cmd: MAP CHECKDEP NOCLEARLOG
[2019.01.26-04.43.08:917][  0]MapCheck: Map check complete: 0 Error(s), 0 Warning(s), took 191.504ms to complete.
[2019.01.26-04.43.08:917][  0]LogFileHelpers: Loading map 'GameLevel' took 0.531
[2019.01.26-04.43.09:067][  0]LogSlate: Updating window title bar state: overlay mode, drag disabled, window buttons hidden, title bar hidden
[2019.01.26-04.43.09:080][  0]LogSlate: Updating window title bar state: overlay mode, drag disabled, window buttons hidden, title bar hidden
[2019.01.26-04.43.09:089][  0]LogSlate: Updating window title bar state: overlay mode, drag disabled, window buttons hidden, title bar hidden
[2019.01.26-04.43.09:098][  0]LogSlate: Updating window title bar state: overlay mode, drag disabled, window buttons hidden, title bar hidden
[2019.01.26-04.43.09:111][  0]LogCollectionManager: Loaded 0 collections in 0.003987 seconds
[2019.01.26-04.43.09:169][  0]LogFileCache: Scanning file cache for directory 'C:/Users/w017177h.STUDENT/Documents/Github/GGJ2019/GGJ2019/Saved/Collections/' took 0.01s
[2019.01.26-04.43.09:169][  0]LogFileCache: Scanning file cache for directory 'C:/Users/w017177h.STUDENT/Documents/Github/GGJ2019/GGJ2019/Content/Developers/w017177h/Collections/' took 0.01s
[2019.01.26-04.43.09:169][  0]LogFileCache: Scanning file cache for directory 'C:/Users/w017177h.STUDENT/Documents/Github/GGJ2019/GGJ2019/Content/Collections/' took 0.01s
[2019.01.26-04.43.09:169][  0]LogCollectionManager: Rebuilt the GUID cache for 0 collections in 0.000000 seconds
[2019.01.26-04.43.09:189][  0]LogContentBrowser: Native class hierarchy populated in 0.0192 seconds. Added 2581 classes and 606 folders.
[2019.01.26-04.43.09:200][  0]LogContentBrowser: Native class hierarchy updated for 'WidgetCarousel' in 0.0005 seconds. Added 0 classes and 0 folders.
[2019.01.26-04.43.09:288][  0]LogContentBrowser: Native class hierarchy updated for 'AddContentDialog' in 0.0007 seconds. Added 0 classes and 0 folders.
[2019.01.26-04.43.09:302][  0]LogContentBrowser: Native class hierarchy updated for 'SceneOutliner' in 0.0010 seconds. Added 1 classes and 2 folders.
[2019.01.26-04.43.09:347][  0]LogSlate: Took 0.000528 seconds to synchronously load lazily loaded font '../../../Engine/Content/Slate/Fonts/Roboto-Regular.ttf' (155K)
[2019.01.26-04.43.09:351][  0]LogSlate: Took 0.000283 seconds to synchronously load lazily loaded font '../../../Engine/Content/Slate/Fonts/Roboto-Bold.ttf' (160K)
[2019.01.26-04.43.09:361][  0]LogSlate: Took 0.000385 seconds to synchronously load lazily loaded font '../../../Engine/Content/Editor/Slate/Fonts/FontAwesome.ttf' (139K)
[2019.01.26-04.43.09:495][  0]LogRenderer: Reallocating scene render targets to support 1208x576 Format 10 NumSamples 1 (Frame:1).
[2019.01.26-04.43.09:568][  0]LogSlate: Took 0.000257 seconds to synchronously load lazily loaded font '../../../Engine/Content/Slate/Fonts/Roboto-Light.ttf' (167K)
[2019.01.26-04.43.09:685][  0]LogContentBrowser: Native class hierarchy updated for 'HierarchicalLODOutliner' in 0.0013 seconds. Added 0 classes and 0 folders.
[2019.01.26-04.43.09:685][  0]LogLoad: (Engine Initialization) Total time: 13.78 seconds
[2019.01.26-04.43.09:686][  0]LogLoad: (Engine Initialization) Total Blueprint compile time: 0.00 seconds
[2019.01.26-04.43.09:698][  0]LogWindowsTextInputMethodSystem: Display: IME system now deactivated.
[2019.01.26-04.43.09:745][  0]LogContentStreaming: Texture pool size now 1000 MB
[2019.01.26-04.43.09:768][  1]LogFileCache: Retrieving MD5 hashes for directory 'C:/Users/w017177h.STUDENT/Documents/Github/GGJ2019/GGJ2019/Content/' took 0.05s
[2019.01.26-04.43.09:780][  1]LogAssetRegistry: Asset discovery search completed in 6.3373 seconds
[2019.01.26-04.43.09:782][  1]LogCollectionManager: Rebuilt the object cache for 0 collections in 0.000000 seconds (found 0 objects)
[2019.01.26-04.43.09:782][  1]LogCollectionManager: Fixed up redirectors for 0 collections in 0.000126 seconds (updated 0 objects)
[2019.01.26-04.43.23:386][611]LogSlate: FSceneViewport::OnFocusLost() reason 0
[2019.01.26-04.43.31:814][544]Cmd: TRANSACTION UNDO
[2019.01.26-04.43.31:814][544]LogEditorTransaction: Undo Move Actors
[2019.01.26-04.43.31:846][544]LogActorComponent: ~FComponentReregisterContext: (/Game/GameLevel.GameLevel:PersistentLevel.BoxBrush15.BrushComponent0) Component already registered.
[2019.01.26-04.43.31:847][544]LogActorComponent: ~FComponentReregisterContext: (/Game/GameLevel.GameLevel:PersistentLevel.BoxBrush28.BrushComponent0) Component already registered.
[2019.01.26-04.43.31:847][544]LogActorComponent: ~FComponentReregisterContext: (/Game/GameLevel.GameLevel:PersistentLevel.BoxBrush22.BrushComponent0) Component already registered.
[2019.01.26-04.43.31:857][544]LogActorComponent: ~FComponentReregisterContext: (/Game/GameLevel.GameLevel:PersistentLevel.BoxBrush8.BrushComponent0) Component already registered.
[2019.01.26-04.43.31:858][544]LogActorComponent: ~FComponentReregisterContext: (/Game/GameLevel.GameLevel:PersistentLevel.BoxBrush7.BrushComponent0) Component already registered.
[2019.01.26-04.43.31:859][544]LogActorComponent: ~FComponentReregisterContext: (/Game/GameLevel.GameLevel:PersistentLevel.BoxBrush55.BrushComponent0) Component already registered.
[2019.01.26-04.43.31:860][544]LogActorComponent: ~FComponentReregisterContext: (/Game/GameLevel.GameLevel:PersistentLevel.BoxBrush51.BrushComponent0) Component already registered.
[2019.01.26-04.43.31:860][544]LogActorComponent: ~FComponentReregisterContext: (/Game/GameLevel.GameLevel:PersistentLevel.BoxBrush50.BrushComponent0) Component already registered.
[2019.01.26-04.43.31:860][544]LogActorComponent: ~FComponentReregisterContext: (/Game/GameLevel.GameLevel:PersistentLevel.BoxBrush61.BrushComponent0) Component already registered.
[2019.01.26-04.43.31:861][544]LogActorComponent: ~FComponentReregisterContext: (/Game/GameLevel.GameLevel:PersistentLevel.BoxBrush60.BrushComponent0) Component already registered.
[2019.01.26-04.43.31:863][544]LogActorComponent: ~FComponentReregisterContext: (/Game/GameLevel.GameLevel:PersistentLevel.BoxBrush42.BrushComponent0) Component already registered.
[2019.01.26-04.43.31:921][544]LogSlate: Took 0.000343 seconds to synchronously load lazily loaded font '../../../Engine/Content/Slate/Fonts/Roboto-Light.ttf' (167K)
[2019.01.26-04.43.32:450][601]LogSlate: FSceneViewport::OnFocusLost() reason 2
[2019.01.26-04.43.32:459][601]Cmd: OBJ SAVEPACKAGE PACKAGE="/Game/GameLevel" FILE="../../../../../../Users/w017177h.STUDENT/Documents/Github/GGJ2019/GGJ2019/Content/GameLevel.umap" SILENT=true AUTOSAVING=false KEEPDIRTY=false
[2019.01.26-04.43.32:697][601]LogSavePackage: Moving '../../../../../../Users/w017177h.STUDENT/Documents/Github/GGJ2019/GGJ2019/Saved/GameLevel60AA2DD1434E4979F3FCD8AF1F95A76D.tmp' to '../../../../../../Users/w017177h.STUDENT/Documents/Github/GGJ2019/GGJ2019/Content/GameLevel.umap'
[2019.01.26-04.43.32:992][624]LogSlate: FSceneViewport::OnFocusLost() reason 0
[2019.01.26-04.43.39:391][358]LogAIModule: Creating AISystem for world NewJohnLevel
[2019.01.26-04.43.39:452][358]LogAssetEditorManager: Opening Asset editor for World /Game/StarterContent/Maps/NewJohnLevel.NewJohnLevel
[2019.01.26-04.43.39:488][358]Cmd: MAP LOAD FILE="../../../../../../Users/w017177h.STUDENT/Documents/Github/GGJ2019/GGJ2019/Content/StarterContent/Maps/NewJohnLevel.umap" TEMPLATE=0 SHOWPROGRESS=1 FEATURELEVEL=3
[2019.01.26-04.43.39:488][358]LightingResults: New page: Lighting Build
[2019.01.26-04.43.39:489][358]LoadErrors: New page: Loading map: NewJohnLevel.umap
[2019.01.26-04.43.39:491][358]MapCheck: New page: Map Check
[2019.01.26-04.43.39:491][358]LightingResults: New page: Lighting Build
[2019.01.26-04.43.39:615][358]LogEditorServer: Finished looking for orphan Actors (0.000 secs)
[2019.01.26-04.43.39:694][358]Cmd: MAP CHECKDEP NOCLEARLOG
[2019.01.26-04.43.39:937][358]MapCheck: Map check complete: 0 Error(s), 0 Warning(s), took 243.572ms to complete.
[2019.01.26-04.43.39:939][358]LogFileHelpers: Loading map 'NewJohnLevel' took 0.453
[2019.01.26-04.43.45:093][961]LogSlate: FSceneViewport::OnFocusLost() reason 2
[2019.01.26-04.43.45:534][961]LogSavePackage: Moving '../../../../../../Users/w017177h.STUDENT/Documents/Github/GGJ2019/GGJ2019/Saved/NewJohnLevel1B90E0C843A89930E72C31B8CD55EA6E.tmp' to '../../../../../../Users/w017177h.STUDENT/Documents/Github/GGJ2019/GGJ2019/Content/StarterContent/Maps/NewJohnLevel.umap'
[2019.01.26-04.43.49:747][450]LogSlate: FSceneViewport::OnFocusLost() reason 2
[2019.01.26-04.43.50:287][450]LogSavePackage: Moving '../../../../../../Users/w017177h.STUDENT/Documents/Github/GGJ2019/GGJ2019/Saved/NewJohnLevel8F75122C44CA6651ABF57D8655D52131.tmp' to '../../../../../../Users/w017177h.STUDENT/Documents/Github/GGJ2019/GGJ2019/Content/StarterContent/Maps/NewJohnLevel.umap'
[2019.01.26-04.43.54:923][955]LogSlate: FSceneViewport::OnFocusLost() reason 0
[2019.01.26-04.43.55:827][ 54]LogActor: Warning: Fridge_BP_Base_C /Engine/Transient.World_2:PersistentLevel.Fridge_BP_Base_C_0 has natively added scene component(s), but none of them were set as the actor's RootComponent - picking one arbitrarily
[2019.01.26-04.43.55:848][ 55]LogActor: Warning: Enemy_BP_Base_C /Engine/Transient.World_4:PersistentLevel.Enemy_BP_Base_C_0 has natively added scene component(s), but none of them were set as the actor's RootComponent - picking one arbitrarily
[2019.01.26-04.44.00:102][555]LogAssetEditorManager: Opening Asset editor for Blueprint /Game/Enemy_BP_Base.Enemy_BP_Base
[2019.01.26-04.44.00:562][555]LogContentBrowser: Native class hierarchy updated for 'BlueprintGraph' in 0.0008 seconds. Added 116 classes and 0 folders.
[2019.01.26-04.44.01:453][555]LogActor: Warning: Enemy_BP_Base_C /Engine/Transient.World_5:PersistentLevel.Enemy_BP_Base_C_0 has natively added scene component(s), but none of them were set as the actor's RootComponent - picking one arbitrarily
[2019.01.26-04.44.01:460][555]LogSlate: Took 0.000597 seconds to synchronously load lazily loaded font '../../../Engine/Content/Slate/Fonts/Roboto-BoldCondensed.ttf' (158K)
[2019.01.26-04.44.01:509][556]LogSlate: Took 0.000294 seconds to synchronously load lazily loaded font '../../../Engine/Content/Slate/Fonts/Roboto-Italic.ttf' (157K)
[2019.01.26-04.44.52:894][358]Cmd: OBJ SAVEPACKAGE PACKAGE="/Game/Enemy_BP_Base" FILE="../../../../../../Users/w017177h.STUDENT/Documents/Github/GGJ2019/GGJ2019/Content/Enemy_BP_Base.uasset" SILENT=true
[2019.01.26-04.44.52:972][358]LogSavePackage: Moving '../../../../../../Users/w017177h.STUDENT/Documents/Github/GGJ2019/GGJ2019/Saved/Enemy_BP_Base0AF41D324B37F3B4DA9880BA360E758B.tmp' to '../../../../../../Users/w017177h.STUDENT/Documents/Github/GGJ2019/GGJ2019/Content/Enemy_BP_Base.uasset'
[2019.01.26-04.46.03:342][182]Candidate modules for hot reload:
[2019.01.26-04.46.03:342][182]  GGJ2019
[2019.01.26-04.46.03:342][182]Launching UnrealBuildTool... [C:/Epic/UE4/UE_4.20/Engine/Binaries/DotNET/UnrealBuildTool.exe  -ModuleWithSuffix=GGJ2019,7865 Win64 Development -TargetType=Editor -Project="../../../../../../Users/w017177h.STUDENT/Documents/Github/GGJ2019/GGJ2019/GGJ2019.uproject" -canskiplink "C:/Users/w017177h.STUDENT/Documents/Github/GGJ2019/GGJ2019/GGJ2019.uproject" ]
[2019.01.26-04.46.03:346][182]Warning: Starting HotReload took  0.0s.
[2019.01.26-04.46.19:203][ 49]CompilerResultsLog: New page: Compilation - 26 Jan 2019 04:46:19
[2019.01.26-04.46.19:203][ 49]CompilerResultsLog: Using 'git status' to determine working set for adaptive non-unity build.
[2019.01.26-04.46.19:203][ 49]CompilerResultsLog: Compiling game modules for hot reload
[2019.01.26-04.46.19:203][ 49]CompilerResultsLog: Parsing headers for GGJ2019Editor
[2019.01.26-04.46.19:203][ 49]CompilerResultsLog:   Running UnrealHeaderTool "C:\Users\w017177h.STUDENT\Documents\Github\GGJ2019\GGJ2019\GGJ2019.uproject" "C:\Users\w017177h.STUDENT\Documents\Github\GGJ2019\GGJ2019\Intermediate\Build\Win64\GGJ2019Editor\Development\GGJ2019Editor.uhtmanifest" -LogCmds="loginit warning, logexit warning, logdatabase error" -Unattended -WarningsAsErrors -installed
[2019.01.26-04.46.19:203][ 49]CompilerResultsLog: Error: C:/Users/w017177h.STUDENT/Documents/Github/GGJ2019/GGJ2019/Source/GGJ2019/Public/Fridge_Base.h(40)  : Error: Unrecognized type 'FoodTypes' - type must be a UCLASS, USTRUCT or UENUM
[2019.01.26-04.46.19:204][ 49]CompilerResultsLog: UnrealHeaderTool failed for target 'GGJ2019Editor' (platform: Win64, module info: C:\Users\w017177h.STUDENT\Documents\Github\GGJ2019\GGJ2019\Intermediate\Build\Win64\GGJ2019Editor\Development\GGJ2019Editor.uhtmanifest).
[2019.01.26-04.46.19:204][ 49]LogMainFrame: MainFrame: Module compiling took 15.869 seconds
[2019.01.26-04.46.19:204][ 49]Warning: HotReload failed, recompile failed
[2019.01.26-04.46.47:991][406]LogSlate: Window 'Message Log' being destroyed
[2019.01.26-04.46.47:996][406]LogSlate: Window 'Message Log' being destroyed
[2019.01.26-04.47.35:243][610]LogSavePackage: Moving '../../../../../../Users/w017177h.STUDENT/Documents/Github/GGJ2019/GGJ2019/Saved/NewJohnLevelC0ECF6294D01577F5C21B5AE662C6670.tmp' to '../../../../../../Users/w017177h.STUDENT/Documents/Github/GGJ2019/GGJ2019/Content/StarterContent/Maps/NewJohnLevel.umap'
[2019.01.26-04.47.37:190][700]LogSlate: Window 'Save Content' being destroyed
[2019.01.26-04.47.37:214][700]Cmd: OBJ SAVEPACKAGE PACKAGE="/Game/Enemy_BP_Base" FILE="../../../../../../Users/w017177h.STUDENT/Documents/Github/GGJ2019/GGJ2019/Content/Enemy_BP_Base.uasset" SILENT=true
[2019.01.26-04.47.37:264][700]LogSavePackage: Moving '../../../../../../Users/w017177h.STUDENT/Documents/Github/GGJ2019/GGJ2019/Saved/Enemy_BP_Base06FDF4B24BA799FDB8061B8923101750.tmp' to '../../../../../../Users/w017177h.STUDENT/Documents/Github/GGJ2019/GGJ2019/Content/Enemy_BP_Base.uasset'
[2019.01.26-04.47.37:473][700]LogSlate: Window 'GGJ2019 - Unreal Editor' being destroyed
[2019.01.26-04.47.37:474][700]LogWindowsTextInputMethodSystem: Display: IME system now deactivated.
[2019.01.26-04.47.37:686][701]Cmd: QUIT_EDITOR
[2019.01.26-04.47.37:757][701]LogExit: Preparing to exit.
