Log file open, 01/25/19 20:58:14
LogWindows: Failed to load 'aqProf.dll' (GetLastError=126)
LogWindows: File 'aqProf.dll' does not exist
LogWindows: Failed to load 'VSPerf140.dll' (GetLastError=126)
LogWindows: File 'VSPerf140.dll' does not exist
LogWindows: Failed to load 'VtuneApi.dll' (GetLastError=126)
LogWindows: File 'VtuneApi.dll' does not exist
LogWindows: Failed to load 'VtuneApi32e.dll' (GetLastError=126)
LogWindows: File 'VtuneApi32e.dll' does not exist
LogInit: Display: Running engine for game: GGJ2019
LogPlatformFile: Not using cached read wrapper
LogTaskGraph: Started task graph with 5 named threads and 23 total threads with 3 sets of task threads.
LogStats: Stats thread started at 0.489907
LogD3D11RHI: Loaded GFSDK_Aftermath_Lib.x64.dll
LogICUInternationalization: Display: ICU TimeZone Detection - Raw Offset: +0:00, Platform Override: ''
LogPluginManager: Mounting plugin Paper2D
LogPluginManager: Mounting plugin AISupport
LogPluginManager: Mounting plugin LightPropagationVolume
LogPluginManager: Mounting plugin CLionSourceCodeAccess
LogPluginManager: Mounting plugin CodeLiteSourceCodeAccess
LogPluginManager: Mounting plugin GitSourceControl
LogPluginManager: Mounting plugin KDevelopSourceCodeAccess
LogPluginManager: Mounting plugin NullSourceCodeAccess
LogPluginManager: Mounting plugin PerforceSourceControl
LogPluginManager: Mounting plugin SubversionSourceControl
LogPluginManager: Mounting plugin UObjectPlugin
LogPluginManager: Mounting plugin VisualStudioCodeSourceCodeAccess
LogPluginManager: Mounting plugin VisualStudioSourceCodeAccess
LogPluginManager: Mounting plugin XCodeSourceCodeAccess
LogPluginManager: Mounting plugin AssetManagerEditor
LogPluginManager: Mounting plugin CryptoKeys
LogPluginManager: Mounting plugin DataValidation
LogPluginManager: Mounting plugin FacialAnimation
LogPluginManager: Mounting plugin GameplayTagsEditor
LogPluginManager: Mounting plugin MacGraphicsSwitching
LogPluginManager: Mounting plugin MeshEditor
LogPluginManager: Mounting plugin MobileLauncherProfileWizard
LogPluginManager: Mounting plugin PluginBrowser
LogPluginManager: Mounting plugin SpeedTreeImporter
LogPluginManager: Mounting plugin DatasmithContent
LogPluginManager: Mounting plugin AlembicImporter
LogPluginManager: Mounting plugin AppleImageUtils
LogPluginManager: Mounting plugin AppleVision
LogPluginManager: Mounting plugin BackChannel
LogPluginManager: Mounting plugin CharacterAI
LogPluginManager: Mounting plugin GeometryCache
LogPluginManager: Mounting plugin HTML5Networking
LogPluginManager: Mounting plugin ProxyLODPlugin
LogPluginManager: Mounting plugin MagicLeap
LogPluginManager: Mounting plugin MagicLeapEmulator
LogPluginManager: Mounting plugin MagicLeapMedia
LogPluginManager: Mounting plugin AndroidMedia
LogPluginManager: Mounting plugin AvfMedia
LogPluginManager: Mounting plugin ImgMedia
LogPluginManager: Mounting plugin LinearTimecode
LogPluginManager: Mounting plugin MediaCompositing
LogPluginManager: Mounting plugin MediaPlayerEditor
LogPluginManager: Mounting plugin WmfMedia
LogPluginManager: Mounting plugin TcpMessaging
LogPluginManager: Mounting plugin UdpMessaging
LogPluginManager: Mounting plugin ActorSequence
LogPluginManager: Mounting plugin LevelSequenceEditor
LogPluginManager: Mounting plugin MatineeToLevelSequence
LogPluginManager: Mounting plugin NetcodeUnitTest
LogPluginManager: Mounting plugin NUTUnrealEngine4
LogPluginManager: Mounting plugin OnlineSubsystemGooglePlay
LogPluginManager: Mounting plugin OnlineSubsystemIOS
LogPluginManager: Mounting plugin OnlineSubsystem
LogPluginManager: Mounting plugin OnlineSubsystemNull
LogPluginManager: Mounting plugin OnlineSubsystemUtils
LogPluginManager: Mounting plugin LauncherChunkInstaller
LogPluginManager: Mounting plugin AndroidDeviceProfileSelector
LogPluginManager: Mounting plugin AndroidMoviePlayer
LogPluginManager: Mounting plugin AndroidPermission
LogPluginManager: Mounting plugin AppleMoviePlayer
LogPluginManager: Mounting plugin ArchVisCharacter
LogPluginManager: Mounting plugin AudioCapture
LogPluginManager: Mounting plugin CableComponent
LogPluginManager: Mounting plugin CustomMeshComponent
LogPluginManager: Mounting plugin EditableMesh
LogPluginManager: Mounting plugin ExampleDeviceProfileSelector
LogPluginManager: Mounting plugin GoogleCloudMessaging
LogPluginManager: Mounting plugin ImmediatePhysics
LogPluginManager: Mounting plugin IOSDeviceProfileSelector
LogPluginManager: Mounting plugin LinuxDeviceProfileSelector
LogPluginManager: Mounting plugin LocationServicesBPLibrary
LogPluginManager: Mounting plugin MobilePatchingUtils
LogPluginManager: Mounting plugin OculusVR
LogPluginManager: Plugin shader directory ../../../Engine/Plugins/Runtime/Oculus/OculusVR/Shaders found
LogPluginManager: Mapping shader source directory ../../../Engine/Plugins/Runtime/Oculus/OculusVR/Shaders to virtual directory /Plugin/OculusVR
LogPluginManager: Mounting plugin PhysXVehicles
LogPluginManager: Mounting plugin ProceduralMeshComponent
LogPluginManager: Mounting plugin RuntimePhysXCooking
LogPluginManager: Mounting plugin SteamVR
LogPluginManager: Mounting plugin WindowsMoviePlayer
LogStreaming: Display: Took  0.472s to configure plugins.
LogInit: Using libcurl 7.55.1-DEV
LogInit:  - built for x86_64-pc-win32
LogInit:  - supports SSL with OpenSSL/1.0.2h
LogInit:  - supports HTTP deflate (compression) using libz 1.2.8
LogInit:  - other features:
LogInit:      CURL_VERSION_SSL
LogInit:      CURL_VERSION_LIBZ
LogInit:      CURL_VERSION_IPV6
LogInit:      CURL_VERSION_ASYNCHDNS
LogInit:      CURL_VERSION_LARGEFILE
LogInit:      CURL_VERSION_IDN
LogInit:  CurlRequestOptions (configurable via config and command line):
LogInit:  - bVerifyPeer = false  - Libcurl will NOT verify peer certificate
LogInit:  - bUseHttpProxy = false  - Libcurl will NOT use HTTP proxy
LogInit:  - bDontReuseConnections = false  - Libcurl will reuse connections
LogInit:  - CertBundlePath = nullptr  - Libcurl will use whatever was configured at build time.
LogInit:  - MaxHostConnections = 16  - Libcurl will limit the number of connections to a host
LogInit:  - LocalHostAddr = Default
LogInit:  - BufferSize = 65536
LogInit: WinSock: version 1.1 (2.2), MaxSocks=32767, MaxUdp=65467
LogInit: Build: ++UE4+Release-4.20-CL-4369336
LogInit: Engine Version: 4.20.3-4369336+++UE4+Release-4.20
LogInit: Compatible Engine Version: 4.20.0-4212847+++UE4+Release-4.20
LogInit: Net CL: 4212847
LogInit: OS: Windows 10 (), CPU: Intel(R) Xeon(R) CPU E5-1620 v3 @ 3.50GHz, GPU: NVIDIA GeForce GTX 970
LogInit: Compiled (64-bit): Sep 17 2018 12:26:19
LogInit: Compiled with Visual C++: 19.13.26129.00
LogInit: Build Configuration: Development
LogInit: Branch Name: ++UE4+Release-4.20
LogInit: Command Line:  -skipcompile
LogInit: Base Directory: C:/Epic/UE4/UE_4.20/Engine/Binaries/Win64/
LogInit: Installed Engine Build: 1
LogDevObjectVersion: Number of dev versions registered: 20
LogDevObjectVersion:   Dev-Blueprints (B0D832E4-1F89-4F0D-ACCF-7EB736FD4AA2): 10
LogDevObjectVersion:   Dev-Build (E1C64328-A22C-4D53-A36C-8E866417BD8C): 0
LogDevObjectVersion:   Dev-Core (375EC13C-06E4-48FB-B500-84F0262A717E): 2
LogDevObjectVersion:   Dev-Editor (E4B068ED-F494-42E9-A231-DA0B2E46BB41): 24
LogDevObjectVersion:   Dev-Framework (CFFC743F-43B0-4480-9391-14DF171D2073): 34
LogDevObjectVersion:   Dev-Mobile (B02B49B5-BB20-44E9-A304-32B752E40360): 2
LogDevObjectVersion:   Dev-Networking (A4E4105C-59A1-49B5-A7C5-40C4547EDFEE): 0
LogDevObjectVersion:   Dev-Online (39C831C9-5AE6-47DC-9A44-9C173E1C8E7C): 0
LogDevObjectVersion:   Dev-Physics (78F01B33-EBEA-4F98-B9B4-84EACCB95AA2): 0
LogDevObjectVersion:   Dev-Platform (6631380F-2D4D-43E0-8009-CF276956A95A): 0
LogDevObjectVersion:   Dev-Rendering (12F88B9F-8875-4AFC-A67C-D90C383ABD29): 26
LogDevObjectVersion:   Dev-Sequencer (7B5AE74C-D270-4C10-A958-57980B212A5A): 9
LogDevObjectVersion:   Dev-VR (D7296918-1DD6-4BDD-9DE2-64A83CC13884): 2
LogDevObjectVersion:   Dev-LoadTimes (C2A15278-BFE7-4AFE-6C17-90FF531DF755): 1
LogDevObjectVersion:   Private-Geometry (6EACA3D4-40EC-4CC1-B786-8BED09428FC5): 3
LogDevObjectVersion:   Dev-AnimPhys (29E575DD-E0A3-4627-9D10-D276232CDCEA): 17
LogDevObjectVersion:   Dev-ReflectionCapture (6B266CEC-1EC7-4B8F-A30B-E4D90942FC07): 1
LogDevObjectVersion:   Dev-Automation (0DF73D61-A23F-47EA-B727-89E90C41499A): 1
LogDevObjectVersion:   FortniteMain (601D1886-AC64-4F84-AA16-D3DE0DEAC7D6): 12
LogDevObjectVersion:   Dev-Enterprise (9DFFBCD6-494F-0158-E221-12823C92A888): 1
LogStreaming: Display: Took  0.014s to delete old logs.
LogInit: Presizing for max 8388607 objects, including 0 objects not considered by GC, pre-allocating 0 bytes for permanent pool.
LogInit: Object subsystem initialized
[2019.01.25-20.58.14:919][  0]LogInit: Selected Device Profile: [Windows]
[2019.01.25-20.58.14:919][  0]LogInit: Applying CVar settings loaded from the selected device profile: [Windows]
[2019.01.25-20.58.14:947][  0]LogHAL: Display: Platform has ~ 16 GB [17092038656 / 17179869184 / 16], which maps to Larger [LargestMinGB=32, LargerMinGB=12, DefaultMinGB=8, SmallerMinGB=6, SmallestMinGB=0)
[2019.01.25-20.58.14:947][  0]LogInit: Setting Device Profile CVar: [[r.Vulkan.UseRealUBs:1]]
[2019.01.25-20.58.14:947][  0]LogInit: Going up to parent DeviceProfile []
[2019.01.25-20.58.14:948][  0]LogInit: Computer: C115-7
[2019.01.25-20.58.14:948][  0]LogInit: User: w018030h
[2019.01.25-20.58.14:948][  0]LogInit: CPU Page size=4096, Cores=4
[2019.01.25-20.58.14:948][  0]LogInit: High frequency timer resolution =3.410076 MHz
[2019.01.25-20.58.14:949][  0]LogMemory: Memory total: Physical=15.9GB (16GB approx)
[2019.01.25-20.58.14:949][  0]LogMemory: Platform Memory Stats for Windows
[2019.01.25-20.58.14:949][  0]LogMemory: Process Physical Memory: 100.54 MB used, 100.54 MB peak
[2019.01.25-20.58.14:949][  0]LogMemory: Process Virtual Memory: 90.84 MB used, 90.84 MB peak
[2019.01.25-20.58.14:949][  0]LogMemory: Physical Memory: 8850.53 MB used,  7449.71 MB free, 16300.24 MB total
[2019.01.25-20.58.14:949][  0]LogMemory: Virtual Memory: 4640.35 MB used,  7449.71 MB free, 134217728.00 MB total
[2019.01.25-20.58.15:108][  0]LogInit: Using OS detected language (en-US).
[2019.01.25-20.58.15:108][  0]LogInit: Using OS detected locale (en-GB).
[2019.01.25-20.58.15:110][  0]LogTextLocalizationManager: No specific localization for 'en-US' exists, so the 'en' localization will be used.
[2019.01.25-20.58.15:544][  0]LogStreaming: Display: Took  0.436s to InitEngineTextLocalization.
[2019.01.25-20.58.15:544][  0]LogInit: Setting process to per monitor DPI aware
[2019.01.25-20.58.15:607][  0]LogSlate: New Slate User Created.  User Index 0, Is Virtual User: 0
[2019.01.25-20.58.15:607][  0]LogSlate: Slate User Registered.  User Index 0, Is Virtual User: 0
[2019.01.25-20.58.16:033][  0]LogHMD: Failed to initialize OpenVR with code 110
[2019.01.25-20.58.16:033][  0]LogD3D11RHI: D3D11 adapters:
[2019.01.25-20.58.16:148][  0]LogD3D11RHI:    0. 'NVIDIA GeForce GTX 970' (Feature Level 11_0)
[2019.01.25-20.58.16:148][  0]LogD3D11RHI:       4043/0/8150 MB DedicatedVideo/DedicatedSystem/SharedSystem, Outputs:2, VendorId:0x10de
[2019.01.25-20.58.16:155][  0]LogD3D11RHI:    1. 'Microsoft Basic Render Driver' (Feature Level 11_0)
[2019.01.25-20.58.16:155][  0]LogD3D11RHI:       0/0/8150 MB DedicatedVideo/DedicatedSystem/SharedSystem, Outputs:0, VendorId:0x1414
[2019.01.25-20.58.16:155][  0]LogD3D11RHI: Chosen D3D11 Adapter: 0
[2019.01.25-20.58.16:170][  0]LogD3D11RHI: Creating new Direct3DDevice
[2019.01.25-20.58.16:170][  0]LogD3D11RHI:     GPU DeviceId: 0x13c2 (for the marketing name, search the web for "GPU Device Id")
[2019.01.25-20.58.16:170][  0]LogWindows: EnumDisplayDevices:
[2019.01.25-20.58.16:171][  0]LogWindows:    0. 'NVIDIA GeForce GTX 970' (P:0 D:1)
[2019.01.25-20.58.16:171][  0]LogWindows:    1. 'NVIDIA GeForce GTX 970' (P:1 D:1)
[2019.01.25-20.58.16:172][  0]LogWindows:    2. 'NVIDIA GeForce GTX 970' (P:0 D:0)
[2019.01.25-20.58.16:172][  0]LogWindows:    3. 'NVIDIA GeForce GTX 970' (P:0 D:0)
[2019.01.25-20.58.16:173][  0]LogWindows: DebugString: FoundDriverCount:4 
[2019.01.25-20.58.16:173][  0]LogD3D11RHI:     Adapter Name: NVIDIA GeForce GTX 970
[2019.01.25-20.58.16:173][  0]LogD3D11RHI:   Driver Version: 398.82 (internal:24.21.13.9882, unified:398.82)
[2019.01.25-20.58.16:173][  0]LogD3D11RHI:      Driver Date: 7-30-2018
[2019.01.25-20.58.16:173][  0]LogRHI: Texture pool is 2830 MB (70% of 4043 MB)
[2019.01.25-20.58.16:234][  0]LogD3D11RHI: Async texture creation enabled
[2019.01.25-20.58.16:254][  0]LogD3D11RHI: GPU Timing Frequency: 1000.000000 (Debug: 2 2)
[2019.01.25-20.58.16:300][  0]LogShaderCompilers: Guid format shader working directory is -21 characters bigger than the processId version (../../../../../../Users/w018030h.STUDENT/Documents/newGGJ2019/GGJ2019/GGJ2019/Intermediate/Shaders/WorkingDirectory/15452/).
[2019.01.25-20.58.16:300][  0]LogShaderCompilers: Cleaned the shader compiler working directory 'C:/Users/w018030h.STUDENT/AppData/Local/Temp/UnrealShaderWorkingDir/E48E6B1B473FB3641AA0F396E148CABA/'.
[2019.01.25-20.58.16:736][  0]LogTemp: Display: Loaded TP AllDesktopTargetPlatform
[2019.01.25-20.58.16:757][  0]LogTemp: Display: Loaded TP MacClientTargetPlatform
[2019.01.25-20.58.16:781][  0]LogTemp: Display: Loaded TP MacNoEditorTargetPlatform
[2019.01.25-20.58.16:801][  0]LogTemp: Display: Loaded TP MacServerTargetPlatform
[2019.01.25-20.58.16:829][  0]LogTemp: Display: Loaded TP MacTargetPlatform
[2019.01.25-20.58.16:869][  0]LogTemp: Display: Loaded TP WindowsClientTargetPlatform
[2019.01.25-20.58.16:896][  0]LogTemp: Display: Loaded TP WindowsNoEditorTargetPlatform
[2019.01.25-20.58.16:924][  0]LogTemp: Display: Loaded TP WindowsServerTargetPlatform
[2019.01.25-20.58.16:945][  0]LogTemp: Display: Loaded TP WindowsTargetPlatform
[2019.01.25-20.58.17:098][  0]LogTemp: Display: Loaded TP AndroidTargetPlatform
[2019.01.25-20.58.17:098][  0]LogTemp: Display: Loaded TP AndroidTargetPlatform
[2019.01.25-20.58.17:098][  0]LogTemp: Display: Loaded TP AndroidTargetPlatform
[2019.01.25-20.58.17:098][  0]LogTemp: Display: Loaded TP AndroidTargetPlatform
[2019.01.25-20.58.17:098][  0]LogTemp: Display: Loaded TP AndroidTargetPlatform
[2019.01.25-20.58.17:098][  0]LogTemp: Display: Loaded TP AndroidTargetPlatform
[2019.01.25-20.58.17:099][  0]LogTemp: Display: Loaded TP AndroidTargetPlatform
[2019.01.25-20.58.17:099][  0]LogTemp: Display: Loaded TP AndroidTargetPlatform
[2019.01.25-20.58.17:099][  0]LogTemp: Display: Loaded TP AndroidTargetPlatform
[2019.01.25-20.58.17:099][  0]LogTemp: Display: Loaded TP AndroidTargetPlatform
[2019.01.25-20.58.17:099][  0]LogTemp: Display: Loaded TP AndroidTargetPlatform
[2019.01.25-20.58.17:099][  0]LogTemp: Display: Loaded TP AndroidTargetPlatform
[2019.01.25-20.58.17:099][  0]LogTemp: Display: Loaded TP AndroidTargetPlatform
[2019.01.25-20.58.17:099][  0]LogTemp: Display: Loaded TP AndroidTargetPlatform
[2019.01.25-20.58.17:099][  0]LogTemp: Display: Loaded TP AndroidTargetPlatform
[2019.01.25-20.58.17:099][  0]LogTemp: Display: Loaded TP AndroidTargetPlatform
[2019.01.25-20.58.17:099][  0]LogTemp: Display: Loaded TP AndroidTargetPlatform
[2019.01.25-20.58.17:099][  0]LogTemp: Display: Loaded TP AndroidTargetPlatform
[2019.01.25-20.58.17:105][  0]LogTemp: Display: Loaded TP HTML5TargetPlatform
[2019.01.25-20.58.17:201][  0]LogTemp: Display: Loaded TP IOSTargetPlatform
[2019.01.25-20.58.17:201][  0]LogTemp: Display: Loaded TP IOSTargetPlatform
[2019.01.25-20.58.17:245][  0]LogTemp: Display: Loaded TP TVOSTargetPlatform
[2019.01.25-20.58.17:245][  0]LogTemp: Display: Loaded TP TVOSTargetPlatform
[2019.01.25-20.58.17:273][  0]LogTemp: Display: Loaded TP LinuxClientTargetPlatform
[2019.01.25-20.58.17:296][  0]LogTemp: Display: Loaded TP LinuxNoEditorTargetPlatform
[2019.01.25-20.58.17:316][  0]LogTemp: Display: Loaded TP LinuxServerTargetPlatform
[2019.01.25-20.58.17:339][  0]LogTemp: Display: Loaded TP LinuxTargetPlatform
[2019.01.25-20.58.17:357][  0]LogTemp: Display: Loaded TP LuminTargetPlatform
[2019.01.25-20.58.17:357][  0]LogTargetPlatformManager: Display: Building Assets For Windows
[2019.01.25-20.58.17:565][  0]LogXGEController: Cleaning working directory: C:/Users/w018030h.STUDENT/AppData/Local/Temp/UnrealXGEWorkingDir/
[2019.01.25-20.58.17:566][  0]LogXGEController: Cannot use XGE Controller as Incredibuild is not installed on this machine.
[2019.01.25-20.58.17:566][  0]LogShaderCompilers: Cannot use XGE Shader Compiler as Incredibuild is not installed on this machine.
[2019.01.25-20.58.17:566][  0]LogShaderCompilers: Display: Using Local Shader Compiler.
[2019.01.25-20.58.18:866][  0]LogDerivedDataCache: Display: Max Cache Size: 512 MB
[2019.01.25-20.58.18:973][  0]LogDerivedDataCache: Loaded boot cache 0.11s 71MB C:/Users/w018030h.STUDENT/AppData/Local/UnrealEngine/4.20/DerivedDataCache/Boot.ddc.
[2019.01.25-20.58.18:974][  0]LogDerivedDataCache: Display: Loaded Boot cache: C:/Users/w018030h.STUDENT/AppData/Local/UnrealEngine/4.20/DerivedDataCache/Boot.ddc
[2019.01.25-20.58.18:974][  0]LogDerivedDataCache: FDerivedDataBackendGraph:  Pak pak cache file ../../../../../../Users/w018030h.STUDENT/Documents/newGGJ2019/GGJ2019/GGJ2019/DerivedDataCache/DDC.ddp not found, will not use a pak cache.
[2019.01.25-20.58.18:974][  0]LogDerivedDataCache: Unable to find inner node Pak for hierarchical cache Hierarchy.
[2019.01.25-20.58.18:975][  0]LogDerivedDataCache: FDerivedDataBackendGraph:  CompressedPak pak cache file ../../../../../../Users/w018030h.STUDENT/Documents/newGGJ2019/GGJ2019/GGJ2019/DerivedDataCache/Compressed.ddp not found, will not use a pak cache.
[2019.01.25-20.58.18:975][  0]LogDerivedDataCache: Unable to find inner node CompressedPak for hierarchical cache Hierarchy.
[2019.01.25-20.58.18:990][  0]LogDerivedDataCache: Display: Pak cache opened for reading ../../../Engine/DerivedDataCache/Compressed.ddp.
[2019.01.25-20.58.19:004][  0]LogDerivedDataCache: Using Local data cache path C:/Users/w018030h.STUDENT/AppData/Local/UnrealEngine/Common/DerivedDataCache: Writable
[2019.01.25-20.58.19:004][  0]LogDerivedDataCache: Shared data cache path not found in *engine.ini, will not use an Shared cache.
[2019.01.25-20.58.19:004][  0]LogDerivedDataCache: Unable to find inner node Shared for hierarchical cache Hierarchy.
[2019.01.25-20.58.19:029][  0]LogMaterial: Verifying Global Shaders for PCD3D_SM5
[2019.01.25-20.58.19:031][  0]LogSlate: Using FreeType 2.6.0
[2019.01.25-20.58.19:032][  0]LogSlate: SlateFontServices - WITH_FREETYPE: 1, WITH_HARFBUZZ: 1
[2019.01.25-20.58.19:139][  0]LogAssetRegistry: FAssetRegistry took 0.0325 seconds to start up
[2019.01.25-20.58.19:682][  0]LogInit: Selected Device Profile: [Windows]
[2019.01.25-20.58.19:902][  0]LogSimplygon: Simplygon DLL not present - disabling.
[2019.01.25-20.58.19:917][  0]LogMeshReduction: Using SimplygonSwarm for distributed automatic mesh merging
[2019.01.25-20.58.19:917][  0]LogMeshReduction: Using ProxyLODMeshReduction for automatic mesh merging
[2019.01.25-20.58.19:917][  0]LogMeshReduction: Using QuadricMeshReduction for automatic static mesh reduction
[2019.01.25-20.58.19:917][  0]LogMeshReduction: No automatic skeletal mesh reduction module available
[2019.01.25-20.58.19:946][  0]LogNetVersion: GGJ2019 1.0.0, NetCL: 4212847, EngineNetVer: 5, GameNetVer: 0 (Checksum: 54619999)
[2019.01.25-20.58.21:012][  0]LogPackageLocalizationCache: Processed 11 localized package path(s) for 2 prioritized culture(s) in 0.461861 seconds
[2019.01.25-20.58.21:024][  0]LogUObjectArray: 38425 objects as part of root set at end of initial load.
[2019.01.25-20.58.21:024][  0]LogUObjectAllocator: 6690864 out of 0 bytes used by permanent object pool.
[2019.01.25-20.58.21:024][  0]LogUObjectArray: CloseDisregardForGC: 0/0 objects in disregard for GC pool
[2019.01.25-20.58.22:640][  0]LogTcpMessaging: Initializing TcpMessaging bridge
[2019.01.25-20.58.22:663][  0]LogUdpMessaging: Initializing bridge on interface 0.0.0.0:0 to multicast group 230.0.0.1:6666.
[2019.01.25-20.58.22:976][  0]SourceControl: Source control is disabled
[2019.01.25-20.58.22:976][  0]SourceControl: Source control is disabled
[2019.01.25-20.58.22:982][  0]SourceControl: Source control is disabled
[2019.01.25-20.58.22:987][  0]SourceControl: Source control is disabled
[2019.01.25-20.58.23:451][  0]LogAndroidPermission: UAndroidPermissionCallbackProxy::GetInstance
[2019.01.25-20.58.23:617][  0]LogOcInput: OculusInput pre-init called
[2019.01.25-20.58.23:721][  0]LogEngine: Initializing Engine...
[2019.01.25-20.58.23:723][  0]LogHMD: Failed to initialize OpenVR with code 110
[2019.01.25-20.58.23:725][  0]LogStats: UGameplayTagsManager::ConstructGameplayTagTree: ImportINI prefixes -  0.000 s
[2019.01.25-20.58.23:725][  0]LogStats: UGameplayTagsManager::ConstructGameplayTagTree: Construct from data asset -  0.000 s
[2019.01.25-20.58.23:725][  0]LogStats: UGameplayTagsManager::ConstructGameplayTagTree: ImportINI -  0.000 s
[2019.01.25-20.58.23:726][  0]LogStats: UGameplayTagsManager::ConstructGameplayTagTree: GameplayTagTreeChangedEvent.Broadcast -  0.000 s
[2019.01.25-20.58.24:018][  0]LogInit: Initializing FReadOnlyCVARCache
[2019.01.25-20.58.24:053][  0]LogAIModule: Creating AISystem for world Untitled
[2019.01.25-20.58.24:075][  0]LogInit: XAudio2 using 'Speakers (Realtek High Definition Audio)' : 2 channels at 48 kHz using 32 bits per sample (channel mask 0x3)
[2019.01.25-20.58.24:122][  0]LogInit: FAudioDevice initialized.
[2019.01.25-20.58.24:124][  0]LogNetVersion: Set ProjectVersion to 1.0.0.0. Version Checksum will be recalculated on next use.
[2019.01.25-20.58.24:229][  0]LogDerivedDataCache: Saved boot cache 0.10s 71MB C:/Users/w018030h.STUDENT/AppData/Local/UnrealEngine/4.20/DerivedDataCache/Boot.ddc.
[2019.01.25-20.58.24:252][  0]LogInit: Texture streaming: Enabled
[2019.01.25-20.58.24:310][  0]LogEngineSessionManager: EngineSessionManager initialized
[2019.01.25-20.58.24:339][  0]LogInit: Transaction tracking system initialized
[2019.01.25-20.58.24:409][  0]BlueprintLog: New page: Editor Load
[2019.01.25-20.58.24:692][  0]LocalizationService: Localization service is disabled
[2019.01.25-20.58.25:291][  0]LogCook: Display: Max memory allowance for cook 16384mb min free memory 0mb
[2019.01.25-20.58.25:291][  0]LogCook: Display: Mobile HDR setting 1
[2019.01.25-20.58.25:291][  0]LogGameplayTags: Display: UGameplayTagsManager::DoneAddingNativeTags. DelegateIsBound: 0
[2019.01.25-20.58.25:292][  0]LogStats: UGameplayTagsManager::ConstructGameplayTagTree: ImportINI prefixes -  0.000 s
[2019.01.25-20.58.25:292][  0]LogStats: UGameplayTagsManager::ConstructGameplayTagTree: Construct from data asset -  0.000 s
[2019.01.25-20.58.25:292][  0]LogStats: UGameplayTagsManager::ConstructGameplayTagTree: ImportINI -  0.000 s
[2019.01.25-20.58.25:292][  0]LogStats: UGameplayTagsManager::ConstructGameplayTagTree: GameplayTagTreeChangedEvent.Broadcast -  0.000 s
[2019.01.25-20.58.25:453][  0]LogFileCache: Scanning file cache for directory 'C:/Users/w018030h.STUDENT/Documents/newGGJ2019/GGJ2019/GGJ2019/Content/' took 0.02s
[2019.01.25-20.58.25:685][  0]SourceControl: Source control is disabled
[2019.01.25-20.58.25:685][  0]Cmd: MAP LOAD FILE="../../../../../../Users/w018030h.STUDENT/Documents/newGGJ2019/GGJ2019/GGJ2019/Content/StarterContent/Maps/ReeeeeTest.umap" TEMPLATE=0 SHOWPROGRESS=1 FEATURELEVEL=3
[2019.01.25-20.58.25:686][  0]LightingResults: New page: Lighting Build
[2019.01.25-20.58.25:693][  0]MapCheck: New page: Map Check
[2019.01.25-20.58.25:693][  0]LightingResults: New page: Lighting Build
[2019.01.25-20.58.25:801][  0]LogAIModule: Creating AISystem for world ReeeeeTest
[2019.01.25-20.58.25:822][  0]LogEditorServer: Finished looking for orphan Actors (0.000 secs)
[2019.01.25-20.58.25:862][  0]Cmd: MAP CHECKDEP NOCLEARLOG
[2019.01.25-20.58.26:117][  0]MapCheck: Map check complete: 0 Error(s), 0 Warning(s), took 254.971ms to complete.
[2019.01.25-20.58.26:117][  0]LogFileHelpers: Loading map 'ReeeeeTest' took 0.432
[2019.01.25-20.58.26:275][  0]LogSlate: Updating window title bar state: overlay mode, drag disabled, window buttons hidden, title bar hidden
[2019.01.25-20.58.26:286][  0]LogSlate: Updating window title bar state: overlay mode, drag disabled, window buttons hidden, title bar hidden
[2019.01.25-20.58.26:300][  0]LogSlate: Updating window title bar state: overlay mode, drag disabled, window buttons hidden, title bar hidden
[2019.01.25-20.58.26:315][  0]LogSlate: Updating window title bar state: overlay mode, drag disabled, window buttons hidden, title bar hidden
[2019.01.25-20.58.26:332][  0]LogCollectionManager: Loaded 0 collections in 0.005371 seconds
[2019.01.25-20.58.26:411][  0]LogFileCache: Scanning file cache for directory 'C:/Users/w018030h.STUDENT/Documents/newGGJ2019/GGJ2019/GGJ2019/Saved/Collections/' took 0.01s
[2019.01.25-20.58.26:411][  0]LogFileCache: Scanning file cache for directory 'C:/Users/w018030h.STUDENT/Documents/newGGJ2019/GGJ2019/GGJ2019/Content/Developers/w018030h/Collections/' took 0.01s
[2019.01.25-20.58.26:411][  0]LogFileCache: Scanning file cache for directory 'C:/Users/w018030h.STUDENT/Documents/newGGJ2019/GGJ2019/GGJ2019/Content/Collections/' took 0.01s
[2019.01.25-20.58.26:411][  0]LogCollectionManager: Rebuilt the GUID cache for 0 collections in 0.000000 seconds
[2019.01.25-20.58.26:430][  0]LogContentBrowser: Native class hierarchy populated in 0.0182 seconds. Added 2574 classes and 605 folders.
[2019.01.25-20.58.26:445][  0]LogContentBrowser: Native class hierarchy updated for 'WidgetCarousel' in 0.0006 seconds. Added 0 classes and 0 folders.
[2019.01.25-20.58.26:569][  0]LogContentBrowser: Native class hierarchy updated for 'AddContentDialog' in 0.0008 seconds. Added 0 classes and 0 folders.
[2019.01.25-20.58.26:595][  0]LogContentBrowser: Native class hierarchy updated for 'SceneOutliner' in 0.0009 seconds. Added 1 classes and 2 folders.
[2019.01.25-20.58.26:622][  0]LogSlate: Took 0.000319 seconds to synchronously load lazily loaded font '../../../Engine/Content/Slate/Fonts/Roboto-Regular.ttf' (155K)
[2019.01.25-20.58.26:630][  0]LogSlate: Took 0.000300 seconds to synchronously load lazily loaded font '../../../Engine/Content/Slate/Fonts/Roboto-Bold.ttf' (160K)
[2019.01.25-20.58.26:642][  0]LogSlate: Took 0.000272 seconds to synchronously load lazily loaded font '../../../Engine/Content/Editor/Slate/Fonts/FontAwesome.ttf' (139K)
[2019.01.25-20.58.26:779][  0]LogRenderer: Reallocating scene render targets to support 1208x576 Format 10 NumSamples 1 (Frame:1).
[2019.01.25-20.58.26:861][  0]LogSlate: Took 0.000310 seconds to synchronously load lazily loaded font '../../../Engine/Content/Slate/Fonts/Roboto-Light.ttf' (167K)
[2019.01.25-20.58.26:945][  0]LogSlate: FSceneViewport::OnFocusLost() reason 2
[2019.01.25-20.58.26:967][  0]LogSlate: Window 'Tutorials' being destroyed
[2019.01.25-20.58.27:009][  0]LogContentBrowser: Native class hierarchy updated for 'HierarchicalLODOutliner' in 0.0008 seconds. Added 0 classes and 0 folders.
[2019.01.25-20.58.27:010][  0]LogLoad: (Engine Initialization) Total time: 16.25 seconds
[2019.01.25-20.58.27:010][  0]LogLoad: (Engine Initialization) Total Blueprint compile time: 0.00 seconds
[2019.01.25-20.58.27:058][  0]LogContentStreaming: Texture pool size now 1000 MB
[2019.01.25-20.58.27:167][  2]LogAssetRegistry: Asset discovery search completed in 8.0523 seconds
[2019.01.25-20.58.27:172][  2]LogCollectionManager: Rebuilt the object cache for 0 collections in 0.000001 seconds (found 0 objects)
[2019.01.25-20.58.27:172][  2]LogCollectionManager: Fixed up redirectors for 0 collections in 0.000311 seconds (updated 0 objects)
[2019.01.25-21.03.52:289][196]LogSlate: FSceneViewport::OnFocusLost() reason 0
[2019.01.25-21.03.52:452][214]LogSlate: Took 0.000389 seconds to synchronously load lazily loaded font '../../../Engine/Content/Slate/Fonts/Roboto-Light.ttf' (167K)
[2019.01.25-21.03.52:572][214]LogLinker: Warning: Can't find file '/Game/GameLevel_BuiltData'
[2019.01.25-21.03.52:573][214]LogLinker: Warning: Can't find file for asset '/Game/GameLevel_BuiltData' while loading ../../../../../../Users/w018030h.STUDENT/Documents/newGGJ2019/GGJ2019/GGJ2019/Content/GameLevel.umap.
[2019.01.25-21.03.52:573][214]LoadErrors: Error: /Game/GameLevel : Can't find file for asset. /Game/GameLevel_BuiltData
[2019.01.25-21.03.52:576][214]LogLinker: Warning: Can't find file '/Game/GameLevel_BuiltData'
[2019.01.25-21.03.52:577][214]LogLinker: Warning: Can't find file for asset '/Game/GameLevel_BuiltData' while loading ../../../../../../Users/w018030h.STUDENT/Documents/newGGJ2019/GGJ2019/GGJ2019/Content/GameLevel.umap.
[2019.01.25-21.03.52:636][214]LogLinker: Warning: Can't find file '/Game/GameLevel_BuiltData'
[2019.01.25-21.03.52:637][214]LoadErrors: Failed to load /Game/GameLevel_BuiltData.GameLevel_BuiltData Referenced by PersistentLevel
[2019.01.25-21.03.52:637][214]LogLinker: Warning: Can't find file for asset '/Game/GameLevel_BuiltData' while loading NULL.
[2019.01.25-21.03.52:721][214]LogAIModule: Creating AISystem for world GameLevel
[2019.01.25-21.03.52:738][214]LogAssetEditorManager: Opening Asset editor for World /Game/GameLevel.GameLevel
[2019.01.25-21.03.52:764][214]Cmd: MAP LOAD FILE="../../../../../../Users/w018030h.STUDENT/Documents/newGGJ2019/GGJ2019/GGJ2019/Content/GameLevel.umap" TEMPLATE=0 SHOWPROGRESS=1 FEATURELEVEL=3
[2019.01.25-21.03.52:764][214]LightingResults: New page: Lighting Build
[2019.01.25-21.03.52:765][214]LoadErrors: New page: Loading map: GameLevel.umap
[2019.01.25-21.03.52:768][214]MapCheck: New page: Map Check
[2019.01.25-21.03.52:768][214]LightingResults: New page: Lighting Build
[2019.01.25-21.03.52:806][214]LogEditorServer: Finished looking for orphan Actors (0.000 secs)
[2019.01.25-21.03.52:865][214]Cmd: MAP CHECKDEP NOCLEARLOG
[2019.01.25-21.03.53:099][214]MapCheck: Map check complete: 0 Error(s), 0 Warning(s), took 234.85ms to complete.
[2019.01.25-21.03.53:101][214]LogFileHelpers: Loading map 'GameLevel' took 0.339
[2019.01.25-21.03.55:647][403]LogSlate: FSceneViewport::OnFocusLost() reason 0
[2019.01.25-21.03.55:732][411]LogTemp: Repeating last play command: Selected Viewport
[2019.01.25-21.03.55:760][411]LogPlayLevel: PlayLevel: No blueprints needed recompiling
[2019.01.25-21.03.55:775][411]PIE: New page: PIE session: GameLevel (25 Jan 2019 21:03:55)
[2019.01.25-21.03.55:775][411]LogPlayLevel: Creating play world package: /Game/UEDPIE_0_GameLevel
[2019.01.25-21.03.55:797][411]LogPlayLevel: PIE: StaticDuplicateObject took: (0.021684s)
[2019.01.25-21.03.55:798][411]LogAIModule: Creating AISystem for world GameLevel
[2019.01.25-21.03.55:798][411]LogPlayLevel: PIE: World Init took: (0.000949s)
[2019.01.25-21.03.55:798][411]LogPlayLevel: PIE: Created PIE world by copying editor world from /Game/GameLevel.GameLevel to /Game/UEDPIE_0_GameLevel.GameLevel (0.023043s)
[2019.01.25-21.03.55:863][411]LogInit: XAudio2 using 'Speakers (Realtek High Definition Audio)' : 2 channels at 48 kHz using 32 bits per sample (channel mask 0x3)
[2019.01.25-21.03.55:880][411]LogInit: FAudioDevice initialized.
[2019.01.25-21.03.55:931][411]LogUObjectGlobals: Warning: Failed to find object 'Class /Script/GGJ2019.GGJ2019GameMode'
[2019.01.25-21.03.55:931][411]LogLoad: Game class is 'GameModeBase'
[2019.01.25-21.03.55:936][411]LogWorld: Bringing World /Game/UEDPIE_0_GameLevel.GameLevel up for play (max tick rate 0) at 2019.01.25-21.03.55
[2019.01.25-21.03.55:947][411]LogWorld: Bringing up level for play took: 0.013962
[2019.01.25-21.03.55:971][411]LogContentBrowser: Native class hierarchy updated for 'MovieSceneCapture' in 0.0005 seconds. Added 10 classes and 0 folders.
[2019.01.25-21.03.55:973][411]PIE: Play in editor start time for /Game/UEDPIE_0_GameLevel -0.196
[2019.01.25-21.03.59:133][780]LogSlate: Updating window title bar state: overlay mode, drag disabled, window buttons hidden, title bar hidden
[2019.01.25-21.03.59:177][780]LogPlayLevel: Display: Shutting down PIE online subsystems
[2019.01.25-21.03.59:202][780]LogSlate: Updating window title bar state: overlay mode, drag disabled, window buttons hidden, title bar hidden
[2019.01.25-21.03.59:236][782]LogPlayLevel: Display: Destroying online subsystem :Context_2
[2019.01.25-21.04.04:117][332]LogSlate: FSceneViewport::OnFocusLost() reason 0
[2019.01.25-21.04.12:374][296]LogEditorViewport: Clicking on Actor (LMB): Player_BP_Base_C (Player_BP_Base)
[2019.01.25-21.04.19:092][936]LogSlate: FSceneViewport::OnFocusLost() reason 0
[2019.01.25-21.04.24:134][430]LogTemp: Repeating last play command: Selected Viewport
[2019.01.25-21.04.24:153][430]LogPlayLevel: PlayLevel: No blueprints needed recompiling
[2019.01.25-21.04.24:153][430]PIE: New page: PIE session: GameLevel (25 Jan 2019 21:04:24)
[2019.01.25-21.04.24:154][430]LogPlayLevel: Creating play world package: /Game/UEDPIE_0_GameLevel
[2019.01.25-21.04.24:173][430]LogPlayLevel: PIE: StaticDuplicateObject took: (0.018985s)
[2019.01.25-21.04.24:173][430]LogAIModule: Creating AISystem for world GameLevel
[2019.01.25-21.04.24:173][430]LogPlayLevel: PIE: World Init took: (0.001192s)
[2019.01.25-21.04.24:173][430]LogPlayLevel: PIE: Created PIE world by copying editor world from /Game/GameLevel.GameLevel to /Game/UEDPIE_0_GameLevel.GameLevel (0.020658s)
[2019.01.25-21.04.24:243][430]LogInit: XAudio2 using 'Speakers (Realtek High Definition Audio)' : 2 channels at 48 kHz using 32 bits per sample (channel mask 0x3)
[2019.01.25-21.04.24:258][430]LogInit: FAudioDevice initialized.
[2019.01.25-21.04.24:290][430]LogLoad: Game class is 'GameModeBase'
[2019.01.25-21.04.24:293][430]LogWorld: Bringing World /Game/UEDPIE_0_GameLevel.GameLevel up for play (max tick rate 0) at 2019.01.25-21.04.24
[2019.01.25-21.04.24:294][430]LogWorld: Bringing up level for play took: 0.002639
[2019.01.25-21.04.24:307][430]PIE: Play in editor start time for /Game/UEDPIE_0_GameLevel 0.139
[2019.01.25-21.04.30:730][146]LogEditorViewport: Clicking on Actor (LMB): Player_BP_Base_C (Player_BP_Base)
[2019.01.25-21.04.31:838][228]LogSlate: FSceneViewport::OnFocusLost() reason 0
[2019.01.25-21.04.39:907][133]LogEditorViewport: Clicking on Actor (LMB): Player_BP_Base_C (Player_BP_Base)
[2019.01.25-21.04.39:968][133]LogEditorViewport: Clicking on Component (LMB): StaticMeshComponent (Cube)
[2019.01.25-21.04.41:679][271]LogSlate: FSceneViewport::OnFocusLost() reason 0
[2019.01.25-21.04.42:782][398]LogSlate: Updating window title bar state: overlay mode, drag disabled, window buttons hidden, title bar hidden
[2019.01.25-21.04.42:821][398]LogPlayLevel: Display: Shutting down PIE online subsystems
[2019.01.25-21.04.42:851][398]LogSlate: Updating window title bar state: overlay mode, drag disabled, window buttons hidden, title bar hidden
[2019.01.25-21.04.42:884][401]LogPlayLevel: Display: Destroying online subsystem :Context_3
[2019.01.25-21.04.46:577][682]LogSlate: Only BGRA pngs, bmps or icos are supported in by External Image Picker
[2019.01.25-21.04.46:701][683]LogTemp: Executing iPhonePackager certificates Engine -bundlename com.YourCompany.GGJ2019
[2019.01.25-21.04.46:702][683]LogTemp: CWD: C:\Epic\UE4\UE_4.20\Engine\Binaries\DotNET\IOS
[2019.01.25-21.04.46:702][683]LogTemp: Initial Dir: C:\Epic\UE4\UE_4.20
[2019.01.25-21.04.46:702][683]LogTemp: Env CWD: C:\Epic\UE4\UE_4.20\Engine\Binaries\DotNET\IOS
[2019.01.25-21.04.46:702][683]LogTemp: BranchPath = C115-7/C/Epic/UE4/UE_4.20/Engine/Binaries --- GameBranchPath = C115-7/C/Epic/UE4/UE_4.20/Engine/Binaries
[2019.01.25-21.04.46:702][683]LogTemp: IPP ERROR: Could not find provision directory 'C:\Users\w018030h.STUDENT\AppData\Local/Apple Computer/MobileDevice/Provisioning Profiles/'.
[2019.01.25-21.05.13:426][256]LogSlate: Window 'Project Settings' being destroyed
[2019.01.25-21.05.25:498][893]LogSlate: Window 'Pick Parent Class' being destroyed
[2019.01.25-21.05.35:221][ 37]LogSlate: Prevented a slow task dialog from being summoned while a context menu was open
[2019.01.25-21.05.53:095][152]LogTemp: Repeating last play command: Selected Viewport
[2019.01.25-21.05.53:114][152]LogPlayLevel: PlayLevel: No blueprints needed recompiling
[2019.01.25-21.05.53:114][152]PIE: New page: PIE session: GameLevel (25 Jan 2019 21:05:53)
[2019.01.25-21.05.53:114][152]LogPlayLevel: Creating play world package: /Game/UEDPIE_0_GameLevel
[2019.01.25-21.05.53:132][152]LogPlayLevel: PIE: StaticDuplicateObject took: (0.017022s)
[2019.01.25-21.05.53:132][152]LogAIModule: Creating AISystem for world GameLevel
[2019.01.25-21.05.53:133][152]LogPlayLevel: PIE: World Init took: (0.001240s)
[2019.01.25-21.05.53:133][152]LogPlayLevel: PIE: Created PIE world by copying editor world from /Game/GameLevel.GameLevel to /Game/UEDPIE_0_GameLevel.GameLevel (0.018646s)
[2019.01.25-21.05.53:167][152]LogInit: XAudio2 using 'Speakers (Realtek High Definition Audio)' : 2 channels at 48 kHz using 32 bits per sample (channel mask 0x3)
[2019.01.25-21.05.53:188][152]LogInit: FAudioDevice initialized.
[2019.01.25-21.05.53:227][152]LogLoad: Game class is 'GGJ2019GM_C'
[2019.01.25-21.05.53:230][152]LogWorld: Bringing World /Game/UEDPIE_0_GameLevel.GameLevel up for play (max tick rate 0) at 2019.01.25-21.05.53
[2019.01.25-21.05.53:230][152]LogWorld: Bringing up level for play took: 0.002264
[2019.01.25-21.05.53:247][152]LogSpawn: Warning: SpawnActor failed because of collision at the spawn location [X=-90.000 Y=225.000 Z=112.000] for [Player_BP_Base_C]
[2019.01.25-21.05.53:247][152]LogGameMode: Warning: SpawnDefaultPawnAtTransform: Couldn't spawn Pawn of type Player_BP_Base_C at Rotation: Pitch 0.000000 Yaw 0.000000 Roll 0.000000
Translation: -90.000000 225.000000 112.000000
Scale3D: 1.000000 1.000000 1.000000

[2019.01.25-21.05.53:248][152]PIE: Play in editor start time for /Game/UEDPIE_0_GameLevel 1.08
[2019.01.25-21.05.55:030][360]LogSlate: Updating window title bar state: overlay mode, drag disabled, window buttons hidden, title bar hidden
[2019.01.25-21.05.55:073][360]LogPlayLevel: Display: Shutting down PIE online subsystems
[2019.01.25-21.05.55:097][360]LogSlate: Updating window title bar state: overlay mode, drag disabled, window buttons hidden, title bar hidden
[2019.01.25-21.05.55:134][363]LogPlayLevel: Display: Destroying online subsystem :Context_6
[2019.01.25-21.06.00:101][938]LogEditorViewport: Clicking on Actor (LMB): BP_Sky_Sphere_C (BP_Sky_Sphere)
[2019.01.25-21.06.00:904][  8]LogEditorViewport: Clicking on Actor (LMB): BP_Sky_Sphere_C (BP_Sky_Sphere)
[2019.01.25-21.06.01:909][120]LogEditorViewport: Clicking on Actor (LMB): BP_Sky_Sphere_C (BP_Sky_Sphere)
[2019.01.25-21.06.03:861][333]LogSlate: FSceneViewport::OnFocusLost() reason 0
[2019.01.25-21.06.06:812][607]LogNavigationPoint: PostEditMove Clear paths rebuilt
[2019.01.25-21.06.07:785][702]LogSlate: FSceneViewport::OnFocusLost() reason 0
[2019.01.25-21.06.07:860][709]LogTemp: Repeating last play command: Selected Viewport
[2019.01.25-21.06.07:882][709]LogPlayLevel: PlayLevel: No blueprints needed recompiling
[2019.01.25-21.06.07:883][709]PIE: New page: PIE session: GameLevel (25 Jan 2019 21:06:07)
[2019.01.25-21.06.07:883][709]LogPlayLevel: Creating play world package: /Game/UEDPIE_0_GameLevel
[2019.01.25-21.06.07:907][709]LogPlayLevel: PIE: StaticDuplicateObject took: (0.023144s)
[2019.01.25-21.06.07:908][709]LogAIModule: Creating AISystem for world GameLevel
[2019.01.25-21.06.07:909][709]LogPlayLevel: PIE: World Init took: (0.001611s)
[2019.01.25-21.06.07:909][709]LogPlayLevel: PIE: Created PIE world by copying editor world from /Game/GameLevel.GameLevel to /Game/UEDPIE_0_GameLevel.GameLevel (0.025239s)
[2019.01.25-21.06.07:946][709]LogInit: XAudio2 using 'Speakers (Realtek High Definition Audio)' : 2 channels at 48 kHz using 32 bits per sample (channel mask 0x3)
[2019.01.25-21.06.07:964][709]LogInit: FAudioDevice initialized.
[2019.01.25-21.06.08:005][709]LogLoad: Game class is 'GGJ2019GM_C'
[2019.01.25-21.06.08:010][709]LogWorld: Bringing World /Game/UEDPIE_0_GameLevel.GameLevel up for play (max tick rate 0) at 2019.01.25-21.06.08
[2019.01.25-21.06.08:010][709]LogWorld: Bringing up level for play took: 0.004068
[2019.01.25-21.06.08:026][709]LogSpawn: Warning: SpawnActor failed because of collision at the spawn location [X=-90.000 Y=225.000 Z=293.000] for [Player_BP_Base_C]
[2019.01.25-21.06.08:026][709]LogGameMode: Warning: SpawnDefaultPawnAtTransform: Couldn't spawn Pawn of type Player_BP_Base_C at Rotation: Pitch 0.000000 Yaw 0.000000 Roll 0.000000
Translation: -90.000000 225.000000 293.000000
Scale3D: 1.000000 1.000000 1.000000

[2019.01.25-21.06.08:027][709]PIE: Play in editor start time for /Game/UEDPIE_0_GameLevel -0.142
[2019.01.25-21.06.09:207][834]LogSlate: Updating window title bar state: overlay mode, drag disabled, window buttons hidden, title bar hidden
[2019.01.25-21.06.09:251][834]LogPlayLevel: Display: Shutting down PIE online subsystems
[2019.01.25-21.06.09:279][834]LogSlate: Updating window title bar state: overlay mode, drag disabled, window buttons hidden, title bar hidden
[2019.01.25-21.06.09:311][836]LogPlayLevel: Display: Destroying online subsystem :Context_7
[2019.01.25-21.06.15:717][560]LogEditorActor: Deleted Actor: Player_BP_Base_C
[2019.01.25-21.06.15:741][560]LogEditorActor: Deleted 1 Actors (0.028 secs)
[2019.01.25-21.06.18:103][834]LogSlate: FSceneViewport::OnFocusLost() reason 0
[2019.01.25-21.06.18:178][843]LogTemp: Repeating last play command: Selected Viewport
[2019.01.25-21.06.18:197][843]LogPlayLevel: PlayLevel: No blueprints needed recompiling
[2019.01.25-21.06.18:197][843]PIE: New page: PIE session: GameLevel (25 Jan 2019 21:06:18)
[2019.01.25-21.06.18:197][843]LogPlayLevel: Creating play world package: /Game/UEDPIE_0_GameLevel
[2019.01.25-21.06.18:214][843]LogPlayLevel: PIE: StaticDuplicateObject took: (0.016470s)
[2019.01.25-21.06.18:215][843]LogAIModule: Creating AISystem for world GameLevel
[2019.01.25-21.06.18:215][843]LogPlayLevel: PIE: World Init took: (0.000757s)
[2019.01.25-21.06.18:215][843]LogPlayLevel: PIE: Created PIE world by copying editor world from /Game/GameLevel.GameLevel to /Game/UEDPIE_0_GameLevel.GameLevel (0.017575s)
[2019.01.25-21.06.18:248][843]LogInit: XAudio2 using 'Speakers (Realtek High Definition Audio)' : 2 channels at 48 kHz using 32 bits per sample (channel mask 0x3)
[2019.01.25-21.06.18:265][843]LogInit: FAudioDevice initialized.
[2019.01.25-21.06.18:303][843]LogLoad: Game class is 'GGJ2019GM_C'
[2019.01.25-21.06.18:306][843]LogWorld: Bringing World /Game/UEDPIE_0_GameLevel.GameLevel up for play (max tick rate 0) at 2019.01.25-21.06.18
[2019.01.25-21.06.18:307][843]LogWorld: Bringing up level for play took: 0.002569
[2019.01.25-21.06.18:322][843]LogSpawn: Warning: SpawnActor failed because of collision at the spawn location [X=-90.000 Y=225.000 Z=293.000] for [Player_BP_Base_C]
[2019.01.25-21.06.18:322][843]LogGameMode: Warning: SpawnDefaultPawnAtTransform: Couldn't spawn Pawn of type Player_BP_Base_C at Rotation: Pitch 0.000000 Yaw 0.000000 Roll 0.000000
Translation: -90.000000 225.000000 293.000000
Scale3D: 1.000000 1.000000 1.000000

[2019.01.25-21.06.18:323][843]PIE: Play in editor start time for /Game/UEDPIE_0_GameLevel 0.154
[2019.01.25-21.06.27:878][957]LogSlate: FSceneViewport::OnFocusLost() reason 0
[2019.01.25-21.06.27:946][965]LogSlate: Updating window title bar state: overlay mode, drag disabled, window buttons hidden, title bar hidden
[2019.01.25-21.06.27:986][965]LogPlayLevel: Display: Shutting down PIE online subsystems
[2019.01.25-21.06.28:010][965]LogSlate: Updating window title bar state: overlay mode, drag disabled, window buttons hidden, title bar hidden
[2019.01.25-21.06.28:047][969]LogPlayLevel: Display: Destroying online subsystem :Context_8
[2019.01.25-21.06.29:005][ 78]LogEditorViewport: Clicking on Actor (LMB): PlayerStart (PlayerStart)
[2019.01.25-21.06.31:323][346]LogNavigationPoint: PostEditMove Clear paths rebuilt
[2019.01.25-21.06.32:951][532]LogNavigationPoint: PostEditMove Clear paths rebuilt
[2019.01.25-21.06.33:592][603]LogSlate: FSceneViewport::OnFocusLost() reason 0
[2019.01.25-21.06.33:661][611]LogTemp: Repeating last play command: Selected Viewport
[2019.01.25-21.06.33:681][611]LogPlayLevel: PlayLevel: No blueprints needed recompiling
[2019.01.25-21.06.33:681][611]PIE: New page: PIE session: GameLevel (25 Jan 2019 21:06:33)
[2019.01.25-21.06.33:681][611]LogPlayLevel: Creating play world package: /Game/UEDPIE_0_GameLevel
[2019.01.25-21.06.33:699][611]LogPlayLevel: PIE: StaticDuplicateObject took: (0.017881s)
[2019.01.25-21.06.33:700][611]LogAIModule: Creating AISystem for world GameLevel
[2019.01.25-21.06.33:700][611]LogPlayLevel: PIE: World Init took: (0.001013s)
[2019.01.25-21.06.33:701][611]LogPlayLevel: PIE: Created PIE world by copying editor world from /Game/GameLevel.GameLevel to /Game/UEDPIE_0_GameLevel.GameLevel (0.019287s)
[2019.01.25-21.06.33:737][611]LogInit: XAudio2 using 'Speakers (Realtek High Definition Audio)' : 2 channels at 48 kHz using 32 bits per sample (channel mask 0x3)
[2019.01.25-21.06.33:756][611]LogInit: FAudioDevice initialized.
[2019.01.25-21.06.33:790][611]LogLoad: Game class is 'GGJ2019GM_C'
[2019.01.25-21.06.33:792][611]LogWorld: Bringing World /Game/UEDPIE_0_GameLevel.GameLevel up for play (max tick rate 0) at 2019.01.25-21.06.33
[2019.01.25-21.06.33:793][611]LogWorld: Bringing up level for play took: 0.001735
[2019.01.25-21.06.33:807][611]LogSpawn: Warning: SpawnActor failed because of collision at the spawn location [X=249.000 Y=-168.000 Z=293.000] for [Player_BP_Base_C]
[2019.01.25-21.06.33:808][611]LogGameMode: Warning: SpawnDefaultPawnAtTransform: Couldn't spawn Pawn of type Player_BP_Base_C at Rotation: Pitch 0.000000 Yaw 0.000000 Roll 0.000000
Translation: 249.000000 -168.000000 293.000000
Scale3D: 1.000000 1.000000 1.000000

[2019.01.25-21.06.33:808][611]PIE: Play in editor start time for /Game/UEDPIE_0_GameLevel -0.361
[2019.01.25-21.06.36:651][947]Set new viewmode: Wireframe
[2019.01.25-21.06.38:268][134]Set new viewmode: Wireframe
[2019.01.25-21.06.40:737][429]Set new viewmode: Wireframe
[2019.01.25-21.06.41:237][487]Set new viewmode: Unlit
[2019.01.25-21.06.43:567][766]LogSlate: FSceneViewport::OnFocusLost() reason 2
[2019.01.25-21.06.48:521][338]LogSlate: FSceneViewport::OnFocusLost() reason 0
[2019.01.25-21.06.53:931][903]LogSlate: Window 'Tutorials' being destroyed
[2019.01.25-21.07.09:972][766]LogSlate: Updating window title bar state: overlay mode, drag disabled, window buttons hidden, title bar hidden
[2019.01.25-21.07.10:008][766]LogPlayLevel: Display: Shutting down PIE online subsystems
[2019.01.25-21.07.10:033][766]LogSlate: Updating window title bar state: overlay mode, drag disabled, window buttons hidden, title bar hidden
[2019.01.25-21.07.10:073][770]LogPlayLevel: Display: Destroying online subsystem :Context_9
[2019.01.25-21.07.13:542][ 77]LogSlate: Only BGRA pngs, bmps or icos are supported in by External Image Picker
[2019.01.25-21.07.13:608][ 77]LogTemp: Executing iPhonePackager certificates Engine -bundlename com.YourCompany.GGJ2019
[2019.01.25-21.07.13:608][ 77]LogTemp: CWD: C:\Epic\UE4\UE_4.20\Engine\Binaries\DotNET\IOS
[2019.01.25-21.07.13:608][ 77]LogTemp: Initial Dir: C:\Epic\UE4\UE_4.20
[2019.01.25-21.07.13:608][ 77]LogTemp: Env CWD: C:\Epic\UE4\UE_4.20\Engine\Binaries\DotNET\IOS
[2019.01.25-21.07.13:612][ 77]LogTemp: BranchPath = C115-7/C/Epic/UE4/UE_4.20/Engine/Binaries --- GameBranchPath = C115-7/C/Epic/UE4/UE_4.20/Engine/Binaries
[2019.01.25-21.07.13:646][ 78]LogTemp: IPP ERROR: Could not find provision directory 'C:\Users\w018030h.STUDENT\AppData\Local/Apple Computer/MobileDevice/Provisioning Profiles/'.
[2019.01.25-21.07.18:177][617]LogSlate: Prevented a slow task dialog from being summoned while a context menu was open
[2019.01.25-21.07.38:721][ 54]LogTemp: Repeating last play command: Selected Viewport
[2019.01.25-21.07.38:742][ 54]LogPlayLevel: PlayLevel: No blueprints needed recompiling
[2019.01.25-21.07.38:742][ 54]PIE: New page: PIE session: GameLevel (25 Jan 2019 21:07:38)
[2019.01.25-21.07.38:742][ 54]LogPlayLevel: Creating play world package: /Game/UEDPIE_0_GameLevel
[2019.01.25-21.07.38:761][ 54]LogPlayLevel: PIE: StaticDuplicateObject took: (0.018644s)
[2019.01.25-21.07.38:761][ 54]LogAIModule: Creating AISystem for world GameLevel
[2019.01.25-21.07.38:762][ 54]LogPlayLevel: PIE: World Init took: (0.000789s)
[2019.01.25-21.07.38:762][ 54]LogPlayLevel: PIE: Created PIE world by copying editor world from /Game/GameLevel.GameLevel to /Game/UEDPIE_0_GameLevel.GameLevel (0.019775s)
[2019.01.25-21.07.38:796][ 54]LogInit: XAudio2 using 'Speakers (Realtek High Definition Audio)' : 2 channels at 48 kHz using 32 bits per sample (channel mask 0x3)
[2019.01.25-21.07.38:815][ 54]LogInit: FAudioDevice initialized.
[2019.01.25-21.07.38:856][ 54]LogLoad: Game class is 'GGJ2019GM_C'
[2019.01.25-21.07.38:859][ 54]LogWorld: Bringing World /Game/UEDPIE_0_GameLevel.GameLevel up for play (max tick rate 0) at 2019.01.25-21.07.38
[2019.01.25-21.07.38:859][ 54]LogWorld: Bringing up level for play took: 0.001949
[2019.01.25-21.07.38:874][ 54]LogSpawn: Warning: SpawnActor failed because of collision at the spawn location [X=249.000 Y=-168.000 Z=293.000] for [Player_Base]
[2019.01.25-21.07.38:874][ 54]LogGameMode: Warning: SpawnDefaultPawnAtTransform: Couldn't spawn Pawn of type Player_Base at Rotation: Pitch 0.000000 Yaw 0.000000 Roll 0.000000
Translation: 249.000000 -168.000000 293.000000
Scale3D: 1.000000 1.000000 1.000000

[2019.01.25-21.07.38:875][ 54]PIE: Play in editor start time for /Game/UEDPIE_0_GameLevel 0.706
[2019.01.25-21.07.40:461][234]LogSlate: Updating window title bar state: overlay mode, drag disabled, window buttons hidden, title bar hidden
[2019.01.25-21.07.40:506][234]LogPlayLevel: Display: Shutting down PIE online subsystems
[2019.01.25-21.07.40:534][234]LogSlate: Updating window title bar state: overlay mode, drag disabled, window buttons hidden, title bar hidden
[2019.01.25-21.07.40:561][236]LogPlayLevel: Display: Destroying online subsystem :Context_10
[2019.01.25-21.07.45:427][810]LogSlate: FSceneViewport::OnFocusLost() reason 0
[2019.01.25-21.07.52:280][544]LogSlate: FSceneViewport::OnFocusLost() reason 0
[2019.01.25-21.07.52:388][557]LogTemp: Repeating last play command: Selected Viewport
[2019.01.25-21.07.52:407][557]LogPlayLevel: PlayLevel: No blueprints needed recompiling
[2019.01.25-21.07.52:408][557]PIE: New page: PIE session: GameLevel (25 Jan 2019 21:07:52)
[2019.01.25-21.07.52:408][557]LogPlayLevel: Creating play world package: /Game/UEDPIE_0_GameLevel
[2019.01.25-21.07.52:431][557]LogPlayLevel: PIE: StaticDuplicateObject took: (0.023429s)
[2019.01.25-21.07.52:432][557]LogAIModule: Creating AISystem for world GameLevel
[2019.01.25-21.07.52:433][557]LogPlayLevel: PIE: World Init took: (0.001406s)
[2019.01.25-21.07.52:433][557]LogPlayLevel: PIE: Created PIE world by copying editor world from /Game/GameLevel.GameLevel to /Game/UEDPIE_0_GameLevel.GameLevel (0.025265s)
[2019.01.25-21.07.52:496][557]LogInit: XAudio2 using 'Speakers (Realtek High Definition Audio)' : 2 channels at 48 kHz using 32 bits per sample (channel mask 0x3)
[2019.01.25-21.07.52:512][557]LogInit: FAudioDevice initialized.
[2019.01.25-21.07.52:551][557]LogLoad: Game class is 'GGJ2019GM_C'
[2019.01.25-21.07.52:555][557]LogWorld: Bringing World /Game/UEDPIE_0_GameLevel.GameLevel up for play (max tick rate 0) at 2019.01.25-21.07.52
[2019.01.25-21.07.52:555][557]LogWorld: Bringing up level for play took: 0.003380
[2019.01.25-21.07.52:569][557]LogSpawn: Warning: SpawnActor failed because of collision at the spawn location [X=249.000 Y=-168.000 Z=293.000] for [Player_Base]
[2019.01.25-21.07.52:570][557]LogGameMode: Warning: SpawnDefaultPawnAtTransform: Couldn't spawn Pawn of type Player_Base at Rotation: Pitch 0.000000 Yaw 0.000000 Roll 0.000000
Translation: 249.000000 -168.000000 293.000000
Scale3D: 1.000000 1.000000 1.000000

[2019.01.25-21.07.52:570][557]PIE: Play in editor start time for /Game/UEDPIE_0_GameLevel 0.402
[2019.01.25-21.07.54:777][818]LogSlate: Updating window title bar state: overlay mode, drag disabled, window buttons hidden, title bar hidden
[2019.01.25-21.07.54:816][818]LogPlayLevel: Display: Shutting down PIE online subsystems
[2019.01.25-21.07.54:842][818]LogSlate: Updating window title bar state: overlay mode, drag disabled, window buttons hidden, title bar hidden
[2019.01.25-21.07.54:883][821]LogPlayLevel: Display: Destroying online subsystem :Context_11
[2019.01.25-21.08.02:887][713]LogSlate: FSceneViewport::OnFocusLost() reason 0
[2019.01.25-21.08.02:979][724]LogTemp: Repeating last play command: Selected Viewport
[2019.01.25-21.08.02:997][724]LogPlayLevel: PlayLevel: No blueprints needed recompiling
[2019.01.25-21.08.02:997][724]PIE: New page: PIE session: GameLevel (25 Jan 2019 21:08:02)
[2019.01.25-21.08.02:997][724]LogPlayLevel: Creating play world package: /Game/UEDPIE_0_GameLevel
[2019.01.25-21.08.03:017][724]LogPlayLevel: PIE: StaticDuplicateObject took: (0.019139s)
[2019.01.25-21.08.03:017][724]LogAIModule: Creating AISystem for world GameLevel
[2019.01.25-21.08.03:018][724]LogPlayLevel: PIE: World Init took: (0.000878s)
[2019.01.25-21.08.03:018][724]LogPlayLevel: PIE: Created PIE world by copying editor world from /Game/GameLevel.GameLevel to /Game/UEDPIE_0_GameLevel.GameLevel (0.020440s)
[2019.01.25-21.08.03:049][724]LogInit: XAudio2 using 'Speakers (Realtek High Definition Audio)' : 2 channels at 48 kHz using 32 bits per sample (channel mask 0x3)
[2019.01.25-21.08.03:068][724]LogInit: FAudioDevice initialized.
[2019.01.25-21.08.03:101][724]LogLoad: Game class is 'GGJ2019GM_C'
[2019.01.25-21.08.03:105][724]LogWorld: Bringing World /Game/UEDPIE_0_GameLevel.GameLevel up for play (max tick rate 0) at 2019.01.25-21.08.03
[2019.01.25-21.08.03:105][724]LogWorld: Bringing up level for play took: 0.002761
[2019.01.25-21.08.03:120][724]PIE: Play in editor start time for /Game/UEDPIE_0_GameLevel 0.951
[2019.01.25-21.08.12:258][816]LogSlate: Updating window title bar state: overlay mode, drag disabled, window buttons hidden, title bar hidden
[2019.01.25-21.08.12:300][816]LogPlayLevel: Display: Shutting down PIE online subsystems
[2019.01.25-21.08.12:327][816]LogSlate: Updating window title bar state: overlay mode, drag disabled, window buttons hidden, title bar hidden
[2019.01.25-21.08.12:363][819]LogPlayLevel: Display: Destroying online subsystem :Context_12
[2019.01.25-21.08.13:861][998]LogEditorViewport: Clicking on Actor (LMB): Player_BP_Base_C (Player_BP_Base)
[2019.01.25-21.08.14:860][ 99]Cmd: DELETE
[2019.01.25-21.08.14:861][ 99]Cmd: ACTOR DELETE
[2019.01.25-21.08.14:866][ 99]LogEditorActor: Deleted Actor: Player_BP_Base_C
[2019.01.25-21.08.14:925][ 99]LogEditorActor: Deleted 1 Actors (0.064 secs)
[2019.01.25-21.08.16:250][257]LogSlate: FSceneViewport::OnFocusLost() reason 0
[2019.01.25-21.08.21:282][854]LogTemp: Repeating last play command: Selected Viewport
[2019.01.25-21.08.21:302][854]LogPlayLevel: PlayLevel: No blueprints needed recompiling
[2019.01.25-21.08.21:302][854]PIE: New page: PIE session: GameLevel (25 Jan 2019 21:08:21)
[2019.01.25-21.08.21:302][854]LogPlayLevel: Creating play world package: /Game/UEDPIE_0_GameLevel
[2019.01.25-21.08.21:322][854]LogPlayLevel: PIE: StaticDuplicateObject took: (0.019481s)
[2019.01.25-21.08.21:323][854]LogAIModule: Creating AISystem for world GameLevel
[2019.01.25-21.08.21:323][854]LogPlayLevel: PIE: World Init took: (0.000878s)
[2019.01.25-21.08.21:323][854]LogPlayLevel: PIE: Created PIE world by copying editor world from /Game/GameLevel.GameLevel to /Game/UEDPIE_0_GameLevel.GameLevel (0.020763s)
[2019.01.25-21.08.21:357][854]LogInit: XAudio2 using 'Speakers (Realtek High Definition Audio)' : 2 channels at 48 kHz using 32 bits per sample (channel mask 0x3)
[2019.01.25-21.08.21:379][854]LogInit: FAudioDevice initialized.
[2019.01.25-21.08.21:414][854]LogLoad: Game class is 'GGJ2019GM_C'
[2019.01.25-21.08.21:417][854]LogWorld: Bringing World /Game/UEDPIE_0_GameLevel.GameLevel up for play (max tick rate 0) at 2019.01.25-21.08.21
[2019.01.25-21.08.21:417][854]LogWorld: Bringing up level for play took: 0.001825
[2019.01.25-21.08.21:432][854]PIE: Play in editor start time for /Game/UEDPIE_0_GameLevel -0.737
[2019.01.25-21.08.33:317][273]LogSlate: Updating window title bar state: overlay mode, drag disabled, window buttons hidden, title bar hidden
[2019.01.25-21.08.33:356][273]LogPlayLevel: Display: Shutting down PIE online subsystems
[2019.01.25-21.08.33:382][273]LogSlate: Updating window title bar state: overlay mode, drag disabled, window buttons hidden, title bar hidden
[2019.01.25-21.08.33:417][275]LogPlayLevel: Display: Destroying online subsystem :Context_13
[2019.01.25-21.09.02:399][493]LogSlate: FSceneViewport::OnFocusLost() reason 0
[2019.01.25-21.09.03:055][571]LogTemp: Repeating last play command: Selected Viewport
[2019.01.25-21.09.03:075][571]LogPlayLevel: PlayLevel: No blueprints needed recompiling
[2019.01.25-21.09.03:076][571]PIE: New page: PIE session: GameLevel (25 Jan 2019 21:09:03)
[2019.01.25-21.09.03:076][571]LogPlayLevel: Creating play world package: /Game/UEDPIE_0_GameLevel
[2019.01.25-21.09.03:093][571]LogPlayLevel: PIE: StaticDuplicateObject took: (0.017112s)
[2019.01.25-21.09.03:094][571]LogAIModule: Creating AISystem for world GameLevel
[2019.01.25-21.09.03:094][571]LogPlayLevel: PIE: World Init took: (0.000794s)
[2019.01.25-21.09.03:094][571]LogPlayLevel: PIE: Created PIE world by copying editor world from /Game/GameLevel.GameLevel to /Game/UEDPIE_0_GameLevel.GameLevel (0.018230s)
[2019.01.25-21.09.03:134][571]LogInit: XAudio2 using 'Speakers (Realtek High Definition Audio)' : 2 channels at 48 kHz using 32 bits per sample (channel mask 0x3)
[2019.01.25-21.09.03:149][571]LogInit: FAudioDevice initialized.
[2019.01.25-21.09.03:185][571]LogLoad: Game class is 'GGJ2019GM_C'
[2019.01.25-21.09.03:187][571]LogWorld: Bringing World /Game/UEDPIE_0_GameLevel.GameLevel up for play (max tick rate 0) at 2019.01.25-21.09.03
[2019.01.25-21.09.03:188][571]LogWorld: Bringing up level for play took: 0.001629
[2019.01.25-21.09.03:202][571]LogSpawn: Warning: SpawnActor failed because of collision at the spawn location [X=249.000 Y=-168.000 Z=293.000] for [Player_BP_Base_C]
[2019.01.25-21.09.03:202][571]LogGameMode: Warning: SpawnDefaultPawnAtTransform: Couldn't spawn Pawn of type Player_BP_Base_C at Rotation: Pitch 0.000000 Yaw 0.000000 Roll 0.000000
Translation: 249.000000 -168.000000 293.000000
Scale3D: 1.000000 1.000000 1.000000

[2019.01.25-21.09.03:202][571]PIE: Play in editor start time for /Game/UEDPIE_0_GameLevel 1.033
[2019.01.25-21.09.05:336][821]LogSlate: Updating window title bar state: overlay mode, drag disabled, window buttons hidden, title bar hidden
[2019.01.25-21.09.05:376][821]LogPlayLevel: Display: Shutting down PIE online subsystems
[2019.01.25-21.09.05:405][821]LogSlate: Updating window title bar state: overlay mode, drag disabled, window buttons hidden, title bar hidden
[2019.01.25-21.09.05:443][824]LogPlayLevel: Display: Destroying online subsystem :Context_14
[2019.01.25-21.09.14:694][868]LogEditorViewport: Clicking on Actor (LMB): PlayerStart (PlayerStart)
[2019.01.25-21.09.15:589][966]LogNavigationPoint: PostEditMove Clear paths rebuilt
[2019.01.25-21.09.17:572][154]LogNavigationPoint: PostEditMove Clear paths rebuilt
[2019.01.25-21.09.18:065][200]LogSlate: FSceneViewport::OnFocusLost() reason 0
[2019.01.25-21.09.18:132][208]LogTemp: Repeating last play command: Selected Viewport
[2019.01.25-21.09.18:152][208]LogPlayLevel: PlayLevel: No blueprints needed recompiling
[2019.01.25-21.09.18:152][208]PIE: New page: PIE session: GameLevel (25 Jan 2019 21:09:18)
[2019.01.25-21.09.18:152][208]LogPlayLevel: Creating play world package: /Game/UEDPIE_0_GameLevel
[2019.01.25-21.09.18:171][208]LogPlayLevel: PIE: StaticDuplicateObject took: (0.018932s)
[2019.01.25-21.09.18:172][208]LogAIModule: Creating AISystem for world GameLevel
[2019.01.25-21.09.18:172][208]LogPlayLevel: PIE: World Init took: (0.001060s)
[2019.01.25-21.09.18:172][208]LogPlayLevel: PIE: Created PIE world by copying editor world from /Game/GameLevel.GameLevel to /Game/UEDPIE_0_GameLevel.GameLevel (0.020414s)
[2019.01.25-21.09.18:207][208]LogInit: XAudio2 using 'Speakers (Realtek High Definition Audio)' : 2 channels at 48 kHz using 32 bits per sample (channel mask 0x3)
[2019.01.25-21.09.18:224][208]LogInit: FAudioDevice initialized.
[2019.01.25-21.09.18:259][208]LogLoad: Game class is 'GGJ2019GM_C'
[2019.01.25-21.09.18:261][208]LogWorld: Bringing World /Game/UEDPIE_0_GameLevel.GameLevel up for play (max tick rate 0) at 2019.01.25-21.09.18
[2019.01.25-21.09.18:262][208]LogWorld: Bringing up level for play took: 0.001662
[2019.01.25-21.09.18:275][208]LogSpawn: Warning: SpawnActor failed because of collision at the spawn location [X=249.000 Y=-926.000 Z=293.000] for [Player_BP_Base_C]
[2019.01.25-21.09.18:276][208]LogGameMode: Warning: SpawnDefaultPawnAtTransform: Couldn't spawn Pawn of type Player_BP_Base_C at Rotation: Pitch 0.000000 Yaw 0.000000 Roll 0.000000
Translation: 249.000000 -926.000000 293.000000
Scale3D: 1.000000 1.000000 1.000000

[2019.01.25-21.09.18:276][208]PIE: Play in editor start time for /Game/UEDPIE_0_GameLevel 0.107
[2019.01.25-21.09.19:243][320]LogSlate: Updating window title bar state: overlay mode, drag disabled, window buttons hidden, title bar hidden
[2019.01.25-21.09.19:284][320]LogPlayLevel: Display: Shutting down PIE online subsystems
[2019.01.25-21.09.19:312][320]LogSlate: Updating window title bar state: overlay mode, drag disabled, window buttons hidden, title bar hidden
[2019.01.25-21.09.19:349][322]LogPlayLevel: Display: Destroying online subsystem :Context_15
[2019.01.25-21.09.21:175][524]LogEditorViewport: Clicking on Actor (LMB): PlayerStart (PlayerStart)
[2019.01.25-21.09.22:732][681]LogSlate: FSceneViewport::OnFocusLost() reason 2
[2019.01.25-21.09.24:346][867]LogSlate: FSceneViewport::OnFocusLost() reason 0
[2019.01.25-21.09.24:416][875]LogTemp: Repeating last play command: Selected Viewport
[2019.01.25-21.09.24:439][875]LogPlayLevel: PlayLevel: No blueprints needed recompiling
[2019.01.25-21.09.24:439][875]PIE: New page: PIE session: GameLevel (25 Jan 2019 21:09:24)
[2019.01.25-21.09.24:439][875]LogPlayLevel: Creating play world package: /Game/UEDPIE_0_GameLevel
[2019.01.25-21.09.24:457][875]LogPlayLevel: PIE: StaticDuplicateObject took: (0.017886s)
[2019.01.25-21.09.24:458][875]LogAIModule: Creating AISystem for world GameLevel
[2019.01.25-21.09.24:458][875]LogPlayLevel: PIE: World Init took: (0.000811s)
[2019.01.25-21.09.24:459][875]LogPlayLevel: PIE: Created PIE world by copying editor world from /Game/GameLevel.GameLevel to /Game/UEDPIE_0_GameLevel.GameLevel (0.019100s)
[2019.01.25-21.09.24:489][875]LogInit: XAudio2 using 'Speakers (Realtek High Definition Audio)' : 2 channels at 48 kHz using 32 bits per sample (channel mask 0x3)
[2019.01.25-21.09.24:507][875]LogInit: FAudioDevice initialized.
[2019.01.25-21.09.24:543][875]LogLoad: Game class is 'GGJ2019GM_C'
[2019.01.25-21.09.24:547][875]LogWorld: Bringing World /Game/UEDPIE_0_GameLevel.GameLevel up for play (max tick rate 0) at 2019.01.25-21.09.24
[2019.01.25-21.09.24:547][875]LogWorld: Bringing up level for play took: 0.003157
[2019.01.25-21.09.24:562][875]LogSpawn: Warning: SpawnActor failed because of collision at the spawn location [X=249.000 Y=-926.000 Z=293.000] for [Player_BP_Base_C]
[2019.01.25-21.09.24:563][875]LogGameMode: Warning: SpawnDefaultPawnAtTransform: Couldn't spawn Pawn of type Player_BP_Base_C at Rotation: Pitch 0.000000 Yaw 0.000000 Roll 0.000000
Translation: 249.000000 -926.000000 293.000000
Scale3D: 1.000000 1.000000 1.000000

[2019.01.25-21.09.24:564][875]PIE: Play in editor start time for /Game/UEDPIE_0_GameLevel 0.395
[2019.01.25-21.09.25:423][974]LogSlate: Updating window title bar state: overlay mode, drag disabled, window buttons hidden, title bar hidden
[2019.01.25-21.09.25:462][974]LogPlayLevel: Display: Shutting down PIE online subsystems
[2019.01.25-21.09.25:489][974]LogSlate: Updating window title bar state: overlay mode, drag disabled, window buttons hidden, title bar hidden
[2019.01.25-21.09.25:525][977]LogPlayLevel: Display: Destroying online subsystem :Context_16
[2019.01.25-21.09.27:982][238]LogEditorViewport: Clicking on Actor (LMB): PlayerStart (PlayerStart)
[2019.01.25-21.09.33:084][823]LogSlate: FSceneViewport::OnFocusLost() reason 0
[2019.01.25-21.09.45:411][283]LogAssetEditorManager: Opening Asset editor for Blueprint /Game/Player_BP_Base.Player_BP_Base
[2019.01.25-21.09.45:939][283]LogContentBrowser: Native class hierarchy updated for 'BlueprintGraph' in 0.0012 seconds. Added 116 classes and 0 folders.
[2019.01.25-21.09.47:030][283]LogSlate: Took 0.000354 seconds to synchronously load lazily loaded font '../../../Engine/Content/Slate/Fonts/Roboto-BoldCondensed.ttf' (158K)
[2019.01.25-21.09.51:228][767]LogClass: Warning: In asset 'None', there is an enum property of type 'EAutoReceiveInput' with an invalid value of ''
[2019.01.25-21.09.51:229][767]LogClass: Warning: In asset 'None', there is an enum property of type 'EAutoReceiveInput' with an invalid value of ''
[2019.01.25-21.09.53:893][ 78]BlueprintLog: New page: Compile Player_BP_Base
[2019.01.25-21.09.54:421][106]Cmd: OBJ SAVEPACKAGE PACKAGE="/Game/Player_BP_Base" FILE="../../../../../../Users/w018030h.STUDENT/Documents/newGGJ2019/GGJ2019/GGJ2019/Content/Player_BP_Base.uasset" SILENT=true
[2019.01.25-21.09.54:465][106]LogSavePackage: Moving '../../../../../../Users/w018030h.STUDENT/Documents/newGGJ2019/GGJ2019/GGJ2019/Saved/Player_BP_Base625F10E14DBC42844DDA50A3C6592C41.tmp' to '../../../../../../Users/w018030h.STUDENT/Documents/newGGJ2019/GGJ2019/GGJ2019/Content/Player_BP_Base.uasset'
[2019.01.25-21.10.05:910][773]LogTemp: Repeating last play command: Selected Viewport
[2019.01.25-21.10.05:932][773]LogPlayLevel: PlayLevel: No blueprints needed recompiling
[2019.01.25-21.10.05:932][773]PIE: New page: PIE session: GameLevel (25 Jan 2019 21:10:05)
[2019.01.25-21.10.05:933][773]LogPlayLevel: Creating play world package: /Game/UEDPIE_0_GameLevel
[2019.01.25-21.10.05:951][773]LogPlayLevel: PIE: StaticDuplicateObject took: (0.018506s)
[2019.01.25-21.10.05:952][773]LogAIModule: Creating AISystem for world GameLevel
[2019.01.25-21.10.05:953][773]LogPlayLevel: PIE: World Init took: (0.001252s)
[2019.01.25-21.10.05:953][773]LogPlayLevel: PIE: Created PIE world by copying editor world from /Game/GameLevel.GameLevel to /Game/UEDPIE_0_GameLevel.GameLevel (0.020277s)
[2019.01.25-21.10.05:991][773]LogInit: XAudio2 using 'Speakers (Realtek High Definition Audio)' : 2 channels at 48 kHz using 32 bits per sample (channel mask 0x3)
[2019.01.25-21.10.06:008][773]LogInit: FAudioDevice initialized.
[2019.01.25-21.10.06:048][773]LogLoad: Game class is 'GGJ2019GM_C'
[2019.01.25-21.10.06:052][773]LogWorld: Bringing World /Game/UEDPIE_0_GameLevel.GameLevel up for play (max tick rate 0) at 2019.01.25-21.10.06
[2019.01.25-21.10.06:052][773]LogWorld: Bringing up level for play took: 0.003313
[2019.01.25-21.10.06:069][773]LogSpawn: Warning: SpawnActor failed because of collision at the spawn location [X=249.000 Y=-926.000 Z=293.000] for [Player_BP_Base_C]
[2019.01.25-21.10.06:070][773]LogGameMode: Warning: SpawnDefaultPawnAtTransform: Couldn't spawn Pawn of type Player_BP_Base_C at Rotation: Pitch 0.000000 Yaw 0.000000 Roll 0.000000
Translation: 249.000000 -926.000000 293.000000
Scale3D: 1.000000 1.000000 1.000000

[2019.01.25-21.10.06:070][773]PIE: Play in editor start time for /Game/UEDPIE_0_GameLevel -0.099
[2019.01.25-21.10.07:636][931]LogSlate: Updating window title bar state: overlay mode, drag disabled, window buttons hidden, title bar hidden
[2019.01.25-21.10.07:678][931]LogPlayLevel: Display: Shutting down PIE online subsystems
[2019.01.25-21.10.07:709][931]LogSlate: Updating window title bar state: overlay mode, drag disabled, window buttons hidden, title bar hidden
[2019.01.25-21.10.07:738][932]LogPlayLevel: Display: Destroying online subsystem :Context_18
[2019.01.25-21.10.14:866][538]LogSlate: FSceneViewport::OnFocusLost() reason 0
[2019.01.25-21.10.17:359][784]LogClass: Warning: In asset 'None', there is an enum property of type 'EAutoReceiveInput' with an invalid value of ''
[2019.01.25-21.10.17:359][784]LogClass: Warning: In asset 'None', there is an enum property of type 'EAutoReceiveInput' with an invalid value of ''
[2019.01.25-21.10.19:440][979]BlueprintLog: New page: Compile Player_BP_Base
[2019.01.25-21.10.20:314][ 37]Cmd: OBJ SAVEPACKAGE PACKAGE="/Game/Player_BP_Base" FILE="../../../../../../Users/w018030h.STUDENT/Documents/newGGJ2019/GGJ2019/GGJ2019/Content/Player_BP_Base.uasset" SILENT=true
[2019.01.25-21.10.20:360][ 37]LogSavePackage: Moving '../../../../../../Users/w018030h.STUDENT/Documents/newGGJ2019/GGJ2019/GGJ2019/Saved/Player_BP_BaseCD6DD5464A560365FC6138AA1A646A86.tmp' to '../../../../../../Users/w018030h.STUDENT/Documents/newGGJ2019/GGJ2019/GGJ2019/Content/Player_BP_Base.uasset'
[2019.01.25-21.10.20:762][ 66]LogSlate: Took 0.000278 seconds to synchronously load lazily loaded font '../../../Engine/Content/Slate/Fonts/Roboto-Italic.ttf' (157K)
[2019.01.25-21.10.21:564][126]LogSlate: FSceneViewport::OnFocusLost() reason 0
[2019.01.25-21.10.21:626][131]LogTemp: Repeating last play command: Selected Viewport
[2019.01.25-21.10.21:654][131]LogPlayLevel: PlayLevel: No blueprints needed recompiling
[2019.01.25-21.10.21:654][131]PIE: New page: PIE session: GameLevel (25 Jan 2019 21:10:21)
[2019.01.25-21.10.21:655][131]LogPlayLevel: Creating play world package: /Game/UEDPIE_0_GameLevel
[2019.01.25-21.10.21:676][131]LogPlayLevel: PIE: StaticDuplicateObject took: (0.021134s)
[2019.01.25-21.10.21:677][131]LogAIModule: Creating AISystem for world GameLevel
[2019.01.25-21.10.21:677][131]LogPlayLevel: PIE: World Init took: (0.000897s)
[2019.01.25-21.10.21:677][131]LogPlayLevel: PIE: Created PIE world by copying editor world from /Game/GameLevel.GameLevel to /Game/UEDPIE_0_GameLevel.GameLevel (0.022392s)
[2019.01.25-21.10.21:713][131]LogInit: XAudio2 using 'Speakers (Realtek High Definition Audio)' : 2 channels at 48 kHz using 32 bits per sample (channel mask 0x3)
[2019.01.25-21.10.21:728][131]LogInit: FAudioDevice initialized.
[2019.01.25-21.10.21:765][131]LogLoad: Game class is 'GGJ2019GM_C'
[2019.01.25-21.10.21:767][131]LogWorld: Bringing World /Game/UEDPIE_0_GameLevel.GameLevel up for play (max tick rate 0) at 2019.01.25-21.10.21
[2019.01.25-21.10.21:768][131]LogWorld: Bringing up level for play took: 0.001910
[2019.01.25-21.10.21:783][131]LogPawn: Error: EnableInput can only be specified on a Pawn for its Controller
[2019.01.25-21.10.21:784][131]LogSpawn: Warning: SpawnActor failed because of collision at the spawn location [X=249.000 Y=-926.000 Z=293.000] for [Player_BP_Base_C]
[2019.01.25-21.10.21:784][131]LogGameMode: Warning: SpawnDefaultPawnAtTransform: Couldn't spawn Pawn of type Player_BP_Base_C at Rotation: Pitch 0.000000 Yaw 0.000000 Roll 0.000000
Translation: 249.000000 -926.000000 293.000000
Scale3D: 1.000000 1.000000 1.000000

[2019.01.25-21.10.21:785][131]PIE: Play in editor start time for /Game/UEDPIE_0_GameLevel -0.385
[2019.01.25-21.10.22:808][222]LogSlate: Updating window title bar state: overlay mode, drag disabled, window buttons hidden, title bar hidden
[2019.01.25-21.10.22:847][222]LogPlayLevel: Display: Shutting down PIE online subsystems
[2019.01.25-21.10.22:881][222]LogSlate: Updating window title bar state: overlay mode, drag disabled, window buttons hidden, title bar hidden
[2019.01.25-21.10.22:918][223]LogPlayLevel: Display: Destroying online subsystem :Context_19
[2019.01.25-21.10.36:406][502]LogEditorViewport: Clicking on Actor (LMB): PlayerStart (PlayerStart)
[2019.01.25-21.10.38:005][637]Cmd: DELETE
[2019.01.25-21.10.38:006][637]Cmd: ACTOR DELETE
[2019.01.25-21.10.38:013][637]LogEditorActor: Deleted Actor: PlayerStart
[2019.01.25-21.10.38:044][637]LogEditorActor: Deleted 1 Actors (0.038 secs)
[2019.01.25-21.10.42:182][ 33]LogSlate: FSceneViewport::OnFocusLost() reason 0
[2019.01.25-21.10.44:820][229]LogNavigationPoint: PostEditMove Clear paths rebuilt
[2019.01.25-21.10.45:567][282]LogSlate: FSceneViewport::OnFocusLost() reason 0
[2019.01.25-21.10.46:085][321]LogTemp: Repeating last play command: Selected Viewport
[2019.01.25-21.10.46:110][321]LogPlayLevel: PlayLevel: No blueprints needed recompiling
[2019.01.25-21.10.46:111][321]PIE: New page: PIE session: GameLevel (25 Jan 2019 21:10:46)
[2019.01.25-21.10.46:111][321]LogPlayLevel: Creating play world package: /Game/UEDPIE_0_GameLevel
[2019.01.25-21.10.46:131][321]LogPlayLevel: PIE: StaticDuplicateObject took: (0.020481s)
[2019.01.25-21.10.46:132][321]LogAIModule: Creating AISystem for world GameLevel
[2019.01.25-21.10.46:132][321]LogPlayLevel: PIE: World Init took: (0.000827s)
[2019.01.25-21.10.46:132][321]LogPlayLevel: PIE: Created PIE world by copying editor world from /Game/GameLevel.GameLevel to /Game/UEDPIE_0_GameLevel.GameLevel (0.021698s)
[2019.01.25-21.10.46:175][321]LogInit: XAudio2 using 'Speakers (Realtek High Definition Audio)' : 2 channels at 48 kHz using 32 bits per sample (channel mask 0x3)
[2019.01.25-21.10.46:203][321]LogInit: FAudioDevice initialized.
[2019.01.25-21.10.46:238][321]LogLoad: Game class is 'GGJ2019GM_C'
[2019.01.25-21.10.46:240][321]LogWorld: Bringing World /Game/UEDPIE_0_GameLevel.GameLevel up for play (max tick rate 0) at 2019.01.25-21.10.46
[2019.01.25-21.10.46:241][321]LogWorld: Bringing up level for play took: 0.001798
[2019.01.25-21.10.46:255][321]LogPawn: Error: EnableInput can only be specified on a Pawn for its Controller
[2019.01.25-21.10.46:256][321]LogSpawn: Warning: SpawnActor failed because of collision at the spawn location [X=91.000 Y=-163.000 Z=216.000] for [Player_BP_Base_C]
[2019.01.25-21.10.46:256][321]LogGameMode: Warning: SpawnDefaultPawnAtTransform: Couldn't spawn Pawn of type Player_BP_Base_C at Rotation: Pitch 0.000000 Yaw 0.000000 Roll 0.000000
Translation: 91.000000 -163.000000 216.000000
Scale3D: 1.000000 1.000000 1.000000

[2019.01.25-21.10.46:257][321]PIE: Play in editor start time for /Game/UEDPIE_0_GameLevel 0.087
[2019.01.25-21.10.47:523][409]LogSlate: Updating window title bar state: overlay mode, drag disabled, window buttons hidden, title bar hidden
[2019.01.25-21.10.47:572][409]LogPlayLevel: Display: Shutting down PIE online subsystems
[2019.01.25-21.10.47:606][409]LogSlate: Updating window title bar state: overlay mode, drag disabled, window buttons hidden, title bar hidden
[2019.01.25-21.10.47:639][410]LogPlayLevel: Display: Destroying online subsystem :Context_20
[2019.01.25-21.10.53:586][901]LogEditorViewport: Clicking on Actor (LMB): PlayerStart (PlayerStart)
[2019.01.25-21.10.55:015][ 22]LogNavigationPoint: PostEditMove Clear paths rebuilt
[2019.01.25-21.10.57:706][231]LogNavigationPoint: PostEditMove Clear paths rebuilt
[2019.01.25-21.10.59:424][376]LogNavigationPoint: PostEditMove Clear paths rebuilt
[2019.01.25-21.11.00:120][433]LogSlate: FSceneViewport::OnFocusLost() reason 0
[2019.01.25-21.11.00:188][439]LogTemp: Repeating last play command: Selected Viewport
[2019.01.25-21.11.00:210][439]LogPlayLevel: PlayLevel: No blueprints needed recompiling
[2019.01.25-21.11.00:210][439]PIE: New page: PIE session: GameLevel (25 Jan 2019 21:11:00)
[2019.01.25-21.11.00:210][439]LogPlayLevel: Creating play world package: /Game/UEDPIE_0_GameLevel
[2019.01.25-21.11.00:229][439]LogPlayLevel: PIE: StaticDuplicateObject took: (0.018720s)
[2019.01.25-21.11.00:230][439]LogAIModule: Creating AISystem for world GameLevel
[2019.01.25-21.11.00:231][439]LogPlayLevel: PIE: World Init took: (0.001308s)
[2019.01.25-21.11.00:231][439]LogPlayLevel: PIE: Created PIE world by copying editor world from /Game/GameLevel.GameLevel to /Game/UEDPIE_0_GameLevel.GameLevel (0.020436s)
[2019.01.25-21.11.00:269][439]LogInit: XAudio2 using 'Speakers (Realtek High Definition Audio)' : 2 channels at 48 kHz using 32 bits per sample (channel mask 0x3)
[2019.01.25-21.11.00:285][439]LogInit: FAudioDevice initialized.
[2019.01.25-21.11.00:322][439]LogLoad: Game class is 'GGJ2019GM_C'
[2019.01.25-21.11.00:325][439]LogWorld: Bringing World /Game/UEDPIE_0_GameLevel.GameLevel up for play (max tick rate 0) at 2019.01.25-21.11.00
[2019.01.25-21.11.00:326][439]LogWorld: Bringing up level for play took: 0.002483
[2019.01.25-21.11.00:341][439]LogPawn: Error: EnableInput can only be specified on a Pawn for its Controller
[2019.01.25-21.11.00:341][439]LogSpawn: Warning: SpawnActor failed because of collision at the spawn location [X=396.000 Y=65.000 Z=343.000] for [Player_BP_Base_C]
[2019.01.25-21.11.00:341][439]LogGameMode: Warning: SpawnDefaultPawnAtTransform: Couldn't spawn Pawn of type Player_BP_Base_C at Rotation: Pitch 0.000000 Yaw 0.000000 Roll 0.000000
Translation: 396.000000 65.000000 343.000000
Scale3D: 1.000000 1.000000 1.000000

[2019.01.25-21.11.00:342][439]PIE: Play in editor start time for /Game/UEDPIE_0_GameLevel 0.172
[2019.01.25-21.11.02:282][611]LogSlate: Updating window title bar state: overlay mode, drag disabled, window buttons hidden, title bar hidden
[2019.01.25-21.11.02:327][611]LogPlayLevel: Display: Shutting down PIE online subsystems
[2019.01.25-21.11.02:360][611]LogSlate: Updating window title bar state: overlay mode, drag disabled, window buttons hidden, title bar hidden
[2019.01.25-21.11.02:390][612]LogPlayLevel: Display: Destroying online subsystem :Context_21
[2019.01.25-21.11.05:943][919]LogSlate: FSceneViewport::OnFocusLost() reason 2
[2019.01.25-21.11.05:952][919]Cmd: OBJ SAVEPACKAGE PACKAGE="/Game/GameLevel" FILE="../../../../../../Users/w018030h.STUDENT/Documents/newGGJ2019/GGJ2019/GGJ2019/Content/GameLevel.umap" SILENT=true AUTOSAVING=false KEEPDIRTY=false
[2019.01.25-21.11.06:235][919]LogSavePackage: Moving '../../../../../../Users/w018030h.STUDENT/Documents/newGGJ2019/GGJ2019/GGJ2019/Saved/GameLevel6B69015041319E4219FC4783A54AB48A.tmp' to '../../../../../../Users/w018030h.STUDENT/Documents/newGGJ2019/GGJ2019/GGJ2019/Content/GameLevel.umap'
[2019.01.25-21.11.07:186][989]LogSlate: FSceneViewport::OnFocusLost() reason 0
[2019.01.25-21.11.09:616][994]LogSlate: Window 'Save Content' being destroyed
[2019.01.25-21.11.09:640][994]Cmd: OBJ SAVEPACKAGE PACKAGE="/Game/GGJ2019GM" FILE="../../../../../../Users/w018030h.STUDENT/Documents/newGGJ2019/GGJ2019/GGJ2019/Content/GGJ2019GM.uasset" SILENT=true
[2019.01.25-21.11.09:661][994]LogSavePackage: Moving '../../../../../../Users/w018030h.STUDENT/Documents/newGGJ2019/GGJ2019/GGJ2019/Saved/GGJ2019GMAD69C6564C47924B56556D89B91A4FAA.tmp' to '../../../../../../Users/w018030h.STUDENT/Documents/newGGJ2019/GGJ2019/GGJ2019/Content/GGJ2019GM.uasset'
[2019.01.25-21.11.09:779][994]LogSlate: Window 'Player_BP_Base' being destroyed
[2019.01.25-21.11.09:847][994]LogSlate: Window 'GGJ2019 - Unreal Editor' being destroyed
[2019.01.25-21.11.09:848][994]LogWindowsTextInputMethodSystem: Display: IME system now deactivated.
[2019.01.25-21.11.10:052][995]Cmd: QUIT_EDITOR
[2019.01.25-21.11.10:874][995]LogExit: Preparing to exit.
[2019.01.25-21.11.11:078][995]LogDirectoryWatcher: A directory notification failed for 'C:/Users/w018030h.STUDENT/Documents/newGGJ2019/GGJ2019/GGJ2019/Content/', and we were unable to create a new request.
[2019.01.25-21.11.11:119][995]LogExit: Editor shut down
[2019.01.25-21.11.11:119][995]LogExit: Transaction tracking system shut down
