Log file open, 01/26/19 01:57:46
LogWindows: Failed to load 'aqProf.dll' (GetLastError=126)
LogWindows: File 'aqProf.dll' does not exist
LogWindows: Failed to load 'VSPerf140.dll' (GetLastError=126)
LogWindows: File 'VSPerf140.dll' does not exist
LogWindows: Failed to load 'VtuneApi.dll' (GetLastError=126)
LogWindows: File 'VtuneApi.dll' does not exist
LogWindows: Failed to load 'VtuneApi32e.dll' (GetLastError=126)
LogWindows: File 'VtuneApi32e.dll' does not exist
LogInit: Display: Running engine for game: GGJ2019
LogPlatformFile: Not using cached read wrapper
LogTaskGraph: Started task graph with 5 named threads and 23 total threads with 3 sets of task threads.
LogStats: Stats thread started at 0.316987
LogD3D11RHI: Loaded GFSDK_Aftermath_Lib.x64.dll
LogICUInternationalization: Display: ICU TimeZone Detection - Raw Offset: +0:00, Platform Override: ''
LogPluginManager: Mounting plugin Paper2D
LogPluginManager: Mounting plugin AISupport
LogPluginManager: Mounting plugin LightPropagationVolume
LogPluginManager: Mounting plugin CLionSourceCodeAccess
LogPluginManager: Mounting plugin CodeLiteSourceCodeAccess
LogPluginManager: Mounting plugin GitSourceControl
LogPluginManager: Mounting plugin KDevelopSourceCodeAccess
LogPluginManager: Mounting plugin NullSourceCodeAccess
LogPluginManager: Mounting plugin PerforceSourceControl
LogPluginManager: Mounting plugin SubversionSourceControl
LogPluginManager: Mounting plugin UObjectPlugin
LogPluginManager: Mounting plugin VisualStudioCodeSourceCodeAccess
LogPluginManager: Mounting plugin VisualStudioSourceCodeAccess
LogPluginManager: Mounting plugin XCodeSourceCodeAccess
LogPluginManager: Mounting plugin AssetManagerEditor
LogPluginManager: Mounting plugin CryptoKeys
LogPluginManager: Mounting plugin DataValidation
LogPluginManager: Mounting plugin FacialAnimation
LogPluginManager: Mounting plugin GameplayTagsEditor
LogPluginManager: Mounting plugin MacGraphicsSwitching
LogPluginManager: Mounting plugin MeshEditor
LogPluginManager: Mounting plugin MobileLauncherProfileWizard
LogPluginManager: Mounting plugin PluginBrowser
LogPluginManager: Mounting plugin SpeedTreeImporter
LogPluginManager: Mounting plugin DatasmithContent
LogPluginManager: Mounting plugin AlembicImporter
LogPluginManager: Mounting plugin AppleImageUtils
LogPluginManager: Mounting plugin AppleVision
LogPluginManager: Mounting plugin BackChannel
LogPluginManager: Mounting plugin CharacterAI
LogPluginManager: Mounting plugin GeometryCache
LogPluginManager: Mounting plugin HTML5Networking
LogPluginManager: Mounting plugin ProxyLODPlugin
LogPluginManager: Mounting plugin MagicLeap
LogPluginManager: Mounting plugin MagicLeapEmulator
LogPluginManager: Mounting plugin MagicLeapMedia
LogPluginManager: Mounting plugin AndroidMedia
LogPluginManager: Mounting plugin AvfMedia
LogPluginManager: Mounting plugin ImgMedia
LogPluginManager: Mounting plugin LinearTimecode
LogPluginManager: Mounting plugin MediaCompositing
LogPluginManager: Mounting plugin MediaPlayerEditor
LogPluginManager: Mounting plugin WmfMedia
LogPluginManager: Mounting plugin TcpMessaging
LogPluginManager: Mounting plugin UdpMessaging
LogPluginManager: Mounting plugin ActorSequence
LogPluginManager: Mounting plugin LevelSequenceEditor
LogPluginManager: Mounting plugin MatineeToLevelSequence
LogPluginManager: Mounting plugin NetcodeUnitTest
LogPluginManager: Mounting plugin NUTUnrealEngine4
LogPluginManager: Mounting plugin OnlineSubsystemGooglePlay
LogPluginManager: Mounting plugin OnlineSubsystemIOS
LogPluginManager: Mounting plugin OnlineSubsystem
LogPluginManager: Mounting plugin OnlineSubsystemNull
LogPluginManager: Mounting plugin OnlineSubsystemUtils
LogPluginManager: Mounting plugin LauncherChunkInstaller
LogPluginManager: Mounting plugin AndroidDeviceProfileSelector
LogPluginManager: Mounting plugin AndroidMoviePlayer
LogPluginManager: Mounting plugin AndroidPermission
LogPluginManager: Mounting plugin AppleMoviePlayer
LogPluginManager: Mounting plugin ArchVisCharacter
LogPluginManager: Mounting plugin AudioCapture
LogPluginManager: Mounting plugin CableComponent
LogPluginManager: Mounting plugin CustomMeshComponent
LogPluginManager: Mounting plugin EditableMesh
LogPluginManager: Mounting plugin ExampleDeviceProfileSelector
LogPluginManager: Mounting plugin GoogleCloudMessaging
LogPluginManager: Mounting plugin ImmediatePhysics
LogPluginManager: Mounting plugin IOSDeviceProfileSelector
LogPluginManager: Mounting plugin LinuxDeviceProfileSelector
LogPluginManager: Mounting plugin LocationServicesBPLibrary
LogPluginManager: Mounting plugin MobilePatchingUtils
LogPluginManager: Mounting plugin OculusVR
LogPluginManager: Plugin shader directory ../../../Engine/Plugins/Runtime/Oculus/OculusVR/Shaders found
LogPluginManager: Mapping shader source directory ../../../Engine/Plugins/Runtime/Oculus/OculusVR/Shaders to virtual directory /Plugin/OculusVR
LogPluginManager: Mounting plugin PhysXVehicles
LogPluginManager: Mounting plugin ProceduralMeshComponent
LogPluginManager: Mounting plugin RuntimePhysXCooking
LogPluginManager: Mounting plugin SteamVR
LogPluginManager: Mounting plugin WindowsMoviePlayer
LogStreaming: Display: Took  0.279s to configure plugins.
LogInit: Using libcurl 7.55.1-DEV
LogInit:  - built for x86_64-pc-win32
LogInit:  - supports SSL with OpenSSL/1.0.2h
LogInit:  - supports HTTP deflate (compression) using libz 1.2.8
LogInit:  - other features:
LogInit:      CURL_VERSION_SSL
LogInit:      CURL_VERSION_LIBZ
LogInit:      CURL_VERSION_IPV6
LogInit:      CURL_VERSION_ASYNCHDNS
LogInit:      CURL_VERSION_LARGEFILE
LogInit:      CURL_VERSION_IDN
LogInit:  CurlRequestOptions (configurable via config and command line):
LogInit:  - bVerifyPeer = false  - Libcurl will NOT verify peer certificate
LogInit:  - bUseHttpProxy = false  - Libcurl will NOT use HTTP proxy
LogInit:  - bDontReuseConnections = false  - Libcurl will reuse connections
LogInit:  - CertBundlePath = nullptr  - Libcurl will use whatever was configured at build time.
LogInit:  - MaxHostConnections = 16  - Libcurl will limit the number of connections to a host
LogInit:  - LocalHostAddr = Default
LogInit:  - BufferSize = 65536
LogInit: WinSock: version 1.1 (2.2), MaxSocks=32767, MaxUdp=65467
LogInit: Build: ++UE4+Release-4.20-CL-4369336
LogInit: Engine Version: 4.20.3-4369336+++UE4+Release-4.20
LogInit: Compatible Engine Version: 4.20.0-4212847+++UE4+Release-4.20
LogInit: Net CL: 4212847
LogInit: OS: Windows 10 (), CPU: Intel(R) Xeon(R) CPU E5-1620 v3 @ 3.50GHz, GPU: NVIDIA GeForce GTX 970
LogInit: Compiled (64-bit): Sep 17 2018 12:26:19
LogInit: Compiled with Visual C++: 19.13.26129.00
LogInit: Build Configuration: Development
LogInit: Branch Name: ++UE4+Release-4.20
LogInit: Command Line:  
LogInit: Base Directory: C:/Epic/UE4/UE_4.20/Engine/Binaries/Win64/
LogInit: Installed Engine Build: 1
LogDevObjectVersion: Number of dev versions registered: 20
LogDevObjectVersion:   Dev-Blueprints (B0D832E4-1F89-4F0D-ACCF-7EB736FD4AA2): 10
LogDevObjectVersion:   Dev-Build (E1C64328-A22C-4D53-A36C-8E866417BD8C): 0
LogDevObjectVersion:   Dev-Core (375EC13C-06E4-48FB-B500-84F0262A717E): 2
LogDevObjectVersion:   Dev-Editor (E4B068ED-F494-42E9-A231-DA0B2E46BB41): 24
LogDevObjectVersion:   Dev-Framework (CFFC743F-43B0-4480-9391-14DF171D2073): 34
LogDevObjectVersion:   Dev-Mobile (B02B49B5-BB20-44E9-A304-32B752E40360): 2
LogDevObjectVersion:   Dev-Networking (A4E4105C-59A1-49B5-A7C5-40C4547EDFEE): 0
LogDevObjectVersion:   Dev-Online (39C831C9-5AE6-47DC-9A44-9C173E1C8E7C): 0
LogDevObjectVersion:   Dev-Physics (78F01B33-EBEA-4F98-B9B4-84EACCB95AA2): 0
LogDevObjectVersion:   Dev-Platform (6631380F-2D4D-43E0-8009-CF276956A95A): 0
LogDevObjectVersion:   Dev-Rendering (12F88B9F-8875-4AFC-A67C-D90C383ABD29): 26
LogDevObjectVersion:   Dev-Sequencer (7B5AE74C-D270-4C10-A958-57980B212A5A): 9
LogDevObjectVersion:   Dev-VR (D7296918-1DD6-4BDD-9DE2-64A83CC13884): 2
LogDevObjectVersion:   Dev-LoadTimes (C2A15278-BFE7-4AFE-6C17-90FF531DF755): 1
LogDevObjectVersion:   Private-Geometry (6EACA3D4-40EC-4CC1-B786-8BED09428FC5): 3
LogDevObjectVersion:   Dev-AnimPhys (29E575DD-E0A3-4627-9D10-D276232CDCEA): 17
LogDevObjectVersion:   Dev-ReflectionCapture (6B266CEC-1EC7-4B8F-A30B-E4D90942FC07): 1
LogDevObjectVersion:   Dev-Automation (0DF73D61-A23F-47EA-B727-89E90C41499A): 1
LogDevObjectVersion:   FortniteMain (601D1886-AC64-4F84-AA16-D3DE0DEAC7D6): 12
LogDevObjectVersion:   Dev-Enterprise (9DFFBCD6-494F-0158-E221-12823C92A888): 1
LogStreaming: Display: Took  0.026s to delete old logs.
LogInit: Presizing for max 8388607 objects, including 0 objects not considered by GC, pre-allocating 0 bytes for permanent pool.
LogInit: Object subsystem initialized
[2019.01.26-01.57.46:975][  0]LogInit: Selected Device Profile: [Windows]
[2019.01.26-01.57.46:975][  0]LogInit: Applying CVar settings loaded from the selected device profile: [Windows]
[2019.01.26-01.57.47:016][  0]LogHAL: Display: Platform has ~ 16 GB [17092038656 / 17179869184 / 16], which maps to Larger [LargestMinGB=32, LargerMinGB=12, DefaultMinGB=8, SmallerMinGB=6, SmallestMinGB=0)
[2019.01.26-01.57.47:016][  0]LogInit: Setting Device Profile CVar: [[r.Vulkan.UseRealUBs:1]]
[2019.01.26-01.57.47:016][  0]LogInit: Going up to parent DeviceProfile []
[2019.01.26-01.57.47:017][  0]LogInit: Computer: C115-11
[2019.01.26-01.57.47:017][  0]LogInit: User: w017177h
[2019.01.26-01.57.47:017][  0]LogInit: CPU Page size=4096, Cores=4
[2019.01.26-01.57.47:017][  0]LogInit: High frequency timer resolution =3.410072 MHz
[2019.01.26-01.57.47:017][  0]LogMemory: Memory total: Physical=15.9GB (16GB approx)
[2019.01.26-01.57.47:017][  0]LogMemory: Platform Memory Stats for Windows
[2019.01.26-01.57.47:017][  0]LogMemory: Process Physical Memory: 101.43 MB used, 101.43 MB peak
[2019.01.26-01.57.47:017][  0]LogMemory: Process Virtual Memory: 85.59 MB used, 85.59 MB peak
[2019.01.26-01.57.47:017][  0]LogMemory: Physical Memory: 4639.03 MB used,  11661.21 MB free, 16300.24 MB total
[2019.01.26-01.57.47:017][  0]LogMemory: Virtual Memory: 4634.85 MB used,  11661.21 MB free, 134217728.00 MB total
[2019.01.26-01.57.47:055][  0]LogInit: Using OS detected language (en-US).
[2019.01.26-01.57.47:055][  0]LogInit: Using OS detected locale (en-GB).
[2019.01.26-01.57.47:056][  0]LogTextLocalizationManager: No specific localization for 'en-US' exists, so the 'en' localization will be used.
[2019.01.26-01.57.47:435][  0]LogStreaming: Display: Took  0.380s to InitEngineTextLocalization.
[2019.01.26-01.57.47:435][  0]LogInit: Setting process to per monitor DPI aware
[2019.01.26-01.57.47:470][  0]LogSlate: New Slate User Created.  User Index 0, Is Virtual User: 0
[2019.01.26-01.57.47:470][  0]LogSlate: Slate User Registered.  User Index 0, Is Virtual User: 0
[2019.01.26-01.57.47:792][  0]LogHMD: Failed to initialize OpenVR with code 110
[2019.01.26-01.57.47:792][  0]LogD3D11RHI: D3D11 adapters:
[2019.01.26-01.57.47:905][  0]LogD3D11RHI:    0. 'NVIDIA GeForce GTX 970' (Feature Level 11_0)
[2019.01.26-01.57.47:905][  0]LogD3D11RHI:       4043/0/8150 MB DedicatedVideo/DedicatedSystem/SharedSystem, Outputs:2, VendorId:0x10de
[2019.01.26-01.57.47:908][  0]LogD3D11RHI:    1. 'Microsoft Basic Render Driver' (Feature Level 11_0)
[2019.01.26-01.57.47:908][  0]LogD3D11RHI:       0/0/8150 MB DedicatedVideo/DedicatedSystem/SharedSystem, Outputs:0, VendorId:0x1414
[2019.01.26-01.57.47:908][  0]LogD3D11RHI: Chosen D3D11 Adapter: 0
[2019.01.26-01.57.47:916][  0]LogD3D11RHI: Creating new Direct3DDevice
[2019.01.26-01.57.47:916][  0]LogD3D11RHI:     GPU DeviceId: 0x13c2 (for the marketing name, search the web for "GPU Device Id")
[2019.01.26-01.57.47:916][  0]LogWindows: EnumDisplayDevices:
[2019.01.26-01.57.47:916][  0]LogWindows:    0. 'NVIDIA GeForce GTX 970' (P:1 D:1)
[2019.01.26-01.57.47:917][  0]LogWindows:    1. 'NVIDIA GeForce GTX 970' (P:0 D:1)
[2019.01.26-01.57.47:917][  0]LogWindows:    2. 'NVIDIA GeForce GTX 970' (P:0 D:0)
[2019.01.26-01.57.47:918][  0]LogWindows:    3. 'NVIDIA GeForce GTX 970' (P:0 D:0)
[2019.01.26-01.57.47:918][  0]LogWindows: DebugString: FoundDriverCount:4 
[2019.01.26-01.57.47:918][  0]LogD3D11RHI:     Adapter Name: NVIDIA GeForce GTX 970
[2019.01.26-01.57.47:918][  0]LogD3D11RHI:   Driver Version: 398.82 (internal:24.21.13.9882, unified:398.82)
[2019.01.26-01.57.47:918][  0]LogD3D11RHI:      Driver Date: 7-30-2018
[2019.01.26-01.57.47:918][  0]LogRHI: Texture pool is 2830 MB (70% of 4043 MB)
[2019.01.26-01.57.47:981][  0]LogD3D11RHI: Async texture creation enabled
[2019.01.26-01.57.47:999][  0]LogD3D11RHI: GPU Timing Frequency: 1000.000000 (Debug: 2 2)
[2019.01.26-01.57.48:047][  0]LogShaderCompilers: Guid format shader working directory is -17 characters bigger than the processId version (../../../../../../Users/w017177h.STUDENT/Documents/Github/GGJ2019/GGJ2019/Intermediate/Shaders/WorkingDirectory/10884/).
[2019.01.26-01.57.48:047][  0]LogShaderCompilers: Cleaned the shader compiler working directory 'C:/Users/w017177h.STUDENT/AppData/Local/Temp/UnrealShaderWorkingDir/E1A72B634C4101C05946E8A3996FDFE4/'.
[2019.01.26-01.57.48:535][  0]LogTemp: Display: Loaded TP AllDesktopTargetPlatform
[2019.01.26-01.57.48:551][  0]LogTemp: Display: Loaded TP MacClientTargetPlatform
[2019.01.26-01.57.48:568][  0]LogTemp: Display: Loaded TP MacNoEditorTargetPlatform
[2019.01.26-01.57.48:584][  0]LogTemp: Display: Loaded TP MacServerTargetPlatform
[2019.01.26-01.57.48:602][  0]LogTemp: Display: Loaded TP MacTargetPlatform
[2019.01.26-01.57.48:618][  0]LogTemp: Display: Loaded TP WindowsClientTargetPlatform
[2019.01.26-01.57.48:650][  0]LogTemp: Display: Loaded TP WindowsNoEditorTargetPlatform
[2019.01.26-01.57.48:671][  0]LogTemp: Display: Loaded TP WindowsServerTargetPlatform
[2019.01.26-01.57.48:680][  0]LogTemp: Display: Loaded TP WindowsTargetPlatform
[2019.01.26-01.57.48:789][  0]LogTemp: Display: Loaded TP AndroidTargetPlatform
[2019.01.26-01.57.48:789][  0]LogTemp: Display: Loaded TP AndroidTargetPlatform
[2019.01.26-01.57.48:789][  0]LogTemp: Display: Loaded TP AndroidTargetPlatform
[2019.01.26-01.57.48:789][  0]LogTemp: Display: Loaded TP AndroidTargetPlatform
[2019.01.26-01.57.48:789][  0]LogTemp: Display: Loaded TP AndroidTargetPlatform
[2019.01.26-01.57.48:789][  0]LogTemp: Display: Loaded TP AndroidTargetPlatform
[2019.01.26-01.57.48:789][  0]LogTemp: Display: Loaded TP AndroidTargetPlatform
[2019.01.26-01.57.48:789][  0]LogTemp: Display: Loaded TP AndroidTargetPlatform
[2019.01.26-01.57.48:789][  0]LogTemp: Display: Loaded TP AndroidTargetPlatform
[2019.01.26-01.57.48:789][  0]LogTemp: Display: Loaded TP AndroidTargetPlatform
[2019.01.26-01.57.48:789][  0]LogTemp: Display: Loaded TP AndroidTargetPlatform
[2019.01.26-01.57.48:789][  0]LogTemp: Display: Loaded TP AndroidTargetPlatform
[2019.01.26-01.57.48:789][  0]LogTemp: Display: Loaded TP AndroidTargetPlatform
[2019.01.26-01.57.48:789][  0]LogTemp: Display: Loaded TP AndroidTargetPlatform
[2019.01.26-01.57.48:789][  0]LogTemp: Display: Loaded TP AndroidTargetPlatform
[2019.01.26-01.57.48:789][  0]LogTemp: Display: Loaded TP AndroidTargetPlatform
[2019.01.26-01.57.48:789][  0]LogTemp: Display: Loaded TP AndroidTargetPlatform
[2019.01.26-01.57.48:789][  0]LogTemp: Display: Loaded TP AndroidTargetPlatform
[2019.01.26-01.57.48:792][  0]LogTemp: Display: Loaded TP HTML5TargetPlatform
[2019.01.26-01.57.48:862][  0]LogTemp: Display: Loaded TP IOSTargetPlatform
[2019.01.26-01.57.48:862][  0]LogTemp: Display: Loaded TP IOSTargetPlatform
[2019.01.26-01.57.48:918][  0]LogTemp: Display: Loaded TP TVOSTargetPlatform
[2019.01.26-01.57.48:918][  0]LogTemp: Display: Loaded TP TVOSTargetPlatform
[2019.01.26-01.57.48:935][  0]LogTemp: Display: Loaded TP LinuxClientTargetPlatform
[2019.01.26-01.57.48:949][  0]LogTemp: Display: Loaded TP LinuxNoEditorTargetPlatform
[2019.01.26-01.57.48:964][  0]LogTemp: Display: Loaded TP LinuxServerTargetPlatform
[2019.01.26-01.57.48:979][  0]LogTemp: Display: Loaded TP LinuxTargetPlatform
[2019.01.26-01.57.48:991][  0]LogTemp: Display: Loaded TP LuminTargetPlatform
[2019.01.26-01.57.48:991][  0]LogTargetPlatformManager: Display: Building Assets For Windows
[2019.01.26-01.57.49:128][  0]LogXGEController: Cleaning working directory: C:/Users/w017177h.STUDENT/AppData/Local/Temp/UnrealXGEWorkingDir/
[2019.01.26-01.57.49:129][  0]LogXGEController: Cannot use XGE Controller as Incredibuild is not installed on this machine.
[2019.01.26-01.57.49:129][  0]LogShaderCompilers: Cannot use XGE Shader Compiler as Incredibuild is not installed on this machine.
[2019.01.26-01.57.49:129][  0]LogShaderCompilers: Display: Using Local Shader Compiler.
[2019.01.26-01.57.50:253][  0]LogDerivedDataCache: Display: Max Cache Size: 512 MB
[2019.01.26-01.57.50:347][  0]LogDerivedDataCache: Loaded boot cache 0.09s 71MB C:/Users/w017177h.STUDENT/AppData/Local/UnrealEngine/4.20/DerivedDataCache/Boot.ddc.
[2019.01.26-01.57.50:348][  0]LogDerivedDataCache: Display: Loaded Boot cache: C:/Users/w017177h.STUDENT/AppData/Local/UnrealEngine/4.20/DerivedDataCache/Boot.ddc
[2019.01.26-01.57.50:348][  0]LogDerivedDataCache: FDerivedDataBackendGraph:  Pak pak cache file ../../../../../../Users/w017177h.STUDENT/Documents/Github/GGJ2019/GGJ2019/DerivedDataCache/DDC.ddp not found, will not use a pak cache.
[2019.01.26-01.57.50:348][  0]LogDerivedDataCache: Unable to find inner node Pak for hierarchical cache Hierarchy.
[2019.01.26-01.57.50:348][  0]LogDerivedDataCache: FDerivedDataBackendGraph:  CompressedPak pak cache file ../../../../../../Users/w017177h.STUDENT/Documents/Github/GGJ2019/GGJ2019/DerivedDataCache/Compressed.ddp not found, will not use a pak cache.
[2019.01.26-01.57.50:348][  0]LogDerivedDataCache: Unable to find inner node CompressedPak for hierarchical cache Hierarchy.
[2019.01.26-01.57.50:361][  0]LogDerivedDataCache: Display: Pak cache opened for reading ../../../Engine/DerivedDataCache/Compressed.ddp.
[2019.01.26-01.57.50:374][  0]LogDerivedDataCache: Using Local data cache path C:/Users/w017177h.STUDENT/AppData/Local/UnrealEngine/Common/DerivedDataCache: Writable
[2019.01.26-01.57.50:374][  0]LogDerivedDataCache: Shared data cache path not found in *engine.ini, will not use an Shared cache.
[2019.01.26-01.57.50:374][  0]LogDerivedDataCache: Unable to find inner node Shared for hierarchical cache Hierarchy.
[2019.01.26-01.57.50:412][  0]LogMaterial: Verifying Global Shaders for PCD3D_SM5
[2019.01.26-01.57.50:413][  0]LogSlate: Using FreeType 2.6.0
[2019.01.26-01.57.50:414][  0]LogSlate: SlateFontServices - WITH_FREETYPE: 1, WITH_HARFBUZZ: 1
[2019.01.26-01.57.50:501][  0]LogAssetRegistry: FAssetRegistry took 0.0275 seconds to start up
[2019.01.26-01.57.50:944][  0]LogInit: Selected Device Profile: [Windows]
[2019.01.26-01.57.51:102][  0]LogSimplygon: Simplygon DLL not present - disabling.
[2019.01.26-01.57.51:108][  0]LogMeshReduction: Using SimplygonSwarm for distributed automatic mesh merging
[2019.01.26-01.57.51:108][  0]LogMeshReduction: Using ProxyLODMeshReduction for automatic mesh merging
[2019.01.26-01.57.51:108][  0]LogMeshReduction: Using QuadricMeshReduction for automatic static mesh reduction
[2019.01.26-01.57.51:108][  0]LogMeshReduction: No automatic skeletal mesh reduction module available
[2019.01.26-01.57.51:127][  0]LogNetVersion: GGJ2019 1.0.0, NetCL: 4212847, EngineNetVer: 5, GameNetVer: 0 (Checksum: 54619999)
[2019.01.26-01.57.51:809][  0]LogPackageLocalizationCache: Processed 11 localized package path(s) for 2 prioritized culture(s) in 0.210141 seconds
[2019.01.26-01.57.51:815][  0]LogUObjectArray: 38425 objects as part of root set at end of initial load.
[2019.01.26-01.57.51:815][  0]LogUObjectAllocator: 6690864 out of 0 bytes used by permanent object pool.
[2019.01.26-01.57.51:815][  0]LogUObjectArray: CloseDisregardForGC: 0/0 objects in disregard for GC pool
[2019.01.26-01.57.52:953][  0]LogTcpMessaging: Initializing TcpMessaging bridge
[2019.01.26-01.57.52:966][  0]LogUdpMessaging: Initializing bridge on interface 0.0.0.0:0 to multicast group 230.0.0.1:6666.
[2019.01.26-01.57.53:201][  0]SourceControl: Source control is disabled
[2019.01.26-01.57.53:201][  0]SourceControl: Source control is disabled
[2019.01.26-01.57.53:203][  0]SourceControl: Source control is disabled
[2019.01.26-01.57.53:204][  0]SourceControl: Source control is disabled
[2019.01.26-01.57.53:442][  0]LogAndroidPermission: UAndroidPermissionCallbackProxy::GetInstance
[2019.01.26-01.57.53:659][  0]LogOcInput: OculusInput pre-init called
[2019.01.26-01.57.53:765][  0]LogEngine: Initializing Engine...
[2019.01.26-01.57.53:766][  0]LogHMD: Failed to initialize OpenVR with code 110
[2019.01.26-01.57.53:768][  0]LogStats: UGameplayTagsManager::ConstructGameplayTagTree: ImportINI prefixes -  0.000 s
[2019.01.26-01.57.53:769][  0]LogStats: UGameplayTagsManager::ConstructGameplayTagTree: Construct from data asset -  0.000 s
[2019.01.26-01.57.53:769][  0]LogStats: UGameplayTagsManager::ConstructGameplayTagTree: ImportINI -  0.001 s
[2019.01.26-01.57.53:769][  0]LogStats: UGameplayTagsManager::ConstructGameplayTagTree: GameplayTagTreeChangedEvent.Broadcast -  0.000 s
[2019.01.26-01.57.54:040][  0]LogInit: Initializing FReadOnlyCVARCache
[2019.01.26-01.57.54:063][  0]LogAIModule: Creating AISystem for world Untitled
[2019.01.26-01.57.54:084][  0]LogInit: XAudio2 using 'Headset Earphone (Razer ManO'War)' : 2 channels at 48 kHz using 16 bits per sample (channel mask 0x3)
[2019.01.26-01.57.54:124][  0]LogInit: FAudioDevice initialized.
[2019.01.26-01.57.54:124][  0]LogNetVersion: Set ProjectVersion to 1.0.0.0. Version Checksum will be recalculated on next use.
[2019.01.26-01.57.54:226][  0]LogDerivedDataCache: Saved boot cache 0.10s 71MB C:/Users/w017177h.STUDENT/AppData/Local/UnrealEngine/4.20/DerivedDataCache/Boot.ddc.
[2019.01.26-01.57.54:274][  0]LogInit: Texture streaming: Enabled
[2019.01.26-01.57.54:310][  0]LogEngineSessionManager: EngineSessionManager initialized
[2019.01.26-01.57.54:310][  0]LogEngineSessionManager: EngineSessionManager sent abnormal shutdown report. Type=Debugger, SessionId={11F88987-4448-7497-141A-A1825DE87AF6}
[2019.01.26-01.57.54:310][  0]LogEngineSessionManager: EngineSessionManager sent abnormal shutdown report. Type=Debugger, SessionId={95892553-443B-269B-BCAF-C6B61C398FD9}
[2019.01.26-01.57.54:361][  0]LogWindowsTextInputMethodSystem: Display: IME system now deactivated.
[2019.01.26-01.57.54:439][  0]LogInit: Transaction tracking system initialized
[2019.01.26-01.57.54:504][  0]BlueprintLog: New page: Editor Load
[2019.01.26-01.57.54:650][  0]LocalizationService: Localization service is disabled
[2019.01.26-01.57.55:111][  0]LogCook: Display: Max memory allowance for cook 16384mb min free memory 0mb
[2019.01.26-01.57.55:111][  0]LogCook: Display: Mobile HDR setting 1
[2019.01.26-01.57.55:111][  0]LogGameplayTags: Display: UGameplayTagsManager::DoneAddingNativeTags. DelegateIsBound: 0
[2019.01.26-01.57.55:112][  0]LogStats: UGameplayTagsManager::ConstructGameplayTagTree: ImportINI prefixes -  0.000 s
[2019.01.26-01.57.55:112][  0]LogStats: UGameplayTagsManager::ConstructGameplayTagTree: Construct from data asset -  0.000 s
[2019.01.26-01.57.55:112][  0]LogStats: UGameplayTagsManager::ConstructGameplayTagTree: ImportINI -  0.000 s
[2019.01.26-01.57.55:112][  0]LogStats: UGameplayTagsManager::ConstructGameplayTagTree: GameplayTagTreeChangedEvent.Broadcast -  0.000 s
[2019.01.26-01.57.55:285][  0]LogFileCache: Scanning file cache for directory 'C:/Users/w017177h.STUDENT/Documents/Github/GGJ2019/GGJ2019/Content/' took 0.02s
[2019.01.26-01.57.55:285][  0]SourceControl: Source control is disabled
[2019.01.26-01.57.55:285][  0]Cmd: MAP LOAD FILE="../../../../../../Users/w017177h.STUDENT/Documents/Github/GGJ2019/GGJ2019/Content/GameLevel.umap" TEMPLATE=0 SHOWPROGRESS=1 FEATURELEVEL=3
[2019.01.26-01.57.55:286][  0]LightingResults: New page: Lighting Build
[2019.01.26-01.57.55:292][  0]MapCheck: New page: Map Check
[2019.01.26-01.57.55:292][  0]LightingResults: New page: Lighting Build
[2019.01.26-01.57.55:591][  0]LogAIModule: Creating AISystem for world GameLevel
[2019.01.26-01.57.55:601][  0]LogEditorServer: Finished looking for orphan Actors (0.000 secs)
[2019.01.26-01.57.55:627][  0]Cmd: MAP CHECKDEP NOCLEARLOG
[2019.01.26-01.57.55:824][  0]MapCheck: Map check complete: 0 Error(s), 0 Warning(s), took 195.755ms to complete.
[2019.01.26-01.57.55:824][  0]LogFileHelpers: Loading map 'GameLevel' took 0.539
[2019.01.26-01.57.55:943][  0]LogSlate: Updating window title bar state: overlay mode, drag disabled, window buttons hidden, title bar hidden
[2019.01.26-01.57.55:952][  0]LogSlate: Updating window title bar state: overlay mode, drag disabled, window buttons hidden, title bar hidden
[2019.01.26-01.57.55:958][  0]LogSlate: Updating window title bar state: overlay mode, drag disabled, window buttons hidden, title bar hidden
[2019.01.26-01.57.55:966][  0]LogSlate: Updating window title bar state: overlay mode, drag disabled, window buttons hidden, title bar hidden
[2019.01.26-01.57.55:976][  0]LogCollectionManager: Loaded 0 collections in 0.003496 seconds
[2019.01.26-01.57.56:024][  0]LogFileCache: Scanning file cache for directory 'C:/Users/w017177h.STUDENT/Documents/Github/GGJ2019/GGJ2019/Saved/Collections/' took 0.01s
[2019.01.26-01.57.56:024][  0]LogFileCache: Scanning file cache for directory 'C:/Users/w017177h.STUDENT/Documents/Github/GGJ2019/GGJ2019/Content/Developers/w017177h/Collections/' took 0.01s
[2019.01.26-01.57.56:024][  0]LogFileCache: Scanning file cache for directory 'C:/Users/w017177h.STUDENT/Documents/Github/GGJ2019/GGJ2019/Content/Collections/' took 0.01s
[2019.01.26-01.57.56:024][  0]LogCollectionManager: Rebuilt the GUID cache for 0 collections in 0.000000 seconds
[2019.01.26-01.57.56:035][  0]LogContentBrowser: Native class hierarchy populated in 0.0104 seconds. Added 2578 classes and 605 folders.
[2019.01.26-01.57.56:045][  0]LogContentBrowser: Native class hierarchy updated for 'WidgetCarousel' in 0.0005 seconds. Added 0 classes and 0 folders.
[2019.01.26-01.57.56:139][  0]LogContentBrowser: Native class hierarchy updated for 'AddContentDialog' in 0.0005 seconds. Added 0 classes and 0 folders.
[2019.01.26-01.57.56:147][  0]LogContentBrowser: Native class hierarchy updated for 'SceneOutliner' in 0.0005 seconds. Added 1 classes and 2 folders.
[2019.01.26-01.57.56:184][  0]LogSlate: Took 0.000443 seconds to synchronously load lazily loaded font '../../../Engine/Content/Slate/Fonts/Roboto-Regular.ttf' (155K)
[2019.01.26-01.57.56:189][  0]LogSlate: Took 0.000278 seconds to synchronously load lazily loaded font '../../../Engine/Content/Slate/Fonts/Roboto-Bold.ttf' (160K)
[2019.01.26-01.57.56:196][  0]LogSlate: Took 0.000286 seconds to synchronously load lazily loaded font '../../../Engine/Content/Editor/Slate/Fonts/FontAwesome.ttf' (139K)
[2019.01.26-01.57.56:285][  0]LogRenderer: Reallocating scene render targets to support 1208x576 Format 10 NumSamples 1 (Frame:1).
[2019.01.26-01.57.56:351][  0]LogSlate: Took 0.000311 seconds to synchronously load lazily loaded font '../../../Engine/Content/Slate/Fonts/Roboto-Light.ttf' (167K)
[2019.01.26-01.57.56:493][  0]LogContentBrowser: Native class hierarchy updated for 'HierarchicalLODOutliner' in 0.0006 seconds. Added 0 classes and 0 folders.
[2019.01.26-01.57.56:493][  0]LogLoad: (Engine Initialization) Total time: 12.91 seconds
[2019.01.26-01.57.56:493][  0]LogLoad: (Engine Initialization) Total Blueprint compile time: 0.00 seconds
[2019.01.26-01.57.56:538][  0]LogContentStreaming: Texture pool size now 1000 MB
[2019.01.26-01.57.56:563][  1]LogFileCache: Retrieving MD5 hashes for directory 'C:/Users/w017177h.STUDENT/Documents/Github/GGJ2019/GGJ2019/Content/' took 0.05s
[2019.01.26-01.57.56:576][  1]LogAssetRegistry: Asset discovery search completed in 6.0975 seconds
[2019.01.26-01.57.56:578][  1]LogCollectionManager: Rebuilt the object cache for 0 collections in 0.000000 seconds (found 0 objects)
[2019.01.26-01.57.56:578][  1]LogCollectionManager: Fixed up redirectors for 0 collections in 0.000071 seconds (updated 0 objects)
[2019.01.26-01.58.01:251][541]LogSlate: FSceneViewport::OnFocusLost() reason 0
[2019.01.26-01.58.01:317][549]LogTemp: Repeating last play command: Selected Viewport
[2019.01.26-01.58.01:337][549]LogPlayLevel: PlayLevel: No blueprints needed recompiling
[2019.01.26-01.58.01:349][549]PIE: New page: PIE session: GameLevel (26 Jan 2019 01:58:01)
[2019.01.26-01.58.01:349][549]LogPlayLevel: Creating play world package: /Game/UEDPIE_0_GameLevel
[2019.01.26-01.58.01:368][549]LogPlayLevel: PIE: StaticDuplicateObject took: (0.019254s)
[2019.01.26-01.58.01:369][549]LogAIModule: Creating AISystem for world GameLevel
[2019.01.26-01.58.01:369][549]LogPlayLevel: PIE: World Init took: (0.000806s)
[2019.01.26-01.58.01:369][549]LogPlayLevel: PIE: Created PIE world by copying editor world from /Game/GameLevel.GameLevel to /Game/UEDPIE_0_GameLevel.GameLevel (0.020211s)
[2019.01.26-01.58.01:399][549]LogInit: XAudio2 using 'Headset Earphone (Razer ManO'War)' : 2 channels at 48 kHz using 16 bits per sample (channel mask 0x3)
[2019.01.26-01.58.01:409][549]LogInit: FAudioDevice initialized.
[2019.01.26-01.58.01:466][549]LogLinker: Warning: CreateExport: Failed to load Parent for BlueprintGeneratedClass /Game/Pickup_BP_Base.Pickup_BP_Base_C
[2019.01.26-01.58.01:466][549]LogLinker: Warning: CreateExport: Failed to load Parent for BlueprintGeneratedClass /Game/Pickup_BP_Base.Pickup_BP_Base_C
[2019.01.26-01.58.01:466][549]LogLinker: Warning: CreateExport: Failed to load Parent for BlueprintGeneratedClass /Game/Pickup_BP_Base.Pickup_BP_Base_C
[2019.01.26-01.58.01:467][549]LogLinker: Warning: Unable to load Default__Pickup_BP_Base_C with outer Package /Game/Pickup_BP_Base because its class does not exist
[2019.01.26-01.58.01:467][549]LogLinker: Warning: CreateExport: Failed to load Parent for BlueprintGeneratedClass /Game/Pickup_BP_Base.Pickup_BP_Base_C
[2019.01.26-01.58.01:467][549]LogLinker: Warning: CreateExport: Failed to load Parent for BlueprintGeneratedClass /Game/Pickup_BP_Base.Pickup_BP_Base_C
[2019.01.26-01.58.01:467][549]LogLinker: Warning: CreateExport: Failed to load Parent for BlueprintGeneratedClass /Game/Pickup_BP_Base.Pickup_BP_Base_C
[2019.01.26-01.58.01:468][549]LogLinker: Warning: CreateExport: Failed to load Parent for BlueprintGeneratedClass /Game/Pickup_BP_Base.Pickup_BP_Base_C
[2019.01.26-01.58.01:469][549]LogLinker: Warning: CreateExport: Failed to load Parent for BlueprintGeneratedClass /Game/Pickup_BP_Base.Pickup_BP_Base_C
[2019.01.26-01.58.01:469][549]LogLinker: Warning: CreateExport: Failed to load Parent for BlueprintGeneratedClass /Game/Pickup_BP_Base.Pickup_BP_Base_C
[2019.01.26-01.58.01:469][549]LogLinker: Warning: CreateExport: Failed to load Parent for BlueprintGeneratedClass /Game/Pickup_BP_Base.Pickup_BP_Base_C
[2019.01.26-01.58.01:477][549]LogLinker: Warning: CreateExport: Failed to load Parent for BlueprintGeneratedClass /Game/Pickup_BP_Weapon.Pickup_BP_Weapon_C
[2019.01.26-01.58.01:477][549]LogLinker: Warning: CreateExport: Failed to load Parent for BlueprintGeneratedClass /Game/Pickup_BP_Weapon.Pickup_BP_Weapon_C
[2019.01.26-01.58.01:477][549]LogLinker: Warning: CreateExport: Failed to load Parent for BlueprintGeneratedClass /Game/Pickup_BP_Weapon.Pickup_BP_Weapon_C
[2019.01.26-01.58.01:477][549]LogLinker: Warning: Unable to load Default__Pickup_BP_Weapon_C with outer Package /Game/Pickup_BP_Weapon because its class does not exist
[2019.01.26-01.58.01:477][549]LogLinker: Warning: CreateExport: Failed to load Parent for BlueprintGeneratedClass /Game/Pickup_BP_Weapon.Pickup_BP_Weapon_C
[2019.01.26-01.58.01:477][549]LogLinker: Warning: CreateExport: Failed to load Parent for BlueprintGeneratedClass /Game/Pickup_BP_Weapon.Pickup_BP_Weapon_C
[2019.01.26-01.58.01:477][549]LogLinker: Warning: CreateExport: Failed to load Parent for BlueprintGeneratedClass /Game/Pickup_BP_Weapon.Pickup_BP_Weapon_C
[2019.01.26-01.58.01:478][549]LogLinker: Warning: CreateExport: Failed to load Parent for BlueprintGeneratedClass /Game/Pickup_BP_Weapon.Pickup_BP_Weapon_C
[2019.01.26-01.58.01:478][549]LogLinker: Warning: CreateExport: Failed to load Parent for BlueprintGeneratedClass /Game/Pickup_BP_Weapon.Pickup_BP_Weapon_C
[2019.01.26-01.58.01:478][549]LogLinker: Warning: CreateExport: Failed to load Parent for BlueprintGeneratedClass /Game/Pickup_BP_Weapon.Pickup_BP_Weapon_C
[2019.01.26-01.58.01:478][549]LogLinker: Warning: CreateExport: Failed to load Parent for BlueprintGeneratedClass /Game/Pickup_BP_Weapon.Pickup_BP_Weapon_C
[2019.01.26-01.58.01:511][549]LogLinker: Warning: CreateExport: Failed to load Parent for BlueprintGeneratedClass /Game/Pickup_BP_Base.Pickup_BP_Base_C
[2019.01.26-01.58.01:511][549]LogLinker: Warning: CreateExport: Failed to load Parent for BlueprintGeneratedClass /Game/Pickup_BP_Weapon.Pickup_BP_Weapon_C
[2019.01.26-01.58.01:511][549]LogLinker: Warning: CreateExport: Failed to load Parent for BlueprintGeneratedClass /Game/Pickup_BP_Base.Pickup_BP_Base_C
[2019.01.26-01.58.01:511][549]LogLinker: Warning: CreateExport: Failed to load Parent for BlueprintGeneratedClass /Game/Pickup_BP_Weapon.Pickup_BP_Weapon_C
[2019.01.26-01.58.01:516][549]LogLinker: Warning: CreateExport: Failed to load Parent for BlueprintGeneratedClass /Game/Pickup_BP_Base.Pickup_BP_Base_C
[2019.01.26-01.58.01:517][549]LogLinker: Warning: CreateExport: Failed to load Parent for BlueprintGeneratedClass /Game/Pickup_BP_Base.Pickup_BP_Base_C
[2019.01.26-01.58.01:517][549]LogLinker: Warning: CreateExport: Failed to load Parent for BlueprintGeneratedClass /Game/Pickup_BP_Weapon.Pickup_BP_Weapon_C
[2019.01.26-01.58.01:517][549]LogLinker: Warning: CreateExport: Failed to load Parent for BlueprintGeneratedClass /Game/Pickup_BP_Weapon.Pickup_BP_Weapon_C
[2019.01.26-01.58.01:523][549]LogBlueprint: Warning: [Compiler Player_BP_Base] Could not find a variable named "damageActive" in 'Player_BP_Base'.
Make sure 'Player_BP_Base' has been compiled for  Set damageActive
[2019.01.26-01.58.01:523][549]LogBlueprint: Warning: [Compiler Player_BP_Base] Could not find a variable named "pickupActive" in 'Player_BP_Base'.
Make sure 'Player_BP_Base' has been compiled for  Set pickupActive
[2019.01.26-01.58.01:523][549]LogBlueprint: Warning: [Compiler Player_BP_Base] Could not find a variable named "pickupActive" in 'Player_BP_Base'.
Make sure 'Player_BP_Base' has been compiled for  Get pickupActive
[2019.01.26-01.58.01:523][549]LogBlueprint: Error: [Compiler Player_BP_Base] Can't connect pins  Object  and  Other Actor : This cast has an invalid target type (was the class deleted without a redirect?).
[2019.01.26-01.58.01:523][549]LogBlueprint: Error: [Compiler Player_BP_Base] In use pin  As Pickup BP Weapon  no longer exists on node  Bad cast node . Please refresh node or break links to remove pin.
[2019.01.26-01.58.01:524][549]LogBlueprint: Warning: [Compiler Player_BP_Base] Could not find a variable named "pickupActive" in 'Player_BP_Base'.
Make sure 'Player_BP_Base' has been compiled for  Set pickupActive
[2019.01.26-01.58.01:524][549]LogBlueprint: Warning: [Compiler Player_BP_Base] Could not find a variable named "pickupActive" in 'Player_BP_Base'.
Make sure 'Player_BP_Base' has been compiled for  Get pickupActive
[2019.01.26-01.58.01:524][549]LogBlueprint: Error: [Compiler Player_BP_Base] Can't connect pins  Object  and  Other Actor : This cast has an invalid target type (was the class deleted without a redirect?).
[2019.01.26-01.58.01:524][549]LogBlueprint: Error: [Compiler Player_BP_Base] In use pin  As Pickup BP Base  no longer exists on node  Bad cast node . Please refresh node or break links to remove pin.
[2019.01.26-01.58.01:524][549]LogBlueprint: Warning: [Compiler Player_BP_Base] Could not find a variable named "movementVelocity" in 'Player_BP_Base_C'.
Make sure 'Player_BP_Base_C' has been compiled for  Get movementVelocity
[2019.01.26-01.58.01:524][549]LogBlueprint: Warning: [Compiler Player_BP_Base] Could not find a variable named "playerCamera" in 'Player_BP_Base_C'.
Make sure 'Player_BP_Base_C' has been compiled for  Get playerCamera
[2019.01.26-01.58.01:525][549]LogBlueprint: Error: [Compiler Player_BP_Base] Can't connect pins  Other Actor  and  Object : This cast has an invalid target type (was the class deleted without a redirect?).
[2019.01.26-01.58.01:525][549]LogBlueprint: Error: [Compiler Player_BP_Base] The property associated with  Damage Active  could not be found in '/Game/Player_BP_Base.Player_BP_Base_C'
[2019.01.26-01.58.01:525][549]LogBlueprint: Error: [Compiler Player_BP_Base] The property associated with  Pickup Active  could not be found in '/Game/Player_BP_Base.Player_BP_Base_C'
[2019.01.26-01.58.01:525][549]LogBlueprint: Error: [Compiler Player_BP_Base] The property associated with  Pickup Active  could not be found in '/Game/Player_BP_Base.Player_BP_Base_C'
[2019.01.26-01.58.01:526][549]LogBlueprint: Error: [Compiler Player_BP_Base] The property associated with  Pickup Active  could not be found in '/Game/Player_BP_Base.Player_BP_Base_C'
[2019.01.26-01.58.01:526][549]LogBlueprint: Error: [Compiler Player_BP_Base] The property associated with  Pickup Active  could not be found in '/Game/Player_BP_Base.Player_BP_Base_C'
[2019.01.26-01.58.01:526][549]LogBlueprint: Error: [Compiler Player_BP_Base] The property associated with  Player Camera  could not be found in '/Game/Player_BP_Base.Player_BP_Base_C'
[2019.01.26-01.58.01:526][549]LogBlueprint: Error: [Compiler Player_BP_Base] The property associated with  Movement Velocity  could not be found in '/Game/Player_BP_Base.Player_BP_Base_C'
[2019.01.26-01.58.01:529][549]LogBlueprint: Warning: [Compiler Player_BP_Base] [0017.95] Compile of Player_BP_Base failed. 12 Fatal Issue(s) 7 Warning(s) [in 10 ms] (/Game/Player_BP_Base.Player_BP_Base)
[2019.01.26-01.58.01:539][549]LogLinker: Warning: CreateExport: Failed to load Parent for BlueprintGeneratedClass /Game/Pickup_BP_Base.Pickup_BP_Base_C
[2019.01.26-01.58.01:539][549]LogLinker: Warning: CreateExport: Failed to load Parent for BlueprintGeneratedClass /Game/Pickup_BP_Base.Pickup_BP_Base_C
[2019.01.26-01.58.01:540][549]LogLinker: Warning: CreateExport: Failed to load Parent for BlueprintGeneratedClass /Game/Pickup_BP_Weapon.Pickup_BP_Weapon_C
[2019.01.26-01.58.01:540][549]LogBlueprint: Warning: FMemberReference::ResolveMember (OnWeaponBeginOverlap) bSelfContext == true, but no scope supplied!
[2019.01.26-01.58.01:540][549]LogLinker: Warning: CreateExport: Failed to load Parent for BlueprintGeneratedClass /Game/Pickup_BP_Weapon.Pickup_BP_Weapon_C
[2019.01.26-01.58.01:594][549]LogLoad: Game class is 'GGJ2019GM_C'
[2019.01.26-01.58.01:598][549]LogWorld: Bringing World /Game/UEDPIE_0_GameLevel.GameLevel up for play (max tick rate 0) at 2019.01.26-01.58.01
[2019.01.26-01.58.01:598][549]LogWorld: Bringing up level for play took: 0.001626
[2019.01.26-01.58.01:619][549]LogContentBrowser: Native class hierarchy updated for 'MovieSceneCapture' in 0.0005 seconds. Added 10 classes and 0 folders.
[2019.01.26-01.58.01:621][549]PIE: Play in editor start time for /Game/UEDPIE_0_GameLevel 1.126
[2019.01.26-01.58.01:695][550]LoadErrors: Warning: CreateExport: Failed to load Outer for resource 'UberGraphFrame': BlueprintGeneratedClass /Game/Pickup_BP_Base.Pickup_BP_Base_C
[2019.01.26-01.58.01:695][550]LoadErrors: Warning: CreateExport: Failed to load Outer for resource 'Sphere': BlueprintGeneratedClass /Game/Pickup_BP_Base.Pickup_BP_Base_C
[2019.01.26-01.58.01:695][550]LoadErrors: Warning: CreateExport: Failed to load Outer for resource 'ExecuteUbergraph_Pickup_BP_Base': BlueprintGeneratedClass /Game/Pickup_BP_Base.Pickup_BP_Base_C
[2019.01.26-01.58.01:695][550]LoadErrors: Warning: CreateExport: Failed to load Outer for resource 'EntryPoint': Function /Game/Pickup_BP_Base.Pickup_BP_Base_C:ExecuteUbergraph_Pickup_BP_Base
[2019.01.26-01.58.01:696][550]LoadErrors: Warning: CreateExport: Failed to load Outer for resource 'CallFunc_IsOverlappingActor_ReturnValue': Function /Game/Pickup_BP_Base.Pickup_BP_Base_C:ExecuteUbergraph_Pickup_BP_Base
[2019.01.26-01.58.01:696][550]LoadErrors: Warning: CreateExport: Failed to load Outer for resource 'K2Node_Event_DeltaSeconds': Function /Game/Pickup_BP_Base.Pickup_BP_Base_C:ExecuteUbergraph_Pickup_BP_Base
[2019.01.26-01.58.01:696][550]LoadErrors: Warning: CreateExport: Failed to load Outer for resource 'ReceiveTick': BlueprintGeneratedClass /Game/Pickup_BP_Base.Pickup_BP_Base_C
[2019.01.26-01.58.01:696][550]LoadErrors: Warning: CreateExport: Failed to load Outer for resource 'DeltaSeconds': Function /Game/Pickup_BP_Base.Pickup_BP_Base_C:ReceiveTick
[2019.01.26-01.58.01:696][550]LoadErrors: Warning: CreateExport: Failed to load Outer for resource 'UserConstructionScript': BlueprintGeneratedClass /Game/Pickup_BP_Base.Pickup_BP_Base_C
[2019.01.26-01.58.01:696][550]LoadErrors: Warning: CreateExport: Failed to load Outer for resource 'DefaultSceneRoot_GEN_VARIABLE': BlueprintGeneratedClass /Game/Pickup_BP_Base.Pickup_BP_Base_C
[2019.01.26-01.58.01:696][550]LoadErrors: Warning: CreateExport: Failed to load Outer for resource 'SimpleConstructionScript_0': BlueprintGeneratedClass /Game/Pickup_BP_Base.Pickup_BP_Base_C
[2019.01.26-01.58.01:696][550]LoadErrors: Warning: CreateExport: Failed to load Outer for resource 'SCS_Node_0': SimpleConstructionScript /Game/Pickup_BP_Base.Pickup_BP_Base_C:SimpleConstructionScript_0
[2019.01.26-01.58.01:696][550]LoadErrors: Warning: CreateExport: Failed to load Outer for resource 'SCS_Node_1': SimpleConstructionScript /Game/Pickup_BP_Base.Pickup_BP_Base_C:SimpleConstructionScript_0
[2019.01.26-01.58.01:696][550]LoadErrors: Warning: CreateExport: Failed to load Outer for resource 'Pickup Circle Collider': Pickup_BP_Base_C /Game/Pickup_BP_Base.Default__Pickup_BP_Base_C
[2019.01.26-01.58.01:696][550]LoadErrors: Warning: CreateExport: Failed to load Outer for resource 'Base Mesh': Pickup_BP_Base_C /Game/Pickup_BP_Base.Default__Pickup_BP_Base_C
[2019.01.26-01.58.01:696][550]LoadErrors: Warning: CreateExport: Failed to load Outer for resource 'Sphere_GEN_VARIABLE': BlueprintGeneratedClass /Game/Pickup_BP_Base.Pickup_BP_Base_C
[2019.01.26-01.58.01:697][550]LoadErrors: Warning: CreateExport: Failed to load Outer for resource 'UberGraphFrame': BlueprintGeneratedClass /Game/Pickup_BP_Weapon.Pickup_BP_Weapon_C
[2019.01.26-01.58.01:697][550]LoadErrors: Warning: CreateExport: Failed to load Outer for resource 'Sphere': BlueprintGeneratedClass /Game/Pickup_BP_Weapon.Pickup_BP_Weapon_C
[2019.01.26-01.58.01:697][550]LoadErrors: Warning: CreateExport: Failed to load Outer for resource 'ExecuteUbergraph_Pickup_BP_Weapon': BlueprintGeneratedClass /Game/Pickup_BP_Weapon.Pickup_BP_Weapon_C
[2019.01.26-01.58.01:697][550]LoadErrors: Warning: CreateExport: Failed to load Outer for resource 'EntryPoint': Function /Game/Pickup_BP_Weapon.Pickup_BP_Weapon_C:ExecuteUbergraph_Pickup_BP_Weapon
[2019.01.26-01.58.01:697][550]LoadErrors: Warning: CreateExport: Failed to load Outer for resource 'CallFunc_GetOverlappingActors_OverlappingActors': Function /Game/Pickup_BP_Weapon.Pickup_BP_Weapon_C:ExecuteUbergraph_Pickup_BP_Weapon
[2019.01.26-01.58.01:697][550]LoadErrors: Warning: CreateExport: Failed to load Outer for resource 'CallFunc_GetOverlappingActors_OverlappingActors': ArrayProperty /Game/Pickup_BP_Weapon.Pickup_BP_Weapon_C:ExecuteUbergraph_Pickup_BP_Weapon.CallFunc_GetOverlappingActors_OverlappingActors
[2019.01.26-01.58.01:697][550]LoadErrors: Warning: CreateExport: Failed to load Outer for resource 'CallFunc_IsOverlappingActor_ReturnValue': Function /Game/Pickup_BP_Weapon.Pickup_BP_Weapon_C:ExecuteUbergraph_Pickup_BP_Weapon
[2019.01.26-01.58.01:698][550]LoadErrors: Warning: CreateExport: Failed to load Outer for resource 'Damage Box Component': Pickup_BP_Weapon_C /Game/Pickup_BP_Weapon.Default__Pickup_BP_Weapon_C
[2019.01.26-01.58.01:698][550]LoadErrors: Warning: CreateExport: Failed to load Outer for resource 'K2Node_Event_DeltaSeconds': Function /Game/Pickup_BP_Weapon.Pickup_BP_Weapon_C:ExecuteUbergraph_Pickup_BP_Weapon
[2019.01.26-01.58.01:698][550]LoadErrors: Warning: CreateExport: Failed to load Outer for resource 'ReceiveTick': BlueprintGeneratedClass /Game/Pickup_BP_Weapon.Pickup_BP_Weapon_C
[2019.01.26-01.58.01:698][550]LoadErrors: Warning: CreateExport: Failed to load Outer for resource 'DeltaSeconds': Function /Game/Pickup_BP_Weapon.Pickup_BP_Weapon_C:ReceiveTick
[2019.01.26-01.58.01:698][550]LoadErrors: Warning: CreateExport: Failed to load Outer for resource 'UserConstructionScript': BlueprintGeneratedClass /Game/Pickup_BP_Weapon.Pickup_BP_Weapon_C
[2019.01.26-01.58.01:698][550]LoadErrors: Warning: CreateExport: Failed to load Outer for resource 'DefaultSceneRoot_GEN_VARIABLE': BlueprintGeneratedClass /Game/Pickup_BP_Weapon.Pickup_BP_Weapon_C
[2019.01.26-01.58.01:698][550]LoadErrors: Warning: CreateExport: Failed to load Outer for resource 'SimpleConstructionScript_0': BlueprintGeneratedClass /Game/Pickup_BP_Weapon.Pickup_BP_Weapon_C
[2019.01.26-01.58.01:699][550]LoadErrors: Warning: CreateExport: Failed to load Outer for resource 'SCS_Node_0': SimpleConstructionScript /Game/Pickup_BP_Weapon.Pickup_BP_Weapon_C:SimpleConstructionScript_0
[2019.01.26-01.58.01:699][550]LoadErrors: Warning: CreateExport: Failed to load Outer for resource 'SCS_Node_1': SimpleConstructionScript /Game/Pickup_BP_Weapon.Pickup_BP_Weapon_C:SimpleConstructionScript_0
[2019.01.26-01.58.01:699][550]LoadErrors: Warning: CreateExport: Failed to load Outer for resource 'Pickup Circle Collider': Pickup_BP_Weapon_C /Game/Pickup_BP_Weapon.Default__Pickup_BP_Weapon_C
[2019.01.26-01.58.01:699][550]LoadErrors: Warning: CreateExport: Failed to load Outer for resource 'Sphere_GEN_VARIABLE': BlueprintGeneratedClass /Game/Pickup_BP_Weapon.Pickup_BP_Weapon_C
[2019.01.26-01.58.06:633][138]LogSlate: Updating window title bar state: overlay mode, drag disabled, window buttons hidden, title bar hidden
[2019.01.26-01.58.06:670][138]LogPlayLevel: Display: Shutting down PIE online subsystems
[2019.01.26-01.58.06:716][138]LogSlate: Updating window title bar state: overlay mode, drag disabled, window buttons hidden, title bar hidden
[2019.01.26-01.58.06:748][139]LogPlayLevel: Display: Destroying online subsystem :Context_2
[2019.01.26-01.58.09:513][448]LogSlate: FSceneViewport::OnFocusLost() reason 0
[2019.01.26-01.58.09:580][456]LogTemp: Repeating last play command: Selected Viewport
[2019.01.26-01.58.09:601][456]LogPlayLevel: PlayLevel: No blueprints needed recompiling
[2019.01.26-01.58.12:971][456]LogSlate: Window 'Message' being destroyed
[2019.01.26-01.58.13:952][557]LogSlate: Window 'GGJ2019 - Unreal Editor' being destroyed
[2019.01.26-01.58.13:952][557]LogWindowsTextInputMethodSystem: Display: IME system now deactivated.
[2019.01.26-01.58.14:139][558]Cmd: QUIT_EDITOR
[2019.01.26-01.58.15:015][558]LogExit: Preparing to exit.
[2019.01.26-01.58.16:077][558]LogExit: Editor shut down
[2019.01.26-01.58.16:078][558]LogExit: Transaction tracking system shut down
[2019.01.26-01.58.16:663][558]LogExit: Object subsystem successfully closed.
[2019.01.26-01.58.16:680][558]LogShaderCompilers: Display: Shaders left to compile 0
[2019.01.26-01.58.16:686][558]LogD3D11RHI: Shutdown
[2019.01.26-01.58.16:686][558]LogD3D11RHI: CleanupD3DDevice
[2019.01.26-01.58.16:688][558]LogD3D11RHI: ~FD3D11DynamicRHI
[2019.01.26-01.58.16:730][558]LogModuleManager: Shutting down and abandoning module MovieSceneCapture (616)
[2019.01.26-01.58.16:730][558]LogModuleManager: Shutting down and abandoning module Voice (614)
[2019.01.26-01.58.16:730][558]LogModuleManager: Shutting down and abandoning module HierarchicalLODOutliner (612)
[2019.01.26-01.58.16:730][558]LogModuleManager: Shutting down and abandoning module SceneOutliner (610)
[2019.01.26-01.58.16:730][558]LogModuleManager: Shutting down and abandoning module AddContentDialog (608)
[2019.01.26-01.58.16:731][558]LogModuleManager: Shutting down and abandoning module WidgetCarousel (607)
[2019.01.26-01.58.16:731][558]LogModuleManager: Shutting down and abandoning module EditorWidgets (604)
[2019.01.26-01.58.16:731][558]LogModuleManager: Shutting down and abandoning module CollectionManager (602)
[2019.01.26-01.58.16:731][558]LogModuleManager: Shutting down and abandoning module StatsViewer (600)
[2019.01.26-01.58.16:731][558]LogModuleManager: Shutting down and abandoning module FoliageEdit (598)
[2019.01.26-01.58.16:732][558]LogModuleManager: Shutting down and abandoning module LandscapeEditor (596)
[2019.01.26-01.58.16:732][558]LogModuleManager: Shutting down and abandoning module MeshPaintMode (594)
[2019.01.26-01.58.16:732][558]LogModuleManager: Shutting down and abandoning module SceneDepthPickerMode (592)
[2019.01.26-01.58.16:732][558]LogModuleManager: Shutting down and abandoning module ActorPickerMode (590)
[2019.01.26-01.58.16:732][558]LogModuleManager: Shutting down and abandoning module GeometryMode (588)
[2019.01.26-01.58.16:732][558]LogModuleManager: Shutting down and abandoning module TextureAlignMode (586)
[2019.01.26-01.58.16:732][558]LogModuleManager: Shutting down and abandoning module BspMode (584)
[2019.01.26-01.58.16:732][558]LogModuleManager: Shutting down and abandoning module PIEPreviewDeviceProfileSelector (582)
[2019.01.26-01.58.16:732][558]LogModuleManager: Shutting down and abandoning module SequenceRecorderSections (580)
[2019.01.26-01.58.16:732][558]LogModuleManager: Shutting down and abandoning module AutomationWorker (578)
[2019.01.26-01.58.16:732][558]LogModuleManager: Shutting down and abandoning module AudioCaptureEditor (576)
[2019.01.26-01.58.16:732][558]LogModuleManager: Shutting down and abandoning module SequenceRecorder (575)
[2019.01.26-01.58.16:732][558]LogModuleManager: Shutting down and abandoning module MatineeToLevelSequence (572)
[2019.01.26-01.58.16:733][558]LogModuleManager: Shutting down and abandoning module LevelSequenceEditor (570)
[2019.01.26-01.58.16:733][558]LogModuleManager: Shutting down and abandoning module PlacementMode (569)
[2019.01.26-01.58.16:733][558]LogModuleManager: Shutting down and abandoning module MaterialEditor (568)
[2019.01.26-01.58.16:733][558]LogModuleManager: Shutting down and abandoning module WmfMediaFactory (564)
[2019.01.26-01.58.16:733][558]LogModuleManager: Shutting down and abandoning module WmfMediaEditor (562)
[2019.01.26-01.58.16:733][558]LogModuleManager: Shutting down and abandoning module MediaPlayerEditor (560)
[2019.01.26-01.58.16:733][558]LogModuleManager: Shutting down and abandoning module OpenExrWrapper (558)
[2019.01.26-01.58.16:733][558]LogModuleManager: Shutting down and abandoning module ImgMediaFactory (556)
[2019.01.26-01.58.16:733][558]LogModuleManager: Shutting down and abandoning module ImgMediaEditor (554)
[2019.01.26-01.58.16:733][558]LogModuleManager: Shutting down and abandoning module AvfMediaFactory (552)
[2019.01.26-01.58.16:734][558]LogModuleManager: Shutting down and abandoning module AvfMediaEditor (550)
[2019.01.26-01.58.16:734][558]LogModuleManager: Shutting down and abandoning module AndroidMediaFactory (548)
[2019.01.26-01.58.16:734][558]LogModuleManager: Shutting down and abandoning module AndroidMediaEditor (546)
[2019.01.26-01.58.16:734][558]LogModuleManager: Shutting down and abandoning module MagicLeapCameraPreviewFactory (544)
[2019.01.26-01.58.16:734][558]LogModuleManager: Shutting down and abandoning module MagicLeapMediaFactory (542)
[2019.01.26-01.58.16:734][558]LogModuleManager: Shutting down and abandoning module MagicLeapMediaEditor (540)
[2019.01.26-01.58.16:734][558]LogModuleManager: Shutting down and abandoning module CharacterAI (538)
[2019.01.26-01.58.16:734][558]LogModuleManager: Shutting down and abandoning module SmartSnapping (536)
[2019.01.26-01.58.16:734][558]LogModuleManager: Shutting down and abandoning module SessionServices (534)
[2019.01.26-01.58.16:734][558]LogModuleManager: Shutting down and abandoning module ViewportSnapping (532)
[2019.01.26-01.58.16:734][558]LogModuleManager: Shutting down and abandoning module ViewportInteraction (530)
[2019.01.26-01.58.16:734][558]LogModuleManager: Shutting down and abandoning module ClothPainter (528)
[2019.01.26-01.58.16:734][558]LogModuleManager: Shutting down and abandoning module SkeletalMeshEditor (527)
[2019.01.26-01.58.16:734][558]LogModuleManager: Shutting down and abandoning module LogVisualizer (524)
[2019.01.26-01.58.16:734][558]LogModuleManager: Shutting down and abandoning module IntroTutorials (522)
[2019.01.26-01.58.16:735][558]LogModuleManager: Shutting down and abandoning module GameProjectGeneration (521)
[2019.01.26-01.58.16:735][558]LogModuleManager: Shutting down and abandoning module LuminPlatformEditor (518)
[2019.01.26-01.58.16:735][558]LogModuleManager: Shutting down and abandoning module IOSPlatformEditor (516)
[2019.01.26-01.58.16:735][558]LogModuleManager: Shutting down and abandoning module HTML5PlatformEditor (514)
[2019.01.26-01.58.16:735][558]LogModuleManager: Shutting down and abandoning module AndroidPlatformEditor (512)
[2019.01.26-01.58.16:735][558]LogModuleManager: Shutting down and abandoning module AndroidDeviceDetection (511)
[2019.01.26-01.58.17:721][558]LogModuleManager: Shutting down and abandoning module WindowsPlatformEditor (508)
[2019.01.26-01.58.17:721][558]LogModuleManager: Shutting down and abandoning module LuminRuntimeSettings (506)
[2019.01.26-01.58.17:721][558]LogModuleManager: Shutting down and abandoning module IOSRuntimeSettings (504)
[2019.01.26-01.58.17:721][558]LogModuleManager: Shutting down and abandoning module AndroidRuntimeSettings (502)
[2019.01.26-01.58.17:721][558]LogModuleManager: Shutting down and abandoning module InputBindingEditor (500)
[2019.01.26-01.58.17:721][558]LogModuleManager: Shutting down and abandoning module MergeActors (498)
[2019.01.26-01.58.17:721][558]LogModuleManager: Shutting down and abandoning module LocalizationDashboard (496)
[2019.01.26-01.58.17:721][558]LogModuleManager: Shutting down and abandoning module LocalizationService (495)
[2019.01.26-01.58.17:721][558]LogModuleManager: Shutting down and abandoning module HardwareTargeting (492)
[2019.01.26-01.58.17:721][558]LogModuleManager: Shutting down and abandoning module DeviceProfileEditor (490)
[2019.01.26-01.58.17:721][558]LogModuleManager: Shutting down and abandoning module UndoHistory (488)
[2019.01.26-01.58.17:721][558]LogModuleManager: Shutting down and abandoning module XmlParser (486)
[2019.01.26-01.58.17:721][558]LogModuleManager: Shutting down and abandoning module Blutility (484)
[2019.01.26-01.58.17:721][558]LogModuleManager: Shutting down and abandoning module ProjectSettingsViewer (482)
[2019.01.26-01.58.17:721][558]LogModuleManager: Shutting down and abandoning module ProjectTargetPlatformEditor (481)
[2019.01.26-01.58.17:722][558]LogModuleManager: Shutting down and abandoning module EditorSettingsViewer (478)
[2019.01.26-01.58.17:722][558]LogModuleManager: Shutting down and abandoning module SettingsEditor (476)
[2019.01.26-01.58.17:722][558]LogModuleManager: Shutting down and abandoning module ProjectLauncher (474)
[2019.01.26-01.58.17:722][558]LogModuleManager: Shutting down and abandoning module SessionFrontend (472)
[2019.01.26-01.58.17:722][558]LogModuleManager: Shutting down and abandoning module ProfilerClient (470)
[2019.01.26-01.58.17:722][558]LogModuleManager: Shutting down and abandoning module DeviceManager (468)
[2019.01.26-01.58.17:722][558]LogModuleManager: Shutting down and abandoning module TargetDeviceServices (467)
[2019.01.26-01.58.17:788][558]LogModuleManager: Shutting down and abandoning module AutomationController (464)
[2019.01.26-01.58.17:788][558]LogModuleManager: Shutting down and abandoning module AutomationWindow (462)
[2019.01.26-01.58.17:788][558]LogModuleManager: Shutting down and abandoning module Layers (460)
[2019.01.26-01.58.17:788][558]LogModuleManager: Shutting down and abandoning module ComponentVisualizers (458)
[2019.01.26-01.58.17:788][558]LogModuleManager: Shutting down and abandoning module DetailCustomizations (456)
[2019.01.26-01.58.17:788][558]LogModuleManager: Shutting down and abandoning module PackagesDialog (454)
[2019.01.26-01.58.17:788][558]LogModuleManager: Shutting down and abandoning module Persona (452)
[2019.01.26-01.58.17:788][558]LogModuleManager: Shutting down and abandoning module AdvancedPreviewScene (451)
[2019.01.26-01.58.17:788][558]LogModuleManager: Shutting down and abandoning module AnimGraph (449)
[2019.01.26-01.58.17:788][558]LogModuleManager: Shutting down and abandoning module Kismet (446)
[2019.01.26-01.58.17:789][558]LogModuleManager: Shutting down and abandoning module GraphEditor (444)
[2019.01.26-01.58.17:789][558]LogModuleManager: Shutting down and abandoning module ClassViewer (442)
[2019.01.26-01.58.17:789][558]LogModuleManager: Shutting down and abandoning module Toolbox (440)
[2019.01.26-01.58.17:789][558]LogModuleManager: Shutting down and abandoning module DesktopPlatform (439)
[2019.01.26-01.58.17:789][558]LogModuleManager: Shutting down and abandoning module ModuleUI (436)
[2019.01.26-01.58.17:789][558]LogModuleManager: Shutting down and abandoning module MovieSceneTools (434)
[2019.01.26-01.58.17:789][558]LogModuleManager: Shutting down and abandoning module OutputLog (432)
[2019.01.26-01.58.17:789][558]LogModuleManager: Shutting down and abandoning module GammaUI (430)
[2019.01.26-01.58.17:789][558]LogModuleManager: Shutting down and abandoning module Documentation (428)
[2019.01.26-01.58.17:790][558]LogModuleManager: Shutting down and abandoning module MovieSceneTracks (426)
[2019.01.26-01.58.17:790][558]LogModuleManager: Shutting down and abandoning module MovieScene (424)
[2019.01.26-01.58.17:790][558]LogModuleManager: Shutting down and abandoning module StreamingPauseRendering (422)
[2019.01.26-01.58.17:790][558]LogModuleManager: Shutting down and abandoning module LauncherPlatform (420)
[2019.01.26-01.58.17:790][558]LogModuleManager: Shutting down and abandoning module AnalyticsET (418)
[2019.01.26-01.58.17:790][558]LogModuleManager: Shutting down and abandoning module PortalServices (416)
[2019.01.26-01.58.17:790][558]LogModuleManager: Shutting down and abandoning module PortalRpc (414)
[2019.01.26-01.58.17:790][558]LogModuleManager: Shutting down and abandoning module MessagingRpc (412)
[2019.01.26-01.58.17:790][558]LogModuleManager: Shutting down and abandoning module AIModule (410)
[2019.01.26-01.58.17:790][558]LogModuleManager: Shutting down and abandoning module GameplayDebugger (409)
[2019.01.26-01.58.17:790][558]LogModuleManager: Shutting down and abandoning module AITestSuite (407)
[2019.01.26-01.58.17:790][558]LogModuleManager: Shutting down and abandoning module NavigationSystem (405)
[2019.01.26-01.58.17:790][558]LogModuleManager: Shutting down and abandoning module ProfilerService (402)
[2019.01.26-01.58.18:014][558]LogModuleManager: Shutting down and abandoning module TaskGraph (400)
[2019.01.26-01.58.18:014][558]LogModuleManager: Shutting down and abandoning module SteamVRController (398)
[2019.01.26-01.58.18:014][558]LogModuleManager: Shutting down and abandoning module ProceduralMeshComponentEditor (396)
[2019.01.26-01.58.18:014][558]LogModuleManager: Shutting down and abandoning module ProceduralMeshComponent (394)
[2019.01.26-01.58.18:014][558]LogModuleManager: Shutting down and abandoning module OculusInput (392)
[2019.01.26-01.58.18:014][558]LogModuleManager: Shutting down and abandoning module MobilePatchingUtils (390)
[2019.01.26-01.58.18:014][558]LogModuleManager: Shutting down and abandoning module EditableMesh (388)
[2019.01.26-01.58.18:014][558]LogModuleManager: Shutting down and abandoning module CustomMeshComponent (386)
[2019.01.26-01.58.18:014][558]LogModuleManager: Shutting down and abandoning module CableComponent (384)
[2019.01.26-01.58.18:014][558]LogModuleManager: Shutting down and abandoning module AudioCapture (382)
[2019.01.26-01.58.18:014][558]LogModuleManager: Shutting down and abandoning module ArchVisCharacter (380)
[2019.01.26-01.58.18:014][558]LogModuleManager: Shutting down and abandoning module AndroidPermission (378)
[2019.01.26-01.58.18:014][558]LogModuleManager: Shutting down and abandoning module NUTUnrealEngine4 (376)
[2019.01.26-01.58.18:014][558]LogModuleManager: Shutting down and abandoning module NetcodeUnitTest (374)
[2019.01.26-01.58.18:014][558]LogModuleManager: Shutting down and abandoning module MediaCompositingEditor (372)
[2019.01.26-01.58.18:014][558]LogModuleManager: Shutting down and abandoning module MediaCompositing (370)
[2019.01.26-01.58.18:014][558]LogModuleManager: Shutting down and abandoning module LinearTimecode (368)
[2019.01.26-01.58.18:014][558]LogModuleManager: Shutting down and abandoning module ImgMedia (366)
[2019.01.26-01.58.18:021][558]LogModuleManager: Shutting down and abandoning module HTML5Networking (364)
[2019.01.26-01.58.18:021][558]LogModuleManager: Shutting down and abandoning module GeometryCacheTracks (362)
[2019.01.26-01.58.18:021][558]LogModuleManager: Shutting down and abandoning module GeometryCacheSequencer (360)
[2019.01.26-01.58.18:021][558]LogModuleManager: Shutting down and abandoning module BackChannel (358)
[2019.01.26-01.58.18:021][558]LogModuleManager: Shutting down and abandoning module AppleVision (356)
[2019.01.26-01.58.18:021][558]LogModuleManager: Shutting down and abandoning module AppleImageUtils (354)
[2019.01.26-01.58.18:021][558]LogModuleManager: Shutting down and abandoning module AlembicImporter (352)
[2019.01.26-01.58.18:021][558]LogModuleManager: Shutting down and abandoning module AlembicLibrary (351)
[2019.01.26-01.58.18:022][558]LogModuleManager: Shutting down and abandoning module GeometryCache (350)
[2019.01.26-01.58.18:022][558]LogModuleManager: Shutting down and abandoning module GeometryCacheEd (349)
[2019.01.26-01.58.18:022][558]LogModuleManager: Shutting down and abandoning module DatasmithContentEditor (344)
[2019.01.26-01.58.18:022][558]LogModuleManager: Shutting down and abandoning module DatasmithContent (342)
[2019.01.26-01.58.18:025][558]LogModuleManager: Shutting down and abandoning module SpeedTreeImporter (340)
[2019.01.26-01.58.18:025][558]LogModuleManager: Shutting down and abandoning module PluginBrowser (338)
[2019.01.26-01.58.18:026][558]LogModuleManager: Shutting down and abandoning module MobileLauncherProfileWizard (336)
[2019.01.26-01.58.18:026][558]LogModuleManager: Shutting down and abandoning module PolygonModeling (334)
[2019.01.26-01.58.18:026][558]LogModuleManager: Shutting down and abandoning module MeshEditor (332)
[2019.01.26-01.58.18:026][558]LogModuleManager: Shutting down and abandoning module CryptoKeysOpenSSL (330)
[2019.01.26-01.58.18:026][558]LogModuleManager: Shutting down and abandoning module CryptoKeys (328)
[2019.01.26-01.58.18:026][558]LogModuleManager: Shutting down and abandoning module VisualStudioSourceCodeAccess (326)
[2019.01.26-01.58.18:026][558]LogModuleManager: Shutting down and abandoning module VisualStudioCodeSourceCodeAccess (324)
[2019.01.26-01.58.18:026][558]LogModuleManager: Shutting down and abandoning module UObjectPlugin (322)
[2019.01.26-01.58.18:026][558]LogModuleManager: Shutting down and abandoning module SubversionSourceControl (320)
[2019.01.26-01.58.18:026][558]LogModuleManager: Shutting down and abandoning module PerforceSourceControl (318)
[2019.01.26-01.58.18:027][558]LogModuleManager: Shutting down and abandoning module GitSourceControl (316)
[2019.01.26-01.58.18:027][558]LogModuleManager: Shutting down and abandoning module SourceControl (315)
[2019.01.26-01.58.18:027][558]LogModuleManager: Shutting down and abandoning module CLionSourceCodeAccess (312)
[2019.01.26-01.58.18:027][558]LogModuleManager: Shutting down and abandoning module LightPropagationVolumeEditor (310)
[2019.01.26-01.58.18:027][558]LogModuleManager: Shutting down and abandoning module PaperTiledImporter (308)
[2019.01.26-01.58.18:027][558]LogModuleManager: Shutting down and abandoning module PaperSpriteSheetImporter (306)
[2019.01.26-01.58.18:027][558]LogModuleManager: Shutting down and abandoning module Paper2DEditor (304)
[2019.01.26-01.58.18:027][558]LogModuleManager: Shutting down and abandoning module MeshPaint (303)
[2019.01.26-01.58.18:027][558]LogModuleManager: Shutting down and abandoning module GGJ2019 (300)
[2019.01.26-01.58.18:027][558]LogModuleManager: Shutting down and abandoning module RuntimePhysXCooking (298)
[2019.01.26-01.58.18:027][558]LogModuleManager: Shutting down and abandoning module PhysXVehiclesEditor (296)
[2019.01.26-01.58.18:027][558]LogModuleManager: Shutting down and abandoning module PhysXVehicles (294)
[2019.01.26-01.58.18:028][558]LogModuleManager: Shutting down and abandoning module OculusEditor (292)
[2019.01.26-01.58.18:028][558]LogModuleManager: Shutting down and abandoning module LocationServicesBPLibrary (290)
[2019.01.26-01.58.18:028][558]LogModuleManager: Shutting down and abandoning module ImmediatePhysicsEditor (288)
[2019.01.26-01.58.18:028][558]LogModuleManager: Shutting down and abandoning module ImmediatePhysics (286)
[2019.01.26-01.58.18:028][558]LogModuleManager: Shutting down and abandoning module ActorSequence (284)
[2019.01.26-01.58.18:028][558]LogModuleManager: Shutting down and abandoning module UdpMessaging (282)
[2019.01.26-01.58.18:129][558]LogModuleManager: Shutting down and abandoning module TcpMessaging (280)
[2019.01.26-01.58.18:230][558]LogModuleManager: Shutting down and abandoning module MagicLeapAudio (278)
[2019.01.26-01.58.18:230][558]LogModuleManager: Shutting down and abandoning module GameplayTagsEditor (276)
[2019.01.26-01.58.18:230][558]LogModuleManager: Shutting down and abandoning module FacialAnimationEditor (274)
[2019.01.26-01.58.18:230][558]LogModuleManager: Shutting down and abandoning module FacialAnimation (272)
[2019.01.26-01.58.18:230][558]LogModuleManager: Shutting down and abandoning module DataValidation (270)
[2019.01.26-01.58.18:231][558]LogModuleManager: Shutting down and abandoning module AssetManagerEditor (268)
[2019.01.26-01.58.18:232][558]LogModuleManager: Shutting down and abandoning module LevelEditor (267)
[2019.01.26-01.58.18:233][558]LogModuleManager: Shutting down and abandoning module PixelInspectorModule (266)
[2019.01.26-01.58.18:233][558]LogModuleManager: Shutting down and abandoning module CommonMenuExtensions (264)
[2019.01.26-01.58.18:233][558]LogModuleManager: Shutting down and abandoning module MainFrame (262)
[2019.01.26-01.58.18:233][558]LogModuleManager: Shutting down and abandoning module HotReload (261)
[2019.01.26-01.58.18:234][558]LogModuleManager: Shutting down and abandoning module ContentBrowser (257)
[2019.01.26-01.58.18:234][558]LogModuleManager: Shutting down and abandoning module TreeMap (255)
[2019.01.26-01.58.18:235][558]LogModuleManager: Shutting down and abandoning module LightPropagationVolumeRuntime (252)
[2019.01.26-01.58.18:235][558]LogModuleManager: Shutting down and abandoning module AISupportModule (250)
[2019.01.26-01.58.18:235][558]LogModuleManager: Shutting down and abandoning module Paper2D (248)
[2019.01.26-01.58.18:235][558]LogModuleManager: Shutting down and abandoning module WindowsMoviePlayer (246)
[2019.01.26-01.58.18:235][558]LogModuleManager: Shutting down and abandoning module WmfMedia (244)
[2019.01.26-01.58.18:237][558]LogModuleManager: Shutting down and abandoning module Media (243)
[2019.01.26-01.58.18:243][558]LogModuleManager: Shutting down and abandoning module PacketHandler (240)
[2019.01.26-01.58.18:243][558]LogModuleManager: Shutting down and abandoning module ClothingSystemEditor (238)
[2019.01.26-01.58.18:243][558]LogModuleManager: Shutting down and abandoning module ClothingSystemRuntime (236)
[2019.01.26-01.58.18:243][558]LogModuleManager: Shutting down and abandoning module MediaAssets (234)
[2019.01.26-01.58.18:243][558]LogModuleManager: Shutting down and abandoning module Overlay (232)
[2019.01.26-01.58.18:243][558]LogModuleManager: Shutting down and abandoning module OverlayEditor (231)
[2019.01.26-01.58.18:243][558]LogModuleManager: Shutting down and abandoning module VREditor (228)
[2019.01.26-01.58.18:243][558]LogModuleManager: Shutting down and abandoning module StringTableEditor (226)
[2019.01.26-01.58.18:243][558]LogModuleManager: Shutting down and abandoning module GameplayTasksEditor (224)
[2019.01.26-01.58.18:243][558]LogModuleManager: Shutting down and abandoning module BehaviorTreeEditor (222)
[2019.01.26-01.58.18:243][558]LogModuleManager: Shutting down and abandoning module FunctionalTesting (220)
[2019.01.26-01.58.18:243][558]LogModuleManager: Shutting down and abandoning module CollisionAnalyzer (218)
[2019.01.26-01.58.18:243][558]LogModuleManager: Shutting down and abandoning module WorkspaceMenuStructure (217)
[2019.01.26-01.58.18:243][558]LogModuleManager: Shutting down and abandoning module UMG (214)
[2019.01.26-01.58.18:243][558]LogModuleManager: Shutting down and abandoning module UMGEditor (213)
[2019.01.26-01.58.18:243][558]LogModuleManager: Shutting down and abandoning module Sequencer (212)
[2019.01.26-01.58.18:243][558]LogModuleManager: Shutting down and abandoning module MessageLog (209)
[2019.01.26-01.58.18:243][558]LogModuleManager: Shutting down and abandoning module SlateReflector (204)
[2019.01.26-01.58.18:244][558]LogModuleManager: Shutting down and abandoning module Slate (202)
[2019.01.26-01.58.18:244][558]LogModuleManager: Shutting down and abandoning module EditorStyle (200)
[2019.01.26-01.58.18:249][558]LogModuleManager: Shutting down and abandoning module MRMesh (198)
[2019.01.26-01.58.18:249][558]LogModuleManager: Shutting down and abandoning module SourceCodeAccess (196)
[2019.01.26-01.58.18:249][558]LogModuleManager: Shutting down and abandoning module HeadMountedDisplay (194)
[2019.01.26-01.58.18:249][558]LogModuleManager: Shutting down and abandoning module XAudio2 (192)
[2019.01.26-01.58.18:249][558]LogModuleManager: Shutting down and abandoning module Networking (190)
[2019.01.26-01.58.18:249][558]LogModuleManager: Shutting down and abandoning module Core (188)
[2019.01.26-01.58.18:249][558]LogModuleManager: Shutting down and abandoning module LevelSequence (186)
[2019.01.26-01.58.18:249][558]LogModuleManager: Shutting down and abandoning module KismetCompiler (184)
[2019.01.26-01.58.18:249][558]LogModuleManager: Shutting down and abandoning module MeshUtilities (182)
[2019.01.26-01.58.18:249][558]LogModuleManager: Shutting down and abandoning module MeshMergeUtilities (181)
[2019.01.26-01.58.18:250][558]LogModuleManager: Shutting down and abandoning module MeshReductionInterface (180)
[2019.01.26-01.58.18:250][558]LogModuleManager: Shutting down and abandoning module SimplygonSwarm (179)
[2019.01.26-01.58.18:250][558]LogModuleManager: Shutting down and abandoning module ProxyLODMeshReduction (177)
[2019.01.26-01.58.18:250][558]LogModuleManager: Shutting down and abandoning module SimplygonMeshReduction (175)
[2019.01.26-01.58.18:250][558]LogModuleManager: Shutting down and abandoning module QuadricMeshReduction (173)
[2019.01.26-01.58.18:250][558]LogModuleManager: Shutting down and abandoning module MaterialBaking (169)
[2019.01.26-01.58.18:250][558]LogModuleManager: Shutting down and abandoning module DirectoryWatcher (165)
[2019.01.26-01.58.18:250][558]LogModuleManager: Shutting down and abandoning module DerivedDataCache (162)
[2019.01.26-01.58.18:402][558]LogDerivedDataCache: Shutdown
[2019.01.26-01.58.18:402][558]LogModuleManager: Shutting down and abandoning module XGEController (160)
[2019.01.26-01.58.18:402][558]LogXGEController: Cleaning working directory: C:/Users/w017177h.STUDENT/AppData/Local/Temp/UnrealXGEWorkingDir/
[2019.01.26-01.58.18:404][558]LogModuleManager: Shutting down and abandoning module TargetPlatform (158)
[2019.01.26-01.58.18:404][558]LogModuleManager: Shutting down and abandoning module VulkanShaderFormat (157)
[2019.01.26-01.58.18:404][558]LogModuleManager: Shutting down and abandoning module ShaderFormatVectorVM (155)
[2019.01.26-01.58.18:404][558]LogModuleManager: Shutting down and abandoning module ShaderFormatOpenGL (153)
[2019.01.26-01.58.18:404][558]LogModuleManager: Shutting down and abandoning module ShaderFormatD3D (151)
[2019.01.26-01.58.18:404][558]LogModuleManager: Shutting down and abandoning module MetalShaderFormat (149)
[2019.01.26-01.58.18:404][558]LogModuleManager: Shutting down and abandoning module TextureFormatUncompressed (147)
[2019.01.26-01.58.18:404][558]LogModuleManager: Shutting down and abandoning module TextureFormatPVR (145)
[2019.01.26-01.58.18:404][558]LogModuleManager: Shutting down and abandoning module TextureFormatDXT (143)
[2019.01.26-01.58.18:404][558]LogModuleManager: Shutting down and abandoning module TextureFormatIntelISPCTexComp (141)
[2019.01.26-01.58.18:404][558]LogModuleManager: Shutting down and abandoning module TextureFormatASTC (139)
[2019.01.26-01.58.18:404][558]LogModuleManager: Shutting down and abandoning module ImageWrapper (138)
[2019.01.26-01.58.18:405][558]LogModuleManager: Shutting down and abandoning module TextureFormatAndroid (135)
[2019.01.26-01.58.18:405][558]LogModuleManager: Shutting down and abandoning module AudioFormatOpus (133)
[2019.01.26-01.58.18:405][558]LogModuleManager: Shutting down and abandoning module AudioFormatOgg (131)
[2019.01.26-01.58.18:405][558]LogModuleManager: Shutting down and abandoning module AudioFormatADPCM (129)
[2019.01.26-01.58.18:405][558]LogModuleManager: Shutting down and abandoning module LuminTargetPlatform (127)
[2019.01.26-01.58.18:405][558]LogModuleManager: Shutting down and abandoning module LinuxTargetPlatform (125)
[2019.01.26-01.58.18:405][558]LogModuleManager: Shutting down and abandoning module LinuxServerTargetPlatform (123)
[2019.01.26-01.58.18:405][558]LogModuleManager: Shutting down and abandoning module LinuxNoEditorTargetPlatform (121)
[2019.01.26-01.58.18:405][558]LogModuleManager: Shutting down and abandoning module LinuxClientTargetPlatform (119)
[2019.01.26-01.58.18:405][558]LogModuleManager: Shutting down and abandoning module TVOSTargetPlatform (117)
[2019.01.26-01.58.18:406][558]LogModuleManager: Shutting down and abandoning module Messaging (115)
[2019.01.26-01.58.18:406][558]LogModuleManager: Shutting down and abandoning module IOSTargetPlatform (113)
[2019.01.26-01.58.18:408][558]LogModuleManager: Shutting down and abandoning module HTML5TargetPlatform (111)
[2019.01.26-01.58.18:408][558]LogModuleManager: Shutting down and abandoning module AndroidTargetPlatform (109)
[2019.01.26-01.58.18:417][558]LogModuleManager: Shutting down and abandoning module WindowsTargetPlatform (107)
[2019.01.26-01.58.18:417][558]LogModuleManager: Shutting down and abandoning module WindowsServerTargetPlatform (105)
[2019.01.26-01.58.18:417][558]LogModuleManager: Shutting down and abandoning module WindowsNoEditorTargetPlatform (103)
[2019.01.26-01.58.18:417][558]LogModuleManager: Shutting down and abandoning module WindowsClientTargetPlatform (101)
[2019.01.26-01.58.18:417][558]LogModuleManager: Shutting down and abandoning module MacTargetPlatform (99)
[2019.01.26-01.58.18:417][558]LogModuleManager: Shutting down and abandoning module MacServerTargetPlatform (97)
[2019.01.26-01.58.18:418][558]LogModuleManager: Shutting down and abandoning module MacNoEditorTargetPlatform (95)
[2019.01.26-01.58.18:418][558]LogModuleManager: Shutting down and abandoning module MacClientTargetPlatform (93)
[2019.01.26-01.58.18:418][558]LogModuleManager: Shutting down and abandoning module AllDesktopTargetPlatform (91)
[2019.01.26-01.58.18:418][558]LogModuleManager: Shutting down and abandoning module InputCore (88)
[2019.01.26-01.58.18:418][558]LogModuleManager: Shutting down and abandoning module Settings (86)
[2019.01.26-01.58.18:418][558]LogModuleManager: Shutting down and abandoning module PhysXCooking (84)
[2019.01.26-01.58.18:418][558]LogModuleManager: Shutting down and abandoning module SteamVR (82)
[2019.01.26-01.58.18:418][558]LogModuleManager: Shutting down and abandoning module OculusHMD (80)
[2019.01.26-01.58.18:418][558]LogModuleManager: Shutting down and abandoning module ExampleDeviceProfileSelector (78)
[2019.01.26-01.58.18:418][558]LogModuleManager: Shutting down and abandoning module LauncherChunkInstaller (76)
[2019.01.26-01.58.18:418][558]LogModuleManager: Shutting down and abandoning module OnlineBlueprintSupport (74)
[2019.01.26-01.58.18:418][558]LogModuleManager: Shutting down and abandoning module OnlineSubsystem (70)
[2019.01.26-01.58.18:419][558]LogModuleManager: Shutting down and abandoning module XMPP (65)
[2019.01.26-01.58.18:420][558]LogModuleManager: Shutting down and abandoning module WebSockets (64)
[2019.01.26-01.58.18:423][558]LogModuleManager: Shutting down and abandoning module HTTP (61)
[2019.01.26-01.58.18:423][558]LogHttp: Display: Http module shutting down, but needs to wait on 1 outstanding Http requests:
[2019.01.26-01.58.18:423][558]LogHttp: Display: 	verb=[POST] url=[https://datarouter.ol.epicgames.com/datarouter/api/v1/public/data?SessionID=%7BF447299C-4FB3-8E3C-53C4-D29F07C8737C%7D&AppID=UEEditor.Rocket.Release&AppVersion=4.20.3-4369336%2B%2B%2BUE4%2BRelease-4.20&UserID=f08c9ab445bf4bc4a496eab3e7c6ddff%7C%7C8cb28388-c132-4b3d-8024-3632d6120cea&AppEnvironment=datacollector-binary&UploadType=eteventstream] status=Processing
[2019.01.26-01.58.18:433][558]LogModuleManager: Shutting down and abandoning module SSL (60)
[2019.01.26-01.58.18:435][558]LogModuleManager: Shutting down and abandoning module MagicLeapEmulator (56)
[2019.01.26-01.58.18:435][558]LogModuleManager: Shutting down and abandoning module MagicLeapPrivileges (54)
[2019.01.26-01.58.18:435][558]LogModuleManager: Shutting down and abandoning module MagicLeapIdentity (52)
[2019.01.26-01.58.18:435][558]LogModuleManager: Shutting down and abandoning module MagicLeapHelperVulkan (50)
[2019.01.26-01.58.18:435][558]LogModuleManager: Shutting down and abandoning module MagicLeapHelperOpenGL (48)
[2019.01.26-01.58.18:435][558]LogModuleManager: Shutting down and abandoning module MagicLeapSecureStorage (46)
[2019.01.26-01.58.18:435][558]LogModuleManager: Shutting down and abandoning module MagicLeapGestures (44)
[2019.01.26-01.58.18:435][558]LogModuleManager: Shutting down and abandoning module MagicLeapEyeTracker (42)
[2019.01.26-01.58.18:435][558]LogModuleManager: Shutting down and abandoning module MagicLeapController (40)
[2019.01.26-01.58.18:435][558]LogSlate: Slate User Destroyed.  User Index 0, Is Virtual User: 0
[2019.01.26-01.58.18:435][558]LogModuleManager: Shutting down and abandoning module MagicLeap (38)
[2019.01.26-01.58.18:435][558]LogModuleManager: Shutting down and abandoning module AnimationModifiers (36)
[2019.01.26-01.58.18:435][558]LogModuleManager: Shutting down and abandoning module PropertyEditor (35)
[2019.01.26-01.58.18:435][558]LogModuleManager: Shutting down and abandoning module AudioEditor (32)
[2019.01.26-01.58.18:435][558]LogModuleManager: Shutting down and abandoning module TextureCompressor (30)
[2019.01.26-01.58.18:436][558]LogModuleManager: Shutting down and abandoning module ShaderCore (28)
[2019.01.26-01.58.18:436][558]LogModuleManager: Shutting down and abandoning module Landscape (26)
[2019.01.26-01.58.18:436][558]LogModuleManager: Shutting down and abandoning module SlateRHIRenderer (24)
[2019.01.26-01.58.18:436][558]LogModuleManager: Shutting down and abandoning module OpenGLDrv (22)
[2019.01.26-01.58.18:436][558]LogModuleManager: Shutting down and abandoning module D3D11RHI (20)
[2019.01.26-01.58.18:436][558]LogModuleManager: Shutting down and abandoning module AnimGraphRuntime (18)
[2019.01.26-01.58.18:436][558]LogModuleManager: Shutting down and abandoning module Renderer (16)
[2019.01.26-01.58.18:436][558]LogModuleManager: Shutting down and abandoning module Engine (14)
[2019.01.26-01.58.18:436][558]LogModuleManager: Shutting down and abandoning module CoreUObject (12)
[2019.01.26-01.58.18:436][558]LogModuleManager: Shutting down and abandoning module NetworkFile (10)
[2019.01.26-01.58.18:437][558]LogModuleManager: Shutting down and abandoning module CookedIterativeFile (8)
[2019.01.26-01.58.18:437][558]LogModuleManager: Shutting down and abandoning module StreamingFile (6)
[2019.01.26-01.58.18:437][558]LogModuleManager: Shutting down and abandoning module SandboxFile (4)
[2019.01.26-01.58.18:437][558]LogModuleManager: Shutting down and abandoning module PakFile (2)
[2019.01.26-01.58.18:449][558]LogExit: Exiting.
[2019.01.26-01.58.18:454][558]Log file closed, 01/26/19 01:58:18
