Log file open, 01/25/19 23:17:14
LogWindows: Failed to load 'aqProf.dll' (GetLastError=126)
LogWindows: File 'aqProf.dll' does not exist
LogWindows: Failed to load 'VSPerf140.dll' (GetLastError=126)
LogWindows: File 'VSPerf140.dll' does not exist
LogWindows: Failed to load 'VtuneApi.dll' (GetLastError=126)
LogWindows: File 'VtuneApi.dll' does not exist
LogWindows: Failed to load 'VtuneApi32e.dll' (GetLastError=126)
LogWindows: File 'VtuneApi32e.dll' does not exist
LogInit: Display: Running engine for game: GGJ2019
LogPlatformFile: Not using cached read wrapper
LogTaskGraph: Started task graph with 5 named threads and 23 total threads with 3 sets of task threads.
LogStats: Stats thread started at 0.461535
LogD3D11RHI: Loaded GFSDK_Aftermath_Lib.x64.dll
LogICUInternationalization: Display: ICU TimeZone Detection - Raw Offset: +0:00, Platform Override: ''
LogPluginManager: Mounting plugin Paper2D
LogPluginManager: Mounting plugin AISupport
LogPluginManager: Mounting plugin LightPropagationVolume
LogPluginManager: Mounting plugin CLionSourceCodeAccess
LogPluginManager: Mounting plugin CodeLiteSourceCodeAccess
LogPluginManager: Mounting plugin GitSourceControl
LogPluginManager: Mounting plugin KDevelopSourceCodeAccess
LogPluginManager: Mounting plugin NullSourceCodeAccess
LogPluginManager: Mounting plugin PerforceSourceControl
LogPluginManager: Mounting plugin SubversionSourceControl
LogPluginManager: Mounting plugin UObjectPlugin
LogPluginManager: Mounting plugin VisualStudioCodeSourceCodeAccess
LogPluginManager: Mounting plugin VisualStudioSourceCodeAccess
LogPluginManager: Mounting plugin XCodeSourceCodeAccess
LogPluginManager: Mounting plugin AssetManagerEditor
LogPluginManager: Mounting plugin CryptoKeys
LogPluginManager: Mounting plugin DataValidation
LogPluginManager: Mounting plugin FacialAnimation
LogPluginManager: Mounting plugin GameplayTagsEditor
LogPluginManager: Mounting plugin MacGraphicsSwitching
LogPluginManager: Mounting plugin MeshEditor
LogPluginManager: Mounting plugin MobileLauncherProfileWizard
LogPluginManager: Mounting plugin PluginBrowser
LogPluginManager: Mounting plugin SpeedTreeImporter
LogPluginManager: Mounting plugin DatasmithContent
LogPluginManager: Mounting plugin AlembicImporter
LogPluginManager: Mounting plugin AppleImageUtils
LogPluginManager: Mounting plugin AppleVision
LogPluginManager: Mounting plugin BackChannel
LogPluginManager: Mounting plugin CharacterAI
LogPluginManager: Mounting plugin GeometryCache
LogPluginManager: Mounting plugin HTML5Networking
LogPluginManager: Mounting plugin ProxyLODPlugin
LogPluginManager: Mounting plugin MagicLeap
LogPluginManager: Mounting plugin MagicLeapEmulator
LogPluginManager: Mounting plugin MagicLeapMedia
LogPluginManager: Mounting plugin AndroidMedia
LogPluginManager: Mounting plugin AvfMedia
LogPluginManager: Mounting plugin ImgMedia
LogPluginManager: Mounting plugin LinearTimecode
LogPluginManager: Mounting plugin MediaCompositing
LogPluginManager: Mounting plugin MediaPlayerEditor
LogPluginManager: Mounting plugin WmfMedia
LogPluginManager: Mounting plugin TcpMessaging
LogPluginManager: Mounting plugin UdpMessaging
LogPluginManager: Mounting plugin ActorSequence
LogPluginManager: Mounting plugin LevelSequenceEditor
LogPluginManager: Mounting plugin MatineeToLevelSequence
LogPluginManager: Mounting plugin NetcodeUnitTest
LogPluginManager: Mounting plugin NUTUnrealEngine4
LogPluginManager: Mounting plugin OnlineSubsystemGooglePlay
LogPluginManager: Mounting plugin OnlineSubsystemIOS
LogPluginManager: Mounting plugin OnlineSubsystem
LogPluginManager: Mounting plugin OnlineSubsystemNull
LogPluginManager: Mounting plugin OnlineSubsystemUtils
LogPluginManager: Mounting plugin LauncherChunkInstaller
LogPluginManager: Mounting plugin AndroidDeviceProfileSelector
LogPluginManager: Mounting plugin AndroidMoviePlayer
LogPluginManager: Mounting plugin AndroidPermission
LogPluginManager: Mounting plugin AppleMoviePlayer
LogPluginManager: Mounting plugin ArchVisCharacter
LogPluginManager: Mounting plugin AudioCapture
LogPluginManager: Mounting plugin CableComponent
LogPluginManager: Mounting plugin CustomMeshComponent
LogPluginManager: Mounting plugin EditableMesh
LogPluginManager: Mounting plugin ExampleDeviceProfileSelector
LogPluginManager: Mounting plugin GoogleCloudMessaging
LogPluginManager: Mounting plugin ImmediatePhysics
LogPluginManager: Mounting plugin IOSDeviceProfileSelector
LogPluginManager: Mounting plugin LinuxDeviceProfileSelector
LogPluginManager: Mounting plugin LocationServicesBPLibrary
LogPluginManager: Mounting plugin MobilePatchingUtils
LogPluginManager: Mounting plugin OculusVR
LogPluginManager: Plugin shader directory ../../../Engine/Plugins/Runtime/Oculus/OculusVR/Shaders found
LogPluginManager: Mapping shader source directory ../../../Engine/Plugins/Runtime/Oculus/OculusVR/Shaders to virtual directory /Plugin/OculusVR
LogPluginManager: Mounting plugin PhysXVehicles
LogPluginManager: Mounting plugin ProceduralMeshComponent
LogPluginManager: Mounting plugin RuntimePhysXCooking
LogPluginManager: Mounting plugin SteamVR
LogPluginManager: Mounting plugin WindowsMoviePlayer
LogStreaming: Display: Took  0.302s to configure plugins.
LogInit: Using libcurl 7.55.1-DEV
LogInit:  - built for x86_64-pc-win32
LogInit:  - supports SSL with OpenSSL/1.0.2h
LogInit:  - supports HTTP deflate (compression) using libz 1.2.8
LogInit:  - other features:
LogInit:      CURL_VERSION_SSL
LogInit:      CURL_VERSION_LIBZ
LogInit:      CURL_VERSION_IPV6
LogInit:      CURL_VERSION_ASYNCHDNS
LogInit:      CURL_VERSION_LARGEFILE
LogInit:      CURL_VERSION_IDN
LogInit:  CurlRequestOptions (configurable via config and command line):
LogInit:  - bVerifyPeer = false  - Libcurl will NOT verify peer certificate
LogInit:  - bUseHttpProxy = false  - Libcurl will NOT use HTTP proxy
LogInit:  - bDontReuseConnections = false  - Libcurl will reuse connections
LogInit:  - CertBundlePath = nullptr  - Libcurl will use whatever was configured at build time.
LogInit:  - MaxHostConnections = 16  - Libcurl will limit the number of connections to a host
LogInit:  - LocalHostAddr = Default
LogInit:  - BufferSize = 65536
LogInit: WinSock: version 1.1 (2.2), MaxSocks=32767, MaxUdp=65467
LogInit: Build: ++UE4+Release-4.20-CL-4369336
LogInit: Engine Version: 4.20.3-4369336+++UE4+Release-4.20
LogInit: Compatible Engine Version: 4.20.0-4212847+++UE4+Release-4.20
LogInit: Net CL: 4212847
LogInit: OS: Windows 10 (), CPU: Intel(R) Xeon(R) CPU E5-1620 v3 @ 3.50GHz, GPU: NVIDIA GeForce GTX 970
LogInit: Compiled (64-bit): Sep 17 2018 12:26:19
LogInit: Compiled with Visual C++: 19.13.26129.00
LogInit: Build Configuration: Development
LogInit: Branch Name: ++UE4+Release-4.20
LogInit: Command Line:  -skipcompile
LogInit: Base Directory: C:/Epic/UE4/UE_4.20/Engine/Binaries/Win64/
LogInit: Installed Engine Build: 1
LogDevObjectVersion: Number of dev versions registered: 20
LogDevObjectVersion:   Dev-Blueprints (B0D832E4-1F89-4F0D-ACCF-7EB736FD4AA2): 10
LogDevObjectVersion:   Dev-Build (E1C64328-A22C-4D53-A36C-8E866417BD8C): 0
LogDevObjectVersion:   Dev-Core (375EC13C-06E4-48FB-B500-84F0262A717E): 2
LogDevObjectVersion:   Dev-Editor (E4B068ED-F494-42E9-A231-DA0B2E46BB41): 24
LogDevObjectVersion:   Dev-Framework (CFFC743F-43B0-4480-9391-14DF171D2073): 34
LogDevObjectVersion:   Dev-Mobile (B02B49B5-BB20-44E9-A304-32B752E40360): 2
LogDevObjectVersion:   Dev-Networking (A4E4105C-59A1-49B5-A7C5-40C4547EDFEE): 0
LogDevObjectVersion:   Dev-Online (39C831C9-5AE6-47DC-9A44-9C173E1C8E7C): 0
LogDevObjectVersion:   Dev-Physics (78F01B33-EBEA-4F98-B9B4-84EACCB95AA2): 0
LogDevObjectVersion:   Dev-Platform (6631380F-2D4D-43E0-8009-CF276956A95A): 0
LogDevObjectVersion:   Dev-Rendering (12F88B9F-8875-4AFC-A67C-D90C383ABD29): 26
LogDevObjectVersion:   Dev-Sequencer (7B5AE74C-D270-4C10-A958-57980B212A5A): 9
LogDevObjectVersion:   Dev-VR (D7296918-1DD6-4BDD-9DE2-64A83CC13884): 2
LogDevObjectVersion:   Dev-LoadTimes (C2A15278-BFE7-4AFE-6C17-90FF531DF755): 1
LogDevObjectVersion:   Private-Geometry (6EACA3D4-40EC-4CC1-B786-8BED09428FC5): 3
LogDevObjectVersion:   Dev-AnimPhys (29E575DD-E0A3-4627-9D10-D276232CDCEA): 17
LogDevObjectVersion:   Dev-ReflectionCapture (6B266CEC-1EC7-4B8F-A30B-E4D90942FC07): 1
LogDevObjectVersion:   Dev-Automation (0DF73D61-A23F-47EA-B727-89E90C41499A): 1
LogDevObjectVersion:   FortniteMain (601D1886-AC64-4F84-AA16-D3DE0DEAC7D6): 12
LogDevObjectVersion:   Dev-Enterprise (9DFFBCD6-494F-0158-E221-12823C92A888): 1
LogStreaming: Display: Took  0.010s to delete old logs.
LogInit: Presizing for max 8388607 objects, including 0 objects not considered by GC, pre-allocating 0 bytes for permanent pool.
LogInit: Object subsystem initialized
[2019.01.25-23.17.15:263][  0]LogInit: Selected Device Profile: [Windows]
[2019.01.25-23.17.15:263][  0]LogInit: Applying CVar settings loaded from the selected device profile: [Windows]
[2019.01.25-23.17.15:281][  0]LogHAL: Display: Platform has ~ 16 GB [17092038656 / 17179869184 / 16], which maps to Larger [LargestMinGB=32, LargerMinGB=12, DefaultMinGB=8, SmallerMinGB=6, SmallestMinGB=0)
[2019.01.25-23.17.15:281][  0]LogInit: Setting Device Profile CVar: [[r.Vulkan.UseRealUBs:1]]
[2019.01.25-23.17.15:281][  0]LogInit: Going up to parent DeviceProfile []
[2019.01.25-23.17.15:282][  0]LogInit: Computer: C115-8
[2019.01.25-23.17.15:282][  0]LogInit: User: p018236h
[2019.01.25-23.17.15:282][  0]LogInit: CPU Page size=4096, Cores=4
[2019.01.25-23.17.15:282][  0]LogInit: High frequency timer resolution =3.410076 MHz
[2019.01.25-23.17.15:282][  0]LogMemory: Memory total: Physical=15.9GB (16GB approx)
[2019.01.25-23.17.15:282][  0]LogMemory: Platform Memory Stats for Windows
[2019.01.25-23.17.15:282][  0]LogMemory: Process Physical Memory: 101.06 MB used, 101.06 MB peak
[2019.01.25-23.17.15:282][  0]LogMemory: Process Virtual Memory: 90.84 MB used, 90.84 MB peak
[2019.01.25-23.17.15:282][  0]LogMemory: Physical Memory: 6811.75 MB used,  9488.48 MB free, 16300.24 MB total
[2019.01.25-23.17.15:282][  0]LogMemory: Virtual Memory: 4640.09 MB used,  9488.48 MB free, 134217728.00 MB total
[2019.01.25-23.17.15:417][  0]LogInit: Using OS detected language (en-US).
[2019.01.25-23.17.15:418][  0]LogInit: Using OS detected locale (en-GB).
[2019.01.25-23.17.15:419][  0]LogTextLocalizationManager: No specific localization for 'en-US' exists, so the 'en' localization will be used.
[2019.01.25-23.17.15:825][  0]LogStreaming: Display: Took  0.408s to InitEngineTextLocalization.
[2019.01.25-23.17.15:826][  0]LogInit: Setting process to per monitor DPI aware
[2019.01.25-23.17.15:896][  0]LogSlate: New Slate User Created.  User Index 0, Is Virtual User: 0
[2019.01.25-23.17.15:897][  0]LogSlate: Slate User Registered.  User Index 0, Is Virtual User: 0
[2019.01.25-23.17.16:213][  0]LogHMD: Failed to initialize OpenVR with code 110
[2019.01.25-23.17.16:213][  0]LogD3D11RHI: D3D11 adapters:
[2019.01.25-23.17.16:313][  0]LogD3D11RHI:    0. 'NVIDIA GeForce GTX 970' (Feature Level 11_0)
[2019.01.25-23.17.16:313][  0]LogD3D11RHI:       4043/0/8150 MB DedicatedVideo/DedicatedSystem/SharedSystem, Outputs:2, VendorId:0x10de
[2019.01.25-23.17.16:319][  0]LogD3D11RHI:    1. 'Microsoft Basic Render Driver' (Feature Level 11_0)
[2019.01.25-23.17.16:319][  0]LogD3D11RHI:       0/0/8150 MB DedicatedVideo/DedicatedSystem/SharedSystem, Outputs:0, VendorId:0x1414
[2019.01.25-23.17.16:319][  0]LogD3D11RHI: Chosen D3D11 Adapter: 0
[2019.01.25-23.17.16:329][  0]LogD3D11RHI: Creating new Direct3DDevice
[2019.01.25-23.17.16:329][  0]LogD3D11RHI:     GPU DeviceId: 0x13c2 (for the marketing name, search the web for "GPU Device Id")
[2019.01.25-23.17.16:329][  0]LogWindows: EnumDisplayDevices:
[2019.01.25-23.17.16:329][  0]LogWindows:    0. 'NVIDIA GeForce GTX 970' (P:1 D:1)
[2019.01.25-23.17.16:329][  0]LogWindows:    1. 'NVIDIA GeForce GTX 970' (P:0 D:1)
[2019.01.25-23.17.16:330][  0]LogWindows:    2. 'NVIDIA GeForce GTX 970' (P:0 D:0)
[2019.01.25-23.17.16:330][  0]LogWindows:    3. 'NVIDIA GeForce GTX 970' (P:0 D:0)
[2019.01.25-23.17.16:330][  0]LogWindows: DebugString: FoundDriverCount:4 
[2019.01.25-23.17.16:330][  0]LogD3D11RHI:     Adapter Name: NVIDIA GeForce GTX 970
[2019.01.25-23.17.16:330][  0]LogD3D11RHI:   Driver Version: 398.82 (internal:24.21.13.9882, unified:398.82)
[2019.01.25-23.17.16:330][  0]LogD3D11RHI:      Driver Date: 7-30-2018
[2019.01.25-23.17.16:331][  0]LogRHI: Texture pool is 2830 MB (70% of 4043 MB)
[2019.01.25-23.17.16:383][  0]LogD3D11RHI: Async texture creation enabled
[2019.01.25-23.17.16:402][  0]LogD3D11RHI: GPU Timing Frequency: 1000.000000 (Debug: 2 2)
[2019.01.25-23.17.16:450][  0]LogShaderCompilers: Guid format shader working directory is -17 characters bigger than the processId version (../../../../../../Users/p018236h.STUDENT/Documents/GameJam/GGJ2019/GGJ2019/Intermediate/Shaders/WorkingDirectory/9388/).
[2019.01.25-23.17.16:451][  0]LogShaderCompilers: Cleaned the shader compiler working directory 'C:/Users/p018236h.STUDENT/AppData/Local/Temp/UnrealShaderWorkingDir/D0042D354E1B5A20BE2374AC18ECFBB7/'.
[2019.01.25-23.17.17:057][  0]LogTemp: Display: Loaded TP AllDesktopTargetPlatform
[2019.01.25-23.17.17:083][  0]LogTemp: Display: Loaded TP MacClientTargetPlatform
[2019.01.25-23.17.17:106][  0]LogTemp: Display: Loaded TP MacNoEditorTargetPlatform
[2019.01.25-23.17.17:129][  0]LogTemp: Display: Loaded TP MacServerTargetPlatform
[2019.01.25-23.17.17:150][  0]LogTemp: Display: Loaded TP MacTargetPlatform
[2019.01.25-23.17.17:171][  0]LogTemp: Display: Loaded TP WindowsClientTargetPlatform
[2019.01.25-23.17.17:191][  0]LogTemp: Display: Loaded TP WindowsNoEditorTargetPlatform
[2019.01.25-23.17.17:212][  0]LogTemp: Display: Loaded TP WindowsServerTargetPlatform
[2019.01.25-23.17.17:229][  0]LogTemp: Display: Loaded TP WindowsTargetPlatform
[2019.01.25-23.17.17:336][  0]LogTemp: Display: Loaded TP AndroidTargetPlatform
[2019.01.25-23.17.17:336][  0]LogTemp: Display: Loaded TP AndroidTargetPlatform
[2019.01.25-23.17.17:336][  0]LogTemp: Display: Loaded TP AndroidTargetPlatform
[2019.01.25-23.17.17:336][  0]LogTemp: Display: Loaded TP AndroidTargetPlatform
[2019.01.25-23.17.17:336][  0]LogTemp: Display: Loaded TP AndroidTargetPlatform
[2019.01.25-23.17.17:336][  0]LogTemp: Display: Loaded TP AndroidTargetPlatform
[2019.01.25-23.17.17:336][  0]LogTemp: Display: Loaded TP AndroidTargetPlatform
[2019.01.25-23.17.17:336][  0]LogTemp: Display: Loaded TP AndroidTargetPlatform
[2019.01.25-23.17.17:336][  0]LogTemp: Display: Loaded TP AndroidTargetPlatform
[2019.01.25-23.17.17:336][  0]LogTemp: Display: Loaded TP AndroidTargetPlatform
[2019.01.25-23.17.17:336][  0]LogTemp: Display: Loaded TP AndroidTargetPlatform
[2019.01.25-23.17.17:336][  0]LogTemp: Display: Loaded TP AndroidTargetPlatform
[2019.01.25-23.17.17:336][  0]LogTemp: Display: Loaded TP AndroidTargetPlatform
[2019.01.25-23.17.17:336][  0]LogTemp: Display: Loaded TP AndroidTargetPlatform
[2019.01.25-23.17.17:336][  0]LogTemp: Display: Loaded TP AndroidTargetPlatform
[2019.01.25-23.17.17:337][  0]LogTemp: Display: Loaded TP AndroidTargetPlatform
[2019.01.25-23.17.17:337][  0]LogTemp: Display: Loaded TP AndroidTargetPlatform
[2019.01.25-23.17.17:337][  0]LogTemp: Display: Loaded TP AndroidTargetPlatform
[2019.01.25-23.17.17:342][  0]LogTemp: Display: Loaded TP HTML5TargetPlatform
[2019.01.25-23.17.17:420][  0]LogTemp: Display: Loaded TP IOSTargetPlatform
[2019.01.25-23.17.17:420][  0]LogTemp: Display: Loaded TP IOSTargetPlatform
[2019.01.25-23.17.17:451][  0]LogTemp: Display: Loaded TP TVOSTargetPlatform
[2019.01.25-23.17.17:451][  0]LogTemp: Display: Loaded TP TVOSTargetPlatform
[2019.01.25-23.17.17:471][  0]LogTemp: Display: Loaded TP LinuxClientTargetPlatform
[2019.01.25-23.17.17:495][  0]LogTemp: Display: Loaded TP LinuxNoEditorTargetPlatform
[2019.01.25-23.17.17:518][  0]LogTemp: Display: Loaded TP LinuxServerTargetPlatform
[2019.01.25-23.17.17:536][  0]LogTemp: Display: Loaded TP LinuxTargetPlatform
[2019.01.25-23.17.17:549][  0]LogTemp: Display: Loaded TP LuminTargetPlatform
[2019.01.25-23.17.17:549][  0]LogTargetPlatformManager: Display: Building Assets For Windows
[2019.01.25-23.17.17:760][  0]LogXGEController: Cleaning working directory: C:/Users/p018236h.STUDENT/AppData/Local/Temp/UnrealXGEWorkingDir/
[2019.01.25-23.17.17:761][  0]LogXGEController: Cannot use XGE Controller as Incredibuild is not installed on this machine.
[2019.01.25-23.17.17:761][  0]LogShaderCompilers: Cannot use XGE Shader Compiler as Incredibuild is not installed on this machine.
[2019.01.25-23.17.17:761][  0]LogShaderCompilers: Display: Using Local Shader Compiler.
[2019.01.25-23.17.18:792][  0]LogDerivedDataCache: Display: Max Cache Size: 512 MB
[2019.01.25-23.17.18:893][  0]LogDerivedDataCache: Loaded boot cache 0.10s 71MB C:/Users/p018236h.STUDENT/AppData/Local/UnrealEngine/4.20/DerivedDataCache/Boot.ddc.
[2019.01.25-23.17.18:894][  0]LogDerivedDataCache: Display: Loaded Boot cache: C:/Users/p018236h.STUDENT/AppData/Local/UnrealEngine/4.20/DerivedDataCache/Boot.ddc
[2019.01.25-23.17.18:894][  0]LogDerivedDataCache: FDerivedDataBackendGraph:  Pak pak cache file ../../../../../../Users/p018236h.STUDENT/Documents/GameJam/GGJ2019/GGJ2019/DerivedDataCache/DDC.ddp not found, will not use a pak cache.
[2019.01.25-23.17.18:895][  0]LogDerivedDataCache: Unable to find inner node Pak for hierarchical cache Hierarchy.
[2019.01.25-23.17.18:895][  0]LogDerivedDataCache: FDerivedDataBackendGraph:  CompressedPak pak cache file ../../../../../../Users/p018236h.STUDENT/Documents/GameJam/GGJ2019/GGJ2019/DerivedDataCache/Compressed.ddp not found, will not use a pak cache.
[2019.01.25-23.17.18:895][  0]LogDerivedDataCache: Unable to find inner node CompressedPak for hierarchical cache Hierarchy.
[2019.01.25-23.17.18:908][  0]LogDerivedDataCache: Display: Pak cache opened for reading ../../../Engine/DerivedDataCache/Compressed.ddp.
[2019.01.25-23.17.18:923][  0]LogDerivedDataCache: Using Local data cache path C:/Users/p018236h.STUDENT/AppData/Local/UnrealEngine/Common/DerivedDataCache: Writable
[2019.01.25-23.17.18:924][  0]LogDerivedDataCache: Shared data cache path not found in *engine.ini, will not use an Shared cache.
[2019.01.25-23.17.18:924][  0]LogDerivedDataCache: Unable to find inner node Shared for hierarchical cache Hierarchy.
[2019.01.25-23.17.18:966][  0]LogMaterial: Verifying Global Shaders for PCD3D_SM5
[2019.01.25-23.17.18:968][  0]LogSlate: Using FreeType 2.6.0
[2019.01.25-23.17.18:971][  0]LogSlate: SlateFontServices - WITH_FREETYPE: 1, WITH_HARFBUZZ: 1
[2019.01.25-23.17.19:078][  0]LogAssetRegistry: FAssetRegistry took 0.0292 seconds to start up
[2019.01.25-23.17.19:573][  0]LogInit: Selected Device Profile: [Windows]
[2019.01.25-23.17.19:792][  0]LogSimplygon: Simplygon DLL not present - disabling.
[2019.01.25-23.17.19:802][  0]LogMeshReduction: Using SimplygonSwarm for distributed automatic mesh merging
[2019.01.25-23.17.19:802][  0]LogMeshReduction: Using ProxyLODMeshReduction for automatic mesh merging
[2019.01.25-23.17.19:802][  0]LogMeshReduction: Using QuadricMeshReduction for automatic static mesh reduction
[2019.01.25-23.17.19:802][  0]LogMeshReduction: No automatic skeletal mesh reduction module available
[2019.01.25-23.17.19:827][  0]LogNetVersion: GGJ2019 1.0.0, NetCL: 4212847, EngineNetVer: 5, GameNetVer: 0 (Checksum: 54619999)
[2019.01.25-23.17.20:692][  0]LogPackageLocalizationCache: Processed 11 localized package path(s) for 2 prioritized culture(s) in 0.252109 seconds
[2019.01.25-23.17.20:700][  0]LogUObjectArray: 38425 objects as part of root set at end of initial load.
[2019.01.25-23.17.20:700][  0]LogUObjectAllocator: 6690872 out of 0 bytes used by permanent object pool.
[2019.01.25-23.17.20:700][  0]LogUObjectArray: CloseDisregardForGC: 0/0 objects in disregard for GC pool
[2019.01.25-23.17.21:974][  0]LogTcpMessaging: Initializing TcpMessaging bridge
[2019.01.25-23.17.21:992][  0]LogUdpMessaging: Initializing bridge on interface 0.0.0.0:0 to multicast group 230.0.0.1:6666.
[2019.01.25-23.17.22:215][  0]SourceControl: Source control is disabled
[2019.01.25-23.17.22:216][  0]SourceControl: Source control is disabled
[2019.01.25-23.17.22:220][  0]SourceControl: Source control is disabled
[2019.01.25-23.17.22:224][  0]SourceControl: Source control is disabled
[2019.01.25-23.17.22:565][  0]LogAndroidPermission: UAndroidPermissionCallbackProxy::GetInstance
[2019.01.25-23.17.22:689][  0]LogOcInput: OculusInput pre-init called
[2019.01.25-23.17.22:776][  0]LogEngine: Initializing Engine...
[2019.01.25-23.17.22:777][  0]LogHMD: Failed to initialize OpenVR with code 110
[2019.01.25-23.17.22:781][  0]LogStats: UGameplayTagsManager::ConstructGameplayTagTree: ImportINI prefixes -  0.000 s
[2019.01.25-23.17.22:781][  0]LogStats: UGameplayTagsManager::ConstructGameplayTagTree: Construct from data asset -  0.000 s
[2019.01.25-23.17.22:782][  0]LogStats: UGameplayTagsManager::ConstructGameplayTagTree: ImportINI -  0.000 s
[2019.01.25-23.17.22:782][  0]LogStats: UGameplayTagsManager::ConstructGameplayTagTree: GameplayTagTreeChangedEvent.Broadcast -  0.000 s
[2019.01.25-23.17.23:090][  0]LogInit: Initializing FReadOnlyCVARCache
[2019.01.25-23.17.23:123][  0]LogAIModule: Creating AISystem for world Untitled
[2019.01.25-23.17.23:138][  0]LogInit: XAudio2 using 'Speakers (Realtek High Definition Audio)' : 2 channels at 48 kHz using 32 bits per sample (channel mask 0x3)
[2019.01.25-23.17.23:184][  0]LogInit: FAudioDevice initialized.
[2019.01.25-23.17.23:185][  0]LogNetVersion: Set ProjectVersion to 1.0.0.0. Version Checksum will be recalculated on next use.
[2019.01.25-23.17.23:283][  0]LogDerivedDataCache: Saved boot cache 0.10s 71MB C:/Users/p018236h.STUDENT/AppData/Local/UnrealEngine/4.20/DerivedDataCache/Boot.ddc.
[2019.01.25-23.17.23:307][  0]LogInit: Texture streaming: Enabled
[2019.01.25-23.17.23:357][  0]LogEngineSessionManager: EngineSessionManager initialized
[2019.01.25-23.17.23:357][  0]LogEngineSessionManager: EngineSessionManager sent abnormal shutdown report. Type=Debugger, SessionId={E04D3BB9-4884-5998-5537-F6AA97FA77EC}
[2019.01.25-23.17.23:376][  0]LogInit: Transaction tracking system initialized
[2019.01.25-23.17.23:436][  0]BlueprintLog: New page: Editor Load
[2019.01.25-23.17.23:616][  0]LocalizationService: Localization service is disabled
[2019.01.25-23.17.23:994][  0]LogCook: Display: Max memory allowance for cook 16384mb min free memory 0mb
[2019.01.25-23.17.23:994][  0]LogCook: Display: Mobile HDR setting 1
[2019.01.25-23.17.23:995][  0]LogGameplayTags: Display: UGameplayTagsManager::DoneAddingNativeTags. DelegateIsBound: 0
[2019.01.25-23.17.23:995][  0]LogStats: UGameplayTagsManager::ConstructGameplayTagTree: ImportINI prefixes -  0.000 s
[2019.01.25-23.17.23:995][  0]LogStats: UGameplayTagsManager::ConstructGameplayTagTree: Construct from data asset -  0.000 s
[2019.01.25-23.17.23:995][  0]LogStats: UGameplayTagsManager::ConstructGameplayTagTree: ImportINI -  0.000 s
[2019.01.25-23.17.23:995][  0]LogStats: UGameplayTagsManager::ConstructGameplayTagTree: GameplayTagTreeChangedEvent.Broadcast -  0.000 s
[2019.01.25-23.17.24:236][  0]LogFileCache: Scanning file cache for directory 'C:/Users/p018236h.STUDENT/Documents/GameJam/GGJ2019/GGJ2019/Content/' took 0.02s
[2019.01.25-23.17.24:236][  0]SourceControl: Source control is disabled
[2019.01.25-23.17.24:236][  0]Cmd: MAP LOAD FILE="../../../../../../Users/p018236h.STUDENT/Documents/GameJam/GGJ2019/GGJ2019/Content/GameLevel.umap" TEMPLATE=0 SHOWPROGRESS=1 FEATURELEVEL=3
[2019.01.25-23.17.24:237][  0]LightingResults: New page: Lighting Build
[2019.01.25-23.17.24:242][  0]MapCheck: New page: Map Check
[2019.01.25-23.17.24:243][  0]LightingResults: New page: Lighting Build
[2019.01.25-23.17.24:521][  0]LogAIModule: Creating AISystem for world GameLevel
[2019.01.25-23.17.24:533][  0]LogEditorServer: Finished looking for orphan Actors (0.000 secs)
[2019.01.25-23.17.24:563][  0]Cmd: MAP CHECKDEP NOCLEARLOG
[2019.01.25-23.17.24:781][  0]MapCheck: Map check complete: 0 Error(s), 0 Warning(s), took 217.661ms to complete.
[2019.01.25-23.17.24:782][  0]LogFileHelpers: Loading map 'GameLevel' took 0.545
[2019.01.25-23.17.24:925][  0]LogSlate: Updating window title bar state: overlay mode, drag disabled, window buttons hidden, title bar hidden
[2019.01.25-23.17.24:933][  0]LogSlate: Updating window title bar state: overlay mode, drag disabled, window buttons hidden, title bar hidden
[2019.01.25-23.17.24:941][  0]LogSlate: Updating window title bar state: overlay mode, drag disabled, window buttons hidden, title bar hidden
[2019.01.25-23.17.24:949][  0]LogSlate: Updating window title bar state: overlay mode, drag disabled, window buttons hidden, title bar hidden
[2019.01.25-23.17.24:963][  0]LogCollectionManager: Loaded 0 collections in 0.003535 seconds
[2019.01.25-23.17.25:017][  0]LogFileCache: Scanning file cache for directory 'C:/Users/p018236h.STUDENT/Documents/GameJam/GGJ2019/GGJ2019/Saved/Collections/' took 0.01s
[2019.01.25-23.17.25:017][  0]LogFileCache: Scanning file cache for directory 'C:/Users/p018236h.STUDENT/Documents/GameJam/GGJ2019/GGJ2019/Content/Developers/p018236h/Collections/' took 0.01s
[2019.01.25-23.17.25:017][  0]LogFileCache: Scanning file cache for directory 'C:/Users/p018236h.STUDENT/Documents/GameJam/GGJ2019/GGJ2019/Content/Collections/' took 0.01s
[2019.01.25-23.17.25:017][  0]LogCollectionManager: Rebuilt the GUID cache for 0 collections in 0.000000 seconds
[2019.01.25-23.17.25:038][  0]LogContentBrowser: Native class hierarchy populated in 0.0207 seconds. Added 2579 classes and 606 folders.
[2019.01.25-23.17.25:061][  0]LogContentBrowser: Native class hierarchy updated for 'WidgetCarousel' in 0.0011 seconds. Added 0 classes and 0 folders.
[2019.01.25-23.17.25:154][  0]LogContentBrowser: Native class hierarchy updated for 'AddContentDialog' in 0.0005 seconds. Added 0 classes and 0 folders.
[2019.01.25-23.17.25:163][  0]LogContentBrowser: Native class hierarchy updated for 'SceneOutliner' in 0.0005 seconds. Added 1 classes and 2 folders.
[2019.01.25-23.17.25:201][  0]LogSlate: Took 0.000282 seconds to synchronously load lazily loaded font '../../../Engine/Content/Slate/Fonts/Roboto-Regular.ttf' (155K)
[2019.01.25-23.17.25:204][  0]LogSlate: Took 0.000291 seconds to synchronously load lazily loaded font '../../../Engine/Content/Slate/Fonts/Roboto-Bold.ttf' (160K)
[2019.01.25-23.17.25:212][  0]LogSlate: Took 0.000316 seconds to synchronously load lazily loaded font '../../../Engine/Content/Editor/Slate/Fonts/FontAwesome.ttf' (139K)
[2019.01.25-23.17.25:300][  0]LogRenderer: Reallocating scene render targets to support 1208x576 Format 10 NumSamples 1 (Frame:1).
[2019.01.25-23.17.25:358][  0]LogSlate: Took 0.000227 seconds to synchronously load lazily loaded font '../../../Engine/Content/Slate/Fonts/Roboto-Light.ttf' (167K)
[2019.01.25-23.17.25:455][  0]LogContentBrowser: Native class hierarchy updated for 'HierarchicalLODOutliner' in 0.0006 seconds. Added 0 classes and 0 folders.
[2019.01.25-23.17.25:455][  0]LogLoad: (Engine Initialization) Total time: 13.79 seconds
[2019.01.25-23.17.25:455][  0]LogLoad: (Engine Initialization) Total Blueprint compile time: 0.00 seconds
[2019.01.25-23.17.25:476][  0]LogWindowsTextInputMethodSystem: Display: IME system now deactivated.
[2019.01.25-23.17.25:515][  0]LogContentStreaming: Texture pool size now 1000 MB
[2019.01.25-23.17.25:617][  1]LogFileCache: Retrieving MD5 hashes for directory 'C:/Users/p018236h.STUDENT/Documents/GameJam/GGJ2019/GGJ2019/Content/' took 0.13s
[2019.01.25-23.17.25:652][  1]LogAssetRegistry: Asset discovery search completed in 6.5988 seconds
[2019.01.25-23.17.25:656][  1]LogCollectionManager: Rebuilt the object cache for 0 collections in 0.000001 seconds (found 0 objects)
[2019.01.25-23.17.25:656][  1]LogCollectionManager: Fixed up redirectors for 0 collections in 0.000360 seconds (updated 0 objects)
[2019.01.25-23.17.29:694][471]LogSlate: FSceneViewport::OnFocusLost() reason 0
[2019.01.25-23.17.29:880][492]LogSlate: Took 0.000317 seconds to synchronously load lazily loaded font '../../../Engine/Content/Slate/Fonts/Roboto-Light.ttf' (167K)
[2019.01.25-23.17.29:951][492]LogAIModule: Creating AISystem for world REeeeeeeeeee
[2019.01.25-23.17.29:964][492]LogAssetEditorManager: Opening Asset editor for World /Game/REeeeeeeeeee.REeeeeeeeeee
[2019.01.25-23.17.29:988][492]Cmd: MAP LOAD FILE="../../../../../../Users/p018236h.STUDENT/Documents/GameJam/GGJ2019/GGJ2019/Content/REeeeeeeeeee.umap" TEMPLATE=0 SHOWPROGRESS=1 FEATURELEVEL=3
[2019.01.25-23.17.29:989][492]LightingResults: New page: Lighting Build
[2019.01.25-23.17.29:990][492]LoadErrors: New page: Loading map: REeeeeeeeeee.umap
[2019.01.25-23.17.29:992][492]MapCheck: New page: Map Check
[2019.01.25-23.17.29:992][492]LightingResults: New page: Lighting Build
[2019.01.25-23.17.30:026][492]LogEditorServer: Finished looking for orphan Actors (0.000 secs)
[2019.01.25-23.17.30:091][492]Cmd: MAP CHECKDEP NOCLEARLOG
[2019.01.25-23.17.30:279][492]MapCheck: Map check complete: 0 Error(s), 0 Warning(s), took 187.732ms to complete.
[2019.01.25-23.17.30:281][492]LogFileHelpers: Loading map 'REeeeeeeeeee' took 0.293
[2019.01.25-23.17.32:737][762]LogAssetEditorManager: Opening Asset editor for Blueprint /Game/Player_BP_Base.Player_BP_Base
[2019.01.25-23.17.33:295][762]LogContentBrowser: Native class hierarchy updated for 'BlueprintGraph' in 0.0012 seconds. Added 116 classes and 0 folders.
[2019.01.25-23.17.34:296][762]LogSlate: Took 0.000565 seconds to synchronously load lazily loaded font '../../../Engine/Content/Slate/Fonts/Roboto-BoldCondensed.ttf' (158K)
[2019.01.25-23.17.35:594][896]LogRenderer: Reallocating scene render targets to support 1208x900 Format 10 NumSamples 1 (Frame:1).
[2019.01.25-23.17.36:134][958]LogSlate: Took 0.000310 seconds to synchronously load lazily loaded font '../../../Engine/Content/Slate/Fonts/Roboto-Italic.ttf' (157K)
[2019.01.25-23.17.39:268][329]LogTemp: Repeating last play command: Selected Viewport
[2019.01.25-23.17.39:291][329]LogPlayLevel: PlayLevel: No blueprints needed recompiling
[2019.01.25-23.17.39:305][329]PIE: New page: PIE session: REeeeeeeeeee (25 Jan 2019 23:17:39)
[2019.01.25-23.17.39:305][329]LogPlayLevel: Creating play world package: /Game/UEDPIE_0_REeeeeeeeeee
[2019.01.25-23.17.39:322][329]LogPlayLevel: PIE: StaticDuplicateObject took: (0.016746s)
[2019.01.25-23.17.39:322][329]LogAIModule: Creating AISystem for world REeeeeeeeeee
[2019.01.25-23.17.39:323][329]LogPlayLevel: PIE: World Init took: (0.001007s)
[2019.01.25-23.17.39:323][329]LogPlayLevel: PIE: Created PIE world by copying editor world from /Game/REeeeeeeeeee.REeeeeeeeeee to /Game/UEDPIE_0_REeeeeeeeeee.REeeeeeeeeee (0.018339s)
[2019.01.25-23.17.39:363][329]LogInit: XAudio2 using 'Speakers (Realtek High Definition Audio)' : 2 channels at 48 kHz using 32 bits per sample (channel mask 0x3)
[2019.01.25-23.17.39:378][329]LogInit: FAudioDevice initialized.
[2019.01.25-23.17.39:387][329]LogSlate: Updating window title bar state: overlay mode, drag disabled, window buttons hidden, title bar hidden
[2019.01.25-23.17.39:470][329]LogLoad: Game class is 'GGJ2019GM_C'
[2019.01.25-23.17.39:476][329]LogWorld: Bringing World /Game/UEDPIE_0_REeeeeeeeeee.REeeeeeeeeee up for play (max tick rate 0) at 2019.01.25-23.17.39
[2019.01.25-23.17.39:477][329]LogWorld: Bringing up level for play took: 0.003799
[2019.01.25-23.17.39:508][329]LogContentBrowser: Native class hierarchy updated for 'MovieSceneCapture' in 0.0013 seconds. Added 10 classes and 0 folders.
[2019.01.25-23.17.39:511][329]PIE: Play in editor start time for /Game/UEDPIE_0_REeeeeeeeeee -0.555
[2019.01.25-23.17.39:560][329]LogRenderer: Reallocating scene render targets to support 1292x900 Format 10 NumSamples 1 (Frame:1).
[2019.01.25-23.17.42:669][694]LogSlate: Updating window title bar state: overlay mode, drag disabled, window buttons hidden, title bar hidden
[2019.01.25-23.17.42:690][694]LogSlate: Window 'GGJ2019 Game Preview Standalone (64-bit/PCD3D_SM5)' being destroyed
[2019.01.25-23.17.42:726][694]LogPlayLevel: Display: Shutting down PIE online subsystems
[2019.01.25-23.17.42:782][695]LogPlayLevel: Display: Destroying online subsystem :Context_4
[2019.01.25-23.17.45:035][963]LogTemp: Repeating last play command: Selected Viewport
[2019.01.25-23.17.45:058][963]LogPlayLevel: PlayLevel: No blueprints needed recompiling
[2019.01.25-23.17.45:058][963]PIE: New page: PIE session: REeeeeeeeeee (25 Jan 2019 23:17:45)
[2019.01.25-23.17.45:058][963]LogPlayLevel: Creating play world package: /Game/UEDPIE_0_REeeeeeeeeee
[2019.01.25-23.17.45:075][963]LogPlayLevel: PIE: StaticDuplicateObject took: (0.016177s)
[2019.01.25-23.17.45:075][963]LogAIModule: Creating AISystem for world REeeeeeeeeee
[2019.01.25-23.17.45:076][963]LogPlayLevel: PIE: World Init took: (0.000880s)
[2019.01.25-23.17.45:076][963]LogPlayLevel: PIE: Created PIE world by copying editor world from /Game/REeeeeeeeeee.REeeeeeeeeee to /Game/UEDPIE_0_REeeeeeeeeee.REeeeeeeeeee (0.017448s)
[2019.01.25-23.17.45:108][963]LogInit: XAudio2 using 'Speakers (Realtek High Definition Audio)' : 2 channels at 48 kHz using 32 bits per sample (channel mask 0x3)
[2019.01.25-23.17.45:124][963]LogInit: FAudioDevice initialized.
[2019.01.25-23.17.45:156][963]LogLoad: Game class is 'GGJ2019GM_C'
[2019.01.25-23.17.45:159][963]LogWorld: Bringing World /Game/UEDPIE_0_REeeeeeeeeee.REeeeeeeeeee up for play (max tick rate 0) at 2019.01.25-23.17.45
[2019.01.25-23.17.45:159][963]LogWorld: Bringing up level for play took: 0.001835
[2019.01.25-23.17.45:175][963]PIE: Play in editor start time for /Game/UEDPIE_0_REeeeeeeeeee 1.108
[2019.01.25-23.17.48:160][317]LogSlate: Updating window title bar state: overlay mode, drag disabled, window buttons hidden, title bar hidden
[2019.01.25-23.17.48:204][317]LogPlayLevel: Display: Shutting down PIE online subsystems
[2019.01.25-23.17.48:264][317]LogSlate: Updating window title bar state: overlay mode, drag disabled, window buttons hidden, title bar hidden
[2019.01.25-23.17.48:289][318]LogPlayLevel: Display: Destroying online subsystem :Context_5
[2019.01.25-23.17.49:236][430]LogSlate: FSceneViewport::OnFocusLost() reason 0
[2019.01.25-23.17.53:575][936]LogSlate: FSceneViewport::OnFocusLost() reason 0
[2019.01.25-23.18.16:296][613]LogSlate: FSceneViewport::OnFocusLost() reason 0
[2019.01.25-23.18.16:363][621]BlueprintLog: New page: Compile Player_BP_Base
[2019.01.25-23.18.35:369][858]BlueprintLog: New page: Compile Player_BP_Base
[2019.01.25-23.18.37:227][ 58]LogTemp: Repeating last play command: Selected Viewport
[2019.01.25-23.18.37:250][ 58]LogPlayLevel: PlayLevel: No blueprints needed recompiling
[2019.01.25-23.18.37:250][ 58]PIE: New page: PIE session: REeeeeeeeeee (25 Jan 2019 23:18:37)
[2019.01.25-23.18.37:251][ 58]LogPlayLevel: Creating play world package: /Game/UEDPIE_0_REeeeeeeeeee
[2019.01.25-23.18.37:269][ 58]LogPlayLevel: PIE: StaticDuplicateObject took: (0.017879s)
[2019.01.25-23.18.37:269][ 58]LogAIModule: Creating AISystem for world REeeeeeeeeee
[2019.01.25-23.18.37:270][ 58]LogPlayLevel: PIE: World Init took: (0.000833s)
[2019.01.25-23.18.37:270][ 58]LogPlayLevel: PIE: Created PIE world by copying editor world from /Game/REeeeeeeeeee.REeeeeeeeeee to /Game/UEDPIE_0_REeeeeeeeeee.REeeeeeeeeee (0.019098s)
[2019.01.25-23.18.37:307][ 58]LogInit: XAudio2 using 'Speakers (Realtek High Definition Audio)' : 2 channels at 48 kHz using 32 bits per sample (channel mask 0x3)
[2019.01.25-23.18.37:323][ 58]LogInit: FAudioDevice initialized.
[2019.01.25-23.18.37:333][ 58]LogSlate: Updating window title bar state: overlay mode, drag disabled, window buttons hidden, title bar hidden
[2019.01.25-23.18.37:390][ 58]LogLoad: Game class is 'GGJ2019GM_C'
[2019.01.25-23.18.37:395][ 58]LogWorld: Bringing World /Game/UEDPIE_0_REeeeeeeeeee.REeeeeeeeeee up for play (max tick rate 0) at 2019.01.25-23.18.37
[2019.01.25-23.18.37:396][ 58]LogWorld: Bringing up level for play took: 0.004703
[2019.01.25-23.18.37:415][ 58]PIE: Play in editor start time for /Game/UEDPIE_0_REeeeeeeeeee -0.651
[2019.01.25-23.18.39:851][341]LogSlate: Updating window title bar state: overlay mode, drag disabled, window buttons hidden, title bar hidden
[2019.01.25-23.18.39:874][341]LogSlate: Window 'GGJ2019 Game Preview Standalone (64-bit/PCD3D_SM5)' being destroyed
[2019.01.25-23.18.39:909][341]LogPlayLevel: Display: Shutting down PIE online subsystems
[2019.01.25-23.18.39:955][342]LogPlayLevel: Display: Destroying online subsystem :Context_7
[2019.01.25-23.18.43:737][782]LogSlate: FSceneViewport::OnFocusLost() reason 0
[2019.01.25-23.19.23:760][536]BlueprintLog: New page: Compile Player_BP_Base
[2019.01.25-23.19.25:221][678]LogTemp: Repeating last play command: Selected Viewport
[2019.01.25-23.19.25:243][678]LogPlayLevel: PlayLevel: No blueprints needed recompiling
[2019.01.25-23.19.25:243][678]PIE: New page: PIE session: REeeeeeeeeee (25 Jan 2019 23:19:25)
[2019.01.25-23.19.25:243][678]LogPlayLevel: Creating play world package: /Game/UEDPIE_0_REeeeeeeeeee
[2019.01.25-23.19.25:260][678]LogPlayLevel: PIE: StaticDuplicateObject took: (0.016936s)
[2019.01.25-23.19.25:261][678]LogAIModule: Creating AISystem for world REeeeeeeeeee
[2019.01.25-23.19.25:261][678]LogPlayLevel: PIE: World Init took: (0.000845s)
[2019.01.25-23.19.25:261][678]LogPlayLevel: PIE: Created PIE world by copying editor world from /Game/REeeeeeeeeee.REeeeeeeeeee to /Game/UEDPIE_0_REeeeeeeeeee.REeeeeeeeeee (0.018133s)
[2019.01.25-23.19.25:288][678]LogInit: XAudio2 using 'Speakers (Realtek High Definition Audio)' : 2 channels at 48 kHz using 32 bits per sample (channel mask 0x3)
[2019.01.25-23.19.25:303][678]LogInit: FAudioDevice initialized.
[2019.01.25-23.19.25:313][678]LogSlate: Updating window title bar state: overlay mode, drag disabled, window buttons hidden, title bar hidden
[2019.01.25-23.19.25:358][678]LogLoad: Game class is 'GGJ2019GM_C'
[2019.01.25-23.19.25:361][678]LogWorld: Bringing World /Game/UEDPIE_0_REeeeeeeeeee.REeeeeeeeeee up for play (max tick rate 0) at 2019.01.25-23.19.25
[2019.01.25-23.19.25:361][678]LogWorld: Bringing up level for play took: 0.001672
[2019.01.25-23.19.25:377][678]PIE: Play in editor start time for /Game/UEDPIE_0_REeeeeeeeeee -0.689
[2019.01.25-23.19.28:922][ 96]LogSlate: Updating window title bar state: overlay mode, drag disabled, window buttons hidden, title bar hidden
[2019.01.25-23.19.28:942][ 96]LogSlate: Window 'GGJ2019 Game Preview Standalone (64-bit/PCD3D_SM5)' being destroyed
[2019.01.25-23.19.28:978][ 96]LogPlayLevel: Display: Shutting down PIE online subsystems
[2019.01.25-23.19.29:022][ 97]LogPlayLevel: Display: Destroying online subsystem :Context_8
[2019.01.25-23.19.35:631][883]LogEditorViewport: Clicking on Actor (LMB): PlayerStart (PlayerStart)
[2019.01.25-23.19.40:390][448]LogSlate: FSceneViewport::OnFocusLost() reason 0
[2019.01.25-23.19.50:987][716]LogEditorViewport: Clicking on Actor (LMB): PlayerStart (PlayerStart)
[2019.01.25-23.19.52:144][852]LogNavigationPoint: PostEditMove Clear paths rebuilt
[2019.01.25-23.19.53:725][ 38]LogNavigationPoint: PostEditMove Clear paths rebuilt
[2019.01.25-23.19.54:594][137]LogSlate: FSceneViewport::OnFocusLost() reason 0
[2019.01.25-23.19.54:686][148]LogTemp: Repeating last play command: Selected Viewport
[2019.01.25-23.19.54:708][148]LogPlayLevel: PlayLevel: No blueprints needed recompiling
[2019.01.25-23.19.54:708][148]PIE: New page: PIE session: REeeeeeeeeee (25 Jan 2019 23:19:54)
[2019.01.25-23.19.54:709][148]LogPlayLevel: Creating play world package: /Game/UEDPIE_0_REeeeeeeeeee
[2019.01.25-23.19.54:725][148]LogPlayLevel: PIE: StaticDuplicateObject took: (0.016484s)
[2019.01.25-23.19.54:726][148]LogAIModule: Creating AISystem for world REeeeeeeeeee
[2019.01.25-23.19.54:726][148]LogPlayLevel: PIE: World Init took: (0.000794s)
[2019.01.25-23.19.54:726][148]LogPlayLevel: PIE: Created PIE world by copying editor world from /Game/REeeeeeeeeee.REeeeeeeeeee to /Game/UEDPIE_0_REeeeeeeeeee.REeeeeeeeeee (0.017628s)
[2019.01.25-23.19.54:757][148]LogInit: XAudio2 using 'Speakers (Realtek High Definition Audio)' : 2 channels at 48 kHz using 32 bits per sample (channel mask 0x3)
[2019.01.25-23.19.54:771][148]LogInit: FAudioDevice initialized.
[2019.01.25-23.19.54:805][148]LogLoad: Game class is 'GGJ2019GM_C'
[2019.01.25-23.19.54:810][148]LogWorld: Bringing World /Game/UEDPIE_0_REeeeeeeeeee.REeeeeeeeeee up for play (max tick rate 0) at 2019.01.25-23.19.54
[2019.01.25-23.19.54:810][148]LogWorld: Bringing up level for play took: 0.003659
[2019.01.25-23.19.54:828][148]PIE: Play in editor start time for /Game/UEDPIE_0_REeeeeeeeeee 0.762
[2019.01.25-23.19.58:575][589]LogSlate: Updating window title bar state: overlay mode, drag disabled, window buttons hidden, title bar hidden
[2019.01.25-23.19.58:611][589]LogPlayLevel: Display: Shutting down PIE online subsystems
[2019.01.25-23.19.58:660][589]LogSlate: Updating window title bar state: overlay mode, drag disabled, window buttons hidden, title bar hidden
[2019.01.25-23.19.58:687][590]LogPlayLevel: Display: Destroying online subsystem :Context_9
[2019.01.25-23.20.00:830][840]Cmd: SELECT NONE
[2019.01.25-23.20.07:224][603]LogEditorViewport: Clicking on Actor (LMB): PlayerStart (PlayerStart)
[2019.01.25-23.20.15:220][553]LogSlate: FSceneViewport::OnFocusLost() reason 2
[2019.01.25-23.20.16:442][691]LogSlate: FSceneViewport::OnFocusLost() reason 2
[2019.01.25-23.20.20:329][155]LogSlate: FSceneViewport::OnFocusLost() reason 2
[2019.01.25-23.20.21:285][155]LogSlate: Only BGRA pngs, bmps or icos are supported in by External Image Picker
[2019.01.25-23.20.21:364][156]LogTemp: Executing iPhonePackager certificates Engine -bundlename com.YourCompany.GGJ2019
[2019.01.25-23.20.21:364][156]LogTemp: CWD: C:\Epic\UE4\UE_4.20\Engine\Binaries\DotNET\IOS
[2019.01.25-23.20.21:364][156]LogTemp: Initial Dir: C:\Epic\UE4\UE_4.20
[2019.01.25-23.20.21:364][156]LogTemp: Env CWD: C:\Epic\UE4\UE_4.20\Engine\Binaries\DotNET\IOS
[2019.01.25-23.20.21:364][156]LogTemp: BranchPath = C115-8/C/Epic/UE4/UE_4.20/Engine/Binaries --- GameBranchPath = C115-8/C/Epic/UE4/UE_4.20/Engine/Binaries
[2019.01.25-23.20.21:387][157]LogTemp: IPP ERROR: Could not find provision directory 'C:\Users\p018236h.STUDENT\AppData\Local/Apple Computer/MobileDevice/Provisioning Profiles/'.
[2019.01.25-23.20.33:363][540]LogSlate: FSceneViewport::OnFocusLost() reason 2
[2019.01.25-23.20.46:893][ 78]LogSlate: Window 'Project Settings' being destroyed
[2019.01.25-23.20.46:897][ 78]LogSlate: Window 'Project Settings' being destroyed
[2019.01.25-23.20.47:835][184]LogSlate: FSceneViewport::OnFocusLost() reason 0
[2019.01.25-23.20.47:918][194]LogTemp: Repeating last play command: Selected Viewport
[2019.01.25-23.20.47:940][194]LogPlayLevel: PlayLevel: No blueprints needed recompiling
[2019.01.25-23.20.47:940][194]PIE: New page: PIE session: REeeeeeeeeee (25 Jan 2019 23:20:47)
[2019.01.25-23.20.47:940][194]LogPlayLevel: Creating play world package: /Game/UEDPIE_0_REeeeeeeeeee
[2019.01.25-23.20.47:956][194]LogPlayLevel: PIE: StaticDuplicateObject took: (0.015554s)
[2019.01.25-23.20.47:957][194]LogAIModule: Creating AISystem for world REeeeeeeeeee
[2019.01.25-23.20.47:958][194]LogPlayLevel: PIE: World Init took: (0.001540s)
[2019.01.25-23.20.47:958][194]LogPlayLevel: PIE: Created PIE world by copying editor world from /Game/REeeeeeeeeee.REeeeeeeeeee to /Game/UEDPIE_0_REeeeeeeeeee.REeeeeeeeeee (0.017501s)
[2019.01.25-23.20.47:992][194]LogInit: XAudio2 using 'Speakers (Realtek High Definition Audio)' : 2 channels at 48 kHz using 32 bits per sample (channel mask 0x3)
[2019.01.25-23.20.48:007][194]LogInit: FAudioDevice initialized.
[2019.01.25-23.20.48:038][194]LogLoad: Game class is 'GGJ2019GM_C'
[2019.01.25-23.20.48:040][194]LogWorld: Bringing World /Game/UEDPIE_0_REeeeeeeeeee.REeeeeeeeeee up for play (max tick rate 0) at 2019.01.25-23.20.48
[2019.01.25-23.20.48:041][194]LogWorld: Bringing up level for play took: 0.001862
[2019.01.25-23.20.48:056][194]PIE: Play in editor start time for /Game/UEDPIE_0_REeeeeeeeeee -0.011
[2019.01.25-23.20.54:843][  3]LogSlate: Updating window title bar state: overlay mode, drag disabled, window buttons hidden, title bar hidden
[2019.01.25-23.20.54:883][  3]LogPlayLevel: Display: Shutting down PIE online subsystems
[2019.01.25-23.20.54:935][  3]LogSlate: Updating window title bar state: overlay mode, drag disabled, window buttons hidden, title bar hidden
[2019.01.25-23.20.54:961][  4]LogPlayLevel: Display: Destroying online subsystem :Context_10
[2019.01.25-23.20.58:509][428]LogSlate: FSceneViewport::OnFocusLost() reason 0
[2019.01.25-23.20.58:567][435]LogTemp: Repeating last play command: Selected Viewport
[2019.01.25-23.20.58:589][435]LogPlayLevel: PlayLevel: No blueprints needed recompiling
[2019.01.25-23.20.58:589][435]PIE: New page: PIE session: REeeeeeeeeee (25 Jan 2019 23:20:58)
[2019.01.25-23.20.58:590][435]LogPlayLevel: Creating play world package: /Game/UEDPIE_0_REeeeeeeeeee
[2019.01.25-23.20.58:606][435]LogPlayLevel: PIE: StaticDuplicateObject took: (0.016048s)
[2019.01.25-23.20.58:606][435]LogAIModule: Creating AISystem for world REeeeeeeeeee
[2019.01.25-23.20.58:607][435]LogPlayLevel: PIE: World Init took: (0.000864s)
[2019.01.25-23.20.58:607][435]LogPlayLevel: PIE: Created PIE world by copying editor world from /Game/REeeeeeeeeee.REeeeeeeeeee to /Game/UEDPIE_0_REeeeeeeeeee.REeeeeeeeeee (0.017266s)
[2019.01.25-23.20.58:645][435]LogInit: XAudio2 using 'Speakers (Realtek High Definition Audio)' : 2 channels at 48 kHz using 32 bits per sample (channel mask 0x3)
[2019.01.25-23.20.58:659][435]LogInit: FAudioDevice initialized.
[2019.01.25-23.20.58:695][435]LogLoad: Game class is 'GGJ2019GM_C'
[2019.01.25-23.20.58:699][435]LogWorld: Bringing World /Game/UEDPIE_0_REeeeeeeeeee.REeeeeeeeeee up for play (max tick rate 0) at 2019.01.25-23.20.58
[2019.01.25-23.20.58:699][435]LogWorld: Bringing up level for play took: 0.003318
[2019.01.25-23.20.58:714][435]PIE: Play in editor start time for /Game/UEDPIE_0_REeeeeeeeeee 0.648
[2019.01.25-23.21.01:672][787]LogSlate: Updating window title bar state: overlay mode, drag disabled, window buttons hidden, title bar hidden
[2019.01.25-23.21.01:714][787]LogPlayLevel: Display: Shutting down PIE online subsystems
[2019.01.25-23.21.01:744][787]LogSlate: Updating window title bar state: overlay mode, drag disabled, window buttons hidden, title bar hidden
[2019.01.25-23.21.01:773][789]LogPlayLevel: Display: Destroying online subsystem :Context_11
[2019.01.25-23.21.05:791][268]LogSlate: FSceneViewport::OnFocusLost() reason 0
[2019.01.25-23.21.16:695][565]LogTemp: Repeating last play command: Selected Viewport
[2019.01.25-23.21.16:720][565]LogPlayLevel: PlayLevel: No blueprints needed recompiling
[2019.01.25-23.21.16:720][565]PIE: New page: PIE session: REeeeeeeeeee (25 Jan 2019 23:21:16)
[2019.01.25-23.21.16:720][565]LogPlayLevel: Creating play world package: /Game/UEDPIE_0_REeeeeeeeeee
[2019.01.25-23.21.16:737][565]LogPlayLevel: PIE: StaticDuplicateObject took: (0.016626s)
[2019.01.25-23.21.16:738][565]LogAIModule: Creating AISystem for world REeeeeeeeeee
[2019.01.25-23.21.16:738][565]LogPlayLevel: PIE: World Init took: (0.000811s)
[2019.01.25-23.21.16:738][565]LogPlayLevel: PIE: Created PIE world by copying editor world from /Game/REeeeeeeeeee.REeeeeeeeeee to /Game/UEDPIE_0_REeeeeeeeeee.REeeeeeeeeee (0.017779s)
[2019.01.25-23.21.16:772][565]LogInit: XAudio2 using 'Speakers (Realtek High Definition Audio)' : 2 channels at 48 kHz using 32 bits per sample (channel mask 0x3)
[2019.01.25-23.21.16:786][565]LogInit: FAudioDevice initialized.
[2019.01.25-23.21.16:825][565]LogLoad: Game class is 'GGJ2019GM_C'
[2019.01.25-23.21.16:827][565]LogWorld: Bringing World /Game/UEDPIE_0_REeeeeeeeeee.REeeeeeeeeee up for play (max tick rate 0) at 2019.01.25-23.21.16
[2019.01.25-23.21.16:828][565]LogWorld: Bringing up level for play took: 0.001639
[2019.01.25-23.21.16:841][565]PIE: Play in editor start time for /Game/UEDPIE_0_REeeeeeeeeee 0.775
[2019.01.25-23.21.21:025][ 63]LogSlate: Updating window title bar state: overlay mode, drag disabled, window buttons hidden, title bar hidden
[2019.01.25-23.21.21:066][ 63]LogPlayLevel: Display: Shutting down PIE online subsystems
[2019.01.25-23.21.21:110][ 63]LogSlate: Updating window title bar state: overlay mode, drag disabled, window buttons hidden, title bar hidden
[2019.01.25-23.21.21:134][ 64]LogPlayLevel: Display: Destroying online subsystem :Context_12
[2019.01.25-23.21.21:944][160]LogSlate: FSceneViewport::OnFocusLost() reason 0
[2019.01.25-23.21.26:662][606]LogSlate: Only BGRA pngs, bmps or icos are supported in by External Image Picker
[2019.01.25-23.21.26:738][607]LogTemp: Executing iPhonePackager certificates Engine -bundlename com.YourCompany.GGJ2019
[2019.01.25-23.21.26:738][607]LogTemp: CWD: C:\Epic\UE4\UE_4.20\Engine\Binaries\DotNET\IOS
[2019.01.25-23.21.26:738][607]LogTemp: Initial Dir: C:\Epic\UE4\UE_4.20
[2019.01.25-23.21.26:738][607]LogTemp: Env CWD: C:\Epic\UE4\UE_4.20\Engine\Binaries\DotNET\IOS
[2019.01.25-23.21.26:758][608]LogTemp: BranchPath = C115-8/C/Epic/UE4/UE_4.20/Engine/Binaries --- GameBranchPath = C115-8/C/Epic/UE4/UE_4.20/Engine/Binaries
[2019.01.25-23.21.26:758][608]LogTemp: IPP ERROR: Could not find provision directory 'C:\Users\p018236h.STUDENT\AppData\Local/Apple Computer/MobileDevice/Provisioning Profiles/'.
[2019.01.25-23.21.32:109][231]LogSlate: Window 'Project Settings' being destroyed
[2019.01.25-23.21.32:111][231]LogSlate: Window 'Project Settings' being destroyed
[2019.01.25-23.21.40:023][168]LogSlate: FSceneViewport::OnFocusLost() reason 0
[2019.01.25-23.23.21:889][713]LogSlate: FSceneViewport::OnFocusLost() reason 0
[2019.01.25-23.23.21:981][724]BlueprintLog: New page: Compile Player_BP_Base
[2019.01.25-23.23.22:760][790]Cmd: OBJ SAVEPACKAGE PACKAGE="/Game/Player_BP_Base" FILE="../../../../../../Users/p018236h.STUDENT/Documents/GameJam/GGJ2019/GGJ2019/Content/Player_BP_Base.uasset" SILENT=true
[2019.01.25-23.23.22:807][790]LogSavePackage: Moving '../../../../../../Users/p018236h.STUDENT/Documents/GameJam/GGJ2019/GGJ2019/Saved/Player_BP_Base4B2A0B3D414AD4F9ADD8AE970DD4AD44.tmp' to '../../../../../../Users/p018236h.STUDENT/Documents/GameJam/GGJ2019/GGJ2019/Content/Player_BP_Base.uasset'
[2019.01.25-23.23.24:351][972]LogTemp: Repeating last play command: Selected Viewport
[2019.01.25-23.23.24:374][972]LogPlayLevel: PlayLevel: No blueprints needed recompiling
[2019.01.25-23.23.24:375][972]PIE: New page: PIE session: REeeeeeeeeee (25 Jan 2019 23:23:24)
[2019.01.25-23.23.24:375][972]LogPlayLevel: Creating play world package: /Game/UEDPIE_0_REeeeeeeeeee
[2019.01.25-23.23.24:391][972]LogPlayLevel: PIE: StaticDuplicateObject took: (0.016310s)
[2019.01.25-23.23.24:392][972]LogAIModule: Creating AISystem for world REeeeeeeeeee
[2019.01.25-23.23.24:392][972]LogPlayLevel: PIE: World Init took: (0.000825s)
[2019.01.25-23.23.24:392][972]LogPlayLevel: PIE: Created PIE world by copying editor world from /Game/REeeeeeeeeee.REeeeeeeeeee to /Game/UEDPIE_0_REeeeeeeeeee.REeeeeeeeeee (0.017471s)
[2019.01.25-23.23.24:422][972]LogInit: XAudio2 using 'Speakers (Realtek High Definition Audio)' : 2 channels at 48 kHz using 32 bits per sample (channel mask 0x3)
[2019.01.25-23.23.24:436][972]LogInit: FAudioDevice initialized.
[2019.01.25-23.23.24:471][972]LogLoad: Game class is 'GGJ2019GM_C'
[2019.01.25-23.23.24:476][972]LogWorld: Bringing World /Game/UEDPIE_0_REeeeeeeeeee.REeeeeeeeeee up for play (max tick rate 0) at 2019.01.25-23.23.24
[2019.01.25-23.23.24:477][972]LogWorld: Bringing up level for play took: 0.003823
[2019.01.25-23.23.24:495][972]PIE: Play in editor start time for /Game/UEDPIE_0_REeeeeeeeeee 0.43
[2019.01.25-23.23.26:907][254]LogSlate: Updating window title bar state: overlay mode, drag disabled, window buttons hidden, title bar hidden
[2019.01.25-23.23.26:948][254]LogPlayLevel: Display: Shutting down PIE online subsystems
[2019.01.25-23.23.26:978][254]LogSlate: Updating window title bar state: overlay mode, drag disabled, window buttons hidden, title bar hidden
[2019.01.25-23.23.27:011][256]LogPlayLevel: Display: Destroying online subsystem :Context_13
[2019.01.25-23.23.27:886][361]LogSlate: FSceneViewport::OnFocusLost() reason 0
[2019.01.25-23.23.30:339][653]LogSlate: FSceneViewport::OnFocusLost() reason 0
[2019.01.25-23.23.30:397][660]BlueprintLog: New page: Compile Player_BP_Base
[2019.01.25-23.23.31:027][706]Cmd: OBJ SAVEPACKAGE PACKAGE="/Game/Player_BP_Base" FILE="../../../../../../Users/p018236h.STUDENT/Documents/GameJam/GGJ2019/GGJ2019/Content/Player_BP_Base.uasset" SILENT=true
[2019.01.25-23.23.31:080][706]LogSavePackage: Moving '../../../../../../Users/p018236h.STUDENT/Documents/GameJam/GGJ2019/GGJ2019/Saved/Player_BP_Base49B44EA846DC9089E2A3E7935BF24507.tmp' to '../../../../../../Users/p018236h.STUDENT/Documents/GameJam/GGJ2019/GGJ2019/Content/Player_BP_Base.uasset'
[2019.01.25-23.23.32:406][863]LogTemp: Repeating last play command: Selected Viewport
[2019.01.25-23.23.32:428][863]LogPlayLevel: PlayLevel: No blueprints needed recompiling
[2019.01.25-23.23.32:428][863]PIE: New page: PIE session: REeeeeeeeeee (25 Jan 2019 23:23:32)
[2019.01.25-23.23.32:428][863]LogPlayLevel: Creating play world package: /Game/UEDPIE_0_REeeeeeeeeee
[2019.01.25-23.23.32:444][863]LogPlayLevel: PIE: StaticDuplicateObject took: (0.015589s)
[2019.01.25-23.23.32:445][863]LogAIModule: Creating AISystem for world REeeeeeeeeee
[2019.01.25-23.23.32:445][863]LogPlayLevel: PIE: World Init took: (0.000743s)
[2019.01.25-23.23.32:445][863]LogPlayLevel: PIE: Created PIE world by copying editor world from /Game/REeeeeeeeeee.REeeeeeeeeee to /Game/UEDPIE_0_REeeeeeeeeee.REeeeeeeeeee (0.016716s)
[2019.01.25-23.23.32:485][863]LogInit: XAudio2 using 'Speakers (Realtek High Definition Audio)' : 2 channels at 48 kHz using 32 bits per sample (channel mask 0x3)
[2019.01.25-23.23.32:499][863]LogInit: FAudioDevice initialized.
[2019.01.25-23.23.32:535][863]LogLoad: Game class is 'GGJ2019GM_C'
[2019.01.25-23.23.32:540][863]LogWorld: Bringing World /Game/UEDPIE_0_REeeeeeeeeee.REeeeeeeeeee up for play (max tick rate 0) at 2019.01.25-23.23.32
[2019.01.25-23.23.32:541][863]LogWorld: Bringing up level for play took: 0.004030
[2019.01.25-23.23.32:560][863]PIE: Play in editor start time for /Game/UEDPIE_0_REeeeeeeeeee 0.494
[2019.01.25-23.23.35:278][181]LogSlate: Updating window title bar state: overlay mode, drag disabled, window buttons hidden, title bar hidden
[2019.01.25-23.23.35:315][181]LogPlayLevel: Display: Shutting down PIE online subsystems
[2019.01.25-23.23.35:348][181]LogSlate: Updating window title bar state: overlay mode, drag disabled, window buttons hidden, title bar hidden
[2019.01.25-23.23.35:386][184]LogPlayLevel: Display: Destroying online subsystem :Context_14
[2019.01.25-23.23.36:311][294]LogSlate: FSceneViewport::OnFocusLost() reason 0
[2019.01.25-23.23.45:033][315]LogSlate: FSceneViewport::OnFocusLost() reason 0
[2019.01.25-23.23.45:099][323]BlueprintLog: New page: Compile Player_BP_Base
[2019.01.25-23.23.45:502][331]Cmd: OBJ SAVEPACKAGE PACKAGE="/Game/Player_BP_Base" FILE="../../../../../../Users/p018236h.STUDENT/Documents/GameJam/GGJ2019/GGJ2019/Content/Player_BP_Base.uasset" SILENT=true
[2019.01.25-23.23.45:547][331]LogSavePackage: Moving '../../../../../../Users/p018236h.STUDENT/Documents/GameJam/GGJ2019/GGJ2019/Saved/Player_BP_BaseB9D69BFA4427B7B8CF08C9BB2CA5344B.tmp' to '../../../../../../Users/p018236h.STUDENT/Documents/GameJam/GGJ2019/GGJ2019/Content/Player_BP_Base.uasset'
[2019.01.25-23.23.46:677][463]LogTemp: Repeating last play command: Selected Viewport
[2019.01.25-23.23.46:698][463]LogPlayLevel: PlayLevel: No blueprints needed recompiling
[2019.01.25-23.23.46:699][463]PIE: New page: PIE session: REeeeeeeeeee (25 Jan 2019 23:23:46)
[2019.01.25-23.23.46:699][463]LogPlayLevel: Creating play world package: /Game/UEDPIE_0_REeeeeeeeeee
[2019.01.25-23.23.46:715][463]LogPlayLevel: PIE: StaticDuplicateObject took: (0.015992s)
[2019.01.25-23.23.46:716][463]LogAIModule: Creating AISystem for world REeeeeeeeeee
[2019.01.25-23.23.46:716][463]LogPlayLevel: PIE: World Init took: (0.000767s)
[2019.01.25-23.23.46:716][463]LogPlayLevel: PIE: Created PIE world by copying editor world from /Game/REeeeeeeeeee.REeeeeeeeeee to /Game/UEDPIE_0_REeeeeeeeeee.REeeeeeeeeee (0.017094s)
[2019.01.25-23.23.46:746][463]LogInit: XAudio2 using 'Speakers (Realtek High Definition Audio)' : 2 channels at 48 kHz using 32 bits per sample (channel mask 0x3)
[2019.01.25-23.23.46:760][463]LogInit: FAudioDevice initialized.
[2019.01.25-23.23.46:796][463]LogLoad: Game class is 'GGJ2019GM_C'
[2019.01.25-23.23.46:801][463]LogWorld: Bringing World /Game/UEDPIE_0_REeeeeeeeeee.REeeeeeeeeee up for play (max tick rate 0) at 2019.01.25-23.23.46
[2019.01.25-23.23.46:801][463]LogWorld: Bringing up level for play took: 0.003710
[2019.01.25-23.23.46:819][463]PIE: Play in editor start time for /Game/UEDPIE_0_REeeeeeeeeee 0.753
[2019.01.25-23.23.48:196][620]LogSlate: Updating window title bar state: overlay mode, drag disabled, window buttons hidden, title bar hidden
[2019.01.25-23.23.48:239][620]LogPlayLevel: Display: Shutting down PIE online subsystems
[2019.01.25-23.23.48:287][620]LogSlate: Updating window title bar state: overlay mode, drag disabled, window buttons hidden, title bar hidden
[2019.01.25-23.23.48:310][621]LogPlayLevel: Display: Destroying online subsystem :Context_15
[2019.01.25-23.23.48:769][675]LogSlate: FSceneViewport::OnFocusLost() reason 0
[2019.01.25-23.23.59:981][  2]LogEditorTransaction: Undo Modify Component(s)
[2019.01.25-23.24.01:119][135]LogSlate: FSceneViewport::OnFocusLost() reason 0
[2019.01.25-23.24.14:186][648]LogEditorTransaction: Undo Modify Component(s)
[2019.01.25-23.24.19:971][337]LogSlate: FSceneViewport::OnFocusLost() reason 0
[2019.01.25-23.24.26:516][107]LogClass: Warning: In asset 'None', there is an enum property of type 'ECameraProjectionMode' with an invalid value of ''
[2019.01.25-23.24.26:516][107]LogClass: Warning: In asset 'None', there is an enum property of type 'ECameraProjectionMode' with an invalid value of ''
[2019.01.25-23.24.36:405][284]LogSlate: FSceneViewport::OnFocusLost() reason 0
[2019.01.25-23.24.56:588][697]LogSlate: FSceneViewport::OnFocusLost() reason 0
[2019.01.25-23.24.57:222][773]BlueprintLog: New page: Compile Player_BP_Base
[2019.01.25-23.24.57:801][811]Cmd: OBJ SAVEPACKAGE PACKAGE="/Game/Player_BP_Base" FILE="../../../../../../Users/p018236h.STUDENT/Documents/GameJam/GGJ2019/GGJ2019/Content/Player_BP_Base.uasset" SILENT=true
[2019.01.25-23.24.57:844][811]LogSavePackage: Moving '../../../../../../Users/p018236h.STUDENT/Documents/GameJam/GGJ2019/GGJ2019/Saved/Player_BP_BaseC9DC465B4CE657EA2DAED0BED29B1372.tmp' to '../../../../../../Users/p018236h.STUDENT/Documents/GameJam/GGJ2019/GGJ2019/Content/Player_BP_Base.uasset'
[2019.01.25-23.25.13:904][704]LogSlate: FSceneViewport::OnFocusLost() reason 0
[2019.01.25-23.25.29:580][513]LogSlate: FSceneViewport::OnFocusLost() reason 0
[2019.01.25-23.25.35:595][216]LogSlate: FSceneViewport::OnFocusLost() reason 2
[2019.01.25-23.25.40:941][851]LogSlate: FSceneViewport::OnFocusLost() reason 0
[2019.01.25-23.25.48:414][725]LogSlate: FSceneViewport::OnFocusLost() reason 0
[2019.01.25-23.25.52:025][154]LogSlate: FSceneViewport::OnFocusLost() reason 0
[2019.01.25-23.25.52:100][163]BlueprintLog: New page: Compile Player_BP_Base
[2019.01.25-23.25.52:485][175]Cmd: OBJ SAVEPACKAGE PACKAGE="/Game/Player_BP_Base" FILE="../../../../../../Users/p018236h.STUDENT/Documents/GameJam/GGJ2019/GGJ2019/Content/Player_BP_Base.uasset" SILENT=true
[2019.01.25-23.25.52:525][175]LogSavePackage: Moving '../../../../../../Users/p018236h.STUDENT/Documents/GameJam/GGJ2019/GGJ2019/Saved/Player_BP_Base3B5A3F754E5796321FB48D95DB0FED02.tmp' to '../../../../../../Users/p018236h.STUDENT/Documents/GameJam/GGJ2019/GGJ2019/Content/Player_BP_Base.uasset'
[2019.01.25-23.25.54:031][350]LogSlate: FSceneViewport::OnFocusLost() reason 0
[2019.01.25-23.25.54:895][453]LogTemp: Repeating last play command: Selected Viewport
[2019.01.25-23.25.54:917][453]LogPlayLevel: PlayLevel: No blueprints needed recompiling
[2019.01.25-23.25.54:918][453]PIE: New page: PIE session: REeeeeeeeeee (25 Jan 2019 23:25:54)
[2019.01.25-23.25.54:918][453]LogPlayLevel: Creating play world package: /Game/UEDPIE_0_REeeeeeeeeee
[2019.01.25-23.25.54:935][453]LogPlayLevel: PIE: StaticDuplicateObject took: (0.016656s)
[2019.01.25-23.25.54:935][453]LogAIModule: Creating AISystem for world REeeeeeeeeee
[2019.01.25-23.25.54:935][453]LogPlayLevel: PIE: World Init took: (0.000767s)
[2019.01.25-23.25.54:936][453]LogPlayLevel: PIE: Created PIE world by copying editor world from /Game/REeeeeeeeeee.REeeeeeeeeee to /Game/UEDPIE_0_REeeeeeeeeee.REeeeeeeeeee (0.017798s)
[2019.01.25-23.25.54:969][453]LogInit: XAudio2 using 'Speakers (Realtek High Definition Audio)' : 2 channels at 48 kHz using 32 bits per sample (channel mask 0x3)
[2019.01.25-23.25.54:984][453]LogInit: FAudioDevice initialized.
[2019.01.25-23.25.55:023][453]LogLoad: Game class is 'GGJ2019GM_C'
[2019.01.25-23.25.55:025][453]LogWorld: Bringing World /Game/UEDPIE_0_REeeeeeeeeee.REeeeeeeeeee up for play (max tick rate 0) at 2019.01.25-23.25.55
[2019.01.25-23.25.55:026][453]LogWorld: Bringing up level for play took: 0.001643
[2019.01.25-23.25.55:040][453]PIE: Play in editor start time for /Game/UEDPIE_0_REeeeeeeeeee 0.974
[2019.01.25-23.25.57:294][719]LogSlate: Updating window title bar state: overlay mode, drag disabled, window buttons hidden, title bar hidden
[2019.01.25-23.25.57:332][719]LogPlayLevel: Display: Shutting down PIE online subsystems
[2019.01.25-23.25.57:363][719]LogSlate: Updating window title bar state: overlay mode, drag disabled, window buttons hidden, title bar hidden
[2019.01.25-23.25.57:400][722]LogPlayLevel: Display: Destroying online subsystem :Context_16
[2019.01.25-23.25.57:872][778]LogSlate: FSceneViewport::OnFocusLost() reason 0
[2019.01.25-23.26.00:735][117]LogSlate: FSceneViewport::OnFocusLost() reason 0
[2019.01.25-23.26.00:793][124]BlueprintLog: New page: Compile Player_BP_Base
[2019.01.25-23.26.01:188][141]Cmd: OBJ SAVEPACKAGE PACKAGE="/Game/Player_BP_Base" FILE="../../../../../../Users/p018236h.STUDENT/Documents/GameJam/GGJ2019/GGJ2019/Content/Player_BP_Base.uasset" SILENT=true
[2019.01.25-23.26.01:237][141]LogSavePackage: Moving '../../../../../../Users/p018236h.STUDENT/Documents/GameJam/GGJ2019/GGJ2019/Saved/Player_BP_Base499C936B461A80BB497B97B4BDAFC693.tmp' to '../../../../../../Users/p018236h.STUDENT/Documents/GameJam/GGJ2019/GGJ2019/Content/Player_BP_Base.uasset'
[2019.01.25-23.26.46:788][819]LogSlate: FSceneViewport::OnFocusLost() reason 0
[2019.01.25-23.27.01:244][537]BlueprintLog: New page: Compile Player_BP_Base
[2019.01.25-23.27.04:027][852]LogTemp: Repeating last play command: Selected Viewport
[2019.01.25-23.27.04:049][852]LogPlayLevel: PlayLevel: No blueprints needed recompiling
[2019.01.25-23.27.04:050][852]PIE: New page: PIE session: REeeeeeeeeee (25 Jan 2019 23:27:04)
[2019.01.25-23.27.04:050][852]LogPlayLevel: Creating play world package: /Game/UEDPIE_0_REeeeeeeeeee
[2019.01.25-23.27.04:071][852]LogPlayLevel: PIE: StaticDuplicateObject took: (0.021020s)
[2019.01.25-23.27.04:072][852]LogAIModule: Creating AISystem for world REeeeeeeeeee
[2019.01.25-23.27.04:072][852]LogPlayLevel: PIE: World Init took: (0.001064s)
[2019.01.25-23.27.04:072][852]LogPlayLevel: PIE: Created PIE world by copying editor world from /Game/REeeeeeeeeee.REeeeeeeeeee to /Game/UEDPIE_0_REeeeeeeeeee.REeeeeeeeeee (0.022568s)
[2019.01.25-23.27.04:109][852]LogInit: XAudio2 using 'Speakers (Realtek High Definition Audio)' : 2 channels at 48 kHz using 32 bits per sample (channel mask 0x3)
[2019.01.25-23.27.04:126][852]LogInit: FAudioDevice initialized.
[2019.01.25-23.27.04:162][852]LogLoad: Game class is 'GGJ2019GM_C'
[2019.01.25-23.27.04:167][852]LogWorld: Bringing World /Game/UEDPIE_0_REeeeeeeeeee.REeeeeeeeeee up for play (max tick rate 0) at 2019.01.25-23.27.04
[2019.01.25-23.27.04:167][852]LogWorld: Bringing up level for play took: 0.003748
[2019.01.25-23.27.04:184][852]PIE: Play in editor start time for /Game/UEDPIE_0_REeeeeeeeeee 0.118
[2019.01.25-23.27.08:613][379]LogSlate: Updating window title bar state: overlay mode, drag disabled, window buttons hidden, title bar hidden
[2019.01.25-23.27.08:651][379]LogPlayLevel: Display: Shutting down PIE online subsystems
[2019.01.25-23.27.08:696][379]LogSlate: Updating window title bar state: overlay mode, drag disabled, window buttons hidden, title bar hidden
[2019.01.25-23.27.08:717][380]LogPlayLevel: Display: Destroying online subsystem :Context_17
[2019.01.25-23.27.09:663][493]LogSlate: FSceneViewport::OnFocusLost() reason 0
[2019.01.25-23.27.18:829][567]LogEditorTransaction: Undo Remove Components
[2019.01.25-23.27.21:724][903]LogEditorTransaction: Undo Modify Component(s)
[2019.01.25-23.27.24:942][275]LogSlate: FSceneViewport::OnFocusLost() reason 0
[2019.01.25-23.27.26:040][398]LogSlate: FSceneViewport::OnFocusLost() reason 0
[2019.01.25-23.27.26:115][407]BlueprintLog: New page: Compile Player_BP_Base
[2019.01.25-23.27.27:413][533]LogSlate: FSceneViewport::OnFocusLost() reason 0
[2019.01.25-23.28.01:057][516]LogSlate: FSceneViewport::OnFocusLost() reason 0
[2019.01.25-23.29.11:704][951]LogSlate: Prevented a slow task dialog from being summoned while a context menu was open
[2019.01.25-23.29.38:261][113]LogClass: Warning: In asset 'None', there is an enum property of type 'EAutoReceiveInput' with an invalid value of ''
[2019.01.25-23.29.38:261][113]LogClass: Warning: In asset 'None', there is an enum property of type 'EAutoReceiveInput' with an invalid value of ''
[2019.01.25-23.29.40:457][372]LogSlate: FSceneViewport::OnFocusLost() reason 0
[2019.01.25-23.29.40:532][381]BlueprintLog: New page: Compile Player_BP_Base
[2019.01.25-23.29.41:116][416]Cmd: OBJ SAVEPACKAGE PACKAGE="/Game/Player_BP_Base" FILE="../../../../../../Users/p018236h.STUDENT/Documents/GameJam/GGJ2019/GGJ2019/Content/Player_BP_Base.uasset" SILENT=true
[2019.01.25-23.29.41:163][416]LogSavePackage: Moving '../../../../../../Users/p018236h.STUDENT/Documents/GameJam/GGJ2019/GGJ2019/Saved/Player_BP_BaseC08A99624B9B6995D5E90B8B859EF302.tmp' to '../../../../../../Users/p018236h.STUDENT/Documents/GameJam/GGJ2019/GGJ2019/Content/Player_BP_Base.uasset'
[2019.01.25-23.29.43:185][654]LogTemp: Repeating last play command: Selected Viewport
[2019.01.25-23.29.43:207][654]LogPlayLevel: PlayLevel: No blueprints needed recompiling
[2019.01.25-23.29.43:208][654]PIE: New page: PIE session: REeeeeeeeeee (25 Jan 2019 23:29:43)
[2019.01.25-23.29.43:208][654]LogPlayLevel: Creating play world package: /Game/UEDPIE_0_REeeeeeeeeee
[2019.01.25-23.29.43:229][654]LogPlayLevel: PIE: StaticDuplicateObject took: (0.021328s)
[2019.01.25-23.29.43:230][654]LogAIModule: Creating AISystem for world REeeeeeeeeee
[2019.01.25-23.29.43:231][654]LogPlayLevel: PIE: World Init took: (0.001395s)
[2019.01.25-23.29.43:231][654]LogPlayLevel: PIE: Created PIE world by copying editor world from /Game/REeeeeeeeeee.REeeeeeeeeee to /Game/UEDPIE_0_REeeeeeeeeee.REeeeeeeeeee (0.023149s)
[2019.01.25-23.29.43:264][654]LogInit: XAudio2 using 'Speakers (Realtek High Definition Audio)' : 2 channels at 48 kHz using 32 bits per sample (channel mask 0x3)
[2019.01.25-23.29.43:284][654]LogInit: FAudioDevice initialized.
[2019.01.25-23.29.43:319][654]LogLoad: Game class is 'GGJ2019GM_C'
[2019.01.25-23.29.43:323][654]LogWorld: Bringing World /Game/UEDPIE_0_REeeeeeeeeee.REeeeeeeeeee up for play (max tick rate 0) at 2019.01.25-23.29.43
[2019.01.25-23.29.43:324][654]LogWorld: Bringing up level for play took: 0.003671
[2019.01.25-23.29.43:340][654]LogPawn: Error: EnableInput can only be specified on a Pawn for its Controller
[2019.01.25-23.29.43:342][654]PIE: Play in editor start time for /Game/UEDPIE_0_REeeeeeeeeee -0.723
[2019.01.25-23.29.46:581][ 33]LogSlate: Updating window title bar state: overlay mode, drag disabled, window buttons hidden, title bar hidden
[2019.01.25-23.29.46:621][ 33]LogPlayLevel: Display: Shutting down PIE online subsystems
[2019.01.25-23.29.46:652][ 33]LogSlate: Updating window title bar state: overlay mode, drag disabled, window buttons hidden, title bar hidden
[2019.01.25-23.29.46:685][ 35]LogPlayLevel: Display: Destroying online subsystem :Context_18
[2019.01.25-23.29.47:385][118]LogSlate: FSceneViewport::OnFocusLost() reason 0
[2019.01.25-23.29.53:161][795]LogSlate: FSceneViewport::OnFocusLost() reason 0
[2019.01.25-23.30.00:234][607]LogSlate: FSceneViewport::OnFocusLost() reason 0
[2019.01.25-23.30.02:880][921]LogSlate: FSceneViewport::OnFocusLost() reason 0
[2019.01.25-23.30.02:955][930]LogTemp: Repeating last play command: Selected Viewport
[2019.01.25-23.30.02:978][930]BlueprintLog: New page: Pre-Play auto-recompile
[2019.01.25-23.30.02:979][930]LogPlayLevel: [PlayLevel] Compiling Player_BP_Base before play...
[2019.01.25-23.30.03:151][930]LogPlayLevel: PlayLevel: Blueprint regeneration took 173 ms (1 blueprints)
[2019.01.25-23.30.03:152][930]PIE: New page: PIE session: REeeeeeeeeee (25 Jan 2019 23:30:03)
[2019.01.25-23.30.03:152][930]LogPlayLevel: Creating play world package: /Game/UEDPIE_0_REeeeeeeeeee
[2019.01.25-23.30.03:169][930]LogPlayLevel: PIE: StaticDuplicateObject took: (0.016731s)
[2019.01.25-23.30.03:169][930]LogAIModule: Creating AISystem for world REeeeeeeeeee
[2019.01.25-23.30.03:170][930]LogPlayLevel: PIE: World Init took: (0.000873s)
[2019.01.25-23.30.03:170][930]LogPlayLevel: PIE: Created PIE world by copying editor world from /Game/REeeeeeeeeee.REeeeeeeeeee to /Game/UEDPIE_0_REeeeeeeeeee.REeeeeeeeeee (0.017956s)
[2019.01.25-23.30.03:206][930]LogInit: XAudio2 using 'Speakers (Realtek High Definition Audio)' : 2 channels at 48 kHz using 32 bits per sample (channel mask 0x3)
[2019.01.25-23.30.03:221][930]LogInit: FAudioDevice initialized.
[2019.01.25-23.30.03:231][930]LogSlate: Updating window title bar state: overlay mode, drag disabled, window buttons hidden, title bar hidden
[2019.01.25-23.30.03:279][930]LogLoad: Game class is 'GGJ2019GM_C'
[2019.01.25-23.30.03:281][930]LogWorld: Bringing World /Game/UEDPIE_0_REeeeeeeeeee.REeeeeeeeeee up for play (max tick rate 0) at 2019.01.25-23.30.03
[2019.01.25-23.30.03:282][930]LogWorld: Bringing up level for play took: 0.001611
[2019.01.25-23.30.03:296][930]LogPawn: Error: EnableInput can only be specified on a Pawn for its Controller
[2019.01.25-23.30.03:298][930]PIE: Play in editor start time for /Game/UEDPIE_0_REeeeeeeeeee 1.233
[2019.01.25-23.30.05:431][169]LogSlate: Updating window title bar state: overlay mode, drag disabled, window buttons hidden, title bar hidden
[2019.01.25-23.30.05:452][169]LogSlate: Window 'GGJ2019 Game Preview Standalone (64-bit/PCD3D_SM5)' being destroyed
[2019.01.25-23.30.05:489][169]LogPlayLevel: Display: Shutting down PIE online subsystems
[2019.01.25-23.30.05:537][170]LogPlayLevel: Display: Destroying online subsystem :Context_19
[2019.01.25-23.30.12:168][955]LogSlate: FSceneViewport::OnFocusLost() reason 0
[2019.01.25-23.30.12:252][965]BlueprintLog: New page: Compile Player_BP_Base
[2019.01.25-23.30.14:670][224]LogTemp: Repeating last play command: Selected Viewport
[2019.01.25-23.30.14:691][224]LogPlayLevel: PlayLevel: No blueprints needed recompiling
[2019.01.25-23.30.14:692][224]PIE: New page: PIE session: REeeeeeeeeee (25 Jan 2019 23:30:14)
[2019.01.25-23.30.14:692][224]LogPlayLevel: Creating play world package: /Game/UEDPIE_0_REeeeeeeeeee
[2019.01.25-23.30.14:713][224]LogPlayLevel: PIE: StaticDuplicateObject took: (0.020867s)
[2019.01.25-23.30.14:713][224]LogAIModule: Creating AISystem for world REeeeeeeeeee
[2019.01.25-23.30.14:714][224]LogPlayLevel: PIE: World Init took: (0.000758s)
[2019.01.25-23.30.14:714][224]LogPlayLevel: PIE: Created PIE world by copying editor world from /Game/REeeeeeeeeee.REeeeeeeeeee to /Game/UEDPIE_0_REeeeeeeeeee.REeeeeeeeeee (0.021973s)
[2019.01.25-23.30.14:748][224]LogInit: XAudio2 using 'Speakers (Realtek High Definition Audio)' : 2 channels at 48 kHz using 32 bits per sample (channel mask 0x3)
[2019.01.25-23.30.14:765][224]LogInit: FAudioDevice initialized.
[2019.01.25-23.30.14:775][224]LogSlate: Updating window title bar state: overlay mode, drag disabled, window buttons hidden, title bar hidden
[2019.01.25-23.30.14:822][224]LogLoad: Game class is 'GGJ2019GM_C'
[2019.01.25-23.30.14:824][224]LogWorld: Bringing World /Game/UEDPIE_0_REeeeeeeeeee.REeeeeeeeeee up for play (max tick rate 0) at 2019.01.25-23.30.14
[2019.01.25-23.30.14:825][224]LogWorld: Bringing up level for play took: 0.001915
[2019.01.25-23.30.14:839][224]LogPawn: Error: EnableInput can only be specified on a Pawn for its Controller
[2019.01.25-23.30.14:841][224]PIE: Play in editor start time for /Game/UEDPIE_0_REeeeeeeeeee 0.775
[2019.01.25-23.30.16:981][473]LogSlate: Updating window title bar state: overlay mode, drag disabled, window buttons hidden, title bar hidden
[2019.01.25-23.30.17:004][473]LogSlate: Window 'GGJ2019 Game Preview Standalone (64-bit/PCD3D_SM5)' being destroyed
[2019.01.25-23.30.17:037][473]LogPlayLevel: Display: Shutting down PIE online subsystems
[2019.01.25-23.30.17:089][475]LogPlayLevel: Display: Destroying online subsystem :Context_20
[2019.01.25-23.30.18:894][690]LogTemp: Repeating last play command: Selected Viewport
[2019.01.25-23.30.18:916][690]LogPlayLevel: PlayLevel: No blueprints needed recompiling
[2019.01.25-23.30.18:917][690]PIE: New page: PIE session: REeeeeeeeeee (25 Jan 2019 23:30:18)
[2019.01.25-23.30.18:917][690]LogPlayLevel: Creating play world package: /Game/UEDPIE_0_REeeeeeeeeee
[2019.01.25-23.30.18:934][690]LogPlayLevel: PIE: StaticDuplicateObject took: (0.017530s)
[2019.01.25-23.30.18:935][690]LogAIModule: Creating AISystem for world REeeeeeeeeee
[2019.01.25-23.30.18:936][690]LogPlayLevel: PIE: World Init took: (0.001112s)
[2019.01.25-23.30.18:936][690]LogPlayLevel: PIE: Created PIE world by copying editor world from /Game/REeeeeeeeeee.REeeeeeeeeee to /Game/UEDPIE_0_REeeeeeeeeee.REeeeeeeeeee (0.019103s)
[2019.01.25-23.30.18:983][690]LogInit: XAudio2 using 'Speakers (Realtek High Definition Audio)' : 2 channels at 48 kHz using 32 bits per sample (channel mask 0x3)
[2019.01.25-23.30.18:998][690]LogInit: FAudioDevice initialized.
[2019.01.25-23.30.19:036][690]LogLoad: Game class is 'GGJ2019GM_C'
[2019.01.25-23.30.19:038][690]LogWorld: Bringing World /Game/UEDPIE_0_REeeeeeeeeee.REeeeeeeeeee up for play (max tick rate 0) at 2019.01.25-23.30.19
[2019.01.25-23.30.19:038][690]LogWorld: Bringing up level for play took: 0.001812
[2019.01.25-23.30.19:052][690]LogPawn: Error: EnableInput can only be specified on a Pawn for its Controller
[2019.01.25-23.30.19:053][690]PIE: Play in editor start time for /Game/UEDPIE_0_REeeeeeeeeee 0.988
[2019.01.25-23.30.20:899][908]LogSlate: Updating window title bar state: overlay mode, drag disabled, window buttons hidden, title bar hidden
[2019.01.25-23.30.20:935][908]LogPlayLevel: Display: Shutting down PIE online subsystems
[2019.01.25-23.30.20:968][908]LogSlate: Updating window title bar state: overlay mode, drag disabled, window buttons hidden, title bar hidden
[2019.01.25-23.30.20:999][910]LogPlayLevel: Display: Destroying online subsystem :Context_21
[2019.01.25-23.30.22:034][ 33]LogSlate: FSceneViewport::OnFocusLost() reason 0
[2019.01.25-23.30.55:491][105]LogSavePackage: Moving '../../../../../../Users/p018236h.STUDENT/Documents/GameJam/GGJ2019/GGJ2019/Saved/REeeeeeeeeee_Auto169F4DB8E4BA5E24FEBE46C94390F785A.tmp' to '../../../../../../Users/p018236h.STUDENT/Documents/GameJam/GGJ2019/GGJ2019/Saved/Autosaves/Game/REeeeeeeeeee_Auto1.umap'
[2019.01.25-23.30.55:502][105]LogFileHelpers: Editor autosave (incl. sublevels) for '/Game/REeeeeeeeeee' took 0.303
[2019.01.25-23.30.55:502][105]LogFileHelpers: Editor autosave (incl. sublevels) for all levels took 0.303
[2019.01.25-23.30.55:505][105]OBJ SavePackage: Generating thumbnails for [1] asset(s) in package [/Game/Player_BP_Base] ([1] browsable assets)...
[2019.01.25-23.30.55:539][105]OBJ SavePackage:     Rendered thumbnail for [Blueprint /Game/Player_BP_Base.Player_BP_Base]
[2019.01.25-23.30.55:539][105]OBJ SavePackage: Finished generating thumbnails for package [/Game/Player_BP_Base]
[2019.01.25-23.30.55:581][105]LogSavePackage: Moving '../../../../../../Users/p018236h.STUDENT/Documents/GameJam/GGJ2019/GGJ2019/Saved/Player_BP_Base_Auto132FB3A28498FBC44D2C69D99F1CF8EF2.tmp' to '../../../../../../Users/p018236h.STUDENT/Documents/GameJam/GGJ2019/GGJ2019/Saved/Autosaves/Game/Player_BP_Base_Auto1.uasset'
[2019.01.25-23.30.55:587][105]OBJ SavePackage: Generating thumbnails for [0] asset(s) in package [/Game/GGJ2019GM] ([1] browsable assets)...
[2019.01.25-23.30.55:587][105]OBJ SavePackage: Finished generating thumbnails for package [/Game/GGJ2019GM]
[2019.01.25-23.30.55:587][105]Cmd: OBJ SAVEPACKAGE PACKAGE="/Game/GGJ2019GM" FILE="../../../../../../Users/p018236h.STUDENT/Documents/GameJam/GGJ2019/GGJ2019/Saved/Autosaves/Game/GGJ2019GM_Auto1.uasset" SILENT=false AUTOSAVING=true
[2019.01.25-23.30.55:629][105]LogSavePackage: Moving '../../../../../../Users/p018236h.STUDENT/Documents/GameJam/GGJ2019/GGJ2019/Saved/GGJ2019GM_Auto1C679235144019F8500F275965E5B061E.tmp' to '../../../../../../Users/p018236h.STUDENT/Documents/GameJam/GGJ2019/GGJ2019/Saved/Autosaves/Game/GGJ2019GM_Auto1.uasset'
[2019.01.25-23.30.55:633][105]LogFileHelpers: Auto-saving content packages took 0.129
[2019.01.25-23.32.08:707][674]LogEditorTransaction: Undo Delete current selection
