Log file open, 01/27/19 05:34:22
LogWindows: Failed to load 'aqProf.dll' (GetLastError=126)
LogWindows: File 'aqProf.dll' does not exist
LogWindows: Failed to load 'VSPerf140.dll' (GetLastError=126)
LogWindows: File 'VSPerf140.dll' does not exist
LogWindows: Failed to load 'VtuneApi.dll' (GetLastError=126)
LogWindows: File 'VtuneApi.dll' does not exist
LogWindows: Failed to load 'VtuneApi32e.dll' (GetLastError=126)
LogWindows: File 'VtuneApi32e.dll' does not exist
LogInit: Display: Running engine for game: GGJ2019
LogPlatformFile: Not using cached read wrapper
LogTaskGraph: Started task graph with 5 named threads and 23 total threads with 3 sets of task threads.
LogStats: Stats thread started at 0.415232
LogD3D11RHI: Loaded GFSDK_Aftermath_Lib.x64.dll
LogICUInternationalization: Display: ICU TimeZone Detection - Raw Offset: +0:00, Platform Override: ''
LogPluginManager: Mounting plugin Paper2D
LogPluginManager: Mounting plugin AISupport
LogPluginManager: Mounting plugin LightPropagationVolume
LogPluginManager: Mounting plugin CLionSourceCodeAccess
LogPluginManager: Mounting plugin CodeLiteSourceCodeAccess
LogPluginManager: Mounting plugin GitSourceControl
LogPluginManager: Mounting plugin KDevelopSourceCodeAccess
LogPluginManager: Mounting plugin NullSourceCodeAccess
LogPluginManager: Mounting plugin PerforceSourceControl
LogPluginManager: Mounting plugin SubversionSourceControl
LogPluginManager: Mounting plugin UObjectPlugin
LogPluginManager: Mounting plugin VisualStudioCodeSourceCodeAccess
LogPluginManager: Mounting plugin VisualStudioSourceCodeAccess
LogPluginManager: Mounting plugin XCodeSourceCodeAccess
LogPluginManager: Mounting plugin AssetManagerEditor
LogPluginManager: Mounting plugin CryptoKeys
LogPluginManager: Mounting plugin DataValidation
LogPluginManager: Mounting plugin FacialAnimation
LogPluginManager: Mounting plugin GameplayTagsEditor
LogPluginManager: Mounting plugin MacGraphicsSwitching
LogPluginManager: Mounting plugin MeshEditor
LogPluginManager: Mounting plugin MobileLauncherProfileWizard
LogPluginManager: Mounting plugin PluginBrowser
LogPluginManager: Mounting plugin SpeedTreeImporter
LogPluginManager: Mounting plugin DatasmithContent
LogPluginManager: Mounting plugin AlembicImporter
LogPluginManager: Mounting plugin AppleImageUtils
LogPluginManager: Mounting plugin AppleVision
LogPluginManager: Mounting plugin BackChannel
LogPluginManager: Mounting plugin CharacterAI
LogPluginManager: Mounting plugin GeometryCache
LogPluginManager: Mounting plugin HTML5Networking
LogPluginManager: Mounting plugin ProxyLODPlugin
LogPluginManager: Mounting plugin MagicLeap
LogPluginManager: Mounting plugin MagicLeapEmulator
LogPluginManager: Mounting plugin MagicLeapMedia
LogPluginManager: Mounting plugin AndroidMedia
LogPluginManager: Mounting plugin AvfMedia
LogPluginManager: Mounting plugin ImgMedia
LogPluginManager: Mounting plugin LinearTimecode
LogPluginManager: Mounting plugin MediaCompositing
LogPluginManager: Mounting plugin MediaPlayerEditor
LogPluginManager: Mounting plugin WmfMedia
LogPluginManager: Mounting plugin TcpMessaging
LogPluginManager: Mounting plugin UdpMessaging
LogPluginManager: Mounting plugin ActorSequence
LogPluginManager: Mounting plugin LevelSequenceEditor
LogPluginManager: Mounting plugin MatineeToLevelSequence
LogPluginManager: Mounting plugin NetcodeUnitTest
LogPluginManager: Mounting plugin NUTUnrealEngine4
LogPluginManager: Mounting plugin OnlineSubsystemGooglePlay
LogPluginManager: Mounting plugin OnlineSubsystemIOS
LogPluginManager: Mounting plugin OnlineSubsystem
LogPluginManager: Mounting plugin OnlineSubsystemNull
LogPluginManager: Mounting plugin OnlineSubsystemUtils
LogPluginManager: Mounting plugin LauncherChunkInstaller
LogPluginManager: Mounting plugin AndroidDeviceProfileSelector
LogPluginManager: Mounting plugin AndroidMoviePlayer
LogPluginManager: Mounting plugin AndroidPermission
LogPluginManager: Mounting plugin AppleMoviePlayer
LogPluginManager: Mounting plugin ArchVisCharacter
LogPluginManager: Mounting plugin AudioCapture
LogPluginManager: Mounting plugin CableComponent
LogPluginManager: Mounting plugin CustomMeshComponent
LogPluginManager: Mounting plugin EditableMesh
LogPluginManager: Mounting plugin ExampleDeviceProfileSelector
LogPluginManager: Mounting plugin GoogleCloudMessaging
LogPluginManager: Mounting plugin ImmediatePhysics
LogPluginManager: Mounting plugin IOSDeviceProfileSelector
LogPluginManager: Mounting plugin LinuxDeviceProfileSelector
LogPluginManager: Mounting plugin LocationServicesBPLibrary
LogPluginManager: Mounting plugin MobilePatchingUtils
LogPluginManager: Mounting plugin OculusVR
LogPluginManager: Plugin shader directory ../../../Engine/Plugins/Runtime/Oculus/OculusVR/Shaders found
LogPluginManager: Mapping shader source directory ../../../Engine/Plugins/Runtime/Oculus/OculusVR/Shaders to virtual directory /Plugin/OculusVR
LogPluginManager: Mounting plugin PhysXVehicles
LogPluginManager: Mounting plugin ProceduralMeshComponent
LogPluginManager: Mounting plugin RuntimePhysXCooking
LogPluginManager: Mounting plugin SteamVR
LogPluginManager: Mounting plugin WindowsMoviePlayer
LogStreaming: Display: Took  0.337s to configure plugins.
LogInit: Using libcurl 7.55.1-DEV
LogInit:  - built for x86_64-pc-win32
LogInit:  - supports SSL with OpenSSL/1.0.2h
LogInit:  - supports HTTP deflate (compression) using libz 1.2.8
LogInit:  - other features:
LogInit:      CURL_VERSION_SSL
LogInit:      CURL_VERSION_LIBZ
LogInit:      CURL_VERSION_IPV6
LogInit:      CURL_VERSION_ASYNCHDNS
LogInit:      CURL_VERSION_LARGEFILE
LogInit:      CURL_VERSION_IDN
LogInit:  CurlRequestOptions (configurable via config and command line):
LogInit:  - bVerifyPeer = false  - Libcurl will NOT verify peer certificate
LogInit:  - bUseHttpProxy = false  - Libcurl will NOT use HTTP proxy
LogInit:  - bDontReuseConnections = false  - Libcurl will reuse connections
LogInit:  - CertBundlePath = nullptr  - Libcurl will use whatever was configured at build time.
LogInit:  - MaxHostConnections = 16  - Libcurl will limit the number of connections to a host
LogInit:  - LocalHostAddr = Default
LogInit:  - BufferSize = 65536
LogInit: WinSock: version 1.1 (2.2), MaxSocks=32767, MaxUdp=65467
LogInit: Build: ++UE4+Release-4.20-CL-4369336
LogInit: Engine Version: 4.20.3-4369336+++UE4+Release-4.20
LogInit: Compatible Engine Version: 4.20.0-4212847+++UE4+Release-4.20
LogInit: Net CL: 4212847
LogInit: OS: Windows 10 (), CPU: Intel(R) Xeon(R) CPU E5-1620 v3 @ 3.50GHz, GPU: NVIDIA GeForce GTX 970
LogInit: Compiled (64-bit): Sep 17 2018 12:26:19
LogInit: Compiled with Visual C++: 19.13.26129.00
LogInit: Build Configuration: Development
LogInit: Branch Name: ++UE4+Release-4.20
LogInit: Command Line:  -skipcompile
LogInit: Base Directory: C:/Epic/UE4/UE_4.20/Engine/Binaries/Win64/
LogInit: Installed Engine Build: 1
LogDevObjectVersion: Number of dev versions registered: 20
LogDevObjectVersion:   Dev-Blueprints (B0D832E4-1F89-4F0D-ACCF-7EB736FD4AA2): 10
LogDevObjectVersion:   Dev-Build (E1C64328-A22C-4D53-A36C-8E866417BD8C): 0
LogDevObjectVersion:   Dev-Core (375EC13C-06E4-48FB-B500-84F0262A717E): 2
LogDevObjectVersion:   Dev-Editor (E4B068ED-F494-42E9-A231-DA0B2E46BB41): 24
LogDevObjectVersion:   Dev-Framework (CFFC743F-43B0-4480-9391-14DF171D2073): 34
LogDevObjectVersion:   Dev-Mobile (B02B49B5-BB20-44E9-A304-32B752E40360): 2
LogDevObjectVersion:   Dev-Networking (A4E4105C-59A1-49B5-A7C5-40C4547EDFEE): 0
LogDevObjectVersion:   Dev-Online (39C831C9-5AE6-47DC-9A44-9C173E1C8E7C): 0
LogDevObjectVersion:   Dev-Physics (78F01B33-EBEA-4F98-B9B4-84EACCB95AA2): 0
LogDevObjectVersion:   Dev-Platform (6631380F-2D4D-43E0-8009-CF276956A95A): 0
LogDevObjectVersion:   Dev-Rendering (12F88B9F-8875-4AFC-A67C-D90C383ABD29): 26
LogDevObjectVersion:   Dev-Sequencer (7B5AE74C-D270-4C10-A958-57980B212A5A): 9
LogDevObjectVersion:   Dev-VR (D7296918-1DD6-4BDD-9DE2-64A83CC13884): 2
LogDevObjectVersion:   Dev-LoadTimes (C2A15278-BFE7-4AFE-6C17-90FF531DF755): 1
LogDevObjectVersion:   Private-Geometry (6EACA3D4-40EC-4CC1-B786-8BED09428FC5): 3
LogDevObjectVersion:   Dev-AnimPhys (29E575DD-E0A3-4627-9D10-D276232CDCEA): 17
LogDevObjectVersion:   Dev-ReflectionCapture (6B266CEC-1EC7-4B8F-A30B-E4D90942FC07): 1
LogDevObjectVersion:   Dev-Automation (0DF73D61-A23F-47EA-B727-89E90C41499A): 1
LogDevObjectVersion:   FortniteMain (601D1886-AC64-4F84-AA16-D3DE0DEAC7D6): 12
LogDevObjectVersion:   Dev-Enterprise (9DFFBCD6-494F-0158-E221-12823C92A888): 1
LogStreaming: Display: Took  0.010s to delete old logs.
LogInit: Presizing for max 8388607 objects, including 0 objects not considered by GC, pre-allocating 0 bytes for permanent pool.
LogInit: Object subsystem initialized
[2019.01.27-05.34.22:914][  0]LogInit: Selected Device Profile: [Windows]
[2019.01.27-05.34.22:914][  0]LogInit: Applying CVar settings loaded from the selected device profile: [Windows]
[2019.01.27-05.34.22:950][  0]LogHAL: Display: Platform has ~ 16 GB [17092038656 / 17179869184 / 16], which maps to Larger [LargestMinGB=32, LargerMinGB=12, DefaultMinGB=8, SmallerMinGB=6, SmallestMinGB=0)
[2019.01.27-05.34.22:950][  0]LogInit: Setting Device Profile CVar: [[r.Vulkan.UseRealUBs:1]]
[2019.01.27-05.34.22:950][  0]LogInit: Going up to parent DeviceProfile []
[2019.01.27-05.34.22:951][  0]LogInit: Computer: C115-11
[2019.01.27-05.34.22:951][  0]LogInit: User: w017177h
[2019.01.27-05.34.22:951][  0]LogInit: CPU Page size=4096, Cores=4
[2019.01.27-05.34.22:951][  0]LogInit: High frequency timer resolution =3.410072 MHz
[2019.01.27-05.34.22:952][  0]LogMemory: Memory total: Physical=15.9GB (16GB approx)
[2019.01.27-05.34.22:952][  0]LogMemory: Platform Memory Stats for Windows
[2019.01.27-05.34.22:952][  0]LogMemory: Process Physical Memory: 101.61 MB used, 101.61 MB peak
[2019.01.27-05.34.22:952][  0]LogMemory: Process Virtual Memory: 93.30 MB used, 93.30 MB peak
[2019.01.27-05.34.22:952][  0]LogMemory: Physical Memory: 6441.68 MB used,  9858.55 MB free, 16300.24 MB total
[2019.01.27-05.34.22:952][  0]LogMemory: Virtual Memory: 4642.79 MB used,  9858.55 MB free, 134217728.00 MB total
[2019.01.27-05.34.23:093][  0]LogInit: Using OS detected language (en-US).
[2019.01.27-05.34.23:093][  0]LogInit: Using OS detected locale (en-GB).
[2019.01.27-05.34.23:096][  0]LogTextLocalizationManager: No specific localization for 'en-US' exists, so the 'en' localization will be used.
[2019.01.27-05.34.23:550][  0]LogStreaming: Display: Took  0.457s to InitEngineTextLocalization.
[2019.01.27-05.34.23:551][  0]LogInit: Setting process to per monitor DPI aware
[2019.01.27-05.34.23:607][  0]LogSlate: New Slate User Created.  User Index 0, Is Virtual User: 0
[2019.01.27-05.34.23:607][  0]LogSlate: Slate User Registered.  User Index 0, Is Virtual User: 0
[2019.01.27-05.34.23:926][  0]LogHMD: Failed to initialize OpenVR with code 110
[2019.01.27-05.34.23:926][  0]LogD3D11RHI: D3D11 adapters:
[2019.01.27-05.34.24:021][  0]LogD3D11RHI:    0. 'NVIDIA GeForce GTX 970' (Feature Level 11_0)
[2019.01.27-05.34.24:021][  0]LogD3D11RHI:       4043/0/8150 MB DedicatedVideo/DedicatedSystem/SharedSystem, Outputs:2, VendorId:0x10de
[2019.01.27-05.34.24:027][  0]LogD3D11RHI:    1. 'Microsoft Basic Render Driver' (Feature Level 11_0)
[2019.01.27-05.34.24:027][  0]LogD3D11RHI:       0/0/8150 MB DedicatedVideo/DedicatedSystem/SharedSystem, Outputs:0, VendorId:0x1414
[2019.01.27-05.34.24:027][  0]LogD3D11RHI: Chosen D3D11 Adapter: 0
[2019.01.27-05.34.24:060][  0]LogD3D11RHI: Creating new Direct3DDevice
[2019.01.27-05.34.24:060][  0]LogD3D11RHI:     GPU DeviceId: 0x13c2 (for the marketing name, search the web for "GPU Device Id")
[2019.01.27-05.34.24:060][  0]LogWindows: EnumDisplayDevices:
[2019.01.27-05.34.24:061][  0]LogWindows:    0. 'NVIDIA GeForce GTX 970' (P:1 D:1)
[2019.01.27-05.34.24:062][  0]LogWindows:    1. 'NVIDIA GeForce GTX 970' (P:0 D:1)
[2019.01.27-05.34.24:065][  0]LogWindows:    2. 'NVIDIA GeForce GTX 970' (P:0 D:0)
[2019.01.27-05.34.24:067][  0]LogWindows:    3. 'NVIDIA GeForce GTX 970' (P:0 D:0)
[2019.01.27-05.34.24:067][  0]LogWindows: DebugString: FoundDriverCount:4 
[2019.01.27-05.34.24:067][  0]LogD3D11RHI:     Adapter Name: NVIDIA GeForce GTX 970
[2019.01.27-05.34.24:067][  0]LogD3D11RHI:   Driver Version: 398.82 (internal:24.21.13.9882, unified:398.82)
[2019.01.27-05.34.24:067][  0]LogD3D11RHI:      Driver Date: 7-30-2018
[2019.01.27-05.34.24:067][  0]LogRHI: Texture pool is 2830 MB (70% of 4043 MB)
[2019.01.27-05.34.24:135][  0]LogD3D11RHI: Async texture creation enabled
[2019.01.27-05.34.24:153][  0]LogD3D11RHI: GPU Timing Frequency: 1000.000000 (Debug: 2 2)
[2019.01.27-05.34.24:203][  0]LogShaderCompilers: Guid format shader working directory is -16 characters bigger than the processId version (../../../../../../Users/w017177h.STUDENT/Documents/Github/GGJ2019/GGJ2019/Intermediate/Shaders/WorkingDirectory/7456/).
[2019.01.27-05.34.24:203][  0]LogShaderCompilers: Cleaned the shader compiler working directory 'C:/Users/w017177h.STUDENT/AppData/Local/Temp/UnrealShaderWorkingDir/CFB987E0439F314CFB09458AA50654A9/'.
[2019.01.27-05.34.24:622][  0]LogTemp: Display: Loaded TP AllDesktopTargetPlatform
[2019.01.27-05.34.24:642][  0]LogTemp: Display: Loaded TP MacClientTargetPlatform
[2019.01.27-05.34.24:661][  0]LogTemp: Display: Loaded TP MacNoEditorTargetPlatform
[2019.01.27-05.34.24:680][  0]LogTemp: Display: Loaded TP MacServerTargetPlatform
[2019.01.27-05.34.24:700][  0]LogTemp: Display: Loaded TP MacTargetPlatform
[2019.01.27-05.34.24:719][  0]LogTemp: Display: Loaded TP WindowsClientTargetPlatform
[2019.01.27-05.34.24:739][  0]LogTemp: Display: Loaded TP WindowsNoEditorTargetPlatform
[2019.01.27-05.34.24:758][  0]LogTemp: Display: Loaded TP WindowsServerTargetPlatform
[2019.01.27-05.34.24:770][  0]LogTemp: Display: Loaded TP WindowsTargetPlatform
[2019.01.27-05.34.24:871][  0]LogTemp: Display: Loaded TP AndroidTargetPlatform
[2019.01.27-05.34.24:871][  0]LogTemp: Display: Loaded TP AndroidTargetPlatform
[2019.01.27-05.34.24:871][  0]LogTemp: Display: Loaded TP AndroidTargetPlatform
[2019.01.27-05.34.24:871][  0]LogTemp: Display: Loaded TP AndroidTargetPlatform
[2019.01.27-05.34.24:871][  0]LogTemp: Display: Loaded TP AndroidTargetPlatform
[2019.01.27-05.34.24:871][  0]LogTemp: Display: Loaded TP AndroidTargetPlatform
[2019.01.27-05.34.24:871][  0]LogTemp: Display: Loaded TP AndroidTargetPlatform
[2019.01.27-05.34.24:871][  0]LogTemp: Display: Loaded TP AndroidTargetPlatform
[2019.01.27-05.34.24:871][  0]LogTemp: Display: Loaded TP AndroidTargetPlatform
[2019.01.27-05.34.24:871][  0]LogTemp: Display: Loaded TP AndroidTargetPlatform
[2019.01.27-05.34.24:871][  0]LogTemp: Display: Loaded TP AndroidTargetPlatform
[2019.01.27-05.34.24:871][  0]LogTemp: Display: Loaded TP AndroidTargetPlatform
[2019.01.27-05.34.24:871][  0]LogTemp: Display: Loaded TP AndroidTargetPlatform
[2019.01.27-05.34.24:872][  0]LogTemp: Display: Loaded TP AndroidTargetPlatform
[2019.01.27-05.34.24:872][  0]LogTemp: Display: Loaded TP AndroidTargetPlatform
[2019.01.27-05.34.24:872][  0]LogTemp: Display: Loaded TP AndroidTargetPlatform
[2019.01.27-05.34.24:872][  0]LogTemp: Display: Loaded TP AndroidTargetPlatform
[2019.01.27-05.34.24:872][  0]LogTemp: Display: Loaded TP AndroidTargetPlatform
[2019.01.27-05.34.24:878][  0]LogTemp: Display: Loaded TP HTML5TargetPlatform
[2019.01.27-05.34.24:958][  0]LogTemp: Display: Loaded TP IOSTargetPlatform
[2019.01.27-05.34.24:959][  0]LogTemp: Display: Loaded TP IOSTargetPlatform
[2019.01.27-05.34.24:991][  0]LogTemp: Display: Loaded TP TVOSTargetPlatform
[2019.01.27-05.34.24:992][  0]LogTemp: Display: Loaded TP TVOSTargetPlatform
[2019.01.27-05.34.25:024][  0]LogTemp: Display: Loaded TP LinuxClientTargetPlatform
[2019.01.27-05.34.25:044][  0]LogTemp: Display: Loaded TP LinuxNoEditorTargetPlatform
[2019.01.27-05.34.25:062][  0]LogTemp: Display: Loaded TP LinuxServerTargetPlatform
[2019.01.27-05.34.25:082][  0]LogTemp: Display: Loaded TP LinuxTargetPlatform
[2019.01.27-05.34.25:106][  0]LogTemp: Display: Loaded TP LuminTargetPlatform
[2019.01.27-05.34.25:107][  0]LogTargetPlatformManager: Display: Building Assets For Windows
[2019.01.27-05.34.25:302][  0]LogXGEController: Cleaning working directory: C:/Users/w017177h.STUDENT/AppData/Local/Temp/UnrealXGEWorkingDir/
[2019.01.27-05.34.25:302][  0]LogXGEController: Cannot use XGE Controller as Incredibuild is not installed on this machine.
[2019.01.27-05.34.25:303][  0]LogShaderCompilers: Cannot use XGE Shader Compiler as Incredibuild is not installed on this machine.
[2019.01.27-05.34.25:303][  0]LogShaderCompilers: Display: Using Local Shader Compiler.
[2019.01.27-05.34.26:331][  0]LogDerivedDataCache: Display: Max Cache Size: 512 MB
[2019.01.27-05.34.26:419][  0]LogDerivedDataCache: Loaded boot cache 0.09s 71MB C:/Users/w017177h.STUDENT/AppData/Local/UnrealEngine/4.20/DerivedDataCache/Boot.ddc.
[2019.01.27-05.34.26:420][  0]LogDerivedDataCache: Display: Loaded Boot cache: C:/Users/w017177h.STUDENT/AppData/Local/UnrealEngine/4.20/DerivedDataCache/Boot.ddc
[2019.01.27-05.34.26:421][  0]LogDerivedDataCache: FDerivedDataBackendGraph:  Pak pak cache file ../../../../../../Users/w017177h.STUDENT/Documents/Github/GGJ2019/GGJ2019/DerivedDataCache/DDC.ddp not found, will not use a pak cache.
[2019.01.27-05.34.26:421][  0]LogDerivedDataCache: Unable to find inner node Pak for hierarchical cache Hierarchy.
[2019.01.27-05.34.26:421][  0]LogDerivedDataCache: FDerivedDataBackendGraph:  CompressedPak pak cache file ../../../../../../Users/w017177h.STUDENT/Documents/Github/GGJ2019/GGJ2019/DerivedDataCache/Compressed.ddp not found, will not use a pak cache.
[2019.01.27-05.34.26:421][  0]LogDerivedDataCache: Unable to find inner node CompressedPak for hierarchical cache Hierarchy.
[2019.01.27-05.34.26:443][  0]LogDerivedDataCache: Display: Pak cache opened for reading ../../../Engine/DerivedDataCache/Compressed.ddp.
[2019.01.27-05.34.26:457][  0]LogDerivedDataCache: Using Local data cache path C:/Users/w017177h.STUDENT/AppData/Local/UnrealEngine/Common/DerivedDataCache: Writable
[2019.01.27-05.34.26:457][  0]LogDerivedDataCache: Shared data cache path not found in *engine.ini, will not use an Shared cache.
[2019.01.27-05.34.26:457][  0]LogDerivedDataCache: Unable to find inner node Shared for hierarchical cache Hierarchy.
[2019.01.27-05.34.26:481][  0]LogMaterial: Verifying Global Shaders for PCD3D_SM5
[2019.01.27-05.34.26:483][  0]LogSlate: Using FreeType 2.6.0
[2019.01.27-05.34.26:484][  0]LogSlate: SlateFontServices - WITH_FREETYPE: 1, WITH_HARFBUZZ: 1
[2019.01.27-05.34.26:621][  0]LogAssetRegistry: FAssetRegistry took 0.0395 seconds to start up
[2019.01.27-05.34.27:077][  0]LogInit: Selected Device Profile: [Windows]
[2019.01.27-05.34.27:314][  0]LogSimplygon: Simplygon DLL not present - disabling.
[2019.01.27-05.34.27:327][  0]LogMeshReduction: Using SimplygonSwarm for distributed automatic mesh merging
[2019.01.27-05.34.27:327][  0]LogMeshReduction: Using ProxyLODMeshReduction for automatic mesh merging
[2019.01.27-05.34.27:327][  0]LogMeshReduction: Using QuadricMeshReduction for automatic static mesh reduction
[2019.01.27-05.34.27:327][  0]LogMeshReduction: No automatic skeletal mesh reduction module available
[2019.01.27-05.34.27:352][  0]LogNetVersion: GGJ2019 1.0.0, NetCL: 4212847, EngineNetVer: 5, GameNetVer: 0 (Checksum: 54619999)
[2019.01.27-05.34.28:123][  0]LogPackageLocalizationCache: Processed 11 localized package path(s) for 2 prioritized culture(s) in 0.142946 seconds
[2019.01.27-05.34.28:131][  0]LogUObjectArray: 38425 objects as part of root set at end of initial load.
[2019.01.27-05.34.28:131][  0]LogUObjectAllocator: 6690872 out of 0 bytes used by permanent object pool.
[2019.01.27-05.34.28:131][  0]LogUObjectArray: CloseDisregardForGC: 0/0 objects in disregard for GC pool
[2019.01.27-05.34.29:400][  0]LogTcpMessaging: Initializing TcpMessaging bridge
[2019.01.27-05.34.29:417][  0]LogUdpMessaging: Initializing bridge on interface 0.0.0.0:0 to multicast group 230.0.0.1:6666.
[2019.01.27-05.34.29:641][  0]SourceControl: Source control is disabled
[2019.01.27-05.34.29:641][  0]SourceControl: Source control is disabled
[2019.01.27-05.34.29:645][  0]SourceControl: Source control is disabled
[2019.01.27-05.34.29:648][  0]SourceControl: Source control is disabled
[2019.01.27-05.34.29:946][  0]LogAndroidPermission: UAndroidPermissionCallbackProxy::GetInstance
[2019.01.27-05.34.30:079][  0]LogOcInput: OculusInput pre-init called
[2019.01.27-05.34.30:157][  0]LogEngine: Initializing Engine...
[2019.01.27-05.34.30:158][  0]LogHMD: Failed to initialize OpenVR with code 110
[2019.01.27-05.34.30:159][  0]LogStats: UGameplayTagsManager::ConstructGameplayTagTree: ImportINI prefixes -  0.000 s
[2019.01.27-05.34.30:160][  0]LogStats: UGameplayTagsManager::ConstructGameplayTagTree: Construct from data asset -  0.000 s
[2019.01.27-05.34.30:160][  0]LogStats: UGameplayTagsManager::ConstructGameplayTagTree: ImportINI -  0.000 s
[2019.01.27-05.34.30:160][  0]LogStats: UGameplayTagsManager::ConstructGameplayTagTree: GameplayTagTreeChangedEvent.Broadcast -  0.000 s
[2019.01.27-05.34.30:416][  0]LogInit: Initializing FReadOnlyCVARCache
[2019.01.27-05.34.30:443][  0]LogAIModule: Creating AISystem for world Untitled
[2019.01.27-05.34.30:469][  0]LogInit: XAudio2 using 'Headset Earphone (2- Razer ManO'War)' : 2 channels at 48 kHz using 16 bits per sample (channel mask 0x3)
[2019.01.27-05.34.30:490][  0]LogInit: FAudioDevice initialized.
[2019.01.27-05.34.30:491][  0]LogNetVersion: Set ProjectVersion to 1.0.0.0. Version Checksum will be recalculated on next use.
[2019.01.27-05.34.30:589][  0]LogDerivedDataCache: Saved boot cache 0.10s 71MB C:/Users/w017177h.STUDENT/AppData/Local/UnrealEngine/4.20/DerivedDataCache/Boot.ddc.
[2019.01.27-05.34.30:605][  0]LogInit: Texture streaming: Enabled
[2019.01.27-05.34.30:643][  0]LogEngineSessionManager: EngineSessionManager initialized
[2019.01.27-05.34.30:643][  0]LogEngineSessionManager: EngineSessionManager sent abnormal shutdown report. Type=Debugger, SessionId={9902F017-42DF-8FB2-36E9-F699F642F4EA}
[2019.01.27-05.34.30:662][  0]LogInit: Transaction tracking system initialized
[2019.01.27-05.34.30:718][  0]BlueprintLog: New page: Editor Load
[2019.01.27-05.34.30:907][  0]LocalizationService: Localization service is disabled
[2019.01.27-05.34.31:296][  0]LogCook: Display: Max memory allowance for cook 16384mb min free memory 0mb
[2019.01.27-05.34.31:297][  0]LogCook: Display: Mobile HDR setting 1
[2019.01.27-05.34.31:297][  0]LogGameplayTags: Display: UGameplayTagsManager::DoneAddingNativeTags. DelegateIsBound: 0
[2019.01.27-05.34.31:297][  0]LogStats: UGameplayTagsManager::ConstructGameplayTagTree: ImportINI prefixes -  0.000 s
[2019.01.27-05.34.31:297][  0]LogStats: UGameplayTagsManager::ConstructGameplayTagTree: Construct from data asset -  0.000 s
[2019.01.27-05.34.31:297][  0]LogStats: UGameplayTagsManager::ConstructGameplayTagTree: ImportINI -  0.000 s
[2019.01.27-05.34.31:297][  0]LogStats: UGameplayTagsManager::ConstructGameplayTagTree: GameplayTagTreeChangedEvent.Broadcast -  0.000 s
[2019.01.27-05.34.31:534][  0]LogFileCache: Scanning file cache for directory 'C:/Users/w017177h.STUDENT/Documents/Github/GGJ2019/GGJ2019/Content/' took 0.04s
[2019.01.27-05.34.31:534][  0]SourceControl: Source control is disabled
[2019.01.27-05.34.31:535][  0]Cmd: MAP LOAD FILE="../../../../../../Users/w017177h.STUDENT/Documents/Github/GGJ2019/GGJ2019/Content/GameLevel.umap" TEMPLATE=0 SHOWPROGRESS=1 FEATURELEVEL=3
[2019.01.27-05.34.31:536][  0]LightingResults: New page: Lighting Build
[2019.01.27-05.34.31:541][  0]MapCheck: New page: Map Check
[2019.01.27-05.34.31:541][  0]LightingResults: New page: Lighting Build
[2019.01.27-05.34.31:835][  0]LogAIModule: Creating AISystem for world GameLevel
[2019.01.27-05.34.31:847][  0]LogEditorServer: Finished looking for orphan Actors (0.000 secs)
[2019.01.27-05.34.31:877][  0]Cmd: MAP CHECKDEP NOCLEARLOG
[2019.01.27-05.34.32:070][  0]MapCheck: Map check complete: 0 Error(s), 0 Warning(s), took 192.999ms to complete.
[2019.01.27-05.34.32:070][  0]LogFileHelpers: Loading map 'GameLevel' took 0.537
[2019.01.27-05.34.32:195][  0]LogSlate: Updating window title bar state: overlay mode, drag disabled, window buttons hidden, title bar hidden
[2019.01.27-05.34.32:203][  0]LogSlate: Updating window title bar state: overlay mode, drag disabled, window buttons hidden, title bar hidden
[2019.01.27-05.34.32:211][  0]LogSlate: Updating window title bar state: overlay mode, drag disabled, window buttons hidden, title bar hidden
[2019.01.27-05.34.32:218][  0]LogSlate: Updating window title bar state: overlay mode, drag disabled, window buttons hidden, title bar hidden
[2019.01.27-05.34.32:231][  0]LogCollectionManager: Loaded 0 collections in 0.003513 seconds
[2019.01.27-05.34.32:284][  0]LogFileCache: Scanning file cache for directory 'C:/Users/w017177h.STUDENT/Documents/Github/GGJ2019/GGJ2019/Saved/Collections/' took 0.01s
[2019.01.27-05.34.32:284][  0]LogFileCache: Scanning file cache for directory 'C:/Users/w017177h.STUDENT/Documents/Github/GGJ2019/GGJ2019/Content/Developers/w017177h/Collections/' took 0.01s
[2019.01.27-05.34.32:284][  0]LogFileCache: Scanning file cache for directory 'C:/Users/w017177h.STUDENT/Documents/Github/GGJ2019/GGJ2019/Content/Collections/' took 0.01s
[2019.01.27-05.34.32:284][  0]LogCollectionManager: Rebuilt the GUID cache for 0 collections in 0.000000 seconds
[2019.01.27-05.34.32:295][  0]LogContentBrowser: Native class hierarchy populated in 0.0111 seconds. Added 2585 classes and 606 folders.
[2019.01.27-05.34.32:317][  0]LogContentBrowser: Native class hierarchy updated for 'WidgetCarousel' in 0.0005 seconds. Added 0 classes and 0 folders.
[2019.01.27-05.34.32:420][  0]LogContentBrowser: Native class hierarchy updated for 'AddContentDialog' in 0.0005 seconds. Added 0 classes and 0 folders.
[2019.01.27-05.34.32:440][  0]LogContentBrowser: Native class hierarchy updated for 'SceneOutliner' in 0.0009 seconds. Added 1 classes and 2 folders.
[2019.01.27-05.34.32:461][  0]LogSlate: Took 0.000416 seconds to synchronously load lazily loaded font '../../../Engine/Content/Slate/Fonts/Roboto-Regular.ttf' (155K)
[2019.01.27-05.34.32:465][  0]LogSlate: Took 0.000326 seconds to synchronously load lazily loaded font '../../../Engine/Content/Slate/Fonts/Roboto-Bold.ttf' (160K)
[2019.01.27-05.34.32:471][  0]LogSlate: Took 0.000278 seconds to synchronously load lazily loaded font '../../../Engine/Content/Editor/Slate/Fonts/FontAwesome.ttf' (139K)
[2019.01.27-05.34.32:561][  0]LogRenderer: Reallocating scene render targets to support 1208x576 Format 10 NumSamples 1 (Frame:1).
[2019.01.27-05.34.32:621][  0]LogSlate: Took 0.000226 seconds to synchronously load lazily loaded font '../../../Engine/Content/Slate/Fonts/Roboto-Light.ttf' (167K)
[2019.01.27-05.34.32:716][  0]LogContentBrowser: Native class hierarchy updated for 'HierarchicalLODOutliner' in 0.0005 seconds. Added 0 classes and 0 folders.
[2019.01.27-05.34.32:716][  0]LogLoad: (Engine Initialization) Total time: 13.35 seconds
[2019.01.27-05.34.32:716][  0]LogLoad: (Engine Initialization) Total Blueprint compile time: 0.00 seconds
[2019.01.27-05.34.32:726][  0]LogWindowsTextInputMethodSystem: Display: IME system now deactivated.
[2019.01.27-05.34.32:746][  0]LogActor: Warning: Fridge_BP_Base_C /Engine/Transient.World_0:PersistentLevel.Fridge_BP_Base_C_0 has natively added scene component(s), but none of them were set as the actor's RootComponent - picking one arbitrarily
[2019.01.27-05.34.32:766][  0]LogContentStreaming: Texture pool size now 1000 MB
[2019.01.27-05.34.32:826][  1]LogFileCache: Retrieving MD5 hashes for directory 'C:/Users/w017177h.STUDENT/Documents/Github/GGJ2019/GGJ2019/Content/' took 0.09s
[2019.01.27-05.34.32:844][  1]LogAssetRegistry: Asset discovery search completed in 6.2495 seconds
[2019.01.27-05.34.32:847][  1]LogCollectionManager: Rebuilt the object cache for 0 collections in 0.000000 seconds (found 0 objects)
[2019.01.27-05.34.32:847][  1]LogCollectionManager: Fixed up redirectors for 0 collections in 0.000160 seconds (updated 0 objects)
[2019.01.27-05.34.36:116][375]LogSlate: FSceneViewport::OnFocusLost() reason 0
[2019.01.27-05.34.36:232][388]LogSlate: Took 0.000244 seconds to synchronously load lazily loaded font '../../../Engine/Content/Slate/Fonts/Roboto-Light.ttf' (167K)
[2019.01.27-05.34.36:493][388]LogLinker: Warning: Can't find file '/Game/NavigationNode_BP_Crawling'
[2019.01.27-05.34.36:493][388]LogLinker: Warning: Can't find file for asset '/Game/NavigationNode_BP_Crawling' while loading ../../../../../../Users/w017177h.STUDENT/Documents/Github/GGJ2019/GGJ2019/Content/StarterContent/Maps/JohnFinalLevel.umap.
[2019.01.27-05.34.36:494][388]LoadErrors: Error: /Game/StarterContent/Maps/JohnFinalLevel : Can't find file for asset. /Game/NavigationNode_BP_Crawling
[2019.01.27-05.34.36:623][388]LogLinker: Warning: Can't find file '/Game/NavigationNode_BP_Crawling'
[2019.01.27-05.34.36:624][388]LogLinker: Warning: Can't find file for asset '/Game/NavigationNode_BP_Crawling' while loading ../../../../../../Users/w017177h.STUDENT/Documents/Github/GGJ2019/GGJ2019/Content/StarterContent/Maps/JohnFinalLevel.umap.
[2019.01.27-05.34.36:626][388]LogLinker: Warning: Can't find file '/Game/NavigationNode_BP_Crawling'
[2019.01.27-05.34.36:627][388]LogLinker: Warning: Can't find file for asset '/Game/NavigationNode_BP_Crawling' while loading ../../../../../../Users/w017177h.STUDENT/Documents/Github/GGJ2019/GGJ2019/Content/StarterContent/Maps/JohnFinalLevel.umap.
[2019.01.27-05.34.36:668][388]LogLinker: Warning: Can't find file '/Game/NavigationNode_BP_Crawling'
[2019.01.27-05.34.36:669][388]LogLinker: Warning: Can't find file for asset '/Game/NavigationNode_BP_Crawling' while loading NULL.
[2019.01.27-05.34.36:669][388]LogLinker: Warning: Can't find file '/Game/NavigationNode_BP_Crawling'
[2019.01.27-05.34.36:670][388]LogLinker: Warning: Can't find file for asset '/Game/NavigationNode_BP_Crawling' while loading NULL.
[2019.01.27-05.34.36:670][388]LogLinker: Warning: Can't find file '/Game/NavigationNode_BP_Crawling'
[2019.01.27-05.34.36:671][388]LogLinker: Warning: Can't find file for asset '/Game/NavigationNode_BP_Crawling' while loading NULL.
[2019.01.27-05.34.36:671][388]LogLinker: Warning: Can't find file '/Game/NavigationNode_BP_Crawling'
[2019.01.27-05.34.36:672][388]LogLinker: Warning: Can't find file for asset '/Game/NavigationNode_BP_Crawling' while loading NULL.
[2019.01.27-05.34.36:673][388]LogLinker: Warning: Can't find file '/Game/NavigationNode_BP_Crawling'
[2019.01.27-05.34.36:674][388]LogLinker: Warning: Can't find file for asset '/Game/NavigationNode_BP_Crawling' while loading NULL.
[2019.01.27-05.34.36:674][388]LogLinker: Warning: Can't find file '/Game/NavigationNode_BP_Crawling'
[2019.01.27-05.34.36:675][388]LogLinker: Warning: Can't find file for asset '/Game/NavigationNode_BP_Crawling' while loading NULL.
[2019.01.27-05.34.36:675][388]LogLinker: Warning: Can't find file '/Game/NavigationNode_BP_Crawling'
[2019.01.27-05.34.36:676][388]LogLinker: Warning: Can't find file for asset '/Game/NavigationNode_BP_Crawling' while loading NULL.
[2019.01.27-05.34.36:677][388]LogLinker: Warning: Can't find file '/Game/NavigationNode_BP_Crawling'
[2019.01.27-05.34.36:678][388]LogLinker: Warning: Can't find file for asset '/Game/NavigationNode_BP_Crawling' while loading NULL.
[2019.01.27-05.34.36:678][388]LogLinker: Warning: Can't find file '/Game/NavigationNode_BP_Crawling'
[2019.01.27-05.34.36:679][388]LogLinker: Warning: Can't find file for asset '/Game/NavigationNode_BP_Crawling' while loading NULL.
[2019.01.27-05.34.36:679][388]LogLinker: Warning: Can't find file '/Game/NavigationNode_BP_Crawling'
[2019.01.27-05.34.36:679][388]LogLinker: Warning: Can't find file for asset '/Game/NavigationNode_BP_Crawling' while loading NULL.
[2019.01.27-05.34.36:680][388]LogLinker: Warning: Can't find file '/Game/NavigationNode_BP_Crawling'
[2019.01.27-05.34.36:681][388]LogLinker: Warning: Can't find file for asset '/Game/NavigationNode_BP_Crawling' while loading NULL.
[2019.01.27-05.34.36:681][388]LogLinker: Warning: Can't find file '/Game/NavigationNode_BP_Crawling'
[2019.01.27-05.34.36:682][388]LogLinker: Warning: Can't find file for asset '/Game/NavigationNode_BP_Crawling' while loading NULL.
[2019.01.27-05.34.36:682][388]LogLinker: Warning: Can't find file '/Game/NavigationNode_BP_Crawling'
[2019.01.27-05.34.36:683][388]LogLinker: Warning: Can't find file for asset '/Game/NavigationNode_BP_Crawling' while loading NULL.
[2019.01.27-05.34.36:684][388]LogLinker: Warning: Can't find file '/Game/NavigationNode_BP_Crawling'
[2019.01.27-05.34.36:684][388]LogLinker: Warning: Can't find file for asset '/Game/NavigationNode_BP_Crawling' while loading NULL.
[2019.01.27-05.34.36:685][388]LogLinker: Warning: Can't find file '/Game/NavigationNode_BP_Crawling'
[2019.01.27-05.34.36:685][388]LogLinker: Warning: Can't find file for asset '/Game/NavigationNode_BP_Crawling' while loading NULL.
[2019.01.27-05.34.36:686][388]LogLinker: Warning: Can't find file '/Game/NavigationNode_BP_Crawling'
[2019.01.27-05.34.36:686][388]LogLinker: Warning: Can't find file for asset '/Game/NavigationNode_BP_Crawling' while loading NULL.
[2019.01.27-05.34.37:039][388]LogAIModule: Creating AISystem for world JohnFinalLevel
[2019.01.27-05.34.37:123][388]LogAssetEditorManager: Opening Asset editor for World /Game/StarterContent/Maps/JohnFinalLevel.JohnFinalLevel
[2019.01.27-05.34.37:152][388]Cmd: MAP LOAD FILE="../../../../../../Users/w017177h.STUDENT/Documents/Github/GGJ2019/GGJ2019/Content/StarterContent/Maps/JohnFinalLevel.umap" TEMPLATE=0 SHOWPROGRESS=1 FEATURELEVEL=3
[2019.01.27-05.34.37:152][388]LightingResults: New page: Lighting Build
[2019.01.27-05.34.37:153][388]LoadErrors: New page: Loading map: JohnFinalLevel.umap
[2019.01.27-05.34.37:155][388]MapCheck: New page: Map Check
[2019.01.27-05.34.37:155][388]LightingResults: New page: Lighting Build
[2019.01.27-05.34.37:259][388]LogEditorServer: Finished looking for orphan Actors (0.000 secs)
[2019.01.27-05.34.37:337][388]Cmd: MAP CHECKDEP NOCLEARLOG
[2019.01.27-05.34.37:594][388]MapCheck: Map check complete: 0 Error(s), 0 Warning(s), took 256.563ms to complete.
[2019.01.27-05.34.37:596][388]LogFileHelpers: Loading map 'JohnFinalLevel' took 0.444
[2019.01.27-05.34.37:676][388]LoadErrors: Warning: CreateExport: Failed to load Outer for resource 'DefaultSceneRoot': NavigationNode_BP_Crawling_C /Game/StarterContent/Maps/JohnFinalLevel.JohnFinalLevel:PersistentLevel.NavigationNode_BP_Crawling2_5
[2019.01.27-05.34.37:676][388]LoadErrors: Warning: CreateExport: Failed to load Outer for resource 'DefaultSceneRoot': NavigationNode_BP_Crawling_C /Game/StarterContent/Maps/JohnFinalLevel.JohnFinalLevel:PersistentLevel.NavigationNode_BP_Crawling3_8
[2019.01.27-05.34.37:677][388]LoadErrors: Warning: CreateExport: Failed to load Outer for resource 'DefaultSceneRoot': NavigationNode_BP_Crawling_C /Game/StarterContent/Maps/JohnFinalLevel.JohnFinalLevel:PersistentLevel.NavigationNode_BP_Crawling4_11
[2019.01.27-05.34.37:677][388]LoadErrors: Warning: CreateExport: Failed to load Outer for resource 'DefaultSceneRoot': NavigationNode_BP_Crawling_C /Game/StarterContent/Maps/JohnFinalLevel.JohnFinalLevel:PersistentLevel.NavigationNode_BP_Crawling5_14
[2019.01.27-05.34.37:677][388]LoadErrors: Warning: CreateExport: Failed to load Outer for resource 'DefaultSceneRoot': NavigationNode_BP_Crawling_C /Game/StarterContent/Maps/JohnFinalLevel.JohnFinalLevel:PersistentLevel.NavigationNode_BP_Crawling6_17
[2019.01.27-05.34.37:677][388]LoadErrors: Warning: CreateExport: Failed to load Outer for resource 'DefaultSceneRoot': NavigationNode_BP_Crawling_C /Game/StarterContent/Maps/JohnFinalLevel.JohnFinalLevel:PersistentLevel.NavigationNode_BP_Crawling7_20
[2019.01.27-05.34.37:677][388]LoadErrors: Warning: CreateExport: Failed to load Outer for resource 'DefaultSceneRoot': NavigationNode_BP_Crawling_C /Game/StarterContent/Maps/JohnFinalLevel.JohnFinalLevel:PersistentLevel.NavigationNode_BP_Crawling8_23
[2019.01.27-05.34.37:678][388]LoadErrors: Warning: CreateExport: Failed to load Outer for resource 'DefaultSceneRoot': NavigationNode_BP_Crawling_C /Game/StarterContent/Maps/JohnFinalLevel.JohnFinalLevel:PersistentLevel.NavigationNode_BP_Crawling_2
[2019.01.27-05.34.39:852][636]LogTemp: Repeating last play command: Selected Viewport
[2019.01.27-05.34.39:876][636]LogPlayLevel: PlayLevel: No blueprints needed recompiling
[2019.01.27-05.34.39:890][636]PIE: New page: PIE session: JohnFinalLevel (27 Jan 2019 05:34:39)
[2019.01.27-05.34.39:891][636]LogPlayLevel: Creating play world package: /Game/StarterContent/Maps/UEDPIE_0_JohnFinalLevel
[2019.01.27-05.34.39:934][636]LogPlayLevel: PIE: StaticDuplicateObject took: (0.043683s)
[2019.01.27-05.34.39:936][636]LogAIModule: Creating AISystem for world JohnFinalLevel
[2019.01.27-05.34.39:937][636]LogPlayLevel: PIE: World Init took: (0.001968s)
[2019.01.27-05.34.39:937][636]LogPlayLevel: PIE: Created PIE world by copying editor world from /Game/StarterContent/Maps/JohnFinalLevel.JohnFinalLevel to /Game/StarterContent/Maps/UEDPIE_0_JohnFinalLevel.JohnFinalLevel (0.046583s)
[2019.01.27-05.34.39:972][636]LogInit: XAudio2 using 'Headset Earphone (2- Razer ManO'War)' : 2 channels at 48 kHz using 16 bits per sample (channel mask 0x3)
[2019.01.27-05.34.39:983][636]LogInit: FAudioDevice initialized.
[2019.01.27-05.34.40:037][636]LogLoad: Game class is 'GGJ2019GM_C'
[2019.01.27-05.34.40:046][636]LogWorld: Bringing World /Game/StarterContent/Maps/UEDPIE_0_JohnFinalLevel.JohnFinalLevel up for play (max tick rate 0) at 2019.01.27-05.34.40
[2019.01.27-05.34.40:050][636]LogWorld: Bringing up level for play took: 0.010841
[2019.01.27-05.34.40:087][636]LogContentBrowser: Native class hierarchy updated for 'MovieSceneCapture' in 0.0013 seconds. Added 10 classes and 0 folders.
[2019.01.27-05.34.40:092][636]PIE: Play in editor start time for /Game/StarterContent/Maps/UEDPIE_0_JohnFinalLevel -0.165
[2019.01.27-05.34.40:948][729]LogSlate: Updating window title bar state: overlay mode, drag disabled, window buttons hidden, title bar hidden
[2019.01.27-05.34.40:985][729]LogPlayLevel: Display: Shutting down PIE online subsystems
[2019.01.27-05.34.41:011][729]LogSlate: Updating window title bar state: overlay mode, drag disabled, window buttons hidden, title bar hidden
[2019.01.27-05.34.41:052][732]LogPlayLevel: Display: Destroying online subsystem :Context_2
[2019.01.27-05.34.44:541][131]LogSlate: FSceneViewport::OnFocusLost() reason 0
[2019.01.27-05.34.44:692][143]LogActor: Warning: Pickup_BP_Weapon_C /Engine/Transient.World_2:PersistentLevel.Pickup_BP_Weapon_C_0 has natively added scene component(s), but none of them were set as the actor's RootComponent - picking one arbitrarily
[2019.01.27-05.34.44:697][143]LogActor: Warning: Pickup_BP_Food_C /Engine/Transient.World_3:PersistentLevel.Pickup_BP_Food_C_0 has natively added scene component(s), but none of them were set as the actor's RootComponent - picking one arbitrarily
[2019.01.27-05.35.14:375][585]LogSlate: Took 0.000418 seconds to synchronously load lazily loaded font '../../../Engine/Content/Slate/Fonts/Roboto-BoldCondensed.ttf' (158K)
[2019.01.27-05.35.21:068][365]LogAssetEditorManager: Opening Asset editor for Blueprint /Game/NavigationNode_BP_Crawling.NavigationNode_BP_Crawling
[2019.01.27-05.35.21:570][365]LogContentBrowser: Native class hierarchy updated for 'BlueprintGraph' in 0.0011 seconds. Added 116 classes and 0 folders.
[2019.01.27-05.35.22:492][365]LogSlate: Window 'Add Blueprint Class' being destroyed
[2019.01.27-05.35.24:156][498]LogRenderer: Reallocating scene render targets to support 1208x712 Format 10 NumSamples 1 (Frame:136).
[2019.01.27-05.35.24:190][501]LogSlate: Window 'NavigationNode_BP_Crawling*' being destroyed
[2019.01.27-05.35.26:069][642]LogSavePackage: Moving '../../../../../../Users/w017177h.STUDENT/Documents/Github/GGJ2019/GGJ2019/Saved/JohnFinalLevel450EC6FD4B78516A282BA3B8151EE1F9.tmp' to '../../../../../../Users/w017177h.STUDENT/Documents/Github/GGJ2019/GGJ2019/Content/StarterContent/Maps/JohnFinalLevel.umap'
[2019.01.27-05.35.29:486][997]LogSlate: FSceneViewport::OnFocusLost() reason 0
[2019.01.27-05.35.31:414][202]LogSlate: FSceneViewport::OnFocusLost() reason 0
[2019.01.27-05.35.33:147][363]LogSlate: FSceneViewport::OnFocusLost() reason 0
[2019.01.27-05.35.35:040][497]LogSlate: FSceneViewport::OnFocusLost() reason 0
[2019.01.27-05.35.36:679][666]LogSlate: FSceneViewport::OnFocusLost() reason 0
[2019.01.27-05.35.38:399][841]LogSlate: FSceneViewport::OnFocusLost() reason 0
[2019.01.27-05.35.41:043][114]LogSlate: FSceneViewport::OnFocusLost() reason 0
[2019.01.27-05.35.42:704][286]LogSlate: FSceneViewport::OnFocusLost() reason 2
[2019.01.27-05.35.43:205][286]LogSavePackage: Moving '../../../../../../Users/w017177h.STUDENT/Documents/Github/GGJ2019/GGJ2019/Saved/JohnFinalLevel528C073441BFA24366688AA52F130987.tmp' to '../../../../../../Users/w017177h.STUDENT/Documents/Github/GGJ2019/GGJ2019/Content/StarterContent/Maps/JohnFinalLevel.umap'
[2019.01.27-05.35.43:615][310]LogTemp: Repeating last play command: Selected Viewport
[2019.01.27-05.35.43:641][310]LogPlayLevel: PlayLevel: No blueprints needed recompiling
[2019.01.27-05.35.43:641][310]PIE: New page: PIE session: JohnFinalLevel (27 Jan 2019 05:35:43)
[2019.01.27-05.35.43:641][310]LogPlayLevel: Creating play world package: /Game/StarterContent/Maps/UEDPIE_0_JohnFinalLevel
[2019.01.27-05.35.43:666][310]LogPlayLevel: PIE: StaticDuplicateObject took: (0.024426s)
[2019.01.27-05.35.43:666][310]LogAIModule: Creating AISystem for world JohnFinalLevel
[2019.01.27-05.35.43:667][310]LogPlayLevel: PIE: World Init took: (0.000938s)
[2019.01.27-05.35.43:667][310]LogPlayLevel: PIE: Created PIE world by copying editor world from /Game/StarterContent/Maps/JohnFinalLevel.JohnFinalLevel to /Game/StarterContent/Maps/UEDPIE_0_JohnFinalLevel.JohnFinalLevel (0.025881s)
[2019.01.27-05.35.43:712][310]LogInit: XAudio2 using 'Headset Earphone (2- Razer ManO'War)' : 2 channels at 48 kHz using 16 bits per sample (channel mask 0x3)
[2019.01.27-05.35.43:726][310]LogInit: FAudioDevice initialized.
[2019.01.27-05.35.43:766][310]LogLoad: Game class is 'GGJ2019GM_C'
[2019.01.27-05.35.43:775][310]LogWorld: Bringing World /Game/StarterContent/Maps/UEDPIE_0_JohnFinalLevel.JohnFinalLevel up for play (max tick rate 0) at 2019.01.27-05.35.43
[2019.01.27-05.35.43:784][310]LogWorld: Bringing up level for play took: 0.016716
[2019.01.27-05.35.43:803][310]PIE: Play in editor start time for /Game/StarterContent/Maps/UEDPIE_0_JohnFinalLevel -0.455
[2019.01.27-05.35.46:093][568]LogSlate: FSceneViewport::OnFocusLost() reason 2
[2019.01.27-05.35.47:180][694]LogSlate: FSceneViewport::OnFocusLost() reason 2
[2019.01.27-05.35.56:666][729]LogSlate: FSceneViewport::OnFocusLost() reason 0
[2019.01.27-05.36.01:619][287]LogSlate: FSceneViewport::OnFocusLost() reason 2
[2019.01.27-05.36.01:923][319]LogActor: Warning: Pickup_BP_Food_C /Game/StarterContent/Maps/UEDPIE_0_JohnFinalLevel.JohnFinalLevel:PersistentLevel.Pickup_BP_Food_C_0 has natively added scene component(s), but none of them were set as the actor's RootComponent - picking one arbitrarily
[2019.01.27-05.36.03:341][472]LogActor: Warning: Pickup_BP_Food_C /Game/StarterContent/Maps/UEDPIE_0_JohnFinalLevel.JohnFinalLevel:PersistentLevel.Pickup_BP_Food_C_1 has natively added scene component(s), but none of them were set as the actor's RootComponent - picking one arbitrarily
[2019.01.27-05.36.03:609][502]LogActor: Warning: Pickup_BP_Food_C /Game/StarterContent/Maps/UEDPIE_0_JohnFinalLevel.JohnFinalLevel:PersistentLevel.Pickup_BP_Food_C_2 has natively added scene component(s), but none of them were set as the actor's RootComponent - picking one arbitrarily
[2019.01.27-05.36.04:337][582]LogActor: Warning: Pickup_BP_Food_C /Game/StarterContent/Maps/UEDPIE_0_JohnFinalLevel.JohnFinalLevel:PersistentLevel.Pickup_BP_Food_C_3 has natively added scene component(s), but none of them were set as the actor's RootComponent - picking one arbitrarily
[2019.01.27-05.36.04:641][617]LogActor: Warning: Pickup_BP_Food_C /Game/StarterContent/Maps/UEDPIE_0_JohnFinalLevel.JohnFinalLevel:PersistentLevel.Pickup_BP_Food_C_4 has natively added scene component(s), but none of them were set as the actor's RootComponent - picking one arbitrarily
[2019.01.27-05.38.03:810][789]LogSlate: FSceneViewport::OnFocusLost() reason 0
[2019.01.27-05.38.25:409][727]LogCharacterMovement: Player_BP_Base_C_0 is stuck and failed to move! Velocity: X=0.84 Y=600.00 Z=0.00 Location: X=1170.32 Y=-425.43 Z=79.15 Normal: X=-0.69 Y=0.73 Z=-0.00 PenetrationDepth:1.033 Actor:Enemy_BP_Base_C_92 Component:Capsule BoneName:None (0 other events since notify)
[2019.01.27-05.38.39:420][322]LogSlate: Updating window title bar state: overlay mode, drag disabled, window buttons hidden, title bar hidden
[2019.01.27-05.38.39:480][322]LogPlayLevel: Display: Shutting down PIE online subsystems
[2019.01.27-05.38.39:517][322]LogSlate: Updating window title bar state: overlay mode, drag disabled, window buttons hidden, title bar hidden
[2019.01.27-05.38.39:564][323]LogPlayLevel: Display: Destroying online subsystem :Context_10
[2019.01.27-05.38.40:972][483]LogSlate: FSceneViewport::OnFocusLost() reason 2
[2019.01.27-05.38.41:514][483]LogSavePackage: Moving '../../../../../../Users/w017177h.STUDENT/Documents/Github/GGJ2019/GGJ2019/Saved/JohnFinalLevelD077D45B4897D501C29900BA06AC34EA.tmp' to '../../../../../../Users/w017177h.STUDENT/Documents/Github/GGJ2019/GGJ2019/Content/StarterContent/Maps/JohnFinalLevel.umap'
[2019.01.27-05.38.45:423][898]LogAssetEditorManager: Opening Asset editor for AnimBlueprint /Game/Animation/AnimationControllers/Clay/ClayAnimationController.ClayAnimationController
[2019.01.27-05.38.45:445][898]LogContentBrowser: Native class hierarchy updated for 'SkeletonEditor' in 0.0005 seconds. Added 1 classes and 2 folders.
[2019.01.27-05.38.45:688][898]LogActorComponent: RegisterComponentWithWorld: (/Engine/Transient.World_10:PersistentLevel.AnimationEditorPreviewActor_0.DebugSkelMeshComponent_0) Already registered. Aborting.
[2019.01.27-05.38.45:693][898]LogContentBrowser: Native class hierarchy updated for 'PinnedCommandList' in 0.0005 seconds. Added 1 classes and 0 folders.
[2019.01.27-05.38.45:932][898]LogSkeletalMesh: USkeletalMeshComponent::InitArticulated : Bodies already created (/Engine/Transient.World_10:PersistentLevel.AnimationEditorPreviewActor_0.DebugSkelMeshComponent_0) - call TermArticulated first.
[2019.01.27-05.38.46:312][898]LogContentBrowser: Native class hierarchy updated for 'ClothingSystemEditorInterface' in 0.0005 seconds. Added 1 classes and 0 folders.
[2019.01.27-05.38.46:377][898]LogContentBrowser: Verbose: The majority of assets in the view are of type: AnimSequence
[2019.01.27-05.38.50:101][272]LogAssetEditorManager: Opening Asset editor for AnimBlueprint /Game/Animation/AnimationControllers/Dimples/DimplesAnimationController.DimplesAnimationController
[2019.01.27-05.38.50:114][272]LogActorComponent: RegisterComponentWithWorld: (/Engine/Transient.World_17:PersistentLevel.AnimationEditorPreviewActor_0.DebugSkelMeshComponent_0) Already registered. Aborting.
[2019.01.27-05.38.50:401][272]LogSkeletalMesh: USkeletalMeshComponent::InitArticulated : Bodies already created (/Engine/Transient.World_17:PersistentLevel.AnimationEditorPreviewActor_0.DebugSkelMeshComponent_0) - call TermArticulated first.
[2019.01.27-05.38.50:841][272]LogContentBrowser: Verbose: The majority of assets in the view are of type: AnimSequence
[2019.01.27-05.38.51:932][372]LogSavePackage: Moving '../../../../../../Users/w017177h.STUDENT/Documents/Github/GGJ2019/GGJ2019/Saved/DimplesAnimationController6EE07B9A4A096D8A16BCB58560EBB956.tmp' to '../../../../../../Users/w017177h.STUDENT/Documents/Github/GGJ2019/GGJ2019/Content/Animation/AnimationControllers/Dimples/DimplesAnimationController.uasset'
[2019.01.27-05.38.54:414][654]LogSlate: Took 0.000267 seconds to synchronously load lazily loaded font '../../../Engine/Content/Slate/Fonts/Roboto-Italic.ttf' (157K)
[2019.01.27-05.38.55:065][713]LogSavePackage: Moving '../../../../../../Users/w017177h.STUDENT/Documents/Github/GGJ2019/GGJ2019/Saved/DimplesAnimationControllerD86A539F4A84C98D4CDF6C9E087369DD.tmp' to '../../../../../../Users/w017177h.STUDENT/Documents/Github/GGJ2019/GGJ2019/Content/Animation/AnimationControllers/Dimples/DimplesAnimationController.uasset'
[2019.01.27-05.39.25:418][815]LogSavePackage: Moving '../../../../../../Users/w017177h.STUDENT/Documents/Github/GGJ2019/GGJ2019/Saved/DimplesAnimationController96A5EF434E39D5EAE37DAEB8C92AE36E.tmp' to '../../../../../../Users/w017177h.STUDENT/Documents/Github/GGJ2019/GGJ2019/Content/Animation/AnimationControllers/Dimples/DimplesAnimationController.uasset'
[2019.01.27-05.39.32:005][546]LogSavePackage: Moving '../../../../../../Users/w017177h.STUDENT/Documents/Github/GGJ2019/GGJ2019/Saved/DimplesAnimationController15B511054F1BD198B3201F8C16A53627.tmp' to '../../../../../../Users/w017177h.STUDENT/Documents/Github/GGJ2019/GGJ2019/Content/Animation/AnimationControllers/Dimples/DimplesAnimationController.uasset'
[2019.01.27-05.39.39:573][402]LogSavePackage: Moving '../../../../../../Users/w017177h.STUDENT/Documents/Github/GGJ2019/GGJ2019/Saved/DimplesAnimationControllerD930CCEF425007C41536E58C3021AD01.tmp' to '../../../../../../Users/w017177h.STUDENT/Documents/Github/GGJ2019/GGJ2019/Content/Animation/AnimationControllers/Dimples/DimplesAnimationController.uasset'
[2019.01.27-05.40.06:368][479]LogSavePackage: Moving '../../../../../../Users/w017177h.STUDENT/Documents/Github/GGJ2019/GGJ2019/Saved/DimplesAnimationControllerA1BF99D347E9F30AC045D6B11F343C1B.tmp' to '../../../../../../Users/w017177h.STUDENT/Documents/Github/GGJ2019/GGJ2019/Content/Animation/AnimationControllers/Dimples/DimplesAnimationController.uasset'
[2019.01.27-05.40.07:555][618]BlueprintLog: New page: Compile DimplesAnimationController
[2019.01.27-05.40.08:457][659]LogSavePackage: Moving '../../../../../../Users/w017177h.STUDENT/Documents/Github/GGJ2019/GGJ2019/Saved/DimplesAnimationController5974B9214195D9EB0A3138B18C34FD35.tmp' to '../../../../../../Users/w017177h.STUDENT/Documents/Github/GGJ2019/GGJ2019/Content/Animation/AnimationControllers/Dimples/DimplesAnimationController.uasset'
[2019.01.27-05.40.09:494][755]LogSavePackage: Moving '../../../../../../Users/w017177h.STUDENT/Documents/Github/GGJ2019/GGJ2019/Saved/DimplesAnimationController32078E1B44884D852250FBA4AE905E01.tmp' to '../../../../../../Users/w017177h.STUDENT/Documents/Github/GGJ2019/GGJ2019/Content/Animation/AnimationControllers/Dimples/DimplesAnimationController.uasset'
[2019.01.27-05.40.11:579][973]LogSavePackage: Moving '../../../../../../Users/w017177h.STUDENT/Documents/Github/GGJ2019/GGJ2019/Saved/DimplesAnimationController70DB94F94C72AC8C0C9190B86147B413.tmp' to '../../../../../../Users/w017177h.STUDENT/Documents/Github/GGJ2019/GGJ2019/Content/Animation/AnimationControllers/Dimples/DimplesAnimationController.uasset'
[2019.01.27-05.40.12:889][103]LogSavePackage: Moving '../../../../../../Users/w017177h.STUDENT/Documents/Github/GGJ2019/GGJ2019/Saved/DimplesAnimationControllerC4589C684AEAF06E271F608202BCB256.tmp' to '../../../../../../Users/w017177h.STUDENT/Documents/Github/GGJ2019/GGJ2019/Content/Animation/AnimationControllers/Dimples/DimplesAnimationController.uasset'
[2019.01.27-05.40.14:335][245]LogSavePackage: Moving '../../../../../../Users/w017177h.STUDENT/Documents/Github/GGJ2019/GGJ2019/Saved/DimplesAnimationController4D68F2604E44A14EF9803DB6728B2709.tmp' to '../../../../../../Users/w017177h.STUDENT/Documents/Github/GGJ2019/GGJ2019/Content/Animation/AnimationControllers/Dimples/DimplesAnimationController.uasset'
[2019.01.27-05.40.15:309][337]LogSavePackage: Moving '../../../../../../Users/w017177h.STUDENT/Documents/Github/GGJ2019/GGJ2019/Saved/DimplesAnimationControllerDE11F8CD49266520DB4C15B6DDB5EFDF.tmp' to '../../../../../../Users/w017177h.STUDENT/Documents/Github/GGJ2019/GGJ2019/Content/Animation/AnimationControllers/Dimples/DimplesAnimationController.uasset'
[2019.01.27-05.40.16:690][479]LogSavePackage: Moving '../../../../../../Users/w017177h.STUDENT/Documents/Github/GGJ2019/GGJ2019/Saved/DimplesAnimationController258A9BBC46306EB5BE144089D6DC8A5B.tmp' to '../../../../../../Users/w017177h.STUDENT/Documents/Github/GGJ2019/GGJ2019/Content/Animation/AnimationControllers/Dimples/DimplesAnimationController.uasset'
[2019.01.27-05.40.18:661][710]LogTemp: Repeating last play command: Selected Viewport
[2019.01.27-05.40.18:690][710]LogPlayLevel: PlayLevel: No blueprints needed recompiling
[2019.01.27-05.40.18:690][710]PIE: New page: PIE session: JohnFinalLevel (27 Jan 2019 05:40:18)
[2019.01.27-05.40.18:690][710]LogPlayLevel: Creating play world package: /Game/StarterContent/Maps/UEDPIE_0_JohnFinalLevel
[2019.01.27-05.40.18:715][710]LogPlayLevel: PIE: StaticDuplicateObject took: (0.025005s)
[2019.01.27-05.40.18:716][710]LogAIModule: Creating AISystem for world JohnFinalLevel
[2019.01.27-05.40.18:716][710]LogPlayLevel: PIE: World Init took: (0.000815s)
[2019.01.27-05.40.18:716][710]LogPlayLevel: PIE: Created PIE world by copying editor world from /Game/StarterContent/Maps/JohnFinalLevel.JohnFinalLevel to /Game/StarterContent/Maps/UEDPIE_0_JohnFinalLevel.JohnFinalLevel (0.026231s)
[2019.01.27-05.40.18:756][710]LogInit: XAudio2 using 'Headset Earphone (2- Razer ManO'War)' : 2 channels at 48 kHz using 16 bits per sample (channel mask 0x3)
[2019.01.27-05.40.18:768][710]LogInit: FAudioDevice initialized.
[2019.01.27-05.40.18:809][710]LogLoad: Game class is 'GGJ2019GM_C'
[2019.01.27-05.40.18:817][710]LogWorld: Bringing World /Game/StarterContent/Maps/UEDPIE_0_JohnFinalLevel.JohnFinalLevel up for play (max tick rate 0) at 2019.01.27-05.40.18
[2019.01.27-05.40.18:822][710]LogWorld: Bringing up level for play took: 0.012370
[2019.01.27-05.40.18:838][710]PIE: Play in editor start time for /Game/StarterContent/Maps/UEDPIE_0_JohnFinalLevel 0.579
[2019.01.27-05.40.20:662][919]LogSlate: FSceneViewport::OnFocusLost() reason 2
[2019.01.27-05.40.30:718][ 65]LogSlate: FSceneViewport::OnFocusLost() reason 0
[2019.01.27-05.40.30:806][ 75]LogSlate: Updating window title bar state: overlay mode, drag disabled, window buttons hidden, title bar hidden
[2019.01.27-05.40.30:849][ 75]LogPlayLevel: Display: Shutting down PIE online subsystems
[2019.01.27-05.40.30:880][ 75]LogSlate: Updating window title bar state: overlay mode, drag disabled, window buttons hidden, title bar hidden
[2019.01.27-05.40.30:911][ 77]LogPlayLevel: Display: Destroying online subsystem :Context_22
[2019.01.27-05.40.32:300][223]LogEditorViewport: Clicking on Actor (LMB): StaticMeshActor (Garden_Base)
[2019.01.27-05.40.32:796][258]LogEditorViewport: Clicking on Actor (LMB): NavigationNode_BP_Crawling_C (NavigationNode_BP_Crawling4)
[2019.01.27-05.40.35:615][575]LogSlate: FSceneViewport::OnFocusLost() reason 2
[2019.01.27-05.40.36:143][575]LogSavePackage: Moving '../../../../../../Users/w017177h.STUDENT/Documents/Github/GGJ2019/GGJ2019/Saved/JohnFinalLevel4173B4264F63F40D633FE68A0D585579.tmp' to '../../../../../../Users/w017177h.STUDENT/Documents/Github/GGJ2019/GGJ2019/Content/StarterContent/Maps/JohnFinalLevel.umap'
[2019.01.27-05.40.49:990][617]Candidate modules for hot reload:
[2019.01.27-05.40.49:990][617]  GGJ2019
[2019.01.27-05.40.49:991][617]Launching UnrealBuildTool... [C:/Epic/UE4/UE_4.20/Engine/Binaries/DotNET/UnrealBuildTool.exe  -ModuleWithSuffix=GGJ2019,5795 Win64 Development -TargetType=Editor -Project="../../../../../../Users/w017177h.STUDENT/Documents/Github/GGJ2019/GGJ2019/GGJ2019.uproject" -canskiplink "C:/Users/w017177h.STUDENT/Documents/Github/GGJ2019/GGJ2019/GGJ2019.uproject" ]
[2019.01.27-05.40.49:995][617]Warning: Starting HotReload took  0.0s.
[2019.01.27-05.41.23:273][314]CompilerResultsLog: New page: Compilation - 27 Jan 2019 05:41:23
[2019.01.27-05.41.23:273][314]CompilerResultsLog: Using 'git status' to determine working set for adaptive non-unity build.
[2019.01.27-05.41.23:273][314]CompilerResultsLog: Compiling game modules for hot reload
[2019.01.27-05.41.23:274][314]CompilerResultsLog: Parsing headers for GGJ2019Editor
[2019.01.27-05.41.23:274][314]CompilerResultsLog:   Running UnrealHeaderTool "C:\Users\w017177h.STUDENT\Documents\Github\GGJ2019\GGJ2019\GGJ2019.uproject" "C:\Users\w017177h.STUDENT\Documents\Github\GGJ2019\GGJ2019\Intermediate\Build\Win64\GGJ2019Editor\Development\GGJ2019Editor.uhtmanifest" -LogCmds="loginit warning, logexit warning, logdatabase error" -Unattended -WarningsAsErrors -installed
[2019.01.27-05.41.23:274][314]CompilerResultsLog: Reflection code generated for GGJ2019Editor in 12.6860166 seconds
[2019.01.27-05.41.23:274][314]CompilerResultsLog: Building 10 actions with 8 processes...
[2019.01.27-05.41.23:274][314]CompilerResultsLog:   [1/10] Pickup_Weapon.gen.cpp
[2019.01.27-05.41.23:274][314]CompilerResultsLog:   [2/10] UI_Manager.cpp
[2019.01.27-05.41.23:274][314]CompilerResultsLog:   [3/10] Enemy_Base.cpp
[2019.01.27-05.41.23:274][314]CompilerResultsLog:   [4/10] Pickup_Weapon.cpp
[2019.01.27-05.41.23:274][314]CompilerResultsLog:   [5/10] Enemy_Base.gen.cpp
[2019.01.27-05.41.23:275][314]CompilerResultsLog:   [6/10] EnemySpawner_Base.cpp
[2019.01.27-05.41.23:275][314]CompilerResultsLog:   [7/10] Player_Base.gen.cpp
[2019.01.27-05.41.23:275][314]CompilerResultsLog:   [8/10] Player_Base.cpp
[2019.01.27-05.41.23:275][314]CompilerResultsLog:   [9/10] UE4Editor-GGJ2019-5795.lib
[2019.01.27-05.41.23:275][314]CompilerResultsLog:      Creating library C:\Users\w017177h.STUDENT\Documents\Github\GGJ2019\GGJ2019\Intermediate\Build\Win64\UE4Editor\Development\GGJ2019\UE4Editor-GGJ2019-5795.lib and object C:\Users\w017177h.STUDENT\Documents\Github\GGJ2019\GGJ2019\Intermediate\Build\Win64\UE4Editor\Development\GGJ2019\UE4Editor-GGJ2019-5795.exp
[2019.01.27-05.41.23:275][314]CompilerResultsLog:   [10/10] UE4Editor-GGJ2019-5795.dll
[2019.01.27-05.41.23:275][314]CompilerResultsLog:      Creating library C:\Users\w017177h.STUDENT\Documents\Github\GGJ2019\GGJ2019\Intermediate\Build\Win64\UE4Editor\Development\GGJ2019\UE4Editor-GGJ2019-5795.suppressed.lib and object C:\Users\w017177h.STUDENT\Documents\Github\GGJ2019\GGJ2019\Intermediate\Build\Win64\UE4Editor\Development\GGJ2019\UE4Editor-GGJ2019-5795.suppressed.exp
[2019.01.27-05.41.23:275][314]CompilerResultsLog: Total build time: 32.93 seconds (Parallel executor: 16.39 seconds)
[2019.01.27-05.41.23:275][314]LogMainFrame: MainFrame: Module compiling took 33.293 seconds
[2019.01.27-05.41.23:372][314]LogClass: WeaponType HotReload.
[2019.01.27-05.41.23:372][314]LogClass: FoodTypes HotReload.
[2019.01.27-05.41.23:380][314]LogContentBrowser: Native class hierarchy updated for 'GGJ2019' in 0.0006 seconds. Added 13 classes and 3 folders.
[2019.01.27-05.41.23:384][314]Display: HotReload successful (27 functions remapped  0 scriptstructs remapped)
[2019.01.27-05.41.23:880][314]LogContentBrowser: Native class hierarchy populated in 0.0144 seconds. Added 2587 classes and 610 folders.
[2019.01.27-05.41.23:881][314]Display: HotReload took 33.9s.
[2019.01.27-05.41.32:167][260]LogTemp: Repeating last play command: Selected Viewport
[2019.01.27-05.41.32:192][260]LogPlayLevel: PlayLevel: No blueprints needed recompiling
[2019.01.27-05.41.32:192][260]PIE: New page: PIE session: JohnFinalLevel (27 Jan 2019 05:41:32)
[2019.01.27-05.41.32:192][260]LogPlayLevel: Creating play world package: /Game/StarterContent/Maps/UEDPIE_0_JohnFinalLevel
[2019.01.27-05.41.32:216][260]LogPlayLevel: PIE: StaticDuplicateObject took: (0.023794s)
[2019.01.27-05.41.32:217][260]LogAIModule: Creating AISystem for world JohnFinalLevel
[2019.01.27-05.41.32:217][260]LogPlayLevel: PIE: World Init took: (0.000817s)
[2019.01.27-05.41.32:217][260]LogPlayLevel: PIE: Created PIE world by copying editor world from /Game/StarterContent/Maps/JohnFinalLevel.JohnFinalLevel to /Game/StarterContent/Maps/UEDPIE_0_JohnFinalLevel.JohnFinalLevel (0.024968s)
[2019.01.27-05.41.32:279][260]LogInit: XAudio2 using 'Headset Earphone (2- Razer ManO'War)' : 2 channels at 48 kHz using 16 bits per sample (channel mask 0x3)
[2019.01.27-05.41.32:289][260]LogInit: FAudioDevice initialized.
[2019.01.27-05.41.32:327][260]LogLoad: Game class is 'GGJ2019GM_C'
[2019.01.27-05.41.32:336][260]LogWorld: Bringing World /Game/StarterContent/Maps/UEDPIE_0_JohnFinalLevel.JohnFinalLevel up for play (max tick rate 0) at 2019.01.27-05.41.32
[2019.01.27-05.41.32:340][260]LogWorld: Bringing up level for play took: 0.012018
[2019.01.27-05.41.32:358][260]PIE: Play in editor start time for /Game/StarterContent/Maps/UEDPIE_0_JohnFinalLevel 0.099
[2019.01.27-05.41.34:752][532]LogSlate: FSceneViewport::OnFocusLost() reason 2
[2019.01.27-05.41.38:687][972]LogEditorViewport: Clicking on Actor (context menu): StaticMeshActor (Wall_Small_Corner5)
[2019.01.27-05.41.38:751][972]LogSlate: FSceneViewport::OnFocusLost() reason 2
[2019.01.27-05.41.40:599][124]LogEditorViewport: Clicking on Actor (LMB): BP_Sky_Sphere_C (BP_Sky_Sphere)
[2019.01.27-05.41.52:718][264]LogActor: Warning: Pickup_BP_Food_C /Game/StarterContent/Maps/UEDPIE_0_JohnFinalLevel.JohnFinalLevel:PersistentLevel.Pickup_BP_Food_C_0 has natively added scene component(s), but none of them were set as the actor's RootComponent - picking one arbitrarily
[2019.01.27-05.41.54:174][399]LogActor: Warning: Pickup_BP_Food_C /Game/StarterContent/Maps/UEDPIE_0_JohnFinalLevel.JohnFinalLevel:PersistentLevel.Pickup_BP_Food_C_1 has natively added scene component(s), but none of them were set as the actor's RootComponent - picking one arbitrarily
[2019.01.27-05.41.54:484][429]LogActor: Warning: Pickup_BP_Food_C /Game/StarterContent/Maps/UEDPIE_0_JohnFinalLevel.JohnFinalLevel:PersistentLevel.Pickup_BP_Food_C_2 has natively added scene component(s), but none of them were set as the actor's RootComponent - picking one arbitrarily
[2019.01.27-05.41.55:185][489]LogActor: Warning: Pickup_BP_Food_C /Game/StarterContent/Maps/UEDPIE_0_JohnFinalLevel.JohnFinalLevel:PersistentLevel.Pickup_BP_Food_C_3 has natively added scene component(s), but none of them were set as the actor's RootComponent - picking one arbitrarily
[2019.01.27-05.41.55:396][509]LogActor: Warning: Pickup_BP_Food_C /Game/StarterContent/Maps/UEDPIE_0_JohnFinalLevel.JohnFinalLevel:PersistentLevel.Pickup_BP_Food_C_4 has natively added scene component(s), but none of them were set as the actor's RootComponent - picking one arbitrarily
[2019.01.27-05.41.58:610][807]LogSlate: FSceneViewport::OnFocusLost() reason 0
[2019.01.27-05.41.58:711][818]LogSlate: Updating window title bar state: overlay mode, drag disabled, window buttons hidden, title bar hidden
[2019.01.27-05.41.58:749][818]LogPlayLevel: Display: Shutting down PIE online subsystems
[2019.01.27-05.41.58:787][818]LogSlate: Updating window title bar state: overlay mode, drag disabled, window buttons hidden, title bar hidden
[2019.01.27-05.41.58:809][819]LogPlayLevel: Display: Destroying online subsystem :Context_25
[2019.01.27-05.42.01:332][111]LogSlate: FSceneViewport::OnFocusLost() reason 2
[2019.01.27-05.42.01:870][111]LogSavePackage: Moving '../../../../../../Users/w017177h.STUDENT/Documents/Github/GGJ2019/GGJ2019/Saved/JohnFinalLevelC398E83D496129B90274D6873DB32B08.tmp' to '../../../../../../Users/w017177h.STUDENT/Documents/Github/GGJ2019/GGJ2019/Content/StarterContent/Maps/JohnFinalLevel.umap'
[2019.01.27-05.42.02:592][182]LogSlate: FSceneViewport::OnFocusLost() reason 2
[2019.01.27-05.42.03:110][182]LogSavePackage: Moving '../../../../../../Users/w017177h.STUDENT/Documents/Github/GGJ2019/GGJ2019/Saved/JohnFinalLevelC2D86F744A5CC86FDBD120A076D52575.tmp' to '../../../../../../Users/w017177h.STUDENT/Documents/Github/GGJ2019/GGJ2019/Content/StarterContent/Maps/JohnFinalLevel.umap'
[2019.01.27-05.42.04:018][266]LogSlate: FSceneViewport::OnFocusLost() reason 2
[2019.01.27-05.42.04:560][266]LogSavePackage: Moving '../../../../../../Users/w017177h.STUDENT/Documents/Github/GGJ2019/GGJ2019/Saved/JohnFinalLevel497140AB49504AE301C0F2B7E01B2876.tmp' to '../../../../../../Users/w017177h.STUDENT/Documents/Github/GGJ2019/GGJ2019/Content/StarterContent/Maps/JohnFinalLevel.umap'
[2019.01.27-05.42.16:541][897]LogSlate: FSceneViewport::OnFocusLost() reason 0
[2019.01.27-05.42.16:682][897]Candidate modules for hot reload:
[2019.01.27-05.42.16:683][897]  GGJ2019
[2019.01.27-05.42.16:683][897]Launching UnrealBuildTool... [C:/Epic/UE4/UE_4.20/Engine/Binaries/DotNET/UnrealBuildTool.exe  -ModuleWithSuffix=GGJ2019,6996 Win64 Development -TargetType=Editor -Project="../../../../../../Users/w017177h.STUDENT/Documents/Github/GGJ2019/GGJ2019/GGJ2019.uproject" -canskiplink "C:/Users/w017177h.STUDENT/Documents/Github/GGJ2019/GGJ2019/GGJ2019.uproject" ]
[2019.01.27-05.42.16:693][897]Warning: Starting HotReload took  0.0s.
[2019.01.27-05.42.18:317][ 78]LogSlate: FSceneViewport::OnFocusLost() reason 2
[2019.01.27-05.42.18:847][ 78]LogSavePackage: Moving '../../../../../../Users/w017177h.STUDENT/Documents/Github/GGJ2019/GGJ2019/Saved/JohnFinalLevelC56DC15D4FBB283DD91D1F93D4BA1271.tmp' to '../../../../../../Users/w017177h.STUDENT/Documents/Github/GGJ2019/GGJ2019/Content/StarterContent/Maps/JohnFinalLevel.umap'
[2019.01.27-05.42.23:259][574]CompilerResultsLog: New page: Compilation - 27 Jan 2019 05:42:23
[2019.01.27-05.42.23:260][574]CompilerResultsLog: Using 'git status' to determine working set for adaptive non-unity build.
[2019.01.27-05.42.23:260][574]CompilerResultsLog: Compiling game modules for hot reload
[2019.01.27-05.42.23:260][574]CompilerResultsLog: Building 3 actions with 8 processes...
[2019.01.27-05.42.23:260][574]CompilerResultsLog:   [1/3] Enemy_Base.cpp
[2019.01.27-05.42.23:260][574]CompilerResultsLog:   [2/3] UE4Editor-GGJ2019-6996.lib
[2019.01.27-05.42.23:260][574]CompilerResultsLog:      Creating library C:\Users\w017177h.STUDENT\Documents\Github\GGJ2019\GGJ2019\Intermediate\Build\Win64\UE4Editor\Development\GGJ2019\UE4Editor-GGJ2019-6996.lib and object C:\Users\w017177h.STUDENT\Documents\Github\GGJ2019\GGJ2019\Intermediate\Build\Win64\UE4Editor\Development\GGJ2019\UE4Editor-GGJ2019-6996.exp
[2019.01.27-05.42.23:260][574]CompilerResultsLog:   [3/3] UE4Editor-GGJ2019-6996.dll
[2019.01.27-05.42.23:260][574]CompilerResultsLog:      Creating library C:\Users\w017177h.STUDENT\Documents\Github\GGJ2019\GGJ2019\Intermediate\Build\Win64\UE4Editor\Development\GGJ2019\UE4Editor-GGJ2019-6996.suppressed.lib and object C:\Users\w017177h.STUDENT\Documents\Github\GGJ2019\GGJ2019\Intermediate\Build\Win64\UE4Editor\Development\GGJ2019\UE4Editor-GGJ2019-6996.suppressed.exp
[2019.01.27-05.42.23:260][574]CompilerResultsLog: Total build time: 6.21 seconds (Parallel executor: 2.73 seconds)
[2019.01.27-05.42.23:260][574]LogMainFrame: MainFrame: Module compiling took 6.586 seconds
[2019.01.27-05.42.23:363][574]LogClass: WeaponType HotReload.
[2019.01.27-05.42.23:363][574]LogClass: FoodTypes HotReload.
[2019.01.27-05.42.23:372][574]LogContentBrowser: Native class hierarchy updated for 'GGJ2019' in 0.0005 seconds. Added 13 classes and 3 folders.
[2019.01.27-05.42.23:377][574]Display: HotReload successful (27 functions remapped  0 scriptstructs remapped)
[2019.01.27-05.42.23:757][574]LogContentBrowser: Native class hierarchy populated in 0.0100 seconds. Added 2587 classes and 610 folders.
[2019.01.27-05.42.23:757][574]Display: HotReload took  7.1s.
[2019.01.27-05.42.25:427][724]LogSlate: FSceneViewport::OnFocusLost() reason 0
[2019.01.27-05.42.25:502][733]LogTemp: Repeating last play command: Selected Viewport
[2019.01.27-05.42.25:526][733]LogPlayLevel: PlayLevel: No blueprints needed recompiling
[2019.01.27-05.42.25:526][733]PIE: New page: PIE session: JohnFinalLevel (27 Jan 2019 05:42:25)
[2019.01.27-05.42.25:527][733]LogPlayLevel: Creating play world package: /Game/StarterContent/Maps/UEDPIE_0_JohnFinalLevel
[2019.01.27-05.42.25:550][733]LogPlayLevel: PIE: StaticDuplicateObject took: (0.023235s)
[2019.01.27-05.42.25:551][733]LogAIModule: Creating AISystem for world JohnFinalLevel
[2019.01.27-05.42.25:552][733]LogPlayLevel: PIE: World Init took: (0.001533s)
[2019.01.27-05.42.25:552][733]LogPlayLevel: PIE: Created PIE world by copying editor world from /Game/StarterContent/Maps/JohnFinalLevel.JohnFinalLevel to /Game/StarterContent/Maps/UEDPIE_0_JohnFinalLevel.JohnFinalLevel (0.025333s)
[2019.01.27-05.42.25:634][733]LogInit: XAudio2 using 'Headset Earphone (2- Razer ManO'War)' : 2 channels at 48 kHz using 16 bits per sample (channel mask 0x3)
[2019.01.27-05.42.25:645][733]LogInit: FAudioDevice initialized.
[2019.01.27-05.42.25:680][733]LogLoad: Game class is 'GGJ2019GM_C'
[2019.01.27-05.42.25:687][733]LogWorld: Bringing World /Game/StarterContent/Maps/UEDPIE_0_JohnFinalLevel.JohnFinalLevel up for play (max tick rate 0) at 2019.01.27-05.42.25
[2019.01.27-05.42.25:695][733]LogWorld: Bringing up level for play took: 0.014737
[2019.01.27-05.42.25:711][733]PIE: Play in editor start time for /Game/StarterContent/Maps/UEDPIE_0_JohnFinalLevel -0.549
[2019.01.27-05.42.26:718][843]LogSlate: FSceneViewport::OnFocusLost() reason 2
[2019.01.27-05.42.27:890][979]LogSlate: FSceneViewport::OnFocusLost() reason 2
[2019.01.27-05.42.43:058][737]LogActor: Warning: Pickup_BP_Food_C /Game/StarterContent/Maps/UEDPIE_0_JohnFinalLevel.JohnFinalLevel:PersistentLevel.Pickup_BP_Food_C_0 has natively added scene component(s), but none of them were set as the actor's RootComponent - picking one arbitrarily
[2019.01.27-05.42.44:224][872]LogActor: Warning: Pickup_BP_Food_C /Game/StarterContent/Maps/UEDPIE_0_JohnFinalLevel.JohnFinalLevel:PersistentLevel.Pickup_BP_Food_C_1 has natively added scene component(s), but none of them were set as the actor's RootComponent - picking one arbitrarily
[2019.01.27-05.42.44:480][902]LogActor: Warning: Pickup_BP_Food_C /Game/StarterContent/Maps/UEDPIE_0_JohnFinalLevel.JohnFinalLevel:PersistentLevel.Pickup_BP_Food_C_2 has natively added scene component(s), but none of them were set as the actor's RootComponent - picking one arbitrarily
[2019.01.27-05.42.45:164][982]LogActor: Warning: Pickup_BP_Food_C /Game/StarterContent/Maps/UEDPIE_0_JohnFinalLevel.JohnFinalLevel:PersistentLevel.Pickup_BP_Food_C_3 has natively added scene component(s), but none of them were set as the actor's RootComponent - picking one arbitrarily
[2019.01.27-05.42.46:440][131]LogActor: Warning: Pickup_BP_Food_C /Game/StarterContent/Maps/UEDPIE_0_JohnFinalLevel.JohnFinalLevel:PersistentLevel.Pickup_BP_Food_C_4 has natively added scene component(s), but none of them were set as the actor's RootComponent - picking one arbitrarily
[2019.01.27-05.42.48:484][348]LogSlate: Updating window title bar state: overlay mode, drag disabled, window buttons hidden, title bar hidden
[2019.01.27-05.42.48:527][348]LogPlayLevel: Display: Shutting down PIE online subsystems
[2019.01.27-05.42.48:568][348]LogSlate: Updating window title bar state: overlay mode, drag disabled, window buttons hidden, title bar hidden
[2019.01.27-05.42.48:611][349]LogPlayLevel: Display: Destroying online subsystem :Context_26
[2019.01.27-05.43.02:238][628]LogSlate: FSceneViewport::OnFocusLost() reason 2
[2019.01.27-05.43.02:794][628]LogSavePackage: Moving '../../../../../../Users/w017177h.STUDENT/Documents/Github/GGJ2019/GGJ2019/Saved/JohnFinalLevel94BE4066414446F0ADB9F6AA3DA232F9.tmp' to '../../../../../../Users/w017177h.STUDENT/Documents/Github/GGJ2019/GGJ2019/Content/StarterContent/Maps/JohnFinalLevel.umap'
[2019.01.27-05.43.04:318][774]LogSlate: FSceneViewport::OnFocusLost() reason 2
[2019.01.27-05.43.04:850][774]LogSavePackage: Moving '../../../../../../Users/w017177h.STUDENT/Documents/Github/GGJ2019/GGJ2019/Saved/JohnFinalLevelB85728F347A14F262F637A8E01F3E9C4.tmp' to '../../../../../../Users/w017177h.STUDENT/Documents/Github/GGJ2019/GGJ2019/Content/StarterContent/Maps/JohnFinalLevel.umap'
[2019.01.27-05.43.07:858][891]LogEditorViewport: Clicking on Actor (LMB): StaticMeshActor (Garden_Base)
[2019.01.27-05.43.07:969][891]LogSlate: FSceneViewport::OnFocusLost() reason 2
[2019.01.27-05.43.08:555][891]LogSavePackage: Moving '../../../../../../Users/w017177h.STUDENT/Documents/Github/GGJ2019/GGJ2019/Saved/JohnFinalLevel35183951431C919F6E5BA0BBD267981C.tmp' to '../../../../../../Users/w017177h.STUDENT/Documents/Github/GGJ2019/GGJ2019/Content/StarterContent/Maps/JohnFinalLevel.umap'
[2019.01.27-05.43.10:241][ 47]LogEditorViewport: Clicking on Actor (LMB): BP_Sky_Sphere_C (BP_Sky_Sphere)
[2019.01.27-05.43.10:944][117]LogSlate: FSceneViewport::OnFocusLost() reason 2
[2019.01.27-05.43.11:528][117]LogSavePackage: Moving '../../../../../../Users/w017177h.STUDENT/Documents/Github/GGJ2019/GGJ2019/Saved/JohnFinalLevelCF60E5CE4758E4623E83FB954D5CBA38.tmp' to '../../../../../../Users/w017177h.STUDENT/Documents/Github/GGJ2019/GGJ2019/Content/StarterContent/Maps/JohnFinalLevel.umap'
[2019.01.27-05.43.13:496][274]LogSlate: FSceneViewport::OnFocusLost() reason 0
[2019.01.27-05.43.14:278][346]LogSavePackage: Moving '../../../../../../Users/w017177h.STUDENT/Documents/Github/GGJ2019/GGJ2019/Saved/DimplesAnimationController7F0F5FA548107B85638DA4B553E78FB2.tmp' to '../../../../../../Users/w017177h.STUDENT/Documents/Github/GGJ2019/GGJ2019/Content/Animation/AnimationControllers/Dimples/DimplesAnimationController.uasset'
[2019.01.27-05.43.41:505][821]Candidate modules for hot reload:
[2019.01.27-05.43.41:505][821]  GGJ2019
[2019.01.27-05.43.41:506][821]Launching UnrealBuildTool... [C:/Epic/UE4/UE_4.20/Engine/Binaries/DotNET/UnrealBuildTool.exe  -ModuleWithSuffix=GGJ2019,2478 Win64 Development -TargetType=Editor -Project="../../../../../../Users/w017177h.STUDENT/Documents/Github/GGJ2019/GGJ2019/GGJ2019.uproject" -canskiplink "C:/Users/w017177h.STUDENT/Documents/Github/GGJ2019/GGJ2019/GGJ2019.uproject" ]
[2019.01.27-05.43.41:511][821]Warning: Starting HotReload took  0.0s.
[2019.01.27-05.43.47:826][888]CompilerResultsLog: New page: Compilation - 27 Jan 2019 05:43:47
[2019.01.27-05.43.47:826][888]CompilerResultsLog: Using 'git status' to determine working set for adaptive non-unity build.
[2019.01.27-05.43.47:827][888]CompilerResultsLog: Compiling game modules for hot reload
[2019.01.27-05.43.47:827][888]CompilerResultsLog: Building 3 actions with 8 processes...
[2019.01.27-05.43.47:827][888]CompilerResultsLog:   [1/3] Enemy_Base.cpp
[2019.01.27-05.43.47:827][888]CompilerResultsLog:   [2/3] UE4Editor-GGJ2019-2478.lib
[2019.01.27-05.43.47:828][888]CompilerResultsLog:      Creating library C:\Users\w017177h.STUDENT\Documents\Github\GGJ2019\GGJ2019\Intermediate\Build\Win64\UE4Editor\Development\GGJ2019\UE4Editor-GGJ2019-2478.lib and object C:\Users\w017177h.STUDENT\Documents\Github\GGJ2019\GGJ2019\Intermediate\Build\Win64\UE4Editor\Development\GGJ2019\UE4Editor-GGJ2019-2478.exp
[2019.01.27-05.43.47:828][888]CompilerResultsLog:   [3/3] UE4Editor-GGJ2019-2478.dll
[2019.01.27-05.43.47:828][888]CompilerResultsLog:      Creating library C:\Users\w017177h.STUDENT\Documents\Github\GGJ2019\GGJ2019\Intermediate\Build\Win64\UE4Editor\Development\GGJ2019\UE4Editor-GGJ2019-2478.suppressed.lib and object C:\Users\w017177h.STUDENT\Documents\Github\GGJ2019\GGJ2019\Intermediate\Build\Win64\UE4Editor\Development\GGJ2019\UE4Editor-GGJ2019-2478.suppressed.exp
[2019.01.27-05.43.47:828][888]CompilerResultsLog: Total build time: 5.68 seconds (Parallel executor: 2.40 seconds)
[2019.01.27-05.43.47:828][888]LogMainFrame: MainFrame: Module compiling took 6.332 seconds
[2019.01.27-05.43.47:999][888]LogClass: WeaponType HotReload.
[2019.01.27-05.43.47:999][888]LogClass: FoodTypes HotReload.
[2019.01.27-05.43.48:015][888]LogContentBrowser: Native class hierarchy updated for 'GGJ2019' in 0.0012 seconds. Added 13 classes and 3 folders.
[2019.01.27-05.43.48:021][888]Display: HotReload successful (27 functions remapped  0 scriptstructs remapped)
[2019.01.27-05.43.48:412][888]LogContentBrowser: Native class hierarchy populated in 0.0099 seconds. Added 2587 classes and 610 folders.
[2019.01.27-05.43.48:412][888]Display: HotReload took  6.9s.
[2019.01.27-05.43.50:093][893]LogTemp: Repeating last play command: Selected Viewport
[2019.01.27-05.43.50:127][893]LogPlayLevel: PlayLevel: No blueprints needed recompiling
[2019.01.27-05.43.50:127][893]PIE: New page: PIE session: JohnFinalLevel (27 Jan 2019 05:43:50)
[2019.01.27-05.43.50:127][893]LogPlayLevel: Creating play world package: /Game/StarterContent/Maps/UEDPIE_0_JohnFinalLevel
[2019.01.27-05.43.50:167][893]LogPlayLevel: PIE: StaticDuplicateObject took: (0.039552s)
[2019.01.27-05.43.50:169][893]LogAIModule: Creating AISystem for world JohnFinalLevel
[2019.01.27-05.43.50:169][893]LogPlayLevel: PIE: World Init took: (0.001823s)
[2019.01.27-05.43.50:170][893]LogPlayLevel: PIE: Created PIE world by copying editor world from /Game/StarterContent/Maps/JohnFinalLevel.JohnFinalLevel to /Game/StarterContent/Maps/UEDPIE_0_JohnFinalLevel.JohnFinalLevel (0.042134s)
[2019.01.27-05.43.50:255][893]LogInit: XAudio2 using 'Headset Earphone (2- Razer ManO'War)' : 2 channels at 48 kHz using 16 bits per sample (channel mask 0x3)
[2019.01.27-05.43.50:268][893]LogInit: FAudioDevice initialized.
[2019.01.27-05.43.50:309][893]LogLoad: Game class is 'GGJ2019GM_C'
[2019.01.27-05.43.50:318][893]LogWorld: Bringing World /Game/StarterContent/Maps/UEDPIE_0_JohnFinalLevel.JohnFinalLevel up for play (max tick rate 0) at 2019.01.27-05.43.50
[2019.01.27-05.43.50:324][893]LogWorld: Bringing up level for play took: 0.013513
[2019.01.27-05.43.50:342][893]PIE: Play in editor start time for /Game/StarterContent/Maps/UEDPIE_0_JohnFinalLevel 0.083
[2019.01.27-05.43.51:733][ 35]LogSlate: FSceneViewport::OnFocusLost() reason 2
[2019.01.27-05.44.01:579][147]LogSlate: Updating window title bar state: overlay mode, drag disabled, window buttons hidden, title bar hidden
[2019.01.27-05.44.01:623][147]LogPlayLevel: Display: Shutting down PIE online subsystems
[2019.01.27-05.44.01:655][147]LogSlate: Updating window title bar state: overlay mode, drag disabled, window buttons hidden, title bar hidden
[2019.01.27-05.44.01:685][148]LogPlayLevel: Display: Destroying online subsystem :Context_27
[2019.01.27-05.44.26:961][335]LogSlate: FSceneViewport::OnFocusLost() reason 0
[2019.01.27-05.44.36:149][508]LogSlate: Window 'Save Content' being destroyed
[2019.01.27-05.44.36:166][508]LogSlate: FSceneViewport::OnFocusLost() reason 2
[2019.01.27-05.44.36:173][508]Cmd: OBJ SAVEPACKAGE PACKAGE="/Game/NavigationNode_BP_Crawling" FILE="../../../../../../Users/w017177h.STUDENT/Documents/Github/GGJ2019/GGJ2019/Content/NavigationNode_BP_Crawling.uasset" SILENT=true
[2019.01.27-05.44.36:195][508]LogSavePackage: Moving '../../../../../../Users/w017177h.STUDENT/Documents/Github/GGJ2019/GGJ2019/Saved/NavigationNode_BP_Crawling63751F1C4E1E8B56751C878838499CC9.tmp' to '../../../../../../Users/w017177h.STUDENT/Documents/Github/GGJ2019/GGJ2019/Content/NavigationNode_BP_Crawling.uasset'
[2019.01.27-05.44.36:360][508]LogSlate: Window 'GGJ2019 - Unreal Editor' being destroyed
[2019.01.27-05.44.36:361][508]LogWindowsTextInputMethodSystem: Display: IME system now deactivated.
[2019.01.27-05.44.36:581][509]Cmd: QUIT_EDITOR
[2019.01.27-05.44.36:614][509]LogExit: Preparing to exit.
[2019.01.27-05.44.37:411][509]LogDirectoryWatcher: A directory notification failed for 'C:/Users/w017177h.STUDENT/Documents/Github/GGJ2019/GGJ2019/Content/', and we were unable to create a new request.
[2019.01.27-05.44.37:476][509]LogExit: Editor shut down
[2019.01.27-05.44.37:476][509]LogExit: Transaction tracking system shut down
[2019.01.27-05.44.38:182][509]LogExit: Object subsystem successfully closed.
[2019.01.27-05.44.38:246][509]LogShaderCompilers: Display: Shaders left to compile 0
[2019.01.27-05.44.38:252][509]LogD3D11RHI: Shutdown
[2019.01.27-05.44.38:252][509]LogD3D11RHI: CleanupD3DDevice
[2019.01.27-05.44.38:257][509]LogD3D11RHI: ~FD3D11DynamicRHI
