Log file open, 01/26/19 05:59:30
LogWindows: Failed to load 'aqProf.dll' (GetLastError=126)
LogWindows: File 'aqProf.dll' does not exist
LogWindows: Failed to load 'VSPerf140.dll' (GetLastError=126)
LogWindows: File 'VSPerf140.dll' does not exist
LogWindows: Failed to load 'VtuneApi.dll' (GetLastError=126)
LogWindows: File 'VtuneApi.dll' does not exist
LogWindows: Failed to load 'VtuneApi32e.dll' (GetLastError=126)
LogWindows: File 'VtuneApi32e.dll' does not exist
LogInit: Display: Running engine for game: GGJ2019
LogPlatformFile: Not using cached read wrapper
LogTaskGraph: Started task graph with 5 named threads and 23 total threads with 3 sets of task threads.
LogStats: Stats thread started at 0.597407
LogD3D11RHI: Loaded GFSDK_Aftermath_Lib.x64.dll
LogICUInternationalization: Display: ICU TimeZone Detection - Raw Offset: +0:00, Platform Override: ''
LogPluginManager: Mounting plugin Paper2D
LogPluginManager: Mounting plugin AISupport
LogPluginManager: Mounting plugin LightPropagationVolume
LogPluginManager: Mounting plugin CLionSourceCodeAccess
LogPluginManager: Mounting plugin CodeLiteSourceCodeAccess
LogPluginManager: Mounting plugin GitSourceControl
LogPluginManager: Mounting plugin KDevelopSourceCodeAccess
LogPluginManager: Mounting plugin NullSourceCodeAccess
LogPluginManager: Mounting plugin PerforceSourceControl
LogPluginManager: Mounting plugin SubversionSourceControl
LogPluginManager: Mounting plugin UObjectPlugin
LogPluginManager: Mounting plugin VisualStudioCodeSourceCodeAccess
LogPluginManager: Mounting plugin VisualStudioSourceCodeAccess
LogPluginManager: Mounting plugin XCodeSourceCodeAccess
LogPluginManager: Mounting plugin AssetManagerEditor
LogPluginManager: Mounting plugin CryptoKeys
LogPluginManager: Mounting plugin DataValidation
LogPluginManager: Mounting plugin FacialAnimation
LogPluginManager: Mounting plugin GameplayTagsEditor
LogPluginManager: Mounting plugin MacGraphicsSwitching
LogPluginManager: Mounting plugin MeshEditor
LogPluginManager: Mounting plugin MobileLauncherProfileWizard
LogPluginManager: Mounting plugin PluginBrowser
LogPluginManager: Mounting plugin SpeedTreeImporter
LogPluginManager: Mounting plugin DatasmithContent
LogPluginManager: Mounting plugin AlembicImporter
LogPluginManager: Mounting plugin AppleImageUtils
LogPluginManager: Mounting plugin AppleVision
LogPluginManager: Mounting plugin BackChannel
LogPluginManager: Mounting plugin CharacterAI
LogPluginManager: Mounting plugin GeometryCache
LogPluginManager: Mounting plugin HTML5Networking
LogPluginManager: Mounting plugin ProxyLODPlugin
LogPluginManager: Mounting plugin MagicLeap
LogPluginManager: Mounting plugin MagicLeapEmulator
LogPluginManager: Mounting plugin MagicLeapMedia
LogPluginManager: Mounting plugin AndroidMedia
LogPluginManager: Mounting plugin AvfMedia
LogPluginManager: Mounting plugin ImgMedia
LogPluginManager: Mounting plugin LinearTimecode
LogPluginManager: Mounting plugin MediaCompositing
LogPluginManager: Mounting plugin MediaPlayerEditor
LogPluginManager: Mounting plugin WmfMedia
LogPluginManager: Mounting plugin TcpMessaging
LogPluginManager: Mounting plugin UdpMessaging
LogPluginManager: Mounting plugin ActorSequence
LogPluginManager: Mounting plugin LevelSequenceEditor
LogPluginManager: Mounting plugin MatineeToLevelSequence
LogPluginManager: Mounting plugin NetcodeUnitTest
LogPluginManager: Mounting plugin NUTUnrealEngine4
LogPluginManager: Mounting plugin OnlineSubsystemGooglePlay
LogPluginManager: Mounting plugin OnlineSubsystemIOS
LogPluginManager: Mounting plugin OnlineSubsystem
LogPluginManager: Mounting plugin OnlineSubsystemNull
LogPluginManager: Mounting plugin OnlineSubsystemUtils
LogPluginManager: Mounting plugin LauncherChunkInstaller
LogPluginManager: Mounting plugin AndroidDeviceProfileSelector
LogPluginManager: Mounting plugin AndroidMoviePlayer
LogPluginManager: Mounting plugin AndroidPermission
LogPluginManager: Mounting plugin AppleMoviePlayer
LogPluginManager: Mounting plugin ArchVisCharacter
LogPluginManager: Mounting plugin AudioCapture
LogPluginManager: Mounting plugin CableComponent
LogPluginManager: Mounting plugin CustomMeshComponent
LogPluginManager: Mounting plugin EditableMesh
LogPluginManager: Mounting plugin ExampleDeviceProfileSelector
LogPluginManager: Mounting plugin GoogleCloudMessaging
LogPluginManager: Mounting plugin ImmediatePhysics
LogPluginManager: Mounting plugin IOSDeviceProfileSelector
LogPluginManager: Mounting plugin LinuxDeviceProfileSelector
LogPluginManager: Mounting plugin LocationServicesBPLibrary
LogPluginManager: Mounting plugin MobilePatchingUtils
LogPluginManager: Mounting plugin OculusVR
LogPluginManager: Plugin shader directory ../../../Engine/Plugins/Runtime/Oculus/OculusVR/Shaders found
LogPluginManager: Mapping shader source directory ../../../Engine/Plugins/Runtime/Oculus/OculusVR/Shaders to virtual directory /Plugin/OculusVR
LogPluginManager: Mounting plugin PhysXVehicles
LogPluginManager: Mounting plugin ProceduralMeshComponent
LogPluginManager: Mounting plugin RuntimePhysXCooking
LogPluginManager: Mounting plugin SteamVR
LogPluginManager: Mounting plugin WindowsMoviePlayer
LogStreaming: Display: Took  0.317s to configure plugins.
LogInit: Using libcurl 7.55.1-DEV
LogInit:  - built for x86_64-pc-win32
LogInit:  - supports SSL with OpenSSL/1.0.2h
LogInit:  - supports HTTP deflate (compression) using libz 1.2.8
LogInit:  - other features:
LogInit:      CURL_VERSION_SSL
LogInit:      CURL_VERSION_LIBZ
LogInit:      CURL_VERSION_IPV6
LogInit:      CURL_VERSION_ASYNCHDNS
LogInit:      CURL_VERSION_LARGEFILE
LogInit:      CURL_VERSION_IDN
LogInit:  CurlRequestOptions (configurable via config and command line):
LogInit:  - bVerifyPeer = false  - Libcurl will NOT verify peer certificate
LogInit:  - bUseHttpProxy = false  - Libcurl will NOT use HTTP proxy
LogInit:  - bDontReuseConnections = false  - Libcurl will reuse connections
LogInit:  - CertBundlePath = nullptr  - Libcurl will use whatever was configured at build time.
LogInit:  - MaxHostConnections = 16  - Libcurl will limit the number of connections to a host
LogInit:  - LocalHostAddr = Default
LogInit:  - BufferSize = 65536
LogInit: WinSock: version 1.1 (2.2), MaxSocks=32767, MaxUdp=65467
LogInit: Build: ++UE4+Release-4.20-CL-4369336
LogInit: Engine Version: 4.20.3-4369336+++UE4+Release-4.20
LogInit: Compatible Engine Version: 4.20.0-4212847+++UE4+Release-4.20
LogInit: Net CL: 4212847
LogInit: OS: Windows 10 (), CPU: Intel(R) Xeon(R) CPU E5-1620 v3 @ 3.50GHz, GPU: NVIDIA GeForce GTX 970
LogInit: Compiled (64-bit): Sep 17 2018 12:26:19
LogInit: Compiled with Visual C++: 19.13.26129.00
LogInit: Build Configuration: Development
LogInit: Branch Name: ++UE4+Release-4.20
LogInit: Command Line:  -skipcompile
LogInit: Base Directory: C:/Epic/UE4/UE_4.20/Engine/Binaries/Win64/
LogInit: Installed Engine Build: 1
LogDevObjectVersion: Number of dev versions registered: 20
LogDevObjectVersion:   Dev-Blueprints (B0D832E4-1F89-4F0D-ACCF-7EB736FD4AA2): 10
LogDevObjectVersion:   Dev-Build (E1C64328-A22C-4D53-A36C-8E866417BD8C): 0
LogDevObjectVersion:   Dev-Core (375EC13C-06E4-48FB-B500-84F0262A717E): 2
LogDevObjectVersion:   Dev-Editor (E4B068ED-F494-42E9-A231-DA0B2E46BB41): 24
LogDevObjectVersion:   Dev-Framework (CFFC743F-43B0-4480-9391-14DF171D2073): 34
LogDevObjectVersion:   Dev-Mobile (B02B49B5-BB20-44E9-A304-32B752E40360): 2
LogDevObjectVersion:   Dev-Networking (A4E4105C-59A1-49B5-A7C5-40C4547EDFEE): 0
LogDevObjectVersion:   Dev-Online (39C831C9-5AE6-47DC-9A44-9C173E1C8E7C): 0
LogDevObjectVersion:   Dev-Physics (78F01B33-EBEA-4F98-B9B4-84EACCB95AA2): 0
LogDevObjectVersion:   Dev-Platform (6631380F-2D4D-43E0-8009-CF276956A95A): 0
LogDevObjectVersion:   Dev-Rendering (12F88B9F-8875-4AFC-A67C-D90C383ABD29): 26
LogDevObjectVersion:   Dev-Sequencer (7B5AE74C-D270-4C10-A958-57980B212A5A): 9
LogDevObjectVersion:   Dev-VR (D7296918-1DD6-4BDD-9DE2-64A83CC13884): 2
LogDevObjectVersion:   Dev-LoadTimes (C2A15278-BFE7-4AFE-6C17-90FF531DF755): 1
LogDevObjectVersion:   Private-Geometry (6EACA3D4-40EC-4CC1-B786-8BED09428FC5): 3
LogDevObjectVersion:   Dev-AnimPhys (29E575DD-E0A3-4627-9D10-D276232CDCEA): 17
LogDevObjectVersion:   Dev-ReflectionCapture (6B266CEC-1EC7-4B8F-A30B-E4D90942FC07): 1
LogDevObjectVersion:   Dev-Automation (0DF73D61-A23F-47EA-B727-89E90C41499A): 1
LogDevObjectVersion:   FortniteMain (601D1886-AC64-4F84-AA16-D3DE0DEAC7D6): 12
LogDevObjectVersion:   Dev-Enterprise (9DFFBCD6-494F-0158-E221-12823C92A888): 1
LogStreaming: Display: Took  0.011s to delete old logs.
LogInit: Presizing for max 8388607 objects, including 0 objects not considered by GC, pre-allocating 0 bytes for permanent pool.
LogInit: Object subsystem initialized
[2019.01.26-05.59.31:216][  0]LogInit: Selected Device Profile: [Windows]
[2019.01.26-05.59.31:216][  0]LogInit: Applying CVar settings loaded from the selected device profile: [Windows]
[2019.01.26-05.59.31:239][  0]LogHAL: Display: Platform has ~ 16 GB [17092038656 / 17179869184 / 16], which maps to Larger [LargestMinGB=32, LargerMinGB=12, DefaultMinGB=8, SmallerMinGB=6, SmallestMinGB=0)
[2019.01.26-05.59.31:239][  0]LogInit: Setting Device Profile CVar: [[r.Vulkan.UseRealUBs:1]]
[2019.01.26-05.59.31:239][  0]LogInit: Going up to parent DeviceProfile []
[2019.01.26-05.59.31:240][  0]LogInit: Computer: C115-11
[2019.01.26-05.59.31:240][  0]LogInit: User: w017177h
[2019.01.26-05.59.31:240][  0]LogInit: CPU Page size=4096, Cores=4
[2019.01.26-05.59.31:240][  0]LogInit: High frequency timer resolution =3.410072 MHz
[2019.01.26-05.59.31:241][  0]LogMemory: Memory total: Physical=15.9GB (16GB approx)
[2019.01.26-05.59.31:241][  0]LogMemory: Platform Memory Stats for Windows
[2019.01.26-05.59.31:241][  0]LogMemory: Process Physical Memory: 101.73 MB used, 101.73 MB peak
[2019.01.26-05.59.31:241][  0]LogMemory: Process Virtual Memory: 89.47 MB used, 89.47 MB peak
[2019.01.26-05.59.31:242][  0]LogMemory: Physical Memory: 6457.00 MB used,  9843.24 MB free, 16300.24 MB total
[2019.01.26-05.59.31:242][  0]LogMemory: Virtual Memory: 4638.79 MB used,  9843.24 MB free, 134217728.00 MB total
[2019.01.26-05.59.31:399][  0]LogInit: Using OS detected language (en-US).
[2019.01.26-05.59.31:399][  0]LogInit: Using OS detected locale (en-GB).
[2019.01.26-05.59.31:401][  0]LogTextLocalizationManager: No specific localization for 'en-US' exists, so the 'en' localization will be used.
[2019.01.26-05.59.31:851][  0]LogStreaming: Display: Took  0.453s to InitEngineTextLocalization.
[2019.01.26-05.59.31:852][  0]LogInit: Setting process to per monitor DPI aware
[2019.01.26-05.59.31:956][  0]LogSlate: New Slate User Created.  User Index 0, Is Virtual User: 0
[2019.01.26-05.59.31:956][  0]LogSlate: Slate User Registered.  User Index 0, Is Virtual User: 0
[2019.01.26-05.59.32:300][  0]LogHMD: Failed to initialize OpenVR with code 110
[2019.01.26-05.59.32:300][  0]LogD3D11RHI: D3D11 adapters:
[2019.01.26-05.59.32:397][  0]LogD3D11RHI:    0. 'NVIDIA GeForce GTX 970' (Feature Level 11_0)
[2019.01.26-05.59.32:397][  0]LogD3D11RHI:       4043/0/8150 MB DedicatedVideo/DedicatedSystem/SharedSystem, Outputs:2, VendorId:0x10de
[2019.01.26-05.59.32:403][  0]LogD3D11RHI:    1. 'Microsoft Basic Render Driver' (Feature Level 11_0)
[2019.01.26-05.59.32:403][  0]LogD3D11RHI:       0/0/8150 MB DedicatedVideo/DedicatedSystem/SharedSystem, Outputs:0, VendorId:0x1414
[2019.01.26-05.59.32:403][  0]LogD3D11RHI: Chosen D3D11 Adapter: 0
[2019.01.26-05.59.32:414][  0]LogD3D11RHI: Creating new Direct3DDevice
[2019.01.26-05.59.32:414][  0]LogD3D11RHI:     GPU DeviceId: 0x13c2 (for the marketing name, search the web for "GPU Device Id")
[2019.01.26-05.59.32:414][  0]LogWindows: EnumDisplayDevices:
[2019.01.26-05.59.32:414][  0]LogWindows:    0. 'NVIDIA GeForce GTX 970' (P:1 D:1)
[2019.01.26-05.59.32:415][  0]LogWindows:    1. 'NVIDIA GeForce GTX 970' (P:0 D:1)
[2019.01.26-05.59.32:415][  0]LogWindows:    2. 'NVIDIA GeForce GTX 970' (P:0 D:0)
[2019.01.26-05.59.32:416][  0]LogWindows:    3. 'NVIDIA GeForce GTX 970' (P:0 D:0)
[2019.01.26-05.59.32:416][  0]LogWindows: DebugString: FoundDriverCount:4 
[2019.01.26-05.59.32:416][  0]LogD3D11RHI:     Adapter Name: NVIDIA GeForce GTX 970
[2019.01.26-05.59.32:416][  0]LogD3D11RHI:   Driver Version: 398.82 (internal:24.21.13.9882, unified:398.82)
[2019.01.26-05.59.32:416][  0]LogD3D11RHI:      Driver Date: 7-30-2018
[2019.01.26-05.59.32:417][  0]LogRHI: Texture pool is 2830 MB (70% of 4043 MB)
[2019.01.26-05.59.32:480][  0]LogD3D11RHI: Async texture creation enabled
[2019.01.26-05.59.32:499][  0]LogD3D11RHI: GPU Timing Frequency: 1000.000000 (Debug: 2 2)
[2019.01.26-05.59.32:544][  0]LogShaderCompilers: Guid format shader working directory is -17 characters bigger than the processId version (../../../../../../Users/w017177h.STUDENT/Documents/Github/GGJ2019/GGJ2019/Intermediate/Shaders/WorkingDirectory/15272/).
[2019.01.26-05.59.32:544][  0]LogShaderCompilers: Cleaned the shader compiler working directory 'C:/Users/w017177h.STUDENT/AppData/Local/Temp/UnrealShaderWorkingDir/A2006D3E4D333E655DB43995CB5052B7/'.
[2019.01.26-05.59.32:977][  0]LogTemp: Display: Loaded TP AllDesktopTargetPlatform
[2019.01.26-05.59.32:999][  0]LogTemp: Display: Loaded TP MacClientTargetPlatform
[2019.01.26-05.59.33:025][  0]LogTemp: Display: Loaded TP MacNoEditorTargetPlatform
[2019.01.26-05.59.33:052][  0]LogTemp: Display: Loaded TP MacServerTargetPlatform
[2019.01.26-05.59.33:079][  0]LogTemp: Display: Loaded TP MacTargetPlatform
[2019.01.26-05.59.33:105][  0]LogTemp: Display: Loaded TP WindowsClientTargetPlatform
[2019.01.26-05.59.33:131][  0]LogTemp: Display: Loaded TP WindowsNoEditorTargetPlatform
[2019.01.26-05.59.33:154][  0]LogTemp: Display: Loaded TP WindowsServerTargetPlatform
[2019.01.26-05.59.33:167][  0]LogTemp: Display: Loaded TP WindowsTargetPlatform
[2019.01.26-05.59.33:287][  0]LogTemp: Display: Loaded TP AndroidTargetPlatform
[2019.01.26-05.59.33:287][  0]LogTemp: Display: Loaded TP AndroidTargetPlatform
[2019.01.26-05.59.33:287][  0]LogTemp: Display: Loaded TP AndroidTargetPlatform
[2019.01.26-05.59.33:287][  0]LogTemp: Display: Loaded TP AndroidTargetPlatform
[2019.01.26-05.59.33:287][  0]LogTemp: Display: Loaded TP AndroidTargetPlatform
[2019.01.26-05.59.33:287][  0]LogTemp: Display: Loaded TP AndroidTargetPlatform
[2019.01.26-05.59.33:287][  0]LogTemp: Display: Loaded TP AndroidTargetPlatform
[2019.01.26-05.59.33:287][  0]LogTemp: Display: Loaded TP AndroidTargetPlatform
[2019.01.26-05.59.33:287][  0]LogTemp: Display: Loaded TP AndroidTargetPlatform
[2019.01.26-05.59.33:287][  0]LogTemp: Display: Loaded TP AndroidTargetPlatform
[2019.01.26-05.59.33:287][  0]LogTemp: Display: Loaded TP AndroidTargetPlatform
[2019.01.26-05.59.33:287][  0]LogTemp: Display: Loaded TP AndroidTargetPlatform
[2019.01.26-05.59.33:287][  0]LogTemp: Display: Loaded TP AndroidTargetPlatform
[2019.01.26-05.59.33:288][  0]LogTemp: Display: Loaded TP AndroidTargetPlatform
[2019.01.26-05.59.33:288][  0]LogTemp: Display: Loaded TP AndroidTargetPlatform
[2019.01.26-05.59.33:288][  0]LogTemp: Display: Loaded TP AndroidTargetPlatform
[2019.01.26-05.59.33:288][  0]LogTemp: Display: Loaded TP AndroidTargetPlatform
[2019.01.26-05.59.33:288][  0]LogTemp: Display: Loaded TP AndroidTargetPlatform
[2019.01.26-05.59.33:293][  0]LogTemp: Display: Loaded TP HTML5TargetPlatform
[2019.01.26-05.59.33:379][  0]LogTemp: Display: Loaded TP IOSTargetPlatform
[2019.01.26-05.59.33:379][  0]LogTemp: Display: Loaded TP IOSTargetPlatform
[2019.01.26-05.59.33:411][  0]LogTemp: Display: Loaded TP TVOSTargetPlatform
[2019.01.26-05.59.33:411][  0]LogTemp: Display: Loaded TP TVOSTargetPlatform
[2019.01.26-05.59.33:431][  0]LogTemp: Display: Loaded TP LinuxClientTargetPlatform
[2019.01.26-05.59.33:451][  0]LogTemp: Display: Loaded TP LinuxNoEditorTargetPlatform
[2019.01.26-05.59.33:470][  0]LogTemp: Display: Loaded TP LinuxServerTargetPlatform
[2019.01.26-05.59.33:493][  0]LogTemp: Display: Loaded TP LinuxTargetPlatform
[2019.01.26-05.59.33:508][  0]LogTemp: Display: Loaded TP LuminTargetPlatform
[2019.01.26-05.59.33:508][  0]LogTargetPlatformManager: Display: Building Assets For Windows
[2019.01.26-05.59.33:713][  0]LogXGEController: Cleaning working directory: C:/Users/w017177h.STUDENT/AppData/Local/Temp/UnrealXGEWorkingDir/
[2019.01.26-05.59.33:714][  0]LogXGEController: Cannot use XGE Controller as Incredibuild is not installed on this machine.
[2019.01.26-05.59.33:714][  0]LogShaderCompilers: Cannot use XGE Shader Compiler as Incredibuild is not installed on this machine.
[2019.01.26-05.59.33:714][  0]LogShaderCompilers: Display: Using Local Shader Compiler.
[2019.01.26-05.59.34:992][  0]LogDerivedDataCache: Display: Max Cache Size: 512 MB
[2019.01.26-05.59.35:088][  0]LogDerivedDataCache: Loaded boot cache 0.10s 71MB C:/Users/w017177h.STUDENT/AppData/Local/UnrealEngine/4.20/DerivedDataCache/Boot.ddc.
[2019.01.26-05.59.35:090][  0]LogDerivedDataCache: Display: Loaded Boot cache: C:/Users/w017177h.STUDENT/AppData/Local/UnrealEngine/4.20/DerivedDataCache/Boot.ddc
[2019.01.26-05.59.35:090][  0]LogDerivedDataCache: FDerivedDataBackendGraph:  Pak pak cache file ../../../../../../Users/w017177h.STUDENT/Documents/Github/GGJ2019/GGJ2019/DerivedDataCache/DDC.ddp not found, will not use a pak cache.
[2019.01.26-05.59.35:090][  0]LogDerivedDataCache: Unable to find inner node Pak for hierarchical cache Hierarchy.
[2019.01.26-05.59.35:091][  0]LogDerivedDataCache: FDerivedDataBackendGraph:  CompressedPak pak cache file ../../../../../../Users/w017177h.STUDENT/Documents/Github/GGJ2019/GGJ2019/DerivedDataCache/Compressed.ddp not found, will not use a pak cache.
[2019.01.26-05.59.35:091][  0]LogDerivedDataCache: Unable to find inner node CompressedPak for hierarchical cache Hierarchy.
[2019.01.26-05.59.35:111][  0]LogDerivedDataCache: Display: Pak cache opened for reading ../../../Engine/DerivedDataCache/Compressed.ddp.
[2019.01.26-05.59.35:125][  0]LogDerivedDataCache: Using Local data cache path C:/Users/w017177h.STUDENT/AppData/Local/UnrealEngine/Common/DerivedDataCache: Writable
[2019.01.26-05.59.35:125][  0]LogDerivedDataCache: Shared data cache path not found in *engine.ini, will not use an Shared cache.
[2019.01.26-05.59.35:125][  0]LogDerivedDataCache: Unable to find inner node Shared for hierarchical cache Hierarchy.
[2019.01.26-05.59.35:147][  0]LogMaterial: Verifying Global Shaders for PCD3D_SM5
[2019.01.26-05.59.35:148][  0]LogSlate: Using FreeType 2.6.0
[2019.01.26-05.59.35:149][  0]LogSlate: SlateFontServices - WITH_FREETYPE: 1, WITH_HARFBUZZ: 1
[2019.01.26-05.59.35:244][  0]LogAssetRegistry: FAssetRegistry took 0.0311 seconds to start up
[2019.01.26-05.59.35:725][  0]LogInit: Selected Device Profile: [Windows]
[2019.01.26-05.59.35:919][  0]LogSimplygon: Simplygon DLL not present - disabling.
[2019.01.26-05.59.35:933][  0]LogMeshReduction: Using SimplygonSwarm for distributed automatic mesh merging
[2019.01.26-05.59.35:933][  0]LogMeshReduction: Using ProxyLODMeshReduction for automatic mesh merging
[2019.01.26-05.59.35:934][  0]LogMeshReduction: Using QuadricMeshReduction for automatic static mesh reduction
[2019.01.26-05.59.35:934][  0]LogMeshReduction: No automatic skeletal mesh reduction module available
[2019.01.26-05.59.35:956][  0]LogNetVersion: GGJ2019 1.0.0, NetCL: 4212847, EngineNetVer: 5, GameNetVer: 0 (Checksum: 54619999)
[2019.01.26-05.59.36:768][  0]LogPackageLocalizationCache: Processed 11 localized package path(s) for 2 prioritized culture(s) in 0.279295 seconds
[2019.01.26-05.59.36:776][  0]LogUObjectArray: 38425 objects as part of root set at end of initial load.
[2019.01.26-05.59.36:776][  0]LogUObjectAllocator: 6690864 out of 0 bytes used by permanent object pool.
[2019.01.26-05.59.36:776][  0]LogUObjectArray: CloseDisregardForGC: 0/0 objects in disregard for GC pool
[2019.01.26-05.59.38:101][  0]LogTcpMessaging: Initializing TcpMessaging bridge
[2019.01.26-05.59.38:119][  0]LogUdpMessaging: Initializing bridge on interface 0.0.0.0:0 to multicast group 230.0.0.1:6666.
[2019.01.26-05.59.38:345][  0]SourceControl: Source control is disabled
[2019.01.26-05.59.38:345][  0]SourceControl: Source control is disabled
[2019.01.26-05.59.38:349][  0]SourceControl: Source control is disabled
[2019.01.26-05.59.38:353][  0]SourceControl: Source control is disabled
[2019.01.26-05.59.38:667][  0]LogAndroidPermission: UAndroidPermissionCallbackProxy::GetInstance
[2019.01.26-05.59.38:814][  0]LogOcInput: OculusInput pre-init called
[2019.01.26-05.59.38:900][  0]LogEngine: Initializing Engine...
[2019.01.26-05.59.38:903][  0]LogHMD: Failed to initialize OpenVR with code 110
[2019.01.26-05.59.38:905][  0]LogStats: UGameplayTagsManager::ConstructGameplayTagTree: ImportINI prefixes -  0.000 s
[2019.01.26-05.59.38:905][  0]LogStats: UGameplayTagsManager::ConstructGameplayTagTree: Construct from data asset -  0.000 s
[2019.01.26-05.59.38:905][  0]LogStats: UGameplayTagsManager::ConstructGameplayTagTree: ImportINI -  0.000 s
[2019.01.26-05.59.38:905][  0]LogStats: UGameplayTagsManager::ConstructGameplayTagTree: GameplayTagTreeChangedEvent.Broadcast -  0.000 s
[2019.01.26-05.59.39:193][  0]LogInit: Initializing FReadOnlyCVARCache
[2019.01.26-05.59.39:224][  0]LogAIModule: Creating AISystem for world Untitled
[2019.01.26-05.59.39:251][  0]LogInit: XAudio2 using 'Headset Earphone (2- Razer ManO'War)' : 2 channels at 48 kHz using 16 bits per sample (channel mask 0x3)
[2019.01.26-05.59.39:275][  0]LogInit: FAudioDevice initialized.
[2019.01.26-05.59.39:275][  0]LogNetVersion: Set ProjectVersion to 1.0.0.0. Version Checksum will be recalculated on next use.
[2019.01.26-05.59.39:374][  0]LogDerivedDataCache: Saved boot cache 0.10s 71MB C:/Users/w017177h.STUDENT/AppData/Local/UnrealEngine/4.20/DerivedDataCache/Boot.ddc.
[2019.01.26-05.59.39:390][  0]LogInit: Texture streaming: Enabled
[2019.01.26-05.59.39:435][  0]LogEngineSessionManager: EngineSessionManager initialized
[2019.01.26-05.59.39:435][  0]LogEngineSessionManager: EngineSessionManager sent abnormal shutdown report. Type=Debugger, SessionId={959AB2D3-418A-D1D7-F3C2-B5A2DC3E4689}
[2019.01.26-05.59.39:460][  0]LogInit: Transaction tracking system initialized
[2019.01.26-05.59.39:523][  0]BlueprintLog: New page: Editor Load
[2019.01.26-05.59.39:731][  0]LocalizationService: Localization service is disabled
[2019.01.26-05.59.40:179][  0]LogCook: Display: Max memory allowance for cook 16384mb min free memory 0mb
[2019.01.26-05.59.40:180][  0]LogCook: Display: Mobile HDR setting 1
[2019.01.26-05.59.40:180][  0]LogGameplayTags: Display: UGameplayTagsManager::DoneAddingNativeTags. DelegateIsBound: 0
[2019.01.26-05.59.40:180][  0]LogStats: UGameplayTagsManager::ConstructGameplayTagTree: ImportINI prefixes -  0.000 s
[2019.01.26-05.59.40:180][  0]LogStats: UGameplayTagsManager::ConstructGameplayTagTree: Construct from data asset -  0.000 s
[2019.01.26-05.59.40:181][  0]LogStats: UGameplayTagsManager::ConstructGameplayTagTree: ImportINI -  0.000 s
[2019.01.26-05.59.40:181][  0]LogStats: UGameplayTagsManager::ConstructGameplayTagTree: GameplayTagTreeChangedEvent.Broadcast -  0.000 s
[2019.01.26-05.59.40:303][  0]LogFileCache: Scanning file cache for directory 'C:/Users/w017177h.STUDENT/Documents/Github/GGJ2019/GGJ2019/Content/' took 0.02s
[2019.01.26-05.59.40:459][  0]SourceControl: Source control is disabled
[2019.01.26-05.59.40:459][  0]Cmd: MAP LOAD FILE="../../../../../../Users/w017177h.STUDENT/Documents/Github/GGJ2019/GGJ2019/Content/GameLevel.umap" TEMPLATE=0 SHOWPROGRESS=1 FEATURELEVEL=3
[2019.01.26-05.59.40:460][  0]LightingResults: New page: Lighting Build
[2019.01.26-05.59.40:466][  0]MapCheck: New page: Map Check
[2019.01.26-05.59.40:466][  0]LightingResults: New page: Lighting Build
[2019.01.26-05.59.40:828][  0]LogAIModule: Creating AISystem for world GameLevel
[2019.01.26-05.59.40:841][  0]LogEditorServer: Finished looking for orphan Actors (0.000 secs)
[2019.01.26-05.59.40:869][  0]Cmd: MAP CHECKDEP NOCLEARLOG
[2019.01.26-05.59.41:079][  0]MapCheck: Map check complete: 0 Error(s), 0 Warning(s), took 210.803ms to complete.
[2019.01.26-05.59.41:079][  0]LogFileHelpers: Loading map 'GameLevel' took 0.621
[2019.01.26-05.59.41:244][  0]LogSlate: Updating window title bar state: overlay mode, drag disabled, window buttons hidden, title bar hidden
[2019.01.26-05.59.41:252][  0]LogSlate: Updating window title bar state: overlay mode, drag disabled, window buttons hidden, title bar hidden
[2019.01.26-05.59.41:263][  0]LogSlate: Updating window title bar state: overlay mode, drag disabled, window buttons hidden, title bar hidden
[2019.01.26-05.59.41:273][  0]LogSlate: Updating window title bar state: overlay mode, drag disabled, window buttons hidden, title bar hidden
[2019.01.26-05.59.41:288][  0]LogCollectionManager: Loaded 0 collections in 0.004129 seconds
[2019.01.26-05.59.41:348][  0]LogFileCache: Scanning file cache for directory 'C:/Users/w017177h.STUDENT/Documents/Github/GGJ2019/GGJ2019/Saved/Collections/' took 0.01s
[2019.01.26-05.59.41:348][  0]LogFileCache: Scanning file cache for directory 'C:/Users/w017177h.STUDENT/Documents/Github/GGJ2019/GGJ2019/Content/Developers/w017177h/Collections/' took 0.01s
[2019.01.26-05.59.41:348][  0]LogFileCache: Scanning file cache for directory 'C:/Users/w017177h.STUDENT/Documents/Github/GGJ2019/GGJ2019/Content/Collections/' took 0.01s
[2019.01.26-05.59.41:348][  0]LogCollectionManager: Rebuilt the GUID cache for 0 collections in 0.000000 seconds
[2019.01.26-05.59.41:361][  0]LogContentBrowser: Native class hierarchy populated in 0.0119 seconds. Added 2581 classes and 606 folders.
[2019.01.26-05.59.41:372][  0]LogContentBrowser: Native class hierarchy updated for 'WidgetCarousel' in 0.0007 seconds. Added 0 classes and 0 folders.
[2019.01.26-05.59.41:477][  0]LogContentBrowser: Native class hierarchy updated for 'AddContentDialog' in 0.0005 seconds. Added 0 classes and 0 folders.
[2019.01.26-05.59.41:488][  0]LogContentBrowser: Native class hierarchy updated for 'SceneOutliner' in 0.0006 seconds. Added 1 classes and 2 folders.
[2019.01.26-05.59.41:525][  0]LogSlate: Took 0.000282 seconds to synchronously load lazily loaded font '../../../Engine/Content/Slate/Fonts/Roboto-Regular.ttf' (155K)
[2019.01.26-05.59.41:529][  0]LogSlate: Took 0.000292 seconds to synchronously load lazily loaded font '../../../Engine/Content/Slate/Fonts/Roboto-Bold.ttf' (160K)
[2019.01.26-05.59.41:536][  0]LogSlate: Took 0.000352 seconds to synchronously load lazily loaded font '../../../Engine/Content/Editor/Slate/Fonts/FontAwesome.ttf' (139K)
[2019.01.26-05.59.41:638][  0]LogRenderer: Reallocating scene render targets to support 1208x576 Format 10 NumSamples 1 (Frame:1).
[2019.01.26-05.59.41:701][  0]LogSlate: Took 0.000221 seconds to synchronously load lazily loaded font '../../../Engine/Content/Slate/Fonts/Roboto-Light.ttf' (167K)
[2019.01.26-05.59.41:812][  0]LogContentBrowser: Native class hierarchy updated for 'HierarchicalLODOutliner' in 0.0007 seconds. Added 0 classes and 0 folders.
[2019.01.26-05.59.41:812][  0]LogLoad: (Engine Initialization) Total time: 14.45 seconds
[2019.01.26-05.59.41:812][  0]LogLoad: (Engine Initialization) Total Blueprint compile time: 0.00 seconds
[2019.01.26-05.59.41:863][  0]LogContentStreaming: Texture pool size now 1000 MB
[2019.01.26-05.59.41:892][  1]LogFileCache: Retrieving MD5 hashes for directory 'C:/Users/w017177h.STUDENT/Documents/Github/GGJ2019/GGJ2019/Content/' took 0.05s
[2019.01.26-05.59.41:909][  1]LogAssetRegistry: Asset discovery search completed in 6.6892 seconds
[2019.01.26-05.59.41:911][  1]LogCollectionManager: Rebuilt the object cache for 0 collections in 0.000000 seconds (found 0 objects)
[2019.01.26-05.59.41:911][  1]LogCollectionManager: Fixed up redirectors for 0 collections in 0.000123 seconds (updated 0 objects)
[2019.01.26-05.59.45:627][414]LogEditorViewport: Clicking on Actor (LMB): BP_Sky_Sphere_C (BP_Sky_Sphere)
[2019.01.26-05.59.45:848][432]LogSlate: Took 0.000221 seconds to synchronously load lazily loaded font '../../../Engine/Content/Slate/Fonts/Roboto-Light.ttf' (167K)
[2019.01.26-05.59.45:852][432]LogSlate: FSceneViewport::OnFocusLost() reason 2
[2019.01.26-05.59.45:860][432]Cmd: OBJ SAVEPACKAGE PACKAGE="/Game/GameLevel" FILE="../../../../../../Users/w017177h.STUDENT/Documents/Github/GGJ2019/GGJ2019/Content/GameLevel.umap" SILENT=true AUTOSAVING=false KEEPDIRTY=false
[2019.01.26-05.59.46:107][432]LogSavePackage: Moving '../../../../../../Users/w017177h.STUDENT/Documents/Github/GGJ2019/GGJ2019/Saved/GameLevelAFE063B548C930740C6989AF0347D507.tmp' to '../../../../../../Users/w017177h.STUDENT/Documents/Github/GGJ2019/GGJ2019/Content/GameLevel.umap'
[2019.01.26-05.59.47:370][551]LogSlate: FSceneViewport::OnFocusLost() reason 0
[2019.01.26-05.59.49:549][789]LogTemp: Repeating last play command: Selected Viewport
[2019.01.26-05.59.49:574][789]LogPlayLevel: PlayLevel: No blueprints needed recompiling
[2019.01.26-05.59.49:589][789]PIE: New page: PIE session: GameLevel (26 Jan 2019 05:59:49)
[2019.01.26-05.59.49:589][789]LogPlayLevel: Creating play world package: /Game/UEDPIE_0_GameLevel
[2019.01.26-05.59.49:608][789]LogPlayLevel: PIE: StaticDuplicateObject took: (0.019102s)
[2019.01.26-05.59.49:609][789]LogAIModule: Creating AISystem for world GameLevel
[2019.01.26-05.59.49:609][789]LogPlayLevel: PIE: World Init took: (0.000837s)
[2019.01.26-05.59.49:609][789]LogPlayLevel: PIE: Created PIE world by copying editor world from /Game/GameLevel.GameLevel to /Game/UEDPIE_0_GameLevel.GameLevel (0.020374s)
[2019.01.26-05.59.49:642][789]LogInit: XAudio2 using 'Headset Earphone (2- Razer ManO'War)' : 2 channels at 48 kHz using 16 bits per sample (channel mask 0x3)
[2019.01.26-05.59.49:655][789]LogInit: FAudioDevice initialized.
[2019.01.26-05.59.49:712][789]LogLoad: Game class is 'GGJ2019GM_C'
[2019.01.26-05.59.49:716][789]LogWorld: Bringing World /Game/UEDPIE_0_GameLevel.GameLevel up for play (max tick rate 0) at 2019.01.26-05.59.49
[2019.01.26-05.59.49:716][789]LogWorld: Bringing up level for play took: 0.002793
[2019.01.26-05.59.49:739][789]LogContentBrowser: Native class hierarchy updated for 'MovieSceneCapture' in 0.0008 seconds. Added 10 classes and 0 folders.
[2019.01.26-05.59.49:740][789]PIE: Play in editor start time for /Game/UEDPIE_0_GameLevel 0.751
[2019.01.26-05.59.55:101][412]LogSlate: Updating window title bar state: overlay mode, drag disabled, window buttons hidden, title bar hidden
[2019.01.26-05.59.55:140][412]LogPlayLevel: Display: Shutting down PIE online subsystems
[2019.01.26-05.59.55:166][412]LogSlate: Updating window title bar state: overlay mode, drag disabled, window buttons hidden, title bar hidden
[2019.01.26-05.59.55:202][414]LogPlayLevel: Display: Destroying online subsystem :Context_2
[2019.01.26-05.59.56:573][577]LogSlate: FSceneViewport::OnFocusLost() reason 0
[2019.01.26-05.59.59:228][765]LogSlate: Only BGRA pngs, bmps or icos are supported in by External Image Picker
[2019.01.26-05.59.59:327][766]LogTemp: Executing iPhonePackager certificates Engine -bundlename com.YourCompany.GGJ2019
[2019.01.26-05.59.59:327][766]LogTemp: CWD: C:\Epic\UE4\UE_4.20\Engine\Binaries\DotNET\IOS
[2019.01.26-05.59.59:327][766]LogTemp: Initial Dir: C:\Epic\UE4\UE_4.20
[2019.01.26-05.59.59:327][766]LogTemp: Env CWD: C:\Epic\UE4\UE_4.20\Engine\Binaries\DotNET\IOS
[2019.01.26-05.59.59:327][766]LogTemp: BranchPath = C115-11/C/Epic/UE4/UE_4.20/Engine/Binaries --- GameBranchPath = C115-11/C/Epic/UE4/UE_4.20/Engine/Binaries
[2019.01.26-05.59.59:371][768]LogTemp: IPP ERROR: Could not find provision directory 'C:\Users\w017177h.STUDENT\AppData\Local/Apple Computer/MobileDevice/Provisioning Profiles/'.
[2019.01.26-06.00.03:286][150]LogSlate: Prevented a slow task dialog from being summoned while a context menu was open
[2019.01.26-06.00.07:341][552]LogSlate: Window 'Project Settings' being destroyed
[2019.01.26-06.00.08:167][644]Cmd: OBJ SAVEPACKAGE PACKAGE="/Game/GameLevel" FILE="../../../../../../Users/w017177h.STUDENT/Documents/Github/GGJ2019/GGJ2019/Content/GameLevel.umap" SILENT=true AUTOSAVING=false KEEPDIRTY=false
[2019.01.26-06.00.08:400][644]LogSavePackage: Moving '../../../../../../Users/w017177h.STUDENT/Documents/Github/GGJ2019/GGJ2019/Saved/GameLevel6CF7241042E46DF3814692B12D78878C.tmp' to '../../../../../../Users/w017177h.STUDENT/Documents/Github/GGJ2019/GGJ2019/Content/GameLevel.umap'
[2019.01.26-06.00.09:029][711]LogTemp: Repeating last play command: Selected Viewport
[2019.01.26-06.00.09:050][711]LogPlayLevel: PlayLevel: No blueprints needed recompiling
[2019.01.26-06.00.09:050][711]PIE: New page: PIE session: GameLevel (26 Jan 2019 06:00:09)
[2019.01.26-06.00.09:051][711]LogPlayLevel: Creating play world package: /Game/UEDPIE_0_GameLevel
[2019.01.26-06.00.09:072][711]LogPlayLevel: PIE: StaticDuplicateObject took: (0.021602s)
[2019.01.26-06.00.09:073][711]LogAIModule: Creating AISystem for world GameLevel
[2019.01.26-06.00.09:074][711]LogPlayLevel: PIE: World Init took: (0.001067s)
[2019.01.26-06.00.09:074][711]LogPlayLevel: PIE: Created PIE world by copying editor world from /Game/GameLevel.GameLevel to /Game/UEDPIE_0_GameLevel.GameLevel (0.023197s)
[2019.01.26-06.00.09:111][711]LogInit: XAudio2 using 'Headset Earphone (2- Razer ManO'War)' : 2 channels at 48 kHz using 16 bits per sample (channel mask 0x3)
[2019.01.26-06.00.09:121][711]LogInit: FAudioDevice initialized.
[2019.01.26-06.00.09:155][711]LogLoad: Game class is 'GGJ2019GM_C'
[2019.01.26-06.00.09:158][711]LogWorld: Bringing World /Game/UEDPIE_0_GameLevel.GameLevel up for play (max tick rate 0) at 2019.01.26-06.00.09
[2019.01.26-06.00.09:158][711]LogWorld: Bringing up level for play took: 0.001650
[2019.01.26-06.00.09:174][711]PIE: Play in editor start time for /Game/UEDPIE_0_GameLevel 0.184
[2019.01.26-06.00.33:593][567]LogSlate: Updating window title bar state: overlay mode, drag disabled, window buttons hidden, title bar hidden
[2019.01.26-06.00.33:634][567]LogPlayLevel: Display: Shutting down PIE online subsystems
[2019.01.26-06.00.33:660][567]LogSlate: Updating window title bar state: overlay mode, drag disabled, window buttons hidden, title bar hidden
[2019.01.26-06.00.33:697][570]LogPlayLevel: Display: Destroying online subsystem :Context_3
[2019.01.26-06.00.34:499][662]LogSlate: FSceneViewport::OnFocusLost() reason 0
[2019.01.26-06.00.37:362][881]LogSlate: Only BGRA pngs, bmps or icos are supported in by External Image Picker
[2019.01.26-06.00.37:473][882]LogTemp: Executing iPhonePackager certificates Engine -bundlename com.YourCompany.GGJ2019
[2019.01.26-06.00.37:474][882]LogTemp: CWD: C:\Epic\UE4\UE_4.20\Engine\Binaries\DotNET\IOS
[2019.01.26-06.00.37:474][882]LogTemp: Initial Dir: C:\Epic\UE4\UE_4.20
[2019.01.26-06.00.37:474][882]LogTemp: Env CWD: C:\Epic\UE4\UE_4.20\Engine\Binaries\DotNET\IOS
[2019.01.26-06.00.37:474][882]LogTemp: BranchPath = C115-11/C/Epic/UE4/UE_4.20/Engine/Binaries --- GameBranchPath = C115-11/C/Epic/UE4/UE_4.20/Engine/Binaries
[2019.01.26-06.00.37:500][883]LogTemp: IPP ERROR: Could not find provision directory 'C:\Users\w017177h.STUDENT\AppData\Local/Apple Computer/MobileDevice/Provisioning Profiles/'.
[2019.01.26-06.00.40:685][215]LogSlate: Prevented a slow task dialog from being summoned while a context menu was open
[2019.01.26-06.00.45:022][665]LogSlate: Window 'Project Settings' being destroyed
[2019.01.26-06.00.46:127][786]Cmd: OBJ SAVEPACKAGE PACKAGE="/Game/GameLevel" FILE="../../../../../../Users/w017177h.STUDENT/Documents/Github/GGJ2019/GGJ2019/Content/GameLevel.umap" SILENT=true AUTOSAVING=false KEEPDIRTY=false
[2019.01.26-06.00.46:368][786]LogSavePackage: Moving '../../../../../../Users/w017177h.STUDENT/Documents/Github/GGJ2019/GGJ2019/Saved/GameLevel2241DA244C200FE8127E9BA158C56CFF.tmp' to '../../../../../../Users/w017177h.STUDENT/Documents/Github/GGJ2019/GGJ2019/Content/GameLevel.umap'
[2019.01.26-06.00.48:250][993]LogActor: Warning: Pickup_BP_Weapon_C /Engine/Transient.World_2:PersistentLevel.Pickup_BP_Weapon_C_0 has natively added scene component(s), but none of them were set as the actor's RootComponent - picking one arbitrarily
[2019.01.26-06.00.48:270][994]LogActor: Warning: Pickup_BP_Base_C /Engine/Transient.World_3:PersistentLevel.Pickup_BP_Base_C_0 has natively added scene component(s), but none of them were set as the actor's RootComponent - picking one arbitrarily
[2019.01.26-06.00.55:803][801]Cmd: OBJ SAVEPACKAGE PACKAGE="/Game/GameLevel" FILE="../../../../../../Users/w017177h.STUDENT/Documents/Github/GGJ2019/GGJ2019/Content/GameLevel.umap" SILENT=true AUTOSAVING=false KEEPDIRTY=false
[2019.01.26-06.00.56:043][801]LogSavePackage: Moving '../../../../../../Users/w017177h.STUDENT/Documents/Github/GGJ2019/GGJ2019/Saved/GameLevel1BA8C25B44D888BD254F3CB264E1EDDC.tmp' to '../../../../../../Users/w017177h.STUDENT/Documents/Github/GGJ2019/GGJ2019/Content/GameLevel.umap'
[2019.01.26-06.00.57:076][892]LogAIModule: Creating AISystem for world NewJohnLevel
[2019.01.26-06.00.57:148][892]LogAssetEditorManager: Opening Asset editor for World /Game/StarterContent/Maps/NewJohnLevel.NewJohnLevel
[2019.01.26-06.01.00:757][892]LogSlate: Window 'Save Content' being destroyed
[2019.01.26-06.01.00:766][892]Cmd: OBJ SAVEPACKAGE PACKAGE="/Game/GGJ2019GM" FILE="../../../../../../Users/w017177h.STUDENT/Documents/Github/GGJ2019/GGJ2019/Content/GGJ2019GM.uasset" SILENT=true
[2019.01.26-06.01.00:828][892]LogSavePackage: Moving '../../../../../../Users/w017177h.STUDENT/Documents/Github/GGJ2019/GGJ2019/Saved/GGJ2019GM08791A7E4F70C506188AF2A11227ECF8.tmp' to '../../../../../../Users/w017177h.STUDENT/Documents/Github/GGJ2019/GGJ2019/Content/GGJ2019GM.uasset'
[2019.01.26-06.01.00:846][892]Cmd: MAP LOAD FILE="../../../../../../Users/w017177h.STUDENT/Documents/Github/GGJ2019/GGJ2019/Content/StarterContent/Maps/NewJohnLevel.umap" TEMPLATE=0 SHOWPROGRESS=1 FEATURELEVEL=3
[2019.01.26-06.01.00:846][892]LightingResults: New page: Lighting Build
[2019.01.26-06.01.00:847][892]LoadErrors: New page: Loading map: NewJohnLevel.umap
[2019.01.26-06.01.00:848][892]MapCheck: New page: Map Check
[2019.01.26-06.01.00:848][892]LightingResults: New page: Lighting Build
[2019.01.26-06.01.00:973][892]LogEditorServer: Finished looking for orphan Actors (0.000 secs)
[2019.01.26-06.01.01:049][892]Cmd: MAP CHECKDEP NOCLEARLOG
[2019.01.26-06.01.01:286][892]MapCheck: Map check complete: 0 Error(s), 0 Warning(s), took 238.028ms to complete.
[2019.01.26-06.01.01:292][892]LogFileHelpers: Loading map 'NewJohnLevel' took 0.448
[2019.01.26-06.01.03:337][117]LogSlate: FSceneViewport::OnFocusLost() reason 2
[2019.01.26-06.01.03:833][117]LogSavePackage: Moving '../../../../../../Users/w017177h.STUDENT/Documents/Github/GGJ2019/GGJ2019/Saved/NewJohnLevel246E904641787D6987BA5AB8847823A9.tmp' to '../../../../../../Users/w017177h.STUDENT/Documents/Github/GGJ2019/GGJ2019/Content/StarterContent/Maps/NewJohnLevel.umap'
[2019.01.26-06.01.04:794][205]LogTemp: Repeating last play command: Selected Viewport
[2019.01.26-06.01.04:820][205]LogPlayLevel: PlayLevel: No blueprints needed recompiling
[2019.01.26-06.01.04:820][205]PIE: New page: PIE session: NewJohnLevel (26 Jan 2019 06:01:04)
[2019.01.26-06.01.04:820][205]LogPlayLevel: Creating play world package: /Game/StarterContent/Maps/UEDPIE_0_NewJohnLevel
[2019.01.26-06.01.04:857][205]LogPlayLevel: PIE: StaticDuplicateObject took: (0.036392s)
[2019.01.26-06.01.04:857][205]LogAIModule: Creating AISystem for world NewJohnLevel
[2019.01.26-06.01.04:858][205]LogPlayLevel: PIE: World Init took: (0.000928s)
[2019.01.26-06.01.04:858][205]LogPlayLevel: PIE: Created PIE world by copying editor world from /Game/StarterContent/Maps/NewJohnLevel.NewJohnLevel to /Game/StarterContent/Maps/UEDPIE_0_NewJohnLevel.NewJohnLevel (0.037804s)
[2019.01.26-06.01.04:892][205]LogInit: XAudio2 using 'Headset Earphone (2- Razer ManO'War)' : 2 channels at 48 kHz using 16 bits per sample (channel mask 0x3)
[2019.01.26-06.01.04:903][205]LogInit: FAudioDevice initialized.
[2019.01.26-06.01.04:945][205]LogLoad: Game class is 'GGJ2019GM_C'
[2019.01.26-06.01.04:953][205]LogWorld: Bringing World /Game/StarterContent/Maps/UEDPIE_0_NewJohnLevel.NewJohnLevel up for play (max tick rate 0) at 2019.01.26-06.01.04
[2019.01.26-06.01.04:957][205]LogWorld: Bringing up level for play took: 0.010799
[2019.01.26-06.01.04:972][205]PIE: Play in editor start time for /Game/StarterContent/Maps/UEDPIE_0_NewJohnLevel -0.017
[2019.01.26-06.01.04:973][205]LogActor: Warning: Enemy_BP_Base_C /Game/StarterContent/Maps/UEDPIE_0_NewJohnLevel.NewJohnLevel:PersistentLevel.Enemy_BP_Base_C_0 has natively added scene component(s), but none of them were set as the actor's RootComponent - picking one arbitrarily
[2019.01.26-06.01.04:973][205]LogActor: Warning: Enemy_BP_Base_C /Game/StarterContent/Maps/UEDPIE_0_NewJohnLevel.NewJohnLevel:PersistentLevel.Enemy_BP_Base_C_1 has natively added scene component(s), but none of them were set as the actor's RootComponent - picking one arbitrarily
[2019.01.26-06.01.04:974][205]LogActor: Warning: Enemy_BP_Base_C /Game/StarterContent/Maps/UEDPIE_0_NewJohnLevel.NewJohnLevel:PersistentLevel.Enemy_BP_Base_C_2 has natively added scene component(s), but none of them were set as the actor's RootComponent - picking one arbitrarily
[2019.01.26-06.01.04:974][205]LogActor: Warning: Enemy_BP_Base_C /Game/StarterContent/Maps/UEDPIE_0_NewJohnLevel.NewJohnLevel:PersistentLevel.Enemy_BP_Base_C_3 has natively added scene component(s), but none of them were set as the actor's RootComponent - picking one arbitrarily
[2019.01.26-06.01.04:974][205]LogActor: Warning: Enemy_BP_Base_C /Game/StarterContent/Maps/UEDPIE_0_NewJohnLevel.NewJohnLevel:PersistentLevel.Enemy_BP_Base_C_4 has natively added scene component(s), but none of them were set as the actor's RootComponent - picking one arbitrarily
[2019.01.26-06.01.04:975][205]LogActor: Warning: Enemy_BP_Base_C /Game/StarterContent/Maps/UEDPIE_0_NewJohnLevel.NewJohnLevel:PersistentLevel.Enemy_BP_Base_C_5 has natively added scene component(s), but none of them were set as the actor's RootComponent - picking one arbitrarily
[2019.01.26-06.01.07:093][447]LogActor: Warning: Enemy_BP_Base_C /Game/StarterContent/Maps/UEDPIE_0_NewJohnLevel.NewJohnLevel:PersistentLevel.Enemy_BP_Base_C_6 has natively added scene component(s), but none of them were set as the actor's RootComponent - picking one arbitrarily
[2019.01.26-06.01.07:213][461]LogActor: Warning: Enemy_BP_Base_C /Game/StarterContent/Maps/UEDPIE_0_NewJohnLevel.NewJohnLevel:PersistentLevel.Enemy_BP_Base_C_7 has natively added scene component(s), but none of them were set as the actor's RootComponent - picking one arbitrarily
[2019.01.26-06.01.07:988][552]LogActor: Warning: Enemy_BP_Base_C /Game/StarterContent/Maps/UEDPIE_0_NewJohnLevel.NewJohnLevel:PersistentLevel.Enemy_BP_Base_C_8 has natively added scene component(s), but none of them were set as the actor's RootComponent - picking one arbitrarily
[2019.01.26-06.01.08:038][558]LogActor: Warning: Enemy_BP_Base_C /Game/StarterContent/Maps/UEDPIE_0_NewJohnLevel.NewJohnLevel:PersistentLevel.Enemy_BP_Base_C_9 has natively added scene component(s), but none of them were set as the actor's RootComponent - picking one arbitrarily
[2019.01.26-06.01.08:237][582]LogActor: Warning: Enemy_BP_Base_C /Game/StarterContent/Maps/UEDPIE_0_NewJohnLevel.NewJohnLevel:PersistentLevel.Enemy_BP_Base_C_10 has natively added scene component(s), but none of them were set as the actor's RootComponent - picking one arbitrarily
[2019.01.26-06.01.09:024][673]LogActor: Warning: Enemy_BP_Base_C /Game/StarterContent/Maps/UEDPIE_0_NewJohnLevel.NewJohnLevel:PersistentLevel.Enemy_BP_Base_C_11 has natively added scene component(s), but none of them were set as the actor's RootComponent - picking one arbitrarily
[2019.01.26-06.01.10:099][798]LogActor: Warning: Enemy_BP_Base_C /Game/StarterContent/Maps/UEDPIE_0_NewJohnLevel.NewJohnLevel:PersistentLevel.Enemy_BP_Base_C_12 has natively added scene component(s), but none of them were set as the actor's RootComponent - picking one arbitrarily
[2019.01.26-06.01.10:232][814]LogActor: Warning: Enemy_BP_Base_C /Game/StarterContent/Maps/UEDPIE_0_NewJohnLevel.NewJohnLevel:PersistentLevel.Enemy_BP_Base_C_13 has natively added scene component(s), but none of them were set as the actor's RootComponent - picking one arbitrarily
[2019.01.26-06.01.10:987][903]LogActor: Warning: Enemy_BP_Base_C /Game/StarterContent/Maps/UEDPIE_0_NewJohnLevel.NewJohnLevel:PersistentLevel.Enemy_BP_Base_C_14 has natively added scene component(s), but none of them were set as the actor's RootComponent - picking one arbitrarily
[2019.01.26-06.01.12:034][ 24]LogActor: Warning: Enemy_BP_Base_C /Game/StarterContent/Maps/UEDPIE_0_NewJohnLevel.NewJohnLevel:PersistentLevel.Enemy_BP_Base_C_15 has natively added scene component(s), but none of them were set as the actor's RootComponent - picking one arbitrarily
[2019.01.26-06.01.14:126][267]LogActor: Warning: Enemy_BP_Base_C /Game/StarterContent/Maps/UEDPIE_0_NewJohnLevel.NewJohnLevel:PersistentLevel.Enemy_BP_Base_C_16 has natively added scene component(s), but none of them were set as the actor's RootComponent - picking one arbitrarily
[2019.01.26-06.01.18:202][743]LogActor: Warning: Enemy_BP_Base_C /Game/StarterContent/Maps/UEDPIE_0_NewJohnLevel.NewJohnLevel:PersistentLevel.Enemy_BP_Base_C_17 has natively added scene component(s), but none of them were set as the actor's RootComponent - picking one arbitrarily
[2019.01.26-06.01.18:452][773]LogActor: Warning: Enemy_BP_Base_C /Game/StarterContent/Maps/UEDPIE_0_NewJohnLevel.NewJohnLevel:PersistentLevel.Enemy_BP_Base_C_18 has natively added scene component(s), but none of them were set as the actor's RootComponent - picking one arbitrarily
[2019.01.26-06.01.18:510][780]LogActor: Warning: Enemy_BP_Base_C /Game/StarterContent/Maps/UEDPIE_0_NewJohnLevel.NewJohnLevel:PersistentLevel.Enemy_BP_Base_C_19 has natively added scene component(s), but none of them were set as the actor's RootComponent - picking one arbitrarily
[2019.01.26-06.01.19:809][933]LogActor: Warning: Enemy_BP_Base_C /Game/StarterContent/Maps/UEDPIE_0_NewJohnLevel.NewJohnLevel:PersistentLevel.Enemy_BP_Base_C_20 has natively added scene component(s), but none of them were set as the actor's RootComponent - picking one arbitrarily
[2019.01.26-06.01.19:809][933]LogActor: Warning: Enemy_BP_Base_C /Game/StarterContent/Maps/UEDPIE_0_NewJohnLevel.NewJohnLevel:PersistentLevel.Enemy_BP_Base_C_21 has natively added scene component(s), but none of them were set as the actor's RootComponent - picking one arbitrarily
[2019.01.26-06.01.19:810][933]LogActor: Warning: Enemy_BP_Base_C /Game/StarterContent/Maps/UEDPIE_0_NewJohnLevel.NewJohnLevel:PersistentLevel.Enemy_BP_Base_C_22 has natively added scene component(s), but none of them were set as the actor's RootComponent - picking one arbitrarily
[2019.01.26-06.01.19:810][933]LogActor: Warning: Enemy_BP_Base_C /Game/StarterContent/Maps/UEDPIE_0_NewJohnLevel.NewJohnLevel:PersistentLevel.Enemy_BP_Base_C_23 has natively added scene component(s), but none of them were set as the actor's RootComponent - picking one arbitrarily
[2019.01.26-06.01.19:811][933]LogActor: Warning: Enemy_BP_Base_C /Game/StarterContent/Maps/UEDPIE_0_NewJohnLevel.NewJohnLevel:PersistentLevel.Enemy_BP_Base_C_24 has natively added scene component(s), but none of them were set as the actor's RootComponent - picking one arbitrarily
[2019.01.26-06.01.19:811][933]LogActor: Warning: Enemy_BP_Base_C /Game/StarterContent/Maps/UEDPIE_0_NewJohnLevel.NewJohnLevel:PersistentLevel.Enemy_BP_Base_C_25 has natively added scene component(s), but none of them were set as the actor's RootComponent - picking one arbitrarily
[2019.01.26-06.01.20:061][963]LogActor: Warning: Enemy_BP_Base_C /Game/StarterContent/Maps/UEDPIE_0_NewJohnLevel.NewJohnLevel:PersistentLevel.Enemy_BP_Base_C_26 has natively added scene component(s), but none of them were set as the actor's RootComponent - picking one arbitrarily
[2019.01.26-06.01.20:997][ 72]LogSlate: Updating window title bar state: overlay mode, drag disabled, window buttons hidden, title bar hidden
[2019.01.26-06.01.21:039][ 72]LogPlayLevel: Display: Shutting down PIE online subsystems
[2019.01.26-06.01.21:065][ 72]LogSlate: Updating window title bar state: overlay mode, drag disabled, window buttons hidden, title bar hidden
[2019.01.26-06.01.21:100][ 74]LogPlayLevel: Display: Destroying online subsystem :Context_7
[2019.01.26-06.01.21:792][154]LogSlate: FSceneViewport::OnFocusLost() reason 2
[2019.01.26-06.01.22:273][154]LogSavePackage: Moving '../../../../../../Users/w017177h.STUDENT/Documents/Github/GGJ2019/GGJ2019/Saved/NewJohnLevelCF5CB0C94EE801ADFB502C97A3972062.tmp' to '../../../../../../Users/w017177h.STUDENT/Documents/Github/GGJ2019/GGJ2019/Content/StarterContent/Maps/NewJohnLevel.umap'
[2019.01.26-06.01.32:976][242]LogSlate: FSceneViewport::OnFocusLost() reason 2
[2019.01.26-06.01.33:537][242]LogSavePackage: Moving '../../../../../../Users/w017177h.STUDENT/Documents/Github/GGJ2019/GGJ2019/Saved/NewJohnLevelD23185A44AF66598BFC55BA213005729.tmp' to '../../../../../../Users/w017177h.STUDENT/Documents/Github/GGJ2019/GGJ2019/Content/StarterContent/Maps/NewJohnLevel.umap'
[2019.01.26-06.01.48:115][431]Candidate modules for hot reload:
[2019.01.26-06.01.48:115][431]  GGJ2019
[2019.01.26-06.01.48:115][431]Launching UnrealBuildTool... [C:/Epic/UE4/UE_4.20/Engine/Binaries/DotNET/UnrealBuildTool.exe  -ModuleWithSuffix=GGJ2019,872 Win64 Development -TargetType=Editor -Project="../../../../../../Users/w017177h.STUDENT/Documents/Github/GGJ2019/GGJ2019/GGJ2019.uproject" -canskiplink "C:/Users/w017177h.STUDENT/Documents/Github/GGJ2019/GGJ2019/GGJ2019.uproject" ]
[2019.01.26-06.01.48:119][431]Warning: Starting HotReload took  0.0s.
[2019.01.26-06.01.59:839][712]CompilerResultsLog: New page: Compilation - 26 Jan 2019 06:01:59
[2019.01.26-06.01.59:839][712]CompilerResultsLog: Using 'git status' to determine working set for adaptive non-unity build.
[2019.01.26-06.01.59:839][712]CompilerResultsLog: Creating makefile for hot reloading GGJ2019Editor (game project files are newer)
[2019.01.26-06.01.59:839][712]CompilerResultsLog: Compiling game modules for hot reload
[2019.01.26-06.01.59:840][712]CompilerResultsLog: Using Visual Studio 2017 14.14.26428 toolchain (C:\Program Files (x86)\Microsoft Visual Studio\2017\Professional\VC\Tools\MSVC\14.14.26428) and Windows 10.0.17134.0 SDK (C:\Program Files (x86)\Windows Kits\10).
[2019.01.26-06.01.59:840][712]CompilerResultsLog: Building 3 actions with 8 processes...
[2019.01.26-06.01.59:840][712]CompilerResultsLog:   [1/3] EnemySpawner_Base.cpp
[2019.01.26-06.01.59:840][712]CompilerResultsLog:   [2/3] UE4Editor-GGJ2019-872.lib
[2019.01.26-06.01.59:840][712]CompilerResultsLog:      Creating library C:\Users\w017177h.STUDENT\Documents\Github\GGJ2019\GGJ2019\Intermediate\Build\Win64\UE4Editor\Development\GGJ2019\UE4Editor-GGJ2019-872.lib and object C:\Users\w017177h.STUDENT\Documents\Github\GGJ2019\GGJ2019\Intermediate\Build\Win64\UE4Editor\Development\GGJ2019\UE4Editor-GGJ2019-872.exp
[2019.01.26-06.01.59:840][712]CompilerResultsLog:   [3/3] UE4Editor-GGJ2019-872.dll
[2019.01.26-06.01.59:840][712]CompilerResultsLog:      Creating library C:\Users\w017177h.STUDENT\Documents\Github\GGJ2019\GGJ2019\Intermediate\Build\Win64\UE4Editor\Development\GGJ2019\UE4Editor-GGJ2019-872.suppressed.lib and object C:\Users\w017177h.STUDENT\Documents\Github\GGJ2019\GGJ2019\Intermediate\Build\Win64\UE4Editor\Development\GGJ2019\UE4Editor-GGJ2019-872.suppressed.exp
[2019.01.26-06.01.59:840][712]CompilerResultsLog: Total build time: 11.35 seconds (Parallel executor: 2.74 seconds)
[2019.01.26-06.01.59:840][712]LogMainFrame: MainFrame: Module compiling took 11.733 seconds
[2019.01.26-06.01.59:906][712]LogContentBrowser: Native class hierarchy updated for 'GGJ2019' in 0.0006 seconds. Added 9 classes and 3 folders.
[2019.01.26-06.01.59:909][712]Display: HotReload successful (4 functions remapped  0 scriptstructs remapped)
[2019.01.26-06.02.00:071][712]LogContentBrowser: Native class hierarchy populated in 0.0099 seconds. Added 2582 classes and 608 folders.
[2019.01.26-06.02.00:073][712]Display: HotReload took 12.0s.
[2019.01.26-06.02.40:736][479]LogSlate: FSceneViewport::OnFocusLost() reason 0
[2019.01.26-06.02.41:781][538]LogSavePackage: Moving '../../../../../../Users/w017177h.STUDENT/Documents/Github/GGJ2019/GGJ2019/Saved/NewJohnLevelDAF8D22F403999E3BFE05D83800CBBC4.tmp' to '../../../../../../Users/w017177h.STUDENT/Documents/Github/GGJ2019/GGJ2019/Content/StarterContent/Maps/NewJohnLevel.umap'
[2019.01.26-06.02.43:728][755]LogActor: Warning: Fridge_BP_Base_C /Engine/Transient.World_5:PersistentLevel.Fridge_BP_Base_C_0 has natively added scene component(s), but none of them were set as the actor's RootComponent - picking one arbitrarily
[2019.01.26-06.02.43:745][756]LogActor: Warning: Enemy_BP_Base_C /Engine/Transient.World_7:PersistentLevel.Enemy_BP_Base_C_0 has natively added scene component(s), but none of them were set as the actor's RootComponent - picking one arbitrarily
[2019.01.26-06.02.45:495][934]LogAssetEditorManager: Opening Asset editor for Blueprint /Game/Enemy_BP_Base.Enemy_BP_Base
[2019.01.26-06.02.46:034][934]LogContentBrowser: Native class hierarchy updated for 'BlueprintGraph' in 0.0010 seconds. Added 116 classes and 0 folders.
[2019.01.26-06.02.46:993][934]LogActor: Warning: Enemy_BP_Base_C /Engine/Transient.World_8:PersistentLevel.Enemy_BP_Base_C_0 has natively added scene component(s), but none of them were set as the actor's RootComponent - picking one arbitrarily
[2019.01.26-06.02.47:004][934]LogSlate: Took 0.006188 seconds to synchronously load lazily loaded font '../../../Engine/Content/Slate/Fonts/Roboto-BoldCondensed.ttf' (158K)
[2019.01.26-06.02.47:082][935]LogSlate: Took 0.000324 seconds to synchronously load lazily loaded font '../../../Engine/Content/Slate/Fonts/Roboto-Italic.ttf' (157K)
[2019.01.26-06.02.49:217][176]Cmd: OBJ SAVEPACKAGE PACKAGE="/Game/Enemy_BP_Base" FILE="../../../../../../Users/w017177h.STUDENT/Documents/Github/GGJ2019/GGJ2019/Content/Enemy_BP_Base.uasset" SILENT=true
[2019.01.26-06.02.49:278][176]LogSavePackage: Moving '../../../../../../Users/w017177h.STUDENT/Documents/Github/GGJ2019/GGJ2019/Saved/Enemy_BP_Base342D736D4C3FC9B4080C21A137C8E278.tmp' to '../../../../../../Users/w017177h.STUDENT/Documents/Github/GGJ2019/GGJ2019/Content/Enemy_BP_Base.uasset'
[2019.01.26-06.02.51:079][383]Cmd: OBJ SAVEPACKAGE PACKAGE="/Game/Enemy_BP_Base" FILE="../../../../../../Users/w017177h.STUDENT/Documents/Github/GGJ2019/GGJ2019/Content/Enemy_BP_Base.uasset" SILENT=true
[2019.01.26-06.02.51:126][383]LogSavePackage: Moving '../../../../../../Users/w017177h.STUDENT/Documents/Github/GGJ2019/GGJ2019/Saved/Enemy_BP_Base9A7FBCE64FF7ECDDC9FEE9A13490350E.tmp' to '../../../../../../Users/w017177h.STUDENT/Documents/Github/GGJ2019/GGJ2019/Content/Enemy_BP_Base.uasset'
[2019.01.26-06.02.52:527][542]Cmd: OBJ SAVEPACKAGE PACKAGE="/Game/Enemy_BP_Base" FILE="../../../../../../Users/w017177h.STUDENT/Documents/Github/GGJ2019/GGJ2019/Content/Enemy_BP_Base.uasset" SILENT=true
[2019.01.26-06.02.52:574][542]LogSavePackage: Moving '../../../../../../Users/w017177h.STUDENT/Documents/Github/GGJ2019/GGJ2019/Saved/Enemy_BP_BaseDFCF3069473DC72624C2CA9740DEAA18.tmp' to '../../../../../../Users/w017177h.STUDENT/Documents/Github/GGJ2019/GGJ2019/Content/Enemy_BP_Base.uasset'
[2019.01.26-06.02.54:055][713]Cmd: OBJ SAVEPACKAGE PACKAGE="/Game/Enemy_BP_Base" FILE="../../../../../../Users/w017177h.STUDENT/Documents/Github/GGJ2019/GGJ2019/Content/Enemy_BP_Base.uasset" SILENT=true
[2019.01.26-06.02.54:103][713]LogSavePackage: Moving '../../../../../../Users/w017177h.STUDENT/Documents/Github/GGJ2019/GGJ2019/Saved/Enemy_BP_Base55CC6692451CFC9458A447888CECB94E.tmp' to '../../../../../../Users/w017177h.STUDENT/Documents/Github/GGJ2019/GGJ2019/Content/Enemy_BP_Base.uasset'
[2019.01.26-06.02.54:784][790]LogRenderer: Reallocating scene render targets to support 1208x712 Format 10 NumSamples 1 (Frame:1).
[2019.01.26-06.03.13:234][956]LogSlate: Prevented a slow task dialog from being summoned while a context menu was open
