Log file open, 01/25/19 23:06:48
LogWindows: Failed to load 'aqProf.dll' (GetLastError=126)
LogWindows: File 'aqProf.dll' does not exist
LogWindows: Failed to load 'VSPerf140.dll' (GetLastError=126)
LogWindows: File 'VSPerf140.dll' does not exist
LogWindows: Failed to load 'VtuneApi.dll' (GetLastError=126)
LogWindows: File 'VtuneApi.dll' does not exist
LogWindows: Failed to load 'VtuneApi32e.dll' (GetLastError=126)
LogWindows: File 'VtuneApi32e.dll' does not exist
LogInit: Display: Running engine for game: GGJ2019
LogPlatformFile: Not using cached read wrapper
LogTaskGraph: Started task graph with 5 named threads and 23 total threads with 3 sets of task threads.
LogStats: Stats thread started at 0.468152
LogD3D11RHI: Loaded GFSDK_Aftermath_Lib.x64.dll
LogICUInternationalization: Display: ICU TimeZone Detection - Raw Offset: +0:00, Platform Override: ''
LogPluginManager: Mounting plugin Paper2D
LogPluginManager: Mounting plugin AISupport
LogPluginManager: Mounting plugin LightPropagationVolume
LogPluginManager: Mounting plugin CLionSourceCodeAccess
LogPluginManager: Mounting plugin CodeLiteSourceCodeAccess
LogPluginManager: Mounting plugin GitSourceControl
LogPluginManager: Mounting plugin KDevelopSourceCodeAccess
LogPluginManager: Mounting plugin NullSourceCodeAccess
LogPluginManager: Mounting plugin PerforceSourceControl
LogPluginManager: Mounting plugin SubversionSourceControl
LogPluginManager: Mounting plugin UObjectPlugin
LogPluginManager: Mounting plugin VisualStudioCodeSourceCodeAccess
LogPluginManager: Mounting plugin VisualStudioSourceCodeAccess
LogPluginManager: Mounting plugin XCodeSourceCodeAccess
LogPluginManager: Mounting plugin AssetManagerEditor
LogPluginManager: Mounting plugin CryptoKeys
LogPluginManager: Mounting plugin DataValidation
LogPluginManager: Mounting plugin FacialAnimation
LogPluginManager: Mounting plugin GameplayTagsEditor
LogPluginManager: Mounting plugin MacGraphicsSwitching
LogPluginManager: Mounting plugin MeshEditor
LogPluginManager: Mounting plugin MobileLauncherProfileWizard
LogPluginManager: Mounting plugin PluginBrowser
LogPluginManager: Mounting plugin SpeedTreeImporter
LogPluginManager: Mounting plugin DatasmithContent
LogPluginManager: Mounting plugin AlembicImporter
LogPluginManager: Mounting plugin AppleImageUtils
LogPluginManager: Mounting plugin AppleVision
LogPluginManager: Mounting plugin BackChannel
LogPluginManager: Mounting plugin CharacterAI
LogPluginManager: Mounting plugin GeometryCache
LogPluginManager: Mounting plugin HTML5Networking
LogPluginManager: Mounting plugin ProxyLODPlugin
LogPluginManager: Mounting plugin MagicLeap
LogPluginManager: Mounting plugin MagicLeapEmulator
LogPluginManager: Mounting plugin MagicLeapMedia
LogPluginManager: Mounting plugin AndroidMedia
LogPluginManager: Mounting plugin AvfMedia
LogPluginManager: Mounting plugin ImgMedia
LogPluginManager: Mounting plugin LinearTimecode
LogPluginManager: Mounting plugin MediaCompositing
LogPluginManager: Mounting plugin MediaPlayerEditor
LogPluginManager: Mounting plugin WmfMedia
LogPluginManager: Mounting plugin TcpMessaging
LogPluginManager: Mounting plugin UdpMessaging
LogPluginManager: Mounting plugin ActorSequence
LogPluginManager: Mounting plugin LevelSequenceEditor
LogPluginManager: Mounting plugin MatineeToLevelSequence
LogPluginManager: Mounting plugin NetcodeUnitTest
LogPluginManager: Mounting plugin NUTUnrealEngine4
LogPluginManager: Mounting plugin OnlineSubsystemGooglePlay
LogPluginManager: Mounting plugin OnlineSubsystemIOS
LogPluginManager: Mounting plugin OnlineSubsystem
LogPluginManager: Mounting plugin OnlineSubsystemNull
LogPluginManager: Mounting plugin OnlineSubsystemUtils
LogPluginManager: Mounting plugin LauncherChunkInstaller
LogPluginManager: Mounting plugin AndroidDeviceProfileSelector
LogPluginManager: Mounting plugin AndroidMoviePlayer
LogPluginManager: Mounting plugin AndroidPermission
LogPluginManager: Mounting plugin AppleMoviePlayer
LogPluginManager: Mounting plugin ArchVisCharacter
LogPluginManager: Mounting plugin AudioCapture
LogPluginManager: Mounting plugin CableComponent
LogPluginManager: Mounting plugin CustomMeshComponent
LogPluginManager: Mounting plugin EditableMesh
LogPluginManager: Mounting plugin ExampleDeviceProfileSelector
LogPluginManager: Mounting plugin GoogleCloudMessaging
LogPluginManager: Mounting plugin ImmediatePhysics
LogPluginManager: Mounting plugin IOSDeviceProfileSelector
LogPluginManager: Mounting plugin LinuxDeviceProfileSelector
LogPluginManager: Mounting plugin LocationServicesBPLibrary
LogPluginManager: Mounting plugin MobilePatchingUtils
LogPluginManager: Mounting plugin OculusVR
LogPluginManager: Plugin shader directory ../../../Engine/Plugins/Runtime/Oculus/OculusVR/Shaders found
LogPluginManager: Mapping shader source directory ../../../Engine/Plugins/Runtime/Oculus/OculusVR/Shaders to virtual directory /Plugin/OculusVR
LogPluginManager: Mounting plugin PhysXVehicles
LogPluginManager: Mounting plugin ProceduralMeshComponent
LogPluginManager: Mounting plugin RuntimePhysXCooking
LogPluginManager: Mounting plugin SteamVR
LogPluginManager: Mounting plugin WindowsMoviePlayer
LogStreaming: Display: Took  0.325s to configure plugins.
LogInit: Using libcurl 7.55.1-DEV
LogInit:  - built for x86_64-pc-win32
LogInit:  - supports SSL with OpenSSL/1.0.2h
LogInit:  - supports HTTP deflate (compression) using libz 1.2.8
LogInit:  - other features:
LogInit:      CURL_VERSION_SSL
LogInit:      CURL_VERSION_LIBZ
LogInit:      CURL_VERSION_IPV6
LogInit:      CURL_VERSION_ASYNCHDNS
LogInit:      CURL_VERSION_LARGEFILE
LogInit:      CURL_VERSION_IDN
LogInit:  CurlRequestOptions (configurable via config and command line):
LogInit:  - bVerifyPeer = false  - Libcurl will NOT verify peer certificate
LogInit:  - bUseHttpProxy = false  - Libcurl will NOT use HTTP proxy
LogInit:  - bDontReuseConnections = false  - Libcurl will reuse connections
LogInit:  - CertBundlePath = nullptr  - Libcurl will use whatever was configured at build time.
LogInit:  - MaxHostConnections = 16  - Libcurl will limit the number of connections to a host
LogInit:  - LocalHostAddr = Default
LogInit:  - BufferSize = 65536
LogInit: WinSock: version 1.1 (2.2), MaxSocks=32767, MaxUdp=65467
LogInit: Build: ++UE4+Release-4.20-CL-4369336
LogInit: Engine Version: 4.20.3-4369336+++UE4+Release-4.20
LogInit: Compatible Engine Version: 4.20.0-4212847+++UE4+Release-4.20
LogInit: Net CL: 4212847
LogInit: OS: Windows 10 (), CPU: Intel(R) Xeon(R) CPU E5-1620 v3 @ 3.50GHz, GPU: NVIDIA GeForce GTX 970
LogInit: Compiled (64-bit): Sep 17 2018 12:26:19
LogInit: Compiled with Visual C++: 19.13.26129.00
LogInit: Build Configuration: Development
LogInit: Branch Name: ++UE4+Release-4.20
LogInit: Command Line:  -skipcompile
LogInit: Base Directory: C:/Epic/UE4/UE_4.20/Engine/Binaries/Win64/
LogInit: Installed Engine Build: 1
LogDevObjectVersion: Number of dev versions registered: 20
LogDevObjectVersion:   Dev-Blueprints (B0D832E4-1F89-4F0D-ACCF-7EB736FD4AA2): 10
LogDevObjectVersion:   Dev-Build (E1C64328-A22C-4D53-A36C-8E866417BD8C): 0
LogDevObjectVersion:   Dev-Core (375EC13C-06E4-48FB-B500-84F0262A717E): 2
LogDevObjectVersion:   Dev-Editor (E4B068ED-F494-42E9-A231-DA0B2E46BB41): 24
LogDevObjectVersion:   Dev-Framework (CFFC743F-43B0-4480-9391-14DF171D2073): 34
LogDevObjectVersion:   Dev-Mobile (B02B49B5-BB20-44E9-A304-32B752E40360): 2
LogDevObjectVersion:   Dev-Networking (A4E4105C-59A1-49B5-A7C5-40C4547EDFEE): 0
LogDevObjectVersion:   Dev-Online (39C831C9-5AE6-47DC-9A44-9C173E1C8E7C): 0
LogDevObjectVersion:   Dev-Physics (78F01B33-EBEA-4F98-B9B4-84EACCB95AA2): 0
LogDevObjectVersion:   Dev-Platform (6631380F-2D4D-43E0-8009-CF276956A95A): 0
LogDevObjectVersion:   Dev-Rendering (12F88B9F-8875-4AFC-A67C-D90C383ABD29): 26
LogDevObjectVersion:   Dev-Sequencer (7B5AE74C-D270-4C10-A958-57980B212A5A): 9
LogDevObjectVersion:   Dev-VR (D7296918-1DD6-4BDD-9DE2-64A83CC13884): 2
LogDevObjectVersion:   Dev-LoadTimes (C2A15278-BFE7-4AFE-6C17-90FF531DF755): 1
LogDevObjectVersion:   Private-Geometry (6EACA3D4-40EC-4CC1-B786-8BED09428FC5): 3
LogDevObjectVersion:   Dev-AnimPhys (29E575DD-E0A3-4627-9D10-D276232CDCEA): 17
LogDevObjectVersion:   Dev-ReflectionCapture (6B266CEC-1EC7-4B8F-A30B-E4D90942FC07): 1
LogDevObjectVersion:   Dev-Automation (0DF73D61-A23F-47EA-B727-89E90C41499A): 1
LogDevObjectVersion:   FortniteMain (601D1886-AC64-4F84-AA16-D3DE0DEAC7D6): 12
LogDevObjectVersion:   Dev-Enterprise (9DFFBCD6-494F-0158-E221-12823C92A888): 1
LogStreaming: Display: Took  0.043s to delete old logs.
LogInit: Presizing for max 8388607 objects, including 0 objects not considered by GC, pre-allocating 0 bytes for permanent pool.
LogInit: Object subsystem initialized
[2019.01.25-23.06.49:233][  0]LogInit: Selected Device Profile: [Windows]
[2019.01.25-23.06.49:233][  0]LogInit: Applying CVar settings loaded from the selected device profile: [Windows]
[2019.01.25-23.06.49:262][  0]LogHAL: Display: Platform has ~ 16 GB [17092038656 / 17179869184 / 16], which maps to Larger [LargestMinGB=32, LargerMinGB=12, DefaultMinGB=8, SmallerMinGB=6, SmallestMinGB=0)
[2019.01.25-23.06.49:262][  0]LogInit: Setting Device Profile CVar: [[r.Vulkan.UseRealUBs:1]]
[2019.01.25-23.06.49:262][  0]LogInit: Going up to parent DeviceProfile []
[2019.01.25-23.06.49:263][  0]LogInit: Computer: C115-8
[2019.01.25-23.06.49:263][  0]LogInit: User: p018236h
[2019.01.25-23.06.49:263][  0]LogInit: CPU Page size=4096, Cores=4
[2019.01.25-23.06.49:263][  0]LogInit: High frequency timer resolution =3.410076 MHz
[2019.01.25-23.06.49:264][  0]LogMemory: Memory total: Physical=15.9GB (16GB approx)
[2019.01.25-23.06.49:264][  0]LogMemory: Platform Memory Stats for Windows
[2019.01.25-23.06.49:264][  0]LogMemory: Process Physical Memory: 101.34 MB used, 101.34 MB peak
[2019.01.25-23.06.49:264][  0]LogMemory: Process Virtual Memory: 89.44 MB used, 89.44 MB peak
[2019.01.25-23.06.49:264][  0]LogMemory: Physical Memory: 6761.86 MB used,  9538.38 MB free, 16300.24 MB total
[2019.01.25-23.06.49:264][  0]LogMemory: Virtual Memory: 4638.52 MB used,  9538.38 MB free, 134217728.00 MB total
[2019.01.25-23.06.49:406][  0]LogInit: Using OS detected language (en-US).
[2019.01.25-23.06.49:406][  0]LogInit: Using OS detected locale (en-GB).
[2019.01.25-23.06.49:408][  0]LogTextLocalizationManager: No specific localization for 'en-US' exists, so the 'en' localization will be used.
[2019.01.25-23.06.49:863][  0]LogStreaming: Display: Took  0.457s to InitEngineTextLocalization.
[2019.01.25-23.06.49:864][  0]LogInit: Setting process to per monitor DPI aware
[2019.01.25-23.06.49:932][  0]LogSlate: New Slate User Created.  User Index 0, Is Virtual User: 0
[2019.01.25-23.06.49:932][  0]LogSlate: Slate User Registered.  User Index 0, Is Virtual User: 0
[2019.01.25-23.06.50:300][  0]LogHMD: Failed to initialize OpenVR with code 110
[2019.01.25-23.06.50:300][  0]LogD3D11RHI: D3D11 adapters:
[2019.01.25-23.06.50:404][  0]LogD3D11RHI:    0. 'NVIDIA GeForce GTX 970' (Feature Level 11_0)
[2019.01.25-23.06.50:404][  0]LogD3D11RHI:       4043/0/8150 MB DedicatedVideo/DedicatedSystem/SharedSystem, Outputs:2, VendorId:0x10de
[2019.01.25-23.06.50:410][  0]LogD3D11RHI:    1. 'Microsoft Basic Render Driver' (Feature Level 11_0)
[2019.01.25-23.06.50:410][  0]LogD3D11RHI:       0/0/8150 MB DedicatedVideo/DedicatedSystem/SharedSystem, Outputs:0, VendorId:0x1414
[2019.01.25-23.06.50:410][  0]LogD3D11RHI: Chosen D3D11 Adapter: 0
[2019.01.25-23.06.50:420][  0]LogD3D11RHI: Creating new Direct3DDevice
[2019.01.25-23.06.50:420][  0]LogD3D11RHI:     GPU DeviceId: 0x13c2 (for the marketing name, search the web for "GPU Device Id")
[2019.01.25-23.06.50:420][  0]LogWindows: EnumDisplayDevices:
[2019.01.25-23.06.50:421][  0]LogWindows:    0. 'NVIDIA GeForce GTX 970' (P:1 D:1)
[2019.01.25-23.06.50:421][  0]LogWindows:    1. 'NVIDIA GeForce GTX 970' (P:0 D:1)
[2019.01.25-23.06.50:421][  0]LogWindows:    2. 'NVIDIA GeForce GTX 970' (P:0 D:0)
[2019.01.25-23.06.50:422][  0]LogWindows:    3. 'NVIDIA GeForce GTX 970' (P:0 D:0)
[2019.01.25-23.06.50:422][  0]LogWindows: DebugString: FoundDriverCount:4 
[2019.01.25-23.06.50:422][  0]LogD3D11RHI:     Adapter Name: NVIDIA GeForce GTX 970
[2019.01.25-23.06.50:422][  0]LogD3D11RHI:   Driver Version: 398.82 (internal:24.21.13.9882, unified:398.82)
[2019.01.25-23.06.50:422][  0]LogD3D11RHI:      Driver Date: 7-30-2018
[2019.01.25-23.06.50:422][  0]LogRHI: Texture pool is 2830 MB (70% of 4043 MB)
[2019.01.25-23.06.50:477][  0]LogD3D11RHI: Async texture creation enabled
[2019.01.25-23.06.50:496][  0]LogD3D11RHI: GPU Timing Frequency: 1000.000000 (Debug: 2 2)
[2019.01.25-23.06.50:541][  0]LogShaderCompilers: Guid format shader working directory is -17 characters bigger than the processId version (../../../../../../Users/p018236h.STUDENT/Documents/GameJam/GGJ2019/GGJ2019/Intermediate/Shaders/WorkingDirectory/9788/).
[2019.01.25-23.06.50:542][  0]LogShaderCompilers: Cleaned the shader compiler working directory 'C:/Users/p018236h.STUDENT/AppData/Local/Temp/UnrealShaderWorkingDir/9AF53428406F9A7F28C42E9BF77B1FBC/'.
[2019.01.25-23.06.51:068][  0]LogTemp: Display: Loaded TP AllDesktopTargetPlatform
[2019.01.25-23.06.51:090][  0]LogTemp: Display: Loaded TP MacClientTargetPlatform
[2019.01.25-23.06.51:111][  0]LogTemp: Display: Loaded TP MacNoEditorTargetPlatform
[2019.01.25-23.06.51:130][  0]LogTemp: Display: Loaded TP MacServerTargetPlatform
[2019.01.25-23.06.51:150][  0]LogTemp: Display: Loaded TP MacTargetPlatform
[2019.01.25-23.06.51:169][  0]LogTemp: Display: Loaded TP WindowsClientTargetPlatform
[2019.01.25-23.06.51:188][  0]LogTemp: Display: Loaded TP WindowsNoEditorTargetPlatform
[2019.01.25-23.06.51:207][  0]LogTemp: Display: Loaded TP WindowsServerTargetPlatform
[2019.01.25-23.06.51:218][  0]LogTemp: Display: Loaded TP WindowsTargetPlatform
[2019.01.25-23.06.51:321][  0]LogTemp: Display: Loaded TP AndroidTargetPlatform
[2019.01.25-23.06.51:321][  0]LogTemp: Display: Loaded TP AndroidTargetPlatform
[2019.01.25-23.06.51:321][  0]LogTemp: Display: Loaded TP AndroidTargetPlatform
[2019.01.25-23.06.51:322][  0]LogTemp: Display: Loaded TP AndroidTargetPlatform
[2019.01.25-23.06.51:322][  0]LogTemp: Display: Loaded TP AndroidTargetPlatform
[2019.01.25-23.06.51:322][  0]LogTemp: Display: Loaded TP AndroidTargetPlatform
[2019.01.25-23.06.51:322][  0]LogTemp: Display: Loaded TP AndroidTargetPlatform
[2019.01.25-23.06.51:322][  0]LogTemp: Display: Loaded TP AndroidTargetPlatform
[2019.01.25-23.06.51:322][  0]LogTemp: Display: Loaded TP AndroidTargetPlatform
[2019.01.25-23.06.51:322][  0]LogTemp: Display: Loaded TP AndroidTargetPlatform
[2019.01.25-23.06.51:322][  0]LogTemp: Display: Loaded TP AndroidTargetPlatform
[2019.01.25-23.06.51:322][  0]LogTemp: Display: Loaded TP AndroidTargetPlatform
[2019.01.25-23.06.51:322][  0]LogTemp: Display: Loaded TP AndroidTargetPlatform
[2019.01.25-23.06.51:322][  0]LogTemp: Display: Loaded TP AndroidTargetPlatform
[2019.01.25-23.06.51:323][  0]LogTemp: Display: Loaded TP AndroidTargetPlatform
[2019.01.25-23.06.51:323][  0]LogTemp: Display: Loaded TP AndroidTargetPlatform
[2019.01.25-23.06.51:323][  0]LogTemp: Display: Loaded TP AndroidTargetPlatform
[2019.01.25-23.06.51:323][  0]LogTemp: Display: Loaded TP AndroidTargetPlatform
[2019.01.25-23.06.51:329][  0]LogTemp: Display: Loaded TP HTML5TargetPlatform
[2019.01.25-23.06.51:413][  0]LogTemp: Display: Loaded TP IOSTargetPlatform
[2019.01.25-23.06.51:413][  0]LogTemp: Display: Loaded TP IOSTargetPlatform
[2019.01.25-23.06.51:469][  0]LogTemp: Display: Loaded TP TVOSTargetPlatform
[2019.01.25-23.06.51:469][  0]LogTemp: Display: Loaded TP TVOSTargetPlatform
[2019.01.25-23.06.51:505][  0]LogTemp: Display: Loaded TP LinuxClientTargetPlatform
[2019.01.25-23.06.51:524][  0]LogTemp: Display: Loaded TP LinuxNoEditorTargetPlatform
[2019.01.25-23.06.51:542][  0]LogTemp: Display: Loaded TP LinuxServerTargetPlatform
[2019.01.25-23.06.51:562][  0]LogTemp: Display: Loaded TP LinuxTargetPlatform
[2019.01.25-23.06.51:576][  0]LogTemp: Display: Loaded TP LuminTargetPlatform
[2019.01.25-23.06.51:576][  0]LogTargetPlatformManager: Display: Building Assets For Windows
[2019.01.25-23.06.51:760][  0]LogXGEController: Cleaning working directory: C:/Users/p018236h.STUDENT/AppData/Local/Temp/UnrealXGEWorkingDir/
[2019.01.25-23.06.51:760][  0]LogXGEController: Cannot use XGE Controller as Incredibuild is not installed on this machine.
[2019.01.25-23.06.51:760][  0]LogShaderCompilers: Cannot use XGE Shader Compiler as Incredibuild is not installed on this machine.
[2019.01.25-23.06.51:760][  0]LogShaderCompilers: Display: Using Local Shader Compiler.
[2019.01.25-23.06.52:988][  0]LogDerivedDataCache: Display: Max Cache Size: 512 MB
[2019.01.25-23.06.53:083][  0]LogDerivedDataCache: Loaded boot cache 0.10s 71MB C:/Users/p018236h.STUDENT/AppData/Local/UnrealEngine/4.20/DerivedDataCache/Boot.ddc.
[2019.01.25-23.06.53:084][  0]LogDerivedDataCache: Display: Loaded Boot cache: C:/Users/p018236h.STUDENT/AppData/Local/UnrealEngine/4.20/DerivedDataCache/Boot.ddc
[2019.01.25-23.06.53:084][  0]LogDerivedDataCache: FDerivedDataBackendGraph:  Pak pak cache file ../../../../../../Users/p018236h.STUDENT/Documents/GameJam/GGJ2019/GGJ2019/DerivedDataCache/DDC.ddp not found, will not use a pak cache.
[2019.01.25-23.06.53:084][  0]LogDerivedDataCache: Unable to find inner node Pak for hierarchical cache Hierarchy.
[2019.01.25-23.06.53:084][  0]LogDerivedDataCache: FDerivedDataBackendGraph:  CompressedPak pak cache file ../../../../../../Users/p018236h.STUDENT/Documents/GameJam/GGJ2019/GGJ2019/DerivedDataCache/Compressed.ddp not found, will not use a pak cache.
[2019.01.25-23.06.53:085][  0]LogDerivedDataCache: Unable to find inner node CompressedPak for hierarchical cache Hierarchy.
[2019.01.25-23.06.53:102][  0]LogDerivedDataCache: Display: Pak cache opened for reading ../../../Engine/DerivedDataCache/Compressed.ddp.
[2019.01.25-23.06.53:116][  0]LogDerivedDataCache: Using Local data cache path C:/Users/p018236h.STUDENT/AppData/Local/UnrealEngine/Common/DerivedDataCache: Writable
[2019.01.25-23.06.53:116][  0]LogDerivedDataCache: Shared data cache path not found in *engine.ini, will not use an Shared cache.
[2019.01.25-23.06.53:116][  0]LogDerivedDataCache: Unable to find inner node Shared for hierarchical cache Hierarchy.
[2019.01.25-23.06.53:137][  0]LogMaterial: Verifying Global Shaders for PCD3D_SM5
[2019.01.25-23.06.53:139][  0]LogSlate: Using FreeType 2.6.0
[2019.01.25-23.06.53:140][  0]LogSlate: SlateFontServices - WITH_FREETYPE: 1, WITH_HARFBUZZ: 1
[2019.01.25-23.06.53:235][  0]LogAssetRegistry: FAssetRegistry took 0.0295 seconds to start up
[2019.01.25-23.06.53:696][  0]LogInit: Selected Device Profile: [Windows]
[2019.01.25-23.06.53:885][  0]LogSimplygon: Simplygon DLL not present - disabling.
[2019.01.25-23.06.53:898][  0]LogMeshReduction: Using SimplygonSwarm for distributed automatic mesh merging
[2019.01.25-23.06.53:898][  0]LogMeshReduction: Using ProxyLODMeshReduction for automatic mesh merging
[2019.01.25-23.06.53:898][  0]LogMeshReduction: Using QuadricMeshReduction for automatic static mesh reduction
[2019.01.25-23.06.53:898][  0]LogMeshReduction: No automatic skeletal mesh reduction module available
[2019.01.25-23.06.53:921][  0]LogNetVersion: GGJ2019 1.0.0, NetCL: 4212847, EngineNetVer: 5, GameNetVer: 0 (Checksum: 54619999)
[2019.01.25-23.06.54:688][  0]LogPackageLocalizationCache: Processed 11 localized package path(s) for 2 prioritized culture(s) in 0.241961 seconds
[2019.01.25-23.06.54:695][  0]LogUObjectArray: 38425 objects as part of root set at end of initial load.
[2019.01.25-23.06.54:695][  0]LogUObjectAllocator: 6690872 out of 0 bytes used by permanent object pool.
[2019.01.25-23.06.54:695][  0]LogUObjectArray: CloseDisregardForGC: 0/0 objects in disregard for GC pool
[2019.01.25-23.06.55:861][  0]LogTcpMessaging: Initializing TcpMessaging bridge
[2019.01.25-23.06.55:877][  0]LogUdpMessaging: Initializing bridge on interface 0.0.0.0:0 to multicast group 230.0.0.1:6666.
[2019.01.25-23.06.56:146][  0]SourceControl: Source control is disabled
[2019.01.25-23.06.56:146][  0]SourceControl: Source control is disabled
[2019.01.25-23.06.56:150][  0]SourceControl: Source control is disabled
[2019.01.25-23.06.56:154][  0]SourceControl: Source control is disabled
[2019.01.25-23.06.56:474][  0]LogAndroidPermission: UAndroidPermissionCallbackProxy::GetInstance
[2019.01.25-23.06.56:575][  0]LogOcInput: OculusInput pre-init called
[2019.01.25-23.06.56:669][  0]LogEngine: Initializing Engine...
[2019.01.25-23.06.56:670][  0]LogHMD: Failed to initialize OpenVR with code 110
[2019.01.25-23.06.56:671][  0]LogStats: UGameplayTagsManager::ConstructGameplayTagTree: ImportINI prefixes -  0.000 s
[2019.01.25-23.06.56:671][  0]LogStats: UGameplayTagsManager::ConstructGameplayTagTree: Construct from data asset -  0.000 s
[2019.01.25-23.06.56:672][  0]LogStats: UGameplayTagsManager::ConstructGameplayTagTree: ImportINI -  0.000 s
[2019.01.25-23.06.56:672][  0]LogStats: UGameplayTagsManager::ConstructGameplayTagTree: GameplayTagTreeChangedEvent.Broadcast -  0.000 s
[2019.01.25-23.06.56:906][  0]LogInit: Initializing FReadOnlyCVARCache
[2019.01.25-23.06.56:931][  0]LogAIModule: Creating AISystem for world Untitled
[2019.01.25-23.06.56:963][  0]LogInit: XAudio2 using 'Speakers (Realtek High Definition Audio)' : 2 channels at 48 kHz using 32 bits per sample (channel mask 0x3)
[2019.01.25-23.06.57:083][  0]LogInit: FAudioDevice initialized.
[2019.01.25-23.06.57:083][  0]LogNetVersion: Set ProjectVersion to 1.0.0.0. Version Checksum will be recalculated on next use.
[2019.01.25-23.06.57:196][  0]LogDerivedDataCache: Saved boot cache 0.11s 71MB C:/Users/p018236h.STUDENT/AppData/Local/UnrealEngine/4.20/DerivedDataCache/Boot.ddc.
[2019.01.25-23.06.57:220][  0]LogInit: Texture streaming: Enabled
[2019.01.25-23.06.57:276][  0]LogEngineSessionManager: EngineSessionManager initialized
[2019.01.25-23.06.57:300][  0]LogInit: Transaction tracking system initialized
[2019.01.25-23.06.57:356][  0]BlueprintLog: New page: Editor Load
[2019.01.25-23.06.57:548][  0]LocalizationService: Localization service is disabled
[2019.01.25-23.06.57:907][  0]LogCook: Display: Max memory allowance for cook 16384mb min free memory 0mb
[2019.01.25-23.06.57:907][  0]LogCook: Display: Mobile HDR setting 1
[2019.01.25-23.06.57:908][  0]LogGameplayTags: Display: UGameplayTagsManager::DoneAddingNativeTags. DelegateIsBound: 0
[2019.01.25-23.06.57:908][  0]LogStats: UGameplayTagsManager::ConstructGameplayTagTree: ImportINI prefixes -  0.000 s
[2019.01.25-23.06.57:908][  0]LogStats: UGameplayTagsManager::ConstructGameplayTagTree: Construct from data asset -  0.000 s
[2019.01.25-23.06.57:908][  0]LogStats: UGameplayTagsManager::ConstructGameplayTagTree: ImportINI -  0.000 s
[2019.01.25-23.06.57:908][  0]LogStats: UGameplayTagsManager::ConstructGameplayTagTree: GameplayTagTreeChangedEvent.Broadcast -  0.000 s
[2019.01.25-23.06.58:148][  0]LogFileCache: Scanning file cache for directory 'C:/Users/p018236h.STUDENT/Documents/GameJam/GGJ2019/GGJ2019/Content/' took 0.02s
[2019.01.25-23.06.58:148][  0]SourceControl: Source control is disabled
[2019.01.25-23.06.58:148][  0]Cmd: MAP LOAD FILE="../../../../../../Users/p018236h.STUDENT/Documents/GameJam/GGJ2019/GGJ2019/Content/GameLevel.umap" TEMPLATE=0 SHOWPROGRESS=1 FEATURELEVEL=3
[2019.01.25-23.06.58:149][  0]LightingResults: New page: Lighting Build
[2019.01.25-23.06.58:154][  0]MapCheck: New page: Map Check
[2019.01.25-23.06.58:154][  0]LightingResults: New page: Lighting Build
[2019.01.25-23.06.58:487][  0]LogAIModule: Creating AISystem for world GameLevel
[2019.01.25-23.06.58:508][  0]LogEditorServer: Finished looking for orphan Actors (0.000 secs)
[2019.01.25-23.06.58:542][  0]Cmd: MAP CHECKDEP NOCLEARLOG
[2019.01.25-23.06.58:731][  0]MapCheck: Map check complete: 0 Error(s), 0 Warning(s), took 189.344ms to complete.
[2019.01.25-23.06.58:731][  0]LogFileHelpers: Loading map 'GameLevel' took 0.583
[2019.01.25-23.06.58:915][  0]LogSlate: Updating window title bar state: overlay mode, drag disabled, window buttons hidden, title bar hidden
[2019.01.25-23.06.58:923][  0]LogSlate: Updating window title bar state: overlay mode, drag disabled, window buttons hidden, title bar hidden
[2019.01.25-23.06.58:931][  0]LogSlate: Updating window title bar state: overlay mode, drag disabled, window buttons hidden, title bar hidden
[2019.01.25-23.06.58:939][  0]LogSlate: Updating window title bar state: overlay mode, drag disabled, window buttons hidden, title bar hidden
[2019.01.25-23.06.58:953][  0]LogCollectionManager: Loaded 0 collections in 0.004018 seconds
[2019.01.25-23.06.59:025][  0]LogFileCache: Scanning file cache for directory 'C:/Users/p018236h.STUDENT/Documents/GameJam/GGJ2019/GGJ2019/Saved/Collections/' took 0.01s
[2019.01.25-23.06.59:026][  0]LogFileCache: Scanning file cache for directory 'C:/Users/p018236h.STUDENT/Documents/GameJam/GGJ2019/GGJ2019/Content/Developers/p018236h/Collections/' took 0.01s
[2019.01.25-23.06.59:026][  0]LogFileCache: Scanning file cache for directory 'C:/Users/p018236h.STUDENT/Documents/GameJam/GGJ2019/GGJ2019/Content/Collections/' took 0.01s
[2019.01.25-23.06.59:026][  0]LogCollectionManager: Rebuilt the GUID cache for 0 collections in 0.000000 seconds
[2019.01.25-23.06.59:050][  0]LogContentBrowser: Native class hierarchy populated in 0.0241 seconds. Added 2579 classes and 606 folders.
[2019.01.25-23.06.59:072][  0]LogContentBrowser: Native class hierarchy updated for 'WidgetCarousel' in 0.0006 seconds. Added 0 classes and 0 folders.
[2019.01.25-23.06.59:195][  0]LogContentBrowser: Native class hierarchy updated for 'AddContentDialog' in 0.0005 seconds. Added 0 classes and 0 folders.
[2019.01.25-23.06.59:209][  0]LogContentBrowser: Native class hierarchy updated for 'SceneOutliner' in 0.0006 seconds. Added 1 classes and 2 folders.
[2019.01.25-23.06.59:249][  0]LogSlate: Took 0.000309 seconds to synchronously load lazily loaded font '../../../Engine/Content/Slate/Fonts/Roboto-Regular.ttf' (155K)
[2019.01.25-23.06.59:253][  0]LogSlate: Took 0.000257 seconds to synchronously load lazily loaded font '../../../Engine/Content/Slate/Fonts/Roboto-Bold.ttf' (160K)
[2019.01.25-23.06.59:260][  0]LogSlate: Took 0.000358 seconds to synchronously load lazily loaded font '../../../Engine/Content/Editor/Slate/Fonts/FontAwesome.ttf' (139K)
[2019.01.25-23.06.59:350][  0]LogRenderer: Reallocating scene render targets to support 1208x576 Format 10 NumSamples 1 (Frame:1).
[2019.01.25-23.06.59:419][  0]LogSlate: Took 0.000236 seconds to synchronously load lazily loaded font '../../../Engine/Content/Slate/Fonts/Roboto-Light.ttf' (167K)
[2019.01.25-23.06.59:535][  0]LogSlate: FSceneViewport::OnFocusLost() reason 2
[2019.01.25-23.06.59:555][  0]LogSlate: Window 'Tutorials' being destroyed
[2019.01.25-23.06.59:601][  0]LogContentBrowser: Native class hierarchy updated for 'HierarchicalLODOutliner' in 0.0013 seconds. Added 0 classes and 0 folders.
[2019.01.25-23.06.59:601][  0]LogLoad: (Engine Initialization) Total time: 14.23 seconds
[2019.01.25-23.06.59:601][  0]LogLoad: (Engine Initialization) Total Blueprint compile time: 0.00 seconds
[2019.01.25-23.06.59:612][  0]LogWindowsTextInputMethodSystem: Display: IME system now deactivated.
[2019.01.25-23.06.59:660][  0]LogContentStreaming: Texture pool size now 1000 MB
[2019.01.25-23.06.59:705][  1]LogFileCache: Retrieving MD5 hashes for directory 'C:/Users/p018236h.STUDENT/Documents/GameJam/GGJ2019/GGJ2019/Content/' took 0.08s
[2019.01.25-23.06.59:746][  2]LogAssetRegistry: Asset discovery search completed in 6.5358 seconds
[2019.01.25-23.06.59:748][  2]LogCollectionManager: Rebuilt the object cache for 0 collections in 0.000001 seconds (found 0 objects)
[2019.01.25-23.06.59:748][  2]LogCollectionManager: Fixed up redirectors for 0 collections in 0.000151 seconds (updated 0 objects)
[2019.01.25-23.07.05:287][616]LogSlate: FSceneViewport::OnFocusLost() reason 0
[2019.01.25-23.07.06:313][739]LogEditorViewport: Clicking on Actor (LMB): BP_Sky_Sphere_C (BP_Sky_Sphere)
[2019.01.25-23.07.08:571][995]LogSlate: FSceneViewport::OnFocusLost() reason 2
[2019.01.25-23.07.15:541][786]LogSlate: Took 0.000250 seconds to synchronously load lazily loaded font '../../../Engine/Content/Slate/Fonts/Roboto-Light.ttf' (167K)
[2019.01.25-23.07.15:587][786]LogAIModule: Creating AISystem for world ReeeeeTest
[2019.01.25-23.07.15:593][786]LogAssetEditorManager: Opening Asset editor for World /Game/StarterContent/Maps/ReeeeeTest.ReeeeeTest
[2019.01.25-23.07.15:616][786]Cmd: MAP LOAD FILE="../../../../../../Users/p018236h.STUDENT/Documents/GameJam/GGJ2019/GGJ2019/Content/StarterContent/Maps/ReeeeeTest.umap" TEMPLATE=0 SHOWPROGRESS=1 FEATURELEVEL=3
[2019.01.25-23.07.15:616][786]LightingResults: New page: Lighting Build
[2019.01.25-23.07.15:617][786]LoadErrors: New page: Loading map: ReeeeeTest.umap
[2019.01.25-23.07.15:619][786]MapCheck: New page: Map Check
[2019.01.25-23.07.15:619][786]LightingResults: New page: Lighting Build
[2019.01.25-23.07.15:644][786]LogEditorServer: Finished looking for orphan Actors (0.000 secs)
[2019.01.25-23.07.15:696][786]Cmd: MAP CHECKDEP NOCLEARLOG
[2019.01.25-23.07.15:920][786]MapCheck: Map check complete: 0 Error(s), 0 Warning(s), took 223.524ms to complete.
[2019.01.25-23.07.15:923][786]LogFileHelpers: Loading map 'ReeeeeTest' took 0.307
[2019.01.25-23.07.20:110][247]LogSlate: FSceneViewport::OnFocusLost() reason 0
[2019.01.25-23.07.24:074][705]LogAIModule: Creating AISystem for world GameLevel
[2019.01.25-23.07.24:083][705]LogAssetEditorManager: Opening Asset editor for World /Game/GameLevel.GameLevel
[2019.01.25-23.07.24:106][705]Cmd: MAP LOAD FILE="../../../../../../Users/p018236h.STUDENT/Documents/GameJam/GGJ2019/GGJ2019/Content/GameLevel.umap" TEMPLATE=0 SHOWPROGRESS=1 FEATURELEVEL=3
[2019.01.25-23.07.24:106][705]LightingResults: New page: Lighting Build
[2019.01.25-23.07.24:107][705]LoadErrors: New page: Loading map: GameLevel.umap
[2019.01.25-23.07.24:108][705]MapCheck: New page: Map Check
[2019.01.25-23.07.24:108][705]LightingResults: New page: Lighting Build
[2019.01.25-23.07.24:141][705]LogEditorServer: Finished looking for orphan Actors (0.000 secs)
[2019.01.25-23.07.24:196][705]Cmd: MAP CHECKDEP NOCLEARLOG
[2019.01.25-23.07.24:402][705]MapCheck: Map check complete: 0 Error(s), 0 Warning(s), took 204.843ms to complete.
[2019.01.25-23.07.24:404][705]LogFileHelpers: Loading map 'GameLevel' took 0.299
[2019.01.25-23.07.24:898][750]LogSlate: FSceneViewport::OnFocusLost() reason 0
[2019.01.25-23.07.31:408][479]LogAIModule: Creating AISystem for world REeeeeeeeeee
[2019.01.25-23.07.33:401][696]LogAssetEditorManager: Opening Asset editor for World /Game/REeeeeeeeeee.REeeeeeeeeee
[2019.01.25-23.07.34:499][696]LogSlate: Window 'Save Content' being destroyed
[2019.01.25-23.07.34:738][696]Cmd: OBJ SAVEPACKAGE PACKAGE="/Game/REeeeeeeeeee" FILE="../../../../../../Users/p018236h.STUDENT/Documents/GameJam/GGJ2019/GGJ2019/Content/REeeeeeeeeee.umap" SILENT=true AUTOSAVING=false KEEPDIRTY=false
[2019.01.25-23.07.35:079][696]LogSavePackage: Moving '../../../../../../Users/p018236h.STUDENT/Documents/GameJam/GGJ2019/GGJ2019/Saved/REeeeeeeeeeeE5B6B5D343C634B36EF21F9AB31C40FA.tmp' to '../../../../../../Users/p018236h.STUDENT/Documents/GameJam/GGJ2019/GGJ2019/Content/REeeeeeeeeee.umap'
[2019.01.25-23.07.35:107][696]LogFileHelpers: Saving map 'REeeeeeeeeee' took 0.600
[2019.01.25-23.07.35:111][696]Cmd: MAP LOAD FILE="../../../../../../Users/p018236h.STUDENT/Documents/GameJam/GGJ2019/GGJ2019/Content/REeeeeeeeeee.umap" TEMPLATE=0 SHOWPROGRESS=1 FEATURELEVEL=3
[2019.01.25-23.07.35:112][696]LightingResults: New page: Lighting Build
[2019.01.25-23.07.35:112][696]LoadErrors: New page: Loading map: REeeeeeeeeee.umap
[2019.01.25-23.07.35:115][696]MapCheck: New page: Map Check
[2019.01.25-23.07.35:115][696]LightingResults: New page: Lighting Build
[2019.01.25-23.07.35:155][696]LogEditorServer: Finished looking for orphan Actors (0.000 secs)
[2019.01.25-23.07.35:212][696]Cmd: MAP CHECKDEP NOCLEARLOG
[2019.01.25-23.07.35:425][696]MapCheck: Map check complete: 0 Error(s), 0 Warning(s), took 212.409ms to complete.
[2019.01.25-23.07.35:428][696]LogFileHelpers: Loading map 'REeeeeeeeeee' took 0.318
[2019.01.25-23.07.45:315][848]LogEditorViewport: Clicking on Actor (LMB): BP_Sky_Sphere_C (BP_Sky_Sphere)
[2019.01.25-23.07.49:605][304]LogSlate: FSceneViewport::OnFocusLost() reason 0
[2019.01.25-23.07.50:948][441]LogAssetEditorManager: Opening Asset editor for World /Game/REeeeeeeeeee.REeeeeeeeeee
[2019.01.25-23.07.50:970][441]Cmd: MAP LOAD FILE="../../../../../../Users/p018236h.STUDENT/Documents/GameJam/GGJ2019/GGJ2019/Content/REeeeeeeeeee.umap" TEMPLATE=0 SHOWPROGRESS=1 FEATURELEVEL=3
[2019.01.25-23.07.50:971][441]LightingResults: New page: Lighting Build
[2019.01.25-23.07.50:971][441]LoadErrors: New page: Loading map: REeeeeeeeeee.umap
[2019.01.25-23.07.50:973][441]MapCheck: New page: Map Check
[2019.01.25-23.07.50:973][441]LightingResults: New page: Lighting Build
[2019.01.25-23.07.51:057][441]LogAIModule: Creating AISystem for world REeeeeeeeeee
[2019.01.25-23.07.51:083][441]LogEditorServer: Finished looking for orphan Actors (0.000 secs)
[2019.01.25-23.07.51:153][441]Cmd: MAP CHECKDEP NOCLEARLOG
[2019.01.25-23.07.51:362][441]MapCheck: Map check complete: 0 Error(s), 0 Warning(s), took 208.561ms to complete.
[2019.01.25-23.07.51:364][441]LogFileHelpers: Loading map 'REeeeeeeeeee' took 0.394
[2019.01.25-23.07.55:671][940]LogTemp: Repeating last play command: Selected Viewport
[2019.01.25-23.07.55:690][940]LogPlayLevel: PlayLevel: No blueprints needed recompiling
[2019.01.25-23.07.55:704][940]PIE: New page: PIE session: REeeeeeeeeee (25 Jan 2019 23:07:55)
[2019.01.25-23.07.55:705][940]LogPlayLevel: Creating play world package: /Game/UEDPIE_0_REeeeeeeeeee
[2019.01.25-23.07.55:722][940]LogPlayLevel: PIE: StaticDuplicateObject took: (0.017810s)
[2019.01.25-23.07.55:723][940]LogAIModule: Creating AISystem for world REeeeeeeeeee
[2019.01.25-23.07.55:724][940]LogPlayLevel: PIE: World Init took: (0.000960s)
[2019.01.25-23.07.55:724][940]LogPlayLevel: PIE: Created PIE world by copying editor world from /Game/REeeeeeeeeee.REeeeeeeeeee to /Game/UEDPIE_0_REeeeeeeeeee.REeeeeeeeeee (0.019200s)
[2019.01.25-23.07.55:752][940]LogInit: XAudio2 using 'Speakers (Realtek High Definition Audio)' : 2 channels at 48 kHz using 32 bits per sample (channel mask 0x3)
[2019.01.25-23.07.55:767][940]LogInit: FAudioDevice initialized.
[2019.01.25-23.07.55:821][940]LogLoad: Game class is 'GGJ2019GM_C'
[2019.01.25-23.07.55:825][940]LogWorld: Bringing World /Game/UEDPIE_0_REeeeeeeeeee.REeeeeeeeeee up for play (max tick rate 0) at 2019.01.25-23.07.55
[2019.01.25-23.07.55:825][940]LogWorld: Bringing up level for play took: 0.001926
[2019.01.25-23.07.55:848][940]LogContentBrowser: Native class hierarchy updated for 'MovieSceneCapture' in 0.0005 seconds. Added 10 classes and 0 folders.
[2019.01.25-23.07.55:855][940]PIE: Play in editor start time for /Game/UEDPIE_0_REeeeeeeeeee -0.211
[2019.01.25-23.08.01:982][665]LogSlate: Updating window title bar state: overlay mode, drag disabled, window buttons hidden, title bar hidden
[2019.01.25-23.08.02:023][665]LogPlayLevel: Display: Shutting down PIE online subsystems
[2019.01.25-23.08.02:065][665]LogSlate: Updating window title bar state: overlay mode, drag disabled, window buttons hidden, title bar hidden
[2019.01.25-23.08.02:088][666]LogPlayLevel: Display: Destroying online subsystem :Context_3
[2019.01.25-23.08.02:933][767]LogSlate: FSceneViewport::OnFocusLost() reason 0
[2019.01.25-23.08.06:783][106]LogSlate: Only BGRA pngs, bmps or icos are supported in by External Image Picker
[2019.01.25-23.08.06:849][107]LogTemp: Executing iPhonePackager certificates Engine -bundlename com.YourCompany.GGJ2019
[2019.01.25-23.08.06:849][107]LogTemp: CWD: C:\Epic\UE4\UE_4.20\Engine\Binaries\DotNET\IOS
[2019.01.25-23.08.06:849][107]LogTemp: Initial Dir: C:\Epic\UE4\UE_4.20
[2019.01.25-23.08.06:849][107]LogTemp: Env CWD: C:\Epic\UE4\UE_4.20\Engine\Binaries\DotNET\IOS
[2019.01.25-23.08.06:849][107]LogTemp: BranchPath = C115-8/C/Epic/UE4/UE_4.20/Engine/Binaries --- GameBranchPath = C115-8/C/Epic/UE4/UE_4.20/Engine/Binaries
[2019.01.25-23.08.06:872][108]LogTemp: IPP ERROR: Could not find provision directory 'C:\Users\p018236h.STUDENT\AppData\Local/Apple Computer/MobileDevice/Provisioning Profiles/'.
[2019.01.25-23.08.59:379][978]LogSlate: Window 'Project Settings' being destroyed
[2019.01.25-23.08.59:381][978]LogSlate: Window 'Project Settings' being destroyed
[2019.01.25-23.09.01:166][119]LogSlate: FSceneViewport::OnFocusLost() reason 0
[2019.01.25-23.09.01:233][127]LogTemp: Repeating last play command: Selected Viewport
[2019.01.25-23.09.01:255][127]LogPlayLevel: PlayLevel: No blueprints needed recompiling
[2019.01.25-23.09.01:255][127]PIE: New page: PIE session: REeeeeeeeeee (25 Jan 2019 23:09:01)
[2019.01.25-23.09.01:255][127]LogPlayLevel: Creating play world package: /Game/UEDPIE_0_REeeeeeeeeee
[2019.01.25-23.09.01:277][127]LogPlayLevel: PIE: StaticDuplicateObject took: (0.022311s)
[2019.01.25-23.09.01:278][127]LogAIModule: Creating AISystem for world REeeeeeeeeee
[2019.01.25-23.09.01:279][127]LogPlayLevel: PIE: World Init took: (0.001103s)
[2019.01.25-23.09.01:279][127]LogPlayLevel: PIE: Created PIE world by copying editor world from /Game/REeeeeeeeeee.REeeeeeeeeee to /Game/UEDPIE_0_REeeeeeeeeee.REeeeeeeeeee (0.023850s)
[2019.01.25-23.09.01:309][127]LogInit: XAudio2 using 'Speakers (Realtek High Definition Audio)' : 2 channels at 48 kHz using 32 bits per sample (channel mask 0x3)
[2019.01.25-23.09.01:327][127]LogInit: FAudioDevice initialized.
[2019.01.25-23.09.01:364][127]LogLoad: Game class is 'GGJ2019GM_C'
[2019.01.25-23.09.01:366][127]LogWorld: Bringing World /Game/UEDPIE_0_REeeeeeeeeee.REeeeeeeeeee up for play (max tick rate 0) at 2019.01.25-23.09.01
[2019.01.25-23.09.01:367][127]LogWorld: Bringing up level for play took: 0.001756
[2019.01.25-23.09.01:383][127]PIE: Play in editor start time for /Game/UEDPIE_0_REeeeeeeeeee -0.684
[2019.01.25-23.09.06:590][743]LogSlate: Updating window title bar state: overlay mode, drag disabled, window buttons hidden, title bar hidden
[2019.01.25-23.09.06:634][743]LogPlayLevel: Display: Shutting down PIE online subsystems
[2019.01.25-23.09.06:677][743]LogSlate: Updating window title bar state: overlay mode, drag disabled, window buttons hidden, title bar hidden
[2019.01.25-23.09.06:699][744]LogPlayLevel: Display: Destroying online subsystem :Context_4
[2019.01.25-23.09.49:713][435]LogSlate: FSceneViewport::OnFocusLost() reason 2
[2019.01.25-23.09.55:963][168]LogAssetEditorManager: Opening Asset editor for Blueprint /Game/Player_BP_Base.Player_BP_Base
[2019.01.25-23.09.56:462][168]LogContentBrowser: Native class hierarchy updated for 'BlueprintGraph' in 0.0010 seconds. Added 116 classes and 0 folders.
[2019.01.25-23.09.57:538][168]LogSlate: Took 0.000408 seconds to synchronously load lazily loaded font '../../../Engine/Content/Slate/Fonts/Roboto-BoldCondensed.ttf' (158K)
[2019.01.25-23.10.03:586][851]LogRenderer: Reallocating scene render targets to support 1208x900 Format 10 NumSamples 1 (Frame:1).
[2019.01.25-23.10.08:109][388]LogSlate: Took 0.000321 seconds to synchronously load lazily loaded font '../../../Engine/Content/Slate/Fonts/Roboto-Italic.ttf' (157K)
[2019.01.25-23.10.14:856][180]BlueprintLog: New page: Compile Player_BP_Base
[2019.01.25-23.10.15:679][252]Cmd: OBJ SAVEPACKAGE PACKAGE="/Game/Player_BP_Base" FILE="../../../../../../Users/p018236h.STUDENT/Documents/GameJam/GGJ2019/GGJ2019/Content/Player_BP_Base.uasset" SILENT=true
[2019.01.25-23.10.15:780][252]LogSavePackage: Moving '../../../../../../Users/p018236h.STUDENT/Documents/GameJam/GGJ2019/GGJ2019/Saved/Player_BP_Base718FCA694FAB5489CA521497509DDF9D.tmp' to '../../../../../../Users/p018236h.STUDENT/Documents/GameJam/GGJ2019/GGJ2019/Content/Player_BP_Base.uasset'
[2019.01.25-23.10.18:911][616]LogTemp: Repeating last play command: Selected Viewport
[2019.01.25-23.10.18:930][616]LogPlayLevel: PlayLevel: No blueprints needed recompiling
[2019.01.25-23.10.18:930][616]PIE: New page: PIE session: REeeeeeeeeee (25 Jan 2019 23:10:18)
[2019.01.25-23.10.18:930][616]LogPlayLevel: Creating play world package: /Game/UEDPIE_0_REeeeeeeeeee
[2019.01.25-23.10.18:946][616]LogPlayLevel: PIE: StaticDuplicateObject took: (0.015727s)
[2019.01.25-23.10.18:947][616]LogAIModule: Creating AISystem for world REeeeeeeeeee
[2019.01.25-23.10.18:947][616]LogPlayLevel: PIE: World Init took: (0.000857s)
[2019.01.25-23.10.18:947][616]LogPlayLevel: PIE: Created PIE world by copying editor world from /Game/REeeeeeeeeee.REeeeeeeeeee to /Game/UEDPIE_0_REeeeeeeeeee.REeeeeeeeeee (0.016961s)
[2019.01.25-23.10.18:981][616]LogInit: XAudio2 using 'Speakers (Realtek High Definition Audio)' : 2 channels at 48 kHz using 32 bits per sample (channel mask 0x3)
[2019.01.25-23.10.18:998][616]LogInit: FAudioDevice initialized.
[2019.01.25-23.10.19:033][616]LogLoad: Game class is 'GGJ2019GM_C'
[2019.01.25-23.10.19:035][616]LogWorld: Bringing World /Game/UEDPIE_0_REeeeeeeeeee.REeeeeeeeeee up for play (max tick rate 0) at 2019.01.25-23.10.19
[2019.01.25-23.10.19:035][616]LogWorld: Bringing up level for play took: 0.001565
[2019.01.25-23.10.19:050][616]PIE: Play in editor start time for /Game/UEDPIE_0_REeeeeeeeeee 0.983
[2019.01.25-23.10.22:688][ 46]LogSlate: Updating window title bar state: overlay mode, drag disabled, window buttons hidden, title bar hidden
[2019.01.25-23.10.22:731][ 46]LogPlayLevel: Display: Shutting down PIE online subsystems
[2019.01.25-23.10.22:782][ 46]LogSlate: Updating window title bar state: overlay mode, drag disabled, window buttons hidden, title bar hidden
[2019.01.25-23.10.22:808][ 47]LogPlayLevel: Display: Destroying online subsystem :Context_6
[2019.01.25-23.10.24:821][287]LogSlate: FSceneViewport::OnFocusLost() reason 0
[2019.01.25-23.10.25:173][328]LogAssetEditorManager: Opening Asset editor for Blueprint /Game/Player_BP_Base.Player_BP_Base
[2019.01.25-23.10.58:491][230]BlueprintLog: New page: Compile Player_BP_Base
[2019.01.25-23.10.58:807][242]Cmd: OBJ SAVEPACKAGE PACKAGE="/Game/Player_BP_Base" FILE="../../../../../../Users/p018236h.STUDENT/Documents/GameJam/GGJ2019/GGJ2019/Content/Player_BP_Base.uasset" SILENT=true
[2019.01.25-23.10.58:848][242]LogSavePackage: Moving '../../../../../../Users/p018236h.STUDENT/Documents/GameJam/GGJ2019/GGJ2019/Saved/Player_BP_BaseD32E5E5D468BF4F69AD969840D6091B9.tmp' to '../../../../../../Users/p018236h.STUDENT/Documents/GameJam/GGJ2019/GGJ2019/Content/Player_BP_Base.uasset'
[2019.01.25-23.11.41:028][926]Cmd: OBJ SAVEPACKAGE PACKAGE="/Game/Player_BP_Base" FILE="../../../../../../Users/p018236h.STUDENT/Documents/GameJam/GGJ2019/GGJ2019/Content/Player_BP_Base.uasset" SILENT=true
[2019.01.25-23.11.41:070][926]LogSavePackage: Moving '../../../../../../Users/p018236h.STUDENT/Documents/GameJam/GGJ2019/GGJ2019/Saved/Player_BP_Base22B38C6A432BC25B758874A91E80722A.tmp' to '../../../../../../Users/p018236h.STUDENT/Documents/GameJam/GGJ2019/GGJ2019/Content/Player_BP_Base.uasset'
[2019.01.25-23.11.41:407][964]BlueprintLog: New page: Compile Player_BP_Base
[2019.01.25-23.11.42:012][  7]Cmd: OBJ SAVEPACKAGE PACKAGE="/Game/Player_BP_Base" FILE="../../../../../../Users/p018236h.STUDENT/Documents/GameJam/GGJ2019/GGJ2019/Content/Player_BP_Base.uasset" SILENT=true
[2019.01.25-23.11.42:053][  7]LogSavePackage: Moving '../../../../../../Users/p018236h.STUDENT/Documents/GameJam/GGJ2019/GGJ2019/Saved/Player_BP_Base1508B0BB47D13ABDF1BDDBA8ADD53748.tmp' to '../../../../../../Users/p018236h.STUDENT/Documents/GameJam/GGJ2019/GGJ2019/Content/Player_BP_Base.uasset'
[2019.01.25-23.11.43:322][157]LogTemp: Repeating last play command: Selected Viewport
[2019.01.25-23.11.43:345][157]LogPlayLevel: PlayLevel: No blueprints needed recompiling
[2019.01.25-23.11.43:345][157]PIE: New page: PIE session: REeeeeeeeeee (25 Jan 2019 23:11:43)
[2019.01.25-23.11.43:345][157]LogPlayLevel: Creating play world package: /Game/UEDPIE_0_REeeeeeeeeee
[2019.01.25-23.11.43:365][157]LogPlayLevel: PIE: StaticDuplicateObject took: (0.020135s)
[2019.01.25-23.11.43:366][157]LogAIModule: Creating AISystem for world REeeeeeeeeee
[2019.01.25-23.11.43:366][157]LogPlayLevel: PIE: World Init took: (0.000783s)
[2019.01.25-23.11.43:366][157]LogPlayLevel: PIE: Created PIE world by copying editor world from /Game/REeeeeeeeeee.REeeeeeeeeee to /Game/UEDPIE_0_REeeeeeeeeee.REeeeeeeeeee (0.021244s)
[2019.01.25-23.11.43:407][157]LogInit: XAudio2 using 'Speakers (Realtek High Definition Audio)' : 2 channels at 48 kHz using 32 bits per sample (channel mask 0x3)
[2019.01.25-23.11.43:422][157]LogInit: FAudioDevice initialized.
[2019.01.25-23.11.43:461][157]LogLoad: Game class is 'GGJ2019GM_C'
[2019.01.25-23.11.43:463][157]LogWorld: Bringing World /Game/UEDPIE_0_REeeeeeeeeee.REeeeeeeeeee up for play (max tick rate 0) at 2019.01.25-23.11.43
[2019.01.25-23.11.43:463][157]LogWorld: Bringing up level for play took: 0.001579
[2019.01.25-23.11.43:478][157]PIE: Play in editor start time for /Game/UEDPIE_0_REeeeeeeeeee -0.589
[2019.01.25-23.11.47:967][692]LogSlate: Updating window title bar state: overlay mode, drag disabled, window buttons hidden, title bar hidden
[2019.01.25-23.11.48:005][692]LogPlayLevel: Display: Shutting down PIE online subsystems
[2019.01.25-23.11.48:049][692]LogSlate: Updating window title bar state: overlay mode, drag disabled, window buttons hidden, title bar hidden
[2019.01.25-23.11.48:071][693]LogPlayLevel: Display: Destroying online subsystem :Context_8
[2019.01.25-23.12.01:295][278]LogSlate: FSceneViewport::OnFocusLost() reason 0
[2019.01.25-23.13.32:224][777]LogSlate: Only BGRA pngs, bmps or icos are supported in by External Image Picker
[2019.01.25-23.13.32:313][779]LogTemp: Executing iPhonePackager certificates Engine -bundlename com.YourCompany.GGJ2019
[2019.01.25-23.13.32:313][779]LogTemp: CWD: C:\Epic\UE4\UE_4.20\Engine\Binaries\DotNET\IOS
[2019.01.25-23.13.32:313][779]LogTemp: Initial Dir: C:\Epic\UE4\UE_4.20
[2019.01.25-23.13.32:313][779]LogTemp: Env CWD: C:\Epic\UE4\UE_4.20\Engine\Binaries\DotNET\IOS
[2019.01.25-23.13.32:313][779]LogTemp: BranchPath = C115-8/C/Epic/UE4/UE_4.20/Engine/Binaries --- GameBranchPath = C115-8/C/Epic/UE4/UE_4.20/Engine/Binaries
[2019.01.25-23.13.32:340][780]LogTemp: IPP ERROR: Could not find provision directory 'C:\Users\p018236h.STUDENT\AppData\Local/Apple Computer/MobileDevice/Provisioning Profiles/'.
