Log file open, 01/27/19 05:48:33
LogWindows: Failed to load 'aqProf.dll' (GetLastError=126)
LogWindows: File 'aqProf.dll' does not exist
LogWindows: Failed to load 'VSPerf140.dll' (GetLastError=126)
LogWindows: File 'VSPerf140.dll' does not exist
LogWindows: Failed to load 'VtuneApi.dll' (GetLastError=126)
LogWindows: File 'VtuneApi.dll' does not exist
LogWindows: Failed to load 'VtuneApi32e.dll' (GetLastError=126)
LogWindows: File 'VtuneApi32e.dll' does not exist
LogInit: Display: Running engine for game: GGJ2019
LogPlatformFile: Not using cached read wrapper
LogTaskGraph: Started task graph with 5 named threads and 23 total threads with 3 sets of task threads.
LogStats: Stats thread started at 0.446080
LogD3D11RHI: Loaded GFSDK_Aftermath_Lib.x64.dll
LogICUInternationalization: Display: ICU TimeZone Detection - Raw Offset: +0:00, Platform Override: ''
LogPluginManager: Mounting plugin Paper2D
LogPluginManager: Mounting plugin AISupport
LogPluginManager: Mounting plugin LightPropagationVolume
LogPluginManager: Mounting plugin CLionSourceCodeAccess
LogPluginManager: Mounting plugin CodeLiteSourceCodeAccess
LogPluginManager: Mounting plugin GitSourceControl
LogPluginManager: Mounting plugin KDevelopSourceCodeAccess
LogPluginManager: Mounting plugin NullSourceCodeAccess
LogPluginManager: Mounting plugin PerforceSourceControl
LogPluginManager: Mounting plugin SubversionSourceControl
LogPluginManager: Mounting plugin UObjectPlugin
LogPluginManager: Mounting plugin VisualStudioCodeSourceCodeAccess
LogPluginManager: Mounting plugin VisualStudioSourceCodeAccess
LogPluginManager: Mounting plugin XCodeSourceCodeAccess
LogPluginManager: Mounting plugin AssetManagerEditor
LogPluginManager: Mounting plugin CryptoKeys
LogPluginManager: Mounting plugin DataValidation
LogPluginManager: Mounting plugin FacialAnimation
LogPluginManager: Mounting plugin GameplayTagsEditor
LogPluginManager: Mounting plugin MacGraphicsSwitching
LogPluginManager: Mounting plugin MeshEditor
LogPluginManager: Mounting plugin MobileLauncherProfileWizard
LogPluginManager: Mounting plugin PluginBrowser
LogPluginManager: Mounting plugin SpeedTreeImporter
LogPluginManager: Mounting plugin DatasmithContent
LogPluginManager: Mounting plugin AlembicImporter
LogPluginManager: Mounting plugin AppleImageUtils
LogPluginManager: Mounting plugin AppleVision
LogPluginManager: Mounting plugin BackChannel
LogPluginManager: Mounting plugin CharacterAI
LogPluginManager: Mounting plugin GeometryCache
LogPluginManager: Mounting plugin HTML5Networking
LogPluginManager: Mounting plugin ProxyLODPlugin
LogPluginManager: Mounting plugin MagicLeap
LogPluginManager: Mounting plugin MagicLeapEmulator
LogPluginManager: Mounting plugin MagicLeapMedia
LogPluginManager: Mounting plugin AndroidMedia
LogPluginManager: Mounting plugin AvfMedia
LogPluginManager: Mounting plugin ImgMedia
LogPluginManager: Mounting plugin LinearTimecode
LogPluginManager: Mounting plugin MediaCompositing
LogPluginManager: Mounting plugin MediaPlayerEditor
LogPluginManager: Mounting plugin WmfMedia
LogPluginManager: Mounting plugin TcpMessaging
LogPluginManager: Mounting plugin UdpMessaging
LogPluginManager: Mounting plugin ActorSequence
LogPluginManager: Mounting plugin LevelSequenceEditor
LogPluginManager: Mounting plugin MatineeToLevelSequence
LogPluginManager: Mounting plugin NetcodeUnitTest
LogPluginManager: Mounting plugin NUTUnrealEngine4
LogPluginManager: Mounting plugin OnlineSubsystemGooglePlay
LogPluginManager: Mounting plugin OnlineSubsystemIOS
LogPluginManager: Mounting plugin OnlineSubsystem
LogPluginManager: Mounting plugin OnlineSubsystemNull
LogPluginManager: Mounting plugin OnlineSubsystemUtils
LogPluginManager: Mounting plugin LauncherChunkInstaller
LogPluginManager: Mounting plugin AndroidDeviceProfileSelector
LogPluginManager: Mounting plugin AndroidMoviePlayer
LogPluginManager: Mounting plugin AndroidPermission
LogPluginManager: Mounting plugin AppleMoviePlayer
LogPluginManager: Mounting plugin ArchVisCharacter
LogPluginManager: Mounting plugin AudioCapture
LogPluginManager: Mounting plugin CableComponent
LogPluginManager: Mounting plugin CustomMeshComponent
LogPluginManager: Mounting plugin EditableMesh
LogPluginManager: Mounting plugin ExampleDeviceProfileSelector
LogPluginManager: Mounting plugin GoogleCloudMessaging
LogPluginManager: Mounting plugin ImmediatePhysics
LogPluginManager: Mounting plugin IOSDeviceProfileSelector
LogPluginManager: Mounting plugin LinuxDeviceProfileSelector
LogPluginManager: Mounting plugin LocationServicesBPLibrary
LogPluginManager: Mounting plugin MobilePatchingUtils
LogPluginManager: Mounting plugin OculusVR
LogPluginManager: Plugin shader directory ../../../Engine/Plugins/Runtime/Oculus/OculusVR/Shaders found
LogPluginManager: Mapping shader source directory ../../../Engine/Plugins/Runtime/Oculus/OculusVR/Shaders to virtual directory /Plugin/OculusVR
LogPluginManager: Mounting plugin PhysXVehicles
LogPluginManager: Mounting plugin ProceduralMeshComponent
LogPluginManager: Mounting plugin RuntimePhysXCooking
LogPluginManager: Mounting plugin SteamVR
LogPluginManager: Mounting plugin WindowsMoviePlayer
LogStreaming: Display: Took  0.403s to configure plugins.
LogInit: Using libcurl 7.55.1-DEV
LogInit:  - built for x86_64-pc-win32
LogInit:  - supports SSL with OpenSSL/1.0.2h
LogInit:  - supports HTTP deflate (compression) using libz 1.2.8
LogInit:  - other features:
LogInit:      CURL_VERSION_SSL
LogInit:      CURL_VERSION_LIBZ
LogInit:      CURL_VERSION_IPV6
LogInit:      CURL_VERSION_ASYNCHDNS
LogInit:      CURL_VERSION_LARGEFILE
LogInit:      CURL_VERSION_IDN
LogInit:  CurlRequestOptions (configurable via config and command line):
LogInit:  - bVerifyPeer = false  - Libcurl will NOT verify peer certificate
LogInit:  - bUseHttpProxy = false  - Libcurl will NOT use HTTP proxy
LogInit:  - bDontReuseConnections = false  - Libcurl will reuse connections
LogInit:  - CertBundlePath = nullptr  - Libcurl will use whatever was configured at build time.
LogInit:  - MaxHostConnections = 16  - Libcurl will limit the number of connections to a host
LogInit:  - LocalHostAddr = Default
LogInit:  - BufferSize = 65536
LogInit: WinSock: version 1.1 (2.2), MaxSocks=32767, MaxUdp=65467
LogInit: Build: ++UE4+Release-4.20-CL-4369336
LogInit: Engine Version: 4.20.3-4369336+++UE4+Release-4.20
LogInit: Compatible Engine Version: 4.20.0-4212847+++UE4+Release-4.20
LogInit: Net CL: 4212847
LogInit: OS: Windows 10 (), CPU: Intel(R) Xeon(R) CPU E5-1620 v3 @ 3.50GHz, GPU: NVIDIA GeForce GTX 970
LogInit: Compiled (64-bit): Sep 17 2018 12:26:19
LogInit: Compiled with Visual C++: 19.13.26129.00
LogInit: Build Configuration: Development
LogInit: Branch Name: ++UE4+Release-4.20
LogInit: Command Line:  -skipcompile
LogInit: Base Directory: C:/Epic/UE4/UE_4.20/Engine/Binaries/Win64/
LogInit: Installed Engine Build: 1
LogDevObjectVersion: Number of dev versions registered: 20
LogDevObjectVersion:   Dev-Blueprints (B0D832E4-1F89-4F0D-ACCF-7EB736FD4AA2): 10
LogDevObjectVersion:   Dev-Build (E1C64328-A22C-4D53-A36C-8E866417BD8C): 0
LogDevObjectVersion:   Dev-Core (375EC13C-06E4-48FB-B500-84F0262A717E): 2
LogDevObjectVersion:   Dev-Editor (E4B068ED-F494-42E9-A231-DA0B2E46BB41): 24
LogDevObjectVersion:   Dev-Framework (CFFC743F-43B0-4480-9391-14DF171D2073): 34
LogDevObjectVersion:   Dev-Mobile (B02B49B5-BB20-44E9-A304-32B752E40360): 2
LogDevObjectVersion:   Dev-Networking (A4E4105C-59A1-49B5-A7C5-40C4547EDFEE): 0
LogDevObjectVersion:   Dev-Online (39C831C9-5AE6-47DC-9A44-9C173E1C8E7C): 0
LogDevObjectVersion:   Dev-Physics (78F01B33-EBEA-4F98-B9B4-84EACCB95AA2): 0
LogDevObjectVersion:   Dev-Platform (6631380F-2D4D-43E0-8009-CF276956A95A): 0
LogDevObjectVersion:   Dev-Rendering (12F88B9F-8875-4AFC-A67C-D90C383ABD29): 26
LogDevObjectVersion:   Dev-Sequencer (7B5AE74C-D270-4C10-A958-57980B212A5A): 9
LogDevObjectVersion:   Dev-VR (D7296918-1DD6-4BDD-9DE2-64A83CC13884): 2
LogDevObjectVersion:   Dev-LoadTimes (C2A15278-BFE7-4AFE-6C17-90FF531DF755): 1
LogDevObjectVersion:   Private-Geometry (6EACA3D4-40EC-4CC1-B786-8BED09428FC5): 3
LogDevObjectVersion:   Dev-AnimPhys (29E575DD-E0A3-4627-9D10-D276232CDCEA): 17
LogDevObjectVersion:   Dev-ReflectionCapture (6B266CEC-1EC7-4B8F-A30B-E4D90942FC07): 1
LogDevObjectVersion:   Dev-Automation (0DF73D61-A23F-47EA-B727-89E90C41499A): 1
LogDevObjectVersion:   FortniteMain (601D1886-AC64-4F84-AA16-D3DE0DEAC7D6): 12
LogDevObjectVersion:   Dev-Enterprise (9DFFBCD6-494F-0158-E221-12823C92A888): 1
LogStreaming: Display: Took  0.008s to delete old logs.
LogInit: Presizing for max 8388607 objects, including 0 objects not considered by GC, pre-allocating 0 bytes for permanent pool.
LogInit: Object subsystem initialized
[2019.01.27-05.48.34:642][  0]LogInit: Selected Device Profile: [Windows]
[2019.01.27-05.48.34:642][  0]LogInit: Applying CVar settings loaded from the selected device profile: [Windows]
[2019.01.27-05.48.34:662][  0]LogHAL: Display: Platform has ~ 16 GB [17092038656 / 17179869184 / 16], which maps to Larger [LargestMinGB=32, LargerMinGB=12, DefaultMinGB=8, SmallerMinGB=6, SmallestMinGB=0)
[2019.01.27-05.48.34:662][  0]LogInit: Setting Device Profile CVar: [[r.Vulkan.UseRealUBs:1]]
[2019.01.27-05.48.34:662][  0]LogInit: Going up to parent DeviceProfile []
[2019.01.27-05.48.34:663][  0]LogInit: Computer: C115-11
[2019.01.27-05.48.34:663][  0]LogInit: User: w017177h
[2019.01.27-05.48.34:663][  0]LogInit: CPU Page size=4096, Cores=4
[2019.01.27-05.48.34:663][  0]LogInit: High frequency timer resolution =3.410072 MHz
[2019.01.27-05.48.34:663][  0]LogMemory: Memory total: Physical=15.9GB (16GB approx)
[2019.01.27-05.48.34:663][  0]LogMemory: Platform Memory Stats for Windows
[2019.01.27-05.48.34:663][  0]LogMemory: Process Physical Memory: 101.55 MB used, 101.55 MB peak
[2019.01.27-05.48.34:663][  0]LogMemory: Process Virtual Memory: 93.57 MB used, 93.57 MB peak
[2019.01.27-05.48.34:664][  0]LogMemory: Physical Memory: 6475.93 MB used,  9824.31 MB free, 16300.24 MB total
[2019.01.27-05.48.34:664][  0]LogMemory: Virtual Memory: 4642.79 MB used,  9824.31 MB free, 134217728.00 MB total
[2019.01.27-05.48.34:815][  0]LogInit: Using OS detected language (en-US).
[2019.01.27-05.48.34:815][  0]LogInit: Using OS detected locale (en-GB).
[2019.01.27-05.48.34:817][  0]LogTextLocalizationManager: No specific localization for 'en-US' exists, so the 'en' localization will be used.
[2019.01.27-05.48.35:249][  0]LogStreaming: Display: Took  0.435s to InitEngineTextLocalization.
[2019.01.27-05.48.35:250][  0]LogInit: Setting process to per monitor DPI aware
[2019.01.27-05.48.35:299][  0]LogSlate: New Slate User Created.  User Index 0, Is Virtual User: 0
[2019.01.27-05.48.35:299][  0]LogSlate: Slate User Registered.  User Index 0, Is Virtual User: 0
[2019.01.27-05.48.35:657][  0]LogHMD: Failed to initialize OpenVR with code 110
[2019.01.27-05.48.35:657][  0]LogD3D11RHI: D3D11 adapters:
[2019.01.27-05.48.35:754][  0]LogD3D11RHI:    0. 'NVIDIA GeForce GTX 970' (Feature Level 11_0)
[2019.01.27-05.48.35:754][  0]LogD3D11RHI:       4043/0/8150 MB DedicatedVideo/DedicatedSystem/SharedSystem, Outputs:2, VendorId:0x10de
[2019.01.27-05.48.35:760][  0]LogD3D11RHI:    1. 'Microsoft Basic Render Driver' (Feature Level 11_0)
[2019.01.27-05.48.35:760][  0]LogD3D11RHI:       0/0/8150 MB DedicatedVideo/DedicatedSystem/SharedSystem, Outputs:0, VendorId:0x1414
[2019.01.27-05.48.35:760][  0]LogD3D11RHI: Chosen D3D11 Adapter: 0
[2019.01.27-05.48.35:770][  0]LogD3D11RHI: Creating new Direct3DDevice
[2019.01.27-05.48.35:770][  0]LogD3D11RHI:     GPU DeviceId: 0x13c2 (for the marketing name, search the web for "GPU Device Id")
[2019.01.27-05.48.35:770][  0]LogWindows: EnumDisplayDevices:
[2019.01.27-05.48.35:770][  0]LogWindows:    0. 'NVIDIA GeForce GTX 970' (P:1 D:1)
[2019.01.27-05.48.35:771][  0]LogWindows:    1. 'NVIDIA GeForce GTX 970' (P:0 D:1)
[2019.01.27-05.48.35:771][  0]LogWindows:    2. 'NVIDIA GeForce GTX 970' (P:0 D:0)
[2019.01.27-05.48.35:771][  0]LogWindows:    3. 'NVIDIA GeForce GTX 970' (P:0 D:0)
[2019.01.27-05.48.35:772][  0]LogWindows: DebugString: FoundDriverCount:4 
[2019.01.27-05.48.35:772][  0]LogD3D11RHI:     Adapter Name: NVIDIA GeForce GTX 970
[2019.01.27-05.48.35:772][  0]LogD3D11RHI:   Driver Version: 398.82 (internal:24.21.13.9882, unified:398.82)
[2019.01.27-05.48.35:772][  0]LogD3D11RHI:      Driver Date: 7-30-2018
[2019.01.27-05.48.35:772][  0]LogRHI: Texture pool is 2830 MB (70% of 4043 MB)
[2019.01.27-05.48.35:819][  0]LogD3D11RHI: Async texture creation enabled
[2019.01.27-05.48.35:836][  0]LogD3D11RHI: GPU Timing Frequency: 1000.000000 (Debug: 2 2)
[2019.01.27-05.48.35:882][  0]LogShaderCompilers: Guid format shader working directory is -17 characters bigger than the processId version (../../../../../../Users/w017177h.STUDENT/Documents/Github/GGJ2019/GGJ2019/Intermediate/Shaders/WorkingDirectory/16684/).
[2019.01.27-05.48.35:883][  0]LogShaderCompilers: Cleaned the shader compiler working directory 'C:/Users/w017177h.STUDENT/AppData/Local/Temp/UnrealShaderWorkingDir/45B7ADFD44DEF873CFCCFD973AFA07D6/'.
[2019.01.27-05.48.36:259][  0]LogTemp: Display: Loaded TP AllDesktopTargetPlatform
[2019.01.27-05.48.36:278][  0]LogTemp: Display: Loaded TP MacClientTargetPlatform
[2019.01.27-05.48.36:297][  0]LogTemp: Display: Loaded TP MacNoEditorTargetPlatform
[2019.01.27-05.48.36:318][  0]LogTemp: Display: Loaded TP MacServerTargetPlatform
[2019.01.27-05.48.36:336][  0]LogTemp: Display: Loaded TP MacTargetPlatform
[2019.01.27-05.48.36:355][  0]LogTemp: Display: Loaded TP WindowsClientTargetPlatform
[2019.01.27-05.48.36:375][  0]LogTemp: Display: Loaded TP WindowsNoEditorTargetPlatform
[2019.01.27-05.48.36:393][  0]LogTemp: Display: Loaded TP WindowsServerTargetPlatform
[2019.01.27-05.48.36:404][  0]LogTemp: Display: Loaded TP WindowsTargetPlatform
[2019.01.27-05.48.36:495][  0]LogTemp: Display: Loaded TP AndroidTargetPlatform
[2019.01.27-05.48.36:496][  0]LogTemp: Display: Loaded TP AndroidTargetPlatform
[2019.01.27-05.48.36:496][  0]LogTemp: Display: Loaded TP AndroidTargetPlatform
[2019.01.27-05.48.36:496][  0]LogTemp: Display: Loaded TP AndroidTargetPlatform
[2019.01.27-05.48.36:496][  0]LogTemp: Display: Loaded TP AndroidTargetPlatform
[2019.01.27-05.48.36:496][  0]LogTemp: Display: Loaded TP AndroidTargetPlatform
[2019.01.27-05.48.36:496][  0]LogTemp: Display: Loaded TP AndroidTargetPlatform
[2019.01.27-05.48.36:496][  0]LogTemp: Display: Loaded TP AndroidTargetPlatform
[2019.01.27-05.48.36:496][  0]LogTemp: Display: Loaded TP AndroidTargetPlatform
[2019.01.27-05.48.36:496][  0]LogTemp: Display: Loaded TP AndroidTargetPlatform
[2019.01.27-05.48.36:496][  0]LogTemp: Display: Loaded TP AndroidTargetPlatform
[2019.01.27-05.48.36:496][  0]LogTemp: Display: Loaded TP AndroidTargetPlatform
[2019.01.27-05.48.36:496][  0]LogTemp: Display: Loaded TP AndroidTargetPlatform
[2019.01.27-05.48.36:496][  0]LogTemp: Display: Loaded TP AndroidTargetPlatform
[2019.01.27-05.48.36:496][  0]LogTemp: Display: Loaded TP AndroidTargetPlatform
[2019.01.27-05.48.36:496][  0]LogTemp: Display: Loaded TP AndroidTargetPlatform
[2019.01.27-05.48.36:496][  0]LogTemp: Display: Loaded TP AndroidTargetPlatform
[2019.01.27-05.48.36:496][  0]LogTemp: Display: Loaded TP AndroidTargetPlatform
[2019.01.27-05.48.36:501][  0]LogTemp: Display: Loaded TP HTML5TargetPlatform
[2019.01.27-05.48.36:574][  0]LogTemp: Display: Loaded TP IOSTargetPlatform
[2019.01.27-05.48.36:574][  0]LogTemp: Display: Loaded TP IOSTargetPlatform
[2019.01.27-05.48.36:603][  0]LogTemp: Display: Loaded TP TVOSTargetPlatform
[2019.01.27-05.48.36:603][  0]LogTemp: Display: Loaded TP TVOSTargetPlatform
[2019.01.27-05.48.36:623][  0]LogTemp: Display: Loaded TP LinuxClientTargetPlatform
[2019.01.27-05.48.36:644][  0]LogTemp: Display: Loaded TP LinuxNoEditorTargetPlatform
[2019.01.27-05.48.36:679][  0]LogTemp: Display: Loaded TP LinuxServerTargetPlatform
[2019.01.27-05.48.36:711][  0]LogTemp: Display: Loaded TP LinuxTargetPlatform
[2019.01.27-05.48.36:728][  0]LogTemp: Display: Loaded TP LuminTargetPlatform
[2019.01.27-05.48.36:728][  0]LogTargetPlatformManager: Display: Building Assets For Windows
[2019.01.27-05.48.36:914][  0]LogXGEController: Cleaning working directory: C:/Users/w017177h.STUDENT/AppData/Local/Temp/UnrealXGEWorkingDir/
[2019.01.27-05.48.36:915][  0]LogXGEController: Cannot use XGE Controller as Incredibuild is not installed on this machine.
[2019.01.27-05.48.36:915][  0]LogShaderCompilers: Cannot use XGE Shader Compiler as Incredibuild is not installed on this machine.
[2019.01.27-05.48.36:915][  0]LogShaderCompilers: Display: Using Local Shader Compiler.
[2019.01.27-05.48.38:019][  0]LogDerivedDataCache: Display: Max Cache Size: 512 MB
[2019.01.27-05.48.38:125][  0]LogDerivedDataCache: Loaded boot cache 0.11s 71MB C:/Users/w017177h.STUDENT/AppData/Local/UnrealEngine/4.20/DerivedDataCache/Boot.ddc.
[2019.01.27-05.48.38:126][  0]LogDerivedDataCache: Display: Loaded Boot cache: C:/Users/w017177h.STUDENT/AppData/Local/UnrealEngine/4.20/DerivedDataCache/Boot.ddc
[2019.01.27-05.48.38:126][  0]LogDerivedDataCache: FDerivedDataBackendGraph:  Pak pak cache file ../../../../../../Users/w017177h.STUDENT/Documents/Github/GGJ2019/GGJ2019/DerivedDataCache/DDC.ddp not found, will not use a pak cache.
[2019.01.27-05.48.38:126][  0]LogDerivedDataCache: Unable to find inner node Pak for hierarchical cache Hierarchy.
[2019.01.27-05.48.38:127][  0]LogDerivedDataCache: FDerivedDataBackendGraph:  CompressedPak pak cache file ../../../../../../Users/w017177h.STUDENT/Documents/Github/GGJ2019/GGJ2019/DerivedDataCache/Compressed.ddp not found, will not use a pak cache.
[2019.01.27-05.48.38:127][  0]LogDerivedDataCache: Unable to find inner node CompressedPak for hierarchical cache Hierarchy.
[2019.01.27-05.48.38:140][  0]LogDerivedDataCache: Display: Pak cache opened for reading ../../../Engine/DerivedDataCache/Compressed.ddp.
[2019.01.27-05.48.38:153][  0]LogDerivedDataCache: Using Local data cache path C:/Users/w017177h.STUDENT/AppData/Local/UnrealEngine/Common/DerivedDataCache: Writable
[2019.01.27-05.48.38:153][  0]LogDerivedDataCache: Shared data cache path not found in *engine.ini, will not use an Shared cache.
[2019.01.27-05.48.38:153][  0]LogDerivedDataCache: Unable to find inner node Shared for hierarchical cache Hierarchy.
[2019.01.27-05.48.38:173][  0]LogMaterial: Verifying Global Shaders for PCD3D_SM5
[2019.01.27-05.48.38:177][  0]LogSlate: Using FreeType 2.6.0
[2019.01.27-05.48.38:178][  0]LogSlate: SlateFontServices - WITH_FREETYPE: 1, WITH_HARFBUZZ: 1
[2019.01.27-05.48.38:293][  0]LogAssetRegistry: FAssetRegistry took 0.0354 seconds to start up
[2019.01.27-05.48.38:751][  0]LogInit: Selected Device Profile: [Windows]
[2019.01.27-05.48.38:967][  0]LogSimplygon: Simplygon DLL not present - disabling.
[2019.01.27-05.48.38:978][  0]LogMeshReduction: Using SimplygonSwarm for distributed automatic mesh merging
[2019.01.27-05.48.38:979][  0]LogMeshReduction: Using ProxyLODMeshReduction for automatic mesh merging
[2019.01.27-05.48.38:979][  0]LogMeshReduction: Using QuadricMeshReduction for automatic static mesh reduction
[2019.01.27-05.48.38:979][  0]LogMeshReduction: No automatic skeletal mesh reduction module available
[2019.01.27-05.48.39:003][  0]LogNetVersion: GGJ2019 1.0.0, NetCL: 4212847, EngineNetVer: 5, GameNetVer: 0 (Checksum: 54619999)
[2019.01.27-05.48.39:752][  0]LogPackageLocalizationCache: Processed 11 localized package path(s) for 2 prioritized culture(s) in 0.154687 seconds
[2019.01.27-05.48.39:759][  0]LogUObjectArray: 38425 objects as part of root set at end of initial load.
[2019.01.27-05.48.39:759][  0]LogUObjectAllocator: 6690872 out of 0 bytes used by permanent object pool.
[2019.01.27-05.48.39:759][  0]LogUObjectArray: CloseDisregardForGC: 0/0 objects in disregard for GC pool
[2019.01.27-05.48.41:008][  0]LogTcpMessaging: Initializing TcpMessaging bridge
[2019.01.27-05.48.41:025][  0]LogUdpMessaging: Initializing bridge on interface 0.0.0.0:0 to multicast group 230.0.0.1:6666.
[2019.01.27-05.48.41:270][  0]SourceControl: Source control is disabled
[2019.01.27-05.48.41:271][  0]SourceControl: Source control is disabled
[2019.01.27-05.48.41:274][  0]SourceControl: Source control is disabled
[2019.01.27-05.48.41:277][  0]SourceControl: Source control is disabled
[2019.01.27-05.48.41:586][  0]LogAndroidPermission: UAndroidPermissionCallbackProxy::GetInstance
[2019.01.27-05.48.41:709][  0]LogOcInput: OculusInput pre-init called
[2019.01.27-05.48.41:788][  0]LogEngine: Initializing Engine...
[2019.01.27-05.48.41:790][  0]LogHMD: Failed to initialize OpenVR with code 110
[2019.01.27-05.48.41:792][  0]LogStats: UGameplayTagsManager::ConstructGameplayTagTree: ImportINI prefixes -  0.000 s
[2019.01.27-05.48.41:793][  0]LogStats: UGameplayTagsManager::ConstructGameplayTagTree: Construct from data asset -  0.000 s
[2019.01.27-05.48.41:793][  0]LogStats: UGameplayTagsManager::ConstructGameplayTagTree: ImportINI -  0.000 s
[2019.01.27-05.48.41:793][  0]LogStats: UGameplayTagsManager::ConstructGameplayTagTree: GameplayTagTreeChangedEvent.Broadcast -  0.000 s
[2019.01.27-05.48.42:073][  0]LogInit: Initializing FReadOnlyCVARCache
[2019.01.27-05.48.42:103][  0]LogAIModule: Creating AISystem for world Untitled
[2019.01.27-05.48.42:127][  0]LogInit: XAudio2 using 'Headset Earphone (2- Razer ManO'War)' : 2 channels at 48 kHz using 16 bits per sample (channel mask 0x3)
[2019.01.27-05.48.42:149][  0]LogInit: FAudioDevice initialized.
[2019.01.27-05.48.42:149][  0]LogNetVersion: Set ProjectVersion to 1.0.0.0. Version Checksum will be recalculated on next use.
[2019.01.27-05.48.42:245][  0]LogDerivedDataCache: Saved boot cache 0.10s 71MB C:/Users/w017177h.STUDENT/AppData/Local/UnrealEngine/4.20/DerivedDataCache/Boot.ddc.
[2019.01.27-05.48.42:286][  0]LogInit: Texture streaming: Enabled
[2019.01.27-05.48.42:331][  0]LogEngineSessionManager: EngineSessionManager initialized
[2019.01.27-05.48.42:331][  0]LogEngineSessionManager: EngineSessionManager sent abnormal shutdown report. Type=Debugger, SessionId={35E5726B-45CC-C258-10E0-058E5F5BB35F}
[2019.01.27-05.48.42:347][  0]LogInit: Transaction tracking system initialized
[2019.01.27-05.48.42:403][  0]BlueprintLog: New page: Editor Load
[2019.01.27-05.48.42:583][  0]LocalizationService: Localization service is disabled
[2019.01.27-05.48.42:979][  0]LogCook: Display: Max memory allowance for cook 16384mb min free memory 0mb
[2019.01.27-05.48.42:979][  0]LogCook: Display: Mobile HDR setting 1
[2019.01.27-05.48.42:980][  0]LogGameplayTags: Display: UGameplayTagsManager::DoneAddingNativeTags. DelegateIsBound: 0
[2019.01.27-05.48.42:980][  0]LogStats: UGameplayTagsManager::ConstructGameplayTagTree: ImportINI prefixes -  0.000 s
[2019.01.27-05.48.42:980][  0]LogStats: UGameplayTagsManager::ConstructGameplayTagTree: Construct from data asset -  0.000 s
[2019.01.27-05.48.42:980][  0]LogStats: UGameplayTagsManager::ConstructGameplayTagTree: ImportINI -  0.000 s
[2019.01.27-05.48.42:980][  0]LogStats: UGameplayTagsManager::ConstructGameplayTagTree: GameplayTagTreeChangedEvent.Broadcast -  0.000 s
[2019.01.27-05.48.43:188][  0]LogFileCache: Scanning file cache for directory 'C:/Users/w017177h.STUDENT/Documents/Github/GGJ2019/GGJ2019/Content/' took 0.02s
[2019.01.27-05.48.43:188][  0]SourceControl: Source control is disabled
[2019.01.27-05.48.43:189][  0]Cmd: MAP LOAD FILE="../../../../../../Users/w017177h.STUDENT/Documents/Github/GGJ2019/GGJ2019/Content/GameLevel.umap" TEMPLATE=0 SHOWPROGRESS=1 FEATURELEVEL=3
[2019.01.27-05.48.43:189][  0]LightingResults: New page: Lighting Build
[2019.01.27-05.48.43:195][  0]MapCheck: New page: Map Check
[2019.01.27-05.48.43:195][  0]LightingResults: New page: Lighting Build
[2019.01.27-05.48.43:530][  0]LogAIModule: Creating AISystem for world GameLevel
[2019.01.27-05.48.43:547][  0]LogEditorServer: Finished looking for orphan Actors (0.000 secs)
[2019.01.27-05.48.43:579][  0]Cmd: MAP CHECKDEP NOCLEARLOG
[2019.01.27-05.48.43:772][  0]MapCheck: Map check complete: 0 Error(s), 0 Warning(s), took 192.756ms to complete.
[2019.01.27-05.48.43:772][  0]LogFileHelpers: Loading map 'GameLevel' took 0.583
[2019.01.27-05.48.43:936][  0]LogSlate: Updating window title bar state: overlay mode, drag disabled, window buttons hidden, title bar hidden
[2019.01.27-05.48.43:944][  0]LogSlate: Updating window title bar state: overlay mode, drag disabled, window buttons hidden, title bar hidden
[2019.01.27-05.48.43:952][  0]LogSlate: Updating window title bar state: overlay mode, drag disabled, window buttons hidden, title bar hidden
[2019.01.27-05.48.43:960][  0]LogSlate: Updating window title bar state: overlay mode, drag disabled, window buttons hidden, title bar hidden
[2019.01.27-05.48.43:977][  0]LogCollectionManager: Loaded 0 collections in 0.007122 seconds
[2019.01.27-05.48.44:047][  0]LogFileCache: Scanning file cache for directory 'C:/Users/w017177h.STUDENT/Documents/Github/GGJ2019/GGJ2019/Saved/Collections/' took 0.01s
[2019.01.27-05.48.44:048][  0]LogFileCache: Scanning file cache for directory 'C:/Users/w017177h.STUDENT/Documents/Github/GGJ2019/GGJ2019/Content/Developers/w017177h/Collections/' took 0.01s
[2019.01.27-05.48.44:048][  0]LogFileCache: Scanning file cache for directory 'C:/Users/w017177h.STUDENT/Documents/Github/GGJ2019/GGJ2019/Content/Collections/' took 0.01s
[2019.01.27-05.48.44:048][  0]LogCollectionManager: Rebuilt the GUID cache for 0 collections in 0.000001 seconds
[2019.01.27-05.48.44:066][  0]LogContentBrowser: Native class hierarchy populated in 0.0169 seconds. Added 2585 classes and 606 folders.
[2019.01.27-05.48.44:079][  0]LogContentBrowser: Native class hierarchy updated for 'WidgetCarousel' in 0.0008 seconds. Added 0 classes and 0 folders.
[2019.01.27-05.48.44:170][  0]LogContentBrowser: Native class hierarchy updated for 'AddContentDialog' in 0.0005 seconds. Added 0 classes and 0 folders.
[2019.01.27-05.48.44:182][  0]LogContentBrowser: Native class hierarchy updated for 'SceneOutliner' in 0.0007 seconds. Added 1 classes and 2 folders.
[2019.01.27-05.48.44:203][  0]LogSlate: Took 0.000299 seconds to synchronously load lazily loaded font '../../../Engine/Content/Slate/Fonts/Roboto-Regular.ttf' (155K)
[2019.01.27-05.48.44:206][  0]LogSlate: Took 0.000241 seconds to synchronously load lazily loaded font '../../../Engine/Content/Slate/Fonts/Roboto-Bold.ttf' (160K)
[2019.01.27-05.48.44:216][  0]LogSlate: Took 0.000252 seconds to synchronously load lazily loaded font '../../../Engine/Content/Editor/Slate/Fonts/FontAwesome.ttf' (139K)
[2019.01.27-05.48.44:306][  0]LogRenderer: Reallocating scene render targets to support 1208x576 Format 10 NumSamples 1 (Frame:1).
[2019.01.27-05.48.44:365][  0]LogSlate: Took 0.000240 seconds to synchronously load lazily loaded font '../../../Engine/Content/Slate/Fonts/Roboto-Light.ttf' (167K)
[2019.01.27-05.48.44:469][  0]LogContentBrowser: Native class hierarchy updated for 'HierarchicalLODOutliner' in 0.0011 seconds. Added 0 classes and 0 folders.
[2019.01.27-05.48.44:469][  0]LogLoad: (Engine Initialization) Total time: 13.63 seconds
[2019.01.27-05.48.44:469][  0]LogLoad: (Engine Initialization) Total Blueprint compile time: 0.00 seconds
[2019.01.27-05.48.44:481][  0]LogWindowsTextInputMethodSystem: Display: IME system now deactivated.
[2019.01.27-05.48.44:507][  0]LogActor: Warning: Fridge_BP_Base_C /Engine/Transient.World_0:PersistentLevel.Fridge_BP_Base_C_0 has natively added scene component(s), but none of them were set as the actor's RootComponent - picking one arbitrarily
[2019.01.27-05.48.44:530][  0]LogContentStreaming: Texture pool size now 1000 MB
[2019.01.27-05.48.44:564][  1]LogFileCache: Retrieving MD5 hashes for directory 'C:/Users/w017177h.STUDENT/Documents/Github/GGJ2019/GGJ2019/Content/' took 0.06s
[2019.01.27-05.48.44:598][  2]LogAssetRegistry: Asset discovery search completed in 6.3314 seconds
[2019.01.27-05.48.44:600][  2]LogCollectionManager: Rebuilt the object cache for 0 collections in 0.000000 seconds (found 0 objects)
[2019.01.27-05.48.44:601][  2]LogCollectionManager: Fixed up redirectors for 0 collections in 0.000208 seconds (updated 0 objects)
[2019.01.27-05.50.32:076][664]LogSlate: FSceneViewport::OnFocusLost() reason 0
[2019.01.27-05.50.43:273][966]LogSlate: Took 0.000314 seconds to synchronously load lazily loaded font '../../../Engine/Content/Slate/Fonts/Roboto-Light.ttf' (167K)
[2019.01.27-05.50.44:094][966]LogAIModule: Creating AISystem for world JohnFinalLevel
[2019.01.27-05.50.44:185][966]LogAssetEditorManager: Opening Asset editor for World /Game/StarterContent/Maps/JohnFinalLevel.JohnFinalLevel
[2019.01.27-05.50.44:219][966]Cmd: MAP LOAD FILE="../../../../../../Users/w017177h.STUDENT/Documents/Github/GGJ2019/GGJ2019/Content/StarterContent/Maps/JohnFinalLevel.umap" TEMPLATE=0 SHOWPROGRESS=1 FEATURELEVEL=3
[2019.01.27-05.50.44:219][966]LightingResults: New page: Lighting Build
[2019.01.27-05.50.44:220][966]LoadErrors: New page: Loading map: JohnFinalLevel.umap
[2019.01.27-05.50.44:222][966]MapCheck: New page: Map Check
[2019.01.27-05.50.44:222][966]LightingResults: New page: Lighting Build
[2019.01.27-05.50.44:335][966]LogEditorServer: Finished looking for orphan Actors (0.000 secs)
[2019.01.27-05.50.44:403][966]Cmd: MAP CHECKDEP NOCLEARLOG
[2019.01.27-05.50.44:646][966]MapCheck: Map check complete: 0 Error(s), 0 Warning(s), took 243.941ms to complete.
[2019.01.27-05.50.44:648][966]LogFileHelpers: Loading map 'JohnFinalLevel' took 0.431
[2019.01.27-05.50.45:694][ 71]LogTemp: Repeating last play command: Selected Viewport
[2019.01.27-05.50.45:718][ 71]LogPlayLevel: PlayLevel: No blueprints needed recompiling
[2019.01.27-05.50.45:732][ 71]PIE: New page: PIE session: JohnFinalLevel (27 Jan 2019 05:50:45)
[2019.01.27-05.50.45:733][ 71]LogPlayLevel: Creating play world package: /Game/StarterContent/Maps/UEDPIE_0_JohnFinalLevel
[2019.01.27-05.50.45:756][ 71]LogPlayLevel: PIE: StaticDuplicateObject took: (0.023280s)
[2019.01.27-05.50.45:757][ 71]LogAIModule: Creating AISystem for world JohnFinalLevel
[2019.01.27-05.50.45:758][ 71]LogPlayLevel: PIE: World Init took: (0.001575s)
[2019.01.27-05.50.45:758][ 71]LogPlayLevel: PIE: Created PIE world by copying editor world from /Game/StarterContent/Maps/JohnFinalLevel.JohnFinalLevel to /Game/StarterContent/Maps/UEDPIE_0_JohnFinalLevel.JohnFinalLevel (0.025583s)
[2019.01.27-05.50.45:795][ 71]LogInit: XAudio2 using 'Headset Earphone (2- Razer ManO'War)' : 2 channels at 48 kHz using 16 bits per sample (channel mask 0x3)
[2019.01.27-05.50.45:806][ 71]LogInit: FAudioDevice initialized.
[2019.01.27-05.50.45:862][ 71]LogLoad: Game class is 'GGJ2019GM_C'
[2019.01.27-05.50.45:881][ 71]LogWorld: Bringing World /Game/StarterContent/Maps/UEDPIE_0_JohnFinalLevel.JohnFinalLevel up for play (max tick rate 0) at 2019.01.27-05.50.45
[2019.01.27-05.50.45:888][ 71]LogWorld: Bringing up level for play took: 0.023148
[2019.01.27-05.50.45:909][ 71]LogContentBrowser: Native class hierarchy updated for 'MovieSceneCapture' in 0.0005 seconds. Added 10 classes and 0 folders.
[2019.01.27-05.50.45:913][ 71]PIE: Play in editor start time for /Game/StarterContent/Maps/UEDPIE_0_JohnFinalLevel -0.347
[2019.01.27-05.50.55:049][127]LogSlate: FSceneViewport::OnFocusLost() reason 2
[2019.01.27-05.50.56:765][328]LogSlate: FSceneViewport::OnFocusLost() reason 2
[2019.01.27-05.50.59:342][594]LogEditorViewport: Clicking on Actor (LMB): StaticMeshActor (Garden_Base)
[2019.01.27-05.51.00:110][635]LogEditorViewport: Clicking on Actor (LMB): Enemy_BP_Base_C (Enemy_BP_Base3)
[2019.01.27-05.51.00:878][677]LogEditorViewport: Clicking on Actor (LMB): Enemy_BP_Base_C (Enemy_BP_Base8)
[2019.01.27-05.51.03:294][872]LogSlate: FSceneViewport::OnFocusLost() reason 0
[2019.01.27-05.51.08:233][360]LogSlate: Updating window title bar state: overlay mode, drag disabled, window buttons hidden, title bar hidden
[2019.01.27-05.51.08:273][360]LogPlayLevel: Display: Shutting down PIE online subsystems
[2019.01.27-05.51.08:304][360]LogSlate: Updating window title bar state: overlay mode, drag disabled, window buttons hidden, title bar hidden
[2019.01.27-05.51.08:337][363]LogPlayLevel: Display: Destroying online subsystem :Context_2
[2019.01.27-05.51.09:769][469]LogSavePackage: Moving '../../../../../../Users/w017177h.STUDENT/Documents/Github/GGJ2019/GGJ2019/Saved/JohnFinalLevel34DAE361491BE9334370668CBF442493.tmp' to '../../../../../../Users/w017177h.STUDENT/Documents/Github/GGJ2019/GGJ2019/Content/StarterContent/Maps/JohnFinalLevel.umap'
[2019.01.27-05.51.14:684][977]LogSavePackage: Moving '../../../../../../Users/w017177h.STUDENT/Documents/Github/GGJ2019/GGJ2019/Saved/JohnFinalLevelEAF4BF5E48C315B74486A6B98B0AC52D.tmp' to '../../../../../../Users/w017177h.STUDENT/Documents/Github/GGJ2019/GGJ2019/Content/StarterContent/Maps/JohnFinalLevel.umap'
[2019.01.27-05.51.19:313][442]LogSavePackage: Moving '../../../../../../Users/w017177h.STUDENT/Documents/Github/GGJ2019/GGJ2019/Saved/JohnFinalLevelE13EFE6B4ABC9BFD8125EAA06A8C0E2B.tmp' to '../../../../../../Users/w017177h.STUDENT/Documents/Github/GGJ2019/GGJ2019/Content/StarterContent/Maps/JohnFinalLevel.umap'
[2019.01.27-05.51.31:380][534]Candidate modules for hot reload:
[2019.01.27-05.51.31:380][534]  GGJ2019
[2019.01.27-05.51.31:380][534]Launching UnrealBuildTool... [C:/Epic/UE4/UE_4.20/Engine/Binaries/DotNET/UnrealBuildTool.exe  -ModuleWithSuffix=GGJ2019,2101 Win64 Development -TargetType=Editor -Project="../../../../../../Users/w017177h.STUDENT/Documents/Github/GGJ2019/GGJ2019/GGJ2019.uproject" -canskiplink "C:/Users/w017177h.STUDENT/Documents/Github/GGJ2019/GGJ2019/GGJ2019.uproject" ]
[2019.01.27-05.51.31:384][534]Warning: Starting HotReload took  0.0s.
[2019.01.27-05.51.38:131][823]CompilerResultsLog: New page: Compilation - 27 Jan 2019 05:51:38
[2019.01.27-05.51.38:131][823]CompilerResultsLog: Using 'git status' to determine working set for adaptive non-unity build.
[2019.01.27-05.51.38:131][823]CompilerResultsLog: Compiling game modules for hot reload
[2019.01.27-05.51.38:131][823]CompilerResultsLog: Building 3 actions with 8 processes...
[2019.01.27-05.51.38:131][823]CompilerResultsLog:   [1/3] Enemy_Base.cpp
[2019.01.27-05.51.38:132][823]CompilerResultsLog:   [2/3] UE4Editor-GGJ2019-2101.lib
[2019.01.27-05.51.38:132][823]CompilerResultsLog:      Creating library C:\Users\w017177h.STUDENT\Documents\Github\GGJ2019\GGJ2019\Intermediate\Build\Win64\UE4Editor\Development\GGJ2019\UE4Editor-GGJ2019-2101.lib and object C:\Users\w017177h.STUDENT\Documents\Github\GGJ2019\GGJ2019\Intermediate\Build\Win64\UE4Editor\Development\GGJ2019\UE4Editor-GGJ2019-2101.exp
[2019.01.27-05.51.38:132][823]CompilerResultsLog:   [3/3] UE4Editor-GGJ2019-2101.dll
[2019.01.27-05.51.38:132][823]CompilerResultsLog:      Creating library C:\Users\w017177h.STUDENT\Documents\Github\GGJ2019\GGJ2019\Intermediate\Build\Win64\UE4Editor\Development\GGJ2019\UE4Editor-GGJ2019-2101.suppressed.lib and object C:\Users\w017177h.STUDENT\Documents\Github\GGJ2019\GGJ2019\Intermediate\Build\Win64\UE4Editor\Development\GGJ2019\UE4Editor-GGJ2019-2101.suppressed.exp
[2019.01.27-05.51.38:132][823]CompilerResultsLog: Total build time: 6.15 seconds (Parallel executor: 2.57 seconds)
[2019.01.27-05.51.38:132][823]LogMainFrame: MainFrame: Module compiling took 6.760 seconds
[2019.01.27-05.51.38:206][823]LogClass: WeaponType HotReload.
[2019.01.27-05.51.38:206][823]LogClass: FoodTypes HotReload.
[2019.01.27-05.51.38:213][823]LogContentBrowser: Native class hierarchy updated for 'GGJ2019' in 0.0006 seconds. Added 13 classes and 3 folders.
[2019.01.27-05.51.38:216][823]Display: HotReload successful (27 functions remapped  0 scriptstructs remapped)
[2019.01.27-05.51.38:363][823]LogContentBrowser: Native class hierarchy populated in 0.0099 seconds. Added 2586 classes and 608 folders.
[2019.01.27-05.51.38:365][823]Display: HotReload took  7.0s.
[2019.01.27-05.51.41:127][831]LogTemp: Repeating last play command: Selected Viewport
[2019.01.27-05.51.41:158][831]LogPlayLevel: PlayLevel: No blueprints needed recompiling
[2019.01.27-05.51.41:159][831]PIE: New page: PIE session: JohnFinalLevel (27 Jan 2019 05:51:41)
[2019.01.27-05.51.41:159][831]LogPlayLevel: Creating play world package: /Game/StarterContent/Maps/UEDPIE_0_JohnFinalLevel
[2019.01.27-05.51.41:201][831]LogPlayLevel: PIE: StaticDuplicateObject took: (0.042360s)
[2019.01.27-05.51.41:203][831]LogAIModule: Creating AISystem for world JohnFinalLevel
[2019.01.27-05.51.41:203][831]LogPlayLevel: PIE: World Init took: (0.001385s)
[2019.01.27-05.51.41:203][831]LogPlayLevel: PIE: Created PIE world by copying editor world from /Game/StarterContent/Maps/JohnFinalLevel.JohnFinalLevel to /Game/StarterContent/Maps/UEDPIE_0_JohnFinalLevel.JohnFinalLevel (0.044433s)
[2019.01.27-05.51.41:249][831]LogInit: XAudio2 using 'Headset Earphone (2- Razer ManO'War)' : 2 channels at 48 kHz using 16 bits per sample (channel mask 0x3)
[2019.01.27-05.51.41:263][831]LogInit: FAudioDevice initialized.
[2019.01.27-05.51.41:298][831]LogLoad: Game class is 'GGJ2019GM_C'
[2019.01.27-05.51.41:307][831]LogWorld: Bringing World /Game/StarterContent/Maps/UEDPIE_0_JohnFinalLevel.JohnFinalLevel up for play (max tick rate 0) at 2019.01.27-05.51.41
[2019.01.27-05.51.41:311][831]LogWorld: Bringing up level for play took: 0.011933
[2019.01.27-05.51.41:327][831]PIE: Play in editor start time for /Game/StarterContent/Maps/UEDPIE_0_JohnFinalLevel 1.067
[2019.01.27-05.51.44:884][234]LogSlate: FSceneViewport::OnFocusLost() reason 2
[2019.01.27-05.51.58:723][831]LogActor: Warning: Pickup_BP_Food_C /Game/StarterContent/Maps/UEDPIE_0_JohnFinalLevel.JohnFinalLevel:PersistentLevel.Pickup_BP_Food_C_0 has natively added scene component(s), but none of them were set as the actor's RootComponent - picking one arbitrarily
[2019.01.27-05.51.58:880][849]LogActor: Warning: Pickup_BP_Food_C /Game/StarterContent/Maps/UEDPIE_0_JohnFinalLevel.JohnFinalLevel:PersistentLevel.Pickup_BP_Food_C_1 has natively added scene component(s), but none of them were set as the actor's RootComponent - picking one arbitrarily
[2019.01.27-05.51.59:910][966]LogActor: Warning: Pickup_BP_Food_C /Game/StarterContent/Maps/UEDPIE_0_JohnFinalLevel.JohnFinalLevel:PersistentLevel.Pickup_BP_Food_C_2 has natively added scene component(s), but none of them were set as the actor's RootComponent - picking one arbitrarily
[2019.01.27-05.52.00:171][996]LogActor: Warning: Pickup_BP_Food_C /Game/StarterContent/Maps/UEDPIE_0_JohnFinalLevel.JohnFinalLevel:PersistentLevel.Pickup_BP_Food_C_3 has natively added scene component(s), but none of them were set as the actor's RootComponent - picking one arbitrarily
[2019.01.27-05.52.00:949][ 76]LogActor: Warning: Pickup_BP_Food_C /Game/StarterContent/Maps/UEDPIE_0_JohnFinalLevel.JohnFinalLevel:PersistentLevel.Pickup_BP_Food_C_4 has natively added scene component(s), but none of them were set as the actor's RootComponent - picking one arbitrarily
[2019.01.27-05.52.11:849][267]LogSlate: Updating window title bar state: overlay mode, drag disabled, window buttons hidden, title bar hidden
[2019.01.27-05.52.11:888][267]LogPlayLevel: Display: Shutting down PIE online subsystems
[2019.01.27-05.52.11:927][267]LogSlate: Updating window title bar state: overlay mode, drag disabled, window buttons hidden, title bar hidden
[2019.01.27-05.52.11:948][268]LogPlayLevel: Display: Destroying online subsystem :Context_5
[2019.01.27-05.52.13:218][418]LogEditorViewport: Clicking on Actor (LMB): NavigationNode_BP_Base_C (NavigationNode_BP_Base175)
[2019.01.27-05.52.14:869][609]LogEditorViewport: Clicking on Actor (LMB): NavigationNode_BP_Base_C (NavigationNode_BP_Base176)
[2019.01.27-05.52.16:645][814]LogEditorViewport: Clicking on Actor (LMB): NavigationNode_BP_Base_C (NavigationNode_BP_Base183)
[2019.01.27-05.52.21:820][397]LogSlate: FSceneViewport::OnFocusLost() reason 2
[2019.01.27-05.52.22:370][397]LogSavePackage: Moving '../../../../../../Users/w017177h.STUDENT/Documents/Github/GGJ2019/GGJ2019/Saved/JohnFinalLevelFBA8BBA84062F9030B5149B4BA35C6BA.tmp' to '../../../../../../Users/w017177h.STUDENT/Documents/Github/GGJ2019/GGJ2019/Content/StarterContent/Maps/JohnFinalLevel.umap'
[2019.01.27-05.53.00:091][894]LogSlate: Took 0.000486 seconds to synchronously load lazily loaded font '../../../Engine/Content/Slate/Fonts/Roboto-Italic.ttf' (157K)
[2019.01.27-05.53.02:531][902]LogSlate: FSceneViewport::OnFocusLost() reason 0
[2019.01.27-05.53.02:798][902]Candidate modules for hot reload:
[2019.01.27-05.53.02:799][902]  GGJ2019
[2019.01.27-05.53.02:799][902]Launching UnrealBuildTool... [C:/Epic/UE4/UE_4.20/Engine/Binaries/DotNET/UnrealBuildTool.exe  -ModuleWithSuffix=GGJ2019,2630 Win64 Development -TargetType=Editor -Project="../../../../../../Users/w017177h.STUDENT/Documents/Github/GGJ2019/GGJ2019/GGJ2019.uproject" -canskiplink "C:/Users/w017177h.STUDENT/Documents/Github/GGJ2019/GGJ2019/GGJ2019.uproject" ]
[2019.01.27-05.53.02:804][902]Warning: Starting HotReload took  0.0s.
[2019.01.27-05.53.09:191][387]LogSlate: FSceneViewport::OnFocusLost() reason 2
[2019.01.27-05.53.09:718][387]LogSavePackage: Moving '../../../../../../Users/w017177h.STUDENT/Documents/Github/GGJ2019/GGJ2019/Saved/JohnFinalLevel58E44D55417D7CB1647EBE8DFFD65426.tmp' to '../../../../../../Users/w017177h.STUDENT/Documents/Github/GGJ2019/GGJ2019/Content/StarterContent/Maps/JohnFinalLevel.umap'
[2019.01.27-05.53.09:798][388]CompilerResultsLog: New page: Compilation - 27 Jan 2019 05:53:09
[2019.01.27-05.53.09:798][388]CompilerResultsLog: Using 'git status' to determine working set for adaptive non-unity build.
[2019.01.27-05.53.09:798][388]CompilerResultsLog: Compiling game modules for hot reload
[2019.01.27-05.53.09:798][388]CompilerResultsLog: Building 3 actions with 8 processes...
[2019.01.27-05.53.09:798][388]CompilerResultsLog:   [1/3] Enemy_Base.cpp
[2019.01.27-05.53.09:798][388]CompilerResultsLog:   [2/3] UE4Editor-GGJ2019-2630.lib
[2019.01.27-05.53.09:799][388]CompilerResultsLog:      Creating library C:\Users\w017177h.STUDENT\Documents\Github\GGJ2019\GGJ2019\Intermediate\Build\Win64\UE4Editor\Development\GGJ2019\UE4Editor-GGJ2019-2630.lib and object C:\Users\w017177h.STUDENT\Documents\Github\GGJ2019\GGJ2019\Intermediate\Build\Win64\UE4Editor\Development\GGJ2019\UE4Editor-GGJ2019-2630.exp
[2019.01.27-05.53.09:799][388]CompilerResultsLog:   [3/3] UE4Editor-GGJ2019-2630.dll
[2019.01.27-05.53.09:799][388]CompilerResultsLog:      Creating library C:\Users\w017177h.STUDENT\Documents\Github\GGJ2019\GGJ2019\Intermediate\Build\Win64\UE4Editor\Development\GGJ2019\UE4Editor-GGJ2019-2630.suppressed.lib and object C:\Users\w017177h.STUDENT\Documents\Github\GGJ2019\GGJ2019\Intermediate\Build\Win64\UE4Editor\Development\GGJ2019\UE4Editor-GGJ2019-2630.suppressed.exp
[2019.01.27-05.53.09:799][388]CompilerResultsLog: Total build time: 6.16 seconds (Parallel executor: 2.44 seconds)
[2019.01.27-05.53.09:799][388]LogMainFrame: MainFrame: Module compiling took 7.009 seconds
[2019.01.27-05.53.09:868][388]LogClass: WeaponType HotReload.
[2019.01.27-05.53.09:868][388]LogClass: FoodTypes HotReload.
[2019.01.27-05.53.09:881][388]LogContentBrowser: Native class hierarchy updated for 'GGJ2019' in 0.0011 seconds. Added 13 classes and 3 folders.
[2019.01.27-05.53.09:885][388]Display: HotReload successful (27 functions remapped  0 scriptstructs remapped)
[2019.01.27-05.53.09:955][388]LogContentBrowser: Native class hierarchy populated in 0.0096 seconds. Added 2586 classes and 608 folders.
[2019.01.27-05.53.09:956][388]Display: HotReload took  7.2s.
[2019.01.27-05.53.11:852][437]LogSlate: FSceneViewport::OnFocusLost() reason 0
[2019.01.27-05.53.11:943][440]LogTemp: Repeating last play command: Selected Viewport
[2019.01.27-05.53.11:973][440]LogPlayLevel: PlayLevel: No blueprints needed recompiling
[2019.01.27-05.53.11:973][440]PIE: New page: PIE session: JohnFinalLevel (27 Jan 2019 05:53:11)
[2019.01.27-05.53.11:974][440]LogPlayLevel: Creating play world package: /Game/StarterContent/Maps/UEDPIE_0_JohnFinalLevel
[2019.01.27-05.53.12:000][440]LogPlayLevel: PIE: StaticDuplicateObject took: (0.026329s)
[2019.01.27-05.53.12:001][440]LogAIModule: Creating AISystem for world JohnFinalLevel
[2019.01.27-05.53.12:001][440]LogPlayLevel: PIE: World Init took: (0.001105s)
[2019.01.27-05.53.12:002][440]LogPlayLevel: PIE: Created PIE world by copying editor world from /Game/StarterContent/Maps/JohnFinalLevel.JohnFinalLevel to /Game/StarterContent/Maps/UEDPIE_0_JohnFinalLevel.JohnFinalLevel (0.028231s)
[2019.01.27-05.53.12:041][440]LogInit: XAudio2 using 'Headset Earphone (2- Razer ManO'War)' : 2 channels at 48 kHz using 16 bits per sample (channel mask 0x3)
[2019.01.27-05.53.12:054][440]LogInit: FAudioDevice initialized.
[2019.01.27-05.53.12:092][440]LogLoad: Game class is 'GGJ2019GM_C'
[2019.01.27-05.53.12:101][440]LogWorld: Bringing World /Game/StarterContent/Maps/UEDPIE_0_JohnFinalLevel.JohnFinalLevel up for play (max tick rate 0) at 2019.01.27-05.53.12
[2019.01.27-05.53.12:105][440]LogWorld: Bringing up level for play took: 0.011570
[2019.01.27-05.53.12:121][440]PIE: Play in editor start time for /Game/StarterContent/Maps/UEDPIE_0_JohnFinalLevel -0.139
[2019.01.27-05.53.29:414][434]LogActor: Warning: Pickup_BP_Food_C /Game/StarterContent/Maps/UEDPIE_0_JohnFinalLevel.JohnFinalLevel:PersistentLevel.Pickup_BP_Food_C_0 has natively added scene component(s), but none of them were set as the actor's RootComponent - picking one arbitrarily
[2019.01.27-05.53.30:573][569]LogActor: Warning: Pickup_BP_Food_C /Game/StarterContent/Maps/UEDPIE_0_JohnFinalLevel.JohnFinalLevel:PersistentLevel.Pickup_BP_Food_C_1 has natively added scene component(s), but none of them were set as the actor's RootComponent - picking one arbitrarily
[2019.01.27-05.53.30:823][599]LogActor: Warning: Pickup_BP_Food_C /Game/StarterContent/Maps/UEDPIE_0_JohnFinalLevel.JohnFinalLevel:PersistentLevel.Pickup_BP_Food_C_2 has natively added scene component(s), but none of them were set as the actor's RootComponent - picking one arbitrarily
[2019.01.27-05.53.31:093][627]LogActor: Warning: Pickup_BP_Food_C /Game/StarterContent/Maps/UEDPIE_0_JohnFinalLevel.JohnFinalLevel:PersistentLevel.Pickup_BP_Food_C_3 has natively added scene component(s), but none of them were set as the actor's RootComponent - picking one arbitrarily
[2019.01.27-05.53.31:529][679]LogActor: Warning: Pickup_BP_Food_C /Game/StarterContent/Maps/UEDPIE_0_JohnFinalLevel.JohnFinalLevel:PersistentLevel.Pickup_BP_Food_C_4 has natively added scene component(s), but none of them were set as the actor's RootComponent - picking one arbitrarily
[2019.01.27-05.53.33:207][870]LogSlate: Updating window title bar state: overlay mode, drag disabled, window buttons hidden, title bar hidden
[2019.01.27-05.53.33:247][870]LogPlayLevel: Display: Shutting down PIE online subsystems
[2019.01.27-05.53.33:274][870]LogSlate: Updating window title bar state: overlay mode, drag disabled, window buttons hidden, title bar hidden
[2019.01.27-05.53.33:310][872]LogPlayLevel: Display: Destroying online subsystem :Context_6
[2019.01.27-05.53.34:325][992]LogSlate: FSceneViewport::OnFocusLost() reason 0
[2019.01.27-05.53.35:220][ 96]Candidate modules for hot reload:
[2019.01.27-05.53.35:221][ 96]  GGJ2019
[2019.01.27-05.53.35:221][ 96]Launching UnrealBuildTool... [C:/Epic/UE4/UE_4.20/Engine/Binaries/DotNET/UnrealBuildTool.exe  -ModuleWithSuffix=GGJ2019,4432 Win64 Development -TargetType=Editor -Project="../../../../../../Users/w017177h.STUDENT/Documents/Github/GGJ2019/GGJ2019/GGJ2019.uproject" -canskiplink "C:/Users/w017177h.STUDENT/Documents/Github/GGJ2019/GGJ2019/GGJ2019.uproject" ]
[2019.01.27-05.53.35:225][ 96]Warning: Starting HotReload took  0.0s.
[2019.01.27-05.53.38:061][421]LogSlate: FSceneViewport::OnFocusLost() reason 2
[2019.01.27-05.53.38:643][421]LogSavePackage: Moving '../../../../../../Users/w017177h.STUDENT/Documents/Github/GGJ2019/GGJ2019/Saved/JohnFinalLevel1AFBBBE5429883E669F7B7A71E52799D.tmp' to '../../../../../../Users/w017177h.STUDENT/Documents/Github/GGJ2019/GGJ2019/Content/StarterContent/Maps/JohnFinalLevel.umap'
[2019.01.27-05.53.39:069][454]CompilerResultsLog: New page: Compilation - 27 Jan 2019 05:53:39
[2019.01.27-05.53.39:069][454]CompilerResultsLog: Using 'git status' to determine working set for adaptive non-unity build.
[2019.01.27-05.53.39:069][454]CompilerResultsLog: Compiling game modules for hot reload
[2019.01.27-05.53.39:069][454]CompilerResultsLog: Target is up to date
[2019.01.27-05.53.39:069][454]CompilerResultsLog: Total build time: 3.53 seconds (NoActionsToExecute executor: 0.00 seconds)
[2019.01.27-05.53.39:069][454]LogMainFrame: MainFrame: Module compiling took 3.855 seconds
[2019.01.27-05.53.39:108][454]LogContentBrowser: Native class hierarchy populated in 0.0098 seconds. Added 2586 classes and 608 folders.
[2019.01.27-05.53.39:108][454]Display: HotReload took  3.9s.
[2019.01.27-05.53.40:330][592]LogSlate: FSceneViewport::OnFocusLost() reason 0
[2019.01.27-05.53.40:409][598]LogTemp: Repeating last play command: Selected Viewport
[2019.01.27-05.53.40:442][598]LogPlayLevel: PlayLevel: No blueprints needed recompiling
[2019.01.27-05.53.40:442][598]PIE: New page: PIE session: JohnFinalLevel (27 Jan 2019 05:53:40)
[2019.01.27-05.53.40:442][598]LogPlayLevel: Creating play world package: /Game/StarterContent/Maps/UEDPIE_0_JohnFinalLevel
[2019.01.27-05.53.40:465][598]LogPlayLevel: PIE: StaticDuplicateObject took: (0.022631s)
[2019.01.27-05.53.40:465][598]LogAIModule: Creating AISystem for world JohnFinalLevel
[2019.01.27-05.53.40:466][598]LogPlayLevel: PIE: World Init took: (0.000817s)
[2019.01.27-05.53.40:466][598]LogPlayLevel: PIE: Created PIE world by copying editor world from /Game/StarterContent/Maps/JohnFinalLevel.JohnFinalLevel to /Game/StarterContent/Maps/UEDPIE_0_JohnFinalLevel.JohnFinalLevel (0.023798s)
[2019.01.27-05.53.40:497][598]LogInit: XAudio2 using 'Headset Earphone (2- Razer ManO'War)' : 2 channels at 48 kHz using 16 bits per sample (channel mask 0x3)
[2019.01.27-05.53.40:507][598]LogInit: FAudioDevice initialized.
[2019.01.27-05.53.40:541][598]LogLoad: Game class is 'GGJ2019GM_C'
[2019.01.27-05.53.40:550][598]LogWorld: Bringing World /Game/StarterContent/Maps/UEDPIE_0_JohnFinalLevel.JohnFinalLevel up for play (max tick rate 0) at 2019.01.27-05.53.40
[2019.01.27-05.53.40:556][598]LogWorld: Bringing up level for play took: 0.013901
[2019.01.27-05.53.40:572][598]PIE: Play in editor start time for /Game/StarterContent/Maps/UEDPIE_0_JohnFinalLevel 0.312
[2019.01.27-05.53.52:191][957]LogSlate: Updating window title bar state: overlay mode, drag disabled, window buttons hidden, title bar hidden
[2019.01.27-05.53.52:228][957]LogPlayLevel: Display: Shutting down PIE online subsystems
[2019.01.27-05.53.52:256][957]LogSlate: Updating window title bar state: overlay mode, drag disabled, window buttons hidden, title bar hidden
[2019.01.27-05.53.52:291][959]LogPlayLevel: Display: Destroying online subsystem :Context_7
[2019.01.27-05.53.57:488][155]LogSlate: FSceneViewport::OnFocusLost() reason 0
[2019.01.27-05.53.57:607][155]Candidate modules for hot reload:
[2019.01.27-05.53.57:607][155]  GGJ2019
[2019.01.27-05.53.57:607][155]Launching UnrealBuildTool... [C:/Epic/UE4/UE_4.20/Engine/Binaries/DotNET/UnrealBuildTool.exe  -ModuleWithSuffix=GGJ2019,1873 Win64 Development -TargetType=Editor -Project="../../../../../../Users/w017177h.STUDENT/Documents/Github/GGJ2019/GGJ2019/GGJ2019.uproject" -canskiplink "C:/Users/w017177h.STUDENT/Documents/Github/GGJ2019/GGJ2019/GGJ2019.uproject" ]
[2019.01.27-05.53.57:612][155]Warning: Starting HotReload took  0.0s.
[2019.01.27-05.54.04:080][884]CompilerResultsLog: New page: Compilation - 27 Jan 2019 05:54:04
[2019.01.27-05.54.04:081][884]CompilerResultsLog: Using 'git status' to determine working set for adaptive non-unity build.
[2019.01.27-05.54.04:081][884]CompilerResultsLog: Compiling game modules for hot reload
[2019.01.27-05.54.04:081][884]CompilerResultsLog: Building 3 actions with 8 processes...
[2019.01.27-05.54.04:081][884]CompilerResultsLog:   [1/3] Enemy_Base.cpp
[2019.01.27-05.54.04:081][884]CompilerResultsLog:   [2/3] UE4Editor-GGJ2019-1873.lib
[2019.01.27-05.54.04:081][884]CompilerResultsLog:      Creating library C:\Users\w017177h.STUDENT\Documents\Github\GGJ2019\GGJ2019\Intermediate\Build\Win64\UE4Editor\Development\GGJ2019\UE4Editor-GGJ2019-1873.lib and object C:\Users\w017177h.STUDENT\Documents\Github\GGJ2019\GGJ2019\Intermediate\Build\Win64\UE4Editor\Development\GGJ2019\UE4Editor-GGJ2019-1873.exp
[2019.01.27-05.54.04:081][884]CompilerResultsLog:   [3/3] UE4Editor-GGJ2019-1873.dll
[2019.01.27-05.54.04:081][884]CompilerResultsLog:      Creating library C:\Users\w017177h.STUDENT\Documents\Github\GGJ2019\GGJ2019\Intermediate\Build\Win64\UE4Editor\Development\GGJ2019\UE4Editor-GGJ2019-1873.suppressed.lib and object C:\Users\w017177h.STUDENT\Documents\Github\GGJ2019\GGJ2019\Intermediate\Build\Win64\UE4Editor\Development\GGJ2019\UE4Editor-GGJ2019-1873.suppressed.exp
[2019.01.27-05.54.04:081][884]CompilerResultsLog: Total build time: 6.09 seconds (Parallel executor: 2.60 seconds)
[2019.01.27-05.54.04:082][884]LogMainFrame: MainFrame: Module compiling took 6.482 seconds
[2019.01.27-05.54.04:162][884]LogClass: WeaponType HotReload.
[2019.01.27-05.54.04:162][884]LogClass: FoodTypes HotReload.
[2019.01.27-05.54.04:168][884]LogContentBrowser: Native class hierarchy updated for 'GGJ2019' in 0.0006 seconds. Added 13 classes and 3 folders.
[2019.01.27-05.54.04:171][884]Display: HotReload successful (27 functions remapped  0 scriptstructs remapped)
[2019.01.27-05.54.04:227][884]LogContentBrowser: Native class hierarchy populated in 0.0094 seconds. Added 2586 classes and 608 folders.
[2019.01.27-05.54.04:227][884]Display: HotReload took  6.6s.
[2019.01.27-05.54.11:055][693]LogTemp: Repeating last play command: Selected Viewport
[2019.01.27-05.54.11:080][693]LogPlayLevel: PlayLevel: No blueprints needed recompiling
[2019.01.27-05.54.11:080][693]PIE: New page: PIE session: JohnFinalLevel (27 Jan 2019 05:54:11)
[2019.01.27-05.54.11:080][693]LogPlayLevel: Creating play world package: /Game/StarterContent/Maps/UEDPIE_0_JohnFinalLevel
[2019.01.27-05.54.11:103][693]LogPlayLevel: PIE: StaticDuplicateObject took: (0.022944s)
[2019.01.27-05.54.11:104][693]LogAIModule: Creating AISystem for world JohnFinalLevel
[2019.01.27-05.54.11:104][693]LogPlayLevel: PIE: World Init took: (0.000752s)
[2019.01.27-05.54.11:104][693]LogPlayLevel: PIE: Created PIE world by copying editor world from /Game/StarterContent/Maps/JohnFinalLevel.JohnFinalLevel to /Game/StarterContent/Maps/UEDPIE_0_JohnFinalLevel.JohnFinalLevel (0.024077s)
[2019.01.27-05.54.11:133][693]LogInit: XAudio2 using 'Headset Earphone (2- Razer ManO'War)' : 2 channels at 48 kHz using 16 bits per sample (channel mask 0x3)
[2019.01.27-05.54.11:144][693]LogInit: FAudioDevice initialized.
[2019.01.27-05.54.11:180][693]LogLoad: Game class is 'GGJ2019GM_C'
[2019.01.27-05.54.11:187][693]LogWorld: Bringing World /Game/StarterContent/Maps/UEDPIE_0_JohnFinalLevel.JohnFinalLevel up for play (max tick rate 0) at 2019.01.27-05.54.11
[2019.01.27-05.54.11:191][693]LogWorld: Bringing up level for play took: 0.010487
[2019.01.27-05.54.11:206][693]PIE: Play in editor start time for /Game/StarterContent/Maps/UEDPIE_0_JohnFinalLevel 0.947
[2019.01.27-05.54.28:244][687]LogActor: Warning: Pickup_BP_Food_C /Game/StarterContent/Maps/UEDPIE_0_JohnFinalLevel.JohnFinalLevel:PersistentLevel.Pickup_BP_Food_C_0 has natively added scene component(s), but none of them were set as the actor's RootComponent - picking one arbitrarily
[2019.01.27-05.54.29:375][822]LogActor: Warning: Pickup_BP_Food_C /Game/StarterContent/Maps/UEDPIE_0_JohnFinalLevel.JohnFinalLevel:PersistentLevel.Pickup_BP_Food_C_1 has natively added scene component(s), but none of them were set as the actor's RootComponent - picking one arbitrarily
[2019.01.27-05.54.29:630][852]LogActor: Warning: Pickup_BP_Food_C /Game/StarterContent/Maps/UEDPIE_0_JohnFinalLevel.JohnFinalLevel:PersistentLevel.Pickup_BP_Food_C_2 has natively added scene component(s), but none of them were set as the actor's RootComponent - picking one arbitrarily
[2019.01.27-05.54.30:310][932]LogActor: Warning: Pickup_BP_Food_C /Game/StarterContent/Maps/UEDPIE_0_JohnFinalLevel.JohnFinalLevel:PersistentLevel.Pickup_BP_Food_C_3 has natively added scene component(s), but none of them were set as the actor's RootComponent - picking one arbitrarily
[2019.01.27-05.54.31:422][ 65]LogActor: Warning: Pickup_BP_Food_C /Game/StarterContent/Maps/UEDPIE_0_JohnFinalLevel.JohnFinalLevel:PersistentLevel.Pickup_BP_Food_C_4 has natively added scene component(s), but none of them were set as the actor's RootComponent - picking one arbitrarily
[2019.01.27-05.55.35:786][905]LogSlate: Updating window title bar state: overlay mode, drag disabled, window buttons hidden, title bar hidden
[2019.01.27-05.55.35:837][905]LogPlayLevel: Display: Shutting down PIE online subsystems
[2019.01.27-05.55.35:869][905]LogSlate: Updating window title bar state: overlay mode, drag disabled, window buttons hidden, title bar hidden
[2019.01.27-05.55.35:907][906]LogPlayLevel: Display: Destroying online subsystem :Context_8
[2019.01.27-05.55.37:262][ 68]LogSlate: FSceneViewport::OnFocusLost() reason 0
[2019.01.27-05.55.37:704][121]LogEditorViewport: Clicking on Actor (LMB): StaticMeshActor (Fence_Long5)
[2019.01.27-05.55.37:796][123]LogSlate: FSceneViewport::OnFocusLost() reason 2
[2019.01.27-05.55.38:297][123]LogSavePackage: Moving '../../../../../../Users/w017177h.STUDENT/Documents/Github/GGJ2019/GGJ2019/Saved/JohnFinalLevel0636F08143E7681990A9EFB7CA1E2E37.tmp' to '../../../../../../Users/w017177h.STUDENT/Documents/Github/GGJ2019/GGJ2019/Content/StarterContent/Maps/JohnFinalLevel.umap'
[2019.01.27-05.55.39:572][235]LogEditorViewport: Clicking on Actor (LMB): BP_Sky_Sphere_C (BP_Sky_Sphere)
[2019.01.27-05.55.39:802][254]LogSlate: FSceneViewport::OnFocusLost() reason 2
[2019.01.27-05.55.40:310][254]LogSavePackage: Moving '../../../../../../Users/w017177h.STUDENT/Documents/Github/GGJ2019/GGJ2019/Saved/JohnFinalLevelAAFFAF884B7F8F027F1363B27FAF26C6.tmp' to '../../../../../../Users/w017177h.STUDENT/Documents/Github/GGJ2019/GGJ2019/Content/StarterContent/Maps/JohnFinalLevel.umap'
[2019.01.27-05.55.44:120][644]LogSlate: FSceneViewport::OnFocusLost() reason 0
[2019.01.27-05.55.47:389][  7]LogActor: Warning: Pickup_BP_Weapon_C /Engine/Transient.World_4:PersistentLevel.Pickup_BP_Weapon_C_0 has natively added scene component(s), but none of them were set as the actor's RootComponent - picking one arbitrarily
[2019.01.27-05.55.47:413][  8]LogActor: Warning: Pickup_BP_Food_C /Engine/Transient.World_5:PersistentLevel.Pickup_BP_Food_C_0 has natively added scene component(s), but none of them were set as the actor's RootComponent - picking one arbitrarily
[2019.01.27-05.55.57:790][ 81]LogAssetEditorManager: Opening Asset editor for Blueprint /Game/NavigationNode_BP_Crawling.NavigationNode_BP_Crawling
[2019.01.27-05.55.58:358][ 81]LogContentBrowser: Native class hierarchy updated for 'BlueprintGraph' in 0.0009 seconds. Added 116 classes and 0 folders.
[2019.01.27-05.56.01:525][290]LogSlate: Window 'NavigationNode_BP_Crawling' being destroyed
[2019.01.27-05.56.01:593][290]LogAssetEditorManager: Opening Asset editor for Blueprint /Game/NavigationNode_BP_Crawling.NavigationNode_BP_Crawling
[2019.01.27-05.56.01:965][290]LogSlate: Took 0.000274 seconds to synchronously load lazily loaded font '../../../Engine/Content/Slate/Fonts/Roboto-BoldCondensed.ttf' (158K)
[2019.01.27-05.56.07:418][711]BlueprintLog: New page: Compile NavigationNode_BP_Crawling
[2019.01.27-05.56.09:326][872]LogSlate: Window 'NavigationNode_BP_Crawling*' being destroyed
[2019.01.27-05.56.11:792][142]LogEditorViewport: Clicking on Actor (LMB): StaticMeshActor (Wall_Small_Base10)
[2019.01.27-05.56.11:871][143]LogSlate: FSceneViewport::OnFocusLost() reason 2
[2019.01.27-05.56.12:439][143]LogSavePackage: Moving '../../../../../../Users/w017177h.STUDENT/Documents/Github/GGJ2019/GGJ2019/Saved/JohnFinalLevel31F467AD45545F53E0DAE4889AC04605.tmp' to '../../../../../../Users/w017177h.STUDENT/Documents/Github/GGJ2019/GGJ2019/Content/StarterContent/Maps/JohnFinalLevel.umap'
[2019.01.27-05.56.13:262][216]LogSlate: FSceneViewport::OnFocusLost() reason 0
[2019.01.27-05.56.13:314][222]LogTemp: Repeating last play command: Selected Viewport
[2019.01.27-05.56.13:344][222]LogPlayLevel: PlayLevel: No blueprints needed recompiling
[2019.01.27-05.56.13:344][222]PIE: New page: PIE session: JohnFinalLevel (27 Jan 2019 05:56:13)
[2019.01.27-05.56.13:345][222]LogPlayLevel: Creating play world package: /Game/StarterContent/Maps/UEDPIE_0_JohnFinalLevel
[2019.01.27-05.56.13:371][222]LogPlayLevel: PIE: StaticDuplicateObject took: (0.025913s)
[2019.01.27-05.56.13:371][222]LogAIModule: Creating AISystem for world JohnFinalLevel
[2019.01.27-05.56.13:372][222]LogPlayLevel: PIE: World Init took: (0.000911s)
[2019.01.27-05.56.13:372][222]LogPlayLevel: PIE: Created PIE world by copying editor world from /Game/StarterContent/Maps/JohnFinalLevel.JohnFinalLevel to /Game/StarterContent/Maps/UEDPIE_0_JohnFinalLevel.JohnFinalLevel (0.027255s)
[2019.01.27-05.56.13:409][222]LogInit: XAudio2 using 'Headset Earphone (2- Razer ManO'War)' : 2 channels at 48 kHz using 16 bits per sample (channel mask 0x3)
[2019.01.27-05.56.13:420][222]LogInit: FAudioDevice initialized.
[2019.01.27-05.56.13:452][222]LogLoad: Game class is 'GGJ2019GM_C'
[2019.01.27-05.56.13:460][222]LogWorld: Bringing World /Game/StarterContent/Maps/UEDPIE_0_JohnFinalLevel.JohnFinalLevel up for play (max tick rate 0) at 2019.01.27-05.56.13
[2019.01.27-05.56.13:464][222]LogWorld: Bringing up level for play took: 0.010832
[2019.01.27-05.56.13:480][222]PIE: Play in editor start time for /Game/StarterContent/Maps/UEDPIE_0_JohnFinalLevel -0.78
[2019.01.27-05.56.14:656][350]LogSlate: FSceneViewport::OnFocusLost() reason 2
[2019.01.27-05.56.24:112][295]LogSlate: FSceneViewport::OnFocusLost() reason 0
[2019.01.27-05.56.24:964][374]LogEditorViewport: Clicking on Actor (LMB): Enemy_BP_Base_C (Enemy_BP_Base3)
[2019.01.27-05.57.01:703][845]LogSlate: FSceneViewport::OnFocusLost() reason 0
[2019.01.27-05.57.37:159][759]LogSlate: FSceneViewport::OnFocusLost() reason 0
[2019.01.27-05.57.37:231][767]LogSlate: Updating window title bar state: overlay mode, drag disabled, window buttons hidden, title bar hidden
[2019.01.27-05.57.37:273][767]LogPlayLevel: Display: Shutting down PIE online subsystems
[2019.01.27-05.57.37:304][767]LogSlate: Updating window title bar state: overlay mode, drag disabled, window buttons hidden, title bar hidden
[2019.01.27-05.57.37:331][769]LogPlayLevel: Display: Destroying online subsystem :Context_18
[2019.01.27-05.57.38:483][901]LogSlate: FSceneViewport::OnFocusLost() reason 2
[2019.01.27-05.57.38:992][901]LogSavePackage: Moving '../../../../../../Users/w017177h.STUDENT/Documents/Github/GGJ2019/GGJ2019/Saved/JohnFinalLevelD4EBDCAA414CB5D167B811A4B1FD4C12.tmp' to '../../../../../../Users/w017177h.STUDENT/Documents/Github/GGJ2019/GGJ2019/Content/StarterContent/Maps/JohnFinalLevel.umap'
[2019.01.27-05.57.39:307][931]LogSlate: FSceneViewport::OnFocusLost() reason 0
[2019.01.27-05.57.39:406][941]Candidate modules for hot reload:
[2019.01.27-05.57.39:406][941]  GGJ2019
[2019.01.27-05.57.39:406][941]Launching UnrealBuildTool... [C:/Epic/UE4/UE_4.20/Engine/Binaries/DotNET/UnrealBuildTool.exe  -ModuleWithSuffix=GGJ2019,5784 Win64 Development -TargetType=Editor -Project="../../../../../../Users/w017177h.STUDENT/Documents/Github/GGJ2019/GGJ2019/GGJ2019.uproject" -canskiplink "C:/Users/w017177h.STUDENT/Documents/Github/GGJ2019/GGJ2019/GGJ2019.uproject" ]
[2019.01.27-05.57.39:410][941]Warning: Starting HotReload took  0.0s.
[2019.01.27-05.57.46:399][654]CompilerResultsLog: New page: Compilation - 27 Jan 2019 05:57:46
[2019.01.27-05.57.46:400][654]CompilerResultsLog: Using 'git status' to determine working set for adaptive non-unity build.
[2019.01.27-05.57.46:400][654]CompilerResultsLog: Compiling game modules for hot reload
[2019.01.27-05.57.46:400][654]CompilerResultsLog: Building 3 actions with 8 processes...
[2019.01.27-05.57.46:400][654]CompilerResultsLog:   [1/3] Enemy_Base.cpp
[2019.01.27-05.57.46:400][654]CompilerResultsLog:   [2/3] UE4Editor-GGJ2019-5784.lib
[2019.01.27-05.57.46:400][654]CompilerResultsLog:      Creating library C:\Users\w017177h.STUDENT\Documents\Github\GGJ2019\GGJ2019\Intermediate\Build\Win64\UE4Editor\Development\GGJ2019\UE4Editor-GGJ2019-5784.lib and object C:\Users\w017177h.STUDENT\Documents\Github\GGJ2019\GGJ2019\Intermediate\Build\Win64\UE4Editor\Development\GGJ2019\UE4Editor-GGJ2019-5784.exp
[2019.01.27-05.57.46:400][654]CompilerResultsLog:   [3/3] UE4Editor-GGJ2019-5784.dll
[2019.01.27-05.57.46:400][654]CompilerResultsLog:      Creating library C:\Users\w017177h.STUDENT\Documents\Github\GGJ2019\GGJ2019\Intermediate\Build\Win64\UE4Editor\Development\GGJ2019\UE4Editor-GGJ2019-5784.suppressed.lib and object C:\Users\w017177h.STUDENT\Documents\Github\GGJ2019\GGJ2019\Intermediate\Build\Win64\UE4Editor\Development\GGJ2019\UE4Editor-GGJ2019-5784.suppressed.exp
[2019.01.27-05.57.46:401][654]CompilerResultsLog: Total build time: 6.64 seconds (Parallel executor: 2.90 seconds)
[2019.01.27-05.57.46:401][654]LogMainFrame: MainFrame: Module compiling took 7.002 seconds
[2019.01.27-05.57.46:498][654]LogClass: WeaponType HotReload.
[2019.01.27-05.57.46:499][654]LogClass: FoodTypes HotReload.
[2019.01.27-05.57.46:506][654]LogContentBrowser: Native class hierarchy updated for 'GGJ2019' in 0.0006 seconds. Added 13 classes and 3 folders.
[2019.01.27-05.57.46:510][654]Display: HotReload successful (27 functions remapped  0 scriptstructs remapped)
[2019.01.27-05.57.46:869][654]LogContentBrowser: Native class hierarchy populated in 0.0102 seconds. Added 2586 classes and 608 folders.
[2019.01.27-05.57.46:869][654]Display: HotReload took  7.5s.
[2019.01.27-05.57.50:623][ 64]LogTemp: Repeating last play command: Selected Viewport
[2019.01.27-05.57.50:647][ 64]LogPlayLevel: PlayLevel: No blueprints needed recompiling
[2019.01.27-05.57.50:647][ 64]PIE: New page: PIE session: JohnFinalLevel (27 Jan 2019 05:57:50)
[2019.01.27-05.57.50:647][ 64]LogPlayLevel: Creating play world package: /Game/StarterContent/Maps/UEDPIE_0_JohnFinalLevel
[2019.01.27-05.57.50:671][ 64]LogPlayLevel: PIE: StaticDuplicateObject took: (0.023822s)
[2019.01.27-05.57.50:672][ 64]LogAIModule: Creating AISystem for world JohnFinalLevel
[2019.01.27-05.57.50:673][ 64]LogPlayLevel: PIE: World Init took: (0.001410s)
[2019.01.27-05.57.50:673][ 64]LogPlayLevel: PIE: Created PIE world by copying editor world from /Game/StarterContent/Maps/JohnFinalLevel.JohnFinalLevel to /Game/StarterContent/Maps/UEDPIE_0_JohnFinalLevel.JohnFinalLevel (0.025678s)
[2019.01.27-05.57.50:753][ 64]LogInit: XAudio2 using 'Headset Earphone (2- Razer ManO'War)' : 2 channels at 48 kHz using 16 bits per sample (channel mask 0x3)
[2019.01.27-05.57.50:775][ 64]LogInit: FAudioDevice initialized.
[2019.01.27-05.57.50:818][ 64]LogLoad: Game class is 'GGJ2019GM_C'
[2019.01.27-05.57.50:832][ 64]LogWorld: Bringing World /Game/StarterContent/Maps/UEDPIE_0_JohnFinalLevel.JohnFinalLevel up for play (max tick rate 0) at 2019.01.27-05.57.50
[2019.01.27-05.57.50:839][ 64]LogWorld: Bringing up level for play took: 0.020238
[2019.01.27-05.57.50:857][ 64]PIE: Play in editor start time for /Game/StarterContent/Maps/UEDPIE_0_JohnFinalLevel 0.596
