Log file open, 01/26/19 18:12:45
LogWindows: Failed to load 'aqProf.dll' (GetLastError=126)
LogWindows: File 'aqProf.dll' does not exist
LogWindows: Failed to load 'VSPerf140.dll' (GetLastError=126)
LogWindows: File 'VSPerf140.dll' does not exist
LogWindows: Failed to load 'VtuneApi.dll' (GetLastError=126)
LogWindows: File 'VtuneApi.dll' does not exist
LogWindows: Failed to load 'VtuneApi32e.dll' (GetLastError=126)
LogWindows: File 'VtuneApi32e.dll' does not exist
LogInit: Display: Running engine for game: GGJ2019
LogPlatformFile: Not using cached read wrapper
LogTaskGraph: Started task graph with 5 named threads and 23 total threads with 3 sets of task threads.
LogStats: Stats thread started at 0.487294
LogD3D11RHI: Loaded GFSDK_Aftermath_Lib.x64.dll
LogICUInternationalization: Display: ICU TimeZone Detection - Raw Offset: +0:00, Platform Override: ''
LogPluginManager: Mounting plugin Paper2D
LogPluginManager: Mounting plugin AISupport
LogPluginManager: Mounting plugin LightPropagationVolume
LogPluginManager: Mounting plugin CLionSourceCodeAccess
LogPluginManager: Mounting plugin CodeLiteSourceCodeAccess
LogPluginManager: Mounting plugin GitSourceControl
LogPluginManager: Mounting plugin KDevelopSourceCodeAccess
LogPluginManager: Mounting plugin NullSourceCodeAccess
LogPluginManager: Mounting plugin PerforceSourceControl
LogPluginManager: Mounting plugin SubversionSourceControl
LogPluginManager: Mounting plugin UObjectPlugin
LogPluginManager: Mounting plugin VisualStudioCodeSourceCodeAccess
LogPluginManager: Mounting plugin VisualStudioSourceCodeAccess
LogPluginManager: Mounting plugin XCodeSourceCodeAccess
LogPluginManager: Mounting plugin AssetManagerEditor
LogPluginManager: Mounting plugin CryptoKeys
LogPluginManager: Mounting plugin DataValidation
LogPluginManager: Mounting plugin FacialAnimation
LogPluginManager: Mounting plugin GameplayTagsEditor
LogPluginManager: Mounting plugin MacGraphicsSwitching
LogPluginManager: Mounting plugin MeshEditor
LogPluginManager: Mounting plugin MobileLauncherProfileWizard
LogPluginManager: Mounting plugin PluginBrowser
LogPluginManager: Mounting plugin SpeedTreeImporter
LogPluginManager: Mounting plugin DatasmithContent
LogPluginManager: Mounting plugin AlembicImporter
LogPluginManager: Mounting plugin AppleImageUtils
LogPluginManager: Mounting plugin AppleVision
LogPluginManager: Mounting plugin BackChannel
LogPluginManager: Mounting plugin CharacterAI
LogPluginManager: Mounting plugin GeometryCache
LogPluginManager: Mounting plugin HTML5Networking
LogPluginManager: Mounting plugin ProxyLODPlugin
LogPluginManager: Mounting plugin MagicLeap
LogPluginManager: Mounting plugin MagicLeapEmulator
LogPluginManager: Mounting plugin MagicLeapMedia
LogPluginManager: Mounting plugin AndroidMedia
LogPluginManager: Mounting plugin AvfMedia
LogPluginManager: Mounting plugin ImgMedia
LogPluginManager: Mounting plugin LinearTimecode
LogPluginManager: Mounting plugin MediaCompositing
LogPluginManager: Mounting plugin MediaPlayerEditor
LogPluginManager: Mounting plugin WmfMedia
LogPluginManager: Mounting plugin TcpMessaging
LogPluginManager: Mounting plugin UdpMessaging
LogPluginManager: Mounting plugin ActorSequence
LogPluginManager: Mounting plugin LevelSequenceEditor
LogPluginManager: Mounting plugin MatineeToLevelSequence
LogPluginManager: Mounting plugin NetcodeUnitTest
LogPluginManager: Mounting plugin NUTUnrealEngine4
LogPluginManager: Mounting plugin OnlineSubsystemGooglePlay
LogPluginManager: Mounting plugin OnlineSubsystemIOS
LogPluginManager: Mounting plugin OnlineSubsystem
LogPluginManager: Mounting plugin OnlineSubsystemNull
LogPluginManager: Mounting plugin OnlineSubsystemUtils
LogPluginManager: Mounting plugin LauncherChunkInstaller
LogPluginManager: Mounting plugin AndroidDeviceProfileSelector
LogPluginManager: Mounting plugin AndroidMoviePlayer
LogPluginManager: Mounting plugin AndroidPermission
LogPluginManager: Mounting plugin AppleMoviePlayer
LogPluginManager: Mounting plugin ArchVisCharacter
LogPluginManager: Mounting plugin AudioCapture
LogPluginManager: Mounting plugin CableComponent
LogPluginManager: Mounting plugin CustomMeshComponent
LogPluginManager: Mounting plugin EditableMesh
LogPluginManager: Mounting plugin ExampleDeviceProfileSelector
LogPluginManager: Mounting plugin GoogleCloudMessaging
LogPluginManager: Mounting plugin ImmediatePhysics
LogPluginManager: Mounting plugin IOSDeviceProfileSelector
LogPluginManager: Mounting plugin LinuxDeviceProfileSelector
LogPluginManager: Mounting plugin LocationServicesBPLibrary
LogPluginManager: Mounting plugin MobilePatchingUtils
LogPluginManager: Mounting plugin OculusVR
LogPluginManager: Plugin shader directory ../../../Engine/Plugins/Runtime/Oculus/OculusVR/Shaders found
LogPluginManager: Mapping shader source directory ../../../Engine/Plugins/Runtime/Oculus/OculusVR/Shaders to virtual directory /Plugin/OculusVR
LogPluginManager: Mounting plugin PhysXVehicles
LogPluginManager: Mounting plugin ProceduralMeshComponent
LogPluginManager: Mounting plugin RuntimePhysXCooking
LogPluginManager: Mounting plugin SteamVR
LogPluginManager: Mounting plugin WindowsMoviePlayer
LogStreaming: Display: Took  0.374s to configure plugins.
LogInit: Using libcurl 7.55.1-DEV
LogInit:  - built for x86_64-pc-win32
LogInit:  - supports SSL with OpenSSL/1.0.2h
LogInit:  - supports HTTP deflate (compression) using libz 1.2.8
LogInit:  - other features:
LogInit:      CURL_VERSION_SSL
LogInit:      CURL_VERSION_LIBZ
LogInit:      CURL_VERSION_IPV6
LogInit:      CURL_VERSION_ASYNCHDNS
LogInit:      CURL_VERSION_LARGEFILE
LogInit:      CURL_VERSION_IDN
LogInit:  CurlRequestOptions (configurable via config and command line):
LogInit:  - bVerifyPeer = false  - Libcurl will NOT verify peer certificate
LogInit:  - bUseHttpProxy = false  - Libcurl will NOT use HTTP proxy
LogInit:  - bDontReuseConnections = false  - Libcurl will reuse connections
LogInit:  - CertBundlePath = nullptr  - Libcurl will use whatever was configured at build time.
LogInit:  - MaxHostConnections = 16  - Libcurl will limit the number of connections to a host
LogInit:  - LocalHostAddr = Default
LogInit:  - BufferSize = 65536
LogInit: WinSock: version 1.1 (2.2), MaxSocks=32767, MaxUdp=65467
LogInit: Build: ++UE4+Release-4.20-CL-4369336
LogInit: Engine Version: 4.20.3-4369336+++UE4+Release-4.20
LogInit: Compatible Engine Version: 4.20.0-4212847+++UE4+Release-4.20
LogInit: Net CL: 4212847
LogInit: OS: Windows 10 (), CPU: Intel(R) Xeon(R) CPU E5-1620 v3 @ 3.50GHz, GPU: NVIDIA GeForce GTX 970
LogInit: Compiled (64-bit): Sep 17 2018 12:26:19
LogInit: Compiled with Visual C++: 19.13.26129.00
LogInit: Build Configuration: Development
LogInit: Branch Name: ++UE4+Release-4.20
LogInit: Command Line:  -skipcompile
LogInit: Base Directory: C:/Epic/UE4/UE_4.20/Engine/Binaries/Win64/
LogInit: Installed Engine Build: 1
LogDevObjectVersion: Number of dev versions registered: 20
LogDevObjectVersion:   Dev-Blueprints (B0D832E4-1F89-4F0D-ACCF-7EB736FD4AA2): 10
LogDevObjectVersion:   Dev-Build (E1C64328-A22C-4D53-A36C-8E866417BD8C): 0
LogDevObjectVersion:   Dev-Core (375EC13C-06E4-48FB-B500-84F0262A717E): 2
LogDevObjectVersion:   Dev-Editor (E4B068ED-F494-42E9-A231-DA0B2E46BB41): 24
LogDevObjectVersion:   Dev-Framework (CFFC743F-43B0-4480-9391-14DF171D2073): 34
LogDevObjectVersion:   Dev-Mobile (B02B49B5-BB20-44E9-A304-32B752E40360): 2
LogDevObjectVersion:   Dev-Networking (A4E4105C-59A1-49B5-A7C5-40C4547EDFEE): 0
LogDevObjectVersion:   Dev-Online (39C831C9-5AE6-47DC-9A44-9C173E1C8E7C): 0
LogDevObjectVersion:   Dev-Physics (78F01B33-EBEA-4F98-B9B4-84EACCB95AA2): 0
LogDevObjectVersion:   Dev-Platform (6631380F-2D4D-43E0-8009-CF276956A95A): 0
LogDevObjectVersion:   Dev-Rendering (12F88B9F-8875-4AFC-A67C-D90C383ABD29): 26
LogDevObjectVersion:   Dev-Sequencer (7B5AE74C-D270-4C10-A958-57980B212A5A): 9
LogDevObjectVersion:   Dev-VR (D7296918-1DD6-4BDD-9DE2-64A83CC13884): 2
LogDevObjectVersion:   Dev-LoadTimes (C2A15278-BFE7-4AFE-6C17-90FF531DF755): 1
LogDevObjectVersion:   Private-Geometry (6EACA3D4-40EC-4CC1-B786-8BED09428FC5): 3
LogDevObjectVersion:   Dev-AnimPhys (29E575DD-E0A3-4627-9D10-D276232CDCEA): 17
LogDevObjectVersion:   Dev-ReflectionCapture (6B266CEC-1EC7-4B8F-A30B-E4D90942FC07): 1
LogDevObjectVersion:   Dev-Automation (0DF73D61-A23F-47EA-B727-89E90C41499A): 1
LogDevObjectVersion:   FortniteMain (601D1886-AC64-4F84-AA16-D3DE0DEAC7D6): 12
LogDevObjectVersion:   Dev-Enterprise (9DFFBCD6-494F-0158-E221-12823C92A888): 1
LogStreaming: Display: Took  0.015s to delete old logs.
LogInit: Presizing for max 8388607 objects, including 0 objects not considered by GC, pre-allocating 0 bytes for permanent pool.
LogInit: Object subsystem initialized
[2019.01.26-18.12.45:755][  0]LogInit: Selected Device Profile: [Windows]
[2019.01.26-18.12.45:756][  0]LogInit: Applying CVar settings loaded from the selected device profile: [Windows]
[2019.01.26-18.12.45:783][  0]LogHAL: Display: Platform has ~ 16 GB [17092038656 / 17179869184 / 16], which maps to Larger [LargestMinGB=32, LargerMinGB=12, DefaultMinGB=8, SmallerMinGB=6, SmallestMinGB=0)
[2019.01.26-18.12.45:783][  0]LogInit: Setting Device Profile CVar: [[r.Vulkan.UseRealUBs:1]]
[2019.01.26-18.12.45:783][  0]LogInit: Going up to parent DeviceProfile []
[2019.01.26-18.12.45:784][  0]LogInit: Computer: C115-11
[2019.01.26-18.12.45:784][  0]LogInit: User: w017177h
[2019.01.26-18.12.45:784][  0]LogInit: CPU Page size=4096, Cores=4
[2019.01.26-18.12.45:784][  0]LogInit: High frequency timer resolution =3.410072 MHz
[2019.01.26-18.12.45:784][  0]LogMemory: Memory total: Physical=15.9GB (16GB approx)
[2019.01.26-18.12.45:784][  0]LogMemory: Platform Memory Stats for Windows
[2019.01.26-18.12.45:784][  0]LogMemory: Process Physical Memory: 102.38 MB used, 102.38 MB peak
[2019.01.26-18.12.45:784][  0]LogMemory: Process Virtual Memory: 93.65 MB used, 93.65 MB peak
[2019.01.26-18.12.45:784][  0]LogMemory: Physical Memory: 7229.39 MB used,  9070.85 MB free, 16300.24 MB total
[2019.01.26-18.12.45:785][  0]LogMemory: Virtual Memory: 4642.79 MB used,  9070.85 MB free, 134217728.00 MB total
[2019.01.26-18.12.45:924][  0]LogInit: Using OS detected language (en-US).
[2019.01.26-18.12.45:924][  0]LogInit: Using OS detected locale (en-GB).
[2019.01.26-18.12.45:927][  0]LogTextLocalizationManager: No specific localization for 'en-US' exists, so the 'en' localization will be used.
[2019.01.26-18.12.46:372][  0]LogStreaming: Display: Took  0.448s to InitEngineTextLocalization.
[2019.01.26-18.12.46:372][  0]LogInit: Setting process to per monitor DPI aware
[2019.01.26-18.12.46:453][  0]LogSlate: New Slate User Created.  User Index 0, Is Virtual User: 0
[2019.01.26-18.12.46:453][  0]LogSlate: Slate User Registered.  User Index 0, Is Virtual User: 0
[2019.01.26-18.12.46:802][  0]LogHMD: Failed to initialize OpenVR with code 110
[2019.01.26-18.12.46:802][  0]LogD3D11RHI: D3D11 adapters:
[2019.01.26-18.12.46:908][  0]LogD3D11RHI:    0. 'NVIDIA GeForce GTX 970' (Feature Level 11_0)
[2019.01.26-18.12.46:908][  0]LogD3D11RHI:       4043/0/8150 MB DedicatedVideo/DedicatedSystem/SharedSystem, Outputs:2, VendorId:0x10de
[2019.01.26-18.12.46:916][  0]LogD3D11RHI:    1. 'Microsoft Basic Render Driver' (Feature Level 11_0)
[2019.01.26-18.12.46:917][  0]LogD3D11RHI:       0/0/8150 MB DedicatedVideo/DedicatedSystem/SharedSystem, Outputs:0, VendorId:0x1414
[2019.01.26-18.12.46:917][  0]LogD3D11RHI: Chosen D3D11 Adapter: 0
[2019.01.26-18.12.46:929][  0]LogD3D11RHI: Creating new Direct3DDevice
[2019.01.26-18.12.46:929][  0]LogD3D11RHI:     GPU DeviceId: 0x13c2 (for the marketing name, search the web for "GPU Device Id")
[2019.01.26-18.12.46:929][  0]LogWindows: EnumDisplayDevices:
[2019.01.26-18.12.46:930][  0]LogWindows:    0. 'NVIDIA GeForce GTX 970' (P:1 D:1)
[2019.01.26-18.12.46:930][  0]LogWindows:    1. 'NVIDIA GeForce GTX 970' (P:0 D:1)
[2019.01.26-18.12.46:931][  0]LogWindows:    2. 'NVIDIA GeForce GTX 970' (P:0 D:0)
[2019.01.26-18.12.46:931][  0]LogWindows:    3. 'NVIDIA GeForce GTX 970' (P:0 D:0)
[2019.01.26-18.12.46:931][  0]LogWindows: DebugString: FoundDriverCount:4 
[2019.01.26-18.12.46:932][  0]LogD3D11RHI:     Adapter Name: NVIDIA GeForce GTX 970
[2019.01.26-18.12.46:932][  0]LogD3D11RHI:   Driver Version: 398.82 (internal:24.21.13.9882, unified:398.82)
[2019.01.26-18.12.46:932][  0]LogD3D11RHI:      Driver Date: 7-30-2018
[2019.01.26-18.12.46:932][  0]LogRHI: Texture pool is 2830 MB (70% of 4043 MB)
[2019.01.26-18.12.46:986][  0]LogD3D11RHI: Async texture creation enabled
[2019.01.26-18.12.47:005][  0]LogD3D11RHI: GPU Timing Frequency: 1000.000000 (Debug: 2 2)
[2019.01.26-18.12.47:051][  0]LogShaderCompilers: Guid format shader working directory is -16 characters bigger than the processId version (../../../../../../Users/w017177h.STUDENT/Documents/Github/GGJ2019/GGJ2019/Intermediate/Shaders/WorkingDirectory/6516/).
[2019.01.26-18.12.47:051][  0]LogShaderCompilers: Cleaned the shader compiler working directory 'C:/Users/w017177h.STUDENT/AppData/Local/Temp/UnrealShaderWorkingDir/9CDA03F2426A720C18FE669DFC2DF56D/'.
[2019.01.26-18.12.47:509][  0]LogTemp: Display: Loaded TP AllDesktopTargetPlatform
[2019.01.26-18.12.47:538][  0]LogTemp: Display: Loaded TP MacClientTargetPlatform
[2019.01.26-18.12.47:561][  0]LogTemp: Display: Loaded TP MacNoEditorTargetPlatform
[2019.01.26-18.12.47:584][  0]LogTemp: Display: Loaded TP MacServerTargetPlatform
[2019.01.26-18.12.47:609][  0]LogTemp: Display: Loaded TP MacTargetPlatform
[2019.01.26-18.12.47:629][  0]LogTemp: Display: Loaded TP WindowsClientTargetPlatform
[2019.01.26-18.12.47:650][  0]LogTemp: Display: Loaded TP WindowsNoEditorTargetPlatform
[2019.01.26-18.12.47:673][  0]LogTemp: Display: Loaded TP WindowsServerTargetPlatform
[2019.01.26-18.12.47:686][  0]LogTemp: Display: Loaded TP WindowsTargetPlatform
[2019.01.26-18.12.47:803][  0]LogTemp: Display: Loaded TP AndroidTargetPlatform
[2019.01.26-18.12.47:803][  0]LogTemp: Display: Loaded TP AndroidTargetPlatform
[2019.01.26-18.12.47:803][  0]LogTemp: Display: Loaded TP AndroidTargetPlatform
[2019.01.26-18.12.47:803][  0]LogTemp: Display: Loaded TP AndroidTargetPlatform
[2019.01.26-18.12.47:803][  0]LogTemp: Display: Loaded TP AndroidTargetPlatform
[2019.01.26-18.12.47:804][  0]LogTemp: Display: Loaded TP AndroidTargetPlatform
[2019.01.26-18.12.47:804][  0]LogTemp: Display: Loaded TP AndroidTargetPlatform
[2019.01.26-18.12.47:804][  0]LogTemp: Display: Loaded TP AndroidTargetPlatform
[2019.01.26-18.12.47:804][  0]LogTemp: Display: Loaded TP AndroidTargetPlatform
[2019.01.26-18.12.47:804][  0]LogTemp: Display: Loaded TP AndroidTargetPlatform
[2019.01.26-18.12.47:804][  0]LogTemp: Display: Loaded TP AndroidTargetPlatform
[2019.01.26-18.12.47:804][  0]LogTemp: Display: Loaded TP AndroidTargetPlatform
[2019.01.26-18.12.47:804][  0]LogTemp: Display: Loaded TP AndroidTargetPlatform
[2019.01.26-18.12.47:804][  0]LogTemp: Display: Loaded TP AndroidTargetPlatform
[2019.01.26-18.12.47:804][  0]LogTemp: Display: Loaded TP AndroidTargetPlatform
[2019.01.26-18.12.47:804][  0]LogTemp: Display: Loaded TP AndroidTargetPlatform
[2019.01.26-18.12.47:804][  0]LogTemp: Display: Loaded TP AndroidTargetPlatform
[2019.01.26-18.12.47:804][  0]LogTemp: Display: Loaded TP AndroidTargetPlatform
[2019.01.26-18.12.47:809][  0]LogTemp: Display: Loaded TP HTML5TargetPlatform
[2019.01.26-18.12.47:889][  0]LogTemp: Display: Loaded TP IOSTargetPlatform
[2019.01.26-18.12.47:889][  0]LogTemp: Display: Loaded TP IOSTargetPlatform
[2019.01.26-18.12.47:928][  0]LogTemp: Display: Loaded TP TVOSTargetPlatform
[2019.01.26-18.12.47:928][  0]LogTemp: Display: Loaded TP TVOSTargetPlatform
[2019.01.26-18.12.47:947][  0]LogTemp: Display: Loaded TP LinuxClientTargetPlatform
[2019.01.26-18.12.47:964][  0]LogTemp: Display: Loaded TP LinuxNoEditorTargetPlatform
[2019.01.26-18.12.47:983][  0]LogTemp: Display: Loaded TP LinuxServerTargetPlatform
[2019.01.26-18.12.48:006][  0]LogTemp: Display: Loaded TP LinuxTargetPlatform
[2019.01.26-18.12.48:026][  0]LogTemp: Display: Loaded TP LuminTargetPlatform
[2019.01.26-18.12.48:027][  0]LogTargetPlatformManager: Display: Building Assets For Windows
[2019.01.26-18.12.48:220][  0]LogXGEController: Cleaning working directory: C:/Users/w017177h.STUDENT/AppData/Local/Temp/UnrealXGEWorkingDir/
[2019.01.26-18.12.48:221][  0]LogXGEController: Cannot use XGE Controller as Incredibuild is not installed on this machine.
[2019.01.26-18.12.48:221][  0]LogShaderCompilers: Cannot use XGE Shader Compiler as Incredibuild is not installed on this machine.
[2019.01.26-18.12.48:221][  0]LogShaderCompilers: Display: Using Local Shader Compiler.
[2019.01.26-18.12.49:410][  0]LogDerivedDataCache: Display: Max Cache Size: 512 MB
[2019.01.26-18.12.49:513][  0]LogDerivedDataCache: Loaded boot cache 0.10s 71MB C:/Users/w017177h.STUDENT/AppData/Local/UnrealEngine/4.20/DerivedDataCache/Boot.ddc.
[2019.01.26-18.12.49:514][  0]LogDerivedDataCache: Display: Loaded Boot cache: C:/Users/w017177h.STUDENT/AppData/Local/UnrealEngine/4.20/DerivedDataCache/Boot.ddc
[2019.01.26-18.12.49:514][  0]LogDerivedDataCache: FDerivedDataBackendGraph:  Pak pak cache file ../../../../../../Users/w017177h.STUDENT/Documents/Github/GGJ2019/GGJ2019/DerivedDataCache/DDC.ddp not found, will not use a pak cache.
[2019.01.26-18.12.49:514][  0]LogDerivedDataCache: Unable to find inner node Pak for hierarchical cache Hierarchy.
[2019.01.26-18.12.49:515][  0]LogDerivedDataCache: FDerivedDataBackendGraph:  CompressedPak pak cache file ../../../../../../Users/w017177h.STUDENT/Documents/Github/GGJ2019/GGJ2019/DerivedDataCache/Compressed.ddp not found, will not use a pak cache.
[2019.01.26-18.12.49:515][  0]LogDerivedDataCache: Unable to find inner node CompressedPak for hierarchical cache Hierarchy.
[2019.01.26-18.12.49:533][  0]LogDerivedDataCache: Display: Pak cache opened for reading ../../../Engine/DerivedDataCache/Compressed.ddp.
[2019.01.26-18.12.49:547][  0]LogDerivedDataCache: Using Local data cache path C:/Users/w017177h.STUDENT/AppData/Local/UnrealEngine/Common/DerivedDataCache: Writable
[2019.01.26-18.12.49:547][  0]LogDerivedDataCache: Shared data cache path not found in *engine.ini, will not use an Shared cache.
[2019.01.26-18.12.49:547][  0]LogDerivedDataCache: Unable to find inner node Shared for hierarchical cache Hierarchy.
[2019.01.26-18.12.49:570][  0]LogMaterial: Verifying Global Shaders for PCD3D_SM5
[2019.01.26-18.12.49:571][  0]LogSlate: Using FreeType 2.6.0
[2019.01.26-18.12.49:572][  0]LogSlate: SlateFontServices - WITH_FREETYPE: 1, WITH_HARFBUZZ: 1
[2019.01.26-18.12.49:676][  0]LogAssetRegistry: FAssetRegistry took 0.0398 seconds to start up
[2019.01.26-18.12.50:148][  0]LogInit: Selected Device Profile: [Windows]
[2019.01.26-18.12.50:386][  0]LogSimplygon: Simplygon DLL not present - disabling.
[2019.01.26-18.12.50:399][  0]LogMeshReduction: Using SimplygonSwarm for distributed automatic mesh merging
[2019.01.26-18.12.50:399][  0]LogMeshReduction: Using ProxyLODMeshReduction for automatic mesh merging
[2019.01.26-18.12.50:399][  0]LogMeshReduction: Using QuadricMeshReduction for automatic static mesh reduction
[2019.01.26-18.12.50:399][  0]LogMeshReduction: No automatic skeletal mesh reduction module available
[2019.01.26-18.12.50:420][  0]LogNetVersion: GGJ2019 1.0.0, NetCL: 4212847, EngineNetVer: 5, GameNetVer: 0 (Checksum: 54619999)
[2019.01.26-18.12.51:522][  0]LogPackageLocalizationCache: Processed 11 localized package path(s) for 2 prioritized culture(s) in 0.529140 seconds
[2019.01.26-18.12.51:532][  0]LogUObjectArray: 38425 objects as part of root set at end of initial load.
[2019.01.26-18.12.51:532][  0]LogUObjectAllocator: 6690872 out of 0 bytes used by permanent object pool.
[2019.01.26-18.12.51:532][  0]LogUObjectArray: CloseDisregardForGC: 0/0 objects in disregard for GC pool
[2019.01.26-18.12.53:021][  0]LogTcpMessaging: Initializing TcpMessaging bridge
[2019.01.26-18.12.53:040][  0]LogUdpMessaging: Initializing bridge on interface 0.0.0.0:0 to multicast group 230.0.0.1:6666.
[2019.01.26-18.12.53:310][  0]SourceControl: Source control is disabled
[2019.01.26-18.12.53:313][  0]SourceControl: Source control is disabled
[2019.01.26-18.12.53:319][  0]SourceControl: Source control is disabled
[2019.01.26-18.12.53:325][  0]SourceControl: Source control is disabled
[2019.01.26-18.12.53:690][  0]LogAndroidPermission: UAndroidPermissionCallbackProxy::GetInstance
[2019.01.26-18.12.53:832][  0]LogOcInput: OculusInput pre-init called
[2019.01.26-18.12.53:925][  0]LogEngine: Initializing Engine...
[2019.01.26-18.12.53:926][  0]LogHMD: Failed to initialize OpenVR with code 110
[2019.01.26-18.12.53:928][  0]LogStats: UGameplayTagsManager::ConstructGameplayTagTree: ImportINI prefixes -  0.000 s
[2019.01.26-18.12.53:928][  0]LogStats: UGameplayTagsManager::ConstructGameplayTagTree: Construct from data asset -  0.000 s
[2019.01.26-18.12.53:929][  0]LogStats: UGameplayTagsManager::ConstructGameplayTagTree: ImportINI -  0.000 s
[2019.01.26-18.12.53:929][  0]LogStats: UGameplayTagsManager::ConstructGameplayTagTree: GameplayTagTreeChangedEvent.Broadcast -  0.000 s
[2019.01.26-18.12.54:184][  0]LogInit: Initializing FReadOnlyCVARCache
[2019.01.26-18.12.54:218][  0]LogAIModule: Creating AISystem for world Untitled
[2019.01.26-18.12.54:242][  0]LogInit: XAudio2 using 'Headset Earphone (2- Razer ManO'War)' : 2 channels at 48 kHz using 16 bits per sample (channel mask 0x3)
[2019.01.26-18.12.54:267][  0]LogInit: FAudioDevice initialized.
[2019.01.26-18.12.54:267][  0]LogNetVersion: Set ProjectVersion to 1.0.0.0. Version Checksum will be recalculated on next use.
[2019.01.26-18.12.54:364][  0]LogDerivedDataCache: Saved boot cache 0.10s 71MB C:/Users/w017177h.STUDENT/AppData/Local/UnrealEngine/4.20/DerivedDataCache/Boot.ddc.
[2019.01.26-18.12.54:386][  0]LogInit: Texture streaming: Enabled
[2019.01.26-18.12.54:426][  0]LogEngineSessionManager: EngineSessionManager initialized
[2019.01.26-18.12.54:445][  0]LogInit: Transaction tracking system initialized
[2019.01.26-18.12.54:507][  0]BlueprintLog: New page: Editor Load
[2019.01.26-18.12.54:731][  0]LocalizationService: Localization service is disabled
[2019.01.26-18.12.55:184][  0]LogCook: Display: Max memory allowance for cook 16384mb min free memory 0mb
[2019.01.26-18.12.55:184][  0]LogCook: Display: Mobile HDR setting 1
[2019.01.26-18.12.55:184][  0]LogGameplayTags: Display: UGameplayTagsManager::DoneAddingNativeTags. DelegateIsBound: 0
[2019.01.26-18.12.55:185][  0]LogStats: UGameplayTagsManager::ConstructGameplayTagTree: ImportINI prefixes -  0.000 s
[2019.01.26-18.12.55:185][  0]LogStats: UGameplayTagsManager::ConstructGameplayTagTree: Construct from data asset -  0.000 s
[2019.01.26-18.12.55:185][  0]LogStats: UGameplayTagsManager::ConstructGameplayTagTree: ImportINI -  0.000 s
[2019.01.26-18.12.55:185][  0]LogStats: UGameplayTagsManager::ConstructGameplayTagTree: GameplayTagTreeChangedEvent.Broadcast -  0.000 s
[2019.01.26-18.12.55:462][  0]LogFileCache: Scanning file cache for directory 'C:/Users/w017177h.STUDENT/Documents/Github/GGJ2019/GGJ2019/Content/' took 0.02s
[2019.01.26-18.12.55:463][  0]SourceControl: Source control is disabled
[2019.01.26-18.12.55:463][  0]Cmd: MAP LOAD FILE="../../../../../../Users/w017177h.STUDENT/Documents/Github/GGJ2019/GGJ2019/Content/GameLevel.umap" TEMPLATE=0 SHOWPROGRESS=1 FEATURELEVEL=3
[2019.01.26-18.12.55:464][  0]LightingResults: New page: Lighting Build
[2019.01.26-18.12.55:470][  0]MapCheck: New page: Map Check
[2019.01.26-18.12.55:470][  0]LightingResults: New page: Lighting Build
[2019.01.26-18.12.55:776][  0]LogAIModule: Creating AISystem for world GameLevel
[2019.01.26-18.12.55:791][  0]LogEditorServer: Finished looking for orphan Actors (0.000 secs)
[2019.01.26-18.12.55:827][  0]Cmd: MAP CHECKDEP NOCLEARLOG
[2019.01.26-18.12.56:048][  0]MapCheck: Map check complete: 0 Error(s), 0 Warning(s), took 220.824ms to complete.
[2019.01.26-18.12.56:048][  0]LogFileHelpers: Loading map 'GameLevel' took 0.585
[2019.01.26-18.12.56:199][  0]LogSlate: Updating window title bar state: overlay mode, drag disabled, window buttons hidden, title bar hidden
[2019.01.26-18.12.56:210][  0]LogSlate: Updating window title bar state: overlay mode, drag disabled, window buttons hidden, title bar hidden
[2019.01.26-18.12.56:219][  0]LogSlate: Updating window title bar state: overlay mode, drag disabled, window buttons hidden, title bar hidden
[2019.01.26-18.12.56:230][  0]LogSlate: Updating window title bar state: overlay mode, drag disabled, window buttons hidden, title bar hidden
[2019.01.26-18.12.56:246][  0]LogCollectionManager: Loaded 0 collections in 0.004299 seconds
[2019.01.26-18.12.56:308][  0]LogFileCache: Scanning file cache for directory 'C:/Users/w017177h.STUDENT/Documents/Github/GGJ2019/GGJ2019/Saved/Collections/' took 0.01s
[2019.01.26-18.12.56:308][  0]LogFileCache: Scanning file cache for directory 'C:/Users/w017177h.STUDENT/Documents/Github/GGJ2019/GGJ2019/Content/Developers/w017177h/Collections/' took 0.01s
[2019.01.26-18.12.56:309][  0]LogFileCache: Scanning file cache for directory 'C:/Users/w017177h.STUDENT/Documents/Github/GGJ2019/GGJ2019/Content/Collections/' took 0.01s
[2019.01.26-18.12.56:309][  0]LogCollectionManager: Rebuilt the GUID cache for 0 collections in 0.000000 seconds
[2019.01.26-18.12.56:325][  0]LogContentBrowser: Native class hierarchy populated in 0.0155 seconds. Added 2583 classes and 606 folders.
[2019.01.26-18.12.56:338][  0]LogContentBrowser: Native class hierarchy updated for 'WidgetCarousel' in 0.0005 seconds. Added 0 classes and 0 folders.
[2019.01.26-18.12.56:433][  0]LogContentBrowser: Native class hierarchy updated for 'AddContentDialog' in 0.0005 seconds. Added 0 classes and 0 folders.
[2019.01.26-18.12.56:443][  0]LogContentBrowser: Native class hierarchy updated for 'SceneOutliner' in 0.0005 seconds. Added 1 classes and 2 folders.
[2019.01.26-18.12.56:482][  0]LogSlate: Took 0.000469 seconds to synchronously load lazily loaded font '../../../Engine/Content/Slate/Fonts/Roboto-Regular.ttf' (155K)
[2019.01.26-18.12.56:486][  0]LogSlate: Took 0.000321 seconds to synchronously load lazily loaded font '../../../Engine/Content/Slate/Fonts/Roboto-Bold.ttf' (160K)
[2019.01.26-18.12.56:495][  0]LogSlate: Took 0.000412 seconds to synchronously load lazily loaded font '../../../Engine/Content/Editor/Slate/Fonts/FontAwesome.ttf' (139K)
[2019.01.26-18.12.56:591][  0]LogRenderer: Reallocating scene render targets to support 1208x576 Format 10 NumSamples 1 (Frame:1).
[2019.01.26-18.12.56:658][  0]LogSlate: Took 0.000300 seconds to synchronously load lazily loaded font '../../../Engine/Content/Slate/Fonts/Roboto-Light.ttf' (167K)
[2019.01.26-18.12.56:795][  0]LogContentBrowser: Native class hierarchy updated for 'HierarchicalLODOutliner' in 0.0007 seconds. Added 0 classes and 0 folders.
[2019.01.26-18.12.56:795][  0]LogLoad: (Engine Initialization) Total time: 14.84 seconds
[2019.01.26-18.12.56:795][  0]LogLoad: (Engine Initialization) Total Blueprint compile time: 0.00 seconds
[2019.01.26-18.12.56:806][  0]LogWindowsTextInputMethodSystem: Display: IME system now deactivated.
[2019.01.26-18.12.56:847][  0]LogContentStreaming: Texture pool size now 1000 MB
[2019.01.26-18.12.56:878][  1]LogFileCache: Retrieving MD5 hashes for directory 'C:/Users/w017177h.STUDENT/Documents/Github/GGJ2019/GGJ2019/Content/' took 0.06s
[2019.01.26-18.12.56:896][  1]LogAssetRegistry: Asset discovery search completed in 7.2538 seconds
[2019.01.26-18.12.56:899][  1]LogCollectionManager: Rebuilt the object cache for 0 collections in 0.000000 seconds (found 0 objects)
[2019.01.26-18.12.56:899][  1]LogCollectionManager: Fixed up redirectors for 0 collections in 0.000166 seconds (updated 0 objects)
[2019.01.26-18.14.57:313][ 28]LogSlate: FSceneViewport::OnFocusLost() reason 0
[2019.01.26-18.15.03:288][727]LogSlate: Took 0.000232 seconds to synchronously load lazily loaded font '../../../Engine/Content/Slate/Fonts/Roboto-Light.ttf' (167K)
[2019.01.26-18.15.03:977][727]LogAIModule: Creating AISystem for world NewJohnLevel
[2019.01.26-18.15.04:058][727]LogAssetEditorManager: Opening Asset editor for World /Game/StarterContent/Maps/NewJohnLevel.NewJohnLevel
[2019.01.26-18.15.04:093][727]Cmd: MAP LOAD FILE="../../../../../../Users/w017177h.STUDENT/Documents/Github/GGJ2019/GGJ2019/Content/StarterContent/Maps/NewJohnLevel.umap" TEMPLATE=0 SHOWPROGRESS=1 FEATURELEVEL=3
[2019.01.26-18.15.04:094][727]LightingResults: New page: Lighting Build
[2019.01.26-18.15.04:094][727]LoadErrors: New page: Loading map: NewJohnLevel.umap
[2019.01.26-18.15.04:096][727]MapCheck: New page: Map Check
[2019.01.26-18.15.04:096][727]LightingResults: New page: Lighting Build
[2019.01.26-18.15.04:200][727]LogEditorServer: Finished looking for orphan Actors (0.000 secs)
[2019.01.26-18.15.04:287][727]Cmd: MAP CHECKDEP NOCLEARLOG
[2019.01.26-18.15.04:523][727]MapCheck: Map check complete: 0 Error(s), 0 Warning(s), took 235.874ms to complete.
[2019.01.26-18.15.04:525][727]LogFileHelpers: Loading map 'NewJohnLevel' took 0.433
[2019.01.26-18.15.06:202][872]LogAIModule: Creating AISystem for world NewJohnNewLevel
[2019.01.26-18.15.06:215][872]PIE: Warning: AttachTo: '/Game/StarterContent/Maps/NewJohnNewLevel.NewJohnNewLevel:PersistentLevel.Player_BP_Base_5.CollisionCylinder' root component cannot be attached to other components in the same actor. Aborting.
[2019.01.26-18.15.06:273][872]LogAssetEditorManager: Opening Asset editor for World /Game/StarterContent/Maps/NewJohnNewLevel.NewJohnNewLevel
[2019.01.26-18.15.06:302][872]Cmd: MAP LOAD FILE="../../../../../../Users/w017177h.STUDENT/Documents/Github/GGJ2019/GGJ2019/Content/StarterContent/Maps/NewJohnNewLevel.umap" TEMPLATE=0 SHOWPROGRESS=1 FEATURELEVEL=3
[2019.01.26-18.15.06:302][872]LightingResults: New page: Lighting Build
[2019.01.26-18.15.06:303][872]LoadErrors: New page: Loading map: NewJohnNewLevel.umap
[2019.01.26-18.15.06:305][872]MapCheck: New page: Map Check
[2019.01.26-18.15.06:305][872]LightingResults: New page: Lighting Build
[2019.01.26-18.15.06:438][872]LogEditorServer: Finished looking for orphan Actors (0.000 secs)
[2019.01.26-18.15.06:515][872]Cmd: MAP CHECKDEP NOCLEARLOG
[2019.01.26-18.15.06:732][872]MapCheck: Map check complete: 0 Error(s), 0 Warning(s), took 218.203ms to complete.
[2019.01.26-18.15.06:734][872]LogFileHelpers: Loading map 'NewJohnNewLevel' took 0.434
[2019.01.26-18.15.08:558][ 71]LogTemp: Repeating last play command: Selected Viewport
[2019.01.26-18.15.08:590][ 71]LogBlueprintUserMessages: Early PlayInEditor Detection: Level '/Game/StarterContent/Maps/NewJohnNewLevel.NewJohnNewLevel:PersistentLevel' has LevelScriptBlueprint '/Game/StarterContent/Maps/NewJohnNewLevel.NewJohnNewLevel:PersistentLevel.NewJohnNewLevel' with GeneratedClass '/Game/StarterContent/Maps/NewJohnNewLevel.NewJohnNewLevel_C' with ClassGeneratedBy '/Game/StarterContent/Maps/NewJohnNewLevel.NewJohnNewLevel:PersistentLevel.NewJohnNewLevel'
[2019.01.26-18.15.08:590][ 71]LogPlayLevel: PlayLevel: No blueprints needed recompiling
[2019.01.26-18.15.08:606][ 71]PIE: New page: PIE session: NewJohnNewLevel (26 Jan 2019 18:15:08)
[2019.01.26-18.15.08:606][ 71]LogPlayLevel: Creating play world package: /Game/StarterContent/Maps/UEDPIE_0_NewJohnNewLevel
[2019.01.26-18.15.08:644][ 71]LogPlayLevel: PIE: StaticDuplicateObject took: (0.038142s)
[2019.01.26-18.15.08:645][ 71]LogAIModule: Creating AISystem for world NewJohnNewLevel
[2019.01.26-18.15.08:646][ 71]LogPlayLevel: PIE: World Init took: (0.001098s)
[2019.01.26-18.15.08:646][ 71]LogPlayLevel: PIE: Created PIE world by copying editor world from /Game/StarterContent/Maps/NewJohnNewLevel.NewJohnNewLevel to /Game/StarterContent/Maps/UEDPIE_0_NewJohnNewLevel.NewJohnNewLevel (0.039806s)
[2019.01.26-18.15.08:681][ 71]LogInit: XAudio2 using 'Headset Earphone (2- Razer ManO'War)' : 2 channels at 48 kHz using 16 bits per sample (channel mask 0x3)
[2019.01.26-18.15.08:694][ 71]LogInit: FAudioDevice initialized.
[2019.01.26-18.15.08:752][ 71]LogLoad: Game class is 'GGJ2019GM_C'
[2019.01.26-18.15.08:760][ 71]LogWorld: Bringing World /Game/StarterContent/Maps/UEDPIE_0_NewJohnNewLevel.NewJohnNewLevel up for play (max tick rate 0) at 2019.01.26-18.15.08
[2019.01.26-18.15.08:763][ 71]LogWorld: Bringing up level for play took: 0.010417
[2019.01.26-18.15.08:785][ 71]LogContentBrowser: Native class hierarchy updated for 'MovieSceneCapture' in 0.0005 seconds. Added 10 classes and 0 folders.
[2019.01.26-18.15.08:787][ 71]PIE: Play in editor start time for /Game/StarterContent/Maps/UEDPIE_0_NewJohnNewLevel 0.261
[2019.01.26-18.15.08:787][ 71]LogBlueprintUserMessages: Late PlayInEditor Detection: Level '/Game/StarterContent/Maps/NewJohnNewLevel.NewJohnNewLevel:PersistentLevel' has LevelScriptBlueprint '/Game/StarterContent/Maps/NewJohnNewLevel.NewJohnNewLevel:PersistentLevel.NewJohnNewLevel' with GeneratedClass '/Game/StarterContent/Maps/NewJohnNewLevel.NewJohnNewLevel_C' with ClassGeneratedBy '/Game/StarterContent/Maps/NewJohnNewLevel.NewJohnNewLevel:PersistentLevel.NewJohnNewLevel'
[2019.01.26-18.15.08:789][ 71]PIE: Warning: Invalid Simulate Options: Body (Enemy_BP_Base_C_0.SkeletalMesh SKM_dimples) is set to simulate physics but Collision Enabled is incompatible
[2019.01.26-18.15.08:790][ 71]PIE: Warning: Invalid Simulate Options: Body (Enemy_BP_Base_C_1.SkeletalMesh SKM_dimples) is set to simulate physics but Collision Enabled is incompatible
[2019.01.26-18.15.08:790][ 71]PIE: Warning: Invalid Simulate Options: Body (Enemy_BP_Base_C_2.SkeletalMesh SKM_dimples) is set to simulate physics but Collision Enabled is incompatible
[2019.01.26-18.15.08:791][ 71]PIE: Warning: Invalid Simulate Options: Body (Enemy_BP_Base_C_3.SkeletalMesh SKM_dimples) is set to simulate physics but Collision Enabled is incompatible
[2019.01.26-18.15.08:792][ 71]PIE: Warning: Invalid Simulate Options: Body (Enemy_BP_Base_C_4.SkeletalMesh SKM_dimples) is set to simulate physics but Collision Enabled is incompatible
[2019.01.26-18.15.08:793][ 71]PIE: Warning: Invalid Simulate Options: Body (Enemy_BP_Base_C_5.SkeletalMesh SKM_dimples) is set to simulate physics but Collision Enabled is incompatible
[2019.01.26-18.15.09:088][101]PIE: Warning: Invalid Simulate Options: Body (Enemy_BP_Base_C_6.SkeletalMesh SKM_dimples) is set to simulate physics but Collision Enabled is incompatible
[2019.01.26-18.15.09:978][204]PIE: Warning: Invalid Simulate Options: Body (Enemy_BP_Base_C_7.SkeletalMesh SKM_dimples) is set to simulate physics but Collision Enabled is incompatible
[2019.01.26-18.15.12:317][475]LogSlate: FSceneViewport::OnFocusLost() reason 2
[2019.01.26-18.15.13:957][662]PIE: Warning: Invalid Simulate Options: Body (Enemy_BP_Base_C_8.SkeletalMesh SKM_dimples) is set to simulate physics but Collision Enabled is incompatible
[2019.01.26-18.15.14:037][671]PIE: Warning: Invalid Simulate Options: Body (Enemy_BP_Base_C_9.SkeletalMesh SKM_dimples) is set to simulate physics but Collision Enabled is incompatible
[2019.01.26-18.15.14:335][705]PIE: Warning: Invalid Simulate Options: Body (Enemy_BP_Base_C_10.SkeletalMesh SKM_dimples) is set to simulate physics but Collision Enabled is incompatible
[2019.01.26-18.15.16:970][  9]PIE: Warning: Invalid Simulate Options: Body (Enemy_BP_Base_C_11.SkeletalMesh SKM_dimples) is set to simulate physics but Collision Enabled is incompatible
[2019.01.26-18.15.22:037][597]PIE: Warning: Invalid Simulate Options: Body (Enemy_BP_Base_C_12.SkeletalMesh SKM_dimples) is set to simulate physics but Collision Enabled is incompatible
[2019.01.26-18.15.24:785][898]PIE: Warning: Invalid Simulate Options: Body (Enemy_BP_Base_C_13.SkeletalMesh SKM_dimples) is set to simulate physics but Collision Enabled is incompatible
[2019.01.26-18.15.26:928][147]PIE: Warning: Invalid Simulate Options: Body (Enemy_BP_Base_C_14.SkeletalMesh SKM_dimples) is set to simulate physics but Collision Enabled is incompatible
[2019.01.26-18.15.27:710][235]PIE: Warning: Invalid Simulate Options: Body (Enemy_BP_Base_C_15.SkeletalMesh SKM_dimples) is set to simulate physics but Collision Enabled is incompatible
[2019.01.26-18.15.28:600][340]PIE: Warning: Invalid Simulate Options: Body (Enemy_BP_Base_C_16.SkeletalMesh SKM_dimples) is set to simulate physics but Collision Enabled is incompatible
[2019.01.26-18.15.31:516][675]PIE: Warning: Invalid Simulate Options: Body (Enemy_BP_Base_C_17.SkeletalMesh SKM_dimples) is set to simulate physics but Collision Enabled is incompatible
[2019.01.26-18.15.32:008][731]PIE: Warning: Invalid Simulate Options: Body (Enemy_BP_Base_C_18.SkeletalMesh SKM_dimples) is set to simulate physics but Collision Enabled is incompatible
[2019.01.26-18.15.32:913][834]PIE: Warning: Invalid Simulate Options: Body (Enemy_BP_Base_C_19.SkeletalMesh SKM_dimples) is set to simulate physics but Collision Enabled is incompatible
[2019.01.26-18.15.33:929][948]PIE: Warning: Invalid Simulate Options: Body (Enemy_BP_Base_C_20.SkeletalMesh SKM_dimples) is set to simulate physics but Collision Enabled is incompatible
[2019.01.26-18.15.34:634][ 28]PIE: Warning: Invalid Simulate Options: Body (Enemy_BP_Base_C_21.SkeletalMesh SKM_dimples) is set to simulate physics but Collision Enabled is incompatible
[2019.01.26-18.15.34:782][ 44]PIE: Warning: Invalid Simulate Options: Body (Enemy_BP_Base_C_22.SkeletalMesh SKM_dimples) is set to simulate physics but Collision Enabled is incompatible
[2019.01.26-18.15.35:305][ 98]PIE: Warning: Invalid Simulate Options: Body (Enemy_BP_Base_C_23.SkeletalMesh SKM_dimples) is set to simulate physics but Collision Enabled is incompatible
[2019.01.26-18.15.36:104][179]LogBlueprintUserMessages: Early EndPlayMap Detection: Level '/Game/StarterContent/Maps/NewJohnNewLevel.NewJohnNewLevel:PersistentLevel' has LevelScriptBlueprint '/Game/StarterContent/Maps/NewJohnNewLevel.NewJohnNewLevel:PersistentLevel.NewJohnNewLevel' with GeneratedClass '/Game/StarterContent/Maps/NewJohnNewLevel.NewJohnNewLevel_C' with ClassGeneratedBy '/Game/StarterContent/Maps/NewJohnNewLevel.NewJohnNewLevel:PersistentLevel.NewJohnNewLevel'
[2019.01.26-18.15.36:104][179]LogSlate: Updating window title bar state: overlay mode, drag disabled, window buttons hidden, title bar hidden
[2019.01.26-18.15.36:141][179]LogPlayLevel: Display: Shutting down PIE online subsystems
[2019.01.26-18.15.36:141][179]LogBlueprintUserMessages: Late EndPlayMap Detection: Level '/Game/StarterContent/Maps/NewJohnNewLevel.NewJohnNewLevel:PersistentLevel' has LevelScriptBlueprint '/Game/StarterContent/Maps/NewJohnNewLevel.NewJohnNewLevel:PersistentLevel.NewJohnNewLevel' with GeneratedClass '/Game/StarterContent/Maps/NewJohnNewLevel.NewJohnNewLevel_C' with ClassGeneratedBy '/Game/StarterContent/Maps/NewJohnNewLevel.NewJohnNewLevel:PersistentLevel.NewJohnNewLevel'
[2019.01.26-18.15.36:168][179]LogSlate: Updating window title bar state: overlay mode, drag disabled, window buttons hidden, title bar hidden
[2019.01.26-18.15.36:200][181]LogPlayLevel: Display: Destroying online subsystem :Context_2
[2019.01.26-18.16.06:484][381]LogSlate: FSceneViewport::OnFocusLost() reason 0
[2019.01.26-18.16.06:593][389]Candidate modules for hot reload:
[2019.01.26-18.16.06:593][389]  GGJ2019
[2019.01.26-18.16.06:593][389]Launching UnrealBuildTool... [C:/Epic/UE4/UE_4.20/Engine/Binaries/DotNET/UnrealBuildTool.exe  -ModuleWithSuffix=GGJ2019,8737 Win64 Development -TargetType=Editor -Project="../../../../../../Users/w017177h.STUDENT/Documents/Github/GGJ2019/GGJ2019/GGJ2019.uproject" -canskiplink "C:/Users/w017177h.STUDENT/Documents/Github/GGJ2019/GGJ2019/GGJ2019.uproject" ]
[2019.01.26-18.16.06:597][389]Warning: Starting HotReload took  0.0s.
[2019.01.26-18.16.47:123][ 80]CompilerResultsLog: New page: Compilation - 26 Jan 2019 18:16:47
[2019.01.26-18.16.47:124][ 80]CompilerResultsLog: Using 'git status' to determine working set for adaptive non-unity build.
[2019.01.26-18.16.47:124][ 80]CompilerResultsLog: Creating makefile for hot reloading GGJ2019Editor (game project files are newer)
[2019.01.26-18.16.47:124][ 80]CompilerResultsLog: Compiling game modules for hot reload
[2019.01.26-18.16.47:124][ 80]CompilerResultsLog: Using Visual Studio 2017 14.14.26428 toolchain (C:\Program Files (x86)\Microsoft Visual Studio\2017\Professional\VC\Tools\MSVC\14.14.26428) and Windows 10.0.17134.0 SDK (C:\Program Files (x86)\Windows Kits\10).
[2019.01.26-18.16.47:124][ 80]CompilerResultsLog: Parsing headers for GGJ2019Editor
[2019.01.26-18.16.47:124][ 80]CompilerResultsLog:   Running UnrealHeaderTool "C:\Users\w017177h.STUDENT\Documents\Github\GGJ2019\GGJ2019\GGJ2019.uproject" "C:\Users\w017177h.STUDENT\Documents\Github\GGJ2019\GGJ2019\Intermediate\Build\Win64\GGJ2019Editor\Development\GGJ2019Editor.uhtmanifest" -LogCmds="loginit warning, logexit warning, logdatabase error" -Unattended -WarningsAsErrors -installed
[2019.01.26-18.16.47:124][ 80]CompilerResultsLog: Reflection code generated for GGJ2019Editor in 13.3071489 seconds
[2019.01.26-18.16.47:124][ 80]CompilerResultsLog: Building 9 actions with 8 processes...
[2019.01.26-18.16.47:124][ 80]CompilerResultsLog:   [1/9] Pickup_Weapon.cpp
[2019.01.26-18.16.47:124][ 80]CompilerResultsLog:   [2/9] EnemySpawner_Base.cpp
[2019.01.26-18.16.47:124][ 80]CompilerResultsLog:   [3/9] Enemy_Base.gen.cpp
[2019.01.26-18.16.47:125][ 80]CompilerResultsLog:   [4/9] Pickup_Weapon.gen.cpp
[2019.01.26-18.16.47:125][ 80]CompilerResultsLog:   [5/9] Enemy_Base.cpp
[2019.01.26-18.16.47:125][ 80]CompilerResultsLog:   [6/9] Player_Base.gen.cpp
[2019.01.26-18.16.47:125][ 80]CompilerResultsLog:   [7/9] Player_Base.cpp
[2019.01.26-18.16.47:125][ 80]CompilerResultsLog:   [8/9] UE4Editor-GGJ2019-8737.lib
[2019.01.26-18.16.47:125][ 80]CompilerResultsLog:      Creating library C:\Users\w017177h.STUDENT\Documents\Github\GGJ2019\GGJ2019\Intermediate\Build\Win64\UE4Editor\Development\GGJ2019\UE4Editor-GGJ2019-8737.lib and object C:\Users\w017177h.STUDENT\Documents\Github\GGJ2019\GGJ2019\Intermediate\Build\Win64\UE4Editor\Development\GGJ2019\UE4Editor-GGJ2019-8737.exp
[2019.01.26-18.16.47:125][ 80]CompilerResultsLog:   [9/9] UE4Editor-GGJ2019-8737.dll
[2019.01.26-18.16.47:125][ 80]CompilerResultsLog:      Creating library C:\Users\w017177h.STUDENT\Documents\Github\GGJ2019\GGJ2019\Intermediate\Build\Win64\UE4Editor\Development\GGJ2019\UE4Editor-GGJ2019-8737.suppressed.lib and object C:\Users\w017177h.STUDENT\Documents\Github\GGJ2019\GGJ2019\Intermediate\Build\Win64\UE4Editor\Development\GGJ2019\UE4Editor-GGJ2019-8737.suppressed.exp
[2019.01.26-18.16.47:125][ 80]CompilerResultsLog: Total build time: 40.18 seconds (Parallel executor: 16.87 seconds)
[2019.01.26-18.16.47:126][ 80]LogMainFrame: MainFrame: Module compiling took 40.541 seconds
[2019.01.26-18.16.47:201][ 80]LogClass: WeaponType HotReload.
[2019.01.26-18.16.47:201][ 80]LogClass: FoodTypes HotReload.
[2019.01.26-18.16.47:208][ 80]LogContentBrowser: Native class hierarchy updated for 'GGJ2019' in 0.0006 seconds. Added 11 classes and 3 folders.
[2019.01.26-18.16.47:211][ 80]Display: HotReload successful (16 functions remapped  0 scriptstructs remapped)
[2019.01.26-18.16.47:378][ 80]LogContentBrowser: Native class hierarchy populated in 0.0105 seconds. Added 2584 classes and 608 folders.
[2019.01.26-18.16.47:379][ 80]Display: HotReload took 40.8s.
[2019.01.26-18.18.48:007][289]LogTemp: Repeating last play command: Selected Viewport
[2019.01.26-18.18.48:035][289]LogBlueprintUserMessages: Early PlayInEditor Detection: Level '/Game/StarterContent/Maps/NewJohnNewLevel.NewJohnNewLevel:PersistentLevel' has LevelScriptBlueprint '/Game/StarterContent/Maps/NewJohnNewLevel.NewJohnNewLevel:PersistentLevel.NewJohnNewLevel' with GeneratedClass '/Game/StarterContent/Maps/NewJohnNewLevel.NewJohnNewLevel_C' with ClassGeneratedBy '/Game/StarterContent/Maps/NewJohnNewLevel.NewJohnNewLevel:PersistentLevel.NewJohnNewLevel'
[2019.01.26-18.18.48:035][289]LogPlayLevel: PlayLevel: No blueprints needed recompiling
[2019.01.26-18.18.48:035][289]PIE: New page: PIE session: NewJohnNewLevel (26 Jan 2019 18:18:48)
[2019.01.26-18.18.48:035][289]LogPlayLevel: Creating play world package: /Game/StarterContent/Maps/UEDPIE_0_NewJohnNewLevel
[2019.01.26-18.18.48:065][289]LogPlayLevel: PIE: StaticDuplicateObject took: (0.029272s)
[2019.01.26-18.18.48:066][289]LogAIModule: Creating AISystem for world NewJohnNewLevel
[2019.01.26-18.18.48:066][289]LogPlayLevel: PIE: World Init took: (0.000827s)
[2019.01.26-18.18.48:066][289]LogPlayLevel: PIE: Created PIE world by copying editor world from /Game/StarterContent/Maps/NewJohnNewLevel.NewJohnNewLevel to /Game/StarterContent/Maps/UEDPIE_0_NewJohnNewLevel.NewJohnNewLevel (0.030542s)
[2019.01.26-18.18.48:100][289]LogInit: XAudio2 using 'Headset Earphone (2- Razer ManO'War)' : 2 channels at 48 kHz using 16 bits per sample (channel mask 0x3)
[2019.01.26-18.18.48:111][289]LogInit: FAudioDevice initialized.
[2019.01.26-18.18.48:149][289]LogLoad: Game class is 'GGJ2019GM_C'
[2019.01.26-18.18.48:158][289]LogWorld: Bringing World /Game/StarterContent/Maps/UEDPIE_0_NewJohnNewLevel.NewJohnNewLevel up for play (max tick rate 0) at 2019.01.26-18.18.48
[2019.01.26-18.18.48:162][289]LogWorld: Bringing up level for play took: 0.011761
[2019.01.26-18.18.48:178][289]PIE: Play in editor start time for /Game/StarterContent/Maps/UEDPIE_0_NewJohnNewLevel -0.348
[2019.01.26-18.18.48:179][289]LogBlueprintUserMessages: Late PlayInEditor Detection: Level '/Game/StarterContent/Maps/NewJohnNewLevel.NewJohnNewLevel:PersistentLevel' has LevelScriptBlueprint '/Game/StarterContent/Maps/NewJohnNewLevel.NewJohnNewLevel:PersistentLevel.NewJohnNewLevel' with GeneratedClass '/Game/StarterContent/Maps/NewJohnNewLevel.NewJohnNewLevel_C' with ClassGeneratedBy '/Game/StarterContent/Maps/NewJohnNewLevel.NewJohnNewLevel:PersistentLevel.NewJohnNewLevel'
[2019.01.26-18.18.48:180][289]PIE: Warning: Invalid Simulate Options: Body (Enemy_BP_Base_C_0.SkeletalMesh SKM_dimples) is set to simulate physics but Collision Enabled is incompatible
[2019.01.26-18.18.48:181][289]PIE: Warning: Invalid Simulate Options: Body (Enemy_BP_Base_C_1.SkeletalMesh SKM_dimples) is set to simulate physics but Collision Enabled is incompatible
[2019.01.26-18.18.48:182][289]PIE: Warning: Invalid Simulate Options: Body (Enemy_BP_Base_C_2.SkeletalMesh SKM_dimples) is set to simulate physics but Collision Enabled is incompatible
[2019.01.26-18.18.48:183][289]PIE: Warning: Invalid Simulate Options: Body (Enemy_BP_Base_C_3.SkeletalMesh SKM_dimples) is set to simulate physics but Collision Enabled is incompatible
[2019.01.26-18.18.48:184][289]PIE: Warning: Invalid Simulate Options: Body (Enemy_BP_Base_C_4.SkeletalMesh SKM_dimples) is set to simulate physics but Collision Enabled is incompatible
[2019.01.26-18.18.48:186][289]PIE: Warning: Invalid Simulate Options: Body (Enemy_BP_Base_C_5.SkeletalMesh SKM_dimples) is set to simulate physics but Collision Enabled is incompatible
[2019.01.26-18.18.48:631][336]PIE: Warning: Invalid Simulate Options: Body (Enemy_BP_Base_C_6.SkeletalMesh SKM_dimples) is set to simulate physics but Collision Enabled is incompatible
[2019.01.26-18.18.49:013][381]PIE: Warning: Invalid Simulate Options: Body (Enemy_BP_Base_C_7.SkeletalMesh SKM_dimples) is set to simulate physics but Collision Enabled is incompatible
[2019.01.26-18.18.49:704][460]LogSlate: FSceneViewport::OnFocusLost() reason 2
[2019.01.26-18.18.53:572][876]LogSlate: FSceneViewport::OnFocusLost() reason 2
[2019.01.26-18.18.56:177][152]PIE: Warning: Invalid Simulate Options: Body (Enemy_BP_Base_C_8.SkeletalMesh SKM_dimples) is set to simulate physics but Collision Enabled is incompatible
[2019.01.26-18.18.57:679][319]PIE: Warning: Invalid Simulate Options: Body (Enemy_BP_Base_C_9.SkeletalMesh SKM_dimples) is set to simulate physics but Collision Enabled is incompatible
[2019.01.26-18.18.58:416][398]PIE: Warning: Invalid Simulate Options: Body (Enemy_BP_Base_C_10.SkeletalMesh SKM_dimples) is set to simulate physics but Collision Enabled is incompatible
[2019.01.26-18.19.01:466][743]PIE: Warning: Invalid Simulate Options: Body (Enemy_BP_Base_C_11.SkeletalMesh SKM_dimples) is set to simulate physics but Collision Enabled is incompatible
[2019.01.26-18.19.01:822][782]PIE: Warning: Invalid Simulate Options: Body (Enemy_BP_Base_C_12.SkeletalMesh SKM_dimples) is set to simulate physics but Collision Enabled is incompatible
[2019.01.26-18.19.02:863][899]PIE: Warning: Invalid Simulate Options: Body (Enemy_BP_Base_C_13.SkeletalMesh SKM_dimples) is set to simulate physics but Collision Enabled is incompatible
[2019.01.26-18.19.03:748][997]PIE: Warning: Invalid Simulate Options: Body (Enemy_BP_Base_C_14.SkeletalMesh SKM_dimples) is set to simulate physics but Collision Enabled is incompatible
[2019.01.26-18.19.05:620][203]PIE: Warning: Invalid Simulate Options: Body (Enemy_BP_Base_C_15.SkeletalMesh SKM_dimples) is set to simulate physics but Collision Enabled is incompatible
[2019.01.26-18.19.07:786][435]PIE: Warning: Invalid Simulate Options: Body (Enemy_BP_Base_C_16.SkeletalMesh SKM_dimples) is set to simulate physics but Collision Enabled is incompatible
[2019.01.26-18.19.09:263][587]PIE: Warning: Invalid Simulate Options: Body (Enemy_BP_Base_C_17.SkeletalMesh SKM_dimples) is set to simulate physics but Collision Enabled is incompatible
[2019.01.26-18.19.11:618][828]LogBlueprintUserMessages: Early EndPlayMap Detection: Level '/Game/StarterContent/Maps/NewJohnNewLevel.NewJohnNewLevel:PersistentLevel' has LevelScriptBlueprint '/Game/StarterContent/Maps/NewJohnNewLevel.NewJohnNewLevel:PersistentLevel.NewJohnNewLevel' with GeneratedClass '/Game/StarterContent/Maps/NewJohnNewLevel.NewJohnNewLevel_C' with ClassGeneratedBy '/Game/StarterContent/Maps/NewJohnNewLevel.NewJohnNewLevel:PersistentLevel.NewJohnNewLevel'
[2019.01.26-18.19.11:618][828]LogSlate: Updating window title bar state: overlay mode, drag disabled, window buttons hidden, title bar hidden
[2019.01.26-18.19.11:655][828]LogPlayLevel: Display: Shutting down PIE online subsystems
[2019.01.26-18.19.11:656][828]LogBlueprintUserMessages: Late EndPlayMap Detection: Level '/Game/StarterContent/Maps/NewJohnNewLevel.NewJohnNewLevel:PersistentLevel' has LevelScriptBlueprint '/Game/StarterContent/Maps/NewJohnNewLevel.NewJohnNewLevel:PersistentLevel.NewJohnNewLevel' with GeneratedClass '/Game/StarterContent/Maps/NewJohnNewLevel.NewJohnNewLevel_C' with ClassGeneratedBy '/Game/StarterContent/Maps/NewJohnNewLevel.NewJohnNewLevel:PersistentLevel.NewJohnNewLevel'
[2019.01.26-18.19.11:682][828]LogSlate: Updating window title bar state: overlay mode, drag disabled, window buttons hidden, title bar hidden
[2019.01.26-18.19.11:725][830]LogPlayLevel: Display: Destroying online subsystem :Context_3
[2019.01.26-18.19.12:397][908]LogSlate: FSceneViewport::OnFocusLost() reason 0
[2019.01.26-18.19.13:173][928]LogSavePackage: Moving '../../../../../../Users/w017177h.STUDENT/Documents/Github/GGJ2019/GGJ2019/Saved/NewJohnNewLevel0E7C202A4673F2C60A52E3A993B4897D.tmp' to '../../../../../../Users/w017177h.STUDENT/Documents/Github/GGJ2019/GGJ2019/Content/StarterContent/Maps/NewJohnNewLevel.umap'
[2019.01.26-18.20.02:292][106]LogSlate: FSceneViewport::OnFocusLost() reason 0
[2019.01.26-18.20.03:143][126]LogSavePackage: Moving '../../../../../../Users/w017177h.STUDENT/Documents/Github/GGJ2019/GGJ2019/Saved/NewJohnNewLevel50647F4E455B9526ADD359B0AFF614C6.tmp' to '../../../../../../Users/w017177h.STUDENT/Documents/Github/GGJ2019/GGJ2019/Content/StarterContent/Maps/NewJohnNewLevel.umap'
[2019.01.26-18.20.03:527][159]LogSlate: FSceneViewport::OnFocusLost() reason 0
[2019.01.26-18.20.03:730][165]LogSlate: Window 'GGJ2019 - Unreal Editor' being destroyed
[2019.01.26-18.20.03:731][165]LogWindowsTextInputMethodSystem: Display: IME system now deactivated.
[2019.01.26-18.20.03:979][166]Cmd: QUIT_EDITOR
[2019.01.26-18.20.04:214][166]LogExit: Preparing to exit.
