Log file open, 02/03/19 17:25:25
LogWindows: Failed to load 'aqProf.dll' (GetLastError=126)
LogWindows: File 'aqProf.dll' does not exist
LogWindows: Failed to load 'VSPerf140.dll' (GetLastError=126)
LogWindows: File 'VSPerf140.dll' does not exist
LogWindows: Failed to load 'VtuneApi.dll' (GetLastError=126)
LogWindows: File 'VtuneApi.dll' does not exist
LogWindows: Failed to load 'VtuneApi32e.dll' (GetLastError=126)
LogWindows: File 'VtuneApi32e.dll' does not exist
LogInit: Display: Running engine for game: GGJ2019
LogPlatformFile: Not using cached read wrapper
LogTaskGraph: Started task graph with 5 named threads and 23 total threads with 3 sets of task threads.
LogStats: Stats thread started at 6.069963
LogD3D11RHI: Loaded GFSDK_Aftermath_Lib.x64.dll
LogICUInternationalization: Display: ICU TimeZone Detection - Raw Offset: +0:00, Platform Override: ''
LogPluginManager: Mounting plugin Paper2D
LogPluginManager: Mounting plugin AISupport
LogPluginManager: Mounting plugin LightPropagationVolume
LogPluginManager: Mounting plugin CLionSourceCodeAccess
LogPluginManager: Mounting plugin CodeLiteSourceCodeAccess
LogPluginManager: Mounting plugin GitSourceControl
LogPluginManager: Mounting plugin KDevelopSourceCodeAccess
LogPluginManager: Mounting plugin NullSourceCodeAccess
LogPluginManager: Mounting plugin PerforceSourceControl
LogPluginManager: Mounting plugin SubversionSourceControl
LogPluginManager: Mounting plugin UObjectPlugin
LogPluginManager: Mounting plugin VisualStudioCodeSourceCodeAccess
LogPluginManager: Mounting plugin VisualStudioSourceCodeAccess
LogPluginManager: Mounting plugin XCodeSourceCodeAccess
LogPluginManager: Mounting plugin AssetManagerEditor
LogPluginManager: Mounting plugin CryptoKeys
LogPluginManager: Mounting plugin DataValidation
LogPluginManager: Mounting plugin FacialAnimation
LogPluginManager: Mounting plugin GameplayTagsEditor
LogPluginManager: Mounting plugin MacGraphicsSwitching
LogPluginManager: Mounting plugin MeshEditor
LogPluginManager: Mounting plugin MobileLauncherProfileWizard
LogPluginManager: Mounting plugin PluginBrowser
LogPluginManager: Mounting plugin SpeedTreeImporter
LogPluginManager: Mounting plugin DatasmithContent
LogPluginManager: Mounting plugin AlembicImporter
LogPluginManager: Mounting plugin AppleImageUtils
LogPluginManager: Mounting plugin AppleVision
LogPluginManager: Mounting plugin BackChannel
LogPluginManager: Mounting plugin CharacterAI
LogPluginManager: Mounting plugin GeometryCache
LogPluginManager: Mounting plugin HTML5Networking
LogPluginManager: Mounting plugin ProxyLODPlugin
LogPluginManager: Mounting plugin MagicLeap
LogPluginManager: Mounting plugin MagicLeapEmulator
LogPluginManager: Mounting plugin MagicLeapMedia
LogPluginManager: Mounting plugin AndroidMedia
LogPluginManager: Mounting plugin AvfMedia
LogPluginManager: Mounting plugin ImgMedia
LogPluginManager: Mounting plugin LinearTimecode
LogPluginManager: Mounting plugin MediaCompositing
LogPluginManager: Mounting plugin MediaPlayerEditor
LogPluginManager: Mounting plugin WmfMedia
LogPluginManager: Mounting plugin TcpMessaging
LogPluginManager: Mounting plugin UdpMessaging
LogPluginManager: Mounting plugin ActorSequence
LogPluginManager: Mounting plugin LevelSequenceEditor
LogPluginManager: Mounting plugin MatineeToLevelSequence
LogPluginManager: Mounting plugin NetcodeUnitTest
LogPluginManager: Mounting plugin NUTUnrealEngine4
LogPluginManager: Mounting plugin OnlineSubsystemGooglePlay
LogPluginManager: Mounting plugin OnlineSubsystemIOS
LogPluginManager: Mounting plugin OnlineSubsystem
LogPluginManager: Mounting plugin OnlineSubsystemNull
LogPluginManager: Mounting plugin OnlineSubsystemUtils
LogPluginManager: Mounting plugin LauncherChunkInstaller
LogPluginManager: Mounting plugin AndroidDeviceProfileSelector
LogPluginManager: Mounting plugin AndroidMoviePlayer
LogPluginManager: Mounting plugin AndroidPermission
LogPluginManager: Mounting plugin AppleMoviePlayer
LogPluginManager: Mounting plugin ArchVisCharacter
LogPluginManager: Mounting plugin AudioCapture
LogPluginManager: Mounting plugin CableComponent
LogPluginManager: Mounting plugin CustomMeshComponent
LogPluginManager: Mounting plugin EditableMesh
LogPluginManager: Mounting plugin ExampleDeviceProfileSelector
LogPluginManager: Mounting plugin GoogleCloudMessaging
LogPluginManager: Mounting plugin ImmediatePhysics
LogPluginManager: Mounting plugin IOSDeviceProfileSelector
LogPluginManager: Mounting plugin LinuxDeviceProfileSelector
LogPluginManager: Mounting plugin LocationServicesBPLibrary
LogPluginManager: Mounting plugin MobilePatchingUtils
LogPluginManager: Mounting plugin OculusVR
LogPluginManager: Plugin shader directory ../../../Engine/Plugins/Runtime/Oculus/OculusVR/Shaders found
LogPluginManager: Mapping shader source directory ../../../Engine/Plugins/Runtime/Oculus/OculusVR/Shaders to virtual directory /Plugin/OculusVR
LogPluginManager: Mounting plugin PhysXVehicles
LogPluginManager: Mounting plugin ProceduralMeshComponent
LogPluginManager: Mounting plugin RuntimePhysXCooking
LogPluginManager: Mounting plugin SteamVR
LogPluginManager: Mounting plugin WindowsMoviePlayer
LogStreaming: Display: Took  0.541s to configure plugins.
LogInit: Using libcurl 7.55.1-DEV
LogInit:  - built for x86_64-pc-win32
LogInit:  - supports SSL with OpenSSL/1.0.2h
LogInit:  - supports HTTP deflate (compression) using libz 1.2.8
LogInit:  - other features:
LogInit:      CURL_VERSION_SSL
LogInit:      CURL_VERSION_LIBZ
LogInit:      CURL_VERSION_IPV6
LogInit:      CURL_VERSION_ASYNCHDNS
LogInit:      CURL_VERSION_LARGEFILE
LogInit:      CURL_VERSION_IDN
LogInit:  CurlRequestOptions (configurable via config and command line):
LogInit:  - bVerifyPeer = false  - Libcurl will NOT verify peer certificate
LogInit:  - bUseHttpProxy = false  - Libcurl will NOT use HTTP proxy
LogInit:  - bDontReuseConnections = false  - Libcurl will reuse connections
LogInit:  - CertBundlePath = nullptr  - Libcurl will use whatever was configured at build time.
LogInit:  - MaxHostConnections = 16  - Libcurl will limit the number of connections to a host
LogInit:  - LocalHostAddr = Default
LogInit:  - BufferSize = 65536
LogInit: WinSock: version 1.1 (2.2), MaxSocks=32767, MaxUdp=65467
LogInit: Build: ++UE4+Release-4.20-CL-4369336
LogInit: Engine Version: 4.20.3-4369336+++UE4+Release-4.20
LogInit: Compatible Engine Version: 4.20.0-4212847+++UE4+Release-4.20
LogInit: Net CL: 4212847
LogInit: OS: Windows 10 (), CPU: Intel(R) Core(TM) i7-6700K CPU @ 4.00GHz, GPU: NVIDIA GeForce GTX 1060 6GB
LogInit: Compiled (64-bit): Sep 17 2018 12:26:19
LogInit: Compiled with Visual C++: 19.13.26129.00
LogInit: Build Configuration: Development
LogInit: Branch Name: ++UE4+Release-4.20
LogInit: Command Line:  -skipcompile
LogInit: Base Directory: D:/Program Files/Epic Games/UE_4.20/Engine/Binaries/Win64/
LogInit: Installed Engine Build: 1
LogDevObjectVersion: Number of dev versions registered: 20
LogDevObjectVersion:   Dev-Blueprints (B0D832E4-1F89-4F0D-ACCF-7EB736FD4AA2): 10
LogDevObjectVersion:   Dev-Build (E1C64328-A22C-4D53-A36C-8E866417BD8C): 0
LogDevObjectVersion:   Dev-Core (375EC13C-06E4-48FB-B500-84F0262A717E): 2
LogDevObjectVersion:   Dev-Editor (E4B068ED-F494-42E9-A231-DA0B2E46BB41): 24
LogDevObjectVersion:   Dev-Framework (CFFC743F-43B0-4480-9391-14DF171D2073): 34
LogDevObjectVersion:   Dev-Mobile (B02B49B5-BB20-44E9-A304-32B752E40360): 2
LogDevObjectVersion:   Dev-Networking (A4E4105C-59A1-49B5-A7C5-40C4547EDFEE): 0
LogDevObjectVersion:   Dev-Online (39C831C9-5AE6-47DC-9A44-9C173E1C8E7C): 0
LogDevObjectVersion:   Dev-Physics (78F01B33-EBEA-4F98-B9B4-84EACCB95AA2): 0
LogDevObjectVersion:   Dev-Platform (6631380F-2D4D-43E0-8009-CF276956A95A): 0
LogDevObjectVersion:   Dev-Rendering (12F88B9F-8875-4AFC-A67C-D90C383ABD29): 26
LogDevObjectVersion:   Dev-Sequencer (7B5AE74C-D270-4C10-A958-57980B212A5A): 9
LogDevObjectVersion:   Dev-VR (D7296918-1DD6-4BDD-9DE2-64A83CC13884): 2
LogDevObjectVersion:   Dev-LoadTimes (C2A15278-BFE7-4AFE-6C17-90FF531DF755): 1
LogDevObjectVersion:   Private-Geometry (6EACA3D4-40EC-4CC1-B786-8BED09428FC5): 3
LogDevObjectVersion:   Dev-AnimPhys (29E575DD-E0A3-4627-9D10-D276232CDCEA): 17
LogDevObjectVersion:   Dev-ReflectionCapture (6B266CEC-1EC7-4B8F-A30B-E4D90942FC07): 1
LogDevObjectVersion:   Dev-Automation (0DF73D61-A23F-47EA-B727-89E90C41499A): 1
LogDevObjectVersion:   FortniteMain (601D1886-AC64-4F84-AA16-D3DE0DEAC7D6): 12
LogDevObjectVersion:   Dev-Enterprise (9DFFBCD6-494F-0158-E221-12823C92A888): 1
LogStreaming: Display: Took  0.044s to delete old logs.
LogInit: Presizing for max 8388607 objects, including 0 objects not considered by GC, pre-allocating 0 bytes for permanent pool.
LogInit: Object subsystem initialized
[2019.02.03-17.25.28:798][  0]LogInit: Selected Device Profile: [Windows]
[2019.02.03-17.25.28:802][  0]LogInit: Applying CVar settings loaded from the selected device profile: [Windows]
[2019.02.03-17.25.28:845][  0]LogHAL: Display: Platform has ~ 16 GB [17126547456 / 17179869184 / 16], which maps to Larger [LargestMinGB=32, LargerMinGB=12, DefaultMinGB=8, SmallerMinGB=6, SmallestMinGB=0)
[2019.02.03-17.25.28:849][  0]LogInit: Setting Device Profile CVar: [[r.Vulkan.UseRealUBs:1]]
[2019.02.03-17.25.28:851][  0]LogInit: Going up to parent DeviceProfile []
[2019.02.03-17.25.28:894][  0]LogInit: Computer: EDWARD
[2019.02.03-17.25.28:894][  0]LogInit: User: John
[2019.02.03-17.25.28:894][  0]LogInit: CPU Page size=4096, Cores=4
[2019.02.03-17.25.28:894][  0]LogInit: High frequency timer resolution =3.914061 MHz
[2019.02.03-17.25.28:895][  0]LogMemory: Memory total: Physical=16.0GB (16GB approx)
[2019.02.03-17.25.28:895][  0]LogMemory: Platform Memory Stats for Windows
[2019.02.03-17.25.28:895][  0]LogMemory: Process Physical Memory: 101.29 MB used, 101.29 MB peak
[2019.02.03-17.25.28:895][  0]LogMemory: Process Virtual Memory: 100.12 MB used, 100.12 MB peak
[2019.02.03-17.25.28:895][  0]LogMemory: Physical Memory: 8550.54 MB used,  7782.61 MB free, 16333.15 MB total
[2019.02.03-17.25.28:895][  0]LogMemory: Virtual Memory: 4648.89 MB used,  7782.61 MB free, 134217728.00 MB total
[2019.02.03-17.25.29:975][  0]LogInit: Using OS detected language (en-US).
[2019.02.03-17.25.29:975][  0]LogInit: Using OS detected locale (en-US).
[2019.02.03-17.25.30:010][  0]LogTextLocalizationManager: No specific localization for 'en-US' exists, so the 'en' localization will be used.
[2019.02.03-17.25.30:607][  0]LogStreaming: Display: Took  0.615s to InitEngineTextLocalization.
[2019.02.03-17.25.30:619][  0]LogInit: Setting process to per monitor DPI aware
[2019.02.03-17.25.31:201][  0]LogSlate: New Slate User Created.  User Index 0, Is Virtual User: 0
[2019.02.03-17.25.31:202][  0]LogSlate: Slate User Registered.  User Index 0, Is Virtual User: 0
[2019.02.03-17.25.32:147][  0]LogHMD: Failed to initialize OpenVR with code 102
[2019.02.03-17.25.32:147][  0]LogD3D11RHI: D3D11 adapters:
[2019.02.03-17.25.32:238][  0]LogD3D11RHI:    0. 'NVIDIA GeForce GTX 1060 6GB' (Feature Level 11_0)
[2019.02.03-17.25.32:238][  0]LogD3D11RHI:       6061/0/8166 MB DedicatedVideo/DedicatedSystem/SharedSystem, Outputs:2, VendorId:0x10de
[2019.02.03-17.25.32:252][  0]LogD3D11RHI:    1. 'Microsoft Basic Render Driver' (Feature Level 11_0)
[2019.02.03-17.25.32:252][  0]LogD3D11RHI:       0/0/8166 MB DedicatedVideo/DedicatedSystem/SharedSystem, Outputs:0, VendorId:0x1414
[2019.02.03-17.25.32:252][  0]LogD3D11RHI: Chosen D3D11 Adapter: 0
[2019.02.03-17.25.32:282][  0]LogD3D11RHI: Creating new Direct3DDevice
[2019.02.03-17.25.32:282][  0]LogD3D11RHI:     GPU DeviceId: 0x1c03 (for the marketing name, search the web for "GPU Device Id")
[2019.02.03-17.25.32:289][  0]LogWindows: EnumDisplayDevices:
[2019.02.03-17.25.32:290][  0]LogWindows:    0. 'NVIDIA GeForce GTX 1060 6GB' (P:1 D:1)
[2019.02.03-17.25.32:290][  0]LogWindows:    1. 'NVIDIA GeForce GTX 1060 6GB' (P:0 D:1)
[2019.02.03-17.25.32:291][  0]LogWindows:    2. 'NVIDIA GeForce GTX 1060 6GB' (P:0 D:0)
[2019.02.03-17.25.32:291][  0]LogWindows:    3. 'NVIDIA GeForce GTX 1060 6GB' (P:0 D:0)
[2019.02.03-17.25.32:292][  0]LogWindows: DebugString: FoundDriverCount:4 
[2019.02.03-17.25.32:292][  0]LogD3D11RHI:     Adapter Name: NVIDIA GeForce GTX 1060 6GB
[2019.02.03-17.25.32:302][  0]LogD3D11RHI:   Driver Version: 388.13 (internal:23.21.13.8813, unified:388.13)
[2019.02.03-17.25.32:302][  0]LogD3D11RHI:      Driver Date: 10-27-2017
[2019.02.03-17.25.32:302][  0]LogRHI: Texture pool is 4242 MB (70% of 6061 MB)
[2019.02.03-17.25.32:347][  0]LogD3D11RHI: Async texture creation enabled
[2019.02.03-17.25.32:569][  0]LogD3D11RHI: GPU Timing Frequency: 1000.000000 (Debug: 2 1)
[2019.02.03-17.25.32:708][  0]LogShaderCompilers: Guid format shader working directory is 8 characters bigger than the processId version (../../../../../../Git/GGJ2019/GGJ2019/Intermediate/Shaders/WorkingDirectory/7732/).
[2019.02.03-17.25.32:709][  0]LogShaderCompilers: Cleaned the shader compiler working directory 'C:/Users/John/AppData/Local/Temp/UnrealShaderWorkingDir/71502A7343CA5635438347B5F76B9681/'.
[2019.02.03-17.25.33:091][  0]LogTemp: Display: Loaded TP AllDesktopTargetPlatform
[2019.02.03-17.25.33:156][  0]LogTemp: Display: Loaded TP MacClientTargetPlatform
[2019.02.03-17.25.33:224][  0]LogTemp: Display: Loaded TP MacNoEditorTargetPlatform
[2019.02.03-17.25.33:309][  0]LogTemp: Display: Loaded TP MacServerTargetPlatform
[2019.02.03-17.25.33:409][  0]LogTemp: Display: Loaded TP MacTargetPlatform
[2019.02.03-17.25.33:484][  0]LogTemp: Display: Loaded TP WindowsClientTargetPlatform
[2019.02.03-17.25.33:539][  0]LogTemp: Display: Loaded TP WindowsNoEditorTargetPlatform
[2019.02.03-17.25.33:604][  0]LogTemp: Display: Loaded TP WindowsServerTargetPlatform
[2019.02.03-17.25.33:656][  0]LogTemp: Display: Loaded TP WindowsTargetPlatform
[2019.02.03-17.25.33:786][  0]LogTemp: Display: Loaded TP AndroidTargetPlatform
[2019.02.03-17.25.33:786][  0]LogTemp: Display: Loaded TP AndroidTargetPlatform
[2019.02.03-17.25.33:786][  0]LogTemp: Display: Loaded TP AndroidTargetPlatform
[2019.02.03-17.25.33:786][  0]LogTemp: Display: Loaded TP AndroidTargetPlatform
[2019.02.03-17.25.33:786][  0]LogTemp: Display: Loaded TP AndroidTargetPlatform
[2019.02.03-17.25.33:786][  0]LogTemp: Display: Loaded TP AndroidTargetPlatform
[2019.02.03-17.25.33:786][  0]LogTemp: Display: Loaded TP AndroidTargetPlatform
[2019.02.03-17.25.33:787][  0]LogTemp: Display: Loaded TP AndroidTargetPlatform
[2019.02.03-17.25.33:787][  0]LogTemp: Display: Loaded TP AndroidTargetPlatform
[2019.02.03-17.25.33:787][  0]LogTemp: Display: Loaded TP AndroidTargetPlatform
[2019.02.03-17.25.33:787][  0]LogTemp: Display: Loaded TP AndroidTargetPlatform
[2019.02.03-17.25.33:787][  0]LogTemp: Display: Loaded TP AndroidTargetPlatform
[2019.02.03-17.25.33:787][  0]LogTemp: Display: Loaded TP AndroidTargetPlatform
[2019.02.03-17.25.33:787][  0]LogTemp: Display: Loaded TP AndroidTargetPlatform
[2019.02.03-17.25.33:787][  0]LogTemp: Display: Loaded TP AndroidTargetPlatform
[2019.02.03-17.25.33:787][  0]LogTemp: Display: Loaded TP AndroidTargetPlatform
[2019.02.03-17.25.33:787][  0]LogTemp: Display: Loaded TP AndroidTargetPlatform
[2019.02.03-17.25.33:787][  0]LogTemp: Display: Loaded TP AndroidTargetPlatform
[2019.02.03-17.25.33:814][  0]LogTemp: Display: Loaded TP HTML5TargetPlatform
[2019.02.03-17.25.34:048][  0]LogTemp: Display: Loaded TP IOSTargetPlatform
[2019.02.03-17.25.34:048][  0]LogTemp: Display: Loaded TP IOSTargetPlatform
[2019.02.03-17.25.34:097][  0]LogTemp: Display: Loaded TP TVOSTargetPlatform
[2019.02.03-17.25.34:097][  0]LogTemp: Display: Loaded TP TVOSTargetPlatform
[2019.02.03-17.25.34:139][  0]LogTemp: Display: Loaded TP LinuxClientTargetPlatform
[2019.02.03-17.25.34:184][  0]LogTemp: Display: Loaded TP LinuxNoEditorTargetPlatform
[2019.02.03-17.25.34:216][  0]LogTemp: Display: Loaded TP LinuxServerTargetPlatform
[2019.02.03-17.25.34:276][  0]LogTemp: Display: Loaded TP LinuxTargetPlatform
[2019.02.03-17.25.34:322][  0]LogTemp: Display: Loaded TP LuminTargetPlatform
[2019.02.03-17.25.34:322][  0]LogTargetPlatformManager: Display: Building Assets For Windows
[2019.02.03-17.25.35:625][  0]LogXGEController: Cleaning working directory: C:/Users/John/AppData/Local/Temp/UnrealXGEWorkingDir/
[2019.02.03-17.25.35:626][  0]LogXGEController: Cannot use XGE Controller as Incredibuild is not installed on this machine.
[2019.02.03-17.25.35:626][  0]LogShaderCompilers: Cannot use XGE Shader Compiler as Incredibuild is not installed on this machine.
[2019.02.03-17.25.35:626][  0]LogShaderCompilers: Display: Using Local Shader Compiler.
[2019.02.03-17.25.37:261][  0]LogDerivedDataCache: Display: Max Cache Size: 512 MB
[2019.02.03-17.25.38:058][  0]LogDerivedDataCache: Loaded boot cache 0.79s 71MB C:/Users/John/AppData/Local/UnrealEngine/4.20/DerivedDataCache/Boot.ddc.
[2019.02.03-17.25.38:058][  0]LogDerivedDataCache: Display: Loaded Boot cache: C:/Users/John/AppData/Local/UnrealEngine/4.20/DerivedDataCache/Boot.ddc
[2019.02.03-17.25.38:059][  0]LogDerivedDataCache: FDerivedDataBackendGraph:  Pak pak cache file ../../../../../../Git/GGJ2019/GGJ2019/DerivedDataCache/DDC.ddp not found, will not use a pak cache.
[2019.02.03-17.25.38:059][  0]LogDerivedDataCache: Unable to find inner node Pak for hierarchical cache Hierarchy.
[2019.02.03-17.25.38:059][  0]LogDerivedDataCache: FDerivedDataBackendGraph:  CompressedPak pak cache file ../../../../../../Git/GGJ2019/GGJ2019/DerivedDataCache/Compressed.ddp not found, will not use a pak cache.
[2019.02.03-17.25.38:059][  0]LogDerivedDataCache: Unable to find inner node CompressedPak for hierarchical cache Hierarchy.
[2019.02.03-17.25.38:117][  0]LogDerivedDataCache: Display: Pak cache opened for reading ../../../Engine/DerivedDataCache/Compressed.ddp.
[2019.02.03-17.25.38:132][  0]LogDerivedDataCache: Using Local data cache path C:/Users/John/AppData/Local/UnrealEngine/Common/DerivedDataCache: Writable
[2019.02.03-17.25.38:132][  0]LogDerivedDataCache: Shared data cache path not found in *engine.ini, will not use an Shared cache.
[2019.02.03-17.25.38:132][  0]LogDerivedDataCache: Unable to find inner node Shared for hierarchical cache Hierarchy.
[2019.02.03-17.25.38:160][  0]LogMaterial: Verifying Global Shaders for PCD3D_SM5
[2019.02.03-17.25.38:235][  0]LogSlate: Using FreeType 2.6.0
[2019.02.03-17.25.38:314][  0]LogSlate: SlateFontServices - WITH_FREETYPE: 1, WITH_HARFBUZZ: 1
[2019.02.03-17.25.38:869][  0]LogAssetRegistry: FAssetRegistry took 0.0371 seconds to start up
[2019.02.03-17.25.43:495][  0]LogInit: Selected Device Profile: [Windows]
[2019.02.03-17.25.46:539][  0]LogSimplygon: Simplygon DLL not present - disabling.
[2019.02.03-17.25.46:814][  0]LogMeshReduction: Using SimplygonSwarm for distributed automatic mesh merging
[2019.02.03-17.25.46:814][  0]LogMeshReduction: Using ProxyLODMeshReduction for automatic mesh merging
[2019.02.03-17.25.46:815][  0]LogMeshReduction: Using QuadricMeshReduction for automatic static mesh reduction
[2019.02.03-17.25.46:815][  0]LogMeshReduction: No automatic skeletal mesh reduction module available
[2019.02.03-17.25.47:145][  0]LogNetVersion: GGJ2019 1.0.0, NetCL: 4212847, EngineNetVer: 5, GameNetVer: 0 (Checksum: 54619999)
[2019.02.03-17.25.50:880][  0]LogPackageLocalizationCache: Processed 11 localized package path(s) for 2 prioritized culture(s) in 0.304242 seconds
[2019.02.03-17.25.50:909][  0]LogUObjectArray: 38425 objects as part of root set at end of initial load.
[2019.02.03-17.25.50:909][  0]LogUObjectAllocator: 6690872 out of 0 bytes used by permanent object pool.
[2019.02.03-17.25.50:909][  0]LogUObjectArray: CloseDisregardForGC: 0/0 objects in disregard for GC pool
[2019.02.03-17.26.08:205][  0]LogTcpMessaging: Initializing TcpMessaging bridge
[2019.02.03-17.26.08:268][  0]LogUdpMessaging: Initializing bridge on interface 0.0.0.0:0 to multicast group 230.0.0.1:6666.
[2019.02.03-17.26.09:864][  0]SourceControl: Source control is disabled
[2019.02.03-17.26.09:864][  0]SourceControl: Source control is disabled
[2019.02.03-17.26.10:020][  0]SourceControl: Source control is disabled
[2019.02.03-17.26.10:073][  0]SourceControl: Source control is disabled
[2019.02.03-17.26.12:688][  0]LogAndroidPermission: UAndroidPermissionCallbackProxy::GetInstance
[2019.02.03-17.26.13:253][  0]LogOcInput: OculusInput pre-init called
[2019.02.03-17.26.14:012][  0]LogEngine: Initializing Engine...
[2019.02.03-17.26.14:040][  0]LogHMD: Failed to initialize OpenVR with code 102
[2019.02.03-17.26.14:064][  0]LogStats: UGameplayTagsManager::ConstructGameplayTagTree: ImportINI prefixes -  0.000 s
[2019.02.03-17.26.14:065][  0]LogStats: UGameplayTagsManager::ConstructGameplayTagTree: Construct from data asset -  0.000 s
[2019.02.03-17.26.14:065][  0]LogStats: UGameplayTagsManager::ConstructGameplayTagTree: ImportINI -  0.000 s
[2019.02.03-17.26.14:065][  0]LogStats: UGameplayTagsManager::ConstructGameplayTagTree: GameplayTagTreeChangedEvent.Broadcast -  0.000 s
[2019.02.03-17.26.14:796][  0]LogInit: Initializing FReadOnlyCVARCache
[2019.02.03-17.26.15:210][  0]LogAIModule: Creating AISystem for world Untitled
[2019.02.03-17.26.15:404][  0]LogInit: XAudio2 using 'Headset Earphone (2- Razer ManO'War)' : 2 channels at 48 kHz using 16 bits per sample (channel mask 0x3)
[2019.02.03-17.26.15:530][  0]LogInit: FAudioDevice initialized.
[2019.02.03-17.26.15:530][  0]LogNetVersion: Set ProjectVersion to 1.0.0.0. Version Checksum will be recalculated on next use.
[2019.02.03-17.26.15:675][  0]LogDerivedDataCache: Saved boot cache 0.15s 71MB C:/Users/John/AppData/Local/UnrealEngine/4.20/DerivedDataCache/Boot.ddc.
[2019.02.03-17.26.15:676][  0]LogInit: Texture streaming: Enabled
[2019.02.03-17.26.15:895][  0]LogEngineSessionManager: EngineSessionManager initialized
[2019.02.03-17.26.16:108][  0]LogInit: Transaction tracking system initialized
[2019.02.03-17.26.16:618][  0]BlueprintLog: New page: Editor Load
[2019.02.03-17.26.18:553][  0]LocalizationService: Localization service is disabled
[2019.02.03-17.26.21:108][  0]LogCook: Display: Max memory allowance for cook 16384mb min free memory 0mb
[2019.02.03-17.26.21:124][  0]LogCook: Display: Mobile HDR setting 1
[2019.02.03-17.26.21:147][  0]LogFileCache: Scanning file cache for directory 'D:/Git/GGJ2019/GGJ2019/Content/' took 0.06s
[2019.02.03-17.26.21:147][  0]LogGameplayTags: Display: UGameplayTagsManager::DoneAddingNativeTags. DelegateIsBound: 0
[2019.02.03-17.26.21:147][  0]LogStats: UGameplayTagsManager::ConstructGameplayTagTree: ImportINI prefixes -  0.000 s
[2019.02.03-17.26.21:147][  0]LogStats: UGameplayTagsManager::ConstructGameplayTagTree: Construct from data asset -  0.000 s
[2019.02.03-17.26.21:147][  0]LogStats: UGameplayTagsManager::ConstructGameplayTagTree: ImportINI -  0.000 s
[2019.02.03-17.26.21:147][  0]LogStats: UGameplayTagsManager::ConstructGameplayTagTree: GameplayTagTreeChangedEvent.Broadcast -  0.000 s
[2019.02.03-17.26.23:598][  0]LogLinker: Warning: Can't find file '/Engine/BasicShapes/Cylinder'
[2019.02.03-17.26.23:599][  0]LogLinker: Warning: Can't find file '/Engine/BasicShapes/Cylinder'
[2019.02.03-17.26.23:599][  0]LogUObjectGlobals: Warning: Failed to find object 'StaticMesh /Engine/BasicShapes/Cylinder.Cylinder'
[2019.02.03-17.26.25:145][  0]SourceControl: Source control is disabled
[2019.02.03-17.26.25:162][  0]Cmd: MAP LOAD FILE="../../../../../../Git/GGJ2019/GGJ2019/Content/GameLevel.umap" TEMPLATE=0 SHOWPROGRESS=1 FEATURELEVEL=3
[2019.02.03-17.26.25:163][  0]LogEditorServer: Warning: Can't find file '../../../../../../Git/GGJ2019/GGJ2019/Content/GameLevel.umap'
[2019.02.03-17.26.25:163][  0]Cmd: MAP CHECKDEP NOCLEARLOG
[2019.02.03-17.26.25:398][  0]MapCheck: Map check complete: 0 Error(s), 0 Warning(s), took 233.737ms to complete.
[2019.02.03-17.26.25:398][  0]LogFileHelpers: Loading map 'GameLevel' took 0.243
[2019.02.03-17.26.26:609][  0]LogSlate: Updating window title bar state: overlay mode, drag disabled, window buttons hidden, title bar hidden
[2019.02.03-17.26.26:631][  0]LogSlate: Updating window title bar state: overlay mode, drag disabled, window buttons hidden, title bar hidden
[2019.02.03-17.26.26:638][  0]LogSlate: Updating window title bar state: overlay mode, drag disabled, window buttons hidden, title bar hidden
[2019.02.03-17.26.26:644][  0]LogSlate: Updating window title bar state: overlay mode, drag disabled, window buttons hidden, title bar hidden
[2019.02.03-17.26.26:786][  0]LogCollectionManager: Loaded 0 collections in 0.002754 seconds
[2019.02.03-17.26.26:924][  0]LogFileCache: Scanning file cache for directory 'D:/Git/GGJ2019/GGJ2019/Saved/Collections/' took 0.01s
[2019.02.03-17.26.26:924][  0]LogFileCache: Scanning file cache for directory 'D:/Git/GGJ2019/GGJ2019/Content/Developers/John/Collections/' took 0.01s
[2019.02.03-17.26.26:924][  0]LogFileCache: Scanning file cache for directory 'D:/Git/GGJ2019/GGJ2019/Content/Collections/' took 0.01s
[2019.02.03-17.26.26:924][  0]LogCollectionManager: Rebuilt the GUID cache for 0 collections in 0.000001 seconds
[2019.02.03-17.26.26:947][  0]LogContentBrowser: Native class hierarchy populated in 0.0216 seconds. Added 2585 classes and 606 folders.
[2019.02.03-17.26.27:021][  0]LogContentBrowser: Native class hierarchy updated for 'WidgetCarousel' in 0.0004 seconds. Added 0 classes and 0 folders.
[2019.02.03-17.26.28:672][  0]LogContentBrowser: Native class hierarchy updated for 'AddContentDialog' in 0.0004 seconds. Added 0 classes and 0 folders.
[2019.02.03-17.26.28:792][  0]LogContentBrowser: Native class hierarchy updated for 'SceneOutliner' in 0.0005 seconds. Added 1 classes and 2 folders.
[2019.02.03-17.26.29:635][  0]LogSlate: Took 0.010057 seconds to synchronously load lazily loaded font '../../../Engine/Content/Slate/Fonts/Roboto-Regular.ttf' (155K)
[2019.02.03-17.26.29:670][  0]LogSlate: Took 0.017969 seconds to synchronously load lazily loaded font '../../../Engine/Content/Slate/Fonts/Roboto-Bold.ttf' (160K)
[2019.02.03-17.26.29:725][  0]LogSlate: Took 0.006861 seconds to synchronously load lazily loaded font '../../../Engine/Content/Editor/Slate/Fonts/FontAwesome.ttf' (139K)
[2019.02.03-17.26.30:167][  0]LogRenderer: Reallocating scene render targets to support 1208x600 Format 10 NumSamples 1 (Frame:1).
[2019.02.03-17.26.30:774][  0]LogContentBrowser: Native class hierarchy updated for 'HierarchicalLODOutliner' in 0.0004 seconds. Added 0 classes and 0 folders.
[2019.02.03-17.26.30:774][  0]LogLoad: (Engine Initialization) Total time: 86.04 seconds
[2019.02.03-17.26.30:775][  0]LogLoad: (Engine Initialization) Total Blueprint compile time: 0.00 seconds
[2019.02.03-17.26.30:923][  0]LogContentStreaming: Texture pool size now 1000 MB
[2019.02.03-17.26.31:040][  0]LogSlate: Took 0.008684 seconds to synchronously load lazily loaded font '../../../Engine/Content/Slate/Fonts/Roboto-Light.ttf' (167K)
[2019.02.03-17.26.31:108][  1]LogFileCache: Retrieving MD5 hashes for directory 'D:/Git/GGJ2019/GGJ2019/Content/' took 0.26s
[2019.02.03-17.26.31:177][  2]LogAssetRegistry: Asset discovery search completed in 52.3399 seconds
[2019.02.03-17.26.31:179][  2]LogCollectionManager: Rebuilt the object cache for 0 collections in 0.000000 seconds (found 0 objects)
[2019.02.03-17.26.31:179][  2]LogCollectionManager: Fixed up redirectors for 0 collections in 0.000163 seconds (updated 0 objects)
[2019.02.03-17.34.47:915][485]LogSlate: FSceneViewport::OnFocusLost() reason 0
[2019.02.03-17.34.54:959][295]LogSlate: Took 0.000232 seconds to synchronously load lazily loaded font '../../../Engine/Content/Slate/Fonts/Roboto-Light.ttf' (167K)
[2019.02.03-17.34.56:749][295]LogBlueprint: Warning: [Compiler ClayAnimationController] Node  Result  uses potentially thread-unsafe call  Get Player Controller . Disable threaded update or use a thread-safe call. Function may need BlueprintThreadSafe metadata adding.
[2019.02.03-17.34.56:750][295]LogBlueprint: Warning: [Compiler ClayAnimationController] Node  Result  uses potentially thread-unsafe call  Get Player Controller . Disable threaded update or use a thread-safe call. Function may need BlueprintThreadSafe metadata adding.
[2019.02.03-17.34.56:750][295]LogBlueprint: Warning: [Compiler ClayAnimationController] Node  Result  uses potentially thread-unsafe call  Get Player Controller . Disable threaded update or use a thread-safe call. Function may need BlueprintThreadSafe metadata adding.
[2019.02.03-17.34.56:750][295]LogBlueprint: Warning: [Compiler ClayAnimationController] Node  Result  uses potentially thread-unsafe call  Get Player Controller . Disable threaded update or use a thread-safe call. Function may need BlueprintThreadSafe metadata adding.
[2019.02.03-17.34.56:755][295]LogBlueprint: Warning: [Compiler ClayAnimationController] [0592.02] Compile of ClayAnimationController successful, but with 4 Warning(s) [in 107 ms] (/Game/Animation/AnimationControllers/Clay/ClayAnimationController.ClayAnimationController)
[2019.02.03-17.34.59:047][295]LogAIModule: Creating AISystem for world JohnFinalLevel
[2019.02.03-17.34.59:298][295]LogAssetEditorManager: Opening Asset editor for World /Game/StarterContent/Maps/JohnFinalLevel.JohnFinalLevel
[2019.02.03-17.34.59:431][295]Cmd: MAP LOAD FILE="../../../../../../Git/GGJ2019/GGJ2019/Content/StarterContent/Maps/JohnFinalLevel.umap" TEMPLATE=0 SHOWPROGRESS=1 FEATURELEVEL=3
[2019.02.03-17.34.59:431][295]LightingResults: New page: Lighting Build
[2019.02.03-17.34.59:449][295]LogContentBrowser: Native class hierarchy updated for 'StatsViewer' in 0.0004 seconds. Added 5 classes and 0 folders.
[2019.02.03-17.34.59:449][295]LoadErrors: New page: Loading map: JohnFinalLevel.umap
[2019.02.03-17.34.59:470][295]MapCheck: New page: Map Check
[2019.02.03-17.34.59:471][295]LightingResults: New page: Lighting Build
[2019.02.03-17.34.59:816][295]LogEditorServer: Finished looking for orphan Actors (0.000 secs)
[2019.02.03-17.34.59:904][295]Cmd: MAP CHECKDEP NOCLEARLOG
[2019.02.03-17.35.00:348][295]MapCheck: Map check complete: 0 Error(s), 0 Warning(s), took 442.889ms to complete.
[2019.02.03-17.35.00:349][295]LogFileHelpers: Loading map 'JohnFinalLevel' took 0.927
[2019.02.03-17.35.02:198][447]LogAIModule: Creating AISystem for world Final_Level
[2019.02.03-17.35.02:264][447]LogAssetEditorManager: Opening Asset editor for World /Game/StarterContent/Maps/Final_Level.Final_Level
[2019.02.03-17.35.02:305][447]Cmd: MAP LOAD FILE="../../../../../../Git/GGJ2019/GGJ2019/Content/StarterContent/Maps/Final_Level.umap" TEMPLATE=0 SHOWPROGRESS=1 FEATURELEVEL=3
[2019.02.03-17.35.02:305][447]LightingResults: New page: Lighting Build
[2019.02.03-17.35.02:306][447]LoadErrors: New page: Loading map: Final_Level.umap
[2019.02.03-17.35.02:308][447]MapCheck: New page: Map Check
[2019.02.03-17.35.02:308][447]LightingResults: New page: Lighting Build
[2019.02.03-17.35.02:495][447]LogEditorServer: Finished looking for orphan Actors (0.000 secs)
[2019.02.03-17.35.02:556][447]Cmd: MAP CHECKDEP NOCLEARLOG
[2019.02.03-17.35.02:899][447]MapCheck: Map check complete: 0 Error(s), 0 Warning(s), took 343.012ms to complete.
[2019.02.03-17.35.02:901][447]LogFileHelpers: Loading map 'Final_Level' took 0.597
[2019.02.03-17.35.08:109][ 51]LogSlate: FSceneViewport::OnFocusLost() reason 2
[2019.02.03-17.35.08:126][ 51]Cmd: OBJ SAVEPACKAGE PACKAGE="/Game/StarterContent/Maps/Final_Level" FILE="../../../../../../Git/GGJ2019/GGJ2019/Content/StarterContent/Maps/Final_Level.umap" SILENT=true AUTOSAVING=false KEEPDIRTY=false
[2019.02.03-17.35.08:846][ 51]LogSavePackage: Moving '../../../../../../Git/GGJ2019/GGJ2019/Saved/Final_Level30FE50494506C93A33D55995073A7507.tmp' to '../../../../../../Git/GGJ2019/GGJ2019/Content/StarterContent/Maps/Final_Level.umap'
[2019.02.03-17.35.10:841][261]LogSlate: FSceneViewport::OnFocusLost() reason 0
[2019.02.03-17.35.10:908][269]LogTemp: Repeating last play command: Selected Viewport
[2019.02.03-17.35.10:928][269]LogBlueprintUserMessages: Early PlayInEditor Detection: Level '/Game/StarterContent/Maps/Final_Level.Final_Level:PersistentLevel' has LevelScriptBlueprint '/Game/StarterContent/Maps/Final_Level.Final_Level:PersistentLevel.Final_Level' with GeneratedClass '/Game/StarterContent/Maps/Final_Level.Final_Level_C' with ClassGeneratedBy '/Game/StarterContent/Maps/Final_Level.Final_Level:PersistentLevel.Final_Level'
[2019.02.03-17.35.10:929][269]LogPlayLevel: PlayLevel: No blueprints needed recompiling
[2019.02.03-17.35.10:984][269]PIE: New page: PIE session: Final_Level (Feb 3, 2019, 5:35:10 PM)
[2019.02.03-17.35.10:984][269]LogPlayLevel: Creating play world package: /Game/StarterContent/Maps/UEDPIE_0_Final_Level
[2019.02.03-17.35.11:009][269]LogPlayLevel: PIE: StaticDuplicateObject took: (0.025109s)
[2019.02.03-17.35.11:010][269]LogAIModule: Creating AISystem for world Final_Level
[2019.02.03-17.35.11:010][269]LogPlayLevel: PIE: World Init took: (0.000720s)
[2019.02.03-17.35.11:010][269]LogPlayLevel: PIE: Created PIE world by copying editor world from /Game/StarterContent/Maps/Final_Level.Final_Level to /Game/StarterContent/Maps/UEDPIE_0_Final_Level.Final_Level (0.026245s)
[2019.02.03-17.35.11:100][269]LogInit: XAudio2 using 'Headset Earphone (2- Razer ManO'War)' : 2 channels at 48 kHz using 16 bits per sample (channel mask 0x3)
[2019.02.03-17.35.11:180][269]LogInit: FAudioDevice initialized.
[2019.02.03-17.35.11:232][269]LogLoad: Game class is 'GGJ2019GM_C'
[2019.02.03-17.35.11:240][269]LogWorld: Bringing World /Game/StarterContent/Maps/UEDPIE_0_Final_Level.Final_Level up for play (max tick rate 0) at 2019.02.03-17.35.11
[2019.02.03-17.35.11:253][269]LogWorld: Bringing up level for play took: 0.019412
[2019.02.03-17.35.11:312][269]LogContentBrowser: Native class hierarchy updated for 'MovieSceneCapture' in 0.0006 seconds. Added 10 classes and 0 folders.
[2019.02.03-17.35.11:328][269]PIE: Play in editor start time for /Game/StarterContent/Maps/UEDPIE_0_Final_Level 1.164
[2019.02.03-17.35.11:328][269]LogBlueprintUserMessages: Late PlayInEditor Detection: Level '/Game/StarterContent/Maps/Final_Level.Final_Level:PersistentLevel' has LevelScriptBlueprint '/Game/StarterContent/Maps/Final_Level.Final_Level:PersistentLevel.Final_Level' with GeneratedClass '/Game/StarterContent/Maps/Final_Level.Final_Level_C' with ClassGeneratedBy '/Game/StarterContent/Maps/Final_Level.Final_Level:PersistentLevel.Final_Level'
[2019.02.03-17.35.20:307][251]LogBlueprintUserMessages: Early EndPlayMap Detection: Level '/Game/StarterContent/Maps/Final_Level.Final_Level:PersistentLevel' has LevelScriptBlueprint '/Game/StarterContent/Maps/Final_Level.Final_Level:PersistentLevel.Final_Level' with GeneratedClass '/Game/StarterContent/Maps/Final_Level.Final_Level_C' with ClassGeneratedBy '/Game/StarterContent/Maps/Final_Level.Final_Level:PersistentLevel.Final_Level'
[2019.02.03-17.35.20:316][251]LogSlate: Updating window title bar state: overlay mode, drag disabled, window buttons hidden, title bar hidden
[2019.02.03-17.35.20:358][251]LogPlayLevel: Display: Shutting down PIE online subsystems
[2019.02.03-17.35.20:358][251]LogBlueprintUserMessages: Late EndPlayMap Detection: Level '/Game/StarterContent/Maps/Final_Level.Final_Level:PersistentLevel' has LevelScriptBlueprint '/Game/StarterContent/Maps/Final_Level.Final_Level:PersistentLevel.Final_Level' with GeneratedClass '/Game/StarterContent/Maps/Final_Level.Final_Level_C' with ClassGeneratedBy '/Game/StarterContent/Maps/Final_Level.Final_Level:PersistentLevel.Final_Level'
[2019.02.03-17.35.20:392][251]LogSlate: Updating window title bar state: overlay mode, drag disabled, window buttons hidden, title bar hidden
[2019.02.03-17.35.20:422][252]LogPlayLevel: Display: Destroying online subsystem :Context_1
[2019.02.03-17.35.21:180][340]LogSlate: FSceneViewport::OnFocusLost() reason 0
[2019.02.03-17.35.40:068][464]LogAIModule: Creating AISystem for world CinematicStart
[2019.02.03-17.35.40:102][464]LogLinker: Warning: Can't find file '/Game/StarterContent/Maps/Cinematic_Start_BuiltData'
[2019.02.03-17.35.40:102][464]LogLinker: Warning: Can't find file for asset '/Game/StarterContent/Maps/Cinematic_Start_BuiltData' while loading ../../../../../../Git/GGJ2019/GGJ2019/Content/StarterContent/Maps/Cinematic_Start.umap.
[2019.02.03-17.35.40:103][464]LoadErrors: Error: /Game/StarterContent/Maps/Cinematic_Start : Can't find file for asset. /Game/StarterContent/Maps/Cinematic_Start_BuiltData
[2019.02.03-17.35.40:214][464]LogLinker: Warning: Can't find file '/Game/StarterContent/Maps/Cinematic_Start_BuiltData'
[2019.02.03-17.35.40:215][464]LogLinker: Warning: Can't find file for asset '/Game/StarterContent/Maps/Cinematic_Start_BuiltData' while loading ../../../../../../Git/GGJ2019/GGJ2019/Content/StarterContent/Maps/Cinematic_Start.umap.
[2019.02.03-17.35.40:235][464]LogLinker: Warning: Can't find file '/Game/StarterContent/Maps/Cinematic_Start_BuiltData'
[2019.02.03-17.35.40:236][464]LogLinker: Warning: Can't find file for asset '/Game/StarterContent/Maps/Cinematic_Start_BuiltData' while loading NULL.
[2019.02.03-17.35.40:236][464]LogLinker: Warning: Can't find file '/Game/StarterContent/Maps/Cinematic_Start_BuiltData'
[2019.02.03-17.35.40:237][464]LogLinker: Warning: Can't find file for asset '/Game/StarterContent/Maps/Cinematic_Start_BuiltData' while loading NULL.
[2019.02.03-17.35.40:324][464]LogLinker: Warning: Can't find file '/Game/StarterContent/Maps/Cinematic_Start_BuiltData'
[2019.02.03-17.35.40:325][464]LoadErrors: Failed to load /Game/StarterContent/Maps/Cinematic_Start_BuiltData.Cinematic_Start_BuiltData Referenced by PersistentLevel
[2019.02.03-17.35.40:325][464]LogLinker: Warning: Can't find file for asset '/Game/StarterContent/Maps/Cinematic_Start_BuiltData' while loading NULL.
[2019.02.03-17.35.40:382][464]LogAIModule: Creating AISystem for world Cinematic_Start
[2019.02.03-17.35.40:570][464]LogAIModule: Creating AISystem for world Final_John
[2019.02.03-17.35.40:794][464]LogAIModule: Creating AISystem for world JohnFinalLevel
[2019.02.03-17.35.41:194][464]LogAIModule: Creating AISystem for world Reee_Test
[2019.02.03-17.35.41:360][464]LogAIModule: Creating AISystem for world Final_Level
[2019.02.03-17.35.41:535][464]LogAIModule: Creating AISystem for world CinematicStart
[2019.02.03-17.35.41:610][464]LogAIModule: Creating AISystem for world Cinematic_Start
[2019.02.03-17.35.41:779][464]LogAIModule: Creating AISystem for world Final_John
[2019.02.03-17.35.41:950][464]LogAIModule: Creating AISystem for world JohnFinalLevel
[2019.02.03-17.35.42:191][464]LogAIModule: Creating AISystem for world Reee_Test
[2019.02.03-17.35.50:675][421]LogAIModule: Creating AISystem for world Final_Level_2
[2019.02.03-17.35.50:823][421]LogAIModule: Creating AISystem for world CinematicStart_2
[2019.02.03-17.35.50:897][421]LogAIModule: Creating AISystem for world Cinematic_Start_2
[2019.02.03-17.35.51:055][421]LogAIModule: Creating AISystem for world Final_John_2
[2019.02.03-17.35.51:234][421]LogAIModule: Creating AISystem for world JohnFinalLevel_2
[2019.02.03-17.35.51:455][421]LogAIModule: Creating AISystem for world Reee_Test_2
[2019.02.03-17.36.02:819][605]LogSlate: Window 'Save Content' being destroyed
[2019.02.03-17.36.02:952][605]LogSlate: Window 'GGJ2019 - Unreal Editor' being destroyed
[2019.02.03-17.36.03:232][606]Cmd: QUIT_EDITOR
[2019.02.03-17.36.04:268][606]LogWindowsTextInputMethodSystem: Display: IME system now deactivated.
[2019.02.03-17.36.04:288][606]LogExit: Preparing to exit.
[2019.02.03-17.36.05:435][606]LogExit: Editor shut down
[2019.02.03-17.36.05:435][606]LogExit: Transaction tracking system shut down
[2019.02.03-17.36.06:421][606]LogExit: Object subsystem successfully closed.
[2019.02.03-17.36.06:486][606]LogShaderCompilers: Display: Shaders left to compile 0
[2019.02.03-17.36.06:490][606]LogD3D11RHI: Shutdown
[2019.02.03-17.36.06:490][606]LogD3D11RHI: CleanupD3DDevice
[2019.02.03-17.36.06:506][606]LogD3D11RHI: ~FD3D11DynamicRHI
[2019.02.03-17.36.06:903][606]LogModuleManager: Shutting down and abandoning module MovieSceneCapture (616)
[2019.02.03-17.36.06:903][606]LogModuleManager: Shutting down and abandoning module Voice (614)
[2019.02.03-17.36.06:903][606]LogModuleManager: Shutting down and abandoning module StatsViewer (612)
[2019.02.03-17.36.06:903][606]LogModuleManager: Shutting down and abandoning module HierarchicalLODOutliner (610)
[2019.02.03-17.36.06:903][606]LogModuleManager: Shutting down and abandoning module SceneOutliner (608)
[2019.02.03-17.36.06:903][606]LogModuleManager: Shutting down and abandoning module AddContentDialog (606)
[2019.02.03-17.36.06:903][606]LogModuleManager: Shutting down and abandoning module WidgetCarousel (605)
[2019.02.03-17.36.06:904][606]LogModuleManager: Shutting down and abandoning module EditorWidgets (602)
[2019.02.03-17.36.06:904][606]LogModuleManager: Shutting down and abandoning module CollectionManager (600)
[2019.02.03-17.36.06:918][606]LogModuleManager: Shutting down and abandoning module FoliageEdit (598)
[2019.02.03-17.36.06:918][606]LogModuleManager: Shutting down and abandoning module LandscapeEditor (596)
[2019.02.03-17.36.06:954][606]LogModuleManager: Shutting down and abandoning module MeshPaintMode (594)
[2019.02.03-17.36.06:954][606]LogModuleManager: Shutting down and abandoning module SceneDepthPickerMode (592)
[2019.02.03-17.36.06:954][606]LogModuleManager: Shutting down and abandoning module ActorPickerMode (590)
[2019.02.03-17.36.06:954][606]LogModuleManager: Shutting down and abandoning module GeometryMode (588)
[2019.02.03-17.36.06:954][606]LogModuleManager: Shutting down and abandoning module TextureAlignMode (586)
[2019.02.03-17.36.06:954][606]LogModuleManager: Shutting down and abandoning module BspMode (584)
[2019.02.03-17.36.06:954][606]LogModuleManager: Shutting down and abandoning module PIEPreviewDeviceProfileSelector (582)
[2019.02.03-17.36.06:954][606]LogModuleManager: Shutting down and abandoning module SequenceRecorderSections (580)
[2019.02.03-17.36.06:954][606]LogModuleManager: Shutting down and abandoning module AutomationWorker (578)
[2019.02.03-17.36.06:954][606]LogModuleManager: Shutting down and abandoning module AudioCaptureEditor (576)
[2019.02.03-17.36.06:954][606]LogModuleManager: Shutting down and abandoning module SequenceRecorder (575)
[2019.02.03-17.36.06:954][606]LogModuleManager: Shutting down and abandoning module MatineeToLevelSequence (572)
[2019.02.03-17.36.06:954][606]LogModuleManager: Shutting down and abandoning module LevelSequenceEditor (570)
[2019.02.03-17.36.06:964][606]LogModuleManager: Shutting down and abandoning module PlacementMode (569)
[2019.02.03-17.36.06:964][606]LogModuleManager: Shutting down and abandoning module MaterialEditor (568)
[2019.02.03-17.36.06:975][606]LogModuleManager: Shutting down and abandoning module WmfMediaFactory (564)
[2019.02.03-17.36.06:975][606]LogModuleManager: Shutting down and abandoning module WmfMediaEditor (562)
[2019.02.03-17.36.06:975][606]LogModuleManager: Shutting down and abandoning module MediaPlayerEditor (560)
[2019.02.03-17.36.06:975][606]LogModuleManager: Shutting down and abandoning module OpenExrWrapper (558)
[2019.02.03-17.36.06:975][606]LogModuleManager: Shutting down and abandoning module ImgMediaFactory (556)
[2019.02.03-17.36.06:975][606]LogModuleManager: Shutting down and abandoning module ImgMediaEditor (554)
[2019.02.03-17.36.06:975][606]LogModuleManager: Shutting down and abandoning module AvfMediaFactory (552)
[2019.02.03-17.36.06:975][606]LogModuleManager: Shutting down and abandoning module AvfMediaEditor (550)
[2019.02.03-17.36.06:976][606]LogModuleManager: Shutting down and abandoning module AndroidMediaFactory (548)
[2019.02.03-17.36.06:976][606]LogModuleManager: Shutting down and abandoning module AndroidMediaEditor (546)
[2019.02.03-17.36.06:976][606]LogModuleManager: Shutting down and abandoning module MagicLeapCameraPreviewFactory (544)
[2019.02.03-17.36.06:976][606]LogModuleManager: Shutting down and abandoning module MagicLeapMediaFactory (542)
[2019.02.03-17.36.06:976][606]LogModuleManager: Shutting down and abandoning module MagicLeapMediaEditor (540)
[2019.02.03-17.36.06:976][606]LogModuleManager: Shutting down and abandoning module CharacterAI (538)
[2019.02.03-17.36.06:976][606]LogModuleManager: Shutting down and abandoning module SmartSnapping (536)
[2019.02.03-17.36.06:976][606]LogModuleManager: Shutting down and abandoning module SessionServices (534)
[2019.02.03-17.36.06:976][606]LogModuleManager: Shutting down and abandoning module ViewportSnapping (532)
[2019.02.03-17.36.06:976][606]LogModuleManager: Shutting down and abandoning module ViewportInteraction (530)
[2019.02.03-17.36.06:984][606]LogModuleManager: Shutting down and abandoning module ClothPainter (528)
[2019.02.03-17.36.07:015][606]LogModuleManager: Shutting down and abandoning module SkeletalMeshEditor (527)
[2019.02.03-17.36.07:056][606]LogModuleManager: Shutting down and abandoning module LogVisualizer (524)
[2019.02.03-17.36.07:056][606]LogModuleManager: Shutting down and abandoning module IntroTutorials (522)
[2019.02.03-17.36.07:057][606]LogModuleManager: Shutting down and abandoning module GameProjectGeneration (521)
[2019.02.03-17.36.07:057][606]LogModuleManager: Shutting down and abandoning module LuminPlatformEditor (518)
[2019.02.03-17.36.07:057][606]LogModuleManager: Shutting down and abandoning module IOSPlatformEditor (516)
[2019.02.03-17.36.07:057][606]LogModuleManager: Shutting down and abandoning module HTML5PlatformEditor (514)
[2019.02.03-17.36.07:057][606]LogModuleManager: Shutting down and abandoning module AndroidPlatformEditor (512)
[2019.02.03-17.36.07:057][606]LogModuleManager: Shutting down and abandoning module AndroidDeviceDetection (511)
