Log file open, 01/25/19 18:19:46
LogWindows: Failed to load 'aqProf.dll' (GetLastError=126)
LogWindows: File 'aqProf.dll' does not exist
LogWindows: Failed to load 'VSPerf140.dll' (GetLastError=126)
LogWindows: File 'VSPerf140.dll' does not exist
LogWindows: Failed to load 'VtuneApi.dll' (GetLastError=126)
LogWindows: File 'VtuneApi.dll' does not exist
LogWindows: Failed to load 'VtuneApi32e.dll' (GetLastError=126)
LogWindows: File 'VtuneApi32e.dll' does not exist
LogInit: Display: Running engine for game: GGJ2019
LogPlatformFile: Not using cached read wrapper
LogTaskGraph: Started task graph with 5 named threads and 23 total threads with 3 sets of task threads.
LogStats: Stats thread started at 0.447732
LogD3D11RHI: Loaded GFSDK_Aftermath_Lib.x64.dll
LogICUInternationalization: Display: ICU TimeZone Detection - Raw Offset: +0:00, Platform Override: ''
LogPluginManager: Mounting plugin Paper2D
LogPluginManager: Mounting plugin AISupport
LogPluginManager: Mounting plugin LightPropagationVolume
LogPluginManager: Mounting plugin CLionSourceCodeAccess
LogPluginManager: Mounting plugin CodeLiteSourceCodeAccess
LogPluginManager: Mounting plugin GitSourceControl
LogPluginManager: Mounting plugin KDevelopSourceCodeAccess
LogPluginManager: Mounting plugin NullSourceCodeAccess
LogPluginManager: Mounting plugin PerforceSourceControl
LogPluginManager: Mounting plugin SubversionSourceControl
LogPluginManager: Mounting plugin UObjectPlugin
LogPluginManager: Mounting plugin VisualStudioCodeSourceCodeAccess
LogPluginManager: Mounting plugin VisualStudioSourceCodeAccess
LogPluginManager: Mounting plugin XCodeSourceCodeAccess
LogPluginManager: Mounting plugin AssetManagerEditor
LogPluginManager: Mounting plugin CryptoKeys
LogPluginManager: Mounting plugin DataValidation
LogPluginManager: Mounting plugin FacialAnimation
LogPluginManager: Mounting plugin GameplayTagsEditor
LogPluginManager: Mounting plugin MacGraphicsSwitching
LogPluginManager: Mounting plugin MeshEditor
LogPluginManager: Mounting plugin MobileLauncherProfileWizard
LogPluginManager: Mounting plugin PluginBrowser
LogPluginManager: Mounting plugin SpeedTreeImporter
LogPluginManager: Mounting plugin DatasmithContent
LogPluginManager: Mounting plugin AlembicImporter
LogPluginManager: Mounting plugin AppleImageUtils
LogPluginManager: Mounting plugin AppleVision
LogPluginManager: Mounting plugin BackChannel
LogPluginManager: Mounting plugin CharacterAI
LogPluginManager: Mounting plugin GeometryCache
LogPluginManager: Mounting plugin HTML5Networking
LogPluginManager: Mounting plugin ProxyLODPlugin
LogPluginManager: Mounting plugin MagicLeap
LogPluginManager: Mounting plugin MagicLeapEmulator
LogPluginManager: Mounting plugin MagicLeapMedia
LogPluginManager: Mounting plugin AndroidMedia
LogPluginManager: Mounting plugin AvfMedia
LogPluginManager: Mounting plugin ImgMedia
LogPluginManager: Mounting plugin LinearTimecode
LogPluginManager: Mounting plugin MediaCompositing
LogPluginManager: Mounting plugin MediaPlayerEditor
LogPluginManager: Mounting plugin WmfMedia
LogPluginManager: Mounting plugin TcpMessaging
LogPluginManager: Mounting plugin UdpMessaging
LogPluginManager: Mounting plugin ActorSequence
LogPluginManager: Mounting plugin LevelSequenceEditor
LogPluginManager: Mounting plugin MatineeToLevelSequence
LogPluginManager: Mounting plugin NetcodeUnitTest
LogPluginManager: Mounting plugin NUTUnrealEngine4
LogPluginManager: Mounting plugin OnlineSubsystemGooglePlay
LogPluginManager: Mounting plugin OnlineSubsystemIOS
LogPluginManager: Mounting plugin OnlineSubsystem
LogPluginManager: Mounting plugin OnlineSubsystemNull
LogPluginManager: Mounting plugin OnlineSubsystemUtils
LogPluginManager: Mounting plugin LauncherChunkInstaller
LogPluginManager: Mounting plugin AndroidDeviceProfileSelector
LogPluginManager: Mounting plugin AndroidMoviePlayer
LogPluginManager: Mounting plugin AndroidPermission
LogPluginManager: Mounting plugin AppleMoviePlayer
LogPluginManager: Mounting plugin ArchVisCharacter
LogPluginManager: Mounting plugin AudioCapture
LogPluginManager: Mounting plugin CableComponent
LogPluginManager: Mounting plugin CustomMeshComponent
LogPluginManager: Mounting plugin EditableMesh
LogPluginManager: Mounting plugin ExampleDeviceProfileSelector
LogPluginManager: Mounting plugin GoogleCloudMessaging
LogPluginManager: Mounting plugin ImmediatePhysics
LogPluginManager: Mounting plugin IOSDeviceProfileSelector
LogPluginManager: Mounting plugin LinuxDeviceProfileSelector
LogPluginManager: Mounting plugin LocationServicesBPLibrary
LogPluginManager: Mounting plugin MobilePatchingUtils
LogPluginManager: Mounting plugin OculusVR
LogPluginManager: Plugin shader directory ../../../Engine/Plugins/Runtime/Oculus/OculusVR/Shaders found
LogPluginManager: Mapping shader source directory ../../../Engine/Plugins/Runtime/Oculus/OculusVR/Shaders to virtual directory /Plugin/OculusVR
LogPluginManager: Mounting plugin PhysXVehicles
LogPluginManager: Mounting plugin ProceduralMeshComponent
LogPluginManager: Mounting plugin RuntimePhysXCooking
LogPluginManager: Mounting plugin SteamVR
LogPluginManager: Mounting plugin WindowsMoviePlayer
LogStreaming: Display: Took  0.476s to configure plugins.
LogInit: Using libcurl 7.55.1-DEV
LogInit:  - built for x86_64-pc-win32
LogInit:  - supports SSL with OpenSSL/1.0.2h
LogInit:  - supports HTTP deflate (compression) using libz 1.2.8
LogInit:  - other features:
LogInit:      CURL_VERSION_SSL
LogInit:      CURL_VERSION_LIBZ
LogInit:      CURL_VERSION_IPV6
LogInit:      CURL_VERSION_ASYNCHDNS
LogInit:      CURL_VERSION_LARGEFILE
LogInit:      CURL_VERSION_IDN
LogInit:  CurlRequestOptions (configurable via config and command line):
LogInit:  - bVerifyPeer = false  - Libcurl will NOT verify peer certificate
LogInit:  - bUseHttpProxy = false  - Libcurl will NOT use HTTP proxy
LogInit:  - bDontReuseConnections = false  - Libcurl will reuse connections
LogInit:  - CertBundlePath = nullptr  - Libcurl will use whatever was configured at build time.
LogInit:  - MaxHostConnections = 16  - Libcurl will limit the number of connections to a host
LogInit:  - LocalHostAddr = Default
LogInit:  - BufferSize = 65536
LogInit: WinSock: version 1.1 (2.2), MaxSocks=32767, MaxUdp=65467
LogInit: Build: ++UE4+Release-4.20-CL-4369336
LogInit: Engine Version: 4.20.3-4369336+++UE4+Release-4.20
LogInit: Compatible Engine Version: 4.20.0-4212847+++UE4+Release-4.20
LogInit: Net CL: 4212847
LogInit: OS: Windows 10 (), CPU: Intel(R) Xeon(R) CPU E5-1620 v3 @ 3.50GHz, GPU: NVIDIA GeForce GTX 970
LogInit: Compiled (64-bit): Sep 17 2018 12:26:19
LogInit: Compiled with Visual C++: 19.13.26129.00
LogInit: Build Configuration: Development
LogInit: Branch Name: ++UE4+Release-4.20
LogInit: Command Line:  -skipcompile
LogInit: Base Directory: C:/Epic/UE4/UE_4.20/Engine/Binaries/Win64/
LogInit: Installed Engine Build: 1
LogDevObjectVersion: Number of dev versions registered: 20
LogDevObjectVersion:   Dev-Blueprints (B0D832E4-1F89-4F0D-ACCF-7EB736FD4AA2): 10
LogDevObjectVersion:   Dev-Build (E1C64328-A22C-4D53-A36C-8E866417BD8C): 0
LogDevObjectVersion:   Dev-Core (375EC13C-06E4-48FB-B500-84F0262A717E): 2
LogDevObjectVersion:   Dev-Editor (E4B068ED-F494-42E9-A231-DA0B2E46BB41): 24
LogDevObjectVersion:   Dev-Framework (CFFC743F-43B0-4480-9391-14DF171D2073): 34
LogDevObjectVersion:   Dev-Mobile (B02B49B5-BB20-44E9-A304-32B752E40360): 2
LogDevObjectVersion:   Dev-Networking (A4E4105C-59A1-49B5-A7C5-40C4547EDFEE): 0
LogDevObjectVersion:   Dev-Online (39C831C9-5AE6-47DC-9A44-9C173E1C8E7C): 0
LogDevObjectVersion:   Dev-Physics (78F01B33-EBEA-4F98-B9B4-84EACCB95AA2): 0
LogDevObjectVersion:   Dev-Platform (6631380F-2D4D-43E0-8009-CF276956A95A): 0
LogDevObjectVersion:   Dev-Rendering (12F88B9F-8875-4AFC-A67C-D90C383ABD29): 26
LogDevObjectVersion:   Dev-Sequencer (7B5AE74C-D270-4C10-A958-57980B212A5A): 9
LogDevObjectVersion:   Dev-VR (D7296918-1DD6-4BDD-9DE2-64A83CC13884): 2
LogDevObjectVersion:   Dev-LoadTimes (C2A15278-BFE7-4AFE-6C17-90FF531DF755): 1
LogDevObjectVersion:   Private-Geometry (6EACA3D4-40EC-4CC1-B786-8BED09428FC5): 3
LogDevObjectVersion:   Dev-AnimPhys (29E575DD-E0A3-4627-9D10-D276232CDCEA): 17
LogDevObjectVersion:   Dev-ReflectionCapture (6B266CEC-1EC7-4B8F-A30B-E4D90942FC07): 1
LogDevObjectVersion:   Dev-Automation (0DF73D61-A23F-47EA-B727-89E90C41499A): 1
LogDevObjectVersion:   FortniteMain (601D1886-AC64-4F84-AA16-D3DE0DEAC7D6): 12
LogDevObjectVersion:   Dev-Enterprise (9DFFBCD6-494F-0158-E221-12823C92A888): 1
LogStreaming: Display: Took  0.002s to delete old logs.
LogInit: Presizing for max 8388607 objects, including 0 objects not considered by GC, pre-allocating 0 bytes for permanent pool.
LogInit: Object subsystem initialized
[2019.01.25-18.19.46:844][  0]LogInit: Selected Device Profile: [Windows]
[2019.01.25-18.19.46:844][  0]LogInit: Applying CVar settings loaded from the selected device profile: [Windows]
[2019.01.25-18.19.46:870][  0]LogHAL: Display: Platform has ~ 16 GB [17092038656 / 17179869184 / 16], which maps to Larger [LargestMinGB=32, LargerMinGB=12, DefaultMinGB=8, SmallerMinGB=6, SmallestMinGB=0)
[2019.01.25-18.19.46:871][  0]LogInit: Setting Device Profile CVar: [[r.Vulkan.UseRealUBs:1]]
[2019.01.25-18.19.46:871][  0]LogInit: Going up to parent DeviceProfile []
[2019.01.25-18.19.46:871][  0]LogInit: Computer: C115-12
[2019.01.25-18.19.46:871][  0]LogInit: User: h017026h
[2019.01.25-18.19.46:871][  0]LogInit: CPU Page size=4096, Cores=4
[2019.01.25-18.19.46:871][  0]LogInit: High frequency timer resolution =3.410071 MHz
[2019.01.25-18.19.46:872][  0]LogMemory: Memory total: Physical=15.9GB (16GB approx)
[2019.01.25-18.19.46:872][  0]LogMemory: Platform Memory Stats for Windows
[2019.01.25-18.19.46:872][  0]LogMemory: Process Physical Memory: 100.09 MB used, 100.09 MB peak
[2019.01.25-18.19.46:872][  0]LogMemory: Process Virtual Memory: 90.82 MB used, 90.82 MB peak
[2019.01.25-18.19.46:872][  0]LogMemory: Physical Memory: 7430.78 MB used,  8869.46 MB free, 16300.24 MB total
[2019.01.25-18.19.46:872][  0]LogMemory: Virtual Memory: 4640.35 MB used,  8869.46 MB free, 134217728.00 MB total
[2019.01.25-18.19.47:007][  0]LogInit: Using OS detected language (en-US).
[2019.01.25-18.19.47:007][  0]LogInit: Using OS detected locale (en-GB).
[2019.01.25-18.19.47:009][  0]LogTextLocalizationManager: No specific localization for 'en-US' exists, so the 'en' localization will be used.
[2019.01.25-18.19.47:414][  0]LogStreaming: Display: Took  0.407s to InitEngineTextLocalization.
[2019.01.25-18.19.47:414][  0]LogInit: Setting process to per monitor DPI aware
[2019.01.25-18.19.47:493][  0]LogSlate: New Slate User Created.  User Index 0, Is Virtual User: 0
[2019.01.25-18.19.47:493][  0]LogSlate: Slate User Registered.  User Index 0, Is Virtual User: 0
[2019.01.25-18.19.47:814][  0]LogHMD: Failed to initialize OpenVR with code 110
[2019.01.25-18.19.47:814][  0]LogD3D11RHI: D3D11 adapters:
[2019.01.25-18.19.47:899][  0]LogD3D11RHI:    0. 'NVIDIA GeForce GTX 970' (Feature Level 11_0)
[2019.01.25-18.19.47:899][  0]LogD3D11RHI:       4043/0/8150 MB DedicatedVideo/DedicatedSystem/SharedSystem, Outputs:2, VendorId:0x10de
[2019.01.25-18.19.47:905][  0]LogD3D11RHI:    1. 'Microsoft Basic Render Driver' (Feature Level 11_0)
[2019.01.25-18.19.47:905][  0]LogD3D11RHI:       0/0/8150 MB DedicatedVideo/DedicatedSystem/SharedSystem, Outputs:0, VendorId:0x1414
[2019.01.25-18.19.47:905][  0]LogD3D11RHI: Chosen D3D11 Adapter: 0
[2019.01.25-18.19.47:914][  0]LogD3D11RHI: Creating new Direct3DDevice
[2019.01.25-18.19.47:914][  0]LogD3D11RHI:     GPU DeviceId: 0x13c2 (for the marketing name, search the web for "GPU Device Id")
[2019.01.25-18.19.47:914][  0]LogWindows: EnumDisplayDevices:
[2019.01.25-18.19.47:914][  0]LogWindows:    0. 'NVIDIA GeForce GTX 970' (P:0 D:1)
[2019.01.25-18.19.47:915][  0]LogWindows:    1. 'NVIDIA GeForce GTX 970' (P:1 D:1)
[2019.01.25-18.19.47:915][  0]LogWindows:    2. 'NVIDIA GeForce GTX 970' (P:0 D:0)
[2019.01.25-18.19.47:915][  0]LogWindows:    3. 'NVIDIA GeForce GTX 970' (P:0 D:0)
[2019.01.25-18.19.47:916][  0]LogWindows: DebugString: FoundDriverCount:4 
[2019.01.25-18.19.47:916][  0]LogD3D11RHI:     Adapter Name: NVIDIA GeForce GTX 970
[2019.01.25-18.19.47:916][  0]LogD3D11RHI:   Driver Version: 398.82 (internal:24.21.13.9882, unified:398.82)
[2019.01.25-18.19.47:916][  0]LogD3D11RHI:      Driver Date: 7-30-2018
[2019.01.25-18.19.47:916][  0]LogRHI: Texture pool is 2830 MB (70% of 4043 MB)
[2019.01.25-18.19.47:964][  0]LogD3D11RHI: Async texture creation enabled
[2019.01.25-18.19.47:982][  0]LogD3D11RHI: GPU Timing Frequency: 1000.000000 (Debug: 2 2)
[2019.01.25-18.19.48:027][  0]LogShaderCompilers: Guid format shader working directory is -19 characters bigger than the processId version (../../../../../../Users/h017026h/Documents/Game Jame/GGJ2019/GGJ2019/Intermediate/Shaders/WorkingDirectory/9616/).
[2019.01.25-18.19.48:028][  0]LogShaderCompilers: Cleaned the shader compiler working directory 'C:/Users/h017026h/AppData/Local/Temp/UnrealShaderWorkingDir/9A9EAE2D4D2CDE1306A58CAD8E6474FF/'.
[2019.01.25-18.19.48:429][  0]LogTemp: Display: Loaded TP AllDesktopTargetPlatform
[2019.01.25-18.19.48:447][  0]LogTemp: Display: Loaded TP MacClientTargetPlatform
[2019.01.25-18.19.48:465][  0]LogTemp: Display: Loaded TP MacNoEditorTargetPlatform
[2019.01.25-18.19.48:485][  0]LogTemp: Display: Loaded TP MacServerTargetPlatform
[2019.01.25-18.19.48:505][  0]LogTemp: Display: Loaded TP MacTargetPlatform
[2019.01.25-18.19.48:524][  0]LogTemp: Display: Loaded TP WindowsClientTargetPlatform
[2019.01.25-18.19.48:541][  0]LogTemp: Display: Loaded TP WindowsNoEditorTargetPlatform
[2019.01.25-18.19.48:560][  0]LogTemp: Display: Loaded TP WindowsServerTargetPlatform
[2019.01.25-18.19.48:570][  0]LogTemp: Display: Loaded TP WindowsTargetPlatform
[2019.01.25-18.19.48:658][  0]LogTemp: Display: Loaded TP AndroidTargetPlatform
[2019.01.25-18.19.48:658][  0]LogTemp: Display: Loaded TP AndroidTargetPlatform
[2019.01.25-18.19.48:658][  0]LogTemp: Display: Loaded TP AndroidTargetPlatform
[2019.01.25-18.19.48:658][  0]LogTemp: Display: Loaded TP AndroidTargetPlatform
[2019.01.25-18.19.48:658][  0]LogTemp: Display: Loaded TP AndroidTargetPlatform
[2019.01.25-18.19.48:658][  0]LogTemp: Display: Loaded TP AndroidTargetPlatform
[2019.01.25-18.19.48:658][  0]LogTemp: Display: Loaded TP AndroidTargetPlatform
[2019.01.25-18.19.48:659][  0]LogTemp: Display: Loaded TP AndroidTargetPlatform
[2019.01.25-18.19.48:659][  0]LogTemp: Display: Loaded TP AndroidTargetPlatform
[2019.01.25-18.19.48:659][  0]LogTemp: Display: Loaded TP AndroidTargetPlatform
[2019.01.25-18.19.48:659][  0]LogTemp: Display: Loaded TP AndroidTargetPlatform
[2019.01.25-18.19.48:659][  0]LogTemp: Display: Loaded TP AndroidTargetPlatform
[2019.01.25-18.19.48:659][  0]LogTemp: Display: Loaded TP AndroidTargetPlatform
[2019.01.25-18.19.48:659][  0]LogTemp: Display: Loaded TP AndroidTargetPlatform
[2019.01.25-18.19.48:659][  0]LogTemp: Display: Loaded TP AndroidTargetPlatform
[2019.01.25-18.19.48:659][  0]LogTemp: Display: Loaded TP AndroidTargetPlatform
[2019.01.25-18.19.48:659][  0]LogTemp: Display: Loaded TP AndroidTargetPlatform
[2019.01.25-18.19.48:660][  0]LogTemp: Display: Loaded TP AndroidTargetPlatform
[2019.01.25-18.19.48:666][  0]LogTemp: Display: Loaded TP HTML5TargetPlatform
[2019.01.25-18.19.48:745][  0]LogTemp: Display: Loaded TP IOSTargetPlatform
[2019.01.25-18.19.48:745][  0]LogTemp: Display: Loaded TP IOSTargetPlatform
[2019.01.25-18.19.48:778][  0]LogTemp: Display: Loaded TP TVOSTargetPlatform
[2019.01.25-18.19.48:778][  0]LogTemp: Display: Loaded TP TVOSTargetPlatform
[2019.01.25-18.19.48:798][  0]LogTemp: Display: Loaded TP LinuxClientTargetPlatform
[2019.01.25-18.19.48:831][  0]LogTemp: Display: Loaded TP LinuxNoEditorTargetPlatform
[2019.01.25-18.19.48:855][  0]LogTemp: Display: Loaded TP LinuxServerTargetPlatform
[2019.01.25-18.19.48:873][  0]LogTemp: Display: Loaded TP LinuxTargetPlatform
[2019.01.25-18.19.48:892][  0]LogTemp: Display: Loaded TP LuminTargetPlatform
[2019.01.25-18.19.48:892][  0]LogTargetPlatformManager: Display: Building Assets For Windows
[2019.01.25-18.19.49:075][  0]LogXGEController: Cleaning working directory: C:/Users/h017026h/AppData/Local/Temp/UnrealXGEWorkingDir/
[2019.01.25-18.19.49:076][  0]LogXGEController: Cannot use XGE Controller as Incredibuild is not installed on this machine.
[2019.01.25-18.19.49:076][  0]LogShaderCompilers: Cannot use XGE Shader Compiler as Incredibuild is not installed on this machine.
[2019.01.25-18.19.49:076][  0]LogShaderCompilers: Display: Using Local Shader Compiler.
[2019.01.25-18.19.50:351][  0]LogDerivedDataCache: Display: Max Cache Size: 512 MB
[2019.01.25-18.19.50:480][  0]LogDerivedDataCache: Loaded boot cache 0.13s 87MB C:/Users/h017026h/AppData/Local/UnrealEngine/4.20/DerivedDataCache/Boot.ddc.
[2019.01.25-18.19.50:482][  0]LogDerivedDataCache: Display: Loaded Boot cache: C:/Users/h017026h/AppData/Local/UnrealEngine/4.20/DerivedDataCache/Boot.ddc
[2019.01.25-18.19.50:482][  0]LogDerivedDataCache: FDerivedDataBackendGraph:  Pak pak cache file ../../../../../../Users/h017026h/Documents/Game Jame/GGJ2019/GGJ2019/DerivedDataCache/DDC.ddp not found, will not use a pak cache.
[2019.01.25-18.19.50:482][  0]LogDerivedDataCache: Unable to find inner node Pak for hierarchical cache Hierarchy.
[2019.01.25-18.19.50:482][  0]LogDerivedDataCache: FDerivedDataBackendGraph:  CompressedPak pak cache file ../../../../../../Users/h017026h/Documents/Game Jame/GGJ2019/GGJ2019/DerivedDataCache/Compressed.ddp not found, will not use a pak cache.
[2019.01.25-18.19.50:482][  0]LogDerivedDataCache: Unable to find inner node CompressedPak for hierarchical cache Hierarchy.
[2019.01.25-18.19.50:500][  0]LogDerivedDataCache: Display: Pak cache opened for reading ../../../Engine/DerivedDataCache/Compressed.ddp.
[2019.01.25-18.19.50:514][  0]LogDerivedDataCache: Using Local data cache path C:/Users/h017026h/AppData/Local/UnrealEngine/Common/DerivedDataCache: Writable
[2019.01.25-18.19.50:514][  0]LogDerivedDataCache: Shared data cache path not found in *engine.ini, will not use an Shared cache.
[2019.01.25-18.19.50:514][  0]LogDerivedDataCache: Unable to find inner node Shared for hierarchical cache Hierarchy.
[2019.01.25-18.19.50:535][  0]LogMaterial: Verifying Global Shaders for PCD3D_SM5
[2019.01.25-18.19.50:536][  0]LogSlate: Using FreeType 2.6.0
[2019.01.25-18.19.50:537][  0]LogSlate: SlateFontServices - WITH_FREETYPE: 1, WITH_HARFBUZZ: 1
[2019.01.25-18.19.50:630][  0]LogAssetRegistry: FAssetRegistry took 0.0306 seconds to start up
[2019.01.25-18.19.51:064][  0]LogInit: Selected Device Profile: [Windows]
[2019.01.25-18.19.51:161][  0]LogSimplygon: Simplygon DLL not present - disabling.
[2019.01.25-18.19.51:171][  0]LogMeshReduction: Using SimplygonSwarm for distributed automatic mesh merging
[2019.01.25-18.19.51:171][  0]LogMeshReduction: Using ProxyLODMeshReduction for automatic mesh merging
[2019.01.25-18.19.51:171][  0]LogMeshReduction: Using QuadricMeshReduction for automatic static mesh reduction
[2019.01.25-18.19.51:171][  0]LogMeshReduction: No automatic skeletal mesh reduction module available
[2019.01.25-18.19.51:285][  0]LogNetVersion: GGJ2019 1.0.0, NetCL: 4212847, EngineNetVer: 5, GameNetVer: 0 (Checksum: 54619999)
[2019.01.25-18.19.52:454][  0]LogPackageLocalizationCache: Processed 11 localized package path(s) for 2 prioritized culture(s) in 0.528470 seconds
[2019.01.25-18.19.52:461][  0]LogUObjectArray: 38425 objects as part of root set at end of initial load.
[2019.01.25-18.19.52:461][  0]LogUObjectAllocator: 6690872 out of 0 bytes used by permanent object pool.
[2019.01.25-18.19.52:461][  0]LogUObjectArray: CloseDisregardForGC: 0/0 objects in disregard for GC pool
[2019.01.25-18.19.53:798][  0]LogTcpMessaging: Initializing TcpMessaging bridge
[2019.01.25-18.19.53:817][  0]LogUdpMessaging: Initializing bridge on interface 0.0.0.0:0 to multicast group 230.0.0.1:6666.
[2019.01.25-18.19.54:063][  0]SourceControl: Source control is disabled
[2019.01.25-18.19.54:064][  0]SourceControl: Source control is disabled
[2019.01.25-18.19.54:068][  0]SourceControl: Source control is disabled
[2019.01.25-18.19.54:072][  0]SourceControl: Source control is disabled
[2019.01.25-18.19.54:398][  0]LogAndroidPermission: UAndroidPermissionCallbackProxy::GetInstance
[2019.01.25-18.19.54:527][  0]LogOcInput: OculusInput pre-init called
[2019.01.25-18.19.54:605][  0]LogEngine: Initializing Engine...
[2019.01.25-18.19.54:606][  0]LogHMD: Failed to initialize OpenVR with code 110
[2019.01.25-18.19.54:607][  0]LogStats: UGameplayTagsManager::ConstructGameplayTagTree: ImportINI prefixes -  0.000 s
[2019.01.25-18.19.54:607][  0]LogStats: UGameplayTagsManager::ConstructGameplayTagTree: Construct from data asset -  0.000 s
[2019.01.25-18.19.54:607][  0]LogStats: UGameplayTagsManager::ConstructGameplayTagTree: ImportINI -  0.000 s
[2019.01.25-18.19.54:607][  0]LogStats: UGameplayTagsManager::ConstructGameplayTagTree: GameplayTagTreeChangedEvent.Broadcast -  0.000 s
[2019.01.25-18.19.54:906][  0]LogInit: Initializing FReadOnlyCVARCache
[2019.01.25-18.19.54:931][  0]LogAIModule: Creating AISystem for world Untitled
[2019.01.25-18.19.54:957][  0]LogInit: XAudio2 using 'Headset Earphone (Corsair VOID PRO USB Gaming Headset )' : 2 channels at 48 kHz using 16 bits per sample (channel mask 0x3)
[2019.01.25-18.19.54:979][  0]LogInit: FAudioDevice initialized.
[2019.01.25-18.19.54:980][  0]LogNetVersion: Set ProjectVersion to 1.0.0.0. Version Checksum will be recalculated on next use.
[2019.01.25-18.19.55:088][  0]LogDerivedDataCache: Saved boot cache 0.11s 87MB C:/Users/h017026h/AppData/Local/UnrealEngine/4.20/DerivedDataCache/Boot.ddc.
[2019.01.25-18.19.55:122][  0]LogInit: Texture streaming: Enabled
[2019.01.25-18.19.55:184][  0]LogEngineSessionManager: EngineSessionManager initialized
[2019.01.25-18.19.55:203][  0]LogInit: Transaction tracking system initialized
[2019.01.25-18.19.55:262][  0]BlueprintLog: New page: Editor Load
[2019.01.25-18.19.55:451][  0]LocalizationService: Localization service is disabled
[2019.01.25-18.19.55:818][  0]LogCook: Display: Max memory allowance for cook 16384mb min free memory 0mb
[2019.01.25-18.19.55:818][  0]LogCook: Display: Mobile HDR setting 1
[2019.01.25-18.19.55:819][  0]LogGameplayTags: Display: UGameplayTagsManager::DoneAddingNativeTags. DelegateIsBound: 0
[2019.01.25-18.19.55:819][  0]LogStats: UGameplayTagsManager::ConstructGameplayTagTree: ImportINI prefixes -  0.000 s
[2019.01.25-18.19.55:819][  0]LogStats: UGameplayTagsManager::ConstructGameplayTagTree: Construct from data asset -  0.000 s
[2019.01.25-18.19.55:819][  0]LogStats: UGameplayTagsManager::ConstructGameplayTagTree: ImportINI -  0.000 s
[2019.01.25-18.19.55:819][  0]LogStats: UGameplayTagsManager::ConstructGameplayTagTree: GameplayTagTreeChangedEvent.Broadcast -  0.000 s
[2019.01.25-18.19.55:827][  0]LogFileCache: Scanning file cache for directory 'C:/Users/h017026h/Documents/Game Jame/GGJ2019/GGJ2019/Content/' took 0.02s
[2019.01.25-18.19.56:069][  0]SourceControl: Source control is disabled
[2019.01.25-18.19.56:069][  0]Cmd: MAP LOAD FILE="../../../../../../Users/h017026h/Documents/Game Jame/GGJ2019/GGJ2019/Content/StarterContent/Maps/Minimal_Default.umap" TEMPLATE=0 SHOWPROGRESS=1 FEATURELEVEL=3
[2019.01.25-18.19.56:070][  0]LightingResults: New page: Lighting Build
[2019.01.25-18.19.56:078][  0]MapCheck: New page: Map Check
[2019.01.25-18.19.56:078][  0]LightingResults: New page: Lighting Build
[2019.01.25-18.19.56:254][  0]LogLinker: Warning: Can't find file '/Game/StarterContent/Maps/Minimal_Default_BuiltData'
[2019.01.25-18.19.56:255][  0]LogLinker: Warning: Can't find file for asset '/Game/StarterContent/Maps/Minimal_Default_BuiltData' while loading ../../../../../../Users/h017026h/Documents/Game Jame/GGJ2019/GGJ2019/Content/StarterContent/Maps/Minimal_Default.umap.
[2019.01.25-18.19.56:255][  0]LoadErrors: Error: /Game/StarterContent/Maps/Minimal_Default : Can't find file for asset. /Game/StarterContent/Maps/Minimal_Default_BuiltData
[2019.01.25-18.19.56:298][  0]LogLinker: Warning: Can't find file '/Game/StarterContent/Maps/Minimal_Default_BuiltData'
[2019.01.25-18.19.56:298][  0]LogLinker: Warning: Can't find file for asset '/Game/StarterContent/Maps/Minimal_Default_BuiltData' while loading ../../../../../../Users/h017026h/Documents/Game Jame/GGJ2019/GGJ2019/Content/StarterContent/Maps/Minimal_Default.umap.
[2019.01.25-18.19.56:298][  0]LoadErrors: Error: /Game/StarterContent/Maps/Minimal_Default : Can't find file for asset. /Game/StarterContent/Maps/Minimal_Default_BuiltData
[2019.01.25-18.19.56:324][  0]LogLinker: Warning: Can't find file '/Game/StarterContent/Maps/Minimal_Default_BuiltData'
[2019.01.25-18.19.56:325][  0]LogLinker: Warning: Can't find file for asset '/Game/StarterContent/Maps/Minimal_Default_BuiltData' while loading NULL.
[2019.01.25-18.19.56:326][  0]LogLinker: Warning: Can't find file '/Game/StarterContent/Maps/Minimal_Default_BuiltData'
[2019.01.25-18.19.56:326][  0]LogLinker: Warning: Can't find file for asset '/Game/StarterContent/Maps/Minimal_Default_BuiltData' while loading NULL.
[2019.01.25-18.19.56:357][  0]LogLinker: Warning: Can't find file '/Game/StarterContent/Maps/Minimal_Default_BuiltData'
[2019.01.25-18.19.56:358][  0]LoadErrors: Failed to load /Game/StarterContent/Maps/Minimal_Default_BuiltData.Minimal_Default_BuiltData Referenced by PersistentLevel
[2019.01.25-18.19.56:358][  0]LogLinker: Warning: Can't find file for asset '/Game/StarterContent/Maps/Minimal_Default_BuiltData' while loading NULL.
[2019.01.25-18.19.56:358][  0]LoadErrors: Failed to load /Game/StarterContent/Maps/Minimal_Default_BuiltData.Minimal_Default_BuiltData Referenced by PersistentLevel
[2019.01.25-18.19.56:514][  0]LogAIModule: Creating AISystem for world Minimal_Default
[2019.01.25-18.19.56:532][  0]LogEditorServer: Finished looking for orphan Actors (0.000 secs)
[2019.01.25-18.19.56:572][  0]Cmd: MAP CHECKDEP NOCLEARLOG
[2019.01.25-18.19.56:766][  0]MapCheck: Map check complete: 0 Error(s), 0 Warning(s), took 194.319ms to complete.
[2019.01.25-18.19.56:767][  0]LogFileHelpers: Loading map 'Minimal_Default' took 0.698
[2019.01.25-18.19.56:939][  0]LogSlate: Updating window title bar state: overlay mode, drag disabled, window buttons hidden, title bar hidden
[2019.01.25-18.19.56:947][  0]LogSlate: Updating window title bar state: overlay mode, drag disabled, window buttons hidden, title bar hidden
[2019.01.25-18.19.56:955][  0]LogSlate: Updating window title bar state: overlay mode, drag disabled, window buttons hidden, title bar hidden
[2019.01.25-18.19.56:963][  0]LogSlate: Updating window title bar state: overlay mode, drag disabled, window buttons hidden, title bar hidden
[2019.01.25-18.19.56:977][  0]LogCollectionManager: Loaded 0 collections in 0.004486 seconds
[2019.01.25-18.19.57:034][  0]LogFileCache: Scanning file cache for directory 'C:/Users/h017026h/Documents/Game Jame/GGJ2019/GGJ2019/Saved/Collections/' took 0.02s
[2019.01.25-18.19.57:035][  0]LogFileCache: Scanning file cache for directory 'C:/Users/h017026h/Documents/Game Jame/GGJ2019/GGJ2019/Content/Developers/h017026h/Collections/' took 0.01s
[2019.01.25-18.19.57:035][  0]LogFileCache: Scanning file cache for directory 'C:/Users/h017026h/Documents/Game Jame/GGJ2019/GGJ2019/Content/Collections/' took 0.01s
[2019.01.25-18.19.57:035][  0]LogCollectionManager: Rebuilt the GUID cache for 0 collections in 0.000000 seconds
[2019.01.25-18.19.57:045][  0]LogContentBrowser: Native class hierarchy populated in 0.0103 seconds. Added 2574 classes and 606 folders.
[2019.01.25-18.19.57:056][  0]LogContentBrowser: Native class hierarchy updated for 'WidgetCarousel' in 0.0005 seconds. Added 0 classes and 0 folders.
[2019.01.25-18.19.57:181][  0]LogContentBrowser: Native class hierarchy updated for 'AddContentDialog' in 0.0005 seconds. Added 0 classes and 0 folders.
[2019.01.25-18.19.57:193][  0]LogContentBrowser: Native class hierarchy updated for 'SceneOutliner' in 0.0007 seconds. Added 1 classes and 2 folders.
[2019.01.25-18.19.57:211][  0]LogSlate: Took 0.000335 seconds to synchronously load lazily loaded font '../../../Engine/Content/Slate/Fonts/Roboto-Regular.ttf' (155K)
[2019.01.25-18.19.57:215][  0]LogSlate: Took 0.000325 seconds to synchronously load lazily loaded font '../../../Engine/Content/Slate/Fonts/Roboto-Bold.ttf' (160K)
[2019.01.25-18.19.57:223][  0]LogSlate: Took 0.000299 seconds to synchronously load lazily loaded font '../../../Engine/Content/Editor/Slate/Fonts/FontAwesome.ttf' (139K)
[2019.01.25-18.19.57:326][  0]LogRenderer: Reallocating scene render targets to support 1208x576 Format 10 NumSamples 1 (Frame:1).
[2019.01.25-18.19.57:488][  0]LogSlate: FSceneViewport::OnFocusLost() reason 2
[2019.01.25-18.19.57:516][  0]LogSlate: Window 'Tutorials' being destroyed
[2019.01.25-18.19.57:570][  0]LogContentBrowser: Native class hierarchy updated for 'HierarchicalLODOutliner' in 0.0013 seconds. Added 0 classes and 0 folders.
[2019.01.25-18.19.57:570][  0]LogLoad: (Engine Initialization) Total time: 14.60 seconds
[2019.01.25-18.19.57:570][  0]LogLoad: (Engine Initialization) Total Blueprint compile time: 0.00 seconds
[2019.01.25-18.19.57:584][  0]LogWindowsTextInputMethodSystem: Display: IME system now deactivated.
[2019.01.25-18.19.57:616][  0]LogContentStreaming: Texture pool size now 1000 MB
[2019.01.25-18.19.57:637][  0]LogSlate: FSceneViewport::OnFocusLost() reason 2
[2019.01.25-18.19.57:676][  0]LogSlate: Took 0.000257 seconds to synchronously load lazily loaded font '../../../Engine/Content/Slate/Fonts/Roboto-Light.ttf' (167K)
[2019.01.25-18.19.57:817][  2]LogAssetRegistry: Asset discovery search completed in 7.2104 seconds
[2019.01.25-18.19.57:819][  2]LogCollectionManager: Rebuilt the object cache for 0 collections in 0.000000 seconds (found 0 objects)
[2019.01.25-18.19.57:819][  2]LogCollectionManager: Fixed up redirectors for 0 collections in 0.000144 seconds (updated 0 objects)
[2019.01.25-18.20.10:251][486]LogSlate: Window 'Message Log' being destroyed
[2019.01.25-18.20.10:254][486]LogSlate: Window 'Message Log' being destroyed
[2019.01.25-18.20.11:075][584]LogSlate: FSceneViewport::OnFocusLost() reason 0
[2019.01.25-18.20.13:442][861]LogSlate: Took 0.000214 seconds to synchronously load lazily loaded font '../../../Engine/Content/Slate/Fonts/Roboto-Light.ttf' (167K)
[2019.01.25-18.20.13:462][861]LogAIModule: Creating AISystem for world AngTestMap
[2019.01.25-18.20.13:466][861]LogAssetEditorManager: Opening Asset editor for World /Game/StarterContent/Maps/AngTestMap.AngTestMap
[2019.01.25-18.20.13:488][861]Cmd: MAP LOAD FILE="../../../../../../Users/h017026h/Documents/Game Jame/GGJ2019/GGJ2019/Content/StarterContent/Maps/AngTestMap.umap" TEMPLATE=0 SHOWPROGRESS=1 FEATURELEVEL=3
[2019.01.25-18.20.13:488][861]LightingResults: New page: Lighting Build
[2019.01.25-18.20.13:489][861]LoadErrors: New page: Loading map: AngTestMap.umap
[2019.01.25-18.20.13:490][861]MapCheck: New page: Map Check
[2019.01.25-18.20.13:490][861]LightingResults: New page: Lighting Build
[2019.01.25-18.20.13:514][861]LogEditorServer: Finished looking for orphan Actors (0.000 secs)
[2019.01.25-18.20.13:568][861]Cmd: MAP CHECKDEP NOCLEARLOG
[2019.01.25-18.20.13:785][861]MapCheck: Map check complete: 0 Error(s), 0 Warning(s), took 216.529ms to complete.
[2019.01.25-18.20.13:787][861]LogFileHelpers: Loading map 'AngTestMap' took 0.299
[2019.01.25-18.20.16:240][133]MapCheck: New page: Map Check
[2019.01.25-18.20.16:255][133]Cmd: MAP REBUILD ALLVISIBLE
[2019.01.25-18.20.16:255][133]LogEditorServer: Rebuildmap Clear paths rebuilt
[2019.01.25-18.20.16:309][133]LogMaterial: Display: Missing cached shader map for material FDebugViewModeMaterialProxy BasicShapeMaterial, compiling. 
[2019.01.25-18.20.16:944][133]LogShaderCompilers: Display: Shaders left to compile 1
[2019.01.25-18.20.16:944][133]TextureStreamingBuild: Display: Compiling optional shaders took 0.640 seconds.
[2019.01.25-18.20.16:944][133]LogLevel: Display: Export Material TexCoord Scales took 0.000 seconds.
[2019.01.25-18.20.16:949][133]TextureStreamingBuild: Display: Build Texture Streaming took 0.004 seconds.
[2019.01.25-18.20.16:971][133]LightingResults: New page: Lighting Build - 25 Jan 2019 18:20:16
[2019.01.25-18.20.17:044][133]LogSwarmInterface: [OpenConnection] Registering TCP channel ...
[2019.01.25-18.20.17:225][133]LogSwarmInterface: [OpenConnection] Connecting to agent ...
[2019.01.25-18.20.17:258][133]LogSwarmInterface: [TryOpenConnection] Testing the Agent
[2019.01.25-18.20.17:772][133]LogSwarmInterface: [TryOpenConnection] Opening Connection to Agent
[2019.01.25-18.20.17:772][133]LogSwarmInterface: [TryOpenConnection] Local Process ID is 9616
[2019.01.25-18.20.29:717][133]LogStaticLightingSystem: Warning: No importance volume found, so the scene bounding box was used.  You can optimize your scene's quality and lighting build times by adding importance volumes.
[2019.01.25-18.20.29:717][133]LogStaticLightingSystem: Running Lightmass w/ ImmediateImport mode ENABLED
[2019.01.25-18.20.29:717][133]LogStaticLightingSystem: Running Lightmass w/ ImmediateProcess mode ENABLED
[2019.01.25-18.20.29:717][133]LogStaticLightingSystem: Running Lightmass w/ Sorting mode ENABLED
[2019.01.25-18.20.29:717][133]LogStaticLightingSystem: Running Lightmass w/ Mapping paddings ENABLED
[2019.01.25-18.20.29:717][133]LogStaticLightingSystem: Running Lightmass w/ Mapping debug paddings DISABLED
[2019.01.25-18.20.29:863][133]Cmd: MAP CHECK DONTDISPLAYDIALOG
[2019.01.25-18.20.29:863][133]MapCheck: New page: AngTestMap - 25 Jan 2019 18:20:29
[2019.01.25-18.20.29:865][133]MapCheck: Error: WorldSettings Maps need lighting rebuilt 
[2019.01.25-18.20.30:125][133]MapCheck: Map check complete: 1 Error(s), 0 Warning(s), took 262.818ms to complete.
[2019.01.25-18.20.30:151][133]LogEditorBuildUtils: Build time 0:13
[2019.01.25-18.20.32:015][229]Job is a success!
[2019.01.25-18.20.32:074][230]LogVolumetricLightmapImport: Imported Volumetric Lightmap in 0.022s
[2019.01.25-18.20.32:074][230]LogVolumetricLightmapImport:      Indirection Texture 16x16x16 = 0.0Mb
[2019.01.25-18.20.32:074][230]LogVolumetricLightmapImport:      BrickData 30x5x5 = 0.0Mb
[2019.01.25-18.20.32:074][230]LogVolumetricLightmapImport:      Bricks at Level
[2019.01.25-18.20.32:074][230]LogVolumetricLightmapImport:          0: 16.7% covering 100.0% of volume
[2019.01.25-18.20.32:074][230]LogVolumetricLightmapImport:          1: 16.7% covering 1.6% of volume
[2019.01.25-18.20.32:075][230]LogVolumetricLightmapImport:          2: 66.7% covering 0.1% of volume
[2019.01.25-18.20.32:096][230]LogTexture: Display: Building textures: HQ_Lightmap0_1 (AutoDXT, 128X128)
[2019.01.25-18.20.32:097][230]LogTexture: Display: Building textures: LQ_Lightmap_0_1 (DXT1, 128X128)
[2019.01.25-18.20.32:097][230]LogTexture: Display: Building textures: ShadowMapTexture2D_0 (G8, 64X64)
[2019.01.25-18.20.32:150][230]Lightmass on C115-12: 1.00 sec total, 136 ms importing, 16 ms setup, 390 ms photons, 389 ms processing, 0 ms extra exporting [1/1 mappings]. Threads: 2.55 sec total, 28 ms processing.
[2019.01.25-18.20.32:158][230]LogStaticLightingSystem: Illumination: 15.1 sec (11 ms encoding lightmaps, 1 ms encoding shadowmaps)
[2019.01.25-18.20.32:158][230]LogStaticLightingSystem: Lightmap texture memory:  0.0 MB (0.0 MB streaming, 0.0 MB non-streaming), 2 textures
[2019.01.25-18.20.32:159][230]LogStaticLightingSystem: Shadowmap texture memory: 0.0 MB (0.0 MB streaming, 0.0 MB non-streaming), 1 textures
[2019.01.25-18.20.32:727][230]DumpUnbuiltLightIteractions
[2019.01.25-18.20.32:728][230]Lights with unbuilt interactions: 0
[2019.01.25-18.20.32:728][230]
[2019.01.25-18.20.32:728][230]Primitives with unbuilt interactions: 0
[2019.01.25-18.20.32:786][231]Cmd: MAP CHECK NOTIFYRESULTS
[2019.01.25-18.20.32:787][231]MapCheck: New page: AngTestMap - 25 Jan 2019 18:20:32
[2019.01.25-18.20.33:017][231]MapCheck: Map check complete: 0 Error(s), 0 Warning(s), took 230.418ms to complete.
[2019.01.25-18.20.39:667][ 28]LogSlate: Window 'Message Log' being destroyed
[2019.01.25-18.20.39:669][ 28]LogSlate: Window 'Message Log' being destroyed
[2019.01.25-18.20.53:630][688]LogSlate: FSceneViewport::OnFocusLost() reason 0
[2019.01.25-18.20.53:799][698]LogSavePackage: Moving '../../../../../../Users/h017026h/Documents/Game Jame/GGJ2019/GGJ2019/Saved/AngTestMapDE8541A04EB988FAB7F3D09128AED8BC.tmp' to '../../../../../../Users/h017026h/Documents/Game Jame/GGJ2019/GGJ2019/Content/StarterContent/Maps/AngTestMap.umap'
[2019.01.25-18.20.53:900][698]LogSavePackage: Moving '../../../../../../Users/h017026h/Documents/Game Jame/GGJ2019/GGJ2019/Saved/AngTestMap_BuiltData4CF56F2F46376BB5DA2FA1BF0E39B1A2.tmp' to '../../../../../../Users/h017026h/Documents/Game Jame/GGJ2019/GGJ2019/Content/StarterContent/Maps/AngTestMap_BuiltData.uasset'
[2019.01.25-18.22.17:604][489]LogSlate: Took 0.000367 seconds to synchronously load lazily loaded font '../../../Engine/Content/Slate/Fonts/Roboto-BoldCondensed.ttf' (158K)
[2019.01.25-18.23.22:148][220]LogAssetEditorManager: Opening Asset editor for Blueprint /Game/Pickup_BP_Base.Pickup_BP_Base
[2019.01.25-18.23.22:881][220]LogContentBrowser: Native class hierarchy updated for 'BlueprintGraph' in 0.0009 seconds. Added 116 classes and 0 folders.
[2019.01.25-18.23.24:223][220]LogSlate: Window 'Add Blueprint Class' being destroyed
[2019.01.25-18.23.29:166][716]LogRenderer: Reallocating scene render targets to support 1208x900 Format 10 NumSamples 1 (Frame:405).
[2019.01.25-18.23.29:394][743]LogSlate: Window 'Pickup_BP_Base*' being destroyed
[2019.01.25-18.23.30:106][826]LogSlate: Took 0.006598 seconds to synchronously load lazily loaded font '../../../Engine/Content/Slate/Fonts/Roboto-Italic.ttf' (157K)
[2019.01.25-18.23.37:573][713]Cmd: OBJ SAVEPACKAGE PACKAGE="/Game/Pickup_BP_Base" FILE="../../../../../../Users/h017026h/Documents/Game Jame/GGJ2019/GGJ2019/Content/Pickup_BP_Base.uasset" SILENT=true
[2019.01.25-18.23.37:605][713]LogSavePackage: Moving '../../../../../../Users/h017026h/Documents/Game Jame/GGJ2019/GGJ2019/Saved/Pickup_BP_Base607CACA44F35682D10F2ED85DBC35594.tmp' to '../../../../../../Users/h017026h/Documents/Game Jame/GGJ2019/GGJ2019/Content/Pickup_BP_Base.uasset'
[2019.01.25-18.23.44:990][584]LogSlate: FSceneViewport::OnFocusLost() reason 0
[2019.01.25-18.24.30:018][185]LogSlate: Window 'GGJ2019 - Unreal Editor' being destroyed
[2019.01.25-18.24.30:019][185]LogWindowsTextInputMethodSystem: Display: IME system now deactivated.
[2019.01.25-18.24.30:240][186]Cmd: QUIT_EDITOR
[2019.01.25-18.24.30:303][186]LogExit: Preparing to exit.
[2019.01.25-18.24.30:639][186]LogExit: Editor shut down
[2019.01.25-18.24.30:639][186]LogExit: Transaction tracking system shut down
[2019.01.25-18.24.31:096][186]LogExit: Object subsystem successfully closed.
[2019.01.25-18.24.31:160][186]LogShaderCompilers: Display: Shaders left to compile 0
[2019.01.25-18.24.31:172][186]LogD3D11RHI: Shutdown
[2019.01.25-18.24.31:172][186]LogD3D11RHI: CleanupD3DDevice
[2019.01.25-18.24.31:177][186]LogD3D11RHI: ~FD3D11DynamicRHI
[2019.01.25-18.24.31:269][186]LogModuleManager: Shutting down and abandoning module BlueprintGraph (616)
[2019.01.25-18.24.31:270][186]LogModuleManager: Shutting down and abandoning module HierarchicalLODUtilities (614)
[2019.01.25-18.24.31:270][186]LogModuleManager: Shutting down and abandoning module HierarchicalLODOutliner (612)
[2019.01.25-18.24.31:270][186]LogModuleManager: Shutting down and abandoning module SceneOutliner (610)
[2019.01.25-18.24.31:270][186]LogModuleManager: Shutting down and abandoning module AddContentDialog (608)
[2019.01.25-18.24.31:271][186]LogModuleManager: Shutting down and abandoning module WidgetCarousel (607)
[2019.01.25-18.24.31:271][186]LogModuleManager: Shutting down and abandoning module EditorWidgets (604)
[2019.01.25-18.24.31:272][186]LogModuleManager: Shutting down and abandoning module CollectionManager (602)
[2019.01.25-18.24.31:273][186]LogModuleManager: Shutting down and abandoning module StatsViewer (600)
[2019.01.25-18.24.31:274][186]LogModuleManager: Shutting down and abandoning module FoliageEdit (598)
[2019.01.25-18.24.31:274][186]LogModuleManager: Shutting down and abandoning module LandscapeEditor (596)
[2019.01.25-18.24.31:275][186]LogModuleManager: Shutting down and abandoning module MeshPaintMode (594)
[2019.01.25-18.24.31:276][186]LogModuleManager: Shutting down and abandoning module SceneDepthPickerMode (592)
[2019.01.25-18.24.31:276][186]LogModuleManager: Shutting down and abandoning module ActorPickerMode (590)
[2019.01.25-18.24.31:276][186]LogModuleManager: Shutting down and abandoning module GeometryMode (588)
[2019.01.25-18.24.31:276][186]LogModuleManager: Shutting down and abandoning module TextureAlignMode (586)
[2019.01.25-18.24.31:276][186]LogModuleManager: Shutting down and abandoning module BspMode (584)
[2019.01.25-18.24.31:276][186]LogModuleManager: Shutting down and abandoning module PIEPreviewDeviceProfileSelector (582)
[2019.01.25-18.24.31:277][186]LogModuleManager: Shutting down and abandoning module SequenceRecorderSections (580)
[2019.01.25-18.24.31:277][186]LogModuleManager: Shutting down and abandoning module AutomationWorker (578)
[2019.01.25-18.24.31:277][186]LogModuleManager: Shutting down and abandoning module AudioCaptureEditor (576)
[2019.01.25-18.24.31:277][186]LogModuleManager: Shutting down and abandoning module SequenceRecorder (575)
[2019.01.25-18.24.31:278][186]LogModuleManager: Shutting down and abandoning module MatineeToLevelSequence (572)
[2019.01.25-18.24.31:278][186]LogModuleManager: Shutting down and abandoning module LevelSequenceEditor (570)
[2019.01.25-18.24.31:280][186]LogModuleManager: Shutting down and abandoning module PlacementMode (569)
[2019.01.25-18.24.31:280][186]LogModuleManager: Shutting down and abandoning module MaterialEditor (568)
[2019.01.25-18.24.31:282][186]LogModuleManager: Shutting down and abandoning module WmfMediaFactory (564)
[2019.01.25-18.24.31:282][186]LogModuleManager: Shutting down and abandoning module WmfMediaEditor (562)
[2019.01.25-18.24.31:282][186]LogModuleManager: Shutting down and abandoning module MediaPlayerEditor (560)
[2019.01.25-18.24.31:284][186]LogModuleManager: Shutting down and abandoning module OpenExrWrapper (558)
[2019.01.25-18.24.31:284][186]LogModuleManager: Shutting down and abandoning module ImgMediaFactory (556)
[2019.01.25-18.24.31:284][186]LogModuleManager: Shutting down and abandoning module ImgMediaEditor (554)
[2019.01.25-18.24.31:284][186]LogModuleManager: Shutting down and abandoning module AvfMediaFactory (552)
[2019.01.25-18.24.31:284][186]LogModuleManager: Shutting down and abandoning module AvfMediaEditor (550)
[2019.01.25-18.24.31:284][186]LogModuleManager: Shutting down and abandoning module AndroidMediaFactory (548)
[2019.01.25-18.24.31:284][186]LogModuleManager: Shutting down and abandoning module AndroidMediaEditor (546)
[2019.01.25-18.24.31:285][186]LogModuleManager: Shutting down and abandoning module MagicLeapCameraPreviewFactory (544)
[2019.01.25-18.24.31:285][186]LogModuleManager: Shutting down and abandoning module MagicLeapMediaFactory (542)
[2019.01.25-18.24.31:285][186]LogModuleManager: Shutting down and abandoning module MagicLeapMediaEditor (540)
[2019.01.25-18.24.31:285][186]LogModuleManager: Shutting down and abandoning module CharacterAI (538)
[2019.01.25-18.24.31:285][186]LogModuleManager: Shutting down and abandoning module SmartSnapping (536)
[2019.01.25-18.24.31:285][186]LogModuleManager: Shutting down and abandoning module SessionServices (534)
[2019.01.25-18.24.31:285][186]LogModuleManager: Shutting down and abandoning module ViewportSnapping (532)
[2019.01.25-18.24.31:285][186]LogModuleManager: Shutting down and abandoning module ViewportInteraction (530)
[2019.01.25-18.24.31:285][186]LogModuleManager: Shutting down and abandoning module ClothPainter (528)
[2019.01.25-18.24.31:287][186]LogModuleManager: Shutting down and abandoning module SkeletalMeshEditor (527)
[2019.01.25-18.24.31:288][186]LogModuleManager: Shutting down and abandoning module LogVisualizer (524)
[2019.01.25-18.24.31:290][186]LogModuleManager: Shutting down and abandoning module IntroTutorials (522)
[2019.01.25-18.24.31:291][186]LogModuleManager: Shutting down and abandoning module GameProjectGeneration (521)
[2019.01.25-18.24.31:291][186]LogModuleManager: Shutting down and abandoning module LuminPlatformEditor (518)
[2019.01.25-18.24.31:291][186]LogModuleManager: Shutting down and abandoning module IOSPlatformEditor (516)
[2019.01.25-18.24.31:291][186]LogModuleManager: Shutting down and abandoning module HTML5PlatformEditor (514)
[2019.01.25-18.24.31:291][186]LogModuleManager: Shutting down and abandoning module AndroidPlatformEditor (512)
[2019.01.25-18.24.31:291][186]LogModuleManager: Shutting down and abandoning module AndroidDeviceDetection (511)
