Log file open, 01/25/19 23:00:56
LogWindows: Failed to load 'aqProf.dll' (GetLastError=126)
LogWindows: File 'aqProf.dll' does not exist
LogWindows: Failed to load 'VSPerf140.dll' (GetLastError=126)
LogWindows: File 'VSPerf140.dll' does not exist
LogWindows: Failed to load 'VtuneApi.dll' (GetLastError=126)
LogWindows: File 'VtuneApi.dll' does not exist
LogWindows: Failed to load 'VtuneApi32e.dll' (GetLastError=126)
LogWindows: File 'VtuneApi32e.dll' does not exist
LogInit: Display: Running engine for game: GGJ2019
LogPlatformFile: Not using cached read wrapper
LogTaskGraph: Started task graph with 5 named threads and 23 total threads with 3 sets of task threads.
LogStats: Stats thread started at 0.442935
LogD3D11RHI: Loaded GFSDK_Aftermath_Lib.x64.dll
LogICUInternationalization: Display: ICU TimeZone Detection - Raw Offset: +0:00, Platform Override: ''
LogPluginManager: Mounting plugin Paper2D
LogPluginManager: Mounting plugin AISupport
LogPluginManager: Mounting plugin LightPropagationVolume
LogPluginManager: Mounting plugin CLionSourceCodeAccess
LogPluginManager: Mounting plugin CodeLiteSourceCodeAccess
LogPluginManager: Mounting plugin GitSourceControl
LogPluginManager: Mounting plugin KDevelopSourceCodeAccess
LogPluginManager: Mounting plugin NullSourceCodeAccess
LogPluginManager: Mounting plugin PerforceSourceControl
LogPluginManager: Mounting plugin SubversionSourceControl
LogPluginManager: Mounting plugin UObjectPlugin
LogPluginManager: Mounting plugin VisualStudioCodeSourceCodeAccess
LogPluginManager: Mounting plugin VisualStudioSourceCodeAccess
LogPluginManager: Mounting plugin XCodeSourceCodeAccess
LogPluginManager: Mounting plugin AssetManagerEditor
LogPluginManager: Mounting plugin CryptoKeys
LogPluginManager: Mounting plugin DataValidation
LogPluginManager: Mounting plugin FacialAnimation
LogPluginManager: Mounting plugin GameplayTagsEditor
LogPluginManager: Mounting plugin MacGraphicsSwitching
LogPluginManager: Mounting plugin MeshEditor
LogPluginManager: Mounting plugin MobileLauncherProfileWizard
LogPluginManager: Mounting plugin PluginBrowser
LogPluginManager: Mounting plugin SpeedTreeImporter
LogPluginManager: Mounting plugin DatasmithContent
LogPluginManager: Mounting plugin AlembicImporter
LogPluginManager: Mounting plugin AppleImageUtils
LogPluginManager: Mounting plugin AppleVision
LogPluginManager: Mounting plugin BackChannel
LogPluginManager: Mounting plugin CharacterAI
LogPluginManager: Mounting plugin GeometryCache
LogPluginManager: Mounting plugin HTML5Networking
LogPluginManager: Mounting plugin ProxyLODPlugin
LogPluginManager: Mounting plugin MagicLeap
LogPluginManager: Mounting plugin MagicLeapEmulator
LogPluginManager: Mounting plugin MagicLeapMedia
LogPluginManager: Mounting plugin AndroidMedia
LogPluginManager: Mounting plugin AvfMedia
LogPluginManager: Mounting plugin ImgMedia
LogPluginManager: Mounting plugin LinearTimecode
LogPluginManager: Mounting plugin MediaCompositing
LogPluginManager: Mounting plugin MediaPlayerEditor
LogPluginManager: Mounting plugin WmfMedia
LogPluginManager: Mounting plugin TcpMessaging
LogPluginManager: Mounting plugin UdpMessaging
LogPluginManager: Mounting plugin ActorSequence
LogPluginManager: Mounting plugin LevelSequenceEditor
LogPluginManager: Mounting plugin MatineeToLevelSequence
LogPluginManager: Mounting plugin NetcodeUnitTest
LogPluginManager: Mounting plugin NUTUnrealEngine4
LogPluginManager: Mounting plugin OnlineSubsystemGooglePlay
LogPluginManager: Mounting plugin OnlineSubsystemIOS
LogPluginManager: Mounting plugin OnlineSubsystem
LogPluginManager: Mounting plugin OnlineSubsystemNull
LogPluginManager: Mounting plugin OnlineSubsystemUtils
LogPluginManager: Mounting plugin LauncherChunkInstaller
LogPluginManager: Mounting plugin AndroidDeviceProfileSelector
LogPluginManager: Mounting plugin AndroidMoviePlayer
LogPluginManager: Mounting plugin AndroidPermission
LogPluginManager: Mounting plugin AppleMoviePlayer
LogPluginManager: Mounting plugin ArchVisCharacter
LogPluginManager: Mounting plugin AudioCapture
LogPluginManager: Mounting plugin CableComponent
LogPluginManager: Mounting plugin CustomMeshComponent
LogPluginManager: Mounting plugin EditableMesh
LogPluginManager: Mounting plugin ExampleDeviceProfileSelector
LogPluginManager: Mounting plugin GoogleCloudMessaging
LogPluginManager: Mounting plugin ImmediatePhysics
LogPluginManager: Mounting plugin IOSDeviceProfileSelector
LogPluginManager: Mounting plugin LinuxDeviceProfileSelector
LogPluginManager: Mounting plugin LocationServicesBPLibrary
LogPluginManager: Mounting plugin MobilePatchingUtils
LogPluginManager: Mounting plugin OculusVR
LogPluginManager: Plugin shader directory ../../../Engine/Plugins/Runtime/Oculus/OculusVR/Shaders found
LogPluginManager: Mapping shader source directory ../../../Engine/Plugins/Runtime/Oculus/OculusVR/Shaders to virtual directory /Plugin/OculusVR
LogPluginManager: Mounting plugin PhysXVehicles
LogPluginManager: Mounting plugin ProceduralMeshComponent
LogPluginManager: Mounting plugin RuntimePhysXCooking
LogPluginManager: Mounting plugin SteamVR
LogPluginManager: Mounting plugin WindowsMoviePlayer
LogStreaming: Display: Took  0.492s to configure plugins.
LogInit: Using libcurl 7.55.1-DEV
LogInit:  - built for x86_64-pc-win32
LogInit:  - supports SSL with OpenSSL/1.0.2h
LogInit:  - supports HTTP deflate (compression) using libz 1.2.8
LogInit:  - other features:
LogInit:      CURL_VERSION_SSL
LogInit:      CURL_VERSION_LIBZ
LogInit:      CURL_VERSION_IPV6
LogInit:      CURL_VERSION_ASYNCHDNS
LogInit:      CURL_VERSION_LARGEFILE
LogInit:      CURL_VERSION_IDN
LogInit:  CurlRequestOptions (configurable via config and command line):
LogInit:  - bVerifyPeer = false  - Libcurl will NOT verify peer certificate
LogInit:  - bUseHttpProxy = false  - Libcurl will NOT use HTTP proxy
LogInit:  - bDontReuseConnections = false  - Libcurl will reuse connections
LogInit:  - CertBundlePath = nullptr  - Libcurl will use whatever was configured at build time.
LogInit:  - MaxHostConnections = 16  - Libcurl will limit the number of connections to a host
LogInit:  - LocalHostAddr = Default
LogInit:  - BufferSize = 65536
LogInit: WinSock: version 1.1 (2.2), MaxSocks=32767, MaxUdp=65467
LogInit: Build: ++UE4+Release-4.20-CL-4369336
LogInit: Engine Version: 4.20.3-4369336+++UE4+Release-4.20
LogInit: Compatible Engine Version: 4.20.0-4212847+++UE4+Release-4.20
LogInit: Net CL: 4212847
LogInit: OS: Windows 10 (), CPU: Intel(R) Xeon(R) CPU E5-1620 v3 @ 3.50GHz, GPU: NVIDIA GeForce GTX 970
LogInit: Compiled (64-bit): Sep 17 2018 12:26:19
LogInit: Compiled with Visual C++: 19.13.26129.00
LogInit: Build Configuration: Development
LogInit: Branch Name: ++UE4+Release-4.20
LogInit: Command Line:  -skipcompile
LogInit: Base Directory: C:/Epic/UE4/UE_4.20/Engine/Binaries/Win64/
LogInit: Installed Engine Build: 1
LogDevObjectVersion: Number of dev versions registered: 20
LogDevObjectVersion:   Dev-Blueprints (B0D832E4-1F89-4F0D-ACCF-7EB736FD4AA2): 10
LogDevObjectVersion:   Dev-Build (E1C64328-A22C-4D53-A36C-8E866417BD8C): 0
LogDevObjectVersion:   Dev-Core (375EC13C-06E4-48FB-B500-84F0262A717E): 2
LogDevObjectVersion:   Dev-Editor (E4B068ED-F494-42E9-A231-DA0B2E46BB41): 24
LogDevObjectVersion:   Dev-Framework (CFFC743F-43B0-4480-9391-14DF171D2073): 34
LogDevObjectVersion:   Dev-Mobile (B02B49B5-BB20-44E9-A304-32B752E40360): 2
LogDevObjectVersion:   Dev-Networking (A4E4105C-59A1-49B5-A7C5-40C4547EDFEE): 0
LogDevObjectVersion:   Dev-Online (39C831C9-5AE6-47DC-9A44-9C173E1C8E7C): 0
LogDevObjectVersion:   Dev-Physics (78F01B33-EBEA-4F98-B9B4-84EACCB95AA2): 0
LogDevObjectVersion:   Dev-Platform (6631380F-2D4D-43E0-8009-CF276956A95A): 0
LogDevObjectVersion:   Dev-Rendering (12F88B9F-8875-4AFC-A67C-D90C383ABD29): 26
LogDevObjectVersion:   Dev-Sequencer (7B5AE74C-D270-4C10-A958-57980B212A5A): 9
LogDevObjectVersion:   Dev-VR (D7296918-1DD6-4BDD-9DE2-64A83CC13884): 2
LogDevObjectVersion:   Dev-LoadTimes (C2A15278-BFE7-4AFE-6C17-90FF531DF755): 1
LogDevObjectVersion:   Private-Geometry (6EACA3D4-40EC-4CC1-B786-8BED09428FC5): 3
LogDevObjectVersion:   Dev-AnimPhys (29E575DD-E0A3-4627-9D10-D276232CDCEA): 17
LogDevObjectVersion:   Dev-ReflectionCapture (6B266CEC-1EC7-4B8F-A30B-E4D90942FC07): 1
LogDevObjectVersion:   Dev-Automation (0DF73D61-A23F-47EA-B727-89E90C41499A): 1
LogDevObjectVersion:   FortniteMain (601D1886-AC64-4F84-AA16-D3DE0DEAC7D6): 12
LogDevObjectVersion:   Dev-Enterprise (9DFFBCD6-494F-0158-E221-12823C92A888): 1
LogStreaming: Display: Took  0.014s to delete old logs.
LogInit: Presizing for max 8388607 objects, including 0 objects not considered by GC, pre-allocating 0 bytes for permanent pool.
LogInit: Object subsystem initialized
[2019.01.25-23.00.57:675][  0]LogInit: Selected Device Profile: [Windows]
[2019.01.25-23.00.57:675][  0]LogInit: Applying CVar settings loaded from the selected device profile: [Windows]
[2019.01.25-23.00.57:700][  0]LogHAL: Display: Platform has ~ 16 GB [17092038656 / 17179869184 / 16], which maps to Larger [LargestMinGB=32, LargerMinGB=12, DefaultMinGB=8, SmallerMinGB=6, SmallestMinGB=0)
[2019.01.25-23.00.57:700][  0]LogInit: Setting Device Profile CVar: [[r.Vulkan.UseRealUBs:1]]
[2019.01.25-23.00.57:700][  0]LogInit: Going up to parent DeviceProfile []
[2019.01.25-23.00.57:701][  0]LogInit: Computer: C115-12
[2019.01.25-23.00.57:701][  0]LogInit: User: h017026h
[2019.01.25-23.00.57:701][  0]LogInit: CPU Page size=4096, Cores=4
[2019.01.25-23.00.57:701][  0]LogInit: High frequency timer resolution =3.410071 MHz
[2019.01.25-23.00.57:701][  0]LogMemory: Memory total: Physical=15.9GB (16GB approx)
[2019.01.25-23.00.57:701][  0]LogMemory: Platform Memory Stats for Windows
[2019.01.25-23.00.57:701][  0]LogMemory: Process Physical Memory: 101.02 MB used, 101.02 MB peak
[2019.01.25-23.00.57:701][  0]LogMemory: Process Virtual Memory: 91.01 MB used, 91.01 MB peak
[2019.01.25-23.00.57:701][  0]LogMemory: Physical Memory: 7236.28 MB used,  9063.96 MB free, 16300.24 MB total
[2019.01.25-23.00.57:701][  0]LogMemory: Virtual Memory: 4640.35 MB used,  9063.96 MB free, 134217728.00 MB total
[2019.01.25-23.00.57:830][  0]LogInit: Using OS detected language (en-US).
[2019.01.25-23.00.57:830][  0]LogInit: Using OS detected locale (en-GB).
[2019.01.25-23.00.57:832][  0]LogTextLocalizationManager: No specific localization for 'en-US' exists, so the 'en' localization will be used.
[2019.01.25-23.00.58:243][  0]LogStreaming: Display: Took  0.412s to InitEngineTextLocalization.
[2019.01.25-23.00.58:243][  0]LogInit: Setting process to per monitor DPI aware
[2019.01.25-23.00.58:310][  0]LogSlate: New Slate User Created.  User Index 0, Is Virtual User: 0
[2019.01.25-23.00.58:310][  0]LogSlate: Slate User Registered.  User Index 0, Is Virtual User: 0
[2019.01.25-23.00.58:658][  0]LogHMD: Failed to initialize OpenVR with code 110
[2019.01.25-23.00.58:658][  0]LogD3D11RHI: D3D11 adapters:
[2019.01.25-23.00.58:807][  0]LogD3D11RHI:    0. 'NVIDIA GeForce GTX 970' (Feature Level 11_0)
[2019.01.25-23.00.58:807][  0]LogD3D11RHI:       4043/0/8150 MB DedicatedVideo/DedicatedSystem/SharedSystem, Outputs:2, VendorId:0x10de
[2019.01.25-23.00.58:815][  0]LogD3D11RHI:    1. 'Microsoft Basic Render Driver' (Feature Level 11_0)
[2019.01.25-23.00.58:815][  0]LogD3D11RHI:       0/0/8150 MB DedicatedVideo/DedicatedSystem/SharedSystem, Outputs:0, VendorId:0x1414
[2019.01.25-23.00.58:815][  0]LogD3D11RHI: Chosen D3D11 Adapter: 0
[2019.01.25-23.00.58:825][  0]LogD3D11RHI: Creating new Direct3DDevice
[2019.01.25-23.00.58:825][  0]LogD3D11RHI:     GPU DeviceId: 0x13c2 (for the marketing name, search the web for "GPU Device Id")
[2019.01.25-23.00.58:825][  0]LogWindows: EnumDisplayDevices:
[2019.01.25-23.00.58:826][  0]LogWindows:    0. 'NVIDIA GeForce GTX 970' (P:0 D:1)
[2019.01.25-23.00.58:826][  0]LogWindows:    1. 'NVIDIA GeForce GTX 970' (P:1 D:1)
[2019.01.25-23.00.58:827][  0]LogWindows:    2. 'NVIDIA GeForce GTX 970' (P:0 D:0)
[2019.01.25-23.00.58:827][  0]LogWindows:    3. 'NVIDIA GeForce GTX 970' (P:0 D:0)
[2019.01.25-23.00.58:828][  0]LogWindows: DebugString: FoundDriverCount:4 
[2019.01.25-23.00.58:828][  0]LogD3D11RHI:     Adapter Name: NVIDIA GeForce GTX 970
[2019.01.25-23.00.58:828][  0]LogD3D11RHI:   Driver Version: 398.82 (internal:24.21.13.9882, unified:398.82)
[2019.01.25-23.00.58:828][  0]LogD3D11RHI:      Driver Date: 7-30-2018
[2019.01.25-23.00.58:828][  0]LogRHI: Texture pool is 2830 MB (70% of 4043 MB)
[2019.01.25-23.00.58:888][  0]LogD3D11RHI: Async texture creation enabled
[2019.01.25-23.00.58:908][  0]LogD3D11RHI: GPU Timing Frequency: 1000.000000 (Debug: 2 2)
[2019.01.25-23.00.58:953][  0]LogShaderCompilers: Guid format shader working directory is -19 characters bigger than the processId version (../../../../../../Users/h017026h/Documents/Game Jame/GGJ2019/GGJ2019/Intermediate/Shaders/WorkingDirectory/3596/).
[2019.01.25-23.00.58:954][  0]LogShaderCompilers: Cleaned the shader compiler working directory 'C:/Users/h017026h/AppData/Local/Temp/UnrealShaderWorkingDir/6BA7723A4D66FC3865B6479CAA1BCEE5/'.
[2019.01.25-23.00.59:377][  0]LogTemp: Display: Loaded TP AllDesktopTargetPlatform
[2019.01.25-23.00.59:398][  0]LogTemp: Display: Loaded TP MacClientTargetPlatform
[2019.01.25-23.00.59:419][  0]LogTemp: Display: Loaded TP MacNoEditorTargetPlatform
[2019.01.25-23.00.59:439][  0]LogTemp: Display: Loaded TP MacServerTargetPlatform
[2019.01.25-23.00.59:459][  0]LogTemp: Display: Loaded TP MacTargetPlatform
[2019.01.25-23.00.59:480][  0]LogTemp: Display: Loaded TP WindowsClientTargetPlatform
[2019.01.25-23.00.59:501][  0]LogTemp: Display: Loaded TP WindowsNoEditorTargetPlatform
[2019.01.25-23.00.59:520][  0]LogTemp: Display: Loaded TP WindowsServerTargetPlatform
[2019.01.25-23.00.59:531][  0]LogTemp: Display: Loaded TP WindowsTargetPlatform
[2019.01.25-23.00.59:624][  0]LogTemp: Display: Loaded TP AndroidTargetPlatform
[2019.01.25-23.00.59:624][  0]LogTemp: Display: Loaded TP AndroidTargetPlatform
[2019.01.25-23.00.59:624][  0]LogTemp: Display: Loaded TP AndroidTargetPlatform
[2019.01.25-23.00.59:624][  0]LogTemp: Display: Loaded TP AndroidTargetPlatform
[2019.01.25-23.00.59:625][  0]LogTemp: Display: Loaded TP AndroidTargetPlatform
[2019.01.25-23.00.59:625][  0]LogTemp: Display: Loaded TP AndroidTargetPlatform
[2019.01.25-23.00.59:625][  0]LogTemp: Display: Loaded TP AndroidTargetPlatform
[2019.01.25-23.00.59:625][  0]LogTemp: Display: Loaded TP AndroidTargetPlatform
[2019.01.25-23.00.59:625][  0]LogTemp: Display: Loaded TP AndroidTargetPlatform
[2019.01.25-23.00.59:625][  0]LogTemp: Display: Loaded TP AndroidTargetPlatform
[2019.01.25-23.00.59:625][  0]LogTemp: Display: Loaded TP AndroidTargetPlatform
[2019.01.25-23.00.59:625][  0]LogTemp: Display: Loaded TP AndroidTargetPlatform
[2019.01.25-23.00.59:625][  0]LogTemp: Display: Loaded TP AndroidTargetPlatform
[2019.01.25-23.00.59:625][  0]LogTemp: Display: Loaded TP AndroidTargetPlatform
[2019.01.25-23.00.59:625][  0]LogTemp: Display: Loaded TP AndroidTargetPlatform
[2019.01.25-23.00.59:625][  0]LogTemp: Display: Loaded TP AndroidTargetPlatform
[2019.01.25-23.00.59:626][  0]LogTemp: Display: Loaded TP AndroidTargetPlatform
[2019.01.25-23.00.59:626][  0]LogTemp: Display: Loaded TP AndroidTargetPlatform
[2019.01.25-23.00.59:631][  0]LogTemp: Display: Loaded TP HTML5TargetPlatform
[2019.01.25-23.00.59:714][  0]LogTemp: Display: Loaded TP IOSTargetPlatform
[2019.01.25-23.00.59:714][  0]LogTemp: Display: Loaded TP IOSTargetPlatform
[2019.01.25-23.00.59:743][  0]LogTemp: Display: Loaded TP TVOSTargetPlatform
[2019.01.25-23.00.59:743][  0]LogTemp: Display: Loaded TP TVOSTargetPlatform
[2019.01.25-23.00.59:763][  0]LogTemp: Display: Loaded TP LinuxClientTargetPlatform
[2019.01.25-23.00.59:779][  0]LogTemp: Display: Loaded TP LinuxNoEditorTargetPlatform
[2019.01.25-23.00.59:798][  0]LogTemp: Display: Loaded TP LinuxServerTargetPlatform
[2019.01.25-23.00.59:821][  0]LogTemp: Display: Loaded TP LinuxTargetPlatform
[2019.01.25-23.00.59:838][  0]LogTemp: Display: Loaded TP LuminTargetPlatform
[2019.01.25-23.00.59:839][  0]LogTargetPlatformManager: Display: Building Assets For Windows
[2019.01.25-23.01.00:016][  0]LogXGEController: Cleaning working directory: C:/Users/h017026h/AppData/Local/Temp/UnrealXGEWorkingDir/
[2019.01.25-23.01.00:017][  0]LogXGEController: Cannot use XGE Controller as Incredibuild is not installed on this machine.
[2019.01.25-23.01.00:017][  0]LogShaderCompilers: Cannot use XGE Shader Compiler as Incredibuild is not installed on this machine.
[2019.01.25-23.01.00:017][  0]LogShaderCompilers: Display: Using Local Shader Compiler.
[2019.01.25-23.01.01:145][  0]LogDerivedDataCache: Display: Max Cache Size: 512 MB
[2019.01.25-23.01.01:239][  0]LogDerivedDataCache: Loaded boot cache 0.10s 71MB C:/Users/h017026h/AppData/Local/UnrealEngine/4.20/DerivedDataCache/Boot.ddc.
[2019.01.25-23.01.01:240][  0]LogDerivedDataCache: Display: Loaded Boot cache: C:/Users/h017026h/AppData/Local/UnrealEngine/4.20/DerivedDataCache/Boot.ddc
[2019.01.25-23.01.01:240][  0]LogDerivedDataCache: FDerivedDataBackendGraph:  Pak pak cache file ../../../../../../Users/h017026h/Documents/Game Jame/GGJ2019/GGJ2019/DerivedDataCache/DDC.ddp not found, will not use a pak cache.
[2019.01.25-23.01.01:241][  0]LogDerivedDataCache: Unable to find inner node Pak for hierarchical cache Hierarchy.
[2019.01.25-23.01.01:241][  0]LogDerivedDataCache: FDerivedDataBackendGraph:  CompressedPak pak cache file ../../../../../../Users/h017026h/Documents/Game Jame/GGJ2019/GGJ2019/DerivedDataCache/Compressed.ddp not found, will not use a pak cache.
[2019.01.25-23.01.01:241][  0]LogDerivedDataCache: Unable to find inner node CompressedPak for hierarchical cache Hierarchy.
[2019.01.25-23.01.01:256][  0]LogDerivedDataCache: Display: Pak cache opened for reading ../../../Engine/DerivedDataCache/Compressed.ddp.
[2019.01.25-23.01.01:270][  0]LogDerivedDataCache: Using Local data cache path C:/Users/h017026h/AppData/Local/UnrealEngine/Common/DerivedDataCache: Writable
[2019.01.25-23.01.01:270][  0]LogDerivedDataCache: Shared data cache path not found in *engine.ini, will not use an Shared cache.
[2019.01.25-23.01.01:270][  0]LogDerivedDataCache: Unable to find inner node Shared for hierarchical cache Hierarchy.
[2019.01.25-23.01.01:293][  0]LogMaterial: Verifying Global Shaders for PCD3D_SM5
[2019.01.25-23.01.01:295][  0]LogSlate: Using FreeType 2.6.0
[2019.01.25-23.01.01:296][  0]LogSlate: SlateFontServices - WITH_FREETYPE: 1, WITH_HARFBUZZ: 1
[2019.01.25-23.01.01:393][  0]LogAssetRegistry: FAssetRegistry took 0.0296 seconds to start up
[2019.01.25-23.01.01:840][  0]LogInit: Selected Device Profile: [Windows]
[2019.01.25-23.01.02:037][  0]LogSimplygon: Simplygon DLL not present - disabling.
[2019.01.25-23.01.02:049][  0]LogMeshReduction: Using SimplygonSwarm for distributed automatic mesh merging
[2019.01.25-23.01.02:049][  0]LogMeshReduction: Using ProxyLODMeshReduction for automatic mesh merging
[2019.01.25-23.01.02:050][  0]LogMeshReduction: Using QuadricMeshReduction for automatic static mesh reduction
[2019.01.25-23.01.02:050][  0]LogMeshReduction: No automatic skeletal mesh reduction module available
[2019.01.25-23.01.02:071][  0]LogNetVersion: GGJ2019 1.0.0, NetCL: 4212847, EngineNetVer: 5, GameNetVer: 0 (Checksum: 54619999)
[2019.01.25-23.01.03:129][  0]LogPackageLocalizationCache: Processed 11 localized package path(s) for 2 prioritized culture(s) in 0.567777 seconds
[2019.01.25-23.01.03:137][  0]LogUObjectArray: 38425 objects as part of root set at end of initial load.
[2019.01.25-23.01.03:137][  0]LogUObjectAllocator: 6690872 out of 0 bytes used by permanent object pool.
[2019.01.25-23.01.03:137][  0]LogUObjectArray: CloseDisregardForGC: 0/0 objects in disregard for GC pool
[2019.01.25-23.01.04:340][  0]LogTcpMessaging: Initializing TcpMessaging bridge
[2019.01.25-23.01.04:358][  0]LogUdpMessaging: Initializing bridge on interface 0.0.0.0:0 to multicast group 230.0.0.1:6666.
[2019.01.25-23.01.04:594][  0]SourceControl: Source control is disabled
[2019.01.25-23.01.04:594][  0]SourceControl: Source control is disabled
[2019.01.25-23.01.04:599][  0]SourceControl: Source control is disabled
[2019.01.25-23.01.04:603][  0]SourceControl: Source control is disabled
[2019.01.25-23.01.04:921][  0]LogAndroidPermission: UAndroidPermissionCallbackProxy::GetInstance
[2019.01.25-23.01.05:055][  0]LogOcInput: OculusInput pre-init called
[2019.01.25-23.01.05:132][  0]LogEngine: Initializing Engine...
[2019.01.25-23.01.05:134][  0]LogHMD: Failed to initialize OpenVR with code 110
[2019.01.25-23.01.05:137][  0]LogStats: UGameplayTagsManager::ConstructGameplayTagTree: ImportINI prefixes -  0.000 s
[2019.01.25-23.01.05:137][  0]LogStats: UGameplayTagsManager::ConstructGameplayTagTree: Construct from data asset -  0.000 s
[2019.01.25-23.01.05:137][  0]LogStats: UGameplayTagsManager::ConstructGameplayTagTree: ImportINI -  0.000 s
[2019.01.25-23.01.05:137][  0]LogStats: UGameplayTagsManager::ConstructGameplayTagTree: GameplayTagTreeChangedEvent.Broadcast -  0.000 s
[2019.01.25-23.01.05:404][  0]LogInit: Initializing FReadOnlyCVARCache
[2019.01.25-23.01.05:426][  0]LogAIModule: Creating AISystem for world Untitled
[2019.01.25-23.01.05:446][  0]LogInit: XAudio2 using 'Headset Earphone (Corsair VOID PRO USB Gaming Headset )' : 2 channels at 48 kHz using 16 bits per sample (channel mask 0x3)
[2019.01.25-23.01.05:469][  0]LogInit: FAudioDevice initialized.
[2019.01.25-23.01.05:469][  0]LogNetVersion: Set ProjectVersion to 1.0.0.0. Version Checksum will be recalculated on next use.
[2019.01.25-23.01.05:565][  0]LogDerivedDataCache: Saved boot cache 0.10s 71MB C:/Users/h017026h/AppData/Local/UnrealEngine/4.20/DerivedDataCache/Boot.ddc.
[2019.01.25-23.01.05:587][  0]LogInit: Texture streaming: Enabled
[2019.01.25-23.01.05:629][  0]LogEngineSessionManager: EngineSessionManager initialized
[2019.01.25-23.01.05:647][  0]LogInit: Transaction tracking system initialized
[2019.01.25-23.01.05:710][  0]BlueprintLog: New page: Editor Load
[2019.01.25-23.01.05:901][  0]LocalizationService: Localization service is disabled
[2019.01.25-23.01.06:285][  0]LogCook: Display: Max memory allowance for cook 16384mb min free memory 0mb
[2019.01.25-23.01.06:286][  0]LogCook: Display: Mobile HDR setting 1
[2019.01.25-23.01.06:286][  0]LogGameplayTags: Display: UGameplayTagsManager::DoneAddingNativeTags. DelegateIsBound: 0
[2019.01.25-23.01.06:286][  0]LogStats: UGameplayTagsManager::ConstructGameplayTagTree: ImportINI prefixes -  0.000 s
[2019.01.25-23.01.06:286][  0]LogStats: UGameplayTagsManager::ConstructGameplayTagTree: Construct from data asset -  0.000 s
[2019.01.25-23.01.06:286][  0]LogStats: UGameplayTagsManager::ConstructGameplayTagTree: ImportINI -  0.000 s
[2019.01.25-23.01.06:286][  0]LogStats: UGameplayTagsManager::ConstructGameplayTagTree: GameplayTagTreeChangedEvent.Broadcast -  0.000 s
[2019.01.25-23.01.06:520][  0]LogFileCache: Scanning file cache for directory 'C:/Users/h017026h/Documents/Game Jame/GGJ2019/GGJ2019/Content/' took 0.02s
[2019.01.25-23.01.06:536][  0]SourceControl: Source control is disabled
[2019.01.25-23.01.06:537][  0]Cmd: MAP LOAD FILE="../../../../../../Users/h017026h/Documents/Game Jame/GGJ2019/GGJ2019/Content/GameLevel.umap" TEMPLATE=0 SHOWPROGRESS=1 FEATURELEVEL=3
[2019.01.25-23.01.06:538][  0]LightingResults: New page: Lighting Build
[2019.01.25-23.01.06:544][  0]MapCheck: New page: Map Check
[2019.01.25-23.01.06:544][  0]LightingResults: New page: Lighting Build
[2019.01.25-23.01.06:895][  0]LogAIModule: Creating AISystem for world GameLevel
[2019.01.25-23.01.06:911][  0]LogEditorServer: Finished looking for orphan Actors (0.000 secs)
[2019.01.25-23.01.06:942][  0]Cmd: MAP CHECKDEP NOCLEARLOG
[2019.01.25-23.01.07:139][  0]MapCheck: Map check complete: 0 Error(s), 0 Warning(s), took 195.954ms to complete.
[2019.01.25-23.01.07:139][  0]LogFileHelpers: Loading map 'GameLevel' took 0.602
[2019.01.25-23.01.07:271][  0]LogSlate: Updating window title bar state: overlay mode, drag disabled, window buttons hidden, title bar hidden
[2019.01.25-23.01.07:281][  0]LogSlate: Updating window title bar state: overlay mode, drag disabled, window buttons hidden, title bar hidden
[2019.01.25-23.01.07:289][  0]LogSlate: Updating window title bar state: overlay mode, drag disabled, window buttons hidden, title bar hidden
[2019.01.25-23.01.07:297][  0]LogSlate: Updating window title bar state: overlay mode, drag disabled, window buttons hidden, title bar hidden
[2019.01.25-23.01.07:310][  0]LogCollectionManager: Loaded 0 collections in 0.004720 seconds
[2019.01.25-23.01.07:363][  0]LogFileCache: Scanning file cache for directory 'C:/Users/h017026h/Documents/Game Jame/GGJ2019/GGJ2019/Saved/Collections/' took 0.01s
[2019.01.25-23.01.07:363][  0]LogFileCache: Scanning file cache for directory 'C:/Users/h017026h/Documents/Game Jame/GGJ2019/GGJ2019/Content/Developers/h017026h/Collections/' took 0.01s
[2019.01.25-23.01.07:363][  0]LogFileCache: Scanning file cache for directory 'C:/Users/h017026h/Documents/Game Jame/GGJ2019/GGJ2019/Content/Collections/' took 0.01s
[2019.01.25-23.01.07:364][  0]LogCollectionManager: Rebuilt the GUID cache for 0 collections in 0.000000 seconds
[2019.01.25-23.01.07:376][  0]LogContentBrowser: Native class hierarchy populated in 0.0117 seconds. Added 2579 classes and 606 folders.
[2019.01.25-23.01.07:388][  0]LogContentBrowser: Native class hierarchy updated for 'WidgetCarousel' in 0.0005 seconds. Added 0 classes and 0 folders.
[2019.01.25-23.01.07:482][  0]LogContentBrowser: Native class hierarchy updated for 'AddContentDialog' in 0.0005 seconds. Added 0 classes and 0 folders.
[2019.01.25-23.01.07:491][  0]LogContentBrowser: Native class hierarchy updated for 'SceneOutliner' in 0.0005 seconds. Added 1 classes and 2 folders.
[2019.01.25-23.01.07:523][  0]LogSlate: Took 0.000287 seconds to synchronously load lazily loaded font '../../../Engine/Content/Slate/Fonts/Roboto-Regular.ttf' (155K)
[2019.01.25-23.01.07:527][  0]LogSlate: Took 0.000314 seconds to synchronously load lazily loaded font '../../../Engine/Content/Slate/Fonts/Roboto-Bold.ttf' (160K)
[2019.01.25-23.01.07:534][  0]LogSlate: Took 0.000302 seconds to synchronously load lazily loaded font '../../../Engine/Content/Editor/Slate/Fonts/FontAwesome.ttf' (139K)
[2019.01.25-23.01.07:622][  0]LogRenderer: Reallocating scene render targets to support 1208x576 Format 10 NumSamples 1 (Frame:1).
[2019.01.25-23.01.07:680][  0]LogSlate: Took 0.000218 seconds to synchronously load lazily loaded font '../../../Engine/Content/Slate/Fonts/Roboto-Light.ttf' (167K)
[2019.01.25-23.01.07:801][  0]LogSlate: FSceneViewport::OnFocusLost() reason 2
[2019.01.25-23.01.07:823][  0]LogSlate: Window 'Tutorials' being destroyed
[2019.01.25-23.01.07:864][  0]LogContentBrowser: Native class hierarchy updated for 'HierarchicalLODOutliner' in 0.0006 seconds. Added 0 classes and 0 folders.
[2019.01.25-23.01.07:864][  0]LogLoad: (Engine Initialization) Total time: 13.95 seconds
[2019.01.25-23.01.07:864][  0]LogLoad: (Engine Initialization) Total Blueprint compile time: 0.00 seconds
[2019.01.25-23.01.07:874][  0]LogWindowsTextInputMethodSystem: Display: IME system now deactivated.
[2019.01.25-23.01.07:911][  0]LogContentStreaming: Texture pool size now 1000 MB
[2019.01.25-23.01.07:939][  1]LogFileCache: Retrieving MD5 hashes for directory 'C:/Users/h017026h/Documents/Game Jame/GGJ2019/GGJ2019/Content/' took 0.05s
[2019.01.25-23.01.07:950][  1]LogAssetRegistry: Asset discovery search completed in 6.5817 seconds
[2019.01.25-23.01.07:953][  1]LogCollectionManager: Rebuilt the object cache for 0 collections in 0.000000 seconds (found 0 objects)
[2019.01.25-23.01.07:953][  1]LogCollectionManager: Fixed up redirectors for 0 collections in 0.000133 seconds (updated 0 objects)
[2019.01.25-23.01.10:508][287]LogSlate: FSceneViewport::OnFocusLost() reason 0
[2019.01.25-23.01.10:599][298]LogTemp: Repeating last play command: Selected Viewport
[2019.01.25-23.01.10:626][298]LogPlayLevel: PlayLevel: No blueprints needed recompiling
[2019.01.25-23.01.10:640][298]PIE: New page: PIE session: GameLevel (25 Jan 2019 23:01:10)
[2019.01.25-23.01.10:641][298]LogPlayLevel: Creating play world package: /Game/UEDPIE_0_GameLevel
[2019.01.25-23.01.10:658][298]LogPlayLevel: PIE: StaticDuplicateObject took: (0.017156s)
[2019.01.25-23.01.10:659][298]LogAIModule: Creating AISystem for world GameLevel
[2019.01.25-23.01.10:659][298]LogPlayLevel: PIE: World Init took: (0.001279s)
[2019.01.25-23.01.10:659][298]LogPlayLevel: PIE: Created PIE world by copying editor world from /Game/GameLevel.GameLevel to /Game/UEDPIE_0_GameLevel.GameLevel (0.018867s)
[2019.01.25-23.01.10:695][298]LogInit: XAudio2 using 'Headset Earphone (Corsair VOID PRO USB Gaming Headset )' : 2 channels at 48 kHz using 16 bits per sample (channel mask 0x3)
[2019.01.25-23.01.10:709][298]LogInit: FAudioDevice initialized.
[2019.01.25-23.01.10:803][298]LogLoad: Game class is 'GGJ2019GM_C'
[2019.01.25-23.01.10:807][298]LogWorld: Bringing World /Game/UEDPIE_0_GameLevel.GameLevel up for play (max tick rate 0) at 2019.01.25-23.01.10
[2019.01.25-23.01.10:808][298]LogWorld: Bringing up level for play took: 0.002414
[2019.01.25-23.01.10:831][298]LogContentBrowser: Native class hierarchy updated for 'MovieSceneCapture' in 0.0005 seconds. Added 10 classes and 0 folders.
[2019.01.25-23.01.10:834][298]PIE: Play in editor start time for /Game/UEDPIE_0_GameLevel 1.077
[2019.01.25-23.01.13:159][561]LogSlate: Updating window title bar state: overlay mode, drag disabled, window buttons hidden, title bar hidden
[2019.01.25-23.01.13:201][561]LogPlayLevel: Display: Shutting down PIE online subsystems
[2019.01.25-23.01.13:226][561]LogSlate: Updating window title bar state: overlay mode, drag disabled, window buttons hidden, title bar hidden
[2019.01.25-23.01.13:261][564]LogPlayLevel: Display: Destroying online subsystem :Context_2
[2019.01.25-23.01.19:756][324]LogSlate: Window 'GGJ2019 - Unreal Editor' being destroyed
[2019.01.25-23.01.19:757][324]LogWindowsTextInputMethodSystem: Display: IME system now deactivated.
[2019.01.25-23.01.19:975][325]Cmd: QUIT_EDITOR
[2019.01.25-23.01.20:636][325]LogExit: Preparing to exit.
[2019.01.25-23.01.20:930][325]LogExit: Editor shut down
[2019.01.25-23.01.20:930][325]LogExit: Transaction tracking system shut down
[2019.01.25-23.01.21:639][325]LogExit: Object subsystem successfully closed.
[2019.01.25-23.01.21:674][325]LogShaderCompilers: Display: Shaders left to compile 0
[2019.01.25-23.01.21:678][325]LogD3D11RHI: Shutdown
[2019.01.25-23.01.21:678][325]LogD3D11RHI: CleanupD3DDevice
[2019.01.25-23.01.21:680][325]LogD3D11RHI: ~FD3D11DynamicRHI
[2019.01.25-23.01.21:720][325]LogModuleManager: Shutting down and abandoning module MovieSceneCapture (616)
[2019.01.25-23.01.21:720][325]LogModuleManager: Shutting down and abandoning module Voice (614)
[2019.01.25-23.01.21:720][325]LogModuleManager: Shutting down and abandoning module HierarchicalLODOutliner (612)
[2019.01.25-23.01.21:720][325]LogModuleManager: Shutting down and abandoning module SceneOutliner (610)
[2019.01.25-23.01.21:720][325]LogModuleManager: Shutting down and abandoning module AddContentDialog (608)
[2019.01.25-23.01.21:720][325]LogModuleManager: Shutting down and abandoning module WidgetCarousel (607)
[2019.01.25-23.01.21:721][325]LogModuleManager: Shutting down and abandoning module EditorWidgets (604)
[2019.01.25-23.01.21:721][325]LogModuleManager: Shutting down and abandoning module CollectionManager (602)
[2019.01.25-23.01.21:721][325]LogModuleManager: Shutting down and abandoning module StatsViewer (600)
[2019.01.25-23.01.21:721][325]LogModuleManager: Shutting down and abandoning module FoliageEdit (598)
[2019.01.25-23.01.21:721][325]LogModuleManager: Shutting down and abandoning module LandscapeEditor (596)
[2019.01.25-23.01.21:721][325]LogModuleManager: Shutting down and abandoning module MeshPaintMode (594)
[2019.01.25-23.01.21:721][325]LogModuleManager: Shutting down and abandoning module SceneDepthPickerMode (592)
[2019.01.25-23.01.21:721][325]LogModuleManager: Shutting down and abandoning module ActorPickerMode (590)
[2019.01.25-23.01.21:722][325]LogModuleManager: Shutting down and abandoning module GeometryMode (588)
[2019.01.25-23.01.21:722][325]LogModuleManager: Shutting down and abandoning module TextureAlignMode (586)
[2019.01.25-23.01.21:722][325]LogModuleManager: Shutting down and abandoning module BspMode (584)
[2019.01.25-23.01.21:722][325]LogModuleManager: Shutting down and abandoning module PIEPreviewDeviceProfileSelector (582)
[2019.01.25-23.01.21:722][325]LogModuleManager: Shutting down and abandoning module SequenceRecorderSections (580)
[2019.01.25-23.01.21:722][325]LogModuleManager: Shutting down and abandoning module AutomationWorker (578)
[2019.01.25-23.01.21:722][325]LogModuleManager: Shutting down and abandoning module AudioCaptureEditor (576)
[2019.01.25-23.01.21:722][325]LogModuleManager: Shutting down and abandoning module SequenceRecorder (575)
[2019.01.25-23.01.21:722][325]LogModuleManager: Shutting down and abandoning module MatineeToLevelSequence (572)
[2019.01.25-23.01.21:723][325]LogModuleManager: Shutting down and abandoning module LevelSequenceEditor (570)
[2019.01.25-23.01.21:723][325]LogModuleManager: Shutting down and abandoning module PlacementMode (569)
[2019.01.25-23.01.21:723][325]LogModuleManager: Shutting down and abandoning module MaterialEditor (568)
[2019.01.25-23.01.21:723][325]LogModuleManager: Shutting down and abandoning module WmfMediaFactory (564)
[2019.01.25-23.01.21:723][325]LogModuleManager: Shutting down and abandoning module WmfMediaEditor (562)
[2019.01.25-23.01.21:723][325]LogModuleManager: Shutting down and abandoning module MediaPlayerEditor (560)
[2019.01.25-23.01.21:723][325]LogModuleManager: Shutting down and abandoning module OpenExrWrapper (558)
[2019.01.25-23.01.21:723][325]LogModuleManager: Shutting down and abandoning module ImgMediaFactory (556)
[2019.01.25-23.01.21:723][325]LogModuleManager: Shutting down and abandoning module ImgMediaEditor (554)
[2019.01.25-23.01.21:724][325]LogModuleManager: Shutting down and abandoning module AvfMediaFactory (552)
[2019.01.25-23.01.21:724][325]LogModuleManager: Shutting down and abandoning module AvfMediaEditor (550)
[2019.01.25-23.01.21:724][325]LogModuleManager: Shutting down and abandoning module AndroidMediaFactory (548)
[2019.01.25-23.01.21:724][325]LogModuleManager: Shutting down and abandoning module AndroidMediaEditor (546)
[2019.01.25-23.01.21:724][325]LogModuleManager: Shutting down and abandoning module MagicLeapCameraPreviewFactory (544)
[2019.01.25-23.01.21:724][325]LogModuleManager: Shutting down and abandoning module MagicLeapMediaFactory (542)
[2019.01.25-23.01.21:724][325]LogModuleManager: Shutting down and abandoning module MagicLeapMediaEditor (540)
[2019.01.25-23.01.21:724][325]LogModuleManager: Shutting down and abandoning module CharacterAI (538)
[2019.01.25-23.01.21:724][325]LogModuleManager: Shutting down and abandoning module SmartSnapping (536)
[2019.01.25-23.01.21:724][325]LogModuleManager: Shutting down and abandoning module SessionServices (534)
[2019.01.25-23.01.21:724][325]LogModuleManager: Shutting down and abandoning module ViewportSnapping (532)
[2019.01.25-23.01.21:724][325]LogModuleManager: Shutting down and abandoning module ViewportInteraction (530)
[2019.01.25-23.01.21:725][325]LogModuleManager: Shutting down and abandoning module ClothPainter (528)
[2019.01.25-23.01.21:725][325]LogModuleManager: Shutting down and abandoning module SkeletalMeshEditor (527)
[2019.01.25-23.01.21:725][325]LogModuleManager: Shutting down and abandoning module LogVisualizer (524)
[2019.01.25-23.01.21:725][325]LogModuleManager: Shutting down and abandoning module IntroTutorials (522)
[2019.01.25-23.01.21:725][325]LogModuleManager: Shutting down and abandoning module GameProjectGeneration (521)
[2019.01.25-23.01.21:725][325]LogModuleManager: Shutting down and abandoning module LuminPlatformEditor (518)
[2019.01.25-23.01.21:725][325]LogModuleManager: Shutting down and abandoning module IOSPlatformEditor (516)
[2019.01.25-23.01.21:725][325]LogModuleManager: Shutting down and abandoning module HTML5PlatformEditor (514)
[2019.01.25-23.01.21:725][325]LogModuleManager: Shutting down and abandoning module AndroidPlatformEditor (512)
[2019.01.25-23.01.21:725][325]LogModuleManager: Shutting down and abandoning module AndroidDeviceDetection (511)
[2019.01.25-23.01.22:165][325]LogModuleManager: Shutting down and abandoning module WindowsPlatformEditor (508)
[2019.01.25-23.01.22:165][325]LogModuleManager: Shutting down and abandoning module LuminRuntimeSettings (506)
[2019.01.25-23.01.22:166][325]LogModuleManager: Shutting down and abandoning module IOSRuntimeSettings (504)
[2019.01.25-23.01.22:166][325]LogModuleManager: Shutting down and abandoning module AndroidRuntimeSettings (502)
[2019.01.25-23.01.22:166][325]LogModuleManager: Shutting down and abandoning module InputBindingEditor (500)
[2019.01.25-23.01.22:166][325]LogModuleManager: Shutting down and abandoning module MergeActors (498)
[2019.01.25-23.01.22:166][325]LogModuleManager: Shutting down and abandoning module LocalizationDashboard (496)
[2019.01.25-23.01.22:166][325]LogModuleManager: Shutting down and abandoning module LocalizationService (495)
[2019.01.25-23.01.22:166][325]LogModuleManager: Shutting down and abandoning module HardwareTargeting (492)
[2019.01.25-23.01.22:167][325]LogModuleManager: Shutting down and abandoning module DeviceProfileEditor (490)
[2019.01.25-23.01.22:167][325]LogModuleManager: Shutting down and abandoning module UndoHistory (488)
[2019.01.25-23.01.22:167][325]LogModuleManager: Shutting down and abandoning module XmlParser (486)
[2019.01.25-23.01.22:167][325]LogModuleManager: Shutting down and abandoning module Blutility (484)
[2019.01.25-23.01.22:167][325]LogModuleManager: Shutting down and abandoning module ProjectSettingsViewer (482)
[2019.01.25-23.01.22:167][325]LogModuleManager: Shutting down and abandoning module ProjectTargetPlatformEditor (481)
[2019.01.25-23.01.22:168][325]LogModuleManager: Shutting down and abandoning module EditorSettingsViewer (478)
[2019.01.25-23.01.22:168][325]LogModuleManager: Shutting down and abandoning module SettingsEditor (476)
[2019.01.25-23.01.22:168][325]LogModuleManager: Shutting down and abandoning module ProjectLauncher (474)
[2019.01.25-23.01.22:168][325]LogModuleManager: Shutting down and abandoning module SessionFrontend (472)
[2019.01.25-23.01.22:168][325]LogModuleManager: Shutting down and abandoning module ProfilerClient (470)
[2019.01.25-23.01.22:169][325]LogModuleManager: Shutting down and abandoning module DeviceManager (468)
[2019.01.25-23.01.22:169][325]LogModuleManager: Shutting down and abandoning module TargetDeviceServices (467)
