Log file open, 01/27/19 14:32:37
LogWindows: Failed to load 'aqProf.dll' (GetLastError=126)
LogWindows: File 'aqProf.dll' does not exist
LogWindows: Failed to load 'VSPerf140.dll' (GetLastError=126)
LogWindows: File 'VSPerf140.dll' does not exist
LogWindows: Failed to load 'VtuneApi.dll' (GetLastError=126)
LogWindows: File 'VtuneApi.dll' does not exist
LogWindows: Failed to load 'VtuneApi32e.dll' (GetLastError=126)
LogWindows: File 'VtuneApi32e.dll' does not exist
LogInit: Display: Running engine for game: GGJ2019
LogPlatformFile: Not using cached read wrapper
LogTaskGraph: Started task graph with 5 named threads and 23 total threads with 3 sets of task threads.
LogStats: Stats thread started at 0.569419
LogD3D11RHI: Loaded GFSDK_Aftermath_Lib.x64.dll
LogICUInternationalization: Display: ICU TimeZone Detection - Raw Offset: +0:00, Platform Override: ''
LogPluginManager: Mounting plugin Paper2D
LogPluginManager: Mounting plugin AISupport
LogPluginManager: Mounting plugin LightPropagationVolume
LogPluginManager: Mounting plugin CLionSourceCodeAccess
LogPluginManager: Mounting plugin CodeLiteSourceCodeAccess
LogPluginManager: Mounting plugin GitSourceControl
LogPluginManager: Mounting plugin KDevelopSourceCodeAccess
LogPluginManager: Mounting plugin NullSourceCodeAccess
LogPluginManager: Mounting plugin PerforceSourceControl
LogPluginManager: Mounting plugin SubversionSourceControl
LogPluginManager: Mounting plugin UObjectPlugin
LogPluginManager: Mounting plugin VisualStudioCodeSourceCodeAccess
LogPluginManager: Mounting plugin VisualStudioSourceCodeAccess
LogPluginManager: Mounting plugin XCodeSourceCodeAccess
LogPluginManager: Mounting plugin AssetManagerEditor
LogPluginManager: Mounting plugin CryptoKeys
LogPluginManager: Mounting plugin DataValidation
LogPluginManager: Mounting plugin FacialAnimation
LogPluginManager: Mounting plugin GameplayTagsEditor
LogPluginManager: Mounting plugin MacGraphicsSwitching
LogPluginManager: Mounting plugin MeshEditor
LogPluginManager: Mounting plugin MobileLauncherProfileWizard
LogPluginManager: Mounting plugin PluginBrowser
LogPluginManager: Mounting plugin SpeedTreeImporter
LogPluginManager: Mounting plugin DatasmithContent
LogPluginManager: Mounting plugin AlembicImporter
LogPluginManager: Mounting plugin AppleImageUtils
LogPluginManager: Mounting plugin AppleVision
LogPluginManager: Mounting plugin BackChannel
LogPluginManager: Mounting plugin CharacterAI
LogPluginManager: Mounting plugin GeometryCache
LogPluginManager: Mounting plugin HTML5Networking
LogPluginManager: Mounting plugin ProxyLODPlugin
LogPluginManager: Mounting plugin MagicLeap
LogPluginManager: Mounting plugin MagicLeapEmulator
LogPluginManager: Mounting plugin MagicLeapMedia
LogPluginManager: Mounting plugin AndroidMedia
LogPluginManager: Mounting plugin AvfMedia
LogPluginManager: Mounting plugin ImgMedia
LogPluginManager: Mounting plugin LinearTimecode
LogPluginManager: Mounting plugin MediaCompositing
LogPluginManager: Mounting plugin MediaPlayerEditor
LogPluginManager: Mounting plugin WmfMedia
LogPluginManager: Mounting plugin TcpMessaging
LogPluginManager: Mounting plugin UdpMessaging
LogPluginManager: Mounting plugin ActorSequence
LogPluginManager: Mounting plugin LevelSequenceEditor
LogPluginManager: Mounting plugin MatineeToLevelSequence
LogPluginManager: Mounting plugin NetcodeUnitTest
LogPluginManager: Mounting plugin NUTUnrealEngine4
LogPluginManager: Mounting plugin OnlineSubsystemGooglePlay
LogPluginManager: Mounting plugin OnlineSubsystemIOS
LogPluginManager: Mounting plugin OnlineSubsystem
LogPluginManager: Mounting plugin OnlineSubsystemNull
LogPluginManager: Mounting plugin OnlineSubsystemUtils
LogPluginManager: Mounting plugin LauncherChunkInstaller
LogPluginManager: Mounting plugin AndroidDeviceProfileSelector
LogPluginManager: Mounting plugin AndroidMoviePlayer
LogPluginManager: Mounting plugin AndroidPermission
LogPluginManager: Mounting plugin AppleMoviePlayer
LogPluginManager: Mounting plugin ArchVisCharacter
LogPluginManager: Mounting plugin AudioCapture
LogPluginManager: Mounting plugin CableComponent
LogPluginManager: Mounting plugin CustomMeshComponent
LogPluginManager: Mounting plugin EditableMesh
LogPluginManager: Mounting plugin ExampleDeviceProfileSelector
LogPluginManager: Mounting plugin GoogleCloudMessaging
LogPluginManager: Mounting plugin ImmediatePhysics
LogPluginManager: Mounting plugin IOSDeviceProfileSelector
LogPluginManager: Mounting plugin LinuxDeviceProfileSelector
LogPluginManager: Mounting plugin LocationServicesBPLibrary
LogPluginManager: Mounting plugin MobilePatchingUtils
LogPluginManager: Mounting plugin OculusVR
LogPluginManager: Plugin shader directory ../../../Engine/Plugins/Runtime/Oculus/OculusVR/Shaders found
LogPluginManager: Mapping shader source directory ../../../Engine/Plugins/Runtime/Oculus/OculusVR/Shaders to virtual directory /Plugin/OculusVR
LogPluginManager: Mounting plugin PhysXVehicles
LogPluginManager: Mounting plugin ProceduralMeshComponent
LogPluginManager: Mounting plugin RuntimePhysXCooking
LogPluginManager: Mounting plugin SteamVR
LogPluginManager: Mounting plugin WindowsMoviePlayer
LogStreaming: Display: Took  0.295s to configure plugins.
LogInit: Using libcurl 7.55.1-DEV
LogInit:  - built for x86_64-pc-win32
LogInit:  - supports SSL with OpenSSL/1.0.2h
LogInit:  - supports HTTP deflate (compression) using libz 1.2.8
LogInit:  - other features:
LogInit:      CURL_VERSION_SSL
LogInit:      CURL_VERSION_LIBZ
LogInit:      CURL_VERSION_IPV6
LogInit:      CURL_VERSION_ASYNCHDNS
LogInit:      CURL_VERSION_LARGEFILE
LogInit:      CURL_VERSION_IDN
LogInit:  CurlRequestOptions (configurable via config and command line):
LogInit:  - bVerifyPeer = false  - Libcurl will NOT verify peer certificate
LogInit:  - bUseHttpProxy = false  - Libcurl will NOT use HTTP proxy
LogInit:  - bDontReuseConnections = false  - Libcurl will reuse connections
LogInit:  - CertBundlePath = nullptr  - Libcurl will use whatever was configured at build time.
LogInit:  - MaxHostConnections = 16  - Libcurl will limit the number of connections to a host
LogInit:  - LocalHostAddr = Default
LogInit:  - BufferSize = 65536
LogInit: WinSock: version 1.1 (2.2), MaxSocks=32767, MaxUdp=65467
LogInit: Build: ++UE4+Release-4.20-CL-4369336
LogInit: Engine Version: 4.20.3-4369336+++UE4+Release-4.20
LogInit: Compatible Engine Version: 4.20.0-4212847+++UE4+Release-4.20
LogInit: Net CL: 4212847
LogInit: OS: Windows 10 (), CPU: Intel(R) Xeon(R) CPU E5-1620 v3 @ 3.50GHz, GPU: NVIDIA GeForce GTX 970
LogInit: Compiled (64-bit): Sep 17 2018 12:26:19
LogInit: Compiled with Visual C++: 19.13.26129.00
LogInit: Build Configuration: Development
LogInit: Branch Name: ++UE4+Release-4.20
LogInit: Command Line:  -skipcompile
LogInit: Base Directory: C:/Epic/UE4/UE_4.20/Engine/Binaries/Win64/
LogInit: Installed Engine Build: 1
LogDevObjectVersion: Number of dev versions registered: 20
LogDevObjectVersion:   Dev-Blueprints (B0D832E4-1F89-4F0D-ACCF-7EB736FD4AA2): 10
LogDevObjectVersion:   Dev-Build (E1C64328-A22C-4D53-A36C-8E866417BD8C): 0
LogDevObjectVersion:   Dev-Core (375EC13C-06E4-48FB-B500-84F0262A717E): 2
LogDevObjectVersion:   Dev-Editor (E4B068ED-F494-42E9-A231-DA0B2E46BB41): 24
LogDevObjectVersion:   Dev-Framework (CFFC743F-43B0-4480-9391-14DF171D2073): 34
LogDevObjectVersion:   Dev-Mobile (B02B49B5-BB20-44E9-A304-32B752E40360): 2
LogDevObjectVersion:   Dev-Networking (A4E4105C-59A1-49B5-A7C5-40C4547EDFEE): 0
LogDevObjectVersion:   Dev-Online (39C831C9-5AE6-47DC-9A44-9C173E1C8E7C): 0
LogDevObjectVersion:   Dev-Physics (78F01B33-EBEA-4F98-B9B4-84EACCB95AA2): 0
LogDevObjectVersion:   Dev-Platform (6631380F-2D4D-43E0-8009-CF276956A95A): 0
LogDevObjectVersion:   Dev-Rendering (12F88B9F-8875-4AFC-A67C-D90C383ABD29): 26
LogDevObjectVersion:   Dev-Sequencer (7B5AE74C-D270-4C10-A958-57980B212A5A): 9
LogDevObjectVersion:   Dev-VR (D7296918-1DD6-4BDD-9DE2-64A83CC13884): 2
LogDevObjectVersion:   Dev-LoadTimes (C2A15278-BFE7-4AFE-6C17-90FF531DF755): 1
LogDevObjectVersion:   Private-Geometry (6EACA3D4-40EC-4CC1-B786-8BED09428FC5): 3
LogDevObjectVersion:   Dev-AnimPhys (29E575DD-E0A3-4627-9D10-D276232CDCEA): 17
LogDevObjectVersion:   Dev-ReflectionCapture (6B266CEC-1EC7-4B8F-A30B-E4D90942FC07): 1
LogDevObjectVersion:   Dev-Automation (0DF73D61-A23F-47EA-B727-89E90C41499A): 1
LogDevObjectVersion:   FortniteMain (601D1886-AC64-4F84-AA16-D3DE0DEAC7D6): 12
LogDevObjectVersion:   Dev-Enterprise (9DFFBCD6-494F-0158-E221-12823C92A888): 1
LogStreaming: Display: Took  0.013s to delete old logs.
LogInit: Presizing for max 8388607 objects, including 0 objects not considered by GC, pre-allocating 0 bytes for permanent pool.
LogInit: Object subsystem initialized
[2019.01.27-14.32.38:266][  0]LogInit: Selected Device Profile: [Windows]
[2019.01.27-14.32.38:266][  0]LogInit: Applying CVar settings loaded from the selected device profile: [Windows]
[2019.01.27-14.32.38:289][  0]LogHAL: Display: Platform has ~ 16 GB [17092038656 / 17179869184 / 16], which maps to Larger [LargestMinGB=32, LargerMinGB=12, DefaultMinGB=8, SmallerMinGB=6, SmallestMinGB=0)
[2019.01.27-14.32.38:289][  0]LogInit: Setting Device Profile CVar: [[r.Vulkan.UseRealUBs:1]]
[2019.01.27-14.32.38:289][  0]LogInit: Going up to parent DeviceProfile []
[2019.01.27-14.32.38:290][  0]LogInit: Computer: C115-8
[2019.01.27-14.32.38:290][  0]LogInit: User: p018236h
[2019.01.27-14.32.38:290][  0]LogInit: CPU Page size=4096, Cores=4
[2019.01.27-14.32.38:290][  0]LogInit: High frequency timer resolution =3.410072 MHz
[2019.01.27-14.32.38:290][  0]LogMemory: Memory total: Physical=15.9GB (16GB approx)
[2019.01.27-14.32.38:290][  0]LogMemory: Platform Memory Stats for Windows
[2019.01.27-14.32.38:290][  0]LogMemory: Process Physical Memory: 103.30 MB used, 103.30 MB peak
[2019.01.27-14.32.38:290][  0]LogMemory: Process Virtual Memory: 101.88 MB used, 101.88 MB peak
[2019.01.27-14.32.38:290][  0]LogMemory: Physical Memory: 6197.88 MB used,  10102.36 MB free, 16300.24 MB total
[2019.01.27-14.32.38:291][  0]LogMemory: Virtual Memory: 4651.15 MB used,  10102.36 MB free, 134217728.00 MB total
[2019.01.27-14.32.38:418][  0]LogInit: Using OS detected language (en-US).
[2019.01.27-14.32.38:418][  0]LogInit: Using OS detected locale (en-GB).
[2019.01.27-14.32.38:421][  0]LogTextLocalizationManager: No specific localization for 'en-US' exists, so the 'en' localization will be used.
[2019.01.27-14.32.38:846][  0]LogStreaming: Display: Took  0.428s to InitEngineTextLocalization.
[2019.01.27-14.32.38:846][  0]LogInit: Setting process to per monitor DPI aware
[2019.01.27-14.32.38:907][  0]LogSlate: New Slate User Created.  User Index 0, Is Virtual User: 0
[2019.01.27-14.32.38:907][  0]LogSlate: Slate User Registered.  User Index 0, Is Virtual User: 0
[2019.01.27-14.32.39:238][  0]LogHMD: Failed to initialize OpenVR with code 110
[2019.01.27-14.32.39:238][  0]LogD3D11RHI: D3D11 adapters:
[2019.01.27-14.32.39:336][  0]LogD3D11RHI:    0. 'NVIDIA GeForce GTX 970' (Feature Level 11_0)
[2019.01.27-14.32.39:336][  0]LogD3D11RHI:       4043/0/8150 MB DedicatedVideo/DedicatedSystem/SharedSystem, Outputs:2, VendorId:0x10de
[2019.01.27-14.32.39:343][  0]LogD3D11RHI:    1. 'Microsoft Basic Render Driver' (Feature Level 11_0)
[2019.01.27-14.32.39:343][  0]LogD3D11RHI:       0/0/8150 MB DedicatedVideo/DedicatedSystem/SharedSystem, Outputs:0, VendorId:0x1414
[2019.01.27-14.32.39:343][  0]LogD3D11RHI: Chosen D3D11 Adapter: 0
[2019.01.27-14.32.39:351][  0]LogD3D11RHI: Creating new Direct3DDevice
[2019.01.27-14.32.39:351][  0]LogD3D11RHI:     GPU DeviceId: 0x13c2 (for the marketing name, search the web for "GPU Device Id")
[2019.01.27-14.32.39:351][  0]LogWindows: EnumDisplayDevices:
[2019.01.27-14.32.39:352][  0]LogWindows:    0. 'NVIDIA GeForce GTX 970' (P:1 D:1)
[2019.01.27-14.32.39:352][  0]LogWindows:    1. 'NVIDIA GeForce GTX 970' (P:0 D:1)
[2019.01.27-14.32.39:352][  0]LogWindows:    2. 'NVIDIA GeForce GTX 970' (P:0 D:0)
[2019.01.27-14.32.39:353][  0]LogWindows:    3. 'NVIDIA GeForce GTX 970' (P:0 D:0)
[2019.01.27-14.32.39:353][  0]LogWindows: DebugString: FoundDriverCount:4 
[2019.01.27-14.32.39:353][  0]LogD3D11RHI:     Adapter Name: NVIDIA GeForce GTX 970
[2019.01.27-14.32.39:353][  0]LogD3D11RHI:   Driver Version: 398.82 (internal:24.21.13.9882, unified:398.82)
[2019.01.27-14.32.39:353][  0]LogD3D11RHI:      Driver Date: 7-30-2018
[2019.01.27-14.32.39:354][  0]LogRHI: Texture pool is 2830 MB (70% of 4043 MB)
[2019.01.27-14.32.39:414][  0]LogD3D11RHI: Async texture creation enabled
[2019.01.27-14.32.39:433][  0]LogD3D11RHI: GPU Timing Frequency: 1000.000000 (Debug: 2 2)
[2019.01.27-14.32.39:478][  0]LogShaderCompilers: Guid format shader working directory is -17 characters bigger than the processId version (../../../../../../Users/p018236h.STUDENT/Documents/GameJam/GGJ2019/GGJ2019/Intermediate/Shaders/WorkingDirectory/4572/).
[2019.01.27-14.32.39:478][  0]LogShaderCompilers: Cleaned the shader compiler working directory 'C:/Users/p018236h.STUDENT/AppData/Local/Temp/UnrealShaderWorkingDir/EF3E9D334A57E05931E3AEA9FAB3CDEC/'.
[2019.01.27-14.32.39:865][  0]LogTemp: Display: Loaded TP AllDesktopTargetPlatform
[2019.01.27-14.32.39:887][  0]LogTemp: Display: Loaded TP MacClientTargetPlatform
[2019.01.27-14.32.39:909][  0]LogTemp: Display: Loaded TP MacNoEditorTargetPlatform
[2019.01.27-14.32.39:933][  0]LogTemp: Display: Loaded TP MacServerTargetPlatform
[2019.01.27-14.32.39:953][  0]LogTemp: Display: Loaded TP MacTargetPlatform
[2019.01.27-14.32.39:972][  0]LogTemp: Display: Loaded TP WindowsClientTargetPlatform
[2019.01.27-14.32.39:996][  0]LogTemp: Display: Loaded TP WindowsNoEditorTargetPlatform
[2019.01.27-14.32.40:016][  0]LogTemp: Display: Loaded TP WindowsServerTargetPlatform
[2019.01.27-14.32.40:034][  0]LogTemp: Display: Loaded TP WindowsTargetPlatform
[2019.01.27-14.32.40:178][  0]LogTemp: Display: Loaded TP AndroidTargetPlatform
[2019.01.27-14.32.40:178][  0]LogTemp: Display: Loaded TP AndroidTargetPlatform
[2019.01.27-14.32.40:178][  0]LogTemp: Display: Loaded TP AndroidTargetPlatform
[2019.01.27-14.32.40:178][  0]LogTemp: Display: Loaded TP AndroidTargetPlatform
[2019.01.27-14.32.40:178][  0]LogTemp: Display: Loaded TP AndroidTargetPlatform
[2019.01.27-14.32.40:178][  0]LogTemp: Display: Loaded TP AndroidTargetPlatform
[2019.01.27-14.32.40:178][  0]LogTemp: Display: Loaded TP AndroidTargetPlatform
[2019.01.27-14.32.40:178][  0]LogTemp: Display: Loaded TP AndroidTargetPlatform
[2019.01.27-14.32.40:178][  0]LogTemp: Display: Loaded TP AndroidTargetPlatform
[2019.01.27-14.32.40:178][  0]LogTemp: Display: Loaded TP AndroidTargetPlatform
[2019.01.27-14.32.40:178][  0]LogTemp: Display: Loaded TP AndroidTargetPlatform
[2019.01.27-14.32.40:179][  0]LogTemp: Display: Loaded TP AndroidTargetPlatform
[2019.01.27-14.32.40:179][  0]LogTemp: Display: Loaded TP AndroidTargetPlatform
[2019.01.27-14.32.40:179][  0]LogTemp: Display: Loaded TP AndroidTargetPlatform
[2019.01.27-14.32.40:179][  0]LogTemp: Display: Loaded TP AndroidTargetPlatform
[2019.01.27-14.32.40:179][  0]LogTemp: Display: Loaded TP AndroidTargetPlatform
[2019.01.27-14.32.40:179][  0]LogTemp: Display: Loaded TP AndroidTargetPlatform
[2019.01.27-14.32.40:179][  0]LogTemp: Display: Loaded TP AndroidTargetPlatform
[2019.01.27-14.32.40:184][  0]LogTemp: Display: Loaded TP HTML5TargetPlatform
[2019.01.27-14.32.40:268][  0]LogTemp: Display: Loaded TP IOSTargetPlatform
[2019.01.27-14.32.40:268][  0]LogTemp: Display: Loaded TP IOSTargetPlatform
[2019.01.27-14.32.40:310][  0]LogTemp: Display: Loaded TP TVOSTargetPlatform
[2019.01.27-14.32.40:310][  0]LogTemp: Display: Loaded TP TVOSTargetPlatform
[2019.01.27-14.32.40:332][  0]LogTemp: Display: Loaded TP LinuxClientTargetPlatform
[2019.01.27-14.32.40:353][  0]LogTemp: Display: Loaded TP LinuxNoEditorTargetPlatform
[2019.01.27-14.32.40:370][  0]LogTemp: Display: Loaded TP LinuxServerTargetPlatform
[2019.01.27-14.32.40:391][  0]LogTemp: Display: Loaded TP LinuxTargetPlatform
[2019.01.27-14.32.40:406][  0]LogTemp: Display: Loaded TP LuminTargetPlatform
[2019.01.27-14.32.40:406][  0]LogTargetPlatformManager: Display: Building Assets For Windows
[2019.01.27-14.32.40:607][  0]LogXGEController: Cleaning working directory: C:/Users/p018236h.STUDENT/AppData/Local/Temp/UnrealXGEWorkingDir/
[2019.01.27-14.32.40:607][  0]LogXGEController: Cannot use XGE Controller as Incredibuild is not installed on this machine.
[2019.01.27-14.32.40:608][  0]LogShaderCompilers: Cannot use XGE Shader Compiler as Incredibuild is not installed on this machine.
[2019.01.27-14.32.40:608][  0]LogShaderCompilers: Display: Using Local Shader Compiler.
[2019.01.27-14.32.41:887][  0]LogDerivedDataCache: Display: Max Cache Size: 512 MB
[2019.01.27-14.32.41:995][  0]LogDerivedDataCache: Loaded boot cache 0.11s 73MB C:/Users/p018236h.STUDENT/AppData/Local/UnrealEngine/4.20/DerivedDataCache/Boot.ddc.
[2019.01.27-14.32.41:995][  0]LogDerivedDataCache: Display: Loaded Boot cache: C:/Users/p018236h.STUDENT/AppData/Local/UnrealEngine/4.20/DerivedDataCache/Boot.ddc
[2019.01.27-14.32.41:996][  0]LogDerivedDataCache: FDerivedDataBackendGraph:  Pak pak cache file ../../../../../../Users/p018236h.STUDENT/Documents/GameJam/GGJ2019/GGJ2019/DerivedDataCache/DDC.ddp not found, will not use a pak cache.
[2019.01.27-14.32.41:996][  0]LogDerivedDataCache: Unable to find inner node Pak for hierarchical cache Hierarchy.
[2019.01.27-14.32.41:996][  0]LogDerivedDataCache: FDerivedDataBackendGraph:  CompressedPak pak cache file ../../../../../../Users/p018236h.STUDENT/Documents/GameJam/GGJ2019/GGJ2019/DerivedDataCache/Compressed.ddp not found, will not use a pak cache.
[2019.01.27-14.32.41:996][  0]LogDerivedDataCache: Unable to find inner node CompressedPak for hierarchical cache Hierarchy.
[2019.01.27-14.32.42:009][  0]LogDerivedDataCache: Display: Pak cache opened for reading ../../../Engine/DerivedDataCache/Compressed.ddp.
[2019.01.27-14.32.42:023][  0]LogDerivedDataCache: Using Local data cache path C:/Users/p018236h.STUDENT/AppData/Local/UnrealEngine/Common/DerivedDataCache: Writable
[2019.01.27-14.32.42:023][  0]LogDerivedDataCache: Shared data cache path not found in *engine.ini, will not use an Shared cache.
[2019.01.27-14.32.42:023][  0]LogDerivedDataCache: Unable to find inner node Shared for hierarchical cache Hierarchy.
[2019.01.27-14.32.42:044][  0]LogMaterial: Verifying Global Shaders for PCD3D_SM5
[2019.01.27-14.32.42:045][  0]LogSlate: Using FreeType 2.6.0
[2019.01.27-14.32.42:046][  0]LogSlate: SlateFontServices - WITH_FREETYPE: 1, WITH_HARFBUZZ: 1
[2019.01.27-14.32.42:140][  0]LogAssetRegistry: FAssetRegistry took 0.0288 seconds to start up
[2019.01.27-14.32.42:638][  0]LogInit: Selected Device Profile: [Windows]
[2019.01.27-14.32.42:845][  0]LogSimplygon: Simplygon DLL not present - disabling.
[2019.01.27-14.32.42:859][  0]LogMeshReduction: Using SimplygonSwarm for distributed automatic mesh merging
[2019.01.27-14.32.42:859][  0]LogMeshReduction: Using ProxyLODMeshReduction for automatic mesh merging
[2019.01.27-14.32.42:859][  0]LogMeshReduction: Using QuadricMeshReduction for automatic static mesh reduction
[2019.01.27-14.32.42:859][  0]LogMeshReduction: No automatic skeletal mesh reduction module available
[2019.01.27-14.32.42:885][  0]LogNetVersion: GGJ2019 1.0.0, NetCL: 4212847, EngineNetVer: 5, GameNetVer: 0 (Checksum: 54619999)
[2019.01.27-14.32.43:666][  0]LogPackageLocalizationCache: Processed 11 localized package path(s) for 2 prioritized culture(s) in 0.263196 seconds
[2019.01.27-14.32.43:676][  0]LogUObjectArray: 38425 objects as part of root set at end of initial load.
[2019.01.27-14.32.43:676][  0]LogUObjectAllocator: 6690872 out of 0 bytes used by permanent object pool.
[2019.01.27-14.32.43:676][  0]LogUObjectArray: CloseDisregardForGC: 0/0 objects in disregard for GC pool
[2019.01.27-14.32.44:963][  0]LogTcpMessaging: Initializing TcpMessaging bridge
[2019.01.27-14.32.44:981][  0]LogUdpMessaging: Initializing bridge on interface 0.0.0.0:0 to multicast group 230.0.0.1:6666.
[2019.01.27-14.32.45:219][  0]SourceControl: Source control is disabled
[2019.01.27-14.32.45:219][  0]SourceControl: Source control is disabled
[2019.01.27-14.32.45:225][  0]SourceControl: Source control is disabled
[2019.01.27-14.32.45:229][  0]SourceControl: Source control is disabled
[2019.01.27-14.32.45:582][  0]LogAndroidPermission: UAndroidPermissionCallbackProxy::GetInstance
[2019.01.27-14.32.45:697][  0]LogOcInput: OculusInput pre-init called
[2019.01.27-14.32.45:789][  0]LogEngine: Initializing Engine...
[2019.01.27-14.32.45:791][  0]LogHMD: Failed to initialize OpenVR with code 110
[2019.01.27-14.32.45:793][  0]LogStats: UGameplayTagsManager::ConstructGameplayTagTree: ImportINI prefixes -  0.000 s
[2019.01.27-14.32.45:793][  0]LogStats: UGameplayTagsManager::ConstructGameplayTagTree: Construct from data asset -  0.000 s
[2019.01.27-14.32.45:794][  0]LogStats: UGameplayTagsManager::ConstructGameplayTagTree: ImportINI -  0.000 s
[2019.01.27-14.32.45:794][  0]LogStats: UGameplayTagsManager::ConstructGameplayTagTree: GameplayTagTreeChangedEvent.Broadcast -  0.000 s
[2019.01.27-14.32.46:049][  0]LogInit: Initializing FReadOnlyCVARCache
[2019.01.27-14.32.46:078][  0]LogAIModule: Creating AISystem for world Untitled
[2019.01.27-14.32.46:096][  0]LogInit: XAudio2 using 'Speakers (Realtek High Definition Audio)' : 2 channels at 48 kHz using 32 bits per sample (channel mask 0x3)
[2019.01.27-14.32.46:186][  0]LogInit: FAudioDevice initialized.
[2019.01.27-14.32.46:187][  0]LogNetVersion: Set ProjectVersion to 1.0.0.0. Version Checksum will be recalculated on next use.
[2019.01.27-14.32.46:276][  0]LogDerivedDataCache: Saved boot cache 0.09s 71MB C:/Users/p018236h.STUDENT/AppData/Local/UnrealEngine/4.20/DerivedDataCache/Boot.ddc.
[2019.01.27-14.32.46:280][  0]LogInit: Texture streaming: Enabled
[2019.01.27-14.32.46:324][  0]LogEngineSessionManager: EngineSessionManager initialized
[2019.01.27-14.32.46:342][  0]LogInit: Transaction tracking system initialized
[2019.01.27-14.32.46:405][  0]BlueprintLog: New page: Editor Load
[2019.01.27-14.32.46:616][  0]LocalizationService: Localization service is disabled
[2019.01.27-14.32.47:049][  0]LogCook: Display: Max memory allowance for cook 16384mb min free memory 0mb
[2019.01.27-14.32.47:050][  0]LogCook: Display: Mobile HDR setting 1
[2019.01.27-14.32.47:050][  0]LogGameplayTags: Display: UGameplayTagsManager::DoneAddingNativeTags. DelegateIsBound: 0
[2019.01.27-14.32.47:050][  0]LogStats: UGameplayTagsManager::ConstructGameplayTagTree: ImportINI prefixes -  0.000 s
[2019.01.27-14.32.47:050][  0]LogStats: UGameplayTagsManager::ConstructGameplayTagTree: Construct from data asset -  0.000 s
[2019.01.27-14.32.47:050][  0]LogStats: UGameplayTagsManager::ConstructGameplayTagTree: ImportINI -  0.000 s
[2019.01.27-14.32.47:051][  0]LogStats: UGameplayTagsManager::ConstructGameplayTagTree: GameplayTagTreeChangedEvent.Broadcast -  0.000 s
[2019.01.27-14.32.47:319][  0]LogFileCache: Scanning file cache for directory 'C:/Users/p018236h.STUDENT/Documents/GameJam/GGJ2019/GGJ2019/Content/' took 0.02s
[2019.01.27-14.32.47:319][  0]SourceControl: Source control is disabled
[2019.01.27-14.32.47:320][  0]Cmd: MAP LOAD FILE="../../../../../../Users/p018236h.STUDENT/Documents/GameJam/GGJ2019/GGJ2019/Content/GameLevel.umap" TEMPLATE=0 SHOWPROGRESS=1 FEATURELEVEL=3
[2019.01.27-14.32.47:320][  0]LogEditorServer: Warning: Can't find file '../../../../../../Users/p018236h.STUDENT/Documents/GameJam/GGJ2019/GGJ2019/Content/GameLevel.umap'
[2019.01.27-14.32.47:321][  0]Cmd: MAP CHECKDEP NOCLEARLOG
[2019.01.27-14.32.47:533][  0]MapCheck: Map check complete: 0 Error(s), 0 Warning(s), took 212.22ms to complete.
[2019.01.27-14.32.47:533][  0]LogFileHelpers: Loading map 'GameLevel' took 0.214
[2019.01.27-14.32.47:678][  0]LogSlate: Updating window title bar state: overlay mode, drag disabled, window buttons hidden, title bar hidden
[2019.01.27-14.32.47:686][  0]LogSlate: Updating window title bar state: overlay mode, drag disabled, window buttons hidden, title bar hidden
[2019.01.27-14.32.47:695][  0]LogSlate: Updating window title bar state: overlay mode, drag disabled, window buttons hidden, title bar hidden
[2019.01.27-14.32.47:705][  0]LogSlate: Updating window title bar state: overlay mode, drag disabled, window buttons hidden, title bar hidden
[2019.01.27-14.32.47:723][  0]LogCollectionManager: Loaded 0 collections in 0.005209 seconds
[2019.01.27-14.32.47:785][  0]LogFileCache: Scanning file cache for directory 'C:/Users/p018236h.STUDENT/Documents/GameJam/GGJ2019/GGJ2019/Saved/Collections/' took 0.01s
[2019.01.27-14.32.47:786][  0]LogFileCache: Scanning file cache for directory 'C:/Users/p018236h.STUDENT/Documents/GameJam/GGJ2019/GGJ2019/Content/Developers/p018236h/Collections/' took 0.01s
[2019.01.27-14.32.47:786][  0]LogFileCache: Scanning file cache for directory 'C:/Users/p018236h.STUDENT/Documents/GameJam/GGJ2019/GGJ2019/Content/Collections/' took 0.01s
[2019.01.27-14.32.47:786][  0]LogCollectionManager: Rebuilt the GUID cache for 0 collections in 0.000000 seconds
[2019.01.27-14.32.47:799][  0]LogContentBrowser: Native class hierarchy populated in 0.0132 seconds. Added 2585 classes and 606 folders.
[2019.01.27-14.32.47:813][  0]LogContentBrowser: Native class hierarchy updated for 'WidgetCarousel' in 0.0005 seconds. Added 0 classes and 0 folders.
[2019.01.27-14.32.47:913][  0]LogContentBrowser: Native class hierarchy updated for 'AddContentDialog' in 0.0007 seconds. Added 0 classes and 0 folders.
[2019.01.27-14.32.47:924][  0]LogContentBrowser: Native class hierarchy updated for 'SceneOutliner' in 0.0008 seconds. Added 1 classes and 2 folders.
[2019.01.27-14.32.47:945][  0]LogSlate: Took 0.000469 seconds to synchronously load lazily loaded font '../../../Engine/Content/Slate/Fonts/Roboto-Regular.ttf' (155K)
[2019.01.27-14.32.47:949][  0]LogSlate: Took 0.000299 seconds to synchronously load lazily loaded font '../../../Engine/Content/Slate/Fonts/Roboto-Bold.ttf' (160K)
[2019.01.27-14.32.47:958][  0]LogSlate: Took 0.000322 seconds to synchronously load lazily loaded font '../../../Engine/Content/Editor/Slate/Fonts/FontAwesome.ttf' (139K)
[2019.01.27-14.32.48:075][  0]LogRenderer: Reallocating scene render targets to support 1208x576 Format 10 NumSamples 1 (Frame:1).
[2019.01.27-14.32.48:229][  0]LogContentBrowser: Native class hierarchy updated for 'HierarchicalLODOutliner' in 0.0007 seconds. Added 0 classes and 0 folders.
[2019.01.27-14.32.48:230][  0]LogLoad: (Engine Initialization) Total time: 13.69 seconds
[2019.01.27-14.32.48:230][  0]LogLoad: (Engine Initialization) Total Blueprint compile time: 0.00 seconds
[2019.01.27-14.32.48:240][  0]LogWindowsTextInputMethodSystem: Display: IME system now deactivated.
[2019.01.27-14.32.48:276][  0]LogContentStreaming: Texture pool size now 1000 MB
[2019.01.27-14.32.48:309][  0]LogSlate: Took 0.000211 seconds to synchronously load lazily loaded font '../../../Engine/Content/Slate/Fonts/Roboto-Light.ttf' (167K)
[2019.01.27-14.32.48:372][  1]LogFileCache: Retrieving MD5 hashes for directory 'C:/Users/p018236h.STUDENT/Documents/GameJam/GGJ2019/GGJ2019/Content/' took 0.12s
[2019.01.27-14.32.48:394][  1]LogAssetRegistry: Asset discovery search completed in 6.2781 seconds
[2019.01.27-14.32.48:396][  1]LogCollectionManager: Rebuilt the object cache for 0 collections in 0.000000 seconds (found 0 objects)
[2019.01.27-14.32.48:396][  1]LogCollectionManager: Fixed up redirectors for 0 collections in 0.000128 seconds (updated 0 objects)
[2019.01.27-14.33.39:113][ 56]LogSlate: FSceneViewport::OnFocusLost() reason 0
[2019.01.27-14.33.45:319][789]LogSlate: Took 0.000238 seconds to synchronously load lazily loaded font '../../../Engine/Content/Slate/Fonts/Roboto-Light.ttf' (167K)
[2019.01.27-14.33.45:325][789]LogAssetEditorManager: Opening Asset editor for WidgetBlueprint /Game/StarterContent/Maps/User_Interface/Start_Menu_Widget.Start_Menu_Widget
[2019.01.27-14.33.45:877][789]LogContentBrowser: Native class hierarchy updated for 'BlueprintGraph' in 0.0009 seconds. Added 116 classes and 0 folders.
[2019.01.27-14.33.46:873][789]LogSlate: Took 0.000287 seconds to synchronously load lazily loaded font '../../../Engine/Content/Slate/Fonts/Roboto-BoldCondensed.ttf' (158K)
[2019.01.27-14.33.49:304][896]LogSlate: Window 'Start_Menu_Widget' being destroyed
[2019.01.27-14.34.16:863][889]LogAssetEditorManager: Opening Asset editor for WidgetBlueprint /Game/StarterContent/Maps/User_Interface/Play_Widget.Play_Widget
[2019.01.27-14.34.28:897][165]LogSlate: Took 0.003549 seconds to synchronously load lazily loaded font '../../../Engine/Content/Slate/Fonts/DroidSansFallback.ttf' (3848K)
[2019.01.27-14.35.36:404][429]LogFactory: FactoryCreateFile: Texture with ReimportTextureFactory (0 0 C:\Users\p018236h.STUDENT\Documents\Menu.png)
[2019.01.27-14.35.36:413][429]LogTexture: Display: Building textures: Menu (BGRA8, 557X201)
[2019.01.27-14.35.36:439][429]LogFactory: FactoryCreateFile: Texture with ReimportTextureFactory (0 0 C:\Users\p018236h.STUDENT\Documents\Fridge_Raiders_Title.png)
[2019.01.27-14.35.36:493][429]LogTexture: Display: Building textures: Fridge_Raiders_Title (AutoDXT, 1920X1080)
[2019.01.27-14.35.40:077][442]LogFactory: FactoryCreateFile: Texture with ReimportTextureFactory (0 0 C:\Users\p018236h.STUDENT\Documents\Score.png)
[2019.01.27-14.35.40:086][442]LogTexture: Display: Building textures: Score (BGRA8, 557X201)
[2019.01.27-14.35.40:106][442]LogFactory: FactoryCreateFile: Texture with ReimportTextureFactory (0 0 C:\Users\p018236h.STUDENT\Documents\Start.png)
[2019.01.27-14.35.40:112][442]LogTexture: Display: Building textures: Start (BGRA8, 557X201)
[2019.01.27-14.35.40:130][442]LogFactory: FactoryCreateFile: Texture with ReimportTextureFactory (0 0 C:\Users\p018236h.STUDENT\Documents\Quit.png)
[2019.01.27-14.35.40:137][442]LogTexture: Display: Building textures: Quit (BGRA8, 557X201)
[2019.01.27-14.37.34:615][433]LogSlate: Window 'Color Picker' being destroyed
[2019.01.27-14.37.51:393][738]LogSlate: Window 'Save Asset As' being destroyed
[2019.01.27-14.37.53:118][738]LogSlate: Window 'Message' being destroyed
[2019.01.27-14.37.58:799][314]LogAssetEditorManager: Opening Asset editor for Texture2D /Game/StarterContent/Maps/User_Interface/Start.Start
[2019.01.27-14.37.58:842][314]LogContentBrowser: Native class hierarchy updated for 'TextureEditor' in 0.0011 seconds. Added 1 classes and 2 folders.
[2019.01.27-14.38.59:336][178]LogSlate: Window 'Save Asset As' being destroyed
[2019.01.27-14.39.13:211][696]LogSlate: Window 'Save Asset As' being destroyed
[2019.01.27-14.39.21:911][696]LogSlate: Window 'Message' being destroyed
[2019.01.27-14.39.57:845][655]BlueprintLog: New page: Compile Start_Menu_Widget
[2019.01.27-14.39.58:426][684]LogSavePackage: Moving '../../../../../../Users/p018236h.STUDENT/Documents/GameJam/GGJ2019/GGJ2019/Saved/Start_Menu_WidgetC37B0C084D87B7FED36A39ADE810EC2D.tmp' to '../../../../../../Users/p018236h.STUDENT/Documents/GameJam/GGJ2019/GGJ2019/Content/StarterContent/Maps/User_Interface/Start_Menu_Widget.uasset'
[2019.01.27-14.40.00:641][894]LogTemp: Repeating last play command: Selected Viewport
[2019.01.27-14.40.00:684][894]LogPlayLevel: PlayLevel: No blueprints needed recompiling
[2019.01.27-14.40.00:698][894]PIE: New page: PIE session: Untitled_0 (27 Jan 2019 14:40:00)
[2019.01.27-14.40.00:699][894]LogPlayLevel: Creating play world package: /Temp/UEDPIE_0_Untitled_0
[2019.01.27-14.40.00:699][894]LogPlayLevel: PIE: StaticDuplicateObject took: (0.000817s)
[2019.01.27-14.40.00:700][894]LogAIModule: Creating AISystem for world Untitled
[2019.01.27-14.40.00:700][894]LogPlayLevel: PIE: World Init took: (0.000795s)
[2019.01.27-14.40.00:700][894]LogPlayLevel: PIE: Created PIE world by copying editor world from /Temp/Untitled_0.Untitled to /Temp/UEDPIE_0_Untitled_0.Untitled (0.001923s)
[2019.01.27-14.40.00:734][894]LogInit: XAudio2 using 'Speakers (Realtek High Definition Audio)' : 2 channels at 48 kHz using 32 bits per sample (channel mask 0x3)
[2019.01.27-14.40.00:749][894]LogInit: FAudioDevice initialized.
[2019.01.27-14.40.00:759][894]LogSlate: Updating window title bar state: overlay mode, drag disabled, window buttons hidden, title bar hidden
[2019.01.27-14.40.01:289][894]LogAnimationCompression: Building Anim DDC data for AnimSequence /Game/Animation/Anims/anim_fridgeStatic.anim_fridgeStatic
[2019.01.27-14.40.01:289][894]LogAnimationCompression: Recompressing (AnimSequence /Game/Animation/Anims/anim_fridgeStatic.anim_fridgeStatic) using current/default (AnimCompress_BitwiseCompressOnly_0) bFirstRecompressUsingCurrentOrDefault(1) bTryAlternateCompressor(0) IsCompressedDataValid(0)
[2019.01.27-14.40.01:346][894]LogStaticMesh: Building static mesh Food_Ham_Model...
[2019.01.27-14.40.01:361][894]LogStaticMesh: Built static mesh [0.02s] /Game/Models/Food/Food_Ham_Model.Food_Ham_Model
[2019.01.27-14.40.01:375][894]LogSkeletalMesh: Building Skeletal Mesh SKM_fridge...
[2019.01.27-14.40.01:387][894]LogSkeletalMesh: Built Skeletal Mesh [0.01s] /Game/Animation/Skeleton+Meshes/SKM_fridge.SKM_fridge
[2019.01.27-14.40.01:396][894]LogStaticMesh: Building static mesh Food_Sandwich_Model...
[2019.01.27-14.40.01:402][894]LogStaticMesh: Built static mesh [0.01s] /Game/Models/Food/Food_Sandwich_Model.Food_Sandwich_Model
[2019.01.27-14.40.01:419][894]LogStaticMesh: Building static mesh Food_Cheese_Model...
[2019.01.27-14.40.01:423][894]LogStaticMesh: Built static mesh [0.00s] /Game/Models/Food/Food_Cheese_Model.Food_Cheese_Model
[2019.01.27-14.40.01:426][894]LogStaticMesh: Building static mesh Food_Tomato_Model...
[2019.01.27-14.40.01:434][894]LogStaticMesh: Built static mesh [0.01s] /Game/Models/Food/Food_Tomato_Model.Food_Tomato_Model
[2019.01.27-14.40.01:497][894]LogMaterial: Display: Missing cached shader map for material Blue, compiling. 
[2019.01.27-14.40.01:670][894]LogShaderCompilers: Display: Shaders left to compile 69
[2019.01.27-14.40.01:670][894]LogShaderCompilers: Display: Shaders left to compile 59
[2019.01.27-14.40.01:670][894]LogShaderCompilers: Display: Shaders left to compile 49
[2019.01.27-14.40.01:670][894]LogShaderCompilers: Display: Shaders left to compile 39
[2019.01.27-14.40.01:670][894]LogAnimationCompression: Building Anim DDC data for AnimSequence /Game/Animation/Anims/anim_fridgeDoor+Draw.anim_fridgeDoor+Draw
[2019.01.27-14.40.01:670][894]LogAnimationCompression: Recompressing (AnimSequence /Game/Animation/Anims/anim_fridgeDoor+Draw.anim_fridgeDoor+Draw) using current/default (AnimCompress_BitwiseCompressOnly_0) bFirstRecompressUsingCurrentOrDefault(1) bTryAlternateCompressor(0) IsCompressedDataValid(0)
[2019.01.27-14.40.01:699][894]LogStaticMesh: Building static mesh Food_Chicekn_Model...
[2019.01.27-14.40.01:730][894]LogStaticMesh: Built static mesh [0.03s] /Game/Models/Food/Food_Chicekn_Model.Food_Chicekn_Model
[2019.01.27-14.40.01:788][894]LogStaticMesh: Building static mesh Food_Pizza_Model...
[2019.01.27-14.40.01:796][894]LogStaticMesh: Built static mesh [0.01s] /Game/Models/Food/Food_Pizza_Model.Food_Pizza_Model
[2019.01.27-14.40.01:849][894]LogLoad: Game class is 'GGJ2019GM_C'
[2019.01.27-14.40.01:851][894]LogWorld: Bringing World /Temp/UEDPIE_0_Untitled_0.Untitled up for play (max tick rate 0) at 2019.01.27-14.40.01
[2019.01.27-14.40.01:851][894]LogWorld: Bringing up level for play took: 0.000815
[2019.01.27-14.40.01:866][894]LogGameMode: FindPlayerStart: PATHS NOT DEFINED or NO PLAYERSTART with positive rating
[2019.01.27-14.40.01:882][894]LogContentBrowser: Native class hierarchy updated for 'MovieSceneCapture' in 0.0006 seconds. Added 10 classes and 0 folders.
[2019.01.27-14.40.01:889][894]PIE: Play in editor start time for /Temp/UEDPIE_0_Untitled_0 1.467
[2019.01.27-14.40.01:908][894]LogRenderer: Reallocating scene render targets to support 1292x756 Format 10 NumSamples 1 (Frame:1).
[2019.01.27-14.40.03:446][991]LogSlate: Window 'GGJ2019 Game Preview Standalone (64-bit/PCD3D_SM5)' being destroyed
[2019.01.27-14.40.03:499][991]LogPlayLevel: Display: Shutting down PIE online subsystems
[2019.01.27-14.40.03:574][992]LogPlayLevel: Display: Destroying online subsystem :Context_5
[2019.01.27-14.40.05:054][ 99]LogShaderCompilers: Display: Shaders left to compile 29
[2019.01.27-14.40.05:884][163]LogShaderCompilers: Display: Shaders left to compile 19
[2019.01.27-14.40.06:750][226]LogShaderCompilers: Display: Shaders left to compile 9
[2019.01.27-14.40.28:405][165]LogSlate: Window 'Save Asset As' being destroyed
[2019.01.27-14.40.30:442][207]LogSlate: Window 'Save Asset As' being destroyed
[2019.01.27-14.41.15:134][239]BlueprintLog: New page: Compile Play_Widget
[2019.01.27-14.41.15:622][259]LogSavePackage: Moving '../../../../../../Users/p018236h.STUDENT/Documents/GameJam/GGJ2019/GGJ2019/Saved/Play_WidgetBAD9D5FE49B25B1469C9578175C5B672.tmp' to '../../../../../../Users/p018236h.STUDENT/Documents/GameJam/GGJ2019/GGJ2019/Content/StarterContent/Maps/User_Interface/Play_Widget.uasset'
[2019.01.27-14.42.51:228][ 34]LogFileHelpers: Editor autosave (incl. sublevels) for '/Temp/Untitled_0' took 0.044
[2019.01.27-14.42.51:232][ 34]OBJ SavePackage: Generating thumbnails for [1] asset(s) in package [/Game/StarterContent/Maps/User_Interface/Menu] ([1] browsable assets)...
[2019.01.27-14.42.51:238][ 34]OBJ SavePackage:     Rendered thumbnail for [Texture2D /Game/StarterContent/Maps/User_Interface/Menu.Menu]
[2019.01.27-14.42.51:239][ 34]OBJ SavePackage: Finished generating thumbnails for package [/Game/StarterContent/Maps/User_Interface/Menu]
[2019.01.27-14.42.51:260][ 34]LogSavePackage: Moving '../../../../../../Users/p018236h.STUDENT/Documents/GameJam/GGJ2019/GGJ2019/Saved/Menu_Auto199D1DFE84CC66689CB92A3B71D1004FD.tmp' to '../../../../../../Users/p018236h.STUDENT/Documents/GameJam/GGJ2019/GGJ2019/Saved/Autosaves/Game/StarterContent/Maps/User_Interface/Menu_Auto1.uasset'
[2019.01.27-14.42.51:266][ 34]OBJ SavePackage: Generating thumbnails for [1] asset(s) in package [/Game/StarterContent/Maps/User_Interface/Fridge_Raiders_Title] ([1] browsable assets)...
[2019.01.27-14.42.51:273][ 34]OBJ SavePackage:     Rendered thumbnail for [Texture2D /Game/StarterContent/Maps/User_Interface/Fridge_Raiders_Title.Fridge_Raiders_Title]
[2019.01.27-14.42.51:273][ 34]OBJ SavePackage: Finished generating thumbnails for package [/Game/StarterContent/Maps/User_Interface/Fridge_Raiders_Title]
[2019.01.27-14.42.51:300][ 34]LogSavePackage: Moving '../../../../../../Users/p018236h.STUDENT/Documents/GameJam/GGJ2019/GGJ2019/Saved/Fridge_Raiders_Title_Auto1D392416C48EA80F5B7678EB4503147ED.tmp' to '../../../../../../Users/p018236h.STUDENT/Documents/GameJam/GGJ2019/GGJ2019/Saved/Autosaves/Game/StarterContent/Maps/User_Interface/Fridge_Raiders_Title_Auto1.uasset'
[2019.01.27-14.42.51:307][ 34]OBJ SavePackage: Generating thumbnails for [1] asset(s) in package [/Game/StarterContent/Maps/User_Interface/Score] ([1] browsable assets)...
[2019.01.27-14.42.51:312][ 34]OBJ SavePackage:     Rendered thumbnail for [Texture2D /Game/StarterContent/Maps/User_Interface/Score.Score]
[2019.01.27-14.42.51:312][ 34]OBJ SavePackage: Finished generating thumbnails for package [/Game/StarterContent/Maps/User_Interface/Score]
[2019.01.27-14.42.51:330][ 34]LogSavePackage: Moving '../../../../../../Users/p018236h.STUDENT/Documents/GameJam/GGJ2019/GGJ2019/Saved/Score_Auto10CC64F964B75B6C8BFB1369DFF7CDAB1.tmp' to '../../../../../../Users/p018236h.STUDENT/Documents/GameJam/GGJ2019/GGJ2019/Saved/Autosaves/Game/StarterContent/Maps/User_Interface/Score_Auto1.uasset'
[2019.01.27-14.42.51:337][ 34]OBJ SavePackage: Generating thumbnails for [1] asset(s) in package [/Game/StarterContent/Maps/User_Interface/Start] ([1] browsable assets)...
[2019.01.27-14.42.51:340][ 34]OBJ SavePackage:     Rendered thumbnail for [Texture2D /Game/StarterContent/Maps/User_Interface/Start.Start]
[2019.01.27-14.42.51:341][ 34]OBJ SavePackage: Finished generating thumbnails for package [/Game/StarterContent/Maps/User_Interface/Start]
[2019.01.27-14.42.51:357][ 34]LogSavePackage: Moving '../../../../../../Users/p018236h.STUDENT/Documents/GameJam/GGJ2019/GGJ2019/Saved/Start_Auto12166659B40611D9EF0E78CA2E3FC61E6.tmp' to '../../../../../../Users/p018236h.STUDENT/Documents/GameJam/GGJ2019/GGJ2019/Saved/Autosaves/Game/StarterContent/Maps/User_Interface/Start_Auto1.uasset'
[2019.01.27-14.42.51:374][ 34]OBJ SavePackage: Generating thumbnails for [1] asset(s) in package [/Game/StarterContent/Maps/User_Interface/Quit] ([1] browsable assets)...
[2019.01.27-14.42.51:377][ 34]OBJ SavePackage:     Rendered thumbnail for [Texture2D /Game/StarterContent/Maps/User_Interface/Quit.Quit]
[2019.01.27-14.42.51:377][ 34]OBJ SavePackage: Finished generating thumbnails for package [/Game/StarterContent/Maps/User_Interface/Quit]
[2019.01.27-14.42.51:402][ 34]LogSavePackage: Moving '../../../../../../Users/p018236h.STUDENT/Documents/GameJam/GGJ2019/GGJ2019/Saved/Quit_Auto195618C6A4114FB70F6D66FABDC8F00B0.tmp' to '../../../../../../Users/p018236h.STUDENT/Documents/GameJam/GGJ2019/GGJ2019/Saved/Autosaves/Game/StarterContent/Maps/User_Interface/Quit_Auto1.uasset'
[2019.01.27-14.42.51:407][ 34]LogFileHelpers: Auto-saving content packages took 0.178
[2019.01.27-14.52.54:166][904]BlueprintLog: New page: Compile Start_Menu_Widget
[2019.01.27-14.52.54:723][945]LogSavePackage: Moving '../../../../../../Users/p018236h.STUDENT/Documents/GameJam/GGJ2019/GGJ2019/Saved/Start_Menu_Widget81582DEA4A82E89FEA75119F5A888123.tmp' to '../../../../../../Users/p018236h.STUDENT/Documents/GameJam/GGJ2019/GGJ2019/Content/StarterContent/Maps/User_Interface/Start_Menu_Widget.uasset'
[2019.01.27-14.53.24:504][218]BlueprintLog: New page: Compile Start_Menu_Widget
[2019.01.27-14.53.25:127][265]LogSavePackage: Moving '../../../../../../Users/p018236h.STUDENT/Documents/GameJam/GGJ2019/GGJ2019/Saved/Start_Menu_WidgetC2BCDE39449DF3B8C748DF95F593A6B4.tmp' to '../../../../../../Users/p018236h.STUDENT/Documents/GameJam/GGJ2019/GGJ2019/Content/StarterContent/Maps/User_Interface/Start_Menu_Widget.uasset'
[2019.01.27-15.00.50:337][351]BlueprintLog: New page: Compile Play_Widget
[2019.01.27-15.00.50:883][389]LogSavePackage: Moving '../../../../../../Users/p018236h.STUDENT/Documents/GameJam/GGJ2019/GGJ2019/Saved/Play_WidgetA75381FD47E88688BCB53880CC1F9695.tmp' to '../../../../../../Users/p018236h.STUDENT/Documents/GameJam/GGJ2019/GGJ2019/Content/StarterContent/Maps/User_Interface/Play_Widget.uasset'
[2019.01.27-15.02.17:861][987]LogSlate: Window 'Save Asset As' being destroyed
[2019.01.27-15.02.28:636][704]LogFactory: FactoryCreateFile: Texture with ReimportTextureFactory (0 0 C:\Users\p018236h.STUDENT\Documents\Frying_Pan.png)
[2019.01.27-15.02.28:644][704]LogTexture: Display: Building textures: Frying_Pan (BGRA8, 472X479)
[2019.01.27-15.02.28:670][704]LogFactory: FactoryCreateFile: Texture with ReimportTextureFactory (0 0 C:\Users\p018236h.STUDENT\Documents\Rolling_Pin.png)
[2019.01.27-15.02.28:678][704]LogTexture: Display: Building textures: Rolling_Pin (BGRA8, 472X479)
[2019.01.27-15.02.28:700][704]LogFactory: FactoryCreateFile: Texture with ReimportTextureFactory (0 0 C:\Users\p018236h.STUDENT\Documents\Meat_Cleaver.png)
[2019.01.27-15.02.28:708][704]LogTexture: Display: Building textures: Meat_Cleaver (BGRA8, 472X479)
[2019.01.27-15.02.53:113][287]LogSlate: Window 'Save Asset As' being destroyed
[2019.01.27-15.02.55:186][355]LogSlate: Window 'Save Asset As' being destroyed
[2019.01.27-15.03.09:721][311]LogSlate: Window 'Save Asset As' being destroyed
[2019.01.27-15.03.12:245][393]LogSlate: Window 'Save Asset As' being destroyed
[2019.01.27-15.03.14:382][464]LogSlate: Window 'Save Asset As' being destroyed
[2019.01.27-15.03.16:721][513]LogSlate: Window 'Save Asset As' being destroyed
[2019.01.27-15.05.21:964][110]BlueprintLog: New page: Compile Play_Widget
[2019.01.27-15.05.22:513][130]LogSavePackage: Moving '../../../../../../Users/p018236h.STUDENT/Documents/GameJam/GGJ2019/GGJ2019/Saved/Play_WidgetC783CB2A4B04E61FC718BDBCDDF23CF4.tmp' to '../../../../../../Users/p018236h.STUDENT/Documents/GameJam/GGJ2019/GGJ2019/Content/StarterContent/Maps/User_Interface/Play_Widget.uasset'
[2019.01.27-15.05.23:580][213]LogSlate: Took 0.000301 seconds to synchronously load lazily loaded font '../../../Engine/Content/Slate/Fonts/Roboto-Italic.ttf' (157K)
[2019.01.27-15.05.57:957][279]BlueprintLog: New page: Compile Play_Widget
[2019.01.27-15.05.58:438][316]LogSavePackage: Moving '../../../../../../Users/p018236h.STUDENT/Documents/GameJam/GGJ2019/GGJ2019/Saved/Play_WidgetBD5AE9484B29781742C2F5A9F8F0982C.tmp' to '../../../../../../Users/p018236h.STUDENT/Documents/GameJam/GGJ2019/GGJ2019/Content/StarterContent/Maps/User_Interface/Play_Widget.uasset'
[2019.01.27-15.06.12:244][949]LogEditorTransaction: Undo Delete current selection
[2019.01.27-15.06.16:998][486]BlueprintLog: New page: Compile Play_Widget
[2019.01.27-15.06.21:145][899]LogSavePackage: Moving '../../../../../../Users/p018236h.STUDENT/Documents/GameJam/GGJ2019/GGJ2019/Saved/Play_Widget81E96F1C42C794687E629A8B290F669D.tmp' to '../../../../../../Users/p018236h.STUDENT/Documents/GameJam/GGJ2019/GGJ2019/Content/StarterContent/Maps/User_Interface/Play_Widget.uasset'
[2019.01.27-15.06.28:782][792]LogLinker: Warning: Can't find file '/Game/BuildingBlocks/Materials/50616364_334234017301883_5241377087863914496_Mat'
[2019.01.27-15.06.28:783][792]LogLinker: Warning: Can't find file for asset '/Game/BuildingBlocks/Materials/50616364_334234017301883_5241377087863914496_Mat' while loading ../../../../../../Users/p018236h.STUDENT/Documents/GameJam/GGJ2019/GGJ2019/Content/StarterContent/Maps/Final_Level.umap.
[2019.01.27-15.06.28:783][792]LoadErrors: Error: /Game/StarterContent/Maps/Final_Level : Can't find file for asset. /Game/BuildingBlocks/Materials/50616364_334234017301883_5241377087863914496_Mat
[2019.01.27-15.06.28:902][792]LogLinker: Warning: Can't find file '/Game/BuildingBlocks/Materials/50616364_334234017301883_5241377087863914496_Mat'
[2019.01.27-15.06.28:903][792]LogLinker: Warning: Can't find file for asset '/Game/BuildingBlocks/Materials/50616364_334234017301883_5241377087863914496_Mat' while loading ../../../../../../Users/p018236h.STUDENT/Documents/GameJam/GGJ2019/GGJ2019/Content/StarterContent/Maps/Final_Level.umap.
[2019.01.27-15.06.28:986][792]LogLinker: Warning: Can't find file '/Game/BuildingBlocks/Materials/50616364_334234017301883_5241377087863914496_Mat'
[2019.01.27-15.06.28:986][792]LogLinker: Warning: Can't find file for asset '/Game/BuildingBlocks/Materials/50616364_334234017301883_5241377087863914496_Mat' while loading NULL.
[2019.01.27-15.06.28:987][792]LogLinker: Warning: Can't find file '/Game/BuildingBlocks/Materials/50616364_334234017301883_5241377087863914496_Mat'
[2019.01.27-15.06.28:988][792]LogLinker: Warning: Can't find file for asset '/Game/BuildingBlocks/Materials/50616364_334234017301883_5241377087863914496_Mat' while loading NULL.
[2019.01.27-15.06.29:110][792]LogLinker: Warning: Can't find file '/Game/BuildingBlocks/Materials/50616364_334234017301883_5241377087863914496_Mat'
[2019.01.27-15.06.29:110][792]LoadErrors: Failed to load /Game/BuildingBlocks/Materials/50616364_334234017301883_5241377087863914496_Mat.50616364_334234017301883_5241377087863914496_Mat Referenced by Plane2_2
[2019.01.27-15.06.29:111][792]LogLinker: Warning: Can't find file for asset '/Game/BuildingBlocks/Materials/50616364_334234017301883_5241377087863914496_Mat' while loading NULL.
[2019.01.27-15.06.29:138][792]LogStaticMesh: Building static mesh BayWindowBlocks_SingleWindowSkewed...
[2019.01.27-15.06.29:146][792]LogStaticMesh: Built static mesh [0.01s] /Game/BuildingBlocks/BayWindowBlocks_SingleWindowSkewed.BayWindowBlocks_SingleWindowSkewed
[2019.01.27-15.06.29:151][792]LogStaticMesh: Building static mesh BayWindowBlocks_SingleWindowAngled...
[2019.01.27-15.06.29:161][792]LogStaticMesh: Built static mesh [0.01s] /Game/BuildingBlocks/BayWindowBlocks_SingleWindowAngled.BayWindowBlocks_SingleWindowAngled
[2019.01.27-15.06.29:165][792]LogMaterial: Display: Missing cached shader map for material Trim, compiling. 
[2019.01.27-15.06.29:184][792]LogShaderCompilers: Display: Shaders left to compile 31
[2019.01.27-15.06.29:184][792]LogShaderCompilers: Display: Shaders left to compile 21
[2019.01.27-15.06.29:184][792]LogShaderCompilers: Display: Shaders left to compile 11
[2019.01.27-15.06.29:185][792]LogShaderCompilers: Display: Shaders left to compile 1
[2019.01.27-15.06.29:185][792]LogMaterial: Display: Missing cached shader map for material Interior, compiling. 
[2019.01.27-15.06.29:201][792]LogStaticMesh: Building static mesh Wall_Small_Door...
[2019.01.27-15.06.29:213][792]LogStaticMesh: Built static mesh [0.01s] /Game/BuildingBlocks/Wall_Small_Door.Wall_Small_Door
[2019.01.27-15.06.29:216][792]LogStaticMesh: Building static mesh Wall_Small_Corner...
[2019.01.27-15.06.29:226][792]LogStaticMesh: Built static mesh [0.01s] /Game/BuildingBlocks/Wall_Small_Corner.Wall_Small_Corner
[2019.01.27-15.06.29:228][792]LogStaticMesh: Building static mesh Wall_Small_Base...
[2019.01.27-15.06.29:233][792]LogStaticMesh: Built static mesh [0.00s] /Game/BuildingBlocks/Wall_Small_Base.Wall_Small_Base
[2019.01.27-15.06.29:235][792]LogStaticMesh: Building static mesh Wall__Medium_DoorFrame...
[2019.01.27-15.06.29:270][792]LogStaticMesh: Built static mesh [0.03s] /Game/BuildingBlocks/Wall__Medium_DoorFrame.Wall__Medium_DoorFrame
[2019.01.27-15.06.29:275][792]LogStaticMesh: Building static mesh Wall_Small_Window_Short_Double...
[2019.01.27-15.06.29:292][792]LogStaticMesh: Built static mesh [0.02s] /Game/BuildingBlocks/Wall_Small_Window_Short_Double.Wall_Small_Window_Short_Double
[2019.01.27-15.06.29:296][792]LogStaticMesh: Building static mesh Wall_Small_Window_short...
[2019.01.27-15.06.29:306][792]LogStaticMesh: Built static mesh [0.01s] /Game/BuildingBlocks/Wall_Small_Window_short.Wall_Small_Window_short
[2019.01.27-15.06.29:311][792]LogStaticMesh: Building static mesh Wall_Small_Window...
[2019.01.27-15.06.29:327][792]LogStaticMesh: Built static mesh [0.02s] /Game/BuildingBlocks/Wall_Small_Window.Wall_Small_Window
[2019.01.27-15.06.29:381][792]LogMaterial: Display: Missing cached shader map for material Coving, compiling. 
[2019.01.27-15.06.29:409][792]LogStaticMesh: Building static mesh BayWindowBlocks_DoubleWindowAngled...
[2019.01.27-15.06.29:417][792]LogStaticMesh: Built static mesh [0.01s] /Game/BuildingBlocks/BayWindowBlocks_DoubleWindowAngled.BayWindowBlocks_DoubleWindowAngled
[2019.01.27-15.06.29:448][792]LogMaterial: Display: Missing cached shader map for material Outside, compiling. 
[2019.01.27-15.06.29:538][792]LogStaticMesh: Building static mesh Interior_Door...
[2019.01.27-15.06.29:555][792]LogStaticMesh: Built static mesh [0.02s] /Game/BuildingBlocks/Interior_Door.Interior_Door
[2019.01.27-15.06.29:558][792]LogStaticMesh: Building static mesh Interior_Wall_Base...
[2019.01.27-15.06.29:566][792]LogStaticMesh: Built static mesh [0.01s] /Game/BuildingBlocks/Interior_Wall_Base.Interior_Wall_Base
[2019.01.27-15.06.29:570][792]LogStaticMesh: Building static mesh Interior_Wall_Doorframe...
[2019.01.27-15.06.29:583][792]LogStaticMesh: Built static mesh [0.01s] /Game/BuildingBlocks/Interior_Wall_Doorframe.Interior_Wall_Doorframe
[2019.01.27-15.06.29:614][792]LogAIModule: Creating AISystem for world Final_Level
[2019.01.27-15.06.29:741][792]LogAssetEditorManager: Opening Asset editor for World /Game/StarterContent/Maps/Final_Level.Final_Level
[2019.01.27-15.06.29:984][792]LogShaderCompilers: Display: Shaders left to compile 84
[2019.01.27-15.06.32:055][792]LogShaderCompilers: Display: Shaders left to compile 74
[2019.01.27-15.06.32:226][792]LogShaderCompilers: Display: Shaders left to compile 64
[2019.01.27-15.06.32:619][792]LogSlate: Window 'Save Content' being destroyed
[2019.01.27-15.06.32:955][792]LogSavePackage: Moving '../../../../../../Users/p018236h.STUDENT/Documents/GameJam/GGJ2019/GGJ2019/Saved/Fridge_Raiders_Title6BAF21CF4490EE57623D748578BBC461.tmp' to '../../../../../../Users/p018236h.STUDENT/Documents/GameJam/GGJ2019/GGJ2019/Content/StarterContent/Maps/User_Interface/Fridge_Raiders_Title.uasset'
[2019.01.27-15.06.33:065][792]LogSavePackage: Moving '../../../../../../Users/p018236h.STUDENT/Documents/GameJam/GGJ2019/GGJ2019/Saved/Frying_Pan9485BE754CA0A574D1C66AAC69BCEA35.tmp' to '../../../../../../Users/p018236h.STUDENT/Documents/GameJam/GGJ2019/GGJ2019/Content/StarterContent/Maps/User_Interface/Frying_Pan.uasset'
[2019.01.27-15.06.33:151][792]LogSavePackage: Moving '../../../../../../Users/p018236h.STUDENT/Documents/GameJam/GGJ2019/GGJ2019/Saved/Meat_Cleaver5C28A42D450EBC8C05C13A9EE8C2B4A5.tmp' to '../../../../../../Users/p018236h.STUDENT/Documents/GameJam/GGJ2019/GGJ2019/Content/StarterContent/Maps/User_Interface/Meat_Cleaver.uasset'
[2019.01.27-15.06.33:201][792]LogSavePackage: Moving '../../../../../../Users/p018236h.STUDENT/Documents/GameJam/GGJ2019/GGJ2019/Saved/MenuC7230C994904D8CDC7637992229EC8AF.tmp' to '../../../../../../Users/p018236h.STUDENT/Documents/GameJam/GGJ2019/GGJ2019/Content/StarterContent/Maps/User_Interface/Menu.uasset'
[2019.01.27-15.06.33:244][792]LogSavePackage: Moving '../../../../../../Users/p018236h.STUDENT/Documents/GameJam/GGJ2019/GGJ2019/Saved/Quit9C43570D4B8D5D8DF72A9190CD6F2EE1.tmp' to '../../../../../../Users/p018236h.STUDENT/Documents/GameJam/GGJ2019/GGJ2019/Content/StarterContent/Maps/User_Interface/Quit.uasset'
[2019.01.27-15.06.33:323][792]LogSavePackage: Moving '../../../../../../Users/p018236h.STUDENT/Documents/GameJam/GGJ2019/GGJ2019/Saved/Rolling_Pin1F3DC3E44CD2C7E29BC3489E6A8DD1ED.tmp' to '../../../../../../Users/p018236h.STUDENT/Documents/GameJam/GGJ2019/GGJ2019/Content/StarterContent/Maps/User_Interface/Rolling_Pin.uasset'
[2019.01.27-15.06.33:385][792]LogShaderCompilers: Display: Shaders left to compile 54
[2019.01.27-15.06.33:386][792]LogSavePackage: Moving '../../../../../../Users/p018236h.STUDENT/Documents/GameJam/GGJ2019/GGJ2019/Saved/Score688315414439B4ADD98E1EBACF344EEC.tmp' to '../../../../../../Users/p018236h.STUDENT/Documents/GameJam/GGJ2019/GGJ2019/Content/StarterContent/Maps/User_Interface/Score.uasset'
[2019.01.27-15.06.33:434][792]LogSavePackage: Moving '../../../../../../Users/p018236h.STUDENT/Documents/GameJam/GGJ2019/GGJ2019/Saved/Start345777FD48A46987507154B2EE7D9C8E.tmp' to '../../../../../../Users/p018236h.STUDENT/Documents/GameJam/GGJ2019/GGJ2019/Content/StarterContent/Maps/User_Interface/Start.uasset'
[2019.01.27-15.06.33:448][792]Cmd: MAP LOAD FILE="../../../../../../Users/p018236h.STUDENT/Documents/GameJam/GGJ2019/GGJ2019/Content/StarterContent/Maps/Final_Level.umap" TEMPLATE=0 SHOWPROGRESS=1 FEATURELEVEL=3
[2019.01.27-15.06.33:449][792]LightingResults: New page: Lighting Build
[2019.01.27-15.06.33:455][792]LogContentBrowser: Native class hierarchy updated for 'StatsViewer' in 0.0010 seconds. Added 5 classes and 0 folders.
[2019.01.27-15.06.33:457][792]LoadErrors: New page: Loading map: Final_Level.umap
[2019.01.27-15.06.33:458][792]MapCheck: New page: Map Check
[2019.01.27-15.06.33:458][792]LightingResults: New page: Lighting Build
[2019.01.27-15.06.33:651][792]LogShaderCompilers: Display: Shaders left to compile 44
[2019.01.27-15.06.33:656][792]LogEditorServer: Finished looking for orphan Actors (0.000 secs)
[2019.01.27-15.06.33:789][792]Cmd: MAP CHECKDEP NOCLEARLOG
[2019.01.27-15.06.34:164][792]MapCheck: Map check complete: 0 Error(s), 0 Warning(s), took 374.326ms to complete.
[2019.01.27-15.06.34:168][792]LogFileHelpers: Loading map 'Final_Level' took 0.721
[2019.01.27-15.06.35:057][837]LogShaderCompilers: Display: Shaders left to compile 34
[2019.01.27-15.06.35:723][888]LogAssetEditorManager: Opening Asset editor for LevelScriptBlueprint /Game/StarterContent/Maps/Final_Level.Final_Level:PersistentLevel.Final_Level
[2019.01.27-15.06.36:406][900]LogShaderCompilers: Display: Shaders left to compile 24
[2019.01.27-15.06.37:666][ 11]LogShaderCompilers: Display: Shaders left to compile 14
[2019.01.27-15.06.37:721][ 16]LogShaderCompilers: Display: Shaders left to compile 4
[2019.01.27-15.07.29:501][810]LogAIModule: Creating AISystem for world Reee_Test
[2019.01.27-15.07.32:703][146]LogAssetEditorManager: Opening Asset editor for World /Game/StarterContent/Maps/Reee_Test.Reee_Test
[2019.01.27-15.07.34:370][146]LogSlate: Window 'Save Content' being destroyed
[2019.01.27-15.07.36:178][146]LogSavePackage: Moving '../../../../../../Users/p018236h.STUDENT/Documents/GameJam/GGJ2019/GGJ2019/Saved/Reee_Test7E5E68D94E79D99FBE52CFBE32666BFB.tmp' to '../../../../../../Users/p018236h.STUDENT/Documents/GameJam/GGJ2019/GGJ2019/Content/StarterContent/Maps/Reee_Test.umap'
[2019.01.27-15.07.36:335][146]LogFileHelpers: Saving map 'Reee_Test' took 1.956
[2019.01.27-15.07.36:339][146]Cmd: MAP LOAD FILE="../../../../../../Users/p018236h.STUDENT/Documents/GameJam/GGJ2019/GGJ2019/Content/StarterContent/Maps/Reee_Test.umap" TEMPLATE=0 SHOWPROGRESS=1 FEATURELEVEL=3
[2019.01.27-15.07.36:339][146]LightingResults: New page: Lighting Build
[2019.01.27-15.07.36:342][146]LoadErrors: New page: Loading map: Reee_Test.umap
[2019.01.27-15.07.36:428][146]MapCheck: New page: Map Check
[2019.01.27-15.07.36:428][146]LightingResults: New page: Lighting Build
[2019.01.27-15.07.36:580][146]LogEditorServer: Finished looking for orphan Actors (0.000 secs)
[2019.01.27-15.07.36:665][146]Cmd: MAP CHECKDEP NOCLEARLOG
[2019.01.27-15.07.37:022][146]MapCheck: Map check complete: 0 Error(s), 0 Warning(s), took 356.068ms to complete.
[2019.01.27-15.07.37:023][146]LogFileHelpers: Loading map 'Reee_Test' took 0.685
[2019.01.27-15.07.39:493][415]LogActor: Warning: Fridge_BP_Base_C /Engine/Transient.World_8:PersistentLevel.Fridge_BP_Base_C_0 has natively added scene component(s), but none of them were set as the actor's RootComponent - picking one arbitrarily
[2019.01.27-15.07.39:540][417]LogActor: Warning: Pickup_BP_Food_C /Engine/Transient.World_10:PersistentLevel.Pickup_BP_Food_C_0 has natively added scene component(s), but none of them were set as the actor's RootComponent - picking one arbitrarily
[2019.01.27-15.07.39:559][418]LogActor: Warning: Pickup_BP_Food_Cheese_C /Engine/Transient.World_11:PersistentLevel.Pickup_BP_Food_Cheese_C_0 has natively added scene component(s), but none of them were set as the actor's RootComponent - picking one arbitrarily
[2019.01.27-15.07.39:577][419]LogActor: Warning: Pickup_BP_Food_Chicken_C /Engine/Transient.World_12:PersistentLevel.Pickup_BP_Food_Chicken_C_0 has natively added scene component(s), but none of them were set as the actor's RootComponent - picking one arbitrarily
[2019.01.27-15.07.39:592][420]LogActor: Warning: Pickup_BP_Food_Ham_C /Engine/Transient.World_13:PersistentLevel.Pickup_BP_Food_Ham_C_0 has natively added scene component(s), but none of them were set as the actor's RootComponent - picking one arbitrarily
[2019.01.27-15.07.39:606][421]LogActor: Warning: Pickup_BP_Food_Pizza_C /Engine/Transient.World_14:PersistentLevel.Pickup_BP_Food_Pizza_C_0 has natively added scene component(s), but none of them were set as the actor's RootComponent - picking one arbitrarily
[2019.01.27-15.07.39:621][422]LogActor: Warning: Pickup_BP_Food_Sandwich_C /Engine/Transient.World_15:PersistentLevel.Pickup_BP_Food_Sandwich_C_0 has natively added scene component(s), but none of them were set as the actor's RootComponent - picking one arbitrarily
[2019.01.27-15.07.39:636][423]LogActor: Warning: Pickup_BP_Food_Tomato_C /Engine/Transient.World_16:PersistentLevel.Pickup_BP_Food_Tomato_C_0 has natively added scene component(s), but none of them were set as the actor's RootComponent - picking one arbitrarily
[2019.01.27-15.07.39:883][450]LogAssetEditorManager: Opening Asset editor for LevelScriptBlueprint /Game/StarterContent/Maps/Reee_Test.Reee_Test:PersistentLevel.Reee_Test
[2019.01.27-15.09.43:978][153]Candidate modules for hot reload:
[2019.01.27-15.09.43:978][153]  GGJ2019
[2019.01.27-15.09.43:978][153]Launching UnrealBuildTool... [C:/Epic/UE4/UE_4.20/Engine/Binaries/DotNET/UnrealBuildTool.exe  -ModuleWithSuffix=GGJ2019,6459 Win64 Development -TargetType=Editor -Project="../../../../../../Users/p018236h.STUDENT/Documents/GameJam/GGJ2019/GGJ2019/GGJ2019.uproject" -canskiplink "C:/Users/p018236h.STUDENT/Documents/GameJam/GGJ2019/GGJ2019/GGJ2019.uproject" ]
[2019.01.27-15.09.43:985][153]Warning: Starting HotReload took  0.1s.
[2019.01.27-15.10.24:929][477]CompilerResultsLog: New page: Compilation - 27 Jan 2019 15:10:24
[2019.01.27-15.10.24:930][477]CompilerResultsLog: Using 'git status' to determine working set for adaptive non-unity build.
[2019.01.27-15.10.24:932][477]CompilerResultsLog: Creating makefile for hot reloading GGJ2019Editor (game project files are newer)
[2019.01.27-15.10.24:934][477]CompilerResultsLog: Compiling game modules for hot reload
[2019.01.27-15.10.24:934][477]CompilerResultsLog: Using Visual Studio 2017 14.14.26428 toolchain (C:\Program Files (x86)\Microsoft Visual Studio\2017\Professional\VC\Tools\MSVC\14.14.26428) and Windows 10.0.17134.0 SDK (C:\Program Files (x86)\Windows Kits\10).
[2019.01.27-15.10.24:936][477]CompilerResultsLog: Parsing headers for GGJ2019Editor
[2019.01.27-15.10.24:937][477]CompilerResultsLog:   Running UnrealHeaderTool "C:\Users\p018236h.STUDENT\Documents\GameJam\GGJ2019\GGJ2019\GGJ2019.uproject" "C:\Users\p018236h.STUDENT\Documents\GameJam\GGJ2019\GGJ2019\Intermediate\Build\Win64\GGJ2019Editor\Development\GGJ2019Editor.uhtmanifest" -LogCmds="loginit warning, logexit warning, logdatabase error" -Unattended -WarningsAsErrors -installed
[2019.01.27-15.10.24:937][477]CompilerResultsLog: Reflection code generated for GGJ2019Editor in 12.4904192 seconds
[2019.01.27-15.10.24:938][477]CompilerResultsLog: Building 18 actions with 8 processes...
[2019.01.27-15.10.24:938][477]CompilerResultsLog:   [1/18] GGJ2019.init.gen.cpp
[2019.01.27-15.10.24:938][477]CompilerResultsLog:   [2/18] Fridge_Base.gen.cpp
[2019.01.27-15.10.24:938][477]CompilerResultsLog:   [3/18] Pickup_Food.gen.cpp
[2019.01.27-15.10.24:938][477]CompilerResultsLog:   [4/18] Global_Variables.gen.cpp
[2019.01.27-15.10.24:938][477]CompilerResultsLog:   [5/18] UI_Manager.gen.cpp
[2019.01.27-15.10.24:939][477]CompilerResultsLog:   [6/18] Enemy_Base.gen.cpp
[2019.01.27-15.10.24:939][477]CompilerResultsLog:   [7/18] Player_Base.gen.cpp
[2019.01.27-15.10.24:939][477]CompilerResultsLog:   [8/18] Pickup_Weapon.gen.cpp
[2019.01.27-15.10.24:939][477]CompilerResultsLog:   [9/18] Global_Variables.cpp
[2019.01.27-15.10.24:939][477]CompilerResultsLog:   [10/18] Pickup_Weapon.cpp
[2019.01.27-15.10.24:939][477]CompilerResultsLog:   [11/18] Pickup_Food.cpp
[2019.01.27-15.10.24:940][477]CompilerResultsLog:   [12/18] Fridge_Base.cpp
[2019.01.27-15.10.24:940][477]CompilerResultsLog:   [13/18] UI_Manager.cpp
[2019.01.27-15.10.24:940][477]CompilerResultsLog:   [14/18] EnemySpawner_Base.cpp
[2019.01.27-15.10.24:940][477]CompilerResultsLog:   [15/18] Enemy_Base.cpp
[2019.01.27-15.10.24:940][477]CompilerResultsLog:   [16/18] Player_Base.cpp
[2019.01.27-15.10.24:940][477]CompilerResultsLog:   [17/18] UE4Editor-GGJ2019-6459.lib
[2019.01.27-15.10.24:941][477]CompilerResultsLog:      Creating library C:\Users\p018236h.STUDENT\Documents\GameJam\GGJ2019\GGJ2019\Intermediate\Build\Win64\UE4Editor\Development\GGJ2019\UE4Editor-GGJ2019-6459.lib and object C:\Users\p018236h.STUDENT\Documents\GameJam\GGJ2019\GGJ2019\Intermediate\Build\Win64\UE4Editor\Development\GGJ2019\UE4Editor-GGJ2019-6459.exp
[2019.01.27-15.10.24:941][477]CompilerResultsLog:   [18/18] UE4Editor-GGJ2019-6459.dll
[2019.01.27-15.10.24:941][477]CompilerResultsLog:      Creating library C:\Users\p018236h.STUDENT\Documents\GameJam\GGJ2019\GGJ2019\Intermediate\Build\Win64\UE4Editor\Development\GGJ2019\UE4Editor-GGJ2019-6459.suppressed.lib and object C:\Users\p018236h.STUDENT\Documents\GameJam\GGJ2019\GGJ2019\Intermediate\Build\Win64\UE4Editor\Development\GGJ2019\UE4Editor-GGJ2019-6459.suppressed.exp
[2019.01.27-15.10.24:941][477]CompilerResultsLog: Total build time: 40.32 seconds (Parallel executor: 18.84 seconds)
[2019.01.27-15.10.24:942][477]LogMainFrame: MainFrame: Module compiling took 40.975 seconds
[2019.01.27-15.10.25:072][477]LogClass: FoodTypes HotReload.
[2019.01.27-15.10.25:082][477]LogContentBrowser: Native class hierarchy updated for 'GGJ2019' in 0.0006 seconds. Added 13 classes and 3 folders.
[2019.01.27-15.10.25:087][477]Display: HotReload successful (27 functions remapped  0 scriptstructs remapped)
[2019.01.27-15.10.25:566][477]LogContentBrowser: Native class hierarchy populated in 0.0094 seconds. Added 2587 classes and 610 folders.
[2019.01.27-15.10.25:571][477]Display: HotReload took 41.6s.
[2019.01.27-15.13.09:726][  0]LogEditorTransaction: Undo Add Node
[2019.01.27-15.14.11:282][230]BlueprintLog: New page: Compile Reee_Test
[2019.01.27-15.14.12:991][252]LogSavePackage: Moving '../../../../../../Users/p018236h.STUDENT/Documents/GameJam/GGJ2019/GGJ2019/Saved/Reee_Test22808B0A4D7C7B38D15A2E91ABCE909C.tmp' to '../../../../../../Users/p018236h.STUDENT/Documents/GameJam/GGJ2019/GGJ2019/Content/StarterContent/Maps/Reee_Test.umap'
[2019.01.27-15.14.13:065][252]LogFileHelpers: Saving map 'Reee_Test' took 1.226
[2019.01.27-15.14.28:130][ 27]Candidate modules for hot reload:
[2019.01.27-15.14.28:130][ 27]  GGJ2019
[2019.01.27-15.14.28:130][ 27]Launching UnrealBuildTool... [C:/Epic/UE4/UE_4.20/Engine/Binaries/DotNET/UnrealBuildTool.exe  -ModuleWithSuffix=GGJ2019,7370 Win64 Development -TargetType=Editor -Project="../../../../../../Users/p018236h.STUDENT/Documents/GameJam/GGJ2019/GGJ2019/GGJ2019.uproject" -canskiplink "C:/Users/p018236h.STUDENT/Documents/GameJam/GGJ2019/GGJ2019/GGJ2019.uproject" ]
[2019.01.27-15.14.28:135][ 27]Warning: Starting HotReload took  0.0s.
[2019.01.27-15.14.34:856][807]CompilerResultsLog: New page: Compilation - 27 Jan 2019 15:14:34
[2019.01.27-15.14.34:857][807]CompilerResultsLog: Using 'git status' to determine working set for adaptive non-unity build.
[2019.01.27-15.14.34:857][807]CompilerResultsLog: Compiling game modules for hot reload
[2019.01.27-15.14.34:857][807]CompilerResultsLog: Building 3 actions with 8 processes...
[2019.01.27-15.14.34:857][807]CompilerResultsLog:   [1/3] UI_Manager.cpp
[2019.01.27-15.14.34:857][807]CompilerResultsLog:   [2/3] UE4Editor-GGJ2019-7370.lib
[2019.01.27-15.14.34:857][807]CompilerResultsLog:      Creating library C:\Users\p018236h.STUDENT\Documents\GameJam\GGJ2019\GGJ2019\Intermediate\Build\Win64\UE4Editor\Development\GGJ2019\UE4Editor-GGJ2019-7370.lib and object C:\Users\p018236h.STUDENT\Documents\GameJam\GGJ2019\GGJ2019\Intermediate\Build\Win64\UE4Editor\Development\GGJ2019\UE4Editor-GGJ2019-7370.exp
[2019.01.27-15.14.34:857][807]CompilerResultsLog:   [3/3] UE4Editor-GGJ2019-7370.dll
[2019.01.27-15.14.34:857][807]CompilerResultsLog:      Creating library C:\Users\p018236h.STUDENT\Documents\GameJam\GGJ2019\GGJ2019\Intermediate\Build\Win64\UE4Editor\Development\GGJ2019\UE4Editor-GGJ2019-7370.suppressed.lib and object C:\Users\p018236h.STUDENT\Documents\GameJam\GGJ2019\GGJ2019\Intermediate\Build\Win64\UE4Editor\Development\GGJ2019\UE4Editor-GGJ2019-7370.suppressed.exp
[2019.01.27-15.14.34:858][807]CompilerResultsLog: Total build time: 6.37 seconds (Parallel executor: 2.68 seconds)
[2019.01.27-15.14.34:858][807]LogMainFrame: MainFrame: Module compiling took 6.734 seconds
[2019.01.27-15.14.34:948][807]LogClass: WeaponType HotReload.
[2019.01.27-15.14.34:948][807]LogClass: FoodTypes HotReload.
[2019.01.27-15.14.34:957][807]LogContentBrowser: Native class hierarchy updated for 'GGJ2019' in 0.0006 seconds. Added 13 classes and 3 folders.
[2019.01.27-15.14.34:963][807]Display: HotReload successful (27 functions remapped  0 scriptstructs remapped)
[2019.01.27-15.14.35:355][807]LogContentBrowser: Native class hierarchy populated in 0.0098 seconds. Added 2587 classes and 610 folders.
[2019.01.27-15.14.35:355][807]Display: HotReload took  7.2s.
[2019.01.27-15.15.24:830][613]BlueprintLog: New page: Compile Reee_Test
[2019.01.27-15.15.27:825][786]LogSavePackage: Moving '../../../../../../Users/p018236h.STUDENT/Documents/GameJam/GGJ2019/GGJ2019/Saved/Reee_Test47A20B61485827FE890BB2B1EAA6333B.tmp' to '../../../../../../Users/p018236h.STUDENT/Documents/GameJam/GGJ2019/GGJ2019/Content/StarterContent/Maps/Reee_Test.umap'
[2019.01.27-15.15.27:912][786]LogFileHelpers: Saving map 'Reee_Test' took 1.219
[2019.01.27-15.15.30:673][111]LogTemp: Repeating last play command: Selected Viewport
[2019.01.27-15.15.30:796][111]LogBlueprintUserMessages: Early PlayInEditor Detection: Level '/Game/StarterContent/Maps/Reee_Test.Reee_Test:PersistentLevel' has LevelScriptBlueprint '/Game/StarterContent/Maps/Reee_Test.Reee_Test:PersistentLevel.Reee_Test' with GeneratedClass '/Game/StarterContent/Maps/Reee_Test.Reee_Test_C' with ClassGeneratedBy '/Game/StarterContent/Maps/Reee_Test.Reee_Test:PersistentLevel.Reee_Test'
[2019.01.27-15.15.30:797][111]LogPlayLevel: PlayLevel: No blueprints needed recompiling
[2019.01.27-15.15.30:797][111]PIE: New page: PIE session: Reee_Test (27 Jan 2019 15:15:30)
[2019.01.27-15.15.30:798][111]LogPlayLevel: Creating play world package: /Game/StarterContent/Maps/UEDPIE_0_Reee_Test
[2019.01.27-15.15.30:858][111]LogPlayLevel: PIE: StaticDuplicateObject took: (0.059392s)
[2019.01.27-15.15.30:859][111]LogAIModule: Creating AISystem for world Reee_Test
[2019.01.27-15.15.30:860][111]LogPlayLevel: PIE: World Init took: (0.002396s)
[2019.01.27-15.15.30:861][111]LogPlayLevel: PIE: Created PIE world by copying editor world from /Game/StarterContent/Maps/Reee_Test.Reee_Test to /Game/StarterContent/Maps/UEDPIE_0_Reee_Test.Reee_Test (0.063115s)
[2019.01.27-15.15.30:919][111]LogInit: XAudio2 using 'Speakers (Realtek High Definition Audio)' : 2 channels at 48 kHz using 32 bits per sample (channel mask 0x3)
[2019.01.27-15.15.30:938][111]LogInit: FAudioDevice initialized.
[2019.01.27-15.15.30:975][111]LogLoad: Game class is 'GGJ2019GM_C'
[2019.01.27-15.15.30:983][111]LogWorld: Bringing World /Game/StarterContent/Maps/UEDPIE_0_Reee_Test.Reee_Test up for play (max tick rate 0) at 2019.01.27-15.15.30
[2019.01.27-15.15.30:991][111]LogWorld: Bringing up level for play took: 0.015481
