Log file open, 01/26/19 00:15:25
LogWindows: Failed to load 'aqProf.dll' (GetLastError=126)
LogWindows: File 'aqProf.dll' does not exist
LogWindows: Failed to load 'VSPerf140.dll' (GetLastError=126)
LogWindows: File 'VSPerf140.dll' does not exist
LogWindows: Failed to load 'VtuneApi.dll' (GetLastError=126)
LogWindows: File 'VtuneApi.dll' does not exist
LogWindows: Failed to load 'VtuneApi32e.dll' (GetLastError=126)
LogWindows: File 'VtuneApi32e.dll' does not exist
LogInit: Display: Running engine for game: GGJ2019
LogPlatformFile: Not using cached read wrapper
LogTaskGraph: Started task graph with 5 named threads and 23 total threads with 3 sets of task threads.
LogStats: Stats thread started at 0.420044
LogD3D11RHI: Loaded GFSDK_Aftermath_Lib.x64.dll
LogICUInternationalization: Display: ICU TimeZone Detection - Raw Offset: +0:00, Platform Override: ''
LogPluginManager: Mounting plugin Paper2D
LogPluginManager: Mounting plugin AISupport
LogPluginManager: Mounting plugin LightPropagationVolume
LogPluginManager: Mounting plugin CLionSourceCodeAccess
LogPluginManager: Mounting plugin CodeLiteSourceCodeAccess
LogPluginManager: Mounting plugin GitSourceControl
LogPluginManager: Mounting plugin KDevelopSourceCodeAccess
LogPluginManager: Mounting plugin NullSourceCodeAccess
LogPluginManager: Mounting plugin PerforceSourceControl
LogPluginManager: Mounting plugin SubversionSourceControl
LogPluginManager: Mounting plugin UObjectPlugin
LogPluginManager: Mounting plugin VisualStudioCodeSourceCodeAccess
LogPluginManager: Mounting plugin VisualStudioSourceCodeAccess
LogPluginManager: Mounting plugin XCodeSourceCodeAccess
LogPluginManager: Mounting plugin AssetManagerEditor
LogPluginManager: Mounting plugin CryptoKeys
LogPluginManager: Mounting plugin DataValidation
LogPluginManager: Mounting plugin FacialAnimation
LogPluginManager: Mounting plugin GameplayTagsEditor
LogPluginManager: Mounting plugin MacGraphicsSwitching
LogPluginManager: Mounting plugin MeshEditor
LogPluginManager: Mounting plugin MobileLauncherProfileWizard
LogPluginManager: Mounting plugin PluginBrowser
LogPluginManager: Mounting plugin SpeedTreeImporter
LogPluginManager: Mounting plugin DatasmithContent
LogPluginManager: Mounting plugin AlembicImporter
LogPluginManager: Mounting plugin AppleImageUtils
LogPluginManager: Mounting plugin AppleVision
LogPluginManager: Mounting plugin BackChannel
LogPluginManager: Mounting plugin CharacterAI
LogPluginManager: Mounting plugin GeometryCache
LogPluginManager: Mounting plugin HTML5Networking
LogPluginManager: Mounting plugin ProxyLODPlugin
LogPluginManager: Mounting plugin MagicLeap
LogPluginManager: Mounting plugin MagicLeapEmulator
LogPluginManager: Mounting plugin MagicLeapMedia
LogPluginManager: Mounting plugin AndroidMedia
LogPluginManager: Mounting plugin AvfMedia
LogPluginManager: Mounting plugin ImgMedia
LogPluginManager: Mounting plugin LinearTimecode
LogPluginManager: Mounting plugin MediaCompositing
LogPluginManager: Mounting plugin MediaPlayerEditor
LogPluginManager: Mounting plugin WmfMedia
LogPluginManager: Mounting plugin TcpMessaging
LogPluginManager: Mounting plugin UdpMessaging
LogPluginManager: Mounting plugin ActorSequence
LogPluginManager: Mounting plugin LevelSequenceEditor
LogPluginManager: Mounting plugin MatineeToLevelSequence
LogPluginManager: Mounting plugin NetcodeUnitTest
LogPluginManager: Mounting plugin NUTUnrealEngine4
LogPluginManager: Mounting plugin OnlineSubsystemGooglePlay
LogPluginManager: Mounting plugin OnlineSubsystemIOS
LogPluginManager: Mounting plugin OnlineSubsystem
LogPluginManager: Mounting plugin OnlineSubsystemNull
LogPluginManager: Mounting plugin OnlineSubsystemUtils
LogPluginManager: Mounting plugin LauncherChunkInstaller
LogPluginManager: Mounting plugin AndroidDeviceProfileSelector
LogPluginManager: Mounting plugin AndroidMoviePlayer
LogPluginManager: Mounting plugin AndroidPermission
LogPluginManager: Mounting plugin AppleMoviePlayer
LogPluginManager: Mounting plugin ArchVisCharacter
LogPluginManager: Mounting plugin AudioCapture
LogPluginManager: Mounting plugin CableComponent
LogPluginManager: Mounting plugin CustomMeshComponent
LogPluginManager: Mounting plugin EditableMesh
LogPluginManager: Mounting plugin ExampleDeviceProfileSelector
LogPluginManager: Mounting plugin GoogleCloudMessaging
LogPluginManager: Mounting plugin ImmediatePhysics
LogPluginManager: Mounting plugin IOSDeviceProfileSelector
LogPluginManager: Mounting plugin LinuxDeviceProfileSelector
LogPluginManager: Mounting plugin LocationServicesBPLibrary
LogPluginManager: Mounting plugin MobilePatchingUtils
LogPluginManager: Mounting plugin OculusVR
LogPluginManager: Plugin shader directory ../../../Engine/Plugins/Runtime/Oculus/OculusVR/Shaders found
LogPluginManager: Mapping shader source directory ../../../Engine/Plugins/Runtime/Oculus/OculusVR/Shaders to virtual directory /Plugin/OculusVR
LogPluginManager: Mounting plugin PhysXVehicles
LogPluginManager: Mounting plugin ProceduralMeshComponent
LogPluginManager: Mounting plugin RuntimePhysXCooking
LogPluginManager: Mounting plugin SteamVR
LogPluginManager: Mounting plugin WindowsMoviePlayer
LogStreaming: Display: Took  0.532s to configure plugins.
LogInit: Using libcurl 7.55.1-DEV
LogInit:  - built for x86_64-pc-win32
LogInit:  - supports SSL with OpenSSL/1.0.2h
LogInit:  - supports HTTP deflate (compression) using libz 1.2.8
LogInit:  - other features:
LogInit:      CURL_VERSION_SSL
LogInit:      CURL_VERSION_LIBZ
LogInit:      CURL_VERSION_IPV6
LogInit:      CURL_VERSION_ASYNCHDNS
LogInit:      CURL_VERSION_LARGEFILE
LogInit:      CURL_VERSION_IDN
LogInit:  CurlRequestOptions (configurable via config and command line):
LogInit:  - bVerifyPeer = false  - Libcurl will NOT verify peer certificate
LogInit:  - bUseHttpProxy = false  - Libcurl will NOT use HTTP proxy
LogInit:  - bDontReuseConnections = false  - Libcurl will reuse connections
LogInit:  - CertBundlePath = nullptr  - Libcurl will use whatever was configured at build time.
LogInit:  - MaxHostConnections = 16  - Libcurl will limit the number of connections to a host
LogInit:  - LocalHostAddr = Default
LogInit:  - BufferSize = 65536
LogInit: WinSock: version 1.1 (2.2), MaxSocks=32767, MaxUdp=65467
LogInit: Build: ++UE4+Release-4.20-CL-4369336
LogInit: Engine Version: 4.20.3-4369336+++UE4+Release-4.20
LogInit: Compatible Engine Version: 4.20.0-4212847+++UE4+Release-4.20
LogInit: Net CL: 4212847
LogInit: OS: Windows 10 (), CPU: Intel(R) Xeon(R) CPU E5-1620 v3 @ 3.50GHz, GPU: NVIDIA GeForce GTX 970
LogInit: Compiled (64-bit): Sep 17 2018 12:26:19
LogInit: Compiled with Visual C++: 19.13.26129.00
LogInit: Build Configuration: Development
LogInit: Branch Name: ++UE4+Release-4.20
LogInit: Command Line:  -skipcompile
LogInit: Base Directory: C:/Epic/UE4/UE_4.20/Engine/Binaries/Win64/
LogInit: Installed Engine Build: 1
LogDevObjectVersion: Number of dev versions registered: 20
LogDevObjectVersion:   Dev-Blueprints (B0D832E4-1F89-4F0D-ACCF-7EB736FD4AA2): 10
LogDevObjectVersion:   Dev-Build (E1C64328-A22C-4D53-A36C-8E866417BD8C): 0
LogDevObjectVersion:   Dev-Core (375EC13C-06E4-48FB-B500-84F0262A717E): 2
LogDevObjectVersion:   Dev-Editor (E4B068ED-F494-42E9-A231-DA0B2E46BB41): 24
LogDevObjectVersion:   Dev-Framework (CFFC743F-43B0-4480-9391-14DF171D2073): 34
LogDevObjectVersion:   Dev-Mobile (B02B49B5-BB20-44E9-A304-32B752E40360): 2
LogDevObjectVersion:   Dev-Networking (A4E4105C-59A1-49B5-A7C5-40C4547EDFEE): 0
LogDevObjectVersion:   Dev-Online (39C831C9-5AE6-47DC-9A44-9C173E1C8E7C): 0
LogDevObjectVersion:   Dev-Physics (78F01B33-EBEA-4F98-B9B4-84EACCB95AA2): 0
LogDevObjectVersion:   Dev-Platform (6631380F-2D4D-43E0-8009-CF276956A95A): 0
LogDevObjectVersion:   Dev-Rendering (12F88B9F-8875-4AFC-A67C-D90C383ABD29): 26
LogDevObjectVersion:   Dev-Sequencer (7B5AE74C-D270-4C10-A958-57980B212A5A): 9
LogDevObjectVersion:   Dev-VR (D7296918-1DD6-4BDD-9DE2-64A83CC13884): 2
LogDevObjectVersion:   Dev-LoadTimes (C2A15278-BFE7-4AFE-6C17-90FF531DF755): 1
LogDevObjectVersion:   Private-Geometry (6EACA3D4-40EC-4CC1-B786-8BED09428FC5): 3
LogDevObjectVersion:   Dev-AnimPhys (29E575DD-E0A3-4627-9D10-D276232CDCEA): 17
LogDevObjectVersion:   Dev-ReflectionCapture (6B266CEC-1EC7-4B8F-A30B-E4D90942FC07): 1
LogDevObjectVersion:   Dev-Automation (0DF73D61-A23F-47EA-B727-89E90C41499A): 1
LogDevObjectVersion:   FortniteMain (601D1886-AC64-4F84-AA16-D3DE0DEAC7D6): 12
LogDevObjectVersion:   Dev-Enterprise (9DFFBCD6-494F-0158-E221-12823C92A888): 1
LogStreaming: Display: Took  0.014s to delete old logs.
LogInit: Presizing for max 8388607 objects, including 0 objects not considered by GC, pre-allocating 0 bytes for permanent pool.
LogInit: Object subsystem initialized
[2019.01.26-00.15.26:498][  0]LogInit: Selected Device Profile: [Windows]
[2019.01.26-00.15.26:498][  0]LogInit: Applying CVar settings loaded from the selected device profile: [Windows]
[2019.01.26-00.15.26:523][  0]LogHAL: Display: Platform has ~ 16 GB [17092038656 / 17179869184 / 16], which maps to Larger [LargestMinGB=32, LargerMinGB=12, DefaultMinGB=8, SmallerMinGB=6, SmallestMinGB=0)
[2019.01.26-00.15.26:523][  0]LogInit: Setting Device Profile CVar: [[r.Vulkan.UseRealUBs:1]]
[2019.01.26-00.15.26:523][  0]LogInit: Going up to parent DeviceProfile []
[2019.01.26-00.15.26:523][  0]LogInit: Computer: C115-12
[2019.01.26-00.15.26:523][  0]LogInit: User: h017026h
[2019.01.26-00.15.26:523][  0]LogInit: CPU Page size=4096, Cores=4
[2019.01.26-00.15.26:524][  0]LogInit: High frequency timer resolution =3.410071 MHz
[2019.01.26-00.15.26:524][  0]LogMemory: Memory total: Physical=15.9GB (16GB approx)
[2019.01.26-00.15.26:524][  0]LogMemory: Platform Memory Stats for Windows
[2019.01.26-00.15.26:524][  0]LogMemory: Process Physical Memory: 101.25 MB used, 101.25 MB peak
[2019.01.26-00.15.26:524][  0]LogMemory: Process Virtual Memory: 89.43 MB used, 89.43 MB peak
[2019.01.26-00.15.26:524][  0]LogMemory: Physical Memory: 7365.18 MB used,  8935.06 MB free, 16300.24 MB total
[2019.01.26-00.15.26:524][  0]LogMemory: Virtual Memory: 4638.79 MB used,  8935.06 MB free, 134217728.00 MB total
[2019.01.26-00.15.26:707][  0]LogInit: Using OS detected language (en-US).
[2019.01.26-00.15.26:707][  0]LogInit: Using OS detected locale (en-GB).
[2019.01.26-00.15.26:709][  0]LogTextLocalizationManager: No specific localization for 'en-US' exists, so the 'en' localization will be used.
[2019.01.26-00.15.27:106][  0]LogStreaming: Display: Took  0.400s to InitEngineTextLocalization.
[2019.01.26-00.15.27:107][  0]LogInit: Setting process to per monitor DPI aware
[2019.01.26-00.15.27:183][  0]LogSlate: New Slate User Created.  User Index 0, Is Virtual User: 0
[2019.01.26-00.15.27:183][  0]LogSlate: Slate User Registered.  User Index 0, Is Virtual User: 0
[2019.01.26-00.15.27:532][  0]LogHMD: Failed to initialize OpenVR with code 110
[2019.01.26-00.15.27:532][  0]LogD3D11RHI: D3D11 adapters:
[2019.01.26-00.15.27:639][  0]LogD3D11RHI:    0. 'NVIDIA GeForce GTX 970' (Feature Level 11_0)
[2019.01.26-00.15.27:639][  0]LogD3D11RHI:       4043/0/8150 MB DedicatedVideo/DedicatedSystem/SharedSystem, Outputs:2, VendorId:0x10de
[2019.01.26-00.15.27:646][  0]LogD3D11RHI:    1. 'Microsoft Basic Render Driver' (Feature Level 11_0)
[2019.01.26-00.15.27:646][  0]LogD3D11RHI:       0/0/8150 MB DedicatedVideo/DedicatedSystem/SharedSystem, Outputs:0, VendorId:0x1414
[2019.01.26-00.15.27:646][  0]LogD3D11RHI: Chosen D3D11 Adapter: 0
[2019.01.26-00.15.27:658][  0]LogD3D11RHI: Creating new Direct3DDevice
[2019.01.26-00.15.27:658][  0]LogD3D11RHI:     GPU DeviceId: 0x13c2 (for the marketing name, search the web for "GPU Device Id")
[2019.01.26-00.15.27:658][  0]LogWindows: EnumDisplayDevices:
[2019.01.26-00.15.27:659][  0]LogWindows:    0. 'NVIDIA GeForce GTX 970' (P:0 D:1)
[2019.01.26-00.15.27:659][  0]LogWindows:    1. 'NVIDIA GeForce GTX 970' (P:1 D:1)
[2019.01.26-00.15.27:660][  0]LogWindows:    2. 'NVIDIA GeForce GTX 970' (P:0 D:0)
[2019.01.26-00.15.27:660][  0]LogWindows:    3. 'NVIDIA GeForce GTX 970' (P:0 D:0)
[2019.01.26-00.15.27:660][  0]LogWindows: DebugString: FoundDriverCount:4 
[2019.01.26-00.15.27:661][  0]LogD3D11RHI:     Adapter Name: NVIDIA GeForce GTX 970
[2019.01.26-00.15.27:661][  0]LogD3D11RHI:   Driver Version: 398.82 (internal:24.21.13.9882, unified:398.82)
[2019.01.26-00.15.27:661][  0]LogD3D11RHI:      Driver Date: 7-30-2018
[2019.01.26-00.15.27:661][  0]LogRHI: Texture pool is 2830 MB (70% of 4043 MB)
[2019.01.26-00.15.27:729][  0]LogD3D11RHI: Async texture creation enabled
[2019.01.26-00.15.27:751][  0]LogD3D11RHI: GPU Timing Frequency: 1000.000000 (Debug: 2 2)
[2019.01.26-00.15.27:796][  0]LogShaderCompilers: Guid format shader working directory is -20 characters bigger than the processId version (../../../../../../Users/h017026h/Documents/Game Jame/GGJ2019/GGJ2019/Intermediate/Shaders/WorkingDirectory/17432/).
[2019.01.26-00.15.27:797][  0]LogShaderCompilers: Cleaned the shader compiler working directory 'C:/Users/h017026h/AppData/Local/Temp/UnrealShaderWorkingDir/469AE2BD43F76E836856ED803CFAB423/'.
[2019.01.26-00.15.28:156][  0]LogTemp: Display: Loaded TP AllDesktopTargetPlatform
[2019.01.26-00.15.28:175][  0]LogTemp: Display: Loaded TP MacClientTargetPlatform
[2019.01.26-00.15.28:193][  0]LogTemp: Display: Loaded TP MacNoEditorTargetPlatform
[2019.01.26-00.15.28:212][  0]LogTemp: Display: Loaded TP MacServerTargetPlatform
[2019.01.26-00.15.28:233][  0]LogTemp: Display: Loaded TP MacTargetPlatform
[2019.01.26-00.15.28:252][  0]LogTemp: Display: Loaded TP WindowsClientTargetPlatform
[2019.01.26-00.15.28:271][  0]LogTemp: Display: Loaded TP WindowsNoEditorTargetPlatform
[2019.01.26-00.15.28:291][  0]LogTemp: Display: Loaded TP WindowsServerTargetPlatform
[2019.01.26-00.15.28:302][  0]LogTemp: Display: Loaded TP WindowsTargetPlatform
[2019.01.26-00.15.28:403][  0]LogTemp: Display: Loaded TP AndroidTargetPlatform
[2019.01.26-00.15.28:403][  0]LogTemp: Display: Loaded TP AndroidTargetPlatform
[2019.01.26-00.15.28:403][  0]LogTemp: Display: Loaded TP AndroidTargetPlatform
[2019.01.26-00.15.28:403][  0]LogTemp: Display: Loaded TP AndroidTargetPlatform
[2019.01.26-00.15.28:403][  0]LogTemp: Display: Loaded TP AndroidTargetPlatform
[2019.01.26-00.15.28:404][  0]LogTemp: Display: Loaded TP AndroidTargetPlatform
[2019.01.26-00.15.28:404][  0]LogTemp: Display: Loaded TP AndroidTargetPlatform
[2019.01.26-00.15.28:404][  0]LogTemp: Display: Loaded TP AndroidTargetPlatform
[2019.01.26-00.15.28:404][  0]LogTemp: Display: Loaded TP AndroidTargetPlatform
[2019.01.26-00.15.28:404][  0]LogTemp: Display: Loaded TP AndroidTargetPlatform
[2019.01.26-00.15.28:404][  0]LogTemp: Display: Loaded TP AndroidTargetPlatform
[2019.01.26-00.15.28:404][  0]LogTemp: Display: Loaded TP AndroidTargetPlatform
[2019.01.26-00.15.28:404][  0]LogTemp: Display: Loaded TP AndroidTargetPlatform
[2019.01.26-00.15.28:404][  0]LogTemp: Display: Loaded TP AndroidTargetPlatform
[2019.01.26-00.15.28:404][  0]LogTemp: Display: Loaded TP AndroidTargetPlatform
[2019.01.26-00.15.28:405][  0]LogTemp: Display: Loaded TP AndroidTargetPlatform
[2019.01.26-00.15.28:405][  0]LogTemp: Display: Loaded TP AndroidTargetPlatform
[2019.01.26-00.15.28:405][  0]LogTemp: Display: Loaded TP AndroidTargetPlatform
[2019.01.26-00.15.28:412][  0]LogTemp: Display: Loaded TP HTML5TargetPlatform
[2019.01.26-00.15.28:526][  0]LogTemp: Display: Loaded TP IOSTargetPlatform
[2019.01.26-00.15.28:526][  0]LogTemp: Display: Loaded TP IOSTargetPlatform
[2019.01.26-00.15.28:559][  0]LogTemp: Display: Loaded TP TVOSTargetPlatform
[2019.01.26-00.15.28:559][  0]LogTemp: Display: Loaded TP TVOSTargetPlatform
[2019.01.26-00.15.28:604][  0]LogTemp: Display: Loaded TP LinuxClientTargetPlatform
[2019.01.26-00.15.28:639][  0]LogTemp: Display: Loaded TP LinuxNoEditorTargetPlatform
[2019.01.26-00.15.28:664][  0]LogTemp: Display: Loaded TP LinuxServerTargetPlatform
[2019.01.26-00.15.28:684][  0]LogTemp: Display: Loaded TP LinuxTargetPlatform
[2019.01.26-00.15.28:701][  0]LogTemp: Display: Loaded TP LuminTargetPlatform
[2019.01.26-00.15.28:701][  0]LogTargetPlatformManager: Display: Building Assets For Windows
[2019.01.26-00.15.28:892][  0]LogXGEController: Cleaning working directory: C:/Users/h017026h/AppData/Local/Temp/UnrealXGEWorkingDir/
[2019.01.26-00.15.28:893][  0]LogXGEController: Cannot use XGE Controller as Incredibuild is not installed on this machine.
[2019.01.26-00.15.28:893][  0]LogShaderCompilers: Cannot use XGE Shader Compiler as Incredibuild is not installed on this machine.
[2019.01.26-00.15.28:893][  0]LogShaderCompilers: Display: Using Local Shader Compiler.
[2019.01.26-00.15.30:079][  0]LogDerivedDataCache: Display: Max Cache Size: 512 MB
[2019.01.26-00.15.30:194][  0]LogDerivedDataCache: Loaded boot cache 0.11s 71MB C:/Users/h017026h/AppData/Local/UnrealEngine/4.20/DerivedDataCache/Boot.ddc.
[2019.01.26-00.15.30:196][  0]LogDerivedDataCache: Display: Loaded Boot cache: C:/Users/h017026h/AppData/Local/UnrealEngine/4.20/DerivedDataCache/Boot.ddc
[2019.01.26-00.15.30:196][  0]LogDerivedDataCache: FDerivedDataBackendGraph:  Pak pak cache file ../../../../../../Users/h017026h/Documents/Game Jame/GGJ2019/GGJ2019/DerivedDataCache/DDC.ddp not found, will not use a pak cache.
[2019.01.26-00.15.30:196][  0]LogDerivedDataCache: Unable to find inner node Pak for hierarchical cache Hierarchy.
[2019.01.26-00.15.30:196][  0]LogDerivedDataCache: FDerivedDataBackendGraph:  CompressedPak pak cache file ../../../../../../Users/h017026h/Documents/Game Jame/GGJ2019/GGJ2019/DerivedDataCache/Compressed.ddp not found, will not use a pak cache.
[2019.01.26-00.15.30:196][  0]LogDerivedDataCache: Unable to find inner node CompressedPak for hierarchical cache Hierarchy.
[2019.01.26-00.15.30:210][  0]LogDerivedDataCache: Display: Pak cache opened for reading ../../../Engine/DerivedDataCache/Compressed.ddp.
[2019.01.26-00.15.30:225][  0]LogDerivedDataCache: Using Local data cache path C:/Users/h017026h/AppData/Local/UnrealEngine/Common/DerivedDataCache: Writable
[2019.01.26-00.15.30:225][  0]LogDerivedDataCache: Shared data cache path not found in *engine.ini, will not use an Shared cache.
[2019.01.26-00.15.30:226][  0]LogDerivedDataCache: Unable to find inner node Shared for hierarchical cache Hierarchy.
[2019.01.26-00.15.30:246][  0]LogMaterial: Verifying Global Shaders for PCD3D_SM5
[2019.01.26-00.15.30:249][  0]LogSlate: Using FreeType 2.6.0
[2019.01.26-00.15.30:251][  0]LogSlate: SlateFontServices - WITH_FREETYPE: 1, WITH_HARFBUZZ: 1
[2019.01.26-00.15.30:343][  0]LogAssetRegistry: FAssetRegistry took 0.0304 seconds to start up
[2019.01.26-00.15.30:785][  0]LogInit: Selected Device Profile: [Windows]
[2019.01.26-00.15.30:984][  0]LogSimplygon: Simplygon DLL not present - disabling.
[2019.01.26-00.15.30:996][  0]LogMeshReduction: Using SimplygonSwarm for distributed automatic mesh merging
[2019.01.26-00.15.30:997][  0]LogMeshReduction: Using ProxyLODMeshReduction for automatic mesh merging
[2019.01.26-00.15.30:997][  0]LogMeshReduction: Using QuadricMeshReduction for automatic static mesh reduction
[2019.01.26-00.15.30:997][  0]LogMeshReduction: No automatic skeletal mesh reduction module available
[2019.01.26-00.15.31:026][  0]LogNetVersion: GGJ2019 1.0.0, NetCL: 4212847, EngineNetVer: 5, GameNetVer: 0 (Checksum: 54619999)
[2019.01.26-00.15.32:129][  0]LogPackageLocalizationCache: Processed 11 localized package path(s) for 2 prioritized culture(s) in 0.485195 seconds
[2019.01.26-00.15.32:138][  0]LogUObjectArray: 38425 objects as part of root set at end of initial load.
[2019.01.26-00.15.32:138][  0]LogUObjectAllocator: 6690872 out of 0 bytes used by permanent object pool.
[2019.01.26-00.15.32:138][  0]LogUObjectArray: CloseDisregardForGC: 0/0 objects in disregard for GC pool
[2019.01.26-00.15.33:417][  0]LogTcpMessaging: Initializing TcpMessaging bridge
[2019.01.26-00.15.33:434][  0]LogUdpMessaging: Initializing bridge on interface 0.0.0.0:0 to multicast group 230.0.0.1:6666.
[2019.01.26-00.15.33:658][  0]SourceControl: Source control is disabled
[2019.01.26-00.15.33:658][  0]SourceControl: Source control is disabled
[2019.01.26-00.15.33:662][  0]SourceControl: Source control is disabled
[2019.01.26-00.15.33:666][  0]SourceControl: Source control is disabled
[2019.01.26-00.15.34:000][  0]LogAndroidPermission: UAndroidPermissionCallbackProxy::GetInstance
[2019.01.26-00.15.34:145][  0]LogOcInput: OculusInput pre-init called
[2019.01.26-00.15.34:224][  0]LogEngine: Initializing Engine...
[2019.01.26-00.15.34:226][  0]LogHMD: Failed to initialize OpenVR with code 110
[2019.01.26-00.15.34:227][  0]LogStats: UGameplayTagsManager::ConstructGameplayTagTree: ImportINI prefixes -  0.000 s
[2019.01.26-00.15.34:227][  0]LogStats: UGameplayTagsManager::ConstructGameplayTagTree: Construct from data asset -  0.000 s
[2019.01.26-00.15.34:228][  0]LogStats: UGameplayTagsManager::ConstructGameplayTagTree: ImportINI -  0.000 s
[2019.01.26-00.15.34:228][  0]LogStats: UGameplayTagsManager::ConstructGameplayTagTree: GameplayTagTreeChangedEvent.Broadcast -  0.000 s
[2019.01.26-00.15.34:505][  0]LogInit: Initializing FReadOnlyCVARCache
[2019.01.26-00.15.34:530][  0]LogAIModule: Creating AISystem for world Untitled
[2019.01.26-00.15.34:581][  0]LogInit: XAudio2 using 'Headset Earphone (Corsair VOID PRO USB Gaming Headset )' : 2 channels at 48 kHz using 16 bits per sample (channel mask 0x3)
[2019.01.26-00.15.34:602][  0]LogInit: FAudioDevice initialized.
[2019.01.26-00.15.34:602][  0]LogNetVersion: Set ProjectVersion to 1.0.0.0. Version Checksum will be recalculated on next use.
[2019.01.26-00.15.34:706][  0]LogDerivedDataCache: Saved boot cache 0.10s 71MB C:/Users/h017026h/AppData/Local/UnrealEngine/4.20/DerivedDataCache/Boot.ddc.
[2019.01.26-00.15.34:721][  0]LogInit: Texture streaming: Enabled
[2019.01.26-00.15.34:768][  0]LogEngineSessionManager: EngineSessionManager initialized
[2019.01.26-00.15.34:786][  0]LogInit: Transaction tracking system initialized
[2019.01.26-00.15.34:852][  0]BlueprintLog: New page: Editor Load
[2019.01.26-00.15.35:026][  0]LocalizationService: Localization service is disabled
[2019.01.26-00.15.35:388][  0]LogCook: Display: Max memory allowance for cook 16384mb min free memory 0mb
[2019.01.26-00.15.35:388][  0]LogCook: Display: Mobile HDR setting 1
[2019.01.26-00.15.35:388][  0]LogGameplayTags: Display: UGameplayTagsManager::DoneAddingNativeTags. DelegateIsBound: 0
[2019.01.26-00.15.35:389][  0]LogStats: UGameplayTagsManager::ConstructGameplayTagTree: ImportINI prefixes -  0.000 s
[2019.01.26-00.15.35:389][  0]LogStats: UGameplayTagsManager::ConstructGameplayTagTree: Construct from data asset -  0.000 s
[2019.01.26-00.15.35:389][  0]LogStats: UGameplayTagsManager::ConstructGameplayTagTree: ImportINI -  0.000 s
[2019.01.26-00.15.35:389][  0]LogStats: UGameplayTagsManager::ConstructGameplayTagTree: GameplayTagTreeChangedEvent.Broadcast -  0.000 s
[2019.01.26-00.15.35:626][  0]LogFileCache: Scanning file cache for directory 'C:/Users/h017026h/Documents/Game Jame/GGJ2019/GGJ2019/Content/' took 0.02s
[2019.01.26-00.15.35:643][  0]SourceControl: Source control is disabled
[2019.01.26-00.15.35:643][  0]Cmd: MAP LOAD FILE="../../../../../../Users/h017026h/Documents/Game Jame/GGJ2019/GGJ2019/Content/GameLevel.umap" TEMPLATE=0 SHOWPROGRESS=1 FEATURELEVEL=3
[2019.01.26-00.15.35:644][  0]LightingResults: New page: Lighting Build
[2019.01.26-00.15.35:651][  0]MapCheck: New page: Map Check
[2019.01.26-00.15.35:651][  0]LightingResults: New page: Lighting Build
[2019.01.26-00.15.35:991][  0]LogAIModule: Creating AISystem for world GameLevel
[2019.01.26-00.15.36:006][  0]LogEditorServer: Finished looking for orphan Actors (0.000 secs)
[2019.01.26-00.15.36:032][  0]Cmd: MAP CHECKDEP NOCLEARLOG
[2019.01.26-00.15.36:222][  0]MapCheck: Map check complete: 0 Error(s), 0 Warning(s), took 189.065ms to complete.
[2019.01.26-00.15.36:222][  0]LogFileHelpers: Loading map 'GameLevel' took 0.579
[2019.01.26-00.15.36:360][  0]LogSlate: Updating window title bar state: overlay mode, drag disabled, window buttons hidden, title bar hidden
[2019.01.26-00.15.36:368][  0]LogSlate: Updating window title bar state: overlay mode, drag disabled, window buttons hidden, title bar hidden
[2019.01.26-00.15.36:375][  0]LogSlate: Updating window title bar state: overlay mode, drag disabled, window buttons hidden, title bar hidden
[2019.01.26-00.15.36:382][  0]LogSlate: Updating window title bar state: overlay mode, drag disabled, window buttons hidden, title bar hidden
[2019.01.26-00.15.36:397][  0]LogCollectionManager: Loaded 0 collections in 0.003594 seconds
[2019.01.26-00.15.36:451][  0]LogFileCache: Scanning file cache for directory 'C:/Users/h017026h/Documents/Game Jame/GGJ2019/GGJ2019/Saved/Collections/' took 0.01s
[2019.01.26-00.15.36:451][  0]LogFileCache: Scanning file cache for directory 'C:/Users/h017026h/Documents/Game Jame/GGJ2019/GGJ2019/Content/Developers/h017026h/Collections/' took 0.01s
[2019.01.26-00.15.36:451][  0]LogFileCache: Scanning file cache for directory 'C:/Users/h017026h/Documents/Game Jame/GGJ2019/GGJ2019/Content/Collections/' took 0.01s
[2019.01.26-00.15.36:452][  0]LogCollectionManager: Rebuilt the GUID cache for 0 collections in 0.000000 seconds
[2019.01.26-00.15.36:463][  0]LogContentBrowser: Native class hierarchy populated in 0.0107 seconds. Added 2579 classes and 606 folders.
[2019.01.26-00.15.36:476][  0]LogContentBrowser: Native class hierarchy updated for 'WidgetCarousel' in 0.0007 seconds. Added 0 classes and 0 folders.
[2019.01.26-00.15.36:563][  0]LogContentBrowser: Native class hierarchy updated for 'AddContentDialog' in 0.0005 seconds. Added 0 classes and 0 folders.
[2019.01.26-00.15.36:575][  0]LogContentBrowser: Native class hierarchy updated for 'SceneOutliner' in 0.0006 seconds. Added 1 classes and 2 folders.
[2019.01.26-00.15.36:609][  0]LogSlate: Took 0.000271 seconds to synchronously load lazily loaded font '../../../Engine/Content/Slate/Fonts/Roboto-Regular.ttf' (155K)
[2019.01.26-00.15.36:612][  0]LogSlate: Took 0.000281 seconds to synchronously load lazily loaded font '../../../Engine/Content/Slate/Fonts/Roboto-Bold.ttf' (160K)
[2019.01.26-00.15.36:620][  0]LogSlate: Took 0.000368 seconds to synchronously load lazily loaded font '../../../Engine/Content/Editor/Slate/Fonts/FontAwesome.ttf' (139K)
[2019.01.26-00.15.36:713][  0]LogRenderer: Reallocating scene render targets to support 1208x576 Format 10 NumSamples 1 (Frame:1).
[2019.01.26-00.15.36:768][  0]LogSlate: Took 0.000223 seconds to synchronously load lazily loaded font '../../../Engine/Content/Slate/Fonts/Roboto-Light.ttf' (167K)
[2019.01.26-00.15.36:839][  0]LogSlate: FSceneViewport::OnFocusLost() reason 2
[2019.01.26-00.15.36:857][  0]LogSlate: Window 'Tutorials' being destroyed
[2019.01.26-00.15.36:894][  0]LogContentBrowser: Native class hierarchy updated for 'HierarchicalLODOutliner' in 0.0005 seconds. Added 0 classes and 0 folders.
[2019.01.26-00.15.36:894][  0]LogLoad: (Engine Initialization) Total time: 14.09 seconds
[2019.01.26-00.15.36:894][  0]LogLoad: (Engine Initialization) Total Blueprint compile time: 0.00 seconds
[2019.01.26-00.15.36:913][  0]LogWindowsTextInputMethodSystem: Display: IME system now deactivated.
[2019.01.26-00.15.36:949][  0]LogContentStreaming: Texture pool size now 1000 MB
[2019.01.26-00.15.37:002][  1]LogFileCache: Retrieving MD5 hashes for directory 'C:/Users/h017026h/Documents/Game Jame/GGJ2019/GGJ2019/Content/' took 0.08s
[2019.01.26-00.15.37:021][  1]LogAssetRegistry: Asset discovery search completed in 6.7022 seconds
[2019.01.26-00.15.37:023][  1]LogCollectionManager: Rebuilt the object cache for 0 collections in 0.000001 seconds (found 0 objects)
[2019.01.26-00.15.37:023][  1]LogCollectionManager: Fixed up redirectors for 0 collections in 0.000135 seconds (updated 0 objects)
[2019.01.26-00.16.40:786][ 37]LogSlate: FSceneViewport::OnFocusLost() reason 0
[2019.01.26-00.16.42:314][189]LogSlate: Took 0.000241 seconds to synchronously load lazily loaded font '../../../Engine/Content/Slate/Fonts/Roboto-Light.ttf' (167K)
[2019.01.26-00.16.42:386][189]LogAIModule: Creating AISystem for world AngTest
[2019.01.26-00.16.42:400][189]LogAssetEditorManager: Opening Asset editor for World /Game/AngTest.AngTest
[2019.01.26-00.16.42:427][189]Cmd: MAP LOAD FILE="../../../../../../Users/h017026h/Documents/Game Jame/GGJ2019/GGJ2019/Content/AngTest.umap" TEMPLATE=0 SHOWPROGRESS=1 FEATURELEVEL=3
[2019.01.26-00.16.42:427][189]LightingResults: New page: Lighting Build
[2019.01.26-00.16.42:428][189]LoadErrors: New page: Loading map: AngTest.umap
[2019.01.26-00.16.42:430][189]MapCheck: New page: Map Check
[2019.01.26-00.16.42:430][189]LightingResults: New page: Lighting Build
[2019.01.26-00.16.42:457][189]LogEditorServer: Finished looking for orphan Actors (0.000 secs)
[2019.01.26-00.16.42:523][189]Cmd: MAP CHECKDEP NOCLEARLOG
[2019.01.26-00.16.42:716][189]MapCheck: Map check complete: 0 Error(s), 0 Warning(s), took 191.872ms to complete.
[2019.01.26-00.16.42:717][189]LogFileHelpers: Loading map 'AngTest' took 0.290
[2019.01.26-00.16.45:179][457]LogAssetEditorManager: Opening Asset editor for Blueprint /Game/Player_BP_Base.Player_BP_Base
[2019.01.26-00.16.45:653][457]LogContentBrowser: Native class hierarchy updated for 'BlueprintGraph' in 0.0008 seconds. Added 116 classes and 0 folders.
[2019.01.26-00.16.46:599][457]LogSlate: Took 0.000362 seconds to synchronously load lazily loaded font '../../../Engine/Content/Slate/Fonts/Roboto-BoldCondensed.ttf' (158K)
[2019.01.26-00.16.46:725][458]LogSlate: Took 0.000230 seconds to synchronously load lazily loaded font '../../../Engine/Content/Slate/Fonts/Roboto-Italic.ttf' (157K)
[2019.01.26-00.16.48:031][593]LogRenderer: Reallocating scene render targets to support 1208x712 Format 10 NumSamples 1 (Frame:1).
[2019.01.26-00.16.55:122][431]LogSlate: FSceneViewport::OnFocusLost() reason 0
[2019.01.26-00.17.04:034][467]LogSlate: FSceneViewport::OnFocusLost() reason 0
[2019.01.26-00.17.04:134][479]BlueprintLog: New page: Compile Player_BP_Base
[2019.01.26-00.17.09:321][ 72]BlueprintLog: New page: Compile Player_BP_Base
[2019.01.26-00.17.10:332][170]LogTemp: Repeating last play command: Selected Viewport
[2019.01.26-00.17.10:361][170]LogPlayLevel: PlayLevel: No blueprints needed recompiling
[2019.01.26-00.17.10:375][170]PIE: New page: PIE session: AngTest (26 Jan 2019 00:17:10)
[2019.01.26-00.17.10:376][170]LogPlayLevel: Creating play world package: /Game/UEDPIE_0_AngTest
[2019.01.26-00.17.10:396][170]LogPlayLevel: PIE: StaticDuplicateObject took: (0.019996s)
[2019.01.26-00.17.10:396][170]LogAIModule: Creating AISystem for world AngTest
[2019.01.26-00.17.10:397][170]LogPlayLevel: PIE: World Init took: (0.000873s)
[2019.01.26-00.17.10:397][170]LogPlayLevel: PIE: Created PIE world by copying editor world from /Game/AngTest.AngTest to /Game/UEDPIE_0_AngTest.AngTest (0.021244s)
[2019.01.26-00.17.10:437][170]LogInit: XAudio2 using 'Headset Earphone (Corsair VOID PRO USB Gaming Headset )' : 2 channels at 48 kHz using 16 bits per sample (channel mask 0x3)
[2019.01.26-00.17.10:448][170]LogInit: FAudioDevice initialized.
[2019.01.26-00.17.10:459][170]LogSlate: Updating window title bar state: overlay mode, drag disabled, window buttons hidden, title bar hidden
[2019.01.26-00.17.10:531][170]LogLoad: Game class is 'GGJ2019GM_C'
[2019.01.26-00.17.10:534][170]LogWorld: Bringing World /Game/UEDPIE_0_AngTest.AngTest up for play (max tick rate 0) at 2019.01.26-00.17.10
[2019.01.26-00.17.10:534][170]LogWorld: Bringing up level for play took: 0.001774
[2019.01.26-00.17.10:557][170]LogContentBrowser: Native class hierarchy updated for 'MovieSceneCapture' in 0.0005 seconds. Added 10 classes and 0 folders.
[2019.01.26-00.17.10:560][170]PIE: Play in editor start time for /Game/UEDPIE_0_AngTest 0.785
[2019.01.26-00.17.10:598][170]LogRenderer: Reallocating scene render targets to support 1292x756 Format 10 NumSamples 1 (Frame:1).
[2019.01.26-00.17.25:820][985]LogSlate: Updating window title bar state: overlay mode, drag disabled, window buttons hidden, title bar hidden
[2019.01.26-00.17.25:844][985]LogSlate: Window 'GGJ2019 Game Preview Standalone (64-bit/PCD3D_SM5)' being destroyed
[2019.01.26-00.17.25:882][985]LogPlayLevel: Display: Shutting down PIE online subsystems
[2019.01.26-00.17.25:937][986]LogPlayLevel: Display: Destroying online subsystem :Context_4
[2019.01.26-00.17.28:277][260]Cmd: OBJ SAVEPACKAGE PACKAGE="/Game/Player_BP_Base" FILE="../../../../../../Users/h017026h/Documents/Game Jame/GGJ2019/GGJ2019/Content/Player_BP_Base.uasset" SILENT=true
[2019.01.26-00.17.28:345][260]LogSavePackage: Moving '../../../../../../Users/h017026h/Documents/Game Jame/GGJ2019/GGJ2019/Saved/Player_BP_BaseE756C06C45C907ACA1897BAC04E855BB.tmp' to '../../../../../../Users/h017026h/Documents/Game Jame/GGJ2019/GGJ2019/Content/Player_BP_Base.uasset'
