Log file open, 01/26/19 06:24:48
LogWindows: Failed to load 'aqProf.dll' (GetLastError=126)
LogWindows: File 'aqProf.dll' does not exist
LogWindows: Failed to load 'VSPerf140.dll' (GetLastError=126)
LogWindows: File 'VSPerf140.dll' does not exist
LogWindows: Failed to load 'VtuneApi.dll' (GetLastError=126)
LogWindows: File 'VtuneApi.dll' does not exist
LogWindows: Failed to load 'VtuneApi32e.dll' (GetLastError=126)
LogWindows: File 'VtuneApi32e.dll' does not exist
LogInit: Display: Running engine for game: GGJ2019
LogPlatformFile: Not using cached read wrapper
LogTaskGraph: Started task graph with 5 named threads and 23 total threads with 3 sets of task threads.
LogStats: Stats thread started at 0.407010
LogD3D11RHI: Loaded GFSDK_Aftermath_Lib.x64.dll
LogICUInternationalization: Display: ICU TimeZone Detection - Raw Offset: +0:00, Platform Override: ''
LogPluginManager: Mounting plugin Paper2D
LogPluginManager: Mounting plugin AISupport
LogPluginManager: Mounting plugin LightPropagationVolume
LogPluginManager: Mounting plugin CLionSourceCodeAccess
LogPluginManager: Mounting plugin CodeLiteSourceCodeAccess
LogPluginManager: Mounting plugin GitSourceControl
LogPluginManager: Mounting plugin KDevelopSourceCodeAccess
LogPluginManager: Mounting plugin NullSourceCodeAccess
LogPluginManager: Mounting plugin PerforceSourceControl
LogPluginManager: Mounting plugin SubversionSourceControl
LogPluginManager: Mounting plugin UObjectPlugin
LogPluginManager: Mounting plugin VisualStudioCodeSourceCodeAccess
LogPluginManager: Mounting plugin VisualStudioSourceCodeAccess
LogPluginManager: Mounting plugin XCodeSourceCodeAccess
LogPluginManager: Mounting plugin AssetManagerEditor
LogPluginManager: Mounting plugin CryptoKeys
LogPluginManager: Mounting plugin DataValidation
LogPluginManager: Mounting plugin FacialAnimation
LogPluginManager: Mounting plugin GameplayTagsEditor
LogPluginManager: Mounting plugin MacGraphicsSwitching
LogPluginManager: Mounting plugin MeshEditor
LogPluginManager: Mounting plugin MobileLauncherProfileWizard
LogPluginManager: Mounting plugin PluginBrowser
LogPluginManager: Mounting plugin SpeedTreeImporter
LogPluginManager: Mounting plugin DatasmithContent
LogPluginManager: Mounting plugin AlembicImporter
LogPluginManager: Mounting plugin AppleImageUtils
LogPluginManager: Mounting plugin AppleVision
LogPluginManager: Mounting plugin BackChannel
LogPluginManager: Mounting plugin CharacterAI
LogPluginManager: Mounting plugin GeometryCache
LogPluginManager: Mounting plugin HTML5Networking
LogPluginManager: Mounting plugin ProxyLODPlugin
LogPluginManager: Mounting plugin MagicLeap
LogPluginManager: Mounting plugin MagicLeapEmulator
LogPluginManager: Mounting plugin MagicLeapMedia
LogPluginManager: Mounting plugin AndroidMedia
LogPluginManager: Mounting plugin AvfMedia
LogPluginManager: Mounting plugin ImgMedia
LogPluginManager: Mounting plugin LinearTimecode
LogPluginManager: Mounting plugin MediaCompositing
LogPluginManager: Mounting plugin MediaPlayerEditor
LogPluginManager: Mounting plugin WmfMedia
LogPluginManager: Mounting plugin TcpMessaging
LogPluginManager: Mounting plugin UdpMessaging
LogPluginManager: Mounting plugin ActorSequence
LogPluginManager: Mounting plugin LevelSequenceEditor
LogPluginManager: Mounting plugin MatineeToLevelSequence
LogPluginManager: Mounting plugin NetcodeUnitTest
LogPluginManager: Mounting plugin NUTUnrealEngine4
LogPluginManager: Mounting plugin OnlineSubsystemGooglePlay
LogPluginManager: Mounting plugin OnlineSubsystemIOS
LogPluginManager: Mounting plugin OnlineSubsystem
LogPluginManager: Mounting plugin OnlineSubsystemNull
LogPluginManager: Mounting plugin OnlineSubsystemUtils
LogPluginManager: Mounting plugin LauncherChunkInstaller
LogPluginManager: Mounting plugin AndroidDeviceProfileSelector
LogPluginManager: Mounting plugin AndroidMoviePlayer
LogPluginManager: Mounting plugin AndroidPermission
LogPluginManager: Mounting plugin AppleMoviePlayer
LogPluginManager: Mounting plugin ArchVisCharacter
LogPluginManager: Mounting plugin AudioCapture
LogPluginManager: Mounting plugin CableComponent
LogPluginManager: Mounting plugin CustomMeshComponent
LogPluginManager: Mounting plugin EditableMesh
LogPluginManager: Mounting plugin ExampleDeviceProfileSelector
LogPluginManager: Mounting plugin GoogleCloudMessaging
LogPluginManager: Mounting plugin ImmediatePhysics
LogPluginManager: Mounting plugin IOSDeviceProfileSelector
LogPluginManager: Mounting plugin LinuxDeviceProfileSelector
LogPluginManager: Mounting plugin LocationServicesBPLibrary
LogPluginManager: Mounting plugin MobilePatchingUtils
LogPluginManager: Mounting plugin OculusVR
LogPluginManager: Plugin shader directory ../../../Engine/Plugins/Runtime/Oculus/OculusVR/Shaders found
LogPluginManager: Mapping shader source directory ../../../Engine/Plugins/Runtime/Oculus/OculusVR/Shaders to virtual directory /Plugin/OculusVR
LogPluginManager: Mounting plugin PhysXVehicles
LogPluginManager: Mounting plugin ProceduralMeshComponent
LogPluginManager: Mounting plugin RuntimePhysXCooking
LogPluginManager: Mounting plugin SteamVR
LogPluginManager: Mounting plugin WindowsMoviePlayer
LogStreaming: Display: Took  0.256s to configure plugins.
LogInit: Using libcurl 7.55.1-DEV
LogInit:  - built for x86_64-pc-win32
LogInit:  - supports SSL with OpenSSL/1.0.2h
LogInit:  - supports HTTP deflate (compression) using libz 1.2.8
LogInit:  - other features:
LogInit:      CURL_VERSION_SSL
LogInit:      CURL_VERSION_LIBZ
LogInit:      CURL_VERSION_IPV6
LogInit:      CURL_VERSION_ASYNCHDNS
LogInit:      CURL_VERSION_LARGEFILE
LogInit:      CURL_VERSION_IDN
LogInit:  CurlRequestOptions (configurable via config and command line):
LogInit:  - bVerifyPeer = false  - Libcurl will NOT verify peer certificate
LogInit:  - bUseHttpProxy = false  - Libcurl will NOT use HTTP proxy
LogInit:  - bDontReuseConnections = false  - Libcurl will reuse connections
LogInit:  - CertBundlePath = nullptr  - Libcurl will use whatever was configured at build time.
LogInit:  - MaxHostConnections = 16  - Libcurl will limit the number of connections to a host
LogInit:  - LocalHostAddr = Default
LogInit:  - BufferSize = 65536
LogInit: WinSock: version 1.1 (2.2), MaxSocks=32767, MaxUdp=65467
LogInit: Build: ++UE4+Release-4.20-CL-4369336
LogInit: Engine Version: 4.20.3-4369336+++UE4+Release-4.20
LogInit: Compatible Engine Version: 4.20.0-4212847+++UE4+Release-4.20
LogInit: Net CL: 4212847
LogInit: OS: Windows 10 (), CPU: Intel(R) Xeon(R) CPU E5-1620 v3 @ 3.50GHz, GPU: NVIDIA GeForce GTX 970
LogInit: Compiled (64-bit): Sep 17 2018 12:26:19
LogInit: Compiled with Visual C++: 19.13.26129.00
LogInit: Build Configuration: Development
LogInit: Branch Name: ++UE4+Release-4.20
LogInit: Command Line:  -skipcompile
LogInit: Base Directory: C:/Epic/UE4/UE_4.20/Engine/Binaries/Win64/
LogInit: Installed Engine Build: 1
LogDevObjectVersion: Number of dev versions registered: 20
LogDevObjectVersion:   Dev-Blueprints (B0D832E4-1F89-4F0D-ACCF-7EB736FD4AA2): 10
LogDevObjectVersion:   Dev-Build (E1C64328-A22C-4D53-A36C-8E866417BD8C): 0
LogDevObjectVersion:   Dev-Core (375EC13C-06E4-48FB-B500-84F0262A717E): 2
LogDevObjectVersion:   Dev-Editor (E4B068ED-F494-42E9-A231-DA0B2E46BB41): 24
LogDevObjectVersion:   Dev-Framework (CFFC743F-43B0-4480-9391-14DF171D2073): 34
LogDevObjectVersion:   Dev-Mobile (B02B49B5-BB20-44E9-A304-32B752E40360): 2
LogDevObjectVersion:   Dev-Networking (A4E4105C-59A1-49B5-A7C5-40C4547EDFEE): 0
LogDevObjectVersion:   Dev-Online (39C831C9-5AE6-47DC-9A44-9C173E1C8E7C): 0
LogDevObjectVersion:   Dev-Physics (78F01B33-EBEA-4F98-B9B4-84EACCB95AA2): 0
LogDevObjectVersion:   Dev-Platform (6631380F-2D4D-43E0-8009-CF276956A95A): 0
LogDevObjectVersion:   Dev-Rendering (12F88B9F-8875-4AFC-A67C-D90C383ABD29): 26
LogDevObjectVersion:   Dev-Sequencer (7B5AE74C-D270-4C10-A958-57980B212A5A): 9
LogDevObjectVersion:   Dev-VR (D7296918-1DD6-4BDD-9DE2-64A83CC13884): 2
LogDevObjectVersion:   Dev-LoadTimes (C2A15278-BFE7-4AFE-6C17-90FF531DF755): 1
LogDevObjectVersion:   Private-Geometry (6EACA3D4-40EC-4CC1-B786-8BED09428FC5): 3
LogDevObjectVersion:   Dev-AnimPhys (29E575DD-E0A3-4627-9D10-D276232CDCEA): 17
LogDevObjectVersion:   Dev-ReflectionCapture (6B266CEC-1EC7-4B8F-A30B-E4D90942FC07): 1
LogDevObjectVersion:   Dev-Automation (0DF73D61-A23F-47EA-B727-89E90C41499A): 1
LogDevObjectVersion:   FortniteMain (601D1886-AC64-4F84-AA16-D3DE0DEAC7D6): 12
LogDevObjectVersion:   Dev-Enterprise (9DFFBCD6-494F-0158-E221-12823C92A888): 1
LogStreaming: Display: Took  0.010s to delete old logs.
LogInit: Presizing for max 8388607 objects, including 0 objects not considered by GC, pre-allocating 0 bytes for permanent pool.
LogInit: Object subsystem initialized
[2019.01.26-06.24.49:057][  0]LogInit: Selected Device Profile: [Windows]
[2019.01.26-06.24.49:057][  0]LogInit: Applying CVar settings loaded from the selected device profile: [Windows]
[2019.01.26-06.24.49:078][  0]LogHAL: Display: Platform has ~ 16 GB [17092038656 / 17179869184 / 16], which maps to Larger [LargestMinGB=32, LargerMinGB=12, DefaultMinGB=8, SmallerMinGB=6, SmallestMinGB=0)
[2019.01.26-06.24.49:078][  0]LogInit: Setting Device Profile CVar: [[r.Vulkan.UseRealUBs:1]]
[2019.01.26-06.24.49:078][  0]LogInit: Going up to parent DeviceProfile []
[2019.01.26-06.24.49:079][  0]LogInit: Computer: C115-11
[2019.01.26-06.24.49:079][  0]LogInit: User: w017177h
[2019.01.26-06.24.49:079][  0]LogInit: CPU Page size=4096, Cores=4
[2019.01.26-06.24.49:079][  0]LogInit: High frequency timer resolution =3.410072 MHz
[2019.01.26-06.24.49:079][  0]LogMemory: Memory total: Physical=15.9GB (16GB approx)
[2019.01.26-06.24.49:080][  0]LogMemory: Platform Memory Stats for Windows
[2019.01.26-06.24.49:080][  0]LogMemory: Process Physical Memory: 101.81 MB used, 101.81 MB peak
[2019.01.26-06.24.49:080][  0]LogMemory: Process Virtual Memory: 89.52 MB used, 89.52 MB peak
[2019.01.26-06.24.49:080][  0]LogMemory: Physical Memory: 6208.00 MB used,  10092.24 MB free, 16300.24 MB total
[2019.01.26-06.24.49:080][  0]LogMemory: Virtual Memory: 4638.79 MB used,  10092.24 MB free, 134217728.00 MB total
[2019.01.26-06.24.49:201][  0]LogInit: Using OS detected language (en-US).
[2019.01.26-06.24.49:201][  0]LogInit: Using OS detected locale (en-GB).
[2019.01.26-06.24.49:203][  0]LogTextLocalizationManager: No specific localization for 'en-US' exists, so the 'en' localization will be used.
[2019.01.26-06.24.49:606][  0]LogStreaming: Display: Took  0.406s to InitEngineTextLocalization.
[2019.01.26-06.24.49:607][  0]LogInit: Setting process to per monitor DPI aware
[2019.01.26-06.24.49:661][  0]LogSlate: New Slate User Created.  User Index 0, Is Virtual User: 0
[2019.01.26-06.24.49:661][  0]LogSlate: Slate User Registered.  User Index 0, Is Virtual User: 0
[2019.01.26-06.24.49:997][  0]LogHMD: Failed to initialize OpenVR with code 110
[2019.01.26-06.24.49:997][  0]LogD3D11RHI: D3D11 adapters:
[2019.01.26-06.24.50:115][  0]LogD3D11RHI:    0. 'NVIDIA GeForce GTX 970' (Feature Level 11_0)
[2019.01.26-06.24.50:115][  0]LogD3D11RHI:       4043/0/8150 MB DedicatedVideo/DedicatedSystem/SharedSystem, Outputs:2, VendorId:0x10de
[2019.01.26-06.24.50:122][  0]LogD3D11RHI:    1. 'Microsoft Basic Render Driver' (Feature Level 11_0)
[2019.01.26-06.24.50:122][  0]LogD3D11RHI:       0/0/8150 MB DedicatedVideo/DedicatedSystem/SharedSystem, Outputs:0, VendorId:0x1414
[2019.01.26-06.24.50:122][  0]LogD3D11RHI: Chosen D3D11 Adapter: 0
[2019.01.26-06.24.50:133][  0]LogD3D11RHI: Creating new Direct3DDevice
[2019.01.26-06.24.50:133][  0]LogD3D11RHI:     GPU DeviceId: 0x13c2 (for the marketing name, search the web for "GPU Device Id")
[2019.01.26-06.24.50:133][  0]LogWindows: EnumDisplayDevices:
[2019.01.26-06.24.50:133][  0]LogWindows:    0. 'NVIDIA GeForce GTX 970' (P:1 D:1)
[2019.01.26-06.24.50:134][  0]LogWindows:    1. 'NVIDIA GeForce GTX 970' (P:0 D:1)
[2019.01.26-06.24.50:134][  0]LogWindows:    2. 'NVIDIA GeForce GTX 970' (P:0 D:0)
[2019.01.26-06.24.50:134][  0]LogWindows:    3. 'NVIDIA GeForce GTX 970' (P:0 D:0)
[2019.01.26-06.24.50:135][  0]LogWindows: DebugString: FoundDriverCount:4 
[2019.01.26-06.24.50:135][  0]LogD3D11RHI:     Adapter Name: NVIDIA GeForce GTX 970
[2019.01.26-06.24.50:135][  0]LogD3D11RHI:   Driver Version: 398.82 (internal:24.21.13.9882, unified:398.82)
[2019.01.26-06.24.50:135][  0]LogD3D11RHI:      Driver Date: 7-30-2018
[2019.01.26-06.24.50:135][  0]LogRHI: Texture pool is 2830 MB (70% of 4043 MB)
[2019.01.26-06.24.50:196][  0]LogD3D11RHI: Async texture creation enabled
[2019.01.26-06.24.50:215][  0]LogD3D11RHI: GPU Timing Frequency: 1000.000000 (Debug: 2 2)
[2019.01.26-06.24.50:264][  0]LogShaderCompilers: Guid format shader working directory is -17 characters bigger than the processId version (../../../../../../Users/w017177h.STUDENT/Documents/Github/GGJ2019/GGJ2019/Intermediate/Shaders/WorkingDirectory/11608/).
[2019.01.26-06.24.50:265][  0]LogShaderCompilers: Cleaned the shader compiler working directory 'C:/Users/w017177h.STUDENT/AppData/Local/Temp/UnrealShaderWorkingDir/4547E80C4D665DAA305000B4793C3164/'.
[2019.01.26-06.24.50:646][  0]LogTemp: Display: Loaded TP AllDesktopTargetPlatform
[2019.01.26-06.24.50:667][  0]LogTemp: Display: Loaded TP MacClientTargetPlatform
[2019.01.26-06.24.50:697][  0]LogTemp: Display: Loaded TP MacNoEditorTargetPlatform
[2019.01.26-06.24.50:731][  0]LogTemp: Display: Loaded TP MacServerTargetPlatform
[2019.01.26-06.24.50:751][  0]LogTemp: Display: Loaded TP MacTargetPlatform
[2019.01.26-06.24.50:774][  0]LogTemp: Display: Loaded TP WindowsClientTargetPlatform
[2019.01.26-06.24.50:792][  0]LogTemp: Display: Loaded TP WindowsNoEditorTargetPlatform
[2019.01.26-06.24.50:813][  0]LogTemp: Display: Loaded TP WindowsServerTargetPlatform
[2019.01.26-06.24.50:824][  0]LogTemp: Display: Loaded TP WindowsTargetPlatform
[2019.01.26-06.24.50:916][  0]LogTemp: Display: Loaded TP AndroidTargetPlatform
[2019.01.26-06.24.50:916][  0]LogTemp: Display: Loaded TP AndroidTargetPlatform
[2019.01.26-06.24.50:916][  0]LogTemp: Display: Loaded TP AndroidTargetPlatform
[2019.01.26-06.24.50:916][  0]LogTemp: Display: Loaded TP AndroidTargetPlatform
[2019.01.26-06.24.50:916][  0]LogTemp: Display: Loaded TP AndroidTargetPlatform
[2019.01.26-06.24.50:916][  0]LogTemp: Display: Loaded TP AndroidTargetPlatform
[2019.01.26-06.24.50:916][  0]LogTemp: Display: Loaded TP AndroidTargetPlatform
[2019.01.26-06.24.50:916][  0]LogTemp: Display: Loaded TP AndroidTargetPlatform
[2019.01.26-06.24.50:917][  0]LogTemp: Display: Loaded TP AndroidTargetPlatform
[2019.01.26-06.24.50:917][  0]LogTemp: Display: Loaded TP AndroidTargetPlatform
[2019.01.26-06.24.50:917][  0]LogTemp: Display: Loaded TP AndroidTargetPlatform
[2019.01.26-06.24.50:917][  0]LogTemp: Display: Loaded TP AndroidTargetPlatform
[2019.01.26-06.24.50:917][  0]LogTemp: Display: Loaded TP AndroidTargetPlatform
[2019.01.26-06.24.50:917][  0]LogTemp: Display: Loaded TP AndroidTargetPlatform
[2019.01.26-06.24.50:917][  0]LogTemp: Display: Loaded TP AndroidTargetPlatform
[2019.01.26-06.24.50:917][  0]LogTemp: Display: Loaded TP AndroidTargetPlatform
[2019.01.26-06.24.50:918][  0]LogTemp: Display: Loaded TP AndroidTargetPlatform
[2019.01.26-06.24.50:918][  0]LogTemp: Display: Loaded TP AndroidTargetPlatform
[2019.01.26-06.24.50:926][  0]LogTemp: Display: Loaded TP HTML5TargetPlatform
[2019.01.26-06.24.51:003][  0]LogTemp: Display: Loaded TP IOSTargetPlatform
[2019.01.26-06.24.51:003][  0]LogTemp: Display: Loaded TP IOSTargetPlatform
[2019.01.26-06.24.51:032][  0]LogTemp: Display: Loaded TP TVOSTargetPlatform
[2019.01.26-06.24.51:033][  0]LogTemp: Display: Loaded TP TVOSTargetPlatform
[2019.01.26-06.24.51:059][  0]LogTemp: Display: Loaded TP LinuxClientTargetPlatform
[2019.01.26-06.24.51:083][  0]LogTemp: Display: Loaded TP LinuxNoEditorTargetPlatform
[2019.01.26-06.24.51:112][  0]LogTemp: Display: Loaded TP LinuxServerTargetPlatform
[2019.01.26-06.24.51:138][  0]LogTemp: Display: Loaded TP LinuxTargetPlatform
[2019.01.26-06.24.51:153][  0]LogTemp: Display: Loaded TP LuminTargetPlatform
[2019.01.26-06.24.51:153][  0]LogTargetPlatformManager: Display: Building Assets For Windows
[2019.01.26-06.24.51:322][  0]LogXGEController: Cleaning working directory: C:/Users/w017177h.STUDENT/AppData/Local/Temp/UnrealXGEWorkingDir/
[2019.01.26-06.24.51:322][  0]LogXGEController: Cannot use XGE Controller as Incredibuild is not installed on this machine.
[2019.01.26-06.24.51:323][  0]LogShaderCompilers: Cannot use XGE Shader Compiler as Incredibuild is not installed on this machine.
[2019.01.26-06.24.51:323][  0]LogShaderCompilers: Display: Using Local Shader Compiler.
[2019.01.26-06.24.52:386][  0]LogDerivedDataCache: Display: Max Cache Size: 512 MB
[2019.01.26-06.24.52:474][  0]LogDerivedDataCache: Loaded boot cache 0.09s 71MB C:/Users/w017177h.STUDENT/AppData/Local/UnrealEngine/4.20/DerivedDataCache/Boot.ddc.
[2019.01.26-06.24.52:476][  0]LogDerivedDataCache: Display: Loaded Boot cache: C:/Users/w017177h.STUDENT/AppData/Local/UnrealEngine/4.20/DerivedDataCache/Boot.ddc
[2019.01.26-06.24.52:477][  0]LogDerivedDataCache: FDerivedDataBackendGraph:  Pak pak cache file ../../../../../../Users/w017177h.STUDENT/Documents/Github/GGJ2019/GGJ2019/DerivedDataCache/DDC.ddp not found, will not use a pak cache.
[2019.01.26-06.24.52:477][  0]LogDerivedDataCache: Unable to find inner node Pak for hierarchical cache Hierarchy.
[2019.01.26-06.24.52:477][  0]LogDerivedDataCache: FDerivedDataBackendGraph:  CompressedPak pak cache file ../../../../../../Users/w017177h.STUDENT/Documents/Github/GGJ2019/GGJ2019/DerivedDataCache/Compressed.ddp not found, will not use a pak cache.
[2019.01.26-06.24.52:477][  0]LogDerivedDataCache: Unable to find inner node CompressedPak for hierarchical cache Hierarchy.
[2019.01.26-06.24.52:490][  0]LogDerivedDataCache: Display: Pak cache opened for reading ../../../Engine/DerivedDataCache/Compressed.ddp.
[2019.01.26-06.24.52:507][  0]LogDerivedDataCache: Using Local data cache path C:/Users/w017177h.STUDENT/AppData/Local/UnrealEngine/Common/DerivedDataCache: Writable
[2019.01.26-06.24.52:507][  0]LogDerivedDataCache: Shared data cache path not found in *engine.ini, will not use an Shared cache.
[2019.01.26-06.24.52:508][  0]LogDerivedDataCache: Unable to find inner node Shared for hierarchical cache Hierarchy.
[2019.01.26-06.24.52:537][  0]LogMaterial: Verifying Global Shaders for PCD3D_SM5
[2019.01.26-06.24.52:540][  0]LogSlate: Using FreeType 2.6.0
[2019.01.26-06.24.52:541][  0]LogSlate: SlateFontServices - WITH_FREETYPE: 1, WITH_HARFBUZZ: 1
[2019.01.26-06.24.52:633][  0]LogAssetRegistry: FAssetRegistry took 0.0306 seconds to start up
[2019.01.26-06.24.53:064][  0]LogInit: Selected Device Profile: [Windows]
[2019.01.26-06.24.53:182][  0]LogSimplygon: Simplygon DLL not present - disabling.
[2019.01.26-06.24.53:194][  0]LogMeshReduction: Using SimplygonSwarm for distributed automatic mesh merging
[2019.01.26-06.24.53:194][  0]LogMeshReduction: Using ProxyLODMeshReduction for automatic mesh merging
[2019.01.26-06.24.53:194][  0]LogMeshReduction: Using QuadricMeshReduction for automatic static mesh reduction
[2019.01.26-06.24.53:194][  0]LogMeshReduction: No automatic skeletal mesh reduction module available
[2019.01.26-06.24.53:315][  0]LogNetVersion: GGJ2019 1.0.0, NetCL: 4212847, EngineNetVer: 5, GameNetVer: 0 (Checksum: 54619999)
[2019.01.26-06.24.54:018][  0]LogPackageLocalizationCache: Processed 11 localized package path(s) for 2 prioritized culture(s) in 0.142327 seconds
[2019.01.26-06.24.54:024][  0]LogUObjectArray: 38425 objects as part of root set at end of initial load.
[2019.01.26-06.24.54:024][  0]LogUObjectAllocator: 6690864 out of 0 bytes used by permanent object pool.
[2019.01.26-06.24.54:024][  0]LogUObjectArray: CloseDisregardForGC: 0/0 objects in disregard for GC pool
[2019.01.26-06.24.55:207][  0]LogTcpMessaging: Initializing TcpMessaging bridge
[2019.01.26-06.24.55:224][  0]LogUdpMessaging: Initializing bridge on interface 0.0.0.0:0 to multicast group 230.0.0.1:6666.
[2019.01.26-06.24.55:432][  0]SourceControl: Source control is disabled
[2019.01.26-06.24.55:432][  0]SourceControl: Source control is disabled
[2019.01.26-06.24.55:436][  0]SourceControl: Source control is disabled
[2019.01.26-06.24.55:439][  0]SourceControl: Source control is disabled
[2019.01.26-06.24.55:782][  0]LogAndroidPermission: UAndroidPermissionCallbackProxy::GetInstance
[2019.01.26-06.24.55:941][  0]LogOcInput: OculusInput pre-init called
[2019.01.26-06.24.56:026][  0]LogEngine: Initializing Engine...
[2019.01.26-06.24.56:028][  0]LogHMD: Failed to initialize OpenVR with code 110
[2019.01.26-06.24.56:029][  0]LogStats: UGameplayTagsManager::ConstructGameplayTagTree: ImportINI prefixes -  0.000 s
[2019.01.26-06.24.56:029][  0]LogStats: UGameplayTagsManager::ConstructGameplayTagTree: Construct from data asset -  0.000 s
[2019.01.26-06.24.56:029][  0]LogStats: UGameplayTagsManager::ConstructGameplayTagTree: ImportINI -  0.000 s
[2019.01.26-06.24.56:029][  0]LogStats: UGameplayTagsManager::ConstructGameplayTagTree: GameplayTagTreeChangedEvent.Broadcast -  0.000 s
[2019.01.26-06.24.56:307][  0]LogInit: Initializing FReadOnlyCVARCache
[2019.01.26-06.24.56:338][  0]LogAIModule: Creating AISystem for world Untitled
[2019.01.26-06.24.56:361][  0]LogInit: XAudio2 using 'Headset Earphone (2- Razer ManO'War)' : 2 channels at 48 kHz using 16 bits per sample (channel mask 0x3)
[2019.01.26-06.24.56:403][  0]LogInit: FAudioDevice initialized.
[2019.01.26-06.24.56:403][  0]LogNetVersion: Set ProjectVersion to 1.0.0.0. Version Checksum will be recalculated on next use.
[2019.01.26-06.24.56:504][  0]LogDerivedDataCache: Saved boot cache 0.10s 71MB C:/Users/w017177h.STUDENT/AppData/Local/UnrealEngine/4.20/DerivedDataCache/Boot.ddc.
[2019.01.26-06.24.56:519][  0]LogInit: Texture streaming: Enabled
[2019.01.26-06.24.56:560][  0]LogEngineSessionManager: EngineSessionManager initialized
[2019.01.26-06.24.56:560][  0]LogEngineSessionManager: EngineSessionManager sent abnormal shutdown report. Type=Debugger, SessionId={5F56AE52-4736-B2B3-A5C9-0AA6CADD18F4}
[2019.01.26-06.24.56:579][  0]LogInit: Transaction tracking system initialized
[2019.01.26-06.24.56:637][  0]BlueprintLog: New page: Editor Load
[2019.01.26-06.24.56:853][  0]LocalizationService: Localization service is disabled
[2019.01.26-06.24.57:246][  0]LogCook: Display: Max memory allowance for cook 16384mb min free memory 0mb
[2019.01.26-06.24.57:246][  0]LogCook: Display: Mobile HDR setting 1
[2019.01.26-06.24.57:247][  0]LogGameplayTags: Display: UGameplayTagsManager::DoneAddingNativeTags. DelegateIsBound: 0
[2019.01.26-06.24.57:247][  0]LogStats: UGameplayTagsManager::ConstructGameplayTagTree: ImportINI prefixes -  0.000 s
[2019.01.26-06.24.57:247][  0]LogStats: UGameplayTagsManager::ConstructGameplayTagTree: Construct from data asset -  0.000 s
[2019.01.26-06.24.57:247][  0]LogStats: UGameplayTagsManager::ConstructGameplayTagTree: ImportINI -  0.000 s
[2019.01.26-06.24.57:248][  0]LogStats: UGameplayTagsManager::ConstructGameplayTagTree: GameplayTagTreeChangedEvent.Broadcast -  0.000 s
[2019.01.26-06.24.57:477][  0]LogFileCache: Scanning file cache for directory 'C:/Users/w017177h.STUDENT/Documents/Github/GGJ2019/GGJ2019/Content/' took 0.02s
[2019.01.26-06.24.57:477][  0]SourceControl: Source control is disabled
[2019.01.26-06.24.57:478][  0]Cmd: MAP LOAD FILE="../../../../../../Users/w017177h.STUDENT/Documents/Github/GGJ2019/GGJ2019/Content/GameLevel.umap" TEMPLATE=0 SHOWPROGRESS=1 FEATURELEVEL=3
[2019.01.26-06.24.57:478][  0]LightingResults: New page: Lighting Build
[2019.01.26-06.24.57:486][  0]MapCheck: New page: Map Check
[2019.01.26-06.24.57:486][  0]LightingResults: New page: Lighting Build
[2019.01.26-06.24.57:781][  0]LogAIModule: Creating AISystem for world GameLevel
[2019.01.26-06.24.57:797][  0]LogEditorServer: Finished looking for orphan Actors (0.000 secs)
[2019.01.26-06.24.57:824][  0]Cmd: MAP CHECKDEP NOCLEARLOG
[2019.01.26-06.24.58:018][  0]MapCheck: Map check complete: 0 Error(s), 0 Warning(s), took 193.321ms to complete.
[2019.01.26-06.24.58:018][  0]LogFileHelpers: Loading map 'GameLevel' took 0.540
[2019.01.26-06.24.58:165][  0]LogSlate: Updating window title bar state: overlay mode, drag disabled, window buttons hidden, title bar hidden
[2019.01.26-06.24.58:173][  0]LogSlate: Updating window title bar state: overlay mode, drag disabled, window buttons hidden, title bar hidden
[2019.01.26-06.24.58:180][  0]LogSlate: Updating window title bar state: overlay mode, drag disabled, window buttons hidden, title bar hidden
[2019.01.26-06.24.58:187][  0]LogSlate: Updating window title bar state: overlay mode, drag disabled, window buttons hidden, title bar hidden
[2019.01.26-06.24.58:200][  0]LogCollectionManager: Loaded 0 collections in 0.003669 seconds
[2019.01.26-06.24.58:274][  0]LogFileCache: Scanning file cache for directory 'C:/Users/w017177h.STUDENT/Documents/Github/GGJ2019/GGJ2019/Saved/Collections/' took 0.01s
[2019.01.26-06.24.58:274][  0]LogFileCache: Scanning file cache for directory 'C:/Users/w017177h.STUDENT/Documents/Github/GGJ2019/GGJ2019/Content/Developers/w017177h/Collections/' took 0.01s
[2019.01.26-06.24.58:275][  0]LogFileCache: Scanning file cache for directory 'C:/Users/w017177h.STUDENT/Documents/Github/GGJ2019/GGJ2019/Content/Collections/' took 0.01s
[2019.01.26-06.24.58:275][  0]LogCollectionManager: Rebuilt the GUID cache for 0 collections in 0.000001 seconds
[2019.01.26-06.24.58:304][  0]LogContentBrowser: Native class hierarchy populated in 0.0285 seconds. Added 2581 classes and 606 folders.
[2019.01.26-06.24.58:328][  0]LogContentBrowser: Native class hierarchy updated for 'WidgetCarousel' in 0.0010 seconds. Added 0 classes and 0 folders.
[2019.01.26-06.24.58:459][  0]LogContentBrowser: Native class hierarchy updated for 'AddContentDialog' in 0.0005 seconds. Added 0 classes and 0 folders.
[2019.01.26-06.24.58:470][  0]LogContentBrowser: Native class hierarchy updated for 'SceneOutliner' in 0.0006 seconds. Added 1 classes and 2 folders.
[2019.01.26-06.24.58:506][  0]LogSlate: Took 0.000610 seconds to synchronously load lazily loaded font '../../../Engine/Content/Slate/Fonts/Roboto-Regular.ttf' (155K)
[2019.01.26-06.24.58:509][  0]LogSlate: Took 0.000257 seconds to synchronously load lazily loaded font '../../../Engine/Content/Slate/Fonts/Roboto-Bold.ttf' (160K)
[2019.01.26-06.24.58:515][  0]LogSlate: Took 0.000312 seconds to synchronously load lazily loaded font '../../../Engine/Content/Editor/Slate/Fonts/FontAwesome.ttf' (139K)
[2019.01.26-06.24.58:603][  0]LogRenderer: Reallocating scene render targets to support 1208x576 Format 10 NumSamples 1 (Frame:1).
[2019.01.26-06.24.58:665][  0]LogSlate: Took 0.000262 seconds to synchronously load lazily loaded font '../../../Engine/Content/Slate/Fonts/Roboto-Light.ttf' (167K)
[2019.01.26-06.24.58:768][  0]LogContentBrowser: Native class hierarchy updated for 'HierarchicalLODOutliner' in 0.0006 seconds. Added 0 classes and 0 folders.
[2019.01.26-06.24.58:768][  0]LogLoad: (Engine Initialization) Total time: 12.98 seconds
[2019.01.26-06.24.58:768][  0]LogLoad: (Engine Initialization) Total Blueprint compile time: 0.00 seconds
[2019.01.26-06.24.58:801][  0]LogWindowsTextInputMethodSystem: Display: IME system now deactivated.
[2019.01.26-06.24.58:839][  0]LogContentStreaming: Texture pool size now 1000 MB
[2019.01.26-06.24.58:879][  1]LogFileCache: Retrieving MD5 hashes for directory 'C:/Users/w017177h.STUDENT/Documents/Github/GGJ2019/GGJ2019/Content/' took 0.06s
[2019.01.26-06.24.58:894][  1]LogAssetRegistry: Asset discovery search completed in 6.2855 seconds
[2019.01.26-06.24.58:896][  1]LogCollectionManager: Rebuilt the object cache for 0 collections in 0.000001 seconds (found 0 objects)
[2019.01.26-06.24.58:896][  1]LogCollectionManager: Fixed up redirectors for 0 collections in 0.000186 seconds (updated 0 objects)
[2019.01.26-06.25.02:001][358]LogSlate: FSceneViewport::OnFocusLost() reason 0
[2019.01.26-06.25.05:655][770]LogSlate: Took 0.000222 seconds to synchronously load lazily loaded font '../../../Engine/Content/Slate/Fonts/Roboto-Light.ttf' (167K)
[2019.01.26-06.25.05:913][770]LogAIModule: Creating AISystem for world NewJohnLevel
[2019.01.26-06.25.06:018][770]LogAssetEditorManager: Opening Asset editor for World /Game/StarterContent/Maps/NewJohnLevel.NewJohnLevel
[2019.01.26-06.25.06:056][770]Cmd: MAP LOAD FILE="../../../../../../Users/w017177h.STUDENT/Documents/Github/GGJ2019/GGJ2019/Content/StarterContent/Maps/NewJohnLevel.umap" TEMPLATE=0 SHOWPROGRESS=1 FEATURELEVEL=3
[2019.01.26-06.25.06:056][770]LightingResults: New page: Lighting Build
[2019.01.26-06.25.06:057][770]LoadErrors: New page: Loading map: NewJohnLevel.umap
[2019.01.26-06.25.06:059][770]MapCheck: New page: Map Check
[2019.01.26-06.25.06:059][770]LightingResults: New page: Lighting Build
[2019.01.26-06.25.06:169][770]LogEditorServer: Finished looking for orphan Actors (0.000 secs)
[2019.01.26-06.25.06:236][770]Cmd: MAP CHECKDEP NOCLEARLOG
[2019.01.26-06.25.06:442][770]MapCheck: Map check complete: 0 Error(s), 0 Warning(s), took 205.853ms to complete.
[2019.01.26-06.25.06:444][770]LogFileHelpers: Loading map 'NewJohnLevel' took 0.388
[2019.01.26-06.25.08:345][948]LogSlate: FSceneViewport::OnFocusLost() reason 0
[2019.01.26-06.25.08:420][957]LogTemp: Repeating last play command: Selected Viewport
[2019.01.26-06.25.08:440][957]LogPlayLevel: PlayLevel: No blueprints needed recompiling
[2019.01.26-06.25.08:453][957]PIE: New page: PIE session: NewJohnLevel (26 Jan 2019 06:25:08)
[2019.01.26-06.25.08:454][957]LogPlayLevel: Creating play world package: /Game/StarterContent/Maps/UEDPIE_0_NewJohnLevel
[2019.01.26-06.25.08:494][957]LogPlayLevel: PIE: StaticDuplicateObject took: (0.039925s)
[2019.01.26-06.25.08:494][957]LogAIModule: Creating AISystem for world NewJohnLevel
[2019.01.26-06.25.08:495][957]LogPlayLevel: PIE: World Init took: (0.001003s)
[2019.01.26-06.25.08:495][957]LogPlayLevel: PIE: Created PIE world by copying editor world from /Game/StarterContent/Maps/NewJohnLevel.NewJohnLevel to /Game/StarterContent/Maps/UEDPIE_0_NewJohnLevel.NewJohnLevel (0.041397s)
[2019.01.26-06.25.08:529][957]LogInit: XAudio2 using 'Headset Earphone (2- Razer ManO'War)' : 2 channels at 48 kHz using 16 bits per sample (channel mask 0x3)
[2019.01.26-06.25.08:541][957]LogInit: FAudioDevice initialized.
[2019.01.26-06.25.08:592][957]LogLoad: Game class is 'GGJ2019GM_C'
[2019.01.26-06.25.08:599][957]LogWorld: Bringing World /Game/StarterContent/Maps/UEDPIE_0_NewJohnLevel.NewJohnLevel up for play (max tick rate 0) at 2019.01.26-06.25.08
[2019.01.26-06.25.08:601][957]LogWorld: Bringing up level for play took: 0.007512
[2019.01.26-06.25.08:622][957]LogContentBrowser: Native class hierarchy updated for 'MovieSceneCapture' in 0.0005 seconds. Added 10 classes and 0 folders.
[2019.01.26-06.25.08:623][957]PIE: Play in editor start time for /Game/StarterContent/Maps/UEDPIE_0_NewJohnLevel -0.367
[2019.01.26-06.25.08:624][957]PIE: Warning: Invalid Simulate Options: Body (Enemy_BP_Base_C_0.SkeletalMesh SKM_dimples) is set to simulate physics but Collision Enabled is incompatible
[2019.01.26-06.25.08:625][957]PIE: Warning: Invalid Simulate Options: Body (Enemy_BP_Base_C_1.SkeletalMesh SKM_dimples) is set to simulate physics but Collision Enabled is incompatible
[2019.01.26-06.25.08:625][957]PIE: Warning: Invalid Simulate Options: Body (Enemy_BP_Base_C_2.SkeletalMesh SKM_dimples) is set to simulate physics but Collision Enabled is incompatible
[2019.01.26-06.25.08:626][957]PIE: Warning: Invalid Simulate Options: Body (Enemy_BP_Base_C_3.SkeletalMesh SKM_dimples) is set to simulate physics but Collision Enabled is incompatible
[2019.01.26-06.25.08:626][957]PIE: Warning: Invalid Simulate Options: Body (Enemy_BP_Base_C_4.SkeletalMesh SKM_dimples) is set to simulate physics but Collision Enabled is incompatible
[2019.01.26-06.25.08:627][957]PIE: Warning: Invalid Simulate Options: Body (Enemy_BP_Base_C_5.SkeletalMesh SKM_dimples) is set to simulate physics but Collision Enabled is incompatible
[2019.01.26-06.25.11:304][261]PIE: Warning: Invalid Simulate Options: Body (Enemy_BP_Base_C_6.SkeletalMesh SKM_dimples) is set to simulate physics but Collision Enabled is incompatible
[2019.01.26-06.25.11:732][312]PIE: Warning: Invalid Simulate Options: Body (Enemy_BP_Base_C_7.SkeletalMesh SKM_dimples) is set to simulate physics but Collision Enabled is incompatible
[2019.01.26-06.25.12:049][350]PIE: Warning: Invalid Simulate Options: Body (Enemy_BP_Base_C_8.SkeletalMesh SKM_dimples) is set to simulate physics but Collision Enabled is incompatible
[2019.01.26-06.25.13:521][521]PIE: Warning: Invalid Simulate Options: Body (Enemy_BP_Base_C_9.SkeletalMesh SKM_dimples) is set to simulate physics but Collision Enabled is incompatible
[2019.01.26-06.25.14:252][606]PIE: Warning: Invalid Simulate Options: Body (Enemy_BP_Base_C_10.SkeletalMesh SKM_dimples) is set to simulate physics but Collision Enabled is incompatible
[2019.01.26-06.25.14:394][623]PIE: Warning: Invalid Simulate Options: Body (Enemy_BP_Base_C_11.SkeletalMesh SKM_dimples) is set to simulate physics but Collision Enabled is incompatible
[2019.01.26-06.25.15:879][798]PIE: Warning: Invalid Simulate Options: Body (Enemy_BP_Base_C_12.SkeletalMesh SKM_dimples) is set to simulate physics but Collision Enabled is incompatible
[2019.01.26-06.25.15:904][801]PIE: Warning: Invalid Simulate Options: Body (Enemy_BP_Base_C_13.SkeletalMesh SKM_dimples) is set to simulate physics but Collision Enabled is incompatible
[2019.01.26-06.25.16:104][825]PIE: Warning: Invalid Simulate Options: Body (Enemy_BP_Base_C_14.SkeletalMesh SKM_dimples) is set to simulate physics but Collision Enabled is incompatible
[2019.01.26-06.25.16:768][899]PIE: Warning: Invalid Simulate Options: Body (Enemy_BP_Base_C_15.SkeletalMesh SKM_dimples) is set to simulate physics but Collision Enabled is incompatible
[2019.01.26-06.25.19:034][162]PIE: Warning: Invalid Simulate Options: Body (Enemy_BP_Base_C_16.SkeletalMesh SKM_dimples) is set to simulate physics but Collision Enabled is incompatible
[2019.01.26-06.25.20:341][316]PIE: Warning: Invalid Simulate Options: Body (Enemy_BP_Base_C_17.SkeletalMesh SKM_dimples) is set to simulate physics but Collision Enabled is incompatible
[2019.01.26-06.25.20:800][368]PIE: Warning: Invalid Simulate Options: Body (Enemy_BP_Base_C_18.SkeletalMesh SKM_dimples) is set to simulate physics but Collision Enabled is incompatible
[2019.01.26-06.25.22:553][575]PIE: Warning: Invalid Simulate Options: Body (Enemy_BP_Base_C_19.SkeletalMesh SKM_dimples) is set to simulate physics but Collision Enabled is incompatible
[2019.01.26-06.25.22:820][607]PIE: Warning: Invalid Simulate Options: Body (Enemy_BP_Base_C_20.SkeletalMesh SKM_dimples) is set to simulate physics but Collision Enabled is incompatible
[2019.01.26-06.25.23:979][743]PIE: Warning: Invalid Simulate Options: Body (Enemy_BP_Base_C_21.SkeletalMesh SKM_dimples) is set to simulate physics but Collision Enabled is incompatible
[2019.01.26-06.25.25:800][955]PIE: Warning: Invalid Simulate Options: Body (Enemy_BP_Base_C_22.SkeletalMesh SKM_dimples) is set to simulate physics but Collision Enabled is incompatible
[2019.01.26-06.25.26:010][980]LogSlate: Updating window title bar state: overlay mode, drag disabled, window buttons hidden, title bar hidden
[2019.01.26-06.25.26:048][980]LogPlayLevel: Display: Shutting down PIE online subsystems
[2019.01.26-06.25.26:071][980]LogSlate: Updating window title bar state: overlay mode, drag disabled, window buttons hidden, title bar hidden
[2019.01.26-06.25.26:113][982]LogPlayLevel: Display: Destroying online subsystem :Context_2
[2019.01.26-06.25.27:580][153]LogSlate: FSceneViewport::OnFocusLost() reason 2
[2019.01.26-06.25.28:076][153]LogSavePackage: Moving '../../../../../../Users/w017177h.STUDENT/Documents/Github/GGJ2019/GGJ2019/Saved/NewJohnLevelD34979BD453CD16A3B3307B09AADC37F.tmp' to '../../../../../../Users/w017177h.STUDENT/Documents/Github/GGJ2019/GGJ2019/Content/StarterContent/Maps/NewJohnLevel.umap'
[2019.01.26-06.26.34:490][ 14]LogSlate: FSceneViewport::OnFocusLost() reason 0
[2019.01.26-06.26.35:578][ 86]LogSavePackage: Moving '../../../../../../Users/w017177h.STUDENT/Documents/Github/GGJ2019/GGJ2019/Saved/NewJohnLevelE3895496402187694E67E49E8AC71F45.tmp' to '../../../../../../Users/w017177h.STUDENT/Documents/Github/GGJ2019/GGJ2019/Content/StarterContent/Maps/NewJohnLevel.umap'
[2019.01.26-06.27.45:376][307]LogSavePackage: Moving '../../../../../../Users/w017177h.STUDENT/Documents/Github/GGJ2019/GGJ2019/Saved/NewJohnLevelCB1AB5F046C7D02F06F44FA096E6DD66.tmp' to '../../../../../../Users/w017177h.STUDENT/Documents/Github/GGJ2019/GGJ2019/Content/StarterContent/Maps/NewJohnLevel.umap'
[2019.01.26-06.27.49:145][725]Cmd: EDCALLBACK SELECTEDPROPS
[2019.01.26-06.27.52:485][907]LogSavePackage: Moving '../../../../../../Users/w017177h.STUDENT/Documents/Github/GGJ2019/GGJ2019/Saved/NewJohnLevel075FD3124488DE03F83008B61955299B.tmp' to '../../../../../../Users/w017177h.STUDENT/Documents/Github/GGJ2019/GGJ2019/Content/StarterContent/Maps/NewJohnLevel.umap'
[2019.01.26-06.28.04:718][335]LogSlate: FSceneViewport::OnFocusLost() reason 2
[2019.01.26-06.28.05:175][335]LogSavePackage: Moving '../../../../../../Users/w017177h.STUDENT/Documents/Github/GGJ2019/GGJ2019/Saved/NewJohnLevelE2BBDC8240C5212DC37AE6812B81A391.tmp' to '../../../../../../Users/w017177h.STUDENT/Documents/Github/GGJ2019/GGJ2019/Content/StarterContent/Maps/NewJohnLevel.umap'
[2019.01.26-06.28.11:443][ 40]LogSlate: FSceneViewport::OnFocusLost() reason 2
[2019.01.26-06.28.11:910][ 40]LogSavePackage: Moving '../../../../../../Users/w017177h.STUDENT/Documents/Github/GGJ2019/GGJ2019/Saved/NewJohnLevelADC337D1436566F1A2A992BBD2586BA8.tmp' to '../../../../../../Users/w017177h.STUDENT/Documents/Github/GGJ2019/GGJ2019/Content/StarterContent/Maps/NewJohnLevel.umap'
[2019.01.26-06.28.30:671][611]LogSlate: FSceneViewport::OnFocusLost() reason 2
[2019.01.26-06.28.31:159][611]LogSavePackage: Moving '../../../../../../Users/w017177h.STUDENT/Documents/Github/GGJ2019/GGJ2019/Saved/NewJohnLevel24BAD67D4EC72FAA771D5B9F92C1875D.tmp' to '../../../../../../Users/w017177h.STUDENT/Documents/Github/GGJ2019/GGJ2019/Content/StarterContent/Maps/NewJohnLevel.umap'
[2019.01.26-06.28.31:578][636]LogSlate: FSceneViewport::OnFocusLost() reason 0
