Log file open, 01/26/19 11:09:41
LogWindows: Failed to load 'aqProf.dll' (GetLastError=126)
LogWindows: File 'aqProf.dll' does not exist
LogWindows: Failed to load 'VSPerf140.dll' (GetLastError=126)
LogWindows: File 'VSPerf140.dll' does not exist
LogWindows: Failed to load 'VtuneApi.dll' (GetLastError=126)
LogWindows: File 'VtuneApi.dll' does not exist
LogWindows: Failed to load 'VtuneApi32e.dll' (GetLastError=126)
LogWindows: File 'VtuneApi32e.dll' does not exist
LogInit: Display: Running engine for game: GGJ2019
LogPlatformFile: Not using cached read wrapper
LogTaskGraph: Started task graph with 5 named threads and 23 total threads with 3 sets of task threads.
LogStats: Stats thread started at 0.445219
LogD3D11RHI: Loaded GFSDK_Aftermath_Lib.x64.dll
LogICUInternationalization: Display: ICU TimeZone Detection - Raw Offset: +0:00, Platform Override: ''
LogPluginManager: Mounting plugin Paper2D
LogPluginManager: Mounting plugin AISupport
LogPluginManager: Mounting plugin LightPropagationVolume
LogPluginManager: Mounting plugin CLionSourceCodeAccess
LogPluginManager: Mounting plugin CodeLiteSourceCodeAccess
LogPluginManager: Mounting plugin GitSourceControl
LogPluginManager: Mounting plugin KDevelopSourceCodeAccess
LogPluginManager: Mounting plugin NullSourceCodeAccess
LogPluginManager: Mounting plugin PerforceSourceControl
LogPluginManager: Mounting plugin SubversionSourceControl
LogPluginManager: Mounting plugin UObjectPlugin
LogPluginManager: Mounting plugin VisualStudioCodeSourceCodeAccess
LogPluginManager: Mounting plugin VisualStudioSourceCodeAccess
LogPluginManager: Mounting plugin XCodeSourceCodeAccess
LogPluginManager: Mounting plugin AssetManagerEditor
LogPluginManager: Mounting plugin CryptoKeys
LogPluginManager: Mounting plugin DataValidation
LogPluginManager: Mounting plugin FacialAnimation
LogPluginManager: Mounting plugin GameplayTagsEditor
LogPluginManager: Mounting plugin MacGraphicsSwitching
LogPluginManager: Mounting plugin MeshEditor
LogPluginManager: Mounting plugin MobileLauncherProfileWizard
LogPluginManager: Mounting plugin PluginBrowser
LogPluginManager: Mounting plugin SpeedTreeImporter
LogPluginManager: Mounting plugin DatasmithContent
LogPluginManager: Mounting plugin AlembicImporter
LogPluginManager: Mounting plugin AppleImageUtils
LogPluginManager: Mounting plugin AppleVision
LogPluginManager: Mounting plugin BackChannel
LogPluginManager: Mounting plugin CharacterAI
LogPluginManager: Mounting plugin GeometryCache
LogPluginManager: Mounting plugin HTML5Networking
LogPluginManager: Mounting plugin ProxyLODPlugin
LogPluginManager: Mounting plugin MagicLeap
LogPluginManager: Mounting plugin MagicLeapEmulator
LogPluginManager: Mounting plugin MagicLeapMedia
LogPluginManager: Mounting plugin AndroidMedia
LogPluginManager: Mounting plugin AvfMedia
LogPluginManager: Mounting plugin ImgMedia
LogPluginManager: Mounting plugin LinearTimecode
LogPluginManager: Mounting plugin MediaCompositing
LogPluginManager: Mounting plugin MediaPlayerEditor
LogPluginManager: Mounting plugin WmfMedia
LogPluginManager: Mounting plugin TcpMessaging
LogPluginManager: Mounting plugin UdpMessaging
LogPluginManager: Mounting plugin ActorSequence
LogPluginManager: Mounting plugin LevelSequenceEditor
LogPluginManager: Mounting plugin MatineeToLevelSequence
LogPluginManager: Mounting plugin NetcodeUnitTest
LogPluginManager: Mounting plugin NUTUnrealEngine4
LogPluginManager: Mounting plugin OnlineSubsystemGooglePlay
LogPluginManager: Mounting plugin OnlineSubsystemIOS
LogPluginManager: Mounting plugin OnlineSubsystem
LogPluginManager: Mounting plugin OnlineSubsystemNull
LogPluginManager: Mounting plugin OnlineSubsystemUtils
LogPluginManager: Mounting plugin LauncherChunkInstaller
LogPluginManager: Mounting plugin AndroidDeviceProfileSelector
LogPluginManager: Mounting plugin AndroidMoviePlayer
LogPluginManager: Mounting plugin AndroidPermission
LogPluginManager: Mounting plugin AppleMoviePlayer
LogPluginManager: Mounting plugin ArchVisCharacter
LogPluginManager: Mounting plugin AudioCapture
LogPluginManager: Mounting plugin CableComponent
LogPluginManager: Mounting plugin CustomMeshComponent
LogPluginManager: Mounting plugin EditableMesh
LogPluginManager: Mounting plugin ExampleDeviceProfileSelector
LogPluginManager: Mounting plugin GoogleCloudMessaging
LogPluginManager: Mounting plugin ImmediatePhysics
LogPluginManager: Mounting plugin IOSDeviceProfileSelector
LogPluginManager: Mounting plugin LinuxDeviceProfileSelector
LogPluginManager: Mounting plugin LocationServicesBPLibrary
LogPluginManager: Mounting plugin MobilePatchingUtils
LogPluginManager: Mounting plugin OculusVR
LogPluginManager: Plugin shader directory ../../../Engine/Plugins/Runtime/Oculus/OculusVR/Shaders found
LogPluginManager: Mapping shader source directory ../../../Engine/Plugins/Runtime/Oculus/OculusVR/Shaders to virtual directory /Plugin/OculusVR
LogPluginManager: Mounting plugin PhysXVehicles
LogPluginManager: Mounting plugin ProceduralMeshComponent
LogPluginManager: Mounting plugin RuntimePhysXCooking
LogPluginManager: Mounting plugin SteamVR
LogPluginManager: Mounting plugin WindowsMoviePlayer
LogStreaming: Display: Took  0.256s to configure plugins.
LogInit: Using libcurl 7.55.1-DEV
LogInit:  - built for x86_64-pc-win32
LogInit:  - supports SSL with OpenSSL/1.0.2h
LogInit:  - supports HTTP deflate (compression) using libz 1.2.8
LogInit:  - other features:
LogInit:      CURL_VERSION_SSL
LogInit:      CURL_VERSION_LIBZ
LogInit:      CURL_VERSION_IPV6
LogInit:      CURL_VERSION_ASYNCHDNS
LogInit:      CURL_VERSION_LARGEFILE
LogInit:      CURL_VERSION_IDN
LogInit:  CurlRequestOptions (configurable via config and command line):
LogInit:  - bVerifyPeer = false  - Libcurl will NOT verify peer certificate
LogInit:  - bUseHttpProxy = false  - Libcurl will NOT use HTTP proxy
LogInit:  - bDontReuseConnections = false  - Libcurl will reuse connections
LogInit:  - CertBundlePath = nullptr  - Libcurl will use whatever was configured at build time.
LogInit:  - MaxHostConnections = 16  - Libcurl will limit the number of connections to a host
LogInit:  - LocalHostAddr = Default
LogInit:  - BufferSize = 65536
LogInit: WinSock: version 1.1 (2.2), MaxSocks=32767, MaxUdp=65467
LogInit: Build: ++UE4+Release-4.20-CL-4369336
LogInit: Engine Version: 4.20.3-4369336+++UE4+Release-4.20
LogInit: Compatible Engine Version: 4.20.0-4212847+++UE4+Release-4.20
LogInit: Net CL: 4212847
LogInit: OS: Windows 10 (), CPU: Intel(R) Xeon(R) CPU E5-1620 v3 @ 3.50GHz, GPU: NVIDIA GeForce GTX 970
LogInit: Compiled (64-bit): Sep 17 2018 12:26:19
LogInit: Compiled with Visual C++: 19.13.26129.00
LogInit: Build Configuration: Development
LogInit: Branch Name: ++UE4+Release-4.20
LogInit: Command Line:  -skipcompile
LogInit: Base Directory: C:/Epic/UE4/UE_4.20/Engine/Binaries/Win64/
LogInit: Installed Engine Build: 1
LogDevObjectVersion: Number of dev versions registered: 20
LogDevObjectVersion:   Dev-Blueprints (B0D832E4-1F89-4F0D-ACCF-7EB736FD4AA2): 10
LogDevObjectVersion:   Dev-Build (E1C64328-A22C-4D53-A36C-8E866417BD8C): 0
LogDevObjectVersion:   Dev-Core (375EC13C-06E4-48FB-B500-84F0262A717E): 2
LogDevObjectVersion:   Dev-Editor (E4B068ED-F494-42E9-A231-DA0B2E46BB41): 24
LogDevObjectVersion:   Dev-Framework (CFFC743F-43B0-4480-9391-14DF171D2073): 34
LogDevObjectVersion:   Dev-Mobile (B02B49B5-BB20-44E9-A304-32B752E40360): 2
LogDevObjectVersion:   Dev-Networking (A4E4105C-59A1-49B5-A7C5-40C4547EDFEE): 0
LogDevObjectVersion:   Dev-Online (39C831C9-5AE6-47DC-9A44-9C173E1C8E7C): 0
LogDevObjectVersion:   Dev-Physics (78F01B33-EBEA-4F98-B9B4-84EACCB95AA2): 0
LogDevObjectVersion:   Dev-Platform (6631380F-2D4D-43E0-8009-CF276956A95A): 0
LogDevObjectVersion:   Dev-Rendering (12F88B9F-8875-4AFC-A67C-D90C383ABD29): 26
LogDevObjectVersion:   Dev-Sequencer (7B5AE74C-D270-4C10-A958-57980B212A5A): 9
LogDevObjectVersion:   Dev-VR (D7296918-1DD6-4BDD-9DE2-64A83CC13884): 2
LogDevObjectVersion:   Dev-LoadTimes (C2A15278-BFE7-4AFE-6C17-90FF531DF755): 1
LogDevObjectVersion:   Private-Geometry (6EACA3D4-40EC-4CC1-B786-8BED09428FC5): 3
LogDevObjectVersion:   Dev-AnimPhys (29E575DD-E0A3-4627-9D10-D276232CDCEA): 17
LogDevObjectVersion:   Dev-ReflectionCapture (6B266CEC-1EC7-4B8F-A30B-E4D90942FC07): 1
LogDevObjectVersion:   Dev-Automation (0DF73D61-A23F-47EA-B727-89E90C41499A): 1
LogDevObjectVersion:   FortniteMain (601D1886-AC64-4F84-AA16-D3DE0DEAC7D6): 12
LogDevObjectVersion:   Dev-Enterprise (9DFFBCD6-494F-0158-E221-12823C92A888): 1
LogStreaming: Display: Took  0.007s to delete old logs.
LogInit: Presizing for max 8388607 objects, including 0 objects not considered by GC, pre-allocating 0 bytes for permanent pool.
LogInit: Object subsystem initialized
[2019.01.26-11.09.41:590][  0]LogInit: Selected Device Profile: [Windows]
[2019.01.26-11.09.41:590][  0]LogInit: Applying CVar settings loaded from the selected device profile: [Windows]
[2019.01.26-11.09.41:606][  0]LogHAL: Display: Platform has ~ 16 GB [17092038656 / 17179869184 / 16], which maps to Larger [LargestMinGB=32, LargerMinGB=12, DefaultMinGB=8, SmallerMinGB=6, SmallestMinGB=0)
[2019.01.26-11.09.41:606][  0]LogInit: Setting Device Profile CVar: [[r.Vulkan.UseRealUBs:1]]
[2019.01.26-11.09.41:606][  0]LogInit: Going up to parent DeviceProfile []
[2019.01.26-11.09.41:607][  0]LogInit: Computer: C115-12
[2019.01.26-11.09.41:607][  0]LogInit: User: h017026h
[2019.01.26-11.09.41:607][  0]LogInit: CPU Page size=4096, Cores=4
[2019.01.26-11.09.41:607][  0]LogInit: High frequency timer resolution =3.410072 MHz
[2019.01.26-11.09.41:607][  0]LogMemory: Memory total: Physical=15.9GB (16GB approx)
[2019.01.26-11.09.41:607][  0]LogMemory: Platform Memory Stats for Windows
[2019.01.26-11.09.41:607][  0]LogMemory: Process Physical Memory: 102.09 MB used, 102.09 MB peak
[2019.01.26-11.09.41:608][  0]LogMemory: Process Virtual Memory: 92.86 MB used, 92.86 MB peak
[2019.01.26-11.09.41:608][  0]LogMemory: Physical Memory: 6935.83 MB used,  9364.41 MB free, 16300.24 MB total
[2019.01.26-11.09.41:608][  0]LogMemory: Virtual Memory: 4642.41 MB used,  9364.41 MB free, 134217728.00 MB total
[2019.01.26-11.09.41:749][  0]LogInit: Using OS detected language (en-US).
[2019.01.26-11.09.41:749][  0]LogInit: Using OS detected locale (en-GB).
[2019.01.26-11.09.41:750][  0]LogTextLocalizationManager: No specific localization for 'en-US' exists, so the 'en' localization will be used.
[2019.01.26-11.09.42:170][  0]LogStreaming: Display: Took  0.422s to InitEngineTextLocalization.
[2019.01.26-11.09.42:170][  0]LogInit: Setting process to per monitor DPI aware
[2019.01.26-11.09.42:221][  0]LogSlate: New Slate User Created.  User Index 0, Is Virtual User: 0
[2019.01.26-11.09.42:221][  0]LogSlate: Slate User Registered.  User Index 0, Is Virtual User: 0
[2019.01.26-11.09.42:572][  0]LogHMD: Failed to initialize OpenVR with code 110
[2019.01.26-11.09.42:573][  0]LogD3D11RHI: D3D11 adapters:
[2019.01.26-11.09.42:687][  0]LogD3D11RHI:    0. 'NVIDIA GeForce GTX 970' (Feature Level 11_0)
[2019.01.26-11.09.42:687][  0]LogD3D11RHI:       4043/0/8150 MB DedicatedVideo/DedicatedSystem/SharedSystem, Outputs:2, VendorId:0x10de
[2019.01.26-11.09.42:693][  0]LogD3D11RHI:    1. 'Microsoft Basic Render Driver' (Feature Level 11_0)
[2019.01.26-11.09.42:694][  0]LogD3D11RHI:       0/0/8150 MB DedicatedVideo/DedicatedSystem/SharedSystem, Outputs:0, VendorId:0x1414
[2019.01.26-11.09.42:694][  0]LogD3D11RHI: Chosen D3D11 Adapter: 0
[2019.01.26-11.09.42:706][  0]LogD3D11RHI: Creating new Direct3DDevice
[2019.01.26-11.09.42:706][  0]LogD3D11RHI:     GPU DeviceId: 0x13c2 (for the marketing name, search the web for "GPU Device Id")
[2019.01.26-11.09.42:706][  0]LogWindows: EnumDisplayDevices:
[2019.01.26-11.09.42:706][  0]LogWindows:    0. 'NVIDIA GeForce GTX 970' (P:1 D:1)
[2019.01.26-11.09.42:707][  0]LogWindows:    1. 'NVIDIA GeForce GTX 970' (P:0 D:1)
[2019.01.26-11.09.42:707][  0]LogWindows:    2. 'NVIDIA GeForce GTX 970' (P:0 D:0)
[2019.01.26-11.09.42:707][  0]LogWindows:    3. 'NVIDIA GeForce GTX 970' (P:0 D:0)
[2019.01.26-11.09.42:708][  0]LogWindows: DebugString: FoundDriverCount:4 
[2019.01.26-11.09.42:708][  0]LogD3D11RHI:     Adapter Name: NVIDIA GeForce GTX 970
[2019.01.26-11.09.42:708][  0]LogD3D11RHI:   Driver Version: 398.82 (internal:24.21.13.9882, unified:398.82)
[2019.01.26-11.09.42:708][  0]LogD3D11RHI:      Driver Date: 7-30-2018
[2019.01.26-11.09.42:708][  0]LogRHI: Texture pool is 2830 MB (70% of 4043 MB)
[2019.01.26-11.09.42:762][  0]LogD3D11RHI: Async texture creation enabled
[2019.01.26-11.09.42:780][  0]LogD3D11RHI: GPU Timing Frequency: 1000.000000 (Debug: 2 2)
[2019.01.26-11.09.42:825][  0]LogShaderCompilers: Guid format shader working directory is -20 characters bigger than the processId version (../../../../../../Users/h017026h/Documents/Game Jame/GGJ2019/GGJ2019/Intermediate/Shaders/WorkingDirectory/15616/).
[2019.01.26-11.09.42:825][  0]LogShaderCompilers: Cleaned the shader compiler working directory 'C:/Users/h017026h/AppData/Local/Temp/UnrealShaderWorkingDir/68BC5E37457A9F32E74DF79CE8B80830/'.
[2019.01.26-11.09.43:224][  0]LogTemp: Display: Loaded TP AllDesktopTargetPlatform
[2019.01.26-11.09.43:246][  0]LogTemp: Display: Loaded TP MacClientTargetPlatform
[2019.01.26-11.09.43:268][  0]LogTemp: Display: Loaded TP MacNoEditorTargetPlatform
[2019.01.26-11.09.43:303][  0]LogTemp: Display: Loaded TP MacServerTargetPlatform
[2019.01.26-11.09.43:335][  0]LogTemp: Display: Loaded TP MacTargetPlatform
[2019.01.26-11.09.43:353][  0]LogTemp: Display: Loaded TP WindowsClientTargetPlatform
[2019.01.26-11.09.43:373][  0]LogTemp: Display: Loaded TP WindowsNoEditorTargetPlatform
[2019.01.26-11.09.43:398][  0]LogTemp: Display: Loaded TP WindowsServerTargetPlatform
[2019.01.26-11.09.43:409][  0]LogTemp: Display: Loaded TP WindowsTargetPlatform
[2019.01.26-11.09.43:498][  0]LogTemp: Display: Loaded TP AndroidTargetPlatform
[2019.01.26-11.09.43:498][  0]LogTemp: Display: Loaded TP AndroidTargetPlatform
[2019.01.26-11.09.43:498][  0]LogTemp: Display: Loaded TP AndroidTargetPlatform
[2019.01.26-11.09.43:498][  0]LogTemp: Display: Loaded TP AndroidTargetPlatform
[2019.01.26-11.09.43:498][  0]LogTemp: Display: Loaded TP AndroidTargetPlatform
[2019.01.26-11.09.43:498][  0]LogTemp: Display: Loaded TP AndroidTargetPlatform
[2019.01.26-11.09.43:498][  0]LogTemp: Display: Loaded TP AndroidTargetPlatform
[2019.01.26-11.09.43:498][  0]LogTemp: Display: Loaded TP AndroidTargetPlatform
[2019.01.26-11.09.43:498][  0]LogTemp: Display: Loaded TP AndroidTargetPlatform
[2019.01.26-11.09.43:498][  0]LogTemp: Display: Loaded TP AndroidTargetPlatform
[2019.01.26-11.09.43:498][  0]LogTemp: Display: Loaded TP AndroidTargetPlatform
[2019.01.26-11.09.43:498][  0]LogTemp: Display: Loaded TP AndroidTargetPlatform
[2019.01.26-11.09.43:498][  0]LogTemp: Display: Loaded TP AndroidTargetPlatform
[2019.01.26-11.09.43:498][  0]LogTemp: Display: Loaded TP AndroidTargetPlatform
[2019.01.26-11.09.43:498][  0]LogTemp: Display: Loaded TP AndroidTargetPlatform
[2019.01.26-11.09.43:499][  0]LogTemp: Display: Loaded TP AndroidTargetPlatform
[2019.01.26-11.09.43:499][  0]LogTemp: Display: Loaded TP AndroidTargetPlatform
[2019.01.26-11.09.43:499][  0]LogTemp: Display: Loaded TP AndroidTargetPlatform
[2019.01.26-11.09.43:503][  0]LogTemp: Display: Loaded TP HTML5TargetPlatform
[2019.01.26-11.09.43:580][  0]LogTemp: Display: Loaded TP IOSTargetPlatform
[2019.01.26-11.09.43:580][  0]LogTemp: Display: Loaded TP IOSTargetPlatform
[2019.01.26-11.09.43:626][  0]LogTemp: Display: Loaded TP TVOSTargetPlatform
[2019.01.26-11.09.43:626][  0]LogTemp: Display: Loaded TP TVOSTargetPlatform
[2019.01.26-11.09.43:652][  0]LogTemp: Display: Loaded TP LinuxClientTargetPlatform
[2019.01.26-11.09.43:672][  0]LogTemp: Display: Loaded TP LinuxNoEditorTargetPlatform
[2019.01.26-11.09.43:689][  0]LogTemp: Display: Loaded TP LinuxServerTargetPlatform
[2019.01.26-11.09.43:708][  0]LogTemp: Display: Loaded TP LinuxTargetPlatform
[2019.01.26-11.09.43:723][  0]LogTemp: Display: Loaded TP LuminTargetPlatform
[2019.01.26-11.09.43:723][  0]LogTargetPlatformManager: Display: Building Assets For Windows
[2019.01.26-11.09.43:930][  0]LogXGEController: Cleaning working directory: C:/Users/h017026h/AppData/Local/Temp/UnrealXGEWorkingDir/
[2019.01.26-11.09.43:931][  0]LogXGEController: Cannot use XGE Controller as Incredibuild is not installed on this machine.
[2019.01.26-11.09.43:931][  0]LogShaderCompilers: Cannot use XGE Shader Compiler as Incredibuild is not installed on this machine.
[2019.01.26-11.09.43:931][  0]LogShaderCompilers: Display: Using Local Shader Compiler.
[2019.01.26-11.09.45:140][  0]LogDerivedDataCache: Display: Max Cache Size: 512 MB
[2019.01.26-11.09.45:240][  0]LogDerivedDataCache: Loaded boot cache 0.10s 71MB C:/Users/h017026h/AppData/Local/UnrealEngine/4.20/DerivedDataCache/Boot.ddc.
[2019.01.26-11.09.45:241][  0]LogDerivedDataCache: Display: Loaded Boot cache: C:/Users/h017026h/AppData/Local/UnrealEngine/4.20/DerivedDataCache/Boot.ddc
[2019.01.26-11.09.45:241][  0]LogDerivedDataCache: FDerivedDataBackendGraph:  Pak pak cache file ../../../../../../Users/h017026h/Documents/Game Jame/GGJ2019/GGJ2019/DerivedDataCache/DDC.ddp not found, will not use a pak cache.
[2019.01.26-11.09.45:242][  0]LogDerivedDataCache: Unable to find inner node Pak for hierarchical cache Hierarchy.
[2019.01.26-11.09.45:242][  0]LogDerivedDataCache: FDerivedDataBackendGraph:  CompressedPak pak cache file ../../../../../../Users/h017026h/Documents/Game Jame/GGJ2019/GGJ2019/DerivedDataCache/Compressed.ddp not found, will not use a pak cache.
[2019.01.26-11.09.45:242][  0]LogDerivedDataCache: Unable to find inner node CompressedPak for hierarchical cache Hierarchy.
[2019.01.26-11.09.45:258][  0]LogDerivedDataCache: Display: Pak cache opened for reading ../../../Engine/DerivedDataCache/Compressed.ddp.
[2019.01.26-11.09.45:272][  0]LogDerivedDataCache: Using Local data cache path C:/Users/h017026h/AppData/Local/UnrealEngine/Common/DerivedDataCache: Writable
[2019.01.26-11.09.45:272][  0]LogDerivedDataCache: Shared data cache path not found in *engine.ini, will not use an Shared cache.
[2019.01.26-11.09.45:272][  0]LogDerivedDataCache: Unable to find inner node Shared for hierarchical cache Hierarchy.
[2019.01.26-11.09.45:299][  0]LogMaterial: Verifying Global Shaders for PCD3D_SM5
[2019.01.26-11.09.45:301][  0]LogSlate: Using FreeType 2.6.0
[2019.01.26-11.09.45:302][  0]LogSlate: SlateFontServices - WITH_FREETYPE: 1, WITH_HARFBUZZ: 1
[2019.01.26-11.09.45:389][  0]LogAssetRegistry: FAssetRegistry took 0.0305 seconds to start up
[2019.01.26-11.09.45:879][  0]LogInit: Selected Device Profile: [Windows]
[2019.01.26-11.09.46:090][  0]LogSimplygon: Simplygon DLL not present - disabling.
[2019.01.26-11.09.46:102][  0]LogMeshReduction: Using SimplygonSwarm for distributed automatic mesh merging
[2019.01.26-11.09.46:102][  0]LogMeshReduction: Using ProxyLODMeshReduction for automatic mesh merging
[2019.01.26-11.09.46:102][  0]LogMeshReduction: Using QuadricMeshReduction for automatic static mesh reduction
[2019.01.26-11.09.46:102][  0]LogMeshReduction: No automatic skeletal mesh reduction module available
[2019.01.26-11.09.46:126][  0]LogNetVersion: GGJ2019 1.0.0, NetCL: 4212847, EngineNetVer: 5, GameNetVer: 0 (Checksum: 54619999)
[2019.01.26-11.09.46:796][  0]LogPackageLocalizationCache: Processed 11 localized package path(s) for 2 prioritized culture(s) in 0.168227 seconds
[2019.01.26-11.09.46:808][  0]LogUObjectArray: 38425 objects as part of root set at end of initial load.
[2019.01.26-11.09.46:809][  0]LogUObjectAllocator: 6690864 out of 0 bytes used by permanent object pool.
[2019.01.26-11.09.46:809][  0]LogUObjectArray: CloseDisregardForGC: 0/0 objects in disregard for GC pool
[2019.01.26-11.09.48:178][  0]LogTcpMessaging: Initializing TcpMessaging bridge
[2019.01.26-11.09.48:196][  0]LogUdpMessaging: Initializing bridge on interface 0.0.0.0:0 to multicast group 230.0.0.1:6666.
[2019.01.26-11.09.48:425][  0]SourceControl: Source control is disabled
[2019.01.26-11.09.48:425][  0]SourceControl: Source control is disabled
[2019.01.26-11.09.48:430][  0]SourceControl: Source control is disabled
[2019.01.26-11.09.48:434][  0]SourceControl: Source control is disabled
[2019.01.26-11.09.48:758][  0]LogAndroidPermission: UAndroidPermissionCallbackProxy::GetInstance
[2019.01.26-11.09.48:895][  0]LogOcInput: OculusInput pre-init called
[2019.01.26-11.09.48:994][  0]LogEngine: Initializing Engine...
[2019.01.26-11.09.48:996][  0]LogHMD: Failed to initialize OpenVR with code 110
[2019.01.26-11.09.48:998][  0]LogStats: UGameplayTagsManager::ConstructGameplayTagTree: ImportINI prefixes -  0.000 s
[2019.01.26-11.09.48:998][  0]LogStats: UGameplayTagsManager::ConstructGameplayTagTree: Construct from data asset -  0.000 s
[2019.01.26-11.09.48:998][  0]LogStats: UGameplayTagsManager::ConstructGameplayTagTree: ImportINI -  0.000 s
[2019.01.26-11.09.48:998][  0]LogStats: UGameplayTagsManager::ConstructGameplayTagTree: GameplayTagTreeChangedEvent.Broadcast -  0.000 s
[2019.01.26-11.09.49:244][  0]LogInit: Initializing FReadOnlyCVARCache
[2019.01.26-11.09.49:269][  0]LogAIModule: Creating AISystem for world Untitled
[2019.01.26-11.09.49:298][  0]LogInit: XAudio2 using 'Headset Earphone (Corsair VOID PRO USB Gaming Headset )' : 2 channels at 48 kHz using 16 bits per sample (channel mask 0x3)
[2019.01.26-11.09.49:326][  0]LogInit: FAudioDevice initialized.
[2019.01.26-11.09.49:326][  0]LogNetVersion: Set ProjectVersion to 1.0.0.0. Version Checksum will be recalculated on next use.
[2019.01.26-11.09.49:418][  0]LogDerivedDataCache: Saved boot cache 0.09s 71MB C:/Users/h017026h/AppData/Local/UnrealEngine/4.20/DerivedDataCache/Boot.ddc.
[2019.01.26-11.09.49:435][  0]LogInit: Texture streaming: Enabled
[2019.01.26-11.09.49:471][  0]LogEngineSessionManager: EngineSessionManager initialized
[2019.01.26-11.09.49:492][  0]LogInit: Transaction tracking system initialized
[2019.01.26-11.09.49:556][  0]BlueprintLog: New page: Editor Load
[2019.01.26-11.09.49:776][  0]LocalizationService: Localization service is disabled
[2019.01.26-11.09.50:233][  0]LogCook: Display: Max memory allowance for cook 16384mb min free memory 0mb
[2019.01.26-11.09.50:233][  0]LogCook: Display: Mobile HDR setting 1
[2019.01.26-11.09.50:233][  0]LogGameplayTags: Display: UGameplayTagsManager::DoneAddingNativeTags. DelegateIsBound: 0
[2019.01.26-11.09.50:233][  0]LogStats: UGameplayTagsManager::ConstructGameplayTagTree: ImportINI prefixes -  0.000 s
[2019.01.26-11.09.50:233][  0]LogStats: UGameplayTagsManager::ConstructGameplayTagTree: Construct from data asset -  0.000 s
[2019.01.26-11.09.50:234][  0]LogStats: UGameplayTagsManager::ConstructGameplayTagTree: ImportINI -  0.000 s
[2019.01.26-11.09.50:234][  0]LogStats: UGameplayTagsManager::ConstructGameplayTagTree: GameplayTagTreeChangedEvent.Broadcast -  0.000 s
[2019.01.26-11.09.50:547][  0]LogFileCache: Scanning file cache for directory 'C:/Users/h017026h/Documents/Game Jame/GGJ2019/GGJ2019/Content/' took 0.02s
[2019.01.26-11.09.50:547][  0]SourceControl: Source control is disabled
[2019.01.26-11.09.50:547][  0]Cmd: MAP LOAD FILE="../../../../../../Users/h017026h/Documents/Game Jame/GGJ2019/GGJ2019/Content/GameLevel.umap" TEMPLATE=0 SHOWPROGRESS=1 FEATURELEVEL=3
[2019.01.26-11.09.50:548][  0]LightingResults: New page: Lighting Build
[2019.01.26-11.09.50:554][  0]MapCheck: New page: Map Check
[2019.01.26-11.09.50:554][  0]LightingResults: New page: Lighting Build
[2019.01.26-11.09.50:881][  0]LogAIModule: Creating AISystem for world GameLevel
[2019.01.26-11.09.50:894][  0]LogEditorServer: Finished looking for orphan Actors (0.000 secs)
[2019.01.26-11.09.50:925][  0]Cmd: MAP CHECKDEP NOCLEARLOG
[2019.01.26-11.09.51:128][  0]MapCheck: Map check complete: 0 Error(s), 0 Warning(s), took 202.169ms to complete.
[2019.01.26-11.09.51:128][  0]LogFileHelpers: Loading map 'GameLevel' took 0.582
[2019.01.26-11.09.51:268][  0]LogSlate: Updating window title bar state: overlay mode, drag disabled, window buttons hidden, title bar hidden
[2019.01.26-11.09.51:278][  0]LogSlate: Updating window title bar state: overlay mode, drag disabled, window buttons hidden, title bar hidden
[2019.01.26-11.09.51:286][  0]LogSlate: Updating window title bar state: overlay mode, drag disabled, window buttons hidden, title bar hidden
[2019.01.26-11.09.51:298][  0]LogSlate: Updating window title bar state: overlay mode, drag disabled, window buttons hidden, title bar hidden
[2019.01.26-11.09.51:313][  0]LogCollectionManager: Loaded 0 collections in 0.004856 seconds
[2019.01.26-11.09.51:368][  0]LogFileCache: Scanning file cache for directory 'C:/Users/h017026h/Documents/Game Jame/GGJ2019/GGJ2019/Saved/Collections/' took 0.01s
[2019.01.26-11.09.51:368][  0]LogFileCache: Scanning file cache for directory 'C:/Users/h017026h/Documents/Game Jame/GGJ2019/GGJ2019/Content/Developers/h017026h/Collections/' took 0.01s
[2019.01.26-11.09.51:368][  0]LogFileCache: Scanning file cache for directory 'C:/Users/h017026h/Documents/Game Jame/GGJ2019/GGJ2019/Content/Collections/' took 0.01s
[2019.01.26-11.09.51:368][  0]LogCollectionManager: Rebuilt the GUID cache for 0 collections in 0.000001 seconds
[2019.01.26-11.09.51:379][  0]LogContentBrowser: Native class hierarchy populated in 0.0109 seconds. Added 2582 classes and 606 folders.
[2019.01.26-11.09.51:392][  0]LogContentBrowser: Native class hierarchy updated for 'WidgetCarousel' in 0.0008 seconds. Added 0 classes and 0 folders.
[2019.01.26-11.09.51:486][  0]LogContentBrowser: Native class hierarchy updated for 'AddContentDialog' in 0.0005 seconds. Added 0 classes and 0 folders.
[2019.01.26-11.09.51:497][  0]LogContentBrowser: Native class hierarchy updated for 'SceneOutliner' in 0.0005 seconds. Added 1 classes and 2 folders.
[2019.01.26-11.09.51:533][  0]LogSlate: Took 0.000292 seconds to synchronously load lazily loaded font '../../../Engine/Content/Slate/Fonts/Roboto-Regular.ttf' (155K)
[2019.01.26-11.09.51:535][  0]LogSlate: Took 0.000226 seconds to synchronously load lazily loaded font '../../../Engine/Content/Slate/Fonts/Roboto-Bold.ttf' (160K)
[2019.01.26-11.09.51:541][  0]LogSlate: Took 0.000304 seconds to synchronously load lazily loaded font '../../../Engine/Content/Editor/Slate/Fonts/FontAwesome.ttf' (139K)
[2019.01.26-11.09.51:646][  0]LogRenderer: Reallocating scene render targets to support 1208x576 Format 10 NumSamples 1 (Frame:1).
[2019.01.26-11.09.51:721][  0]LogSlate: Took 0.000284 seconds to synchronously load lazily loaded font '../../../Engine/Content/Slate/Fonts/Roboto-Light.ttf' (167K)
[2019.01.26-11.09.51:853][  0]LogContentBrowser: Native class hierarchy updated for 'HierarchicalLODOutliner' in 0.0006 seconds. Added 0 classes and 0 folders.
[2019.01.26-11.09.51:853][  0]LogLoad: (Engine Initialization) Total time: 13.77 seconds
[2019.01.26-11.09.51:853][  0]LogLoad: (Engine Initialization) Total Blueprint compile time: 0.00 seconds
[2019.01.26-11.09.51:907][  0]LogContentStreaming: Texture pool size now 1000 MB
[2019.01.26-11.09.51:980][  1]LogFileCache: Retrieving MD5 hashes for directory 'C:/Users/h017026h/Documents/Game Jame/GGJ2019/GGJ2019/Content/' took 0.10s
[2019.01.26-11.09.51:997][  1]LogAssetRegistry: Asset discovery search completed in 6.6320 seconds
[2019.01.26-11.09.51:999][  1]LogCollectionManager: Rebuilt the object cache for 0 collections in 0.000000 seconds (found 0 objects)
[2019.01.26-11.09.51:999][  1]LogCollectionManager: Fixed up redirectors for 0 collections in 0.000131 seconds (updated 0 objects)
[2019.01.26-11.10.04:758][290]LogSlate: FSceneViewport::OnFocusLost() reason 0
[2019.01.26-11.10.04:959][313]LogSlate: Took 0.000220 seconds to synchronously load lazily loaded font '../../../Engine/Content/Slate/Fonts/Roboto-Light.ttf' (167K)
[2019.01.26-11.10.05:067][313]LogAIModule: Creating AISystem for world AngTest
[2019.01.26-11.10.05:079][313]LogAssetEditorManager: Opening Asset editor for World /Game/AngTest.AngTest
[2019.01.26-11.10.05:101][313]Cmd: MAP LOAD FILE="../../../../../../Users/h017026h/Documents/Game Jame/GGJ2019/GGJ2019/Content/AngTest.umap" TEMPLATE=0 SHOWPROGRESS=1 FEATURELEVEL=3
[2019.01.26-11.10.05:101][313]LightingResults: New page: Lighting Build
[2019.01.26-11.10.05:102][313]LoadErrors: New page: Loading map: AngTest.umap
[2019.01.26-11.10.05:104][313]MapCheck: New page: Map Check
[2019.01.26-11.10.05:104][313]LightingResults: New page: Lighting Build
[2019.01.26-11.10.05:129][313]LogEditorServer: Finished looking for orphan Actors (0.000 secs)
[2019.01.26-11.10.05:188][313]Cmd: MAP CHECKDEP NOCLEARLOG
[2019.01.26-11.10.05:381][313]MapCheck: Map check complete: 0 Error(s), 0 Warning(s), took 192.731ms to complete.
[2019.01.26-11.10.05:382][313]LogFileHelpers: Loading map 'AngTest' took 0.282
[2019.01.26-11.10.05:431][313]LogActor: Warning: Pickup_BP_Weapon_C /Engine/Transient.World_1:PersistentLevel.Pickup_BP_Weapon_C_0 has natively added scene component(s), but none of them were set as the actor's RootComponent - picking one arbitrarily
[2019.01.26-11.10.05:437][313]LogActor: Warning: Pickup_BP_Base_C /Engine/Transient.World_2:PersistentLevel.Pickup_BP_Base_C_0 has natively added scene component(s), but none of them were set as the actor's RootComponent - picking one arbitrarily
[2019.01.26-11.10.07:090][504]LogTemp: Repeating last play command: Selected Viewport
[2019.01.26-11.10.07:113][504]LogPlayLevel: PlayLevel: No blueprints needed recompiling
[2019.01.26-11.10.07:128][504]PIE: New page: PIE session: AngTest (26 Jan 2019 11:10:07)
[2019.01.26-11.10.07:128][504]LogPlayLevel: Creating play world package: /Game/UEDPIE_0_AngTest
[2019.01.26-11.10.07:146][504]LogPlayLevel: PIE: StaticDuplicateObject took: (0.018494s)
[2019.01.26-11.10.07:147][504]LogAIModule: Creating AISystem for world AngTest
[2019.01.26-11.10.07:147][504]LogPlayLevel: PIE: World Init took: (0.000904s)
[2019.01.26-11.10.07:148][504]LogPlayLevel: PIE: Created PIE world by copying editor world from /Game/AngTest.AngTest to /Game/UEDPIE_0_AngTest.AngTest (0.019861s)
[2019.01.26-11.10.07:178][504]LogInit: XAudio2 using 'Headset Earphone (Corsair VOID PRO USB Gaming Headset )' : 2 channels at 48 kHz using 16 bits per sample (channel mask 0x3)
[2019.01.26-11.10.07:189][504]LogInit: FAudioDevice initialized.
[2019.01.26-11.10.07:456][504]LogLoad: Game class is 'GGJ2019GM_C'
[2019.01.26-11.10.07:462][504]LogWorld: Bringing World /Game/UEDPIE_0_AngTest.AngTest up for play (max tick rate 0) at 2019.01.26-11.10.07
[2019.01.26-11.10.07:464][504]LogWorld: Bringing up level for play took: 0.003497
[2019.01.26-11.10.07:492][504]LogContentBrowser: Native class hierarchy updated for 'MovieSceneCapture' in 0.0008 seconds. Added 10 classes and 0 folders.
[2019.01.26-11.10.07:495][504]PIE: Play in editor start time for /Game/UEDPIE_0_AngTest 0.521
[2019.01.26-11.10.07:548][505]LogActor: Warning: Pickup_BP_Food_C /Engine/Transient.World_3:PersistentLevel.Pickup_BP_Food_C_0 has natively added scene component(s), but none of them were set as the actor's RootComponent - picking one arbitrarily
[2019.01.26-11.10.07:573][506]LogActor: Warning: Fridge_BP_Base_C /Engine/Transient.World_4:PersistentLevel.Fridge_BP_Base_C_0 has natively added scene component(s), but none of them were set as the actor's RootComponent - picking one arbitrarily
[2019.01.26-11.10.13:556][219]LogSlate: Updating window title bar state: overlay mode, drag disabled, window buttons hidden, title bar hidden
[2019.01.26-11.10.13:592][219]LogPlayLevel: Display: Shutting down PIE online subsystems
[2019.01.26-11.10.13:624][219]LogSlate: Updating window title bar state: overlay mode, drag disabled, window buttons hidden, title bar hidden
[2019.01.26-11.10.13:656][221]LogPlayLevel: Display: Destroying online subsystem :Context_4
[2019.01.26-11.10.14:519][324]LogEditorViewport: Clicking on Actor (LMB): Pickup_BP_Base_C (Pickup_BP_Base)
[2019.01.26-11.10.15:936][482]Cmd: DELETE
[2019.01.26-11.10.15:936][482]Cmd: ACTOR DELETE
[2019.01.26-11.10.15:945][482]LogEditorActor: Deleted Actor: Pickup_BP_Base_C
[2019.01.26-11.10.15:967][482]LogEditorActor: Deleted 1 Actors (0.031 secs)
[2019.01.26-11.10.18:502][775]LogSlate: FSceneViewport::OnFocusLost() reason 0
[2019.01.26-11.10.18:740][802]LogActor: Warning: Pickup_BP_Food_C /Game/AngTest.AngTest:PersistentLevel.Pickup_BP_Food_C_0 has natively added scene component(s), but none of them were set as the actor's RootComponent - picking one arbitrarily
[2019.01.26-11.10.19:275][865]LogActor: Warning: Pickup_BP_Food_C /Game/AngTest.AngTest:PersistentLevel.Pickup_BP_Food_C_1 has natively added scene component(s), but none of them were set as the actor's RootComponent - picking one arbitrarily
[2019.01.26-11.10.23:451][348]LogSlate: FSceneViewport::OnFocusLost() reason 0
[2019.01.26-11.10.23:560][361]LogTemp: Repeating last play command: Selected Viewport
[2019.01.26-11.10.23:581][361]LogPlayLevel: PlayLevel: No blueprints needed recompiling
[2019.01.26-11.10.23:581][361]PIE: New page: PIE session: AngTest (26 Jan 2019 11:10:23)
[2019.01.26-11.10.23:581][361]LogPlayLevel: Creating play world package: /Game/UEDPIE_0_AngTest
[2019.01.26-11.10.23:602][361]LogPlayLevel: PIE: StaticDuplicateObject took: (0.019949s)
[2019.01.26-11.10.23:602][361]LogAIModule: Creating AISystem for world AngTest
[2019.01.26-11.10.23:603][361]LogPlayLevel: PIE: World Init took: (0.001084s)
[2019.01.26-11.10.23:603][361]LogPlayLevel: PIE: Created PIE world by copying editor world from /Game/AngTest.AngTest to /Game/UEDPIE_0_AngTest.AngTest (0.021425s)
[2019.01.26-11.10.23:635][361]LogInit: XAudio2 using 'Headset Earphone (Corsair VOID PRO USB Gaming Headset )' : 2 channels at 48 kHz using 16 bits per sample (channel mask 0x3)
[2019.01.26-11.10.23:648][361]LogInit: FAudioDevice initialized.
[2019.01.26-11.10.23:687][361]LogLoad: Game class is 'GGJ2019GM_C'
[2019.01.26-11.10.23:692][361]LogWorld: Bringing World /Game/UEDPIE_0_AngTest.AngTest up for play (max tick rate 0) at 2019.01.26-11.10.23
[2019.01.26-11.10.23:693][361]LogWorld: Bringing up level for play took: 0.004433
[2019.01.26-11.10.23:710][361]PIE: Play in editor start time for /Game/UEDPIE_0_AngTest 0.736
[2019.01.26-11.10.23:710][361]LogBlueprintUserMessages: [Player_BP_Base_C_0] picked up
[2019.01.26-11.10.27:161][771]LogSlate: Updating window title bar state: overlay mode, drag disabled, window buttons hidden, title bar hidden
[2019.01.26-11.10.27:201][771]LogPlayLevel: Display: Shutting down PIE online subsystems
[2019.01.26-11.10.27:226][771]LogSlate: Updating window title bar state: overlay mode, drag disabled, window buttons hidden, title bar hidden
[2019.01.26-11.10.27:265][774]LogPlayLevel: Display: Destroying online subsystem :Context_8
[2019.01.26-11.10.28:583][924]LogEditorViewport: Clicking on Actor (LMB): Pickup_BP_Food_C (Pickup_BP_Food)
[2019.01.26-11.10.29:965][ 72]LogSlate: FSceneViewport::OnFocusLost() reason 0
[2019.01.26-11.10.30:169][ 91]LogAssetEditorManager: Opening Asset editor for Blueprint /Game/Pickup_BP_Food.Pickup_BP_Food
[2019.01.26-11.10.30:656][ 91]LogContentBrowser: Native class hierarchy updated for 'BlueprintGraph' in 0.0015 seconds. Added 116 classes and 0 folders.
[2019.01.26-11.10.31:521][ 91]LogActor: Warning: Pickup_BP_Food_C /Engine/Transient.World_6:PersistentLevel.Pickup_BP_Food_C_0 has natively added scene component(s), but none of them were set as the actor's RootComponent - picking one arbitrarily
[2019.01.26-11.10.31:526][ 91]LogSlate: Took 0.000283 seconds to synchronously load lazily loaded font '../../../Engine/Content/Slate/Fonts/Roboto-BoldCondensed.ttf' (158K)
[2019.01.26-11.10.31:575][ 92]LogSlate: Took 0.000341 seconds to synchronously load lazily loaded font '../../../Engine/Content/Slate/Fonts/Roboto-Italic.ttf' (157K)
[2019.01.26-11.10.32:732][222]LogRenderer: Reallocating scene render targets to support 1208x712 Format 10 NumSamples 1 (Frame:1).
[2019.01.26-11.10.46:461][796]LogSlate: FSceneViewport::OnFocusLost() reason 0
[2019.01.26-11.10.51:891][433]LogSlate: FSceneViewport::OnFocusLost() reason 0
[2019.01.26-11.10.51:972][442]BlueprintLog: New page: Compile Pickup_BP_Food
[2019.01.26-11.10.52:018][442]LogActor: Warning: Pickup_BP_Food_C /Engine/Transient.World_3:PersistentLevel.Pickup_BP_Food_C_0 has natively added scene component(s), but none of them were set as the actor's RootComponent - picking one arbitrarily
[2019.01.26-11.10.52:018][442]LogActor: Warning: Pickup_BP_Food_C /Game/AngTest.AngTest:PersistentLevel.Pickup_BP_Food_2 has natively added scene component(s), but none of them were set as the actor's RootComponent - picking one arbitrarily
[2019.01.26-11.10.52:050][442]LogActor: Warning: Pickup_BP_Food_C /Engine/Transient.World_6:PersistentLevel.Pickup_BP_Food_C_0 has natively added scene component(s), but none of them were set as the actor's RootComponent - picking one arbitrarily
[2019.01.26-11.10.52:267][442]LogActor: Warning: Pickup_BP_Food_C /Engine/Transient.World_3:PersistentLevel.Pickup_BP_Food_C_1 has natively added scene component(s), but none of them were set as the actor's RootComponent - picking one arbitrarily
[2019.01.26-11.10.53:864][623]Cmd: OBJ SAVEPACKAGE PACKAGE="/Game/Pickup_BP_Food" FILE="../../../../../../Users/h017026h/Documents/Game Jame/GGJ2019/GGJ2019/Content/Pickup_BP_Food.uasset" SILENT=true
[2019.01.26-11.10.53:926][623]LogSavePackage: Moving '../../../../../../Users/h017026h/Documents/Game Jame/GGJ2019/GGJ2019/Saved/Pickup_BP_FoodF693B1DD4518CF4A317870A669CD79FE.tmp' to '../../../../../../Users/h017026h/Documents/Game Jame/GGJ2019/GGJ2019/Content/Pickup_BP_Food.uasset'
[2019.01.26-11.10.54:757][722]LogTemp: Repeating last play command: Selected Viewport
[2019.01.26-11.10.54:808][722]LogPlayLevel: PlayLevel: No blueprints needed recompiling
[2019.01.26-11.10.54:808][722]PIE: New page: PIE session: AngTest (26 Jan 2019 11:10:54)
[2019.01.26-11.10.54:808][722]LogPlayLevel: Creating play world package: /Game/UEDPIE_0_AngTest
[2019.01.26-11.10.54:834][722]LogPlayLevel: PIE: StaticDuplicateObject took: (0.025536s)
[2019.01.26-11.10.54:834][722]LogAIModule: Creating AISystem for world AngTest
[2019.01.26-11.10.54:835][722]LogPlayLevel: PIE: World Init took: (0.000871s)
[2019.01.26-11.10.54:835][722]LogPlayLevel: PIE: Created PIE world by copying editor world from /Game/AngTest.AngTest to /Game/UEDPIE_0_AngTest.AngTest (0.026797s)
[2019.01.26-11.10.54:875][722]LogInit: XAudio2 using 'Headset Earphone (Corsair VOID PRO USB Gaming Headset )' : 2 channels at 48 kHz using 16 bits per sample (channel mask 0x3)
[2019.01.26-11.10.54:890][722]LogInit: FAudioDevice initialized.
[2019.01.26-11.10.54:902][722]LogSlate: Updating window title bar state: overlay mode, drag disabled, window buttons hidden, title bar hidden
[2019.01.26-11.10.54:952][722]LogLoad: Game class is 'GGJ2019GM_C'
[2019.01.26-11.10.54:956][722]LogWorld: Bringing World /Game/UEDPIE_0_AngTest.AngTest up for play (max tick rate 0) at 2019.01.26-11.10.54
[2019.01.26-11.10.54:957][722]LogWorld: Bringing up level for play took: 0.003966
[2019.01.26-11.10.54:974][722]PIE: Play in editor start time for /Game/UEDPIE_0_AngTest -0
[2019.01.26-11.10.54:975][722]LogBlueprintUserMessages: [Player_BP_Base_C_0] picked up
[2019.01.26-11.10.55:007][722]LogRenderer: Reallocating scene render targets to support 1292x756 Format 10 NumSamples 1 (Frame:1).
[2019.01.26-11.10.57:451][  4]LogSlate: Updating window title bar state: overlay mode, drag disabled, window buttons hidden, title bar hidden
[2019.01.26-11.10.57:474][  4]LogSlate: Window 'GGJ2019 Game Preview Standalone (64-bit/PCD3D_SM5)' being destroyed
[2019.01.26-11.10.57:509][  4]LogPlayLevel: Display: Shutting down PIE online subsystems
[2019.01.26-11.10.57:568][  5]LogPlayLevel: Display: Destroying online subsystem :Context_11
[2019.01.26-11.11.00:081][301]LogEditorViewport: Clicking on Actor (LMB): Pickup_BP_Food_C (Pickup_BP_Food)
[2019.01.26-11.11.02:361][562]Cmd: DELETE
[2019.01.26-11.11.02:361][562]Cmd: ACTOR DELETE
[2019.01.26-11.11.02:366][562]LogEditorActor: Deleted Actor: Pickup_BP_Food_C
[2019.01.26-11.11.02:391][562]LogEditorActor: Deleted 1 Actors (0.030 secs)
[2019.01.26-11.11.03:705][719]LogEditorViewport: Clicking on Actor (LMB): Pickup_BP_Weapon_C (Pickup_BP_Weapon)
[2019.01.26-11.11.06:825][ 77]LogSlate: FSceneViewport::OnFocusLost() reason 0
[2019.01.26-11.11.06:975][ 93]LogActor: Warning: Pickup_BP_Food_C /Game/AngTest.AngTest:PersistentLevel.Pickup_BP_Food_C_3 has natively added scene component(s), but none of them were set as the actor's RootComponent - picking one arbitrarily
[2019.01.26-11.11.07:941][202]LogActor: Warning: Pickup_BP_Food_C /Game/AngTest.AngTest:PersistentLevel.Pickup_BP_Food_C_4 has natively added scene component(s), but none of them were set as the actor's RootComponent - picking one arbitrarily
[2019.01.26-11.11.08:743][293]LogEditorViewport: Clicking on Actor (LMB): Pickup_BP_Food_C (Pickup_BP_Food)
[2019.01.26-11.11.09:704][406]Cmd: DELETE
[2019.01.26-11.11.09:704][406]Cmd: ACTOR DELETE
[2019.01.26-11.11.09:708][406]LogEditorActor: Deleted Actor: Pickup_BP_Food_C
[2019.01.26-11.11.09:739][406]LogEditorActor: Deleted 1 Actors (0.035 secs)
[2019.01.26-11.11.16:777][244]LogSlate: FSceneViewport::OnFocusLost() reason 0
[2019.01.26-11.11.16:942][262]LogActor: Warning: Pickup_BP_Food_C /Game/AngTest.AngTest:PersistentLevel.Pickup_BP_Food_C_6 has natively added scene component(s), but none of them were set as the actor's RootComponent - picking one arbitrarily
[2019.01.26-11.11.20:371][672]LogActor: Warning: Pickup_BP_Food_C /Game/AngTest.AngTest:PersistentLevel.Pickup_BP_Food_C_7 has natively added scene component(s), but none of them were set as the actor's RootComponent - picking one arbitrarily
[2019.01.26-11.11.24:705][179]LogSlate: FSceneViewport::OnFocusLost() reason 0
[2019.01.26-11.11.24:780][188]LogTemp: Repeating last play command: Selected Viewport
[2019.01.26-11.11.24:803][188]LogPlayLevel: PlayLevel: No blueprints needed recompiling
[2019.01.26-11.11.24:803][188]PIE: New page: PIE session: AngTest (26 Jan 2019 11:11:24)
[2019.01.26-11.11.24:803][188]LogPlayLevel: Creating play world package: /Game/UEDPIE_0_AngTest
[2019.01.26-11.11.24:822][188]LogPlayLevel: PIE: StaticDuplicateObject took: (0.018839s)
[2019.01.26-11.11.24:823][188]LogAIModule: Creating AISystem for world AngTest
[2019.01.26-11.11.24:823][188]LogPlayLevel: PIE: World Init took: (0.000776s)
[2019.01.26-11.11.24:823][188]LogPlayLevel: PIE: Created PIE world by copying editor world from /Game/AngTest.AngTest to /Game/UEDPIE_0_AngTest.AngTest (0.019980s)
[2019.01.26-11.11.24:862][188]LogInit: XAudio2 using 'Headset Earphone (Corsair VOID PRO USB Gaming Headset )' : 2 channels at 48 kHz using 16 bits per sample (channel mask 0x3)
[2019.01.26-11.11.24:873][188]LogInit: FAudioDevice initialized.
[2019.01.26-11.11.24:907][188]LogLoad: Game class is 'GGJ2019GM_C'
[2019.01.26-11.11.24:910][188]LogWorld: Bringing World /Game/UEDPIE_0_AngTest.AngTest up for play (max tick rate 0) at 2019.01.26-11.11.24
[2019.01.26-11.11.24:910][188]LogWorld: Bringing up level for play took: 0.001965
[2019.01.26-11.11.24:925][188]PIE: Play in editor start time for /Game/UEDPIE_0_AngTest -0.049
[2019.01.26-11.11.29:220][700]LogBlueprintUserMessages: [Player_BP_Base_C_0] picked up
[2019.01.26-11.11.35:863][497]LogSlate: Updating window title bar state: overlay mode, drag disabled, window buttons hidden, title bar hidden
[2019.01.26-11.11.35:900][497]LogPlayLevel: Display: Shutting down PIE online subsystems
[2019.01.26-11.11.35:934][497]LogSlate: Updating window title bar state: overlay mode, drag disabled, window buttons hidden, title bar hidden
[2019.01.26-11.11.35:972][499]LogPlayLevel: Display: Destroying online subsystem :Context_12
[2019.01.26-11.11.39:043][859]LogSlate: FSceneViewport::OnFocusLost() reason 0
[2019.01.26-11.11.39:383][897]LogAssetEditorManager: Opening Asset editor for Blueprint /Game/Player_BP_Base.Player_BP_Base
[2019.01.26-11.12.18:751][ 82]LogTemp: Repeating last play command: Selected Viewport
[2019.01.26-11.12.18:776][ 82]LogPlayLevel: PlayLevel: No blueprints needed recompiling
[2019.01.26-11.12.18:776][ 82]PIE: New page: PIE session: AngTest (26 Jan 2019 11:12:18)
[2019.01.26-11.12.18:776][ 82]LogPlayLevel: Creating play world package: /Game/UEDPIE_0_AngTest
[2019.01.26-11.12.18:793][ 82]LogPlayLevel: PIE: StaticDuplicateObject took: (0.016973s)
[2019.01.26-11.12.18:794][ 82]LogAIModule: Creating AISystem for world AngTest
[2019.01.26-11.12.18:795][ 82]LogPlayLevel: PIE: World Init took: (0.001159s)
[2019.01.26-11.12.18:795][ 82]LogPlayLevel: PIE: Created PIE world by copying editor world from /Game/AngTest.AngTest to /Game/UEDPIE_0_AngTest.AngTest (0.018523s)
[2019.01.26-11.12.18:837][ 82]LogInit: XAudio2 using 'Headset Earphone (Corsair VOID PRO USB Gaming Headset )' : 2 channels at 48 kHz using 16 bits per sample (channel mask 0x3)
[2019.01.26-11.12.18:848][ 82]LogInit: FAudioDevice initialized.
[2019.01.26-11.12.18:881][ 82]LogLoad: Game class is 'GGJ2019GM_C'
[2019.01.26-11.12.18:883][ 82]LogWorld: Bringing World /Game/UEDPIE_0_AngTest.AngTest up for play (max tick rate 0) at 2019.01.26-11.12.18
[2019.01.26-11.12.18:884][ 82]LogWorld: Bringing up level for play took: 0.001808
[2019.01.26-11.12.18:898][ 82]PIE: Play in editor start time for /Game/UEDPIE_0_AngTest -0.076
[2019.01.26-11.12.23:511][626]LogBlueprintUserMessages: [Player_BP_Base_C_0] picked up
[2019.01.26-11.12.31:054][531]LogSlate: Updating window title bar state: overlay mode, drag disabled, window buttons hidden, title bar hidden
[2019.01.26-11.12.31:094][531]LogPlayLevel: Display: Shutting down PIE online subsystems
[2019.01.26-11.12.31:132][531]LogSlate: Updating window title bar state: overlay mode, drag disabled, window buttons hidden, title bar hidden
[2019.01.26-11.12.31:154][532]LogPlayLevel: Display: Destroying online subsystem :Context_14
[2019.01.26-11.12.34:681][947]LogSlate: FSceneViewport::OnFocusLost() reason 0
[2019.01.26-11.12.34:875][968]LogAssetEditorManager: Opening Asset editor for Blueprint /Game/Fridge_BP_Base.Fridge_BP_Base
[2019.01.26-11.12.35:221][968]LogActor: Warning: Fridge_BP_Base_C /Engine/Transient.World_9:PersistentLevel.Fridge_BP_Base_C_0 has natively added scene component(s), but none of them were set as the actor's RootComponent - picking one arbitrarily
[2019.01.26-11.12.37:164][174]LogSlate: Window 'Fridge_BP_Base' being destroyed
[2019.01.26-11.12.37:168][174]LogSlate: Window 'Fridge_BP_Base' being destroyed
[2019.01.26-11.12.45:151][120]LogActor: Warning: Fridge_BP_Base_C /Game/AngTest.AngTest:PersistentLevel.Fridge_BP_Base_C_0 has natively added scene component(s), but none of them were set as the actor's RootComponent - picking one arbitrarily
[2019.01.26-11.12.49:125][595]LogActor: Warning: Fridge_BP_Base_C /Game/AngTest.AngTest:PersistentLevel.Fridge_BP_Base_C_1 has natively added scene component(s), but none of them were set as the actor's RootComponent - picking one arbitrarily
[2019.01.26-11.12.50:928][810]LogActor: Warning: Fridge_BP_Base_C /Game/AngTest.AngTest:PersistentLevel.Fridge_BP_Base_C_3 has natively added scene component(s), but none of them were set as the actor's RootComponent - picking one arbitrarily
[2019.01.26-11.12.54:778][264]Cmd: DELETE
[2019.01.26-11.12.54:778][264]Cmd: ACTOR DELETE
[2019.01.26-11.12.54:783][264]LogEditorActor: Deleted Actor: Fridge_BP_Base_C
[2019.01.26-11.12.54:815][264]LogEditorActor: Deleted 1 Actors (0.036 secs)
[2019.01.26-11.12.55:829][384]LogSlate: FSceneViewport::OnFocusLost() reason 0
[2019.01.26-11.12.56:014][404]LogAssetEditorManager: Opening Asset editor for Blueprint /Game/Fridge_BP_Base.Fridge_BP_Base
[2019.01.26-11.12.56:372][404]LogActor: Warning: Fridge_BP_Base_C /Engine/Transient.World_10:PersistentLevel.Fridge_BP_Base_C_0 has natively added scene component(s), but none of them were set as the actor's RootComponent - picking one arbitrarily
[2019.01.26-11.13.25:119][455]BlueprintLog: New page: Compile Fridge_BP_Base
[2019.01.26-11.13.25:151][455]LogActor: Warning: Fridge_BP_Base_C /Engine/Transient.World_4:PersistentLevel.Fridge_BP_Base_C_0 has natively added scene component(s), but none of them were set as the actor's RootComponent - picking one arbitrarily
[2019.01.26-11.13.25:152][455]LogActor: Warning: Fridge_BP_Base_C /Engine/Transient.World_10:PersistentLevel.Fridge_BP_Base_C_0 has natively added scene component(s), but none of them were set as the actor's RootComponent - picking one arbitrarily
[2019.01.26-11.13.25:315][455]LogActor: Warning: Fridge_BP_Base_C /Engine/Transient.World_4:PersistentLevel.Fridge_BP_Base_C_1 has natively added scene component(s), but none of them were set as the actor's RootComponent - picking one arbitrarily
[2019.01.26-11.13.26:385][575]Cmd: OBJ SAVEPACKAGE PACKAGE="/Game/Fridge_BP_Base" FILE="../../../../../../Users/h017026h/Documents/Game Jame/GGJ2019/GGJ2019/Content/Fridge_BP_Base.uasset" SILENT=true
[2019.01.26-11.13.26:436][575]LogSavePackage: Moving '../../../../../../Users/h017026h/Documents/Game Jame/GGJ2019/GGJ2019/Saved/Fridge_BP_BaseE02CE20745B76A457C92979D4C5A3CCB.tmp' to '../../../../../../Users/h017026h/Documents/Game Jame/GGJ2019/GGJ2019/Content/Fridge_BP_Base.uasset'
[2019.01.26-11.13.28:391][800]LogSlate: Window 'Fridge_BP_Base' being destroyed
[2019.01.26-11.13.29:900][965]LogActor: Warning: Fridge_BP_Base_C /Game/AngTest.AngTest:PersistentLevel.Fridge_BP_Base_C_5 has natively added scene component(s), but none of them were set as the actor's RootComponent - picking one arbitrarily
[2019.01.26-11.13.32:501][274]LogActor: Warning: Fridge_BP_Base_C /Game/AngTest.AngTest:PersistentLevel.Fridge_BP_Base_C_6 has natively added scene component(s), but none of them were set as the actor's RootComponent - picking one arbitrarily
[2019.01.26-11.13.37:869][904]LogSlate: FSceneViewport::OnFocusLost() reason 0
[2019.01.26-11.13.37:968][916]LogTemp: Repeating last play command: Selected Viewport
[2019.01.26-11.13.37:997][916]LogPlayLevel: PlayLevel: No blueprints needed recompiling
[2019.01.26-11.13.37:998][916]PIE: New page: PIE session: AngTest (26 Jan 2019 11:13:37)
[2019.01.26-11.13.37:998][916]LogPlayLevel: Creating play world package: /Game/UEDPIE_0_AngTest
[2019.01.26-11.13.38:014][916]LogPlayLevel: PIE: StaticDuplicateObject took: (0.016756s)
[2019.01.26-11.13.38:015][916]LogAIModule: Creating AISystem for world AngTest
[2019.01.26-11.13.38:015][916]LogPlayLevel: PIE: World Init took: (0.000748s)
[2019.01.26-11.13.38:015][916]LogPlayLevel: PIE: Created PIE world by copying editor world from /Game/AngTest.AngTest to /Game/UEDPIE_0_AngTest.AngTest (0.017839s)
[2019.01.26-11.13.38:054][916]LogInit: XAudio2 using 'Headset Earphone (Corsair VOID PRO USB Gaming Headset )' : 2 channels at 48 kHz using 16 bits per sample (channel mask 0x3)
[2019.01.26-11.13.38:066][916]LogInit: FAudioDevice initialized.
[2019.01.26-11.13.38:101][916]LogLoad: Game class is 'GGJ2019GM_C'
[2019.01.26-11.13.38:108][916]LogWorld: Bringing World /Game/UEDPIE_0_AngTest.AngTest up for play (max tick rate 0) at 2019.01.26-11.13.38
[2019.01.26-11.13.38:109][916]LogWorld: Bringing up level for play took: 0.006164
[2019.01.26-11.13.38:128][916]PIE: Play in editor start time for /Game/UEDPIE_0_AngTest -0.845
[2019.01.26-11.13.43:730][582]LogBlueprintUserMessages: [Player_BP_Base_C_0] picked up
[2019.01.26-11.13.47:047][980]LogBlueprintUserMessages: [Player_BP_Base_C_0] put in fridge
[2019.01.26-11.13.50:122][349]LogSlate: Updating window title bar state: overlay mode, drag disabled, window buttons hidden, title bar hidden
[2019.01.26-11.13.50:163][349]LogPlayLevel: Display: Shutting down PIE online subsystems
[2019.01.26-11.13.50:200][349]LogSlate: Updating window title bar state: overlay mode, drag disabled, window buttons hidden, title bar hidden
[2019.01.26-11.13.50:227][351]LogPlayLevel: Display: Destroying online subsystem :Context_17
[2019.01.26-11.14.01:793][723]LogSlate: FSceneViewport::OnFocusLost() reason 0
[2019.01.26-11.15.38:738][ 15]BlueprintLog: New page: Compile Player_BP_Base
[2019.01.26-11.15.40:689][208]Cmd: OBJ SAVEPACKAGE PACKAGE="/Game/Player_BP_Base" FILE="../../../../../../Users/h017026h/Documents/Game Jame/GGJ2019/GGJ2019/Content/Player_BP_Base.uasset" SILENT=true
[2019.01.26-11.15.40:780][208]LogSavePackage: Moving '../../../../../../Users/h017026h/Documents/Game Jame/GGJ2019/GGJ2019/Saved/Player_BP_BaseA1A85CB349FCAD537BC993A8F7F9E967.tmp' to '../../../../../../Users/h017026h/Documents/Game Jame/GGJ2019/GGJ2019/Content/Player_BP_Base.uasset'
[2019.01.26-11.16.51:160][299]Cmd: OBJ SAVEPACKAGE PACKAGE="/Game/AngTest" FILE="../../../../../../Users/h017026h/Documents/Game Jame/GGJ2019/GGJ2019/Content/AngTest.umap" SILENT=true AUTOSAVING=false KEEPDIRTY=false
[2019.01.26-11.16.51:533][299]LogSavePackage: Moving '../../../../../../Users/h017026h/Documents/Game Jame/GGJ2019/GGJ2019/Saved/AngTestCF33721B472AEDCB178457BF4EA0F533.tmp' to '../../../../../../Users/h017026h/Documents/Game Jame/GGJ2019/GGJ2019/Content/AngTest.umap'
[2019.01.26-11.16.51:592][299]LogFileHelpers: Saving map 'AngTest' took 0.706
[2019.01.26-11.16.52:854][415]LogActorComponent: UnregisterComponent: (/Engine/Transient.EditorFloorComp) Not registered. Aborting.
[2019.01.26-11.16.52:921][415]LogActorComponent: UnregisterComponent: (/Engine/Transient.EditorFloorComp) Not registered. Aborting.
[2019.01.26-11.16.53:003][415]LogSlate: Window 'GGJ2019 - Unreal Editor' being destroyed
[2019.01.26-11.16.53:245][416]Cmd: QUIT_EDITOR
[2019.01.26-11.16.53:878][416]LogWindowsTextInputMethodSystem: Display: IME system now deactivated.
[2019.01.26-11.16.53:906][416]LogExit: Preparing to exit.
[2019.01.26-11.16.55:103][416]LogExit: Editor shut down
[2019.01.26-11.16.55:103][416]LogExit: Transaction tracking system shut down
[2019.01.26-11.16.55:566][416]LogExit: Object subsystem successfully closed.
[2019.01.26-11.16.55:609][416]LogShaderCompilers: Display: Shaders left to compile 0
[2019.01.26-11.16.55:614][416]LogD3D11RHI: Shutdown
[2019.01.26-11.16.55:614][416]LogD3D11RHI: CleanupD3DDevice
[2019.01.26-11.16.55:620][416]LogD3D11RHI: ~FD3D11DynamicRHI
[2019.01.26-11.16.55:675][416]LogModuleManager: Shutting down and abandoning module HierarchicalLODUtilities (620)
[2019.01.26-11.16.55:675][416]LogModuleManager: Shutting down and abandoning module BlueprintGraph (618)
[2019.01.26-11.16.55:676][416]LogModuleManager: Shutting down and abandoning module MovieSceneCapture (616)
[2019.01.26-11.16.55:676][416]LogModuleManager: Shutting down and abandoning module Voice (614)
[2019.01.26-11.16.55:676][416]LogModuleManager: Shutting down and abandoning module HierarchicalLODOutliner (612)
[2019.01.26-11.16.55:676][416]LogModuleManager: Shutting down and abandoning module SceneOutliner (610)
[2019.01.26-11.16.55:676][416]LogModuleManager: Shutting down and abandoning module AddContentDialog (608)
[2019.01.26-11.16.55:676][416]LogModuleManager: Shutting down and abandoning module WidgetCarousel (607)
[2019.01.26-11.16.55:676][416]LogModuleManager: Shutting down and abandoning module EditorWidgets (604)
[2019.01.26-11.16.55:677][416]LogModuleManager: Shutting down and abandoning module CollectionManager (602)
[2019.01.26-11.16.55:677][416]LogModuleManager: Shutting down and abandoning module StatsViewer (600)
[2019.01.26-11.16.55:677][416]LogModuleManager: Shutting down and abandoning module FoliageEdit (598)
[2019.01.26-11.16.55:677][416]LogModuleManager: Shutting down and abandoning module LandscapeEditor (596)
[2019.01.26-11.16.55:677][416]LogModuleManager: Shutting down and abandoning module MeshPaintMode (594)
[2019.01.26-11.16.55:678][416]LogModuleManager: Shutting down and abandoning module SceneDepthPickerMode (592)
[2019.01.26-11.16.55:678][416]LogModuleManager: Shutting down and abandoning module ActorPickerMode (590)
[2019.01.26-11.16.55:678][416]LogModuleManager: Shutting down and abandoning module GeometryMode (588)
[2019.01.26-11.16.55:678][416]LogModuleManager: Shutting down and abandoning module TextureAlignMode (586)
[2019.01.26-11.16.55:678][416]LogModuleManager: Shutting down and abandoning module BspMode (584)
[2019.01.26-11.16.55:678][416]LogModuleManager: Shutting down and abandoning module PIEPreviewDeviceProfileSelector (582)
[2019.01.26-11.16.55:678][416]LogModuleManager: Shutting down and abandoning module SequenceRecorderSections (580)
[2019.01.26-11.16.55:678][416]LogModuleManager: Shutting down and abandoning module AutomationWorker (578)
[2019.01.26-11.16.55:679][416]LogModuleManager: Shutting down and abandoning module AudioCaptureEditor (576)
[2019.01.26-11.16.55:679][416]LogModuleManager: Shutting down and abandoning module SequenceRecorder (575)
[2019.01.26-11.16.55:679][416]LogModuleManager: Shutting down and abandoning module MatineeToLevelSequence (572)
[2019.01.26-11.16.55:679][416]LogModuleManager: Shutting down and abandoning module LevelSequenceEditor (570)
[2019.01.26-11.16.55:679][416]LogModuleManager: Shutting down and abandoning module PlacementMode (569)
[2019.01.26-11.16.55:679][416]LogModuleManager: Shutting down and abandoning module MaterialEditor (568)
[2019.01.26-11.16.55:679][416]LogModuleManager: Shutting down and abandoning module WmfMediaFactory (564)
[2019.01.26-11.16.55:679][416]LogModuleManager: Shutting down and abandoning module WmfMediaEditor (562)
[2019.01.26-11.16.55:680][416]LogModuleManager: Shutting down and abandoning module MediaPlayerEditor (560)
[2019.01.26-11.16.55:680][416]LogModuleManager: Shutting down and abandoning module OpenExrWrapper (558)
[2019.01.26-11.16.55:680][416]LogModuleManager: Shutting down and abandoning module ImgMediaFactory (556)
[2019.01.26-11.16.55:680][416]LogModuleManager: Shutting down and abandoning module ImgMediaEditor (554)
[2019.01.26-11.16.55:680][416]LogModuleManager: Shutting down and abandoning module AvfMediaFactory (552)
[2019.01.26-11.16.55:680][416]LogModuleManager: Shutting down and abandoning module AvfMediaEditor (550)
[2019.01.26-11.16.55:680][416]LogModuleManager: Shutting down and abandoning module AndroidMediaFactory (548)
[2019.01.26-11.16.55:680][416]LogModuleManager: Shutting down and abandoning module AndroidMediaEditor (546)
[2019.01.26-11.16.55:681][416]LogModuleManager: Shutting down and abandoning module MagicLeapCameraPreviewFactory (544)
[2019.01.26-11.16.55:681][416]LogModuleManager: Shutting down and abandoning module MagicLeapMediaFactory (542)
[2019.01.26-11.16.55:681][416]LogModuleManager: Shutting down and abandoning module MagicLeapMediaEditor (540)
[2019.01.26-11.16.55:681][416]LogModuleManager: Shutting down and abandoning module CharacterAI (538)
[2019.01.26-11.16.55:681][416]LogModuleManager: Shutting down and abandoning module SmartSnapping (536)
[2019.01.26-11.16.55:681][416]LogModuleManager: Shutting down and abandoning module SessionServices (534)
[2019.01.26-11.16.55:681][416]LogModuleManager: Shutting down and abandoning module ViewportSnapping (532)
[2019.01.26-11.16.55:681][416]LogModuleManager: Shutting down and abandoning module ViewportInteraction (530)
[2019.01.26-11.16.55:681][416]LogModuleManager: Shutting down and abandoning module ClothPainter (528)
[2019.01.26-11.16.55:681][416]LogModuleManager: Shutting down and abandoning module SkeletalMeshEditor (527)
[2019.01.26-11.16.55:682][416]LogModuleManager: Shutting down and abandoning module LogVisualizer (524)
[2019.01.26-11.16.55:682][416]LogModuleManager: Shutting down and abandoning module IntroTutorials (522)
[2019.01.26-11.16.55:682][416]LogModuleManager: Shutting down and abandoning module GameProjectGeneration (521)
[2019.01.26-11.16.55:682][416]LogModuleManager: Shutting down and abandoning module LuminPlatformEditor (518)
[2019.01.26-11.16.55:682][416]LogModuleManager: Shutting down and abandoning module IOSPlatformEditor (516)
[2019.01.26-11.16.55:682][416]LogModuleManager: Shutting down and abandoning module HTML5PlatformEditor (514)
[2019.01.26-11.16.55:682][416]LogModuleManager: Shutting down and abandoning module AndroidPlatformEditor (512)
[2019.01.26-11.16.55:682][416]LogModuleManager: Shutting down and abandoning module AndroidDeviceDetection (511)
[2019.01.26-11.16.56:368][416]LogModuleManager: Shutting down and abandoning module WindowsPlatformEditor (508)
[2019.01.26-11.16.56:368][416]LogModuleManager: Shutting down and abandoning module LuminRuntimeSettings (506)
[2019.01.26-11.16.56:368][416]LogModuleManager: Shutting down and abandoning module IOSRuntimeSettings (504)
[2019.01.26-11.16.56:368][416]LogModuleManager: Shutting down and abandoning module AndroidRuntimeSettings (502)
[2019.01.26-11.16.56:368][416]LogModuleManager: Shutting down and abandoning module InputBindingEditor (500)
[2019.01.26-11.16.56:369][416]LogModuleManager: Shutting down and abandoning module MergeActors (498)
[2019.01.26-11.16.56:369][416]LogModuleManager: Shutting down and abandoning module LocalizationDashboard (496)
[2019.01.26-11.16.56:369][416]LogModuleManager: Shutting down and abandoning module LocalizationService (495)
[2019.01.26-11.16.56:369][416]LogModuleManager: Shutting down and abandoning module HardwareTargeting (492)
[2019.01.26-11.16.56:369][416]LogModuleManager: Shutting down and abandoning module DeviceProfileEditor (490)
[2019.01.26-11.16.56:369][416]LogModuleManager: Shutting down and abandoning module UndoHistory (488)
[2019.01.26-11.16.56:369][416]LogModuleManager: Shutting down and abandoning module XmlParser (486)
[2019.01.26-11.16.56:369][416]LogModuleManager: Shutting down and abandoning module Blutility (484)
[2019.01.26-11.16.56:369][416]LogModuleManager: Shutting down and abandoning module ProjectSettingsViewer (482)
[2019.01.26-11.16.56:369][416]LogModuleManager: Shutting down and abandoning module ProjectTargetPlatformEditor (481)
[2019.01.26-11.16.56:370][416]LogModuleManager: Shutting down and abandoning module EditorSettingsViewer (478)
[2019.01.26-11.16.56:370][416]LogModuleManager: Shutting down and abandoning module SettingsEditor (476)
[2019.01.26-11.16.56:370][416]LogModuleManager: Shutting down and abandoning module ProjectLauncher (474)
[2019.01.26-11.16.56:370][416]LogModuleManager: Shutting down and abandoning module SessionFrontend (472)
[2019.01.26-11.16.56:370][416]LogModuleManager: Shutting down and abandoning module ProfilerClient (470)
[2019.01.26-11.16.56:370][416]LogModuleManager: Shutting down and abandoning module DeviceManager (468)
[2019.01.26-11.16.56:370][416]LogModuleManager: Shutting down and abandoning module TargetDeviceServices (467)
[2019.01.26-11.16.56:436][416]LogModuleManager: Shutting down and abandoning module AutomationController (464)
[2019.01.26-11.16.56:436][416]LogModuleManager: Shutting down and abandoning module AutomationWindow (462)
[2019.01.26-11.16.56:436][416]LogModuleManager: Shutting down and abandoning module Layers (460)
[2019.01.26-11.16.56:436][416]LogModuleManager: Shutting down and abandoning module ComponentVisualizers (458)
[2019.01.26-11.16.56:436][416]LogModuleManager: Shutting down and abandoning module DetailCustomizations (456)
[2019.01.26-11.16.56:436][416]LogModuleManager: Shutting down and abandoning module PackagesDialog (454)
[2019.01.26-11.16.56:437][416]LogModuleManager: Shutting down and abandoning module Persona (452)
[2019.01.26-11.16.56:437][416]LogModuleManager: Shutting down and abandoning module AdvancedPreviewScene (451)
[2019.01.26-11.16.56:437][416]LogModuleManager: Shutting down and abandoning module AnimGraph (449)
[2019.01.26-11.16.56:437][416]LogModuleManager: Shutting down and abandoning module Kismet (446)
[2019.01.26-11.16.56:442][416]LogModuleManager: Shutting down and abandoning module GraphEditor (444)
[2019.01.26-11.16.56:442][416]LogModuleManager: Shutting down and abandoning module ClassViewer (442)
[2019.01.26-11.16.56:442][416]LogModuleManager: Shutting down and abandoning module Toolbox (440)
[2019.01.26-11.16.56:442][416]LogModuleManager: Shutting down and abandoning module DesktopPlatform (439)
[2019.01.26-11.16.56:442][416]LogModuleManager: Shutting down and abandoning module ModuleUI (436)
[2019.01.26-11.16.56:442][416]LogModuleManager: Shutting down and abandoning module MovieSceneTools (434)
[2019.01.26-11.16.56:442][416]LogModuleManager: Shutting down and abandoning module OutputLog (432)
[2019.01.26-11.16.56:442][416]LogModuleManager: Shutting down and abandoning module GammaUI (430)
[2019.01.26-11.16.56:442][416]LogModuleManager: Shutting down and abandoning module Documentation (428)
[2019.01.26-11.16.56:442][416]LogModuleManager: Shutting down and abandoning module MovieSceneTracks (426)
[2019.01.26-11.16.56:443][416]LogModuleManager: Shutting down and abandoning module MovieScene (424)
[2019.01.26-11.16.56:443][416]LogModuleManager: Shutting down and abandoning module StreamingPauseRendering (422)
[2019.01.26-11.16.56:443][416]LogModuleManager: Shutting down and abandoning module LauncherPlatform (420)
[2019.01.26-11.16.56:443][416]LogModuleManager: Shutting down and abandoning module AnalyticsET (418)
[2019.01.26-11.16.56:443][416]LogModuleManager: Shutting down and abandoning module PortalServices (416)
[2019.01.26-11.16.56:443][416]LogModuleManager: Shutting down and abandoning module PortalRpc (414)
[2019.01.26-11.16.56:443][416]LogModuleManager: Shutting down and abandoning module MessagingRpc (412)
[2019.01.26-11.16.56:443][416]LogModuleManager: Shutting down and abandoning module AIModule (410)
[2019.01.26-11.16.56:443][416]LogModuleManager: Shutting down and abandoning module GameplayDebugger (409)
[2019.01.26-11.16.56:443][416]LogModuleManager: Shutting down and abandoning module AITestSuite (407)
[2019.01.26-11.16.56:444][416]LogModuleManager: Shutting down and abandoning module NavigationSystem (405)
[2019.01.26-11.16.56:444][416]LogModuleManager: Shutting down and abandoning module ProfilerService (402)
[2019.01.26-11.16.56:646][416]LogModuleManager: Shutting down and abandoning module TaskGraph (400)
[2019.01.26-11.16.56:646][416]LogModuleManager: Shutting down and abandoning module SteamVRController (398)
[2019.01.26-11.16.56:646][416]LogModuleManager: Shutting down and abandoning module ProceduralMeshComponentEditor (396)
[2019.01.26-11.16.56:647][416]LogModuleManager: Shutting down and abandoning module ProceduralMeshComponent (394)
[2019.01.26-11.16.56:647][416]LogModuleManager: Shutting down and abandoning module OculusInput (392)
[2019.01.26-11.16.56:647][416]LogModuleManager: Shutting down and abandoning module MobilePatchingUtils (390)
[2019.01.26-11.16.56:647][416]LogModuleManager: Shutting down and abandoning module EditableMesh (388)
[2019.01.26-11.16.56:647][416]LogModuleManager: Shutting down and abandoning module CustomMeshComponent (386)
[2019.01.26-11.16.56:647][416]LogModuleManager: Shutting down and abandoning module CableComponent (384)
[2019.01.26-11.16.56:647][416]LogModuleManager: Shutting down and abandoning module AudioCapture (382)
[2019.01.26-11.16.56:647][416]LogModuleManager: Shutting down and abandoning module ArchVisCharacter (380)
[2019.01.26-11.16.56:647][416]LogModuleManager: Shutting down and abandoning module AndroidPermission (378)
[2019.01.26-11.16.56:647][416]LogModuleManager: Shutting down and abandoning module NUTUnrealEngine4 (376)
[2019.01.26-11.16.56:647][416]LogModuleManager: Shutting down and abandoning module NetcodeUnitTest (374)
[2019.01.26-11.16.56:647][416]LogModuleManager: Shutting down and abandoning module MediaCompositingEditor (372)
[2019.01.26-11.16.56:648][416]LogModuleManager: Shutting down and abandoning module MediaCompositing (370)
[2019.01.26-11.16.56:648][416]LogModuleManager: Shutting down and abandoning module LinearTimecode (368)
[2019.01.26-11.16.56:648][416]LogModuleManager: Shutting down and abandoning module ImgMedia (366)
[2019.01.26-11.16.56:658][416]LogModuleManager: Shutting down and abandoning module HTML5Networking (364)
[2019.01.26-11.16.56:658][416]LogModuleManager: Shutting down and abandoning module GeometryCacheTracks (362)
[2019.01.26-11.16.56:658][416]LogModuleManager: Shutting down and abandoning module GeometryCacheSequencer (360)
[2019.01.26-11.16.56:658][416]LogModuleManager: Shutting down and abandoning module BackChannel (358)
[2019.01.26-11.16.56:658][416]LogModuleManager: Shutting down and abandoning module AppleVision (356)
[2019.01.26-11.16.56:658][416]LogModuleManager: Shutting down and abandoning module AppleImageUtils (354)
[2019.01.26-11.16.56:658][416]LogModuleManager: Shutting down and abandoning module AlembicImporter (352)
[2019.01.26-11.16.56:658][416]LogModuleManager: Shutting down and abandoning module AlembicLibrary (351)
[2019.01.26-11.16.56:658][416]LogModuleManager: Shutting down and abandoning module GeometryCache (350)
[2019.01.26-11.16.56:658][416]LogModuleManager: Shutting down and abandoning module GeometryCacheEd (349)
[2019.01.26-11.16.56:658][416]LogModuleManager: Shutting down and abandoning module DatasmithContentEditor (344)
[2019.01.26-11.16.56:659][416]LogModuleManager: Shutting down and abandoning module DatasmithContent (342)
[2019.01.26-11.16.56:660][416]LogModuleManager: Shutting down and abandoning module SpeedTreeImporter (340)
[2019.01.26-11.16.56:660][416]LogModuleManager: Shutting down and abandoning module PluginBrowser (338)
[2019.01.26-11.16.56:660][416]LogModuleManager: Shutting down and abandoning module MobileLauncherProfileWizard (336)
[2019.01.26-11.16.56:660][416]LogModuleManager: Shutting down and abandoning module PolygonModeling (334)
[2019.01.26-11.16.56:660][416]LogModuleManager: Shutting down and abandoning module MeshEditor (332)
[2019.01.26-11.16.56:660][416]LogModuleManager: Shutting down and abandoning module CryptoKeysOpenSSL (330)
[2019.01.26-11.16.56:660][416]LogModuleManager: Shutting down and abandoning module CryptoKeys (328)
[2019.01.26-11.16.56:660][416]LogModuleManager: Shutting down and abandoning module VisualStudioSourceCodeAccess (326)
[2019.01.26-11.16.56:661][416]LogModuleManager: Shutting down and abandoning module VisualStudioCodeSourceCodeAccess (324)
[2019.01.26-11.16.56:661][416]LogModuleManager: Shutting down and abandoning module UObjectPlugin (322)
[2019.01.26-11.16.56:661][416]LogModuleManager: Shutting down and abandoning module SubversionSourceControl (320)
[2019.01.26-11.16.56:661][416]LogModuleManager: Shutting down and abandoning module PerforceSourceControl (318)
[2019.01.26-11.16.56:661][416]LogModuleManager: Shutting down and abandoning module GitSourceControl (316)
[2019.01.26-11.16.56:661][416]LogModuleManager: Shutting down and abandoning module SourceControl (315)
[2019.01.26-11.16.56:661][416]LogModuleManager: Shutting down and abandoning module CLionSourceCodeAccess (312)
[2019.01.26-11.16.56:661][416]LogModuleManager: Shutting down and abandoning module LightPropagationVolumeEditor (310)
[2019.01.26-11.16.56:661][416]LogModuleManager: Shutting down and abandoning module PaperTiledImporter (308)
[2019.01.26-11.16.56:662][416]LogModuleManager: Shutting down and abandoning module PaperSpriteSheetImporter (306)
[2019.01.26-11.16.56:662][416]LogModuleManager: Shutting down and abandoning module Paper2DEditor (304)
[2019.01.26-11.16.56:662][416]LogModuleManager: Shutting down and abandoning module MeshPaint (303)
[2019.01.26-11.16.56:662][416]LogModuleManager: Shutting down and abandoning module GGJ2019 (300)
[2019.01.26-11.16.56:662][416]LogModuleManager: Shutting down and abandoning module RuntimePhysXCooking (298)
[2019.01.26-11.16.56:662][416]LogModuleManager: Shutting down and abandoning module PhysXVehiclesEditor (296)
[2019.01.26-11.16.56:662][416]LogModuleManager: Shutting down and abandoning module PhysXVehicles (294)
[2019.01.26-11.16.56:662][416]LogModuleManager: Shutting down and abandoning module OculusEditor (292)
[2019.01.26-11.16.56:662][416]LogModuleManager: Shutting down and abandoning module LocationServicesBPLibrary (290)
[2019.01.26-11.16.56:662][416]LogModuleManager: Shutting down and abandoning module ImmediatePhysicsEditor (288)
[2019.01.26-11.16.56:662][416]LogModuleManager: Shutting down and abandoning module ImmediatePhysics (286)
[2019.01.26-11.16.56:663][416]LogModuleManager: Shutting down and abandoning module ActorSequence (284)
[2019.01.26-11.16.56:663][416]LogModuleManager: Shutting down and abandoning module UdpMessaging (282)
[2019.01.26-11.16.56:764][416]LogModuleManager: Shutting down and abandoning module TcpMessaging (280)
[2019.01.26-11.16.56:865][416]LogModuleManager: Shutting down and abandoning module MagicLeapAudio (278)
[2019.01.26-11.16.56:865][416]LogModuleManager: Shutting down and abandoning module GameplayTagsEditor (276)
[2019.01.26-11.16.56:865][416]LogModuleManager: Shutting down and abandoning module FacialAnimationEditor (274)
[2019.01.26-11.16.56:865][416]LogModuleManager: Shutting down and abandoning module FacialAnimation (272)
[2019.01.26-11.16.56:865][416]LogModuleManager: Shutting down and abandoning module DataValidation (270)
[2019.01.26-11.16.56:865][416]LogModuleManager: Shutting down and abandoning module AssetManagerEditor (268)
[2019.01.26-11.16.56:865][416]LogModuleManager: Shutting down and abandoning module LevelEditor (267)
[2019.01.26-11.16.56:866][416]LogModuleManager: Shutting down and abandoning module PixelInspectorModule (266)
[2019.01.26-11.16.56:866][416]LogModuleManager: Shutting down and abandoning module CommonMenuExtensions (264)
[2019.01.26-11.16.56:867][416]LogModuleManager: Shutting down and abandoning module MainFrame (262)
[2019.01.26-11.16.56:867][416]LogModuleManager: Shutting down and abandoning module HotReload (261)
[2019.01.26-11.16.56:868][416]LogModuleManager: Shutting down and abandoning module ContentBrowser (257)
[2019.01.26-11.16.56:869][416]LogModuleManager: Shutting down and abandoning module TreeMap (255)
[2019.01.26-11.16.56:869][416]LogModuleManager: Shutting down and abandoning module LightPropagationVolumeRuntime (252)
[2019.01.26-11.16.56:869][416]LogModuleManager: Shutting down and abandoning module AISupportModule (250)
[2019.01.26-11.16.56:869][416]LogModuleManager: Shutting down and abandoning module Paper2D (248)
[2019.01.26-11.16.56:869][416]LogModuleManager: Shutting down and abandoning module WindowsMoviePlayer (246)
[2019.01.26-11.16.56:869][416]LogModuleManager: Shutting down and abandoning module WmfMedia (244)
[2019.01.26-11.16.56:872][416]LogModuleManager: Shutting down and abandoning module Media (243)
[2019.01.26-11.16.56:879][416]LogModuleManager: Shutting down and abandoning module PacketHandler (240)
[2019.01.26-11.16.56:879][416]LogModuleManager: Shutting down and abandoning module ClothingSystemEditor (238)
[2019.01.26-11.16.56:879][416]LogModuleManager: Shutting down and abandoning module ClothingSystemRuntime (236)
[2019.01.26-11.16.56:879][416]LogModuleManager: Shutting down and abandoning module MediaAssets (234)
[2019.01.26-11.16.56:879][416]LogModuleManager: Shutting down and abandoning module Overlay (232)
[2019.01.26-11.16.56:880][416]LogModuleManager: Shutting down and abandoning module OverlayEditor (231)
[2019.01.26-11.16.56:880][416]LogModuleManager: Shutting down and abandoning module VREditor (228)
[2019.01.26-11.16.56:880][416]LogModuleManager: Shutting down and abandoning module StringTableEditor (226)
[2019.01.26-11.16.56:880][416]LogModuleManager: Shutting down and abandoning module GameplayTasksEditor (224)
[2019.01.26-11.16.56:880][416]LogModuleManager: Shutting down and abandoning module BehaviorTreeEditor (222)
[2019.01.26-11.16.56:880][416]LogModuleManager: Shutting down and abandoning module FunctionalTesting (220)
[2019.01.26-11.16.56:880][416]LogModuleManager: Shutting down and abandoning module CollisionAnalyzer (218)
[2019.01.26-11.16.56:880][416]LogModuleManager: Shutting down and abandoning module WorkspaceMenuStructure (217)
[2019.01.26-11.16.56:880][416]LogModuleManager: Shutting down and abandoning module UMG (214)
[2019.01.26-11.16.56:880][416]LogModuleManager: Shutting down and abandoning module UMGEditor (213)
[2019.01.26-11.16.56:880][416]LogModuleManager: Shutting down and abandoning module Sequencer (212)
[2019.01.26-11.16.56:881][416]LogModuleManager: Shutting down and abandoning module MessageLog (209)
[2019.01.26-11.16.56:881][416]LogModuleManager: Shutting down and abandoning module SlateReflector (204)
[2019.01.26-11.16.56:881][416]LogModuleManager: Shutting down and abandoning module Slate (202)
[2019.01.26-11.16.56:881][416]LogModuleManager: Shutting down and abandoning module EditorStyle (200)
[2019.01.26-11.16.56:883][416]LogModuleManager: Shutting down and abandoning module MRMesh (198)
[2019.01.26-11.16.56:883][416]LogModuleManager: Shutting down and abandoning module SourceCodeAccess (196)
[2019.01.26-11.16.56:883][416]LogModuleManager: Shutting down and abandoning module HeadMountedDisplay (194)
[2019.01.26-11.16.56:883][416]LogModuleManager: Shutting down and abandoning module XAudio2 (192)
[2019.01.26-11.16.56:883][416]LogModuleManager: Shutting down and abandoning module Networking (190)
[2019.01.26-11.16.56:883][416]LogModuleManager: Shutting down and abandoning module Core (188)
[2019.01.26-11.16.56:883][416]LogModuleManager: Shutting down and abandoning module LevelSequence (186)
[2019.01.26-11.16.56:883][416]LogModuleManager: Shutting down and abandoning module KismetCompiler (184)
[2019.01.26-11.16.56:884][416]LogModuleManager: Shutting down and abandoning module MeshUtilities (182)
[2019.01.26-11.16.56:884][416]LogModuleManager: Shutting down and abandoning module MeshMergeUtilities (181)
[2019.01.26-11.16.56:884][416]LogModuleManager: Shutting down and abandoning module MeshReductionInterface (180)
[2019.01.26-11.16.56:884][416]LogModuleManager: Shutting down and abandoning module SimplygonSwarm (179)
[2019.01.26-11.16.56:884][416]LogModuleManager: Shutting down and abandoning module ProxyLODMeshReduction (177)
[2019.01.26-11.16.56:884][416]LogModuleManager: Shutting down and abandoning module SimplygonMeshReduction (175)
[2019.01.26-11.16.56:884][416]LogModuleManager: Shutting down and abandoning module QuadricMeshReduction (173)
[2019.01.26-11.16.56:884][416]LogModuleManager: Shutting down and abandoning module MaterialBaking (169)
[2019.01.26-11.16.56:884][416]LogModuleManager: Shutting down and abandoning module DirectoryWatcher (165)
[2019.01.26-11.16.56:884][416]LogModuleManager: Shutting down and abandoning module DerivedDataCache (162)
[2019.01.26-11.16.56:925][416]LogDerivedDataCache: Shutdown
[2019.01.26-11.16.56:925][416]LogModuleManager: Shutting down and abandoning module XGEController (160)
[2019.01.26-11.16.56:925][416]LogXGEController: Cleaning working directory: C:/Users/h017026h/AppData/Local/Temp/UnrealXGEWorkingDir/
[2019.01.26-11.16.56:926][416]LogModuleManager: Shutting down and abandoning module TargetPlatform (158)
[2019.01.26-11.16.56:926][416]LogModuleManager: Shutting down and abandoning module VulkanShaderFormat (157)
[2019.01.26-11.16.56:926][416]LogModuleManager: Shutting down and abandoning module ShaderFormatVectorVM (155)
[2019.01.26-11.16.56:926][416]LogModuleManager: Shutting down and abandoning module ShaderFormatOpenGL (153)
[2019.01.26-11.16.56:926][416]LogModuleManager: Shutting down and abandoning module ShaderFormatD3D (151)
[2019.01.26-11.16.56:927][416]LogModuleManager: Shutting down and abandoning module MetalShaderFormat (149)
[2019.01.26-11.16.56:927][416]LogModuleManager: Shutting down and abandoning module TextureFormatUncompressed (147)
[2019.01.26-11.16.56:927][416]LogModuleManager: Shutting down and abandoning module TextureFormatPVR (145)
[2019.01.26-11.16.56:927][416]LogModuleManager: Shutting down and abandoning module TextureFormatDXT (143)
[2019.01.26-11.16.56:927][416]LogModuleManager: Shutting down and abandoning module TextureFormatIntelISPCTexComp (141)
[2019.01.26-11.16.56:928][416]LogModuleManager: Shutting down and abandoning module TextureFormatASTC (139)
[2019.01.26-11.16.56:928][416]LogModuleManager: Shutting down and abandoning module ImageWrapper (138)
[2019.01.26-11.16.56:928][416]LogModuleManager: Shutting down and abandoning module TextureFormatAndroid (135)
[2019.01.26-11.16.56:929][416]LogModuleManager: Shutting down and abandoning module AudioFormatOpus (133)
[2019.01.26-11.16.56:929][416]LogModuleManager: Shutting down and abandoning module AudioFormatOgg (131)
[2019.01.26-11.16.56:929][416]LogModuleManager: Shutting down and abandoning module AudioFormatADPCM (129)
[2019.01.26-11.16.56:929][416]LogModuleManager: Shutting down and abandoning module LuminTargetPlatform (127)
[2019.01.26-11.16.56:929][416]LogModuleManager: Shutting down and abandoning module LinuxTargetPlatform (125)
[2019.01.26-11.16.56:929][416]LogModuleManager: Shutting down and abandoning module LinuxServerTargetPlatform (123)
[2019.01.26-11.16.56:929][416]LogModuleManager: Shutting down and abandoning module LinuxNoEditorTargetPlatform (121)
[2019.01.26-11.16.56:929][416]LogModuleManager: Shutting down and abandoning module LinuxClientTargetPlatform (119)
[2019.01.26-11.16.56:929][416]LogModuleManager: Shutting down and abandoning module TVOSTargetPlatform (117)
[2019.01.26-11.16.56:930][416]LogModuleManager: Shutting down and abandoning module Messaging (115)
[2019.01.26-11.16.56:930][416]LogModuleManager: Shutting down and abandoning module IOSTargetPlatform (113)
[2019.01.26-11.16.56:931][416]LogModuleManager: Shutting down and abandoning module HTML5TargetPlatform (111)
[2019.01.26-11.16.56:931][416]LogModuleManager: Shutting down and abandoning module AndroidTargetPlatform (109)
[2019.01.26-11.16.56:947][416]LogModuleManager: Shutting down and abandoning module WindowsTargetPlatform (107)
[2019.01.26-11.16.56:947][416]LogModuleManager: Shutting down and abandoning module WindowsServerTargetPlatform (105)
[2019.01.26-11.16.56:947][416]LogModuleManager: Shutting down and abandoning module WindowsNoEditorTargetPlatform (103)
[2019.01.26-11.16.56:947][416]LogModuleManager: Shutting down and abandoning module WindowsClientTargetPlatform (101)
[2019.01.26-11.16.56:947][416]LogModuleManager: Shutting down and abandoning module MacTargetPlatform (99)
[2019.01.26-11.16.56:947][416]LogModuleManager: Shutting down and abandoning module MacServerTargetPlatform (97)
[2019.01.26-11.16.56:947][416]LogModuleManager: Shutting down and abandoning module MacNoEditorTargetPlatform (95)
[2019.01.26-11.16.56:947][416]LogModuleManager: Shutting down and abandoning module MacClientTargetPlatform (93)
[2019.01.26-11.16.56:947][416]LogModuleManager: Shutting down and abandoning module AllDesktopTargetPlatform (91)
[2019.01.26-11.16.56:947][416]LogModuleManager: Shutting down and abandoning module InputCore (88)
[2019.01.26-11.16.56:947][416]LogModuleManager: Shutting down and abandoning module Settings (86)
[2019.01.26-11.16.56:948][416]LogModuleManager: Shutting down and abandoning module PhysXCooking (84)
[2019.01.26-11.16.56:948][416]LogModuleManager: Shutting down and abandoning module SteamVR (82)
[2019.01.26-11.16.56:948][416]LogModuleManager: Shutting down and abandoning module OculusHMD (80)
[2019.01.26-11.16.56:948][416]LogModuleManager: Shutting down and abandoning module ExampleDeviceProfileSelector (78)
[2019.01.26-11.16.56:948][416]LogModuleManager: Shutting down and abandoning module LauncherChunkInstaller (76)
[2019.01.26-11.16.56:948][416]LogModuleManager: Shutting down and abandoning module OnlineBlueprintSupport (74)
[2019.01.26-11.16.56:948][416]LogModuleManager: Shutting down and abandoning module OnlineSubsystem (70)
[2019.01.26-11.16.56:950][416]LogModuleManager: Shutting down and abandoning module XMPP (65)
[2019.01.26-11.16.56:950][416]LogModuleManager: Shutting down and abandoning module WebSockets (64)
[2019.01.26-11.16.56:975][416]LogModuleManager: Shutting down and abandoning module HTTP (61)
[2019.01.26-11.16.56:976][416]LogHttp: Display: Http module shutting down, but needs to wait on 1 outstanding Http requests:
[2019.01.26-11.16.56:976][416]LogHttp: Display: 	verb=[POST] url=[https://datarouter.ol.epicgames.com/datarouter/api/v1/public/data?SessionID=%7B77FAABDB-40DF-410B-8540-FE8434ACA316%7D&AppID=UEEditor.Rocket.Release&AppVersion=4.20.3-4369336%2B%2B%2BUE4%2BRelease-4.20&UserID=474d903443ae8b63be4705ae78a3445b%7C%7Ce8798e7c-7c79-4e5f-9bf9-3ee525b6f63c&AppEnvironment=datacollector-binary&UploadType=eteventstream] status=Processing
[2019.01.26-11.16.56:993][416]LogModuleManager: Shutting down and abandoning module SSL (60)
[2019.01.26-11.16.56:995][416]LogModuleManager: Shutting down and abandoning module MagicLeapEmulator (56)
[2019.01.26-11.16.56:995][416]LogModuleManager: Shutting down and abandoning module MagicLeapPrivileges (54)
[2019.01.26-11.16.56:995][416]LogModuleManager: Shutting down and abandoning module MagicLeapIdentity (52)
[2019.01.26-11.16.56:995][416]LogModuleManager: Shutting down and abandoning module MagicLeapHelperVulkan (50)
[2019.01.26-11.16.56:996][416]LogModuleManager: Shutting down and abandoning module MagicLeapHelperOpenGL (48)
[2019.01.26-11.16.56:996][416]LogModuleManager: Shutting down and abandoning module MagicLeapSecureStorage (46)
[2019.01.26-11.16.56:996][416]LogModuleManager: Shutting down and abandoning module MagicLeapGestures (44)
[2019.01.26-11.16.56:996][416]LogModuleManager: Shutting down and abandoning module MagicLeapEyeTracker (42)
[2019.01.26-11.16.56:996][416]LogModuleManager: Shutting down and abandoning module MagicLeapController (40)
[2019.01.26-11.16.56:996][416]LogSlate: Slate User Destroyed.  User Index 0, Is Virtual User: 0
[2019.01.26-11.16.56:996][416]LogModuleManager: Shutting down and abandoning module MagicLeap (38)
[2019.01.26-11.16.56:996][416]LogModuleManager: Shutting down and abandoning module AnimationModifiers (36)
[2019.01.26-11.16.56:997][416]LogModuleManager: Shutting down and abandoning module PropertyEditor (35)
[2019.01.26-11.16.56:997][416]LogModuleManager: Shutting down and abandoning module AudioEditor (32)
[2019.01.26-11.16.56:997][416]LogModuleManager: Shutting down and abandoning module TextureCompressor (30)
[2019.01.26-11.16.56:999][416]LogModuleManager: Shutting down and abandoning module ShaderCore (28)
[2019.01.26-11.16.56:999][416]LogModuleManager: Shutting down and abandoning module Landscape (26)
[2019.01.26-11.16.56:999][416]LogModuleManager: Shutting down and abandoning module SlateRHIRenderer (24)
[2019.01.26-11.16.57:000][416]LogModuleManager: Shutting down and abandoning module OpenGLDrv (22)
[2019.01.26-11.16.57:000][416]LogModuleManager: Shutting down and abandoning module D3D11RHI (20)
[2019.01.26-11.16.57:000][416]LogModuleManager: Shutting down and abandoning module AnimGraphRuntime (18)
[2019.01.26-11.16.57:000][416]LogModuleManager: Shutting down and abandoning module Renderer (16)
[2019.01.26-11.16.57:000][416]LogModuleManager: Shutting down and abandoning module Engine (14)
[2019.01.26-11.16.57:000][416]LogModuleManager: Shutting down and abandoning module CoreUObject (12)
[2019.01.26-11.16.57:000][416]LogModuleManager: Shutting down and abandoning module NetworkFile (10)
[2019.01.26-11.16.57:001][416]LogModuleManager: Shutting down and abandoning module CookedIterativeFile (8)
[2019.01.26-11.16.57:001][416]LogModuleManager: Shutting down and abandoning module StreamingFile (6)
[2019.01.26-11.16.57:001][416]LogModuleManager: Shutting down and abandoning module SandboxFile (4)
[2019.01.26-11.16.57:001][416]LogModuleManager: Shutting down and abandoning module PakFile (2)
[2019.01.26-11.16.57:019][416]LogExit: Exiting.
[2019.01.26-11.16.57:044][416]Log file closed, 01/26/19 11:16:57
