Log file open, 01/27/19 01:51:42
LogWindows: Failed to load 'aqProf.dll' (GetLastError=126)
LogWindows: File 'aqProf.dll' does not exist
LogWindows: Failed to load 'VSPerf140.dll' (GetLastError=126)
LogWindows: File 'VSPerf140.dll' does not exist
LogWindows: Failed to load 'VtuneApi.dll' (GetLastError=126)
LogWindows: File 'VtuneApi.dll' does not exist
LogWindows: Failed to load 'VtuneApi32e.dll' (GetLastError=126)
LogWindows: File 'VtuneApi32e.dll' does not exist
LogInit: Display: Running engine for game: GGJ2019
LogPlatformFile: Not using cached read wrapper
LogTaskGraph: Started task graph with 5 named threads and 23 total threads with 3 sets of task threads.
LogStats: Stats thread started at 0.453382
LogD3D11RHI: Loaded GFSDK_Aftermath_Lib.x64.dll
LogICUInternationalization: Display: ICU TimeZone Detection - Raw Offset: +0:00, Platform Override: ''
LogPluginManager: Mounting plugin Paper2D
LogPluginManager: Mounting plugin AISupport
LogPluginManager: Mounting plugin LightPropagationVolume
LogPluginManager: Mounting plugin CLionSourceCodeAccess
LogPluginManager: Mounting plugin CodeLiteSourceCodeAccess
LogPluginManager: Mounting plugin GitSourceControl
LogPluginManager: Mounting plugin KDevelopSourceCodeAccess
LogPluginManager: Mounting plugin NullSourceCodeAccess
LogPluginManager: Mounting plugin PerforceSourceControl
LogPluginManager: Mounting plugin SubversionSourceControl
LogPluginManager: Mounting plugin UObjectPlugin
LogPluginManager: Mounting plugin VisualStudioCodeSourceCodeAccess
LogPluginManager: Mounting plugin VisualStudioSourceCodeAccess
LogPluginManager: Mounting plugin XCodeSourceCodeAccess
LogPluginManager: Mounting plugin AssetManagerEditor
LogPluginManager: Mounting plugin CryptoKeys
LogPluginManager: Mounting plugin DataValidation
LogPluginManager: Mounting plugin FacialAnimation
LogPluginManager: Mounting plugin GameplayTagsEditor
LogPluginManager: Mounting plugin MacGraphicsSwitching
LogPluginManager: Mounting plugin MeshEditor
LogPluginManager: Mounting plugin MobileLauncherProfileWizard
LogPluginManager: Mounting plugin PluginBrowser
LogPluginManager: Mounting plugin SpeedTreeImporter
LogPluginManager: Mounting plugin DatasmithContent
LogPluginManager: Mounting plugin AlembicImporter
LogPluginManager: Mounting plugin AppleImageUtils
LogPluginManager: Mounting plugin AppleVision
LogPluginManager: Mounting plugin BackChannel
LogPluginManager: Mounting plugin CharacterAI
LogPluginManager: Mounting plugin GeometryCache
LogPluginManager: Mounting plugin HTML5Networking
LogPluginManager: Mounting plugin ProxyLODPlugin
LogPluginManager: Mounting plugin MagicLeap
LogPluginManager: Mounting plugin MagicLeapEmulator
LogPluginManager: Mounting plugin MagicLeapMedia
LogPluginManager: Mounting plugin AndroidMedia
LogPluginManager: Mounting plugin AvfMedia
LogPluginManager: Mounting plugin ImgMedia
LogPluginManager: Mounting plugin LinearTimecode
LogPluginManager: Mounting plugin MediaCompositing
LogPluginManager: Mounting plugin MediaPlayerEditor
LogPluginManager: Mounting plugin WmfMedia
LogPluginManager: Mounting plugin TcpMessaging
LogPluginManager: Mounting plugin UdpMessaging
LogPluginManager: Mounting plugin ActorSequence
LogPluginManager: Mounting plugin LevelSequenceEditor
LogPluginManager: Mounting plugin MatineeToLevelSequence
LogPluginManager: Mounting plugin NetcodeUnitTest
LogPluginManager: Mounting plugin NUTUnrealEngine4
LogPluginManager: Mounting plugin OnlineSubsystemGooglePlay
LogPluginManager: Mounting plugin OnlineSubsystemIOS
LogPluginManager: Mounting plugin OnlineSubsystem
LogPluginManager: Mounting plugin OnlineSubsystemNull
LogPluginManager: Mounting plugin OnlineSubsystemUtils
LogPluginManager: Mounting plugin LauncherChunkInstaller
LogPluginManager: Mounting plugin AndroidDeviceProfileSelector
LogPluginManager: Mounting plugin AndroidMoviePlayer
LogPluginManager: Mounting plugin AndroidPermission
LogPluginManager: Mounting plugin AppleMoviePlayer
LogPluginManager: Mounting plugin ArchVisCharacter
LogPluginManager: Mounting plugin AudioCapture
LogPluginManager: Mounting plugin CableComponent
LogPluginManager: Mounting plugin CustomMeshComponent
LogPluginManager: Mounting plugin EditableMesh
LogPluginManager: Mounting plugin ExampleDeviceProfileSelector
LogPluginManager: Mounting plugin GoogleCloudMessaging
LogPluginManager: Mounting plugin ImmediatePhysics
LogPluginManager: Mounting plugin IOSDeviceProfileSelector
LogPluginManager: Mounting plugin LinuxDeviceProfileSelector
LogPluginManager: Mounting plugin LocationServicesBPLibrary
LogPluginManager: Mounting plugin MobilePatchingUtils
LogPluginManager: Mounting plugin OculusVR
LogPluginManager: Plugin shader directory ../../../Engine/Plugins/Runtime/Oculus/OculusVR/Shaders found
LogPluginManager: Mapping shader source directory ../../../Engine/Plugins/Runtime/Oculus/OculusVR/Shaders to virtual directory /Plugin/OculusVR
LogPluginManager: Mounting plugin PhysXVehicles
LogPluginManager: Mounting plugin ProceduralMeshComponent
LogPluginManager: Mounting plugin RuntimePhysXCooking
LogPluginManager: Mounting plugin SteamVR
LogPluginManager: Mounting plugin WindowsMoviePlayer
LogStreaming: Display: Took  0.495s to configure plugins.
LogInit: Using libcurl 7.55.1-DEV
LogInit:  - built for x86_64-pc-win32
LogInit:  - supports SSL with OpenSSL/1.0.2h
LogInit:  - supports HTTP deflate (compression) using libz 1.2.8
LogInit:  - other features:
LogInit:      CURL_VERSION_SSL
LogInit:      CURL_VERSION_LIBZ
LogInit:      CURL_VERSION_IPV6
LogInit:      CURL_VERSION_ASYNCHDNS
LogInit:      CURL_VERSION_LARGEFILE
LogInit:      CURL_VERSION_IDN
LogInit:  CurlRequestOptions (configurable via config and command line):
LogInit:  - bVerifyPeer = false  - Libcurl will NOT verify peer certificate
LogInit:  - bUseHttpProxy = false  - Libcurl will NOT use HTTP proxy
LogInit:  - bDontReuseConnections = false  - Libcurl will reuse connections
LogInit:  - CertBundlePath = nullptr  - Libcurl will use whatever was configured at build time.
LogInit:  - MaxHostConnections = 16  - Libcurl will limit the number of connections to a host
LogInit:  - LocalHostAddr = Default
LogInit:  - BufferSize = 65536
LogInit: WinSock: version 1.1 (2.2), MaxSocks=32767, MaxUdp=65467
LogInit: Build: ++UE4+Release-4.20-CL-4369336
LogInit: Engine Version: 4.20.3-4369336+++UE4+Release-4.20
LogInit: Compatible Engine Version: 4.20.0-4212847+++UE4+Release-4.20
LogInit: Net CL: 4212847
LogInit: OS: Windows 10 (), CPU: Intel(R) Xeon(R) CPU E5-1620 v3 @ 3.50GHz, GPU: NVIDIA GeForce GTX 970
LogInit: Compiled (64-bit): Sep 17 2018 12:26:19
LogInit: Compiled with Visual C++: 19.13.26129.00
LogInit: Build Configuration: Development
LogInit: Branch Name: ++UE4+Release-4.20
LogInit: Command Line:  -skipcompile
LogInit: Base Directory: C:/Epic/UE4/UE_4.20/Engine/Binaries/Win64/
LogInit: Installed Engine Build: 1
LogDevObjectVersion: Number of dev versions registered: 20
LogDevObjectVersion:   Dev-Blueprints (B0D832E4-1F89-4F0D-ACCF-7EB736FD4AA2): 10
LogDevObjectVersion:   Dev-Build (E1C64328-A22C-4D53-A36C-8E866417BD8C): 0
LogDevObjectVersion:   Dev-Core (375EC13C-06E4-48FB-B500-84F0262A717E): 2
LogDevObjectVersion:   Dev-Editor (E4B068ED-F494-42E9-A231-DA0B2E46BB41): 24
LogDevObjectVersion:   Dev-Framework (CFFC743F-43B0-4480-9391-14DF171D2073): 34
LogDevObjectVersion:   Dev-Mobile (B02B49B5-BB20-44E9-A304-32B752E40360): 2
LogDevObjectVersion:   Dev-Networking (A4E4105C-59A1-49B5-A7C5-40C4547EDFEE): 0
LogDevObjectVersion:   Dev-Online (39C831C9-5AE6-47DC-9A44-9C173E1C8E7C): 0
LogDevObjectVersion:   Dev-Physics (78F01B33-EBEA-4F98-B9B4-84EACCB95AA2): 0
LogDevObjectVersion:   Dev-Platform (6631380F-2D4D-43E0-8009-CF276956A95A): 0
LogDevObjectVersion:   Dev-Rendering (12F88B9F-8875-4AFC-A67C-D90C383ABD29): 26
LogDevObjectVersion:   Dev-Sequencer (7B5AE74C-D270-4C10-A958-57980B212A5A): 9
LogDevObjectVersion:   Dev-VR (D7296918-1DD6-4BDD-9DE2-64A83CC13884): 2
LogDevObjectVersion:   Dev-LoadTimes (C2A15278-BFE7-4AFE-6C17-90FF531DF755): 1
LogDevObjectVersion:   Private-Geometry (6EACA3D4-40EC-4CC1-B786-8BED09428FC5): 3
LogDevObjectVersion:   Dev-AnimPhys (29E575DD-E0A3-4627-9D10-D276232CDCEA): 17
LogDevObjectVersion:   Dev-ReflectionCapture (6B266CEC-1EC7-4B8F-A30B-E4D90942FC07): 1
LogDevObjectVersion:   Dev-Automation (0DF73D61-A23F-47EA-B727-89E90C41499A): 1
LogDevObjectVersion:   FortniteMain (601D1886-AC64-4F84-AA16-D3DE0DEAC7D6): 12
LogDevObjectVersion:   Dev-Enterprise (9DFFBCD6-494F-0158-E221-12823C92A888): 1
LogStreaming: Display: Took  0.014s to delete old logs.
LogInit: Presizing for max 8388607 objects, including 0 objects not considered by GC, pre-allocating 0 bytes for permanent pool.
LogInit: Object subsystem initialized
[2019.01.27-01.51.42:992][  0]LogInit: Selected Device Profile: [Windows]
[2019.01.27-01.51.42:992][  0]LogInit: Applying CVar settings loaded from the selected device profile: [Windows]
[2019.01.27-01.51.43:022][  0]LogHAL: Display: Platform has ~ 16 GB [17092038656 / 17179869184 / 16], which maps to Larger [LargestMinGB=32, LargerMinGB=12, DefaultMinGB=8, SmallerMinGB=6, SmallestMinGB=0)
[2019.01.27-01.51.43:022][  0]LogInit: Setting Device Profile CVar: [[r.Vulkan.UseRealUBs:1]]
[2019.01.27-01.51.43:022][  0]LogInit: Going up to parent DeviceProfile []
[2019.01.27-01.51.43:023][  0]LogInit: Computer: C115-11
[2019.01.27-01.51.43:023][  0]LogInit: User: w017177h
[2019.01.27-01.51.43:023][  0]LogInit: CPU Page size=4096, Cores=4
[2019.01.27-01.51.43:023][  0]LogInit: High frequency timer resolution =3.410072 MHz
[2019.01.27-01.51.43:023][  0]LogMemory: Memory total: Physical=15.9GB (16GB approx)
[2019.01.27-01.51.43:024][  0]LogMemory: Platform Memory Stats for Windows
[2019.01.27-01.51.43:024][  0]LogMemory: Process Physical Memory: 103.05 MB used, 103.05 MB peak
[2019.01.27-01.51.43:024][  0]LogMemory: Process Virtual Memory: 93.63 MB used, 93.63 MB peak
[2019.01.27-01.51.43:024][  0]LogMemory: Physical Memory: 7586.65 MB used,  8713.59 MB free, 16300.24 MB total
[2019.01.27-01.51.43:024][  0]LogMemory: Virtual Memory: 4642.79 MB used,  8713.59 MB free, 134217728.00 MB total
[2019.01.27-01.51.43:150][  0]LogInit: Using OS detected language (en-US).
[2019.01.27-01.51.43:150][  0]LogInit: Using OS detected locale (en-GB).
[2019.01.27-01.51.43:152][  0]LogTextLocalizationManager: No specific localization for 'en-US' exists, so the 'en' localization will be used.
[2019.01.27-01.51.43:562][  0]LogStreaming: Display: Took  0.412s to InitEngineTextLocalization.
[2019.01.27-01.51.43:562][  0]LogInit: Setting process to per monitor DPI aware
[2019.01.27-01.51.43:632][  0]LogSlate: New Slate User Created.  User Index 0, Is Virtual User: 0
[2019.01.27-01.51.43:632][  0]LogSlate: Slate User Registered.  User Index 0, Is Virtual User: 0
[2019.01.27-01.51.43:953][  0]LogHMD: Failed to initialize OpenVR with code 110
[2019.01.27-01.51.43:953][  0]LogD3D11RHI: D3D11 adapters:
[2019.01.27-01.51.44:052][  0]LogD3D11RHI:    0. 'NVIDIA GeForce GTX 970' (Feature Level 11_0)
[2019.01.27-01.51.44:052][  0]LogD3D11RHI:       4043/0/8150 MB DedicatedVideo/DedicatedSystem/SharedSystem, Outputs:2, VendorId:0x10de
[2019.01.27-01.51.44:058][  0]LogD3D11RHI:    1. 'Microsoft Basic Render Driver' (Feature Level 11_0)
[2019.01.27-01.51.44:058][  0]LogD3D11RHI:       0/0/8150 MB DedicatedVideo/DedicatedSystem/SharedSystem, Outputs:0, VendorId:0x1414
[2019.01.27-01.51.44:058][  0]LogD3D11RHI: Chosen D3D11 Adapter: 0
[2019.01.27-01.51.44:068][  0]LogD3D11RHI: Creating new Direct3DDevice
[2019.01.27-01.51.44:068][  0]LogD3D11RHI:     GPU DeviceId: 0x13c2 (for the marketing name, search the web for "GPU Device Id")
[2019.01.27-01.51.44:068][  0]LogWindows: EnumDisplayDevices:
[2019.01.27-01.51.44:068][  0]LogWindows:    0. 'NVIDIA GeForce GTX 970' (P:1 D:1)
[2019.01.27-01.51.44:069][  0]LogWindows:    1. 'NVIDIA GeForce GTX 970' (P:0 D:1)
[2019.01.27-01.51.44:069][  0]LogWindows:    2. 'NVIDIA GeForce GTX 970' (P:0 D:0)
[2019.01.27-01.51.44:070][  0]LogWindows:    3. 'NVIDIA GeForce GTX 970' (P:0 D:0)
[2019.01.27-01.51.44:070][  0]LogWindows: DebugString: FoundDriverCount:4 
[2019.01.27-01.51.44:070][  0]LogD3D11RHI:     Adapter Name: NVIDIA GeForce GTX 970
[2019.01.27-01.51.44:070][  0]LogD3D11RHI:   Driver Version: 398.82 (internal:24.21.13.9882, unified:398.82)
[2019.01.27-01.51.44:070][  0]LogD3D11RHI:      Driver Date: 7-30-2018
[2019.01.27-01.51.44:070][  0]LogRHI: Texture pool is 2830 MB (70% of 4043 MB)
[2019.01.27-01.51.44:118][  0]LogD3D11RHI: Async texture creation enabled
[2019.01.27-01.51.44:136][  0]LogD3D11RHI: GPU Timing Frequency: 1000.000000 (Debug: 2 2)
[2019.01.27-01.51.44:186][  0]LogShaderCompilers: Guid format shader working directory is -17 characters bigger than the processId version (../../../../../../Users/w017177h.STUDENT/Documents/Github/GGJ2019/GGJ2019/Intermediate/Shaders/WorkingDirectory/20904/).
[2019.01.27-01.51.44:186][  0]LogShaderCompilers: Cleaned the shader compiler working directory 'C:/Users/w017177h.STUDENT/AppData/Local/Temp/UnrealShaderWorkingDir/B5AD70D740A09480A9A1E48EE9CC1989/'.
[2019.01.27-01.51.44:616][  0]LogTemp: Display: Loaded TP AllDesktopTargetPlatform
[2019.01.27-01.51.44:640][  0]LogTemp: Display: Loaded TP MacClientTargetPlatform
[2019.01.27-01.51.44:661][  0]LogTemp: Display: Loaded TP MacNoEditorTargetPlatform
[2019.01.27-01.51.44:681][  0]LogTemp: Display: Loaded TP MacServerTargetPlatform
[2019.01.27-01.51.44:701][  0]LogTemp: Display: Loaded TP MacTargetPlatform
[2019.01.27-01.51.44:724][  0]LogTemp: Display: Loaded TP WindowsClientTargetPlatform
[2019.01.27-01.51.44:743][  0]LogTemp: Display: Loaded TP WindowsNoEditorTargetPlatform
[2019.01.27-01.51.44:764][  0]LogTemp: Display: Loaded TP WindowsServerTargetPlatform
[2019.01.27-01.51.44:776][  0]LogTemp: Display: Loaded TP WindowsTargetPlatform
[2019.01.27-01.51.44:887][  0]LogTemp: Display: Loaded TP AndroidTargetPlatform
[2019.01.27-01.51.44:887][  0]LogTemp: Display: Loaded TP AndroidTargetPlatform
[2019.01.27-01.51.44:887][  0]LogTemp: Display: Loaded TP AndroidTargetPlatform
[2019.01.27-01.51.44:887][  0]LogTemp: Display: Loaded TP AndroidTargetPlatform
[2019.01.27-01.51.44:887][  0]LogTemp: Display: Loaded TP AndroidTargetPlatform
[2019.01.27-01.51.44:887][  0]LogTemp: Display: Loaded TP AndroidTargetPlatform
[2019.01.27-01.51.44:887][  0]LogTemp: Display: Loaded TP AndroidTargetPlatform
[2019.01.27-01.51.44:888][  0]LogTemp: Display: Loaded TP AndroidTargetPlatform
[2019.01.27-01.51.44:888][  0]LogTemp: Display: Loaded TP AndroidTargetPlatform
[2019.01.27-01.51.44:888][  0]LogTemp: Display: Loaded TP AndroidTargetPlatform
[2019.01.27-01.51.44:888][  0]LogTemp: Display: Loaded TP AndroidTargetPlatform
[2019.01.27-01.51.44:888][  0]LogTemp: Display: Loaded TP AndroidTargetPlatform
[2019.01.27-01.51.44:888][  0]LogTemp: Display: Loaded TP AndroidTargetPlatform
[2019.01.27-01.51.44:888][  0]LogTemp: Display: Loaded TP AndroidTargetPlatform
[2019.01.27-01.51.44:888][  0]LogTemp: Display: Loaded TP AndroidTargetPlatform
[2019.01.27-01.51.44:888][  0]LogTemp: Display: Loaded TP AndroidTargetPlatform
[2019.01.27-01.51.44:888][  0]LogTemp: Display: Loaded TP AndroidTargetPlatform
[2019.01.27-01.51.44:888][  0]LogTemp: Display: Loaded TP AndroidTargetPlatform
[2019.01.27-01.51.44:893][  0]LogTemp: Display: Loaded TP HTML5TargetPlatform
[2019.01.27-01.51.44:972][  0]LogTemp: Display: Loaded TP IOSTargetPlatform
[2019.01.27-01.51.44:972][  0]LogTemp: Display: Loaded TP IOSTargetPlatform
[2019.01.27-01.51.45:004][  0]LogTemp: Display: Loaded TP TVOSTargetPlatform
[2019.01.27-01.51.45:004][  0]LogTemp: Display: Loaded TP TVOSTargetPlatform
[2019.01.27-01.51.45:022][  0]LogTemp: Display: Loaded TP LinuxClientTargetPlatform
[2019.01.27-01.51.45:041][  0]LogTemp: Display: Loaded TP LinuxNoEditorTargetPlatform
[2019.01.27-01.51.45:060][  0]LogTemp: Display: Loaded TP LinuxServerTargetPlatform
[2019.01.27-01.51.45:087][  0]LogTemp: Display: Loaded TP LinuxTargetPlatform
[2019.01.27-01.51.45:104][  0]LogTemp: Display: Loaded TP LuminTargetPlatform
[2019.01.27-01.51.45:104][  0]LogTargetPlatformManager: Display: Building Assets For Windows
[2019.01.27-01.51.45:317][  0]LogXGEController: Cleaning working directory: C:/Users/w017177h.STUDENT/AppData/Local/Temp/UnrealXGEWorkingDir/
[2019.01.27-01.51.45:317][  0]LogXGEController: Cannot use XGE Controller as Incredibuild is not installed on this machine.
[2019.01.27-01.51.45:318][  0]LogShaderCompilers: Cannot use XGE Shader Compiler as Incredibuild is not installed on this machine.
[2019.01.27-01.51.45:318][  0]LogShaderCompilers: Display: Using Local Shader Compiler.
[2019.01.27-01.51.46:526][  0]LogDerivedDataCache: Display: Max Cache Size: 512 MB
[2019.01.27-01.51.46:623][  0]LogDerivedDataCache: Loaded boot cache 0.10s 71MB C:/Users/w017177h.STUDENT/AppData/Local/UnrealEngine/4.20/DerivedDataCache/Boot.ddc.
[2019.01.27-01.51.46:625][  0]LogDerivedDataCache: Display: Loaded Boot cache: C:/Users/w017177h.STUDENT/AppData/Local/UnrealEngine/4.20/DerivedDataCache/Boot.ddc
[2019.01.27-01.51.46:625][  0]LogDerivedDataCache: FDerivedDataBackendGraph:  Pak pak cache file ../../../../../../Users/w017177h.STUDENT/Documents/Github/GGJ2019/GGJ2019/DerivedDataCache/DDC.ddp not found, will not use a pak cache.
[2019.01.27-01.51.46:625][  0]LogDerivedDataCache: Unable to find inner node Pak for hierarchical cache Hierarchy.
[2019.01.27-01.51.46:625][  0]LogDerivedDataCache: FDerivedDataBackendGraph:  CompressedPak pak cache file ../../../../../../Users/w017177h.STUDENT/Documents/Github/GGJ2019/GGJ2019/DerivedDataCache/Compressed.ddp not found, will not use a pak cache.
[2019.01.27-01.51.46:625][  0]LogDerivedDataCache: Unable to find inner node CompressedPak for hierarchical cache Hierarchy.
[2019.01.27-01.51.46:640][  0]LogDerivedDataCache: Display: Pak cache opened for reading ../../../Engine/DerivedDataCache/Compressed.ddp.
[2019.01.27-01.51.46:654][  0]LogDerivedDataCache: Using Local data cache path C:/Users/w017177h.STUDENT/AppData/Local/UnrealEngine/Common/DerivedDataCache: Writable
[2019.01.27-01.51.46:654][  0]LogDerivedDataCache: Shared data cache path not found in *engine.ini, will not use an Shared cache.
[2019.01.27-01.51.46:654][  0]LogDerivedDataCache: Unable to find inner node Shared for hierarchical cache Hierarchy.
[2019.01.27-01.51.46:680][  0]LogMaterial: Verifying Global Shaders for PCD3D_SM5
[2019.01.27-01.51.46:683][  0]LogSlate: Using FreeType 2.6.0
[2019.01.27-01.51.46:684][  0]LogSlate: SlateFontServices - WITH_FREETYPE: 1, WITH_HARFBUZZ: 1
[2019.01.27-01.51.46:784][  0]LogAssetRegistry: FAssetRegistry took 0.0316 seconds to start up
[2019.01.27-01.51.47:270][  0]LogInit: Selected Device Profile: [Windows]
[2019.01.27-01.51.47:490][  0]LogSimplygon: Simplygon DLL not present - disabling.
[2019.01.27-01.51.47:502][  0]LogMeshReduction: Using SimplygonSwarm for distributed automatic mesh merging
[2019.01.27-01.51.47:502][  0]LogMeshReduction: Using ProxyLODMeshReduction for automatic mesh merging
[2019.01.27-01.51.47:502][  0]LogMeshReduction: Using QuadricMeshReduction for automatic static mesh reduction
[2019.01.27-01.51.47:502][  0]LogMeshReduction: No automatic skeletal mesh reduction module available
[2019.01.27-01.51.47:522][  0]LogNetVersion: GGJ2019 1.0.0, NetCL: 4212847, EngineNetVer: 5, GameNetVer: 0 (Checksum: 54619999)
[2019.01.27-01.51.48:501][  0]LogPackageLocalizationCache: Processed 11 localized package path(s) for 2 prioritized culture(s) in 0.447665 seconds
[2019.01.27-01.51.48:509][  0]LogUObjectArray: 38425 objects as part of root set at end of initial load.
[2019.01.27-01.51.48:509][  0]LogUObjectAllocator: 6690864 out of 0 bytes used by permanent object pool.
[2019.01.27-01.51.48:509][  0]LogUObjectArray: CloseDisregardForGC: 0/0 objects in disregard for GC pool
[2019.01.27-01.51.49:791][  0]LogTcpMessaging: Initializing TcpMessaging bridge
[2019.01.27-01.51.49:808][  0]LogUdpMessaging: Initializing bridge on interface 0.0.0.0:0 to multicast group 230.0.0.1:6666.
[2019.01.27-01.51.50:054][  0]SourceControl: Source control is disabled
[2019.01.27-01.51.50:054][  0]SourceControl: Source control is disabled
[2019.01.27-01.51.50:058][  0]SourceControl: Source control is disabled
[2019.01.27-01.51.50:062][  0]SourceControl: Source control is disabled
[2019.01.27-01.51.50:376][  0]LogAndroidPermission: UAndroidPermissionCallbackProxy::GetInstance
[2019.01.27-01.51.50:534][  0]LogOcInput: OculusInput pre-init called
[2019.01.27-01.51.50:615][  0]LogEngine: Initializing Engine...
[2019.01.27-01.51.50:617][  0]LogHMD: Failed to initialize OpenVR with code 110
[2019.01.27-01.51.50:618][  0]LogStats: UGameplayTagsManager::ConstructGameplayTagTree: ImportINI prefixes -  0.000 s
[2019.01.27-01.51.50:618][  0]LogStats: UGameplayTagsManager::ConstructGameplayTagTree: Construct from data asset -  0.000 s
[2019.01.27-01.51.50:618][  0]LogStats: UGameplayTagsManager::ConstructGameplayTagTree: ImportINI -  0.000 s
[2019.01.27-01.51.50:618][  0]LogStats: UGameplayTagsManager::ConstructGameplayTagTree: GameplayTagTreeChangedEvent.Broadcast -  0.000 s
[2019.01.27-01.51.50:865][  0]LogInit: Initializing FReadOnlyCVARCache
[2019.01.27-01.51.50:894][  0]LogAIModule: Creating AISystem for world Untitled
[2019.01.27-01.51.50:921][  0]LogInit: XAudio2 using 'Headset Earphone (2- Razer ManO'War)' : 2 channels at 48 kHz using 16 bits per sample (channel mask 0x3)
[2019.01.27-01.51.50:940][  0]LogInit: FAudioDevice initialized.
[2019.01.27-01.51.50:940][  0]LogNetVersion: Set ProjectVersion to 1.0.0.0. Version Checksum will be recalculated on next use.
[2019.01.27-01.51.51:036][  0]LogDerivedDataCache: Saved boot cache 0.10s 71MB C:/Users/w017177h.STUDENT/AppData/Local/UnrealEngine/4.20/DerivedDataCache/Boot.ddc.
[2019.01.27-01.51.51:051][  0]LogInit: Texture streaming: Enabled
[2019.01.27-01.51.51:088][  0]LogEngineSessionManager: EngineSessionManager initialized
[2019.01.27-01.51.51:107][  0]LogInit: Transaction tracking system initialized
[2019.01.27-01.51.51:161][  0]BlueprintLog: New page: Editor Load
[2019.01.27-01.51.51:353][  0]LocalizationService: Localization service is disabled
[2019.01.27-01.51.51:797][  0]LogCook: Display: Max memory allowance for cook 16384mb min free memory 0mb
[2019.01.27-01.51.51:797][  0]LogCook: Display: Mobile HDR setting 1
[2019.01.27-01.51.51:797][  0]LogGameplayTags: Display: UGameplayTagsManager::DoneAddingNativeTags. DelegateIsBound: 0
[2019.01.27-01.51.51:797][  0]LogStats: UGameplayTagsManager::ConstructGameplayTagTree: ImportINI prefixes -  0.000 s
[2019.01.27-01.51.51:797][  0]LogStats: UGameplayTagsManager::ConstructGameplayTagTree: Construct from data asset -  0.000 s
[2019.01.27-01.51.51:798][  0]LogStats: UGameplayTagsManager::ConstructGameplayTagTree: ImportINI -  0.000 s
[2019.01.27-01.51.51:798][  0]LogStats: UGameplayTagsManager::ConstructGameplayTagTree: GameplayTagTreeChangedEvent.Broadcast -  0.000 s
[2019.01.27-01.51.51:945][  0]LogFileCache: Scanning file cache for directory 'C:/Users/w017177h.STUDENT/Documents/Github/GGJ2019/GGJ2019/Content/' took 0.02s
[2019.01.27-01.51.52:055][  0]SourceControl: Source control is disabled
[2019.01.27-01.51.52:055][  0]Cmd: MAP LOAD FILE="../../../../../../Users/w017177h.STUDENT/Documents/Github/GGJ2019/GGJ2019/Content/GameLevel.umap" TEMPLATE=0 SHOWPROGRESS=1 FEATURELEVEL=3
[2019.01.27-01.51.52:056][  0]LightingResults: New page: Lighting Build
[2019.01.27-01.51.52:061][  0]MapCheck: New page: Map Check
[2019.01.27-01.51.52:062][  0]LightingResults: New page: Lighting Build
[2019.01.27-01.51.52:380][  0]LogAIModule: Creating AISystem for world GameLevel
[2019.01.27-01.51.52:393][  0]LogEditorServer: Finished looking for orphan Actors (0.000 secs)
[2019.01.27-01.51.52:423][  0]Cmd: MAP CHECKDEP NOCLEARLOG
[2019.01.27-01.51.52:643][  0]MapCheck: Map check complete: 0 Error(s), 0 Warning(s), took 219.467ms to complete.
[2019.01.27-01.51.52:643][  0]LogFileHelpers: Loading map 'GameLevel' took 0.589
[2019.01.27-01.51.52:778][  0]LogSlate: Updating window title bar state: overlay mode, drag disabled, window buttons hidden, title bar hidden
[2019.01.27-01.51.52:788][  0]LogSlate: Updating window title bar state: overlay mode, drag disabled, window buttons hidden, title bar hidden
[2019.01.27-01.51.52:797][  0]LogSlate: Updating window title bar state: overlay mode, drag disabled, window buttons hidden, title bar hidden
[2019.01.27-01.51.52:807][  0]LogSlate: Updating window title bar state: overlay mode, drag disabled, window buttons hidden, title bar hidden
[2019.01.27-01.51.52:821][  0]LogCollectionManager: Loaded 0 collections in 0.004294 seconds
[2019.01.27-01.51.52:874][  0]LogFileCache: Scanning file cache for directory 'C:/Users/w017177h.STUDENT/Documents/Github/GGJ2019/GGJ2019/Saved/Collections/' took 0.01s
[2019.01.27-01.51.52:875][  0]LogFileCache: Scanning file cache for directory 'C:/Users/w017177h.STUDENT/Documents/Github/GGJ2019/GGJ2019/Content/Developers/w017177h/Collections/' took 0.01s
[2019.01.27-01.51.52:875][  0]LogFileCache: Scanning file cache for directory 'C:/Users/w017177h.STUDENT/Documents/Github/GGJ2019/GGJ2019/Content/Collections/' took 0.01s
[2019.01.27-01.51.52:875][  0]LogCollectionManager: Rebuilt the GUID cache for 0 collections in 0.000000 seconds
[2019.01.27-01.51.52:886][  0]LogContentBrowser: Native class hierarchy populated in 0.0112 seconds. Added 2583 classes and 606 folders.
[2019.01.27-01.51.52:898][  0]LogContentBrowser: Native class hierarchy updated for 'WidgetCarousel' in 0.0005 seconds. Added 0 classes and 0 folders.
[2019.01.27-01.51.52:990][  0]LogContentBrowser: Native class hierarchy updated for 'AddContentDialog' in 0.0005 seconds. Added 0 classes and 0 folders.
[2019.01.27-01.51.53:000][  0]LogContentBrowser: Native class hierarchy updated for 'SceneOutliner' in 0.0005 seconds. Added 1 classes and 2 folders.
[2019.01.27-01.51.53:020][  0]LogSlate: Took 0.000279 seconds to synchronously load lazily loaded font '../../../Engine/Content/Slate/Fonts/Roboto-Regular.ttf' (155K)
[2019.01.27-01.51.53:022][  0]LogSlate: Took 0.000274 seconds to synchronously load lazily loaded font '../../../Engine/Content/Slate/Fonts/Roboto-Bold.ttf' (160K)
[2019.01.27-01.51.53:033][  0]LogSlate: Took 0.000352 seconds to synchronously load lazily loaded font '../../../Engine/Content/Editor/Slate/Fonts/FontAwesome.ttf' (139K)
[2019.01.27-01.51.53:122][  0]LogRenderer: Reallocating scene render targets to support 1208x576 Format 10 NumSamples 1 (Frame:1).
[2019.01.27-01.51.53:185][  0]LogSlate: Took 0.000241 seconds to synchronously load lazily loaded font '../../../Engine/Content/Slate/Fonts/Roboto-Light.ttf' (167K)
[2019.01.27-01.51.53:308][  0]LogContentBrowser: Native class hierarchy updated for 'HierarchicalLODOutliner' in 0.0005 seconds. Added 0 classes and 0 folders.
[2019.01.27-01.51.53:308][  0]LogLoad: (Engine Initialization) Total time: 14.08 seconds
[2019.01.27-01.51.53:308][  0]LogLoad: (Engine Initialization) Total Blueprint compile time: 0.00 seconds
[2019.01.27-01.51.53:319][  0]LogWindowsTextInputMethodSystem: Display: IME system now deactivated.
[2019.01.27-01.51.53:354][  0]LogContentStreaming: Texture pool size now 1000 MB
[2019.01.27-01.51.53:381][  1]LogFileCache: Retrieving MD5 hashes for directory 'C:/Users/w017177h.STUDENT/Documents/Github/GGJ2019/GGJ2019/Content/' took 0.05s
[2019.01.27-01.51.53:396][  1]LogAssetRegistry: Asset discovery search completed in 6.6384 seconds
[2019.01.27-01.51.53:398][  1]LogCollectionManager: Rebuilt the object cache for 0 collections in 0.000000 seconds (found 0 objects)
[2019.01.27-01.51.53:399][  1]LogCollectionManager: Fixed up redirectors for 0 collections in 0.000180 seconds (updated 0 objects)
[2019.01.27-01.51.58:533][592]LogSlate: FSceneViewport::OnFocusLost() reason 0
[2019.01.27-01.51.58:591][599]LogTemp: Repeating last play command: Selected Viewport
[2019.01.27-01.51.58:618][599]LogPlayLevel: PlayLevel: No blueprints needed recompiling
[2019.01.27-01.51.58:633][599]PIE: New page: PIE session: GameLevel (27 Jan 2019 01:51:58)
[2019.01.27-01.51.58:633][599]LogPlayLevel: Creating play world package: /Game/UEDPIE_0_GameLevel
[2019.01.27-01.51.58:651][599]LogPlayLevel: PIE: StaticDuplicateObject took: (0.017698s)
[2019.01.27-01.51.58:651][599]LogAIModule: Creating AISystem for world GameLevel
[2019.01.27-01.51.58:652][599]LogPlayLevel: PIE: World Init took: (0.000761s)
[2019.01.27-01.51.58:652][599]LogPlayLevel: PIE: Created PIE world by copying editor world from /Game/GameLevel.GameLevel to /Game/UEDPIE_0_GameLevel.GameLevel (0.018864s)
[2019.01.27-01.51.58:688][599]LogInit: XAudio2 using 'Headset Earphone (2- Razer ManO'War)' : 2 channels at 48 kHz using 16 bits per sample (channel mask 0x3)
[2019.01.27-01.51.58:700][599]LogInit: FAudioDevice initialized.
[2019.01.27-01.51.59:124][599]LogLoad: Game class is 'GGJ2019GM_C'
[2019.01.27-01.51.59:126][599]LogWorld: Bringing World /Game/UEDPIE_0_GameLevel.GameLevel up for play (max tick rate 0) at 2019.01.27-01.51.59
[2019.01.27-01.51.59:127][599]LogWorld: Bringing up level for play took: 0.001652
[2019.01.27-01.51.59:150][599]LogContentBrowser: Native class hierarchy updated for 'MovieSceneCapture' in 0.0005 seconds. Added 10 classes and 0 folders.
[2019.01.27-01.51.59:155][599]PIE: Play in editor start time for /Game/UEDPIE_0_GameLevel 0.961
[2019.01.27-01.51.59:190][600]LogCharacterMovement: Warning: GetSimulationTimeStep() - Max iterations 8 hit while remaining time 0.071226 > MaxSimulationTimeStep (0.050) for 'Player_BP_Base_C_0', movement 'Walking'
[2019.01.27-01.52.00:809][787]LogSlate: Updating window title bar state: overlay mode, drag disabled, window buttons hidden, title bar hidden
[2019.01.27-01.52.00:850][787]LogPlayLevel: Display: Shutting down PIE online subsystems
[2019.01.27-01.52.00:879][787]LogSlate: Updating window title bar state: overlay mode, drag disabled, window buttons hidden, title bar hidden
[2019.01.27-01.52.00:912][789]LogPlayLevel: Display: Destroying online subsystem :Context_1
[2019.01.27-01.52.02:282][944]LogSlate: FSceneViewport::OnFocusLost() reason 0
[2019.01.27-01.52.03:567][ 87]LogActor: Warning: Pickup_BP_Weapon_C /Engine/Transient.World_1:PersistentLevel.Pickup_BP_Weapon_C_0 has natively added scene component(s), but none of them were set as the actor's RootComponent - picking one arbitrarily
[2019.01.27-01.52.03:588][ 88]LogActor: Warning: Pickup_BP_Food_C /Engine/Transient.World_2:PersistentLevel.Pickup_BP_Food_C_0 has natively added scene component(s), but none of them were set as the actor's RootComponent - picking one arbitrarily
[2019.01.27-01.52.03:652][ 92]LogActor: Warning: Fridge_BP_Base_C /Engine/Transient.World_4:PersistentLevel.Fridge_BP_Base_C_0 has natively added scene component(s), but none of them were set as the actor's RootComponent - picking one arbitrarily
[2019.01.27-01.52.07:365][489]LogSlate: Took 0.000213 seconds to synchronously load lazily loaded font '../../../Engine/Content/Slate/Fonts/Roboto-Light.ttf' (167K)
[2019.01.27-01.52.07:385][489]LogAIModule: Creating AISystem for world ReeeeeTest
[2019.01.27-01.52.07:386][489]PIE: Warning: AttachTo: '/Game/StarterContent/Maps/ReeeeeTest.ReeeeeTest:PersistentLevel.Player_BP_Base_2.CollisionCylinder' root component cannot be attached to other components in the same actor. Aborting.
[2019.01.27-01.52.07:390][489]LogAssetEditorManager: Opening Asset editor for World /Game/StarterContent/Maps/ReeeeeTest.ReeeeeTest
[2019.01.27-01.52.07:416][489]Cmd: MAP LOAD FILE="../../../../../../Users/w017177h.STUDENT/Documents/Github/GGJ2019/GGJ2019/Content/StarterContent/Maps/ReeeeeTest.umap" TEMPLATE=0 SHOWPROGRESS=1 FEATURELEVEL=3
[2019.01.27-01.52.07:416][489]LightingResults: New page: Lighting Build
[2019.01.27-01.52.07:417][489]LoadErrors: New page: Loading map: ReeeeeTest.umap
[2019.01.27-01.52.07:418][489]MapCheck: New page: Map Check
[2019.01.27-01.52.07:418][489]LightingResults: New page: Lighting Build
[2019.01.27-01.52.07:445][489]LogEditorServer: Finished looking for orphan Actors (0.000 secs)
[2019.01.27-01.52.07:523][489]Cmd: MAP CHECKDEP NOCLEARLOG
[2019.01.27-01.52.07:743][489]MapCheck: Map check complete: 0 Error(s), 0 Warning(s), took 219.994ms to complete.
[2019.01.27-01.52.07:744][489]LogFileHelpers: Loading map 'ReeeeeTest' took 0.329
[2019.01.27-01.52.09:687][692]LogBlueprint: Warning: [Compiler Fridge_Widget] 'UI Manager' does not inherit from 'Character' ( Cast To UI_Manager  would always fail).
[2019.01.27-01.52.09:690][692]LogBlueprint: Warning: [Compiler Fridge_Widget] [0030.46] Compile of Fridge_Widget successful, but with 1 Warning(s) [in 4 ms] (/Game/Fridge_Widget.Fridge_Widget)
[2019.01.27-01.52.09:812][692]LogAIModule: Creating AISystem for world NewReeeeeLevel
[2019.01.27-01.52.09:893][692]LogAssetEditorManager: Opening Asset editor for World /Game/StarterContent/Maps/NewReeeeeLevel.NewReeeeeLevel
[2019.01.27-01.52.09:921][692]Cmd: MAP LOAD FILE="../../../../../../Users/w017177h.STUDENT/Documents/Github/GGJ2019/GGJ2019/Content/StarterContent/Maps/NewReeeeeLevel.umap" TEMPLATE=0 SHOWPROGRESS=1 FEATURELEVEL=3
[2019.01.27-01.52.09:921][692]LightingResults: New page: Lighting Build
[2019.01.27-01.52.09:923][692]LoadErrors: New page: Loading map: NewReeeeeLevel.umap
[2019.01.27-01.52.09:924][692]MapCheck: New page: Map Check
[2019.01.27-01.52.09:924][692]LightingResults: New page: Lighting Build
[2019.01.27-01.52.10:026][692]LogEditorServer: Finished looking for orphan Actors (0.000 secs)
[2019.01.27-01.52.10:107][692]Cmd: MAP CHECKDEP NOCLEARLOG
[2019.01.27-01.52.10:327][692]MapCheck: Map check complete: 0 Error(s), 0 Warning(s), took 219.573ms to complete.
[2019.01.27-01.52.10:328][692]LogFileHelpers: Loading map 'NewReeeeeLevel' took 0.408
[2019.01.27-01.52.11:561][825]LogTemp: Repeating last play command: Selected Viewport
[2019.01.27-01.52.11:592][825]LogBlueprintUserMessages: Early PlayInEditor Detection: Level '/Game/StarterContent/Maps/NewReeeeeLevel.NewReeeeeLevel:PersistentLevel' has LevelScriptBlueprint '/Game/StarterContent/Maps/NewReeeeeLevel.NewReeeeeLevel:PersistentLevel.NewReeeeeLevel' with GeneratedClass '/Game/StarterContent/Maps/NewReeeeeLevel.NewReeeeeLevel_C' with ClassGeneratedBy '/Game/StarterContent/Maps/NewReeeeeLevel.NewReeeeeLevel:PersistentLevel.NewReeeeeLevel'
[2019.01.27-01.52.11:592][825]LogPlayLevel: PlayLevel: No blueprints needed recompiling
[2019.01.27-01.52.11:592][825]PIE: New page: PIE session: NewReeeeeLevel (27 Jan 2019 01:52:11)
[2019.01.27-01.52.11:592][825]LogPlayLevel: Creating play world package: /Game/StarterContent/Maps/UEDPIE_0_NewReeeeeLevel
[2019.01.27-01.52.11:622][825]LogPlayLevel: PIE: StaticDuplicateObject took: (0.029710s)
[2019.01.27-01.52.11:623][825]LogAIModule: Creating AISystem for world NewReeeeeLevel
[2019.01.27-01.52.11:623][825]LogPlayLevel: PIE: World Init took: (0.000882s)
[2019.01.27-01.52.11:624][825]LogPlayLevel: PIE: Created PIE world by copying editor world from /Game/StarterContent/Maps/NewReeeeeLevel.NewReeeeeLevel to /Game/StarterContent/Maps/UEDPIE_0_NewReeeeeLevel.NewReeeeeLevel (0.031083s)
[2019.01.27-01.52.11:656][825]LogInit: XAudio2 using 'Headset Earphone (2- Razer ManO'War)' : 2 channels at 48 kHz using 16 bits per sample (channel mask 0x3)
[2019.01.27-01.52.11:667][825]LogInit: FAudioDevice initialized.
[2019.01.27-01.52.11:699][825]LogLoad: Game class is 'GGJ2019GM_C'
[2019.01.27-01.52.11:706][825]LogWorld: Bringing World /Game/StarterContent/Maps/UEDPIE_0_NewReeeeeLevel.NewReeeeeLevel up for play (max tick rate 0) at 2019.01.27-01.52.11
[2019.01.27-01.52.11:709][825]LogWorld: Bringing up level for play took: 0.008781
[2019.01.27-01.52.11:723][825]PIE: Play in editor start time for /Game/StarterContent/Maps/UEDPIE_0_NewReeeeeLevel -0.471
[2019.01.27-01.52.11:723][825]LogBlueprintUserMessages: Late PlayInEditor Detection: Level '/Game/StarterContent/Maps/NewReeeeeLevel.NewReeeeeLevel:PersistentLevel' has LevelScriptBlueprint '/Game/StarterContent/Maps/NewReeeeeLevel.NewReeeeeLevel:PersistentLevel.NewReeeeeLevel' with GeneratedClass '/Game/StarterContent/Maps/NewReeeeeLevel.NewReeeeeLevel_C' with ClassGeneratedBy '/Game/StarterContent/Maps/NewReeeeeLevel.NewReeeeeLevel:PersistentLevel.NewReeeeeLevel'
[2019.01.27-01.52.21:536][951]LogActor: Warning: Pickup_BP_Food_C /Game/StarterContent/Maps/UEDPIE_0_NewReeeeeLevel.NewReeeeeLevel:PersistentLevel.Pickup_BP_Food_C_0 has natively added scene component(s), but none of them were set as the actor's RootComponent - picking one arbitrarily
[2019.01.27-01.52.21:536][951]LogScript: Warning: Attempted to access Pickup_BP_Food_C_0 via property CallFunc_FinishSpawningActor_ReturnValue1, but Pickup_BP_Food_C_0 is pending kill
	Enemy_BP_Base_C /Game/StarterContent/Maps/UEDPIE_0_NewReeeeeLevel.NewReeeeeLevel:PersistentLevel.Enemy_BP_Base_C_3
	Function /Game/Enemy_BP_Base.Enemy_BP_Base_C:ExecuteUbergraph_Enemy_BP_Base:0A74
[2019.01.27-01.52.21:537][951]PIE: Error: Blueprint Runtime Error: "Attempted to access Pickup_BP_Food_C_0 via property CallFunc_FinishSpawningActor_ReturnValue1, but Pickup_BP_Food_C_0 is pending kill". Blueprint:  Enemy_BP_Base Function:  Execute Ubergraph Enemy BP Base Graph:  EventGraph Node:  Set pickupActive
[2019.01.27-01.52.21:537][951]LogScript: Warning: Attempted to access Pickup_BP_Food_C_0 via property CallFunc_FinishSpawningActor_ReturnValue1, but Pickup_BP_Food_C_0 is pending kill
	Enemy_BP_Base_C /Game/StarterContent/Maps/UEDPIE_0_NewReeeeeLevel.NewReeeeeLevel:PersistentLevel.Enemy_BP_Base_C_3
	Function /Game/Enemy_BP_Base.Enemy_BP_Base_C:ExecuteUbergraph_Enemy_BP_Base:0A96
[2019.01.27-01.52.21:537][951]PIE: Error: Blueprint Runtime Error: "Attempted to access Pickup_BP_Food_C_0 via property CallFunc_FinishSpawningActor_ReturnValue1, but Pickup_BP_Food_C_0 is pending kill". Blueprint:  Enemy_BP_Base Function:  Execute Ubergraph Enemy BP Base Graph:  EventGraph Node:  AttachToComponent
[2019.01.27-01.52.21:869][991]LogActor: Warning: Pickup_BP_Food_C /Game/StarterContent/Maps/UEDPIE_0_NewReeeeeLevel.NewReeeeeLevel:PersistentLevel.Pickup_BP_Food_C_1 has natively added scene component(s), but none of them were set as the actor's RootComponent - picking one arbitrarily
[2019.01.27-01.52.22:173][ 27]LogActor: Warning: Pickup_BP_Food_C /Game/StarterContent/Maps/UEDPIE_0_NewReeeeeLevel.NewReeeeeLevel:PersistentLevel.Pickup_BP_Food_C_2 has natively added scene component(s), but none of them were set as the actor's RootComponent - picking one arbitrarily
[2019.01.27-01.52.22:173][ 27]LogScript: Warning: Attempted to access Pickup_BP_Food_C_2 via property CallFunc_FinishSpawningActor_ReturnValue1, but Pickup_BP_Food_C_2 is pending kill
	Enemy_BP_Base_C /Game/StarterContent/Maps/UEDPIE_0_NewReeeeeLevel.NewReeeeeLevel:PersistentLevel.Enemy_BP_Base_C_6
	Function /Game/Enemy_BP_Base.Enemy_BP_Base_C:ExecuteUbergraph_Enemy_BP_Base:0A74
[2019.01.27-01.52.22:173][ 27]PIE: Error: Blueprint Runtime Error: "Attempted to access Pickup_BP_Food_C_2 via property CallFunc_FinishSpawningActor_ReturnValue1, but Pickup_BP_Food_C_2 is pending kill". Blueprint:  Enemy_BP_Base Function:  Execute Ubergraph Enemy BP Base Graph:  EventGraph Node:  Set pickupActive
[2019.01.27-01.52.22:173][ 27]LogScript: Warning: Attempted to access Pickup_BP_Food_C_2 via property CallFunc_FinishSpawningActor_ReturnValue1, but Pickup_BP_Food_C_2 is pending kill
	Enemy_BP_Base_C /Game/StarterContent/Maps/UEDPIE_0_NewReeeeeLevel.NewReeeeeLevel:PersistentLevel.Enemy_BP_Base_C_6
	Function /Game/Enemy_BP_Base.Enemy_BP_Base_C:ExecuteUbergraph_Enemy_BP_Base:0A96
[2019.01.27-01.52.22:174][ 27]PIE: Error: Blueprint Runtime Error: "Attempted to access Pickup_BP_Food_C_2 via property CallFunc_FinishSpawningActor_ReturnValue1, but Pickup_BP_Food_C_2 is pending kill". Blueprint:  Enemy_BP_Base Function:  Execute Ubergraph Enemy BP Base Graph:  EventGraph Node:  AttachToComponent
[2019.01.27-01.52.22:694][ 86]LogBlueprintUserMessages: Early EndPlayMap Detection: Level '/Game/StarterContent/Maps/NewReeeeeLevel.NewReeeeeLevel:PersistentLevel' has LevelScriptBlueprint '/Game/StarterContent/Maps/NewReeeeeLevel.NewReeeeeLevel:PersistentLevel.NewReeeeeLevel' with GeneratedClass '/Game/StarterContent/Maps/NewReeeeeLevel.NewReeeeeLevel_C' with ClassGeneratedBy '/Game/StarterContent/Maps/NewReeeeeLevel.NewReeeeeLevel:PersistentLevel.NewReeeeeLevel'
[2019.01.27-01.52.22:694][ 86]LogSlate: Updating window title bar state: overlay mode, drag disabled, window buttons hidden, title bar hidden
[2019.01.27-01.52.22:737][ 86]LogPlayLevel: Display: Shutting down PIE online subsystems
[2019.01.27-01.52.22:737][ 86]LogBlueprintUserMessages: Late EndPlayMap Detection: Level '/Game/StarterContent/Maps/NewReeeeeLevel.NewReeeeeLevel:PersistentLevel' has LevelScriptBlueprint '/Game/StarterContent/Maps/NewReeeeeLevel.NewReeeeeLevel:PersistentLevel.NewReeeeeLevel' with GeneratedClass '/Game/StarterContent/Maps/NewReeeeeLevel.NewReeeeeLevel_C' with ClassGeneratedBy '/Game/StarterContent/Maps/NewReeeeeLevel.NewReeeeeLevel:PersistentLevel.NewReeeeeLevel'
[2019.01.27-01.52.22:761][ 86]LogSlate: Updating window title bar state: overlay mode, drag disabled, window buttons hidden, title bar hidden
[2019.01.27-01.52.22:794][ 87]LogPlayLevel: Display: Destroying online subsystem :Context_8
[2019.01.27-01.52.23:927][217]LogSlate: FSceneViewport::OnFocusLost() reason 0
[2019.01.27-01.53.06:149][611]LogSlate: FSceneViewport::OnFocusLost() reason 0
[2019.01.27-01.53.13:784][485]LogAssetEditorManager: Opening Asset editor for Blueprint /Game/Enemy_BP_Base.Enemy_BP_Base
[2019.01.27-01.53.14:304][485]LogContentBrowser: Native class hierarchy updated for 'BlueprintGraph' in 0.0008 seconds. Added 116 classes and 0 folders.
[2019.01.27-01.53.15:292][485]LogSlate: Took 0.000292 seconds to synchronously load lazily loaded font '../../../Engine/Content/Slate/Fonts/Roboto-BoldCondensed.ttf' (158K)
[2019.01.27-01.53.15:509][486]LogSlate: Took 0.000345 seconds to synchronously load lazily loaded font '../../../Engine/Content/Slate/Fonts/Roboto-Italic.ttf' (157K)
[2019.01.27-01.54.04:018][630]Cmd: OBJ SAVEPACKAGE PACKAGE="/Game/Enemy_BP_Base" FILE="../../../../../../Users/w017177h.STUDENT/Documents/Github/GGJ2019/GGJ2019/Content/Enemy_BP_Base.uasset" SILENT=true
[2019.01.27-01.54.04:167][630]LogSavePackage: Moving '../../../../../../Users/w017177h.STUDENT/Documents/Github/GGJ2019/GGJ2019/Saved/Enemy_BP_Base9D170BA84EFF869EF4AA08939363C804.tmp' to '../../../../../../Users/w017177h.STUDENT/Documents/Github/GGJ2019/GGJ2019/Content/Enemy_BP_Base.uasset'
[2019.01.27-01.54.44:883][826]Cmd: OBJ SAVEPACKAGE PACKAGE="/Game/Enemy_BP_Base" FILE="../../../../../../Users/w017177h.STUDENT/Documents/Github/GGJ2019/GGJ2019/Content/Enemy_BP_Base.uasset" SILENT=true
[2019.01.27-01.54.45:087][826]LogSavePackage: Moving '../../../../../../Users/w017177h.STUDENT/Documents/Github/GGJ2019/GGJ2019/Saved/Enemy_BP_Base15EF1956496509B2A60EC298EB4A828B.tmp' to '../../../../../../Users/w017177h.STUDENT/Documents/Github/GGJ2019/GGJ2019/Content/Enemy_BP_Base.uasset'
[2019.01.27-01.54.48:937][229]Cmd: OBJ SAVEPACKAGE PACKAGE="/Game/Enemy_BP_Base" FILE="../../../../../../Users/w017177h.STUDENT/Documents/Github/GGJ2019/GGJ2019/Content/Enemy_BP_Base.uasset" SILENT=true
[2019.01.27-01.54.49:080][229]LogSavePackage: Moving '../../../../../../Users/w017177h.STUDENT/Documents/Github/GGJ2019/GGJ2019/Saved/Enemy_BP_Base2A10F24F4C92ECF5452148A7D4F159D2.tmp' to '../../../../../../Users/w017177h.STUDENT/Documents/Github/GGJ2019/GGJ2019/Content/Enemy_BP_Base.uasset'
[2019.01.27-01.54.50:418][380]BlueprintLog: New page: Compile Enemy_BP_Base
[2019.01.27-01.54.52:654][576]LogTemp: Repeating last play command: Selected Viewport
[2019.01.27-01.54.52:688][576]LogBlueprintUserMessages: Early PlayInEditor Detection: Level '/Game/StarterContent/Maps/NewReeeeeLevel.NewReeeeeLevel:PersistentLevel' has LevelScriptBlueprint '/Game/StarterContent/Maps/NewReeeeeLevel.NewReeeeeLevel:PersistentLevel.NewReeeeeLevel' with GeneratedClass '/Game/StarterContent/Maps/NewReeeeeLevel.NewReeeeeLevel_C' with ClassGeneratedBy '/Game/StarterContent/Maps/NewReeeeeLevel.NewReeeeeLevel:PersistentLevel.NewReeeeeLevel'
[2019.01.27-01.54.52:688][576]LogPlayLevel: PlayLevel: No blueprints needed recompiling
[2019.01.27-01.54.52:689][576]PIE: New page: PIE session: NewReeeeeLevel (27 Jan 2019 01:54:52)
[2019.01.27-01.54.52:689][576]LogPlayLevel: Creating play world package: /Game/StarterContent/Maps/UEDPIE_0_NewReeeeeLevel
[2019.01.27-01.54.52:726][576]LogPlayLevel: PIE: StaticDuplicateObject took: (0.036607s)
[2019.01.27-01.54.52:726][576]LogAIModule: Creating AISystem for world NewReeeeeLevel
[2019.01.27-01.54.52:726][576]LogPlayLevel: PIE: World Init took: (0.000783s)
[2019.01.27-01.54.52:727][576]LogPlayLevel: PIE: Created PIE world by copying editor world from /Game/StarterContent/Maps/NewReeeeeLevel.NewReeeeeLevel to /Game/StarterContent/Maps/UEDPIE_0_NewReeeeeLevel.NewReeeeeLevel (0.037851s)
[2019.01.27-01.54.52:763][576]LogInit: XAudio2 using 'Headset Earphone (2- Razer ManO'War)' : 2 channels at 48 kHz using 16 bits per sample (channel mask 0x3)
[2019.01.27-01.54.52:774][576]LogInit: FAudioDevice initialized.
[2019.01.27-01.54.52:815][576]LogLoad: Game class is 'GGJ2019GM_C'
[2019.01.27-01.54.52:821][576]LogWorld: Bringing World /Game/StarterContent/Maps/UEDPIE_0_NewReeeeeLevel.NewReeeeeLevel up for play (max tick rate 0) at 2019.01.27-01.54.52
[2019.01.27-01.54.52:824][576]LogWorld: Bringing up level for play took: 0.008398
[2019.01.27-01.54.52:839][576]PIE: Play in editor start time for /Game/StarterContent/Maps/UEDPIE_0_NewReeeeeLevel 0.645
[2019.01.27-01.54.52:839][576]LogBlueprintUserMessages: Late PlayInEditor Detection: Level '/Game/StarterContent/Maps/NewReeeeeLevel.NewReeeeeLevel:PersistentLevel' has LevelScriptBlueprint '/Game/StarterContent/Maps/NewReeeeeLevel.NewReeeeeLevel:PersistentLevel.NewReeeeeLevel' with GeneratedClass '/Game/StarterContent/Maps/NewReeeeeLevel.NewReeeeeLevel_C' with ClassGeneratedBy '/Game/StarterContent/Maps/NewReeeeeLevel.NewReeeeeLevel:PersistentLevel.NewReeeeeLevel'
[2019.01.27-01.55.02:672][702]LogActor: Warning: Pickup_BP_Food_C /Game/StarterContent/Maps/UEDPIE_0_NewReeeeeLevel.NewReeeeeLevel:PersistentLevel.Pickup_BP_Food_C_0 has natively added scene component(s), but none of them were set as the actor's RootComponent - picking one arbitrarily
[2019.01.27-01.55.03:012][742]LogActor: Warning: Pickup_BP_Food_C /Game/StarterContent/Maps/UEDPIE_0_NewReeeeeLevel.NewReeeeeLevel:PersistentLevel.Pickup_BP_Food_C_1 has natively added scene component(s), but none of them were set as the actor's RootComponent - picking one arbitrarily
[2019.01.27-01.55.04:265][886]LogBlueprintUserMessages: Early EndPlayMap Detection: Level '/Game/StarterContent/Maps/NewReeeeeLevel.NewReeeeeLevel:PersistentLevel' has LevelScriptBlueprint '/Game/StarterContent/Maps/NewReeeeeLevel.NewReeeeeLevel:PersistentLevel.NewReeeeeLevel' with GeneratedClass '/Game/StarterContent/Maps/NewReeeeeLevel.NewReeeeeLevel_C' with ClassGeneratedBy '/Game/StarterContent/Maps/NewReeeeeLevel.NewReeeeeLevel:PersistentLevel.NewReeeeeLevel'
[2019.01.27-01.55.04:265][886]LogSlate: Updating window title bar state: overlay mode, drag disabled, window buttons hidden, title bar hidden
[2019.01.27-01.55.04:306][886]LogPlayLevel: Display: Shutting down PIE online subsystems
[2019.01.27-01.55.04:306][886]LogBlueprintUserMessages: Late EndPlayMap Detection: Level '/Game/StarterContent/Maps/NewReeeeeLevel.NewReeeeeLevel:PersistentLevel' has LevelScriptBlueprint '/Game/StarterContent/Maps/NewReeeeeLevel.NewReeeeeLevel:PersistentLevel.NewReeeeeLevel' with GeneratedClass '/Game/StarterContent/Maps/NewReeeeeLevel.NewReeeeeLevel_C' with ClassGeneratedBy '/Game/StarterContent/Maps/NewReeeeeLevel.NewReeeeeLevel:PersistentLevel.NewReeeeeLevel'
[2019.01.27-01.55.04:350][886]LogSlate: Updating window title bar state: overlay mode, drag disabled, window buttons hidden, title bar hidden
[2019.01.27-01.55.04:378][887]LogPlayLevel: Display: Destroying online subsystem :Context_11
[2019.01.27-01.55.05:538][ 23]LogSlate: FSceneViewport::OnFocusLost() reason 2
[2019.01.27-01.55.06:206][ 23]LogSavePackage: Moving '../../../../../../Users/w017177h.STUDENT/Documents/Github/GGJ2019/GGJ2019/Saved/NewReeeeeLevelA93B2DFC48A4C02EC2E7D09702A76943.tmp' to '../../../../../../Users/w017177h.STUDENT/Documents/Github/GGJ2019/GGJ2019/Content/StarterContent/Maps/NewReeeeeLevel.umap'
[2019.01.27-01.55.10:264][455]Cmd: OBJ SAVEPACKAGE PACKAGE="/Game/Enemy_BP_Base" FILE="../../../../../../Users/w017177h.STUDENT/Documents/Github/GGJ2019/GGJ2019/Content/Enemy_BP_Base.uasset" SILENT=true
[2019.01.27-01.55.10:410][455]LogSavePackage: Moving '../../../../../../Users/w017177h.STUDENT/Documents/Github/GGJ2019/GGJ2019/Saved/Enemy_BP_Base981924644CBB5E0ABD59F48F21B2CDB5.tmp' to '../../../../../../Users/w017177h.STUDENT/Documents/Github/GGJ2019/GGJ2019/Content/Enemy_BP_Base.uasset'
[2019.01.27-01.55.12:637][711]LogTemp: Repeating last play command: Selected Viewport
[2019.01.27-01.55.12:677][711]LogBlueprintUserMessages: Early PlayInEditor Detection: Level '/Game/StarterContent/Maps/NewReeeeeLevel.NewReeeeeLevel:PersistentLevel' has LevelScriptBlueprint '/Game/StarterContent/Maps/NewReeeeeLevel.NewReeeeeLevel:PersistentLevel.NewReeeeeLevel' with GeneratedClass '/Game/StarterContent/Maps/NewReeeeeLevel.NewReeeeeLevel_C' with ClassGeneratedBy '/Game/StarterContent/Maps/NewReeeeeLevel.NewReeeeeLevel:PersistentLevel.NewReeeeeLevel'
[2019.01.27-01.55.12:678][711]LogPlayLevel: PlayLevel: No blueprints needed recompiling
[2019.01.27-01.55.12:678][711]PIE: New page: PIE session: NewReeeeeLevel (27 Jan 2019 01:55:12)
[2019.01.27-01.55.12:678][711]LogPlayLevel: Creating play world package: /Game/StarterContent/Maps/UEDPIE_0_NewReeeeeLevel
[2019.01.27-01.55.12:718][711]LogPlayLevel: PIE: StaticDuplicateObject took: (0.039611s)
[2019.01.27-01.55.12:719][711]LogAIModule: Creating AISystem for world NewReeeeeLevel
[2019.01.27-01.55.12:719][711]LogPlayLevel: PIE: World Init took: (0.001048s)
[2019.01.27-01.55.12:719][711]LogPlayLevel: PIE: Created PIE world by copying editor world from /Game/StarterContent/Maps/NewReeeeeLevel.NewReeeeeLevel to /Game/StarterContent/Maps/UEDPIE_0_NewReeeeeLevel.NewReeeeeLevel (0.041226s)
[2019.01.27-01.55.12:760][711]LogInit: XAudio2 using 'Headset Earphone (2- Razer ManO'War)' : 2 channels at 48 kHz using 16 bits per sample (channel mask 0x3)
[2019.01.27-01.55.12:781][711]LogInit: FAudioDevice initialized.
[2019.01.27-01.55.12:816][711]LogLoad: Game class is 'GGJ2019GM_C'
[2019.01.27-01.55.12:823][711]LogWorld: Bringing World /Game/StarterContent/Maps/UEDPIE_0_NewReeeeeLevel.NewReeeeeLevel up for play (max tick rate 0) at 2019.01.27-01.55.12
[2019.01.27-01.55.12:827][711]LogWorld: Bringing up level for play took: 0.009559
[2019.01.27-01.55.12:842][711]PIE: Play in editor start time for /Game/StarterContent/Maps/UEDPIE_0_NewReeeeeLevel 0.647
[2019.01.27-01.55.12:842][711]LogBlueprintUserMessages: Late PlayInEditor Detection: Level '/Game/StarterContent/Maps/NewReeeeeLevel.NewReeeeeLevel:PersistentLevel' has LevelScriptBlueprint '/Game/StarterContent/Maps/NewReeeeeLevel.NewReeeeeLevel:PersistentLevel.NewReeeeeLevel' with GeneratedClass '/Game/StarterContent/Maps/NewReeeeeLevel.NewReeeeeLevel_C' with ClassGeneratedBy '/Game/StarterContent/Maps/NewReeeeeLevel.NewReeeeeLevel:PersistentLevel.NewReeeeeLevel'
[2019.01.27-01.55.26:917][837]LogActor: Warning: Pickup_BP_Food_C /Game/StarterContent/Maps/UEDPIE_0_NewReeeeeLevel.NewReeeeeLevel:PersistentLevel.Pickup_BP_Food_C_0 has natively added scene component(s), but none of them were set as the actor's RootComponent - picking one arbitrarily
[2019.01.27-01.55.27:267][877]LogActor: Warning: Pickup_BP_Food_C /Game/StarterContent/Maps/UEDPIE_0_NewReeeeeLevel.NewReeeeeLevel:PersistentLevel.Pickup_BP_Food_C_1 has natively added scene component(s), but none of them were set as the actor's RootComponent - picking one arbitrarily
[2019.01.27-01.55.33:313][582]LogBlueprintUserMessages: [Player_BP_Base_5] picked up
[2019.01.27-01.55.33:449][595]LogActor: Warning: Pickup_BP_Food_C /Game/StarterContent/Maps/UEDPIE_0_NewReeeeeLevel.NewReeeeeLevel:PersistentLevel.Pickup_BP_Food_C_2 has natively added scene component(s), but none of them were set as the actor's RootComponent - picking one arbitrarily
[2019.01.27-01.55.34:500][715]LogActor: Warning: Pickup_BP_Food_C /Game/StarterContent/Maps/UEDPIE_0_NewReeeeeLevel.NewReeeeeLevel:PersistentLevel.Pickup_BP_Food_C_3 has natively added scene component(s), but none of them were set as the actor's RootComponent - picking one arbitrarily
[2019.01.27-01.55.35:644][846]LogActor: Warning: Pickup_BP_Food_C /Game/StarterContent/Maps/UEDPIE_0_NewReeeeeLevel.NewReeeeeLevel:PersistentLevel.Pickup_BP_Food_C_4 has natively added scene component(s), but none of them were set as the actor's RootComponent - picking one arbitrarily
[2019.01.27-01.55.37:419][ 49]LogBlueprintUserMessages: [Player_BP_Base_5] put in fridge
[2019.01.27-01.55.37:847][ 96]LogActor: Warning: Pickup_BP_Food_C /Game/StarterContent/Maps/UEDPIE_0_NewReeeeeLevel.NewReeeeeLevel:PersistentLevel.Pickup_BP_Food_C_5 has natively added scene component(s), but none of them were set as the actor's RootComponent - picking one arbitrarily
[2019.01.27-01.55.40:023][332]LogBlueprintUserMessages: Early EndPlayMap Detection: Level '/Game/StarterContent/Maps/NewReeeeeLevel.NewReeeeeLevel:PersistentLevel' has LevelScriptBlueprint '/Game/StarterContent/Maps/NewReeeeeLevel.NewReeeeeLevel:PersistentLevel.NewReeeeeLevel' with GeneratedClass '/Game/StarterContent/Maps/NewReeeeeLevel.NewReeeeeLevel_C' with ClassGeneratedBy '/Game/StarterContent/Maps/NewReeeeeLevel.NewReeeeeLevel:PersistentLevel.NewReeeeeLevel'
[2019.01.27-01.55.40:024][332]LogSlate: Updating window title bar state: overlay mode, drag disabled, window buttons hidden, title bar hidden
[2019.01.27-01.55.40:074][332]LogPlayLevel: Display: Shutting down PIE online subsystems
[2019.01.27-01.55.40:074][332]LogBlueprintUserMessages: Late EndPlayMap Detection: Level '/Game/StarterContent/Maps/NewReeeeeLevel.NewReeeeeLevel:PersistentLevel' has LevelScriptBlueprint '/Game/StarterContent/Maps/NewReeeeeLevel.NewReeeeeLevel:PersistentLevel.NewReeeeeLevel' with GeneratedClass '/Game/StarterContent/Maps/NewReeeeeLevel.NewReeeeeLevel_C' with ClassGeneratedBy '/Game/StarterContent/Maps/NewReeeeeLevel.NewReeeeeLevel:PersistentLevel.NewReeeeeLevel'
[2019.01.27-01.55.40:107][332]LogSlate: Updating window title bar state: overlay mode, drag disabled, window buttons hidden, title bar hidden
[2019.01.27-01.55.40:139][333]LogPlayLevel: Display: Destroying online subsystem :Context_12
[2019.01.27-01.55.41:715][513]LogSlate: FSceneViewport::OnFocusLost() reason 2
[2019.01.27-01.55.42:322][513]LogSavePackage: Moving '../../../../../../Users/w017177h.STUDENT/Documents/Github/GGJ2019/GGJ2019/Saved/NewReeeeeLevel133640464003C4CA666DA0BF6CE2D05B.tmp' to '../../../../../../Users/w017177h.STUDENT/Documents/Github/GGJ2019/GGJ2019/Content/StarterContent/Maps/NewReeeeeLevel.umap'
[2019.01.27-01.55.48:892][220]LogSlate: FSceneViewport::OnFocusLost() reason 0
[2019.01.27-01.55.50:802][370]LogSavePackage: Moving '../../../../../../Users/w017177h.STUDENT/Documents/Github/GGJ2019/GGJ2019/Saved/NewReeeeeLevel66341C704272A0E5003F868C6306C749.tmp' to '../../../../../../Users/w017177h.STUDENT/Documents/Github/GGJ2019/GGJ2019/Content/StarterContent/Maps/NewReeeeeLevel.umap'
[2019.01.27-01.55.52:071][458]LogSlate: Window 'GGJ2019 - Unreal Editor' being destroyed
[2019.01.27-01.55.52:072][458]LogWindowsTextInputMethodSystem: Display: IME system now deactivated.
[2019.01.27-01.55.52:282][459]Cmd: QUIT_EDITOR
[2019.01.27-01.55.52:631][459]LogExit: Preparing to exit.
[2019.01.27-01.55.53:602][459]LogExit: Editor shut down
[2019.01.27-01.55.53:602][459]LogExit: Transaction tracking system shut down
[2019.01.27-01.55.54:220][459]LogExit: Object subsystem successfully closed.
[2019.01.27-01.55.54:249][459]LogShaderCompilers: Display: Shaders left to compile 0
[2019.01.27-01.55.54:253][459]LogD3D11RHI: Shutdown
[2019.01.27-01.55.54:253][459]LogD3D11RHI: CleanupD3DDevice
[2019.01.27-01.55.54:255][459]LogD3D11RHI: ~FD3D11DynamicRHI
[2019.01.27-01.55.54:297][459]LogModuleManager: Shutting down and abandoning module BlueprintGraph (618)
[2019.01.27-01.55.54:298][459]LogModuleManager: Shutting down and abandoning module MovieSceneCapture (616)
[2019.01.27-01.55.54:298][459]LogModuleManager: Shutting down and abandoning module Voice (614)
[2019.01.27-01.55.54:298][459]LogModuleManager: Shutting down and abandoning module HierarchicalLODOutliner (612)
[2019.01.27-01.55.54:298][459]LogModuleManager: Shutting down and abandoning module SceneOutliner (610)
[2019.01.27-01.55.54:298][459]LogModuleManager: Shutting down and abandoning module AddContentDialog (608)
[2019.01.27-01.55.54:299][459]LogModuleManager: Shutting down and abandoning module WidgetCarousel (607)
[2019.01.27-01.55.54:299][459]LogModuleManager: Shutting down and abandoning module EditorWidgets (604)
[2019.01.27-01.55.54:299][459]LogModuleManager: Shutting down and abandoning module CollectionManager (602)
[2019.01.27-01.55.54:299][459]LogModuleManager: Shutting down and abandoning module StatsViewer (600)
[2019.01.27-01.55.54:299][459]LogModuleManager: Shutting down and abandoning module FoliageEdit (598)
[2019.01.27-01.55.54:299][459]LogModuleManager: Shutting down and abandoning module LandscapeEditor (596)
[2019.01.27-01.55.54:300][459]LogModuleManager: Shutting down and abandoning module MeshPaintMode (594)
[2019.01.27-01.55.54:300][459]LogModuleManager: Shutting down and abandoning module SceneDepthPickerMode (592)
[2019.01.27-01.55.54:300][459]LogModuleManager: Shutting down and abandoning module ActorPickerMode (590)
[2019.01.27-01.55.54:300][459]LogModuleManager: Shutting down and abandoning module GeometryMode (588)
[2019.01.27-01.55.54:300][459]LogModuleManager: Shutting down and abandoning module TextureAlignMode (586)
[2019.01.27-01.55.54:300][459]LogModuleManager: Shutting down and abandoning module BspMode (584)
[2019.01.27-01.55.54:300][459]LogModuleManager: Shutting down and abandoning module PIEPreviewDeviceProfileSelector (582)
[2019.01.27-01.55.54:300][459]LogModuleManager: Shutting down and abandoning module SequenceRecorderSections (580)
[2019.01.27-01.55.54:300][459]LogModuleManager: Shutting down and abandoning module AutomationWorker (578)
[2019.01.27-01.55.54:300][459]LogModuleManager: Shutting down and abandoning module AudioCaptureEditor (576)
[2019.01.27-01.55.54:301][459]LogModuleManager: Shutting down and abandoning module SequenceRecorder (575)
[2019.01.27-01.55.54:301][459]LogModuleManager: Shutting down and abandoning module MatineeToLevelSequence (572)
[2019.01.27-01.55.54:301][459]LogModuleManager: Shutting down and abandoning module LevelSequenceEditor (570)
[2019.01.27-01.55.54:301][459]LogModuleManager: Shutting down and abandoning module PlacementMode (569)
[2019.01.27-01.55.54:301][459]LogModuleManager: Shutting down and abandoning module MaterialEditor (568)
[2019.01.27-01.55.54:301][459]LogModuleManager: Shutting down and abandoning module WmfMediaFactory (564)
[2019.01.27-01.55.54:301][459]LogModuleManager: Shutting down and abandoning module WmfMediaEditor (562)
[2019.01.27-01.55.54:301][459]LogModuleManager: Shutting down and abandoning module MediaPlayerEditor (560)
[2019.01.27-01.55.54:301][459]LogModuleManager: Shutting down and abandoning module OpenExrWrapper (558)
[2019.01.27-01.55.54:302][459]LogModuleManager: Shutting down and abandoning module ImgMediaFactory (556)
[2019.01.27-01.55.54:302][459]LogModuleManager: Shutting down and abandoning module ImgMediaEditor (554)
[2019.01.27-01.55.54:302][459]LogModuleManager: Shutting down and abandoning module AvfMediaFactory (552)
[2019.01.27-01.55.54:302][459]LogModuleManager: Shutting down and abandoning module AvfMediaEditor (550)
[2019.01.27-01.55.54:302][459]LogModuleManager: Shutting down and abandoning module AndroidMediaFactory (548)
[2019.01.27-01.55.54:302][459]LogModuleManager: Shutting down and abandoning module AndroidMediaEditor (546)
[2019.01.27-01.55.54:302][459]LogModuleManager: Shutting down and abandoning module MagicLeapCameraPreviewFactory (544)
[2019.01.27-01.55.54:302][459]LogModuleManager: Shutting down and abandoning module MagicLeapMediaFactory (542)
[2019.01.27-01.55.54:302][459]LogModuleManager: Shutting down and abandoning module MagicLeapMediaEditor (540)
[2019.01.27-01.55.54:302][459]LogModuleManager: Shutting down and abandoning module CharacterAI (538)
[2019.01.27-01.55.54:302][459]LogModuleManager: Shutting down and abandoning module SmartSnapping (536)
[2019.01.27-01.55.54:303][459]LogModuleManager: Shutting down and abandoning module SessionServices (534)
[2019.01.27-01.55.54:303][459]LogModuleManager: Shutting down and abandoning module ViewportSnapping (532)
[2019.01.27-01.55.54:303][459]LogModuleManager: Shutting down and abandoning module ViewportInteraction (530)
[2019.01.27-01.55.54:303][459]LogModuleManager: Shutting down and abandoning module ClothPainter (528)
[2019.01.27-01.55.54:303][459]LogModuleManager: Shutting down and abandoning module SkeletalMeshEditor (527)
[2019.01.27-01.55.54:303][459]LogModuleManager: Shutting down and abandoning module LogVisualizer (524)
[2019.01.27-01.55.54:303][459]LogModuleManager: Shutting down and abandoning module IntroTutorials (522)
[2019.01.27-01.55.54:303][459]LogModuleManager: Shutting down and abandoning module GameProjectGeneration (521)
[2019.01.27-01.55.54:304][459]LogModuleManager: Shutting down and abandoning module LuminPlatformEditor (518)
[2019.01.27-01.55.54:304][459]LogModuleManager: Shutting down and abandoning module IOSPlatformEditor (516)
[2019.01.27-01.55.54:304][459]LogModuleManager: Shutting down and abandoning module HTML5PlatformEditor (514)
[2019.01.27-01.55.54:304][459]LogModuleManager: Shutting down and abandoning module AndroidPlatformEditor (512)
[2019.01.27-01.55.54:304][459]LogModuleManager: Shutting down and abandoning module AndroidDeviceDetection (511)
[2019.01.27-01.55.54:851][459]LogModuleManager: Shutting down and abandoning module WindowsPlatformEditor (508)
[2019.01.27-01.55.54:851][459]LogModuleManager: Shutting down and abandoning module LuminRuntimeSettings (506)
[2019.01.27-01.55.54:851][459]LogModuleManager: Shutting down and abandoning module IOSRuntimeSettings (504)
[2019.01.27-01.55.54:851][459]LogModuleManager: Shutting down and abandoning module AndroidRuntimeSettings (502)
[2019.01.27-01.55.54:851][459]LogModuleManager: Shutting down and abandoning module InputBindingEditor (500)
[2019.01.27-01.55.54:851][459]LogModuleManager: Shutting down and abandoning module MergeActors (498)
[2019.01.27-01.55.54:851][459]LogModuleManager: Shutting down and abandoning module LocalizationDashboard (496)
[2019.01.27-01.55.54:851][459]LogModuleManager: Shutting down and abandoning module LocalizationService (495)
[2019.01.27-01.55.54:852][459]LogModuleManager: Shutting down and abandoning module HardwareTargeting (492)
[2019.01.27-01.55.54:852][459]LogModuleManager: Shutting down and abandoning module DeviceProfileEditor (490)
[2019.01.27-01.55.54:852][459]LogModuleManager: Shutting down and abandoning module UndoHistory (488)
[2019.01.27-01.55.54:852][459]LogModuleManager: Shutting down and abandoning module XmlParser (486)
[2019.01.27-01.55.54:852][459]LogModuleManager: Shutting down and abandoning module Blutility (484)
[2019.01.27-01.55.54:852][459]LogModuleManager: Shutting down and abandoning module ProjectSettingsViewer (482)
[2019.01.27-01.55.54:852][459]LogModuleManager: Shutting down and abandoning module ProjectTargetPlatformEditor (481)
[2019.01.27-01.55.54:852][459]LogModuleManager: Shutting down and abandoning module EditorSettingsViewer (478)
[2019.01.27-01.55.54:852][459]LogModuleManager: Shutting down and abandoning module SettingsEditor (476)
[2019.01.27-01.55.54:853][459]LogModuleManager: Shutting down and abandoning module ProjectLauncher (474)
[2019.01.27-01.55.54:853][459]LogModuleManager: Shutting down and abandoning module SessionFrontend (472)
[2019.01.27-01.55.54:853][459]LogModuleManager: Shutting down and abandoning module ProfilerClient (470)
[2019.01.27-01.55.54:853][459]LogModuleManager: Shutting down and abandoning module DeviceManager (468)
[2019.01.27-01.55.54:853][459]LogModuleManager: Shutting down and abandoning module TargetDeviceServices (467)
[2019.01.27-01.55.54:919][459]LogModuleManager: Shutting down and abandoning module AutomationController (464)
[2019.01.27-01.55.54:919][459]LogModuleManager: Shutting down and abandoning module AutomationWindow (462)
[2019.01.27-01.55.54:919][459]LogModuleManager: Shutting down and abandoning module Layers (460)
[2019.01.27-01.55.54:919][459]LogModuleManager: Shutting down and abandoning module ComponentVisualizers (458)
[2019.01.27-01.55.54:919][459]LogModuleManager: Shutting down and abandoning module DetailCustomizations (456)
[2019.01.27-01.55.54:919][459]LogModuleManager: Shutting down and abandoning module PackagesDialog (454)
[2019.01.27-01.55.54:920][459]LogModuleManager: Shutting down and abandoning module Persona (452)
[2019.01.27-01.55.54:920][459]LogModuleManager: Shutting down and abandoning module AdvancedPreviewScene (451)
[2019.01.27-01.55.54:920][459]LogModuleManager: Shutting down and abandoning module AnimGraph (449)
[2019.01.27-01.55.54:920][459]LogModuleManager: Shutting down and abandoning module Kismet (446)
[2019.01.27-01.55.54:925][459]LogModuleManager: Shutting down and abandoning module GraphEditor (444)
[2019.01.27-01.55.54:925][459]LogModuleManager: Shutting down and abandoning module ClassViewer (442)
[2019.01.27-01.55.54:925][459]LogModuleManager: Shutting down and abandoning module Toolbox (440)
[2019.01.27-01.55.54:925][459]LogModuleManager: Shutting down and abandoning module DesktopPlatform (439)
[2019.01.27-01.55.54:925][459]LogModuleManager: Shutting down and abandoning module ModuleUI (436)
[2019.01.27-01.55.54:925][459]LogModuleManager: Shutting down and abandoning module MovieSceneTools (434)
[2019.01.27-01.55.54:925][459]LogModuleManager: Shutting down and abandoning module OutputLog (432)
[2019.01.27-01.55.54:925][459]LogModuleManager: Shutting down and abandoning module GammaUI (430)
[2019.01.27-01.55.54:925][459]LogModuleManager: Shutting down and abandoning module Documentation (428)
[2019.01.27-01.55.54:926][459]LogModuleManager: Shutting down and abandoning module MovieSceneTracks (426)
[2019.01.27-01.55.54:926][459]LogModuleManager: Shutting down and abandoning module MovieScene (424)
[2019.01.27-01.55.54:926][459]LogModuleManager: Shutting down and abandoning module StreamingPauseRendering (422)
[2019.01.27-01.55.54:926][459]LogModuleManager: Shutting down and abandoning module LauncherPlatform (420)
[2019.01.27-01.55.54:926][459]LogModuleManager: Shutting down and abandoning module AnalyticsET (418)
[2019.01.27-01.55.54:926][459]LogModuleManager: Shutting down and abandoning module PortalServices (416)
[2019.01.27-01.55.54:926][459]LogModuleManager: Shutting down and abandoning module PortalRpc (414)
[2019.01.27-01.55.54:926][459]LogModuleManager: Shutting down and abandoning module MessagingRpc (412)
[2019.01.27-01.55.54:926][459]LogModuleManager: Shutting down and abandoning module AIModule (410)
[2019.01.27-01.55.54:927][459]LogModuleManager: Shutting down and abandoning module GameplayDebugger (409)
[2019.01.27-01.55.54:927][459]LogModuleManager: Shutting down and abandoning module AITestSuite (407)
[2019.01.27-01.55.54:927][459]LogModuleManager: Shutting down and abandoning module NavigationSystem (405)
[2019.01.27-01.55.54:927][459]LogModuleManager: Shutting down and abandoning module ProfilerService (402)
[2019.01.27-01.55.54:992][459]LogModuleManager: Shutting down and abandoning module TaskGraph (400)
[2019.01.27-01.55.54:992][459]LogModuleManager: Shutting down and abandoning module SteamVRController (398)
[2019.01.27-01.55.54:992][459]LogModuleManager: Shutting down and abandoning module ProceduralMeshComponentEditor (396)
[2019.01.27-01.55.54:992][459]LogModuleManager: Shutting down and abandoning module ProceduralMeshComponent (394)
[2019.01.27-01.55.54:992][459]LogModuleManager: Shutting down and abandoning module OculusInput (392)
[2019.01.27-01.55.54:992][459]LogModuleManager: Shutting down and abandoning module MobilePatchingUtils (390)
[2019.01.27-01.55.54:992][459]LogModuleManager: Shutting down and abandoning module EditableMesh (388)
[2019.01.27-01.55.54:992][459]LogModuleManager: Shutting down and abandoning module CustomMeshComponent (386)
[2019.01.27-01.55.54:992][459]LogModuleManager: Shutting down and abandoning module CableComponent (384)
[2019.01.27-01.55.54:992][459]LogModuleManager: Shutting down and abandoning module AudioCapture (382)
[2019.01.27-01.55.54:993][459]LogModuleManager: Shutting down and abandoning module ArchVisCharacter (380)
[2019.01.27-01.55.54:993][459]LogModuleManager: Shutting down and abandoning module AndroidPermission (378)
[2019.01.27-01.55.54:993][459]LogModuleManager: Shutting down and abandoning module NUTUnrealEngine4 (376)
[2019.01.27-01.55.54:993][459]LogModuleManager: Shutting down and abandoning module NetcodeUnitTest (374)
[2019.01.27-01.55.54:994][459]LogModuleManager: Shutting down and abandoning module MediaCompositingEditor (372)
[2019.01.27-01.55.54:994][459]LogModuleManager: Shutting down and abandoning module MediaCompositing (370)
[2019.01.27-01.55.54:994][459]LogModuleManager: Shutting down and abandoning module LinearTimecode (368)
[2019.01.27-01.55.54:994][459]LogModuleManager: Shutting down and abandoning module ImgMedia (366)
[2019.01.27-01.55.55:003][459]LogModuleManager: Shutting down and abandoning module HTML5Networking (364)
[2019.01.27-01.55.55:003][459]LogModuleManager: Shutting down and abandoning module GeometryCacheTracks (362)
[2019.01.27-01.55.55:003][459]LogModuleManager: Shutting down and abandoning module GeometryCacheSequencer (360)
[2019.01.27-01.55.55:003][459]LogModuleManager: Shutting down and abandoning module BackChannel (358)
[2019.01.27-01.55.55:004][459]LogModuleManager: Shutting down and abandoning module AppleVision (356)
[2019.01.27-01.55.55:004][459]LogModuleManager: Shutting down and abandoning module AppleImageUtils (354)
[2019.01.27-01.55.55:004][459]LogModuleManager: Shutting down and abandoning module AlembicImporter (352)
[2019.01.27-01.55.55:004][459]LogModuleManager: Shutting down and abandoning module AlembicLibrary (351)
[2019.01.27-01.55.55:004][459]LogModuleManager: Shutting down and abandoning module GeometryCache (350)
[2019.01.27-01.55.55:004][459]LogModuleManager: Shutting down and abandoning module GeometryCacheEd (349)
[2019.01.27-01.55.55:004][459]LogModuleManager: Shutting down and abandoning module DatasmithContentEditor (344)
[2019.01.27-01.55.55:004][459]LogModuleManager: Shutting down and abandoning module DatasmithContent (342)
[2019.01.27-01.55.55:011][459]LogModuleManager: Shutting down and abandoning module SpeedTreeImporter (340)
[2019.01.27-01.55.55:011][459]LogModuleManager: Shutting down and abandoning module PluginBrowser (338)
[2019.01.27-01.55.55:011][459]LogModuleManager: Shutting down and abandoning module MobileLauncherProfileWizard (336)
[2019.01.27-01.55.55:011][459]LogModuleManager: Shutting down and abandoning module PolygonModeling (334)
[2019.01.27-01.55.55:011][459]LogModuleManager: Shutting down and abandoning module MeshEditor (332)
[2019.01.27-01.55.55:011][459]LogModuleManager: Shutting down and abandoning module CryptoKeysOpenSSL (330)
[2019.01.27-01.55.55:011][459]LogModuleManager: Shutting down and abandoning module CryptoKeys (328)
[2019.01.27-01.55.55:012][459]LogModuleManager: Shutting down and abandoning module VisualStudioSourceCodeAccess (326)
[2019.01.27-01.55.55:012][459]LogModuleManager: Shutting down and abandoning module VisualStudioCodeSourceCodeAccess (324)
[2019.01.27-01.55.55:012][459]LogModuleManager: Shutting down and abandoning module UObjectPlugin (322)
[2019.01.27-01.55.55:012][459]LogModuleManager: Shutting down and abandoning module SubversionSourceControl (320)
[2019.01.27-01.55.55:012][459]LogModuleManager: Shutting down and abandoning module PerforceSourceControl (318)
[2019.01.27-01.55.55:012][459]LogModuleManager: Shutting down and abandoning module GitSourceControl (316)
[2019.01.27-01.55.55:012][459]LogModuleManager: Shutting down and abandoning module SourceControl (315)
[2019.01.27-01.55.55:012][459]LogModuleManager: Shutting down and abandoning module CLionSourceCodeAccess (312)
[2019.01.27-01.55.55:012][459]LogModuleManager: Shutting down and abandoning module LightPropagationVolumeEditor (310)
[2019.01.27-01.55.55:012][459]LogModuleManager: Shutting down and abandoning module PaperTiledImporter (308)
[2019.01.27-01.55.55:012][459]LogModuleManager: Shutting down and abandoning module PaperSpriteSheetImporter (306)
[2019.01.27-01.55.55:012][459]LogModuleManager: Shutting down and abandoning module Paper2DEditor (304)
[2019.01.27-01.55.55:013][459]LogModuleManager: Shutting down and abandoning module MeshPaint (303)
[2019.01.27-01.55.55:013][459]LogModuleManager: Shutting down and abandoning module GGJ2019 (300)
[2019.01.27-01.55.55:013][459]LogModuleManager: Shutting down and abandoning module RuntimePhysXCooking (298)
[2019.01.27-01.55.55:013][459]LogModuleManager: Shutting down and abandoning module PhysXVehiclesEditor (296)
[2019.01.27-01.55.55:013][459]LogModuleManager: Shutting down and abandoning module PhysXVehicles (294)
[2019.01.27-01.55.55:013][459]LogModuleManager: Shutting down and abandoning module OculusEditor (292)
[2019.01.27-01.55.55:013][459]LogModuleManager: Shutting down and abandoning module LocationServicesBPLibrary (290)
[2019.01.27-01.55.55:013][459]LogModuleManager: Shutting down and abandoning module ImmediatePhysicsEditor (288)
[2019.01.27-01.55.55:013][459]LogModuleManager: Shutting down and abandoning module ImmediatePhysics (286)
[2019.01.27-01.55.55:013][459]LogModuleManager: Shutting down and abandoning module ActorSequence (284)
[2019.01.27-01.55.55:014][459]LogModuleManager: Shutting down and abandoning module UdpMessaging (282)
[2019.01.27-01.55.55:115][459]LogModuleManager: Shutting down and abandoning module TcpMessaging (280)
[2019.01.27-01.55.55:216][459]LogModuleManager: Shutting down and abandoning module MagicLeapAudio (278)
[2019.01.27-01.55.55:216][459]LogModuleManager: Shutting down and abandoning module GameplayTagsEditor (276)
[2019.01.27-01.55.55:217][459]LogModuleManager: Shutting down and abandoning module FacialAnimationEditor (274)
[2019.01.27-01.55.55:217][459]LogModuleManager: Shutting down and abandoning module FacialAnimation (272)
[2019.01.27-01.55.55:217][459]LogModuleManager: Shutting down and abandoning module DataValidation (270)
[2019.01.27-01.55.55:217][459]LogModuleManager: Shutting down and abandoning module AssetManagerEditor (268)
[2019.01.27-01.55.55:217][459]LogModuleManager: Shutting down and abandoning module LevelEditor (267)
[2019.01.27-01.55.55:222][459]LogModuleManager: Shutting down and abandoning module PixelInspectorModule (266)
[2019.01.27-01.55.55:222][459]LogModuleManager: Shutting down and abandoning module CommonMenuExtensions (264)
[2019.01.27-01.55.55:223][459]LogModuleManager: Shutting down and abandoning module MainFrame (262)
[2019.01.27-01.55.55:223][459]LogModuleManager: Shutting down and abandoning module HotReload (261)
[2019.01.27-01.55.55:224][459]LogModuleManager: Shutting down and abandoning module ContentBrowser (257)
[2019.01.27-01.55.55:225][459]LogModuleManager: Shutting down and abandoning module TreeMap (255)
[2019.01.27-01.55.55:225][459]LogModuleManager: Shutting down and abandoning module LightPropagationVolumeRuntime (252)
[2019.01.27-01.55.55:226][459]LogModuleManager: Shutting down and abandoning module AISupportModule (250)
[2019.01.27-01.55.55:226][459]LogModuleManager: Shutting down and abandoning module Paper2D (248)
[2019.01.27-01.55.55:226][459]LogModuleManager: Shutting down and abandoning module WindowsMoviePlayer (246)
[2019.01.27-01.55.55:226][459]LogModuleManager: Shutting down and abandoning module WmfMedia (244)
[2019.01.27-01.55.55:230][459]LogModuleManager: Shutting down and abandoning module Media (243)
[2019.01.27-01.55.55:238][459]LogModuleManager: Shutting down and abandoning module PacketHandler (240)
[2019.01.27-01.55.55:238][459]LogModuleManager: Shutting down and abandoning module ClothingSystemEditor (238)
[2019.01.27-01.55.55:238][459]LogModuleManager: Shutting down and abandoning module ClothingSystemRuntime (236)
[2019.01.27-01.55.55:238][459]LogModuleManager: Shutting down and abandoning module MediaAssets (234)
[2019.01.27-01.55.55:238][459]LogModuleManager: Shutting down and abandoning module Overlay (232)
[2019.01.27-01.55.55:238][459]LogModuleManager: Shutting down and abandoning module OverlayEditor (231)
[2019.01.27-01.55.55:238][459]LogModuleManager: Shutting down and abandoning module VREditor (228)
[2019.01.27-01.55.55:238][459]LogModuleManager: Shutting down and abandoning module StringTableEditor (226)
[2019.01.27-01.55.55:238][459]LogModuleManager: Shutting down and abandoning module GameplayTasksEditor (224)
[2019.01.27-01.55.55:238][459]LogModuleManager: Shutting down and abandoning module BehaviorTreeEditor (222)
[2019.01.27-01.55.55:239][459]LogModuleManager: Shutting down and abandoning module FunctionalTesting (220)
[2019.01.27-01.55.55:239][459]LogModuleManager: Shutting down and abandoning module CollisionAnalyzer (218)
[2019.01.27-01.55.55:239][459]LogModuleManager: Shutting down and abandoning module WorkspaceMenuStructure (217)
[2019.01.27-01.55.55:239][459]LogModuleManager: Shutting down and abandoning module UMG (214)
[2019.01.27-01.55.55:239][459]LogModuleManager: Shutting down and abandoning module UMGEditor (213)
[2019.01.27-01.55.55:239][459]LogModuleManager: Shutting down and abandoning module Sequencer (212)
[2019.01.27-01.55.55:239][459]LogModuleManager: Shutting down and abandoning module MessageLog (209)
[2019.01.27-01.55.55:239][459]LogModuleManager: Shutting down and abandoning module SlateReflector (204)
[2019.01.27-01.55.55:239][459]LogModuleManager: Shutting down and abandoning module Slate (202)
[2019.01.27-01.55.55:239][459]LogModuleManager: Shutting down and abandonin