Log file open, 01/25/19 18:28:14
LogWindows: Failed to load 'aqProf.dll' (GetLastError=126)
LogWindows: File 'aqProf.dll' does not exist
LogWindows: Failed to load 'VSPerf140.dll' (GetLastError=126)
LogWindows: File 'VSPerf140.dll' does not exist
LogWindows: Failed to load 'VtuneApi.dll' (GetLastError=126)
LogWindows: File 'VtuneApi.dll' does not exist
LogWindows: Failed to load 'VtuneApi32e.dll' (GetLastError=126)
LogWindows: File 'VtuneApi32e.dll' does not exist
LogInit: Display: Running engine for game: GGJ2019
LogPlatformFile: Not using cached read wrapper
LogTaskGraph: Started task graph with 5 named threads and 23 total threads with 3 sets of task threads.
LogStats: Stats thread started at 0.524525
LogD3D11RHI: Loaded GFSDK_Aftermath_Lib.x64.dll
LogICUInternationalization: Display: ICU TimeZone Detection - Raw Offset: +0:00, Platform Override: ''
LogPluginManager: Mounting plugin Paper2D
LogPluginManager: Mounting plugin AISupport
LogPluginManager: Mounting plugin LightPropagationVolume
LogPluginManager: Mounting plugin CLionSourceCodeAccess
LogPluginManager: Mounting plugin CodeLiteSourceCodeAccess
LogPluginManager: Mounting plugin GitSourceControl
LogPluginManager: Mounting plugin KDevelopSourceCodeAccess
LogPluginManager: Mounting plugin NullSourceCodeAccess
LogPluginManager: Mounting plugin PerforceSourceControl
LogPluginManager: Mounting plugin SubversionSourceControl
LogPluginManager: Mounting plugin UObjectPlugin
LogPluginManager: Mounting plugin VisualStudioCodeSourceCodeAccess
LogPluginManager: Mounting plugin VisualStudioSourceCodeAccess
LogPluginManager: Mounting plugin XCodeSourceCodeAccess
LogPluginManager: Mounting plugin AssetManagerEditor
LogPluginManager: Mounting plugin CryptoKeys
LogPluginManager: Mounting plugin DataValidation
LogPluginManager: Mounting plugin FacialAnimation
LogPluginManager: Mounting plugin GameplayTagsEditor
LogPluginManager: Mounting plugin MacGraphicsSwitching
LogPluginManager: Mounting plugin MeshEditor
LogPluginManager: Mounting plugin MobileLauncherProfileWizard
LogPluginManager: Mounting plugin PluginBrowser
LogPluginManager: Mounting plugin SpeedTreeImporter
LogPluginManager: Mounting plugin DatasmithContent
LogPluginManager: Mounting plugin AlembicImporter
LogPluginManager: Mounting plugin AppleImageUtils
LogPluginManager: Mounting plugin AppleVision
LogPluginManager: Mounting plugin BackChannel
LogPluginManager: Mounting plugin CharacterAI
LogPluginManager: Mounting plugin GeometryCache
LogPluginManager: Mounting plugin HTML5Networking
LogPluginManager: Mounting plugin ProxyLODPlugin
LogPluginManager: Mounting plugin MagicLeap
LogPluginManager: Mounting plugin MagicLeapEmulator
LogPluginManager: Mounting plugin MagicLeapMedia
LogPluginManager: Mounting plugin AndroidMedia
LogPluginManager: Mounting plugin AvfMedia
LogPluginManager: Mounting plugin ImgMedia
LogPluginManager: Mounting plugin LinearTimecode
LogPluginManager: Mounting plugin MediaCompositing
LogPluginManager: Mounting plugin MediaPlayerEditor
LogPluginManager: Mounting plugin WmfMedia
LogPluginManager: Mounting plugin TcpMessaging
LogPluginManager: Mounting plugin UdpMessaging
LogPluginManager: Mounting plugin ActorSequence
LogPluginManager: Mounting plugin LevelSequenceEditor
LogPluginManager: Mounting plugin MatineeToLevelSequence
LogPluginManager: Mounting plugin NetcodeUnitTest
LogPluginManager: Mounting plugin NUTUnrealEngine4
LogPluginManager: Mounting plugin OnlineSubsystemGooglePlay
LogPluginManager: Mounting plugin OnlineSubsystemIOS
LogPluginManager: Mounting plugin OnlineSubsystem
LogPluginManager: Mounting plugin OnlineSubsystemNull
LogPluginManager: Mounting plugin OnlineSubsystemUtils
LogPluginManager: Mounting plugin LauncherChunkInstaller
LogPluginManager: Mounting plugin AndroidDeviceProfileSelector
LogPluginManager: Mounting plugin AndroidMoviePlayer
LogPluginManager: Mounting plugin AndroidPermission
LogPluginManager: Mounting plugin AppleMoviePlayer
LogPluginManager: Mounting plugin ArchVisCharacter
LogPluginManager: Mounting plugin AudioCapture
LogPluginManager: Mounting plugin CableComponent
LogPluginManager: Mounting plugin CustomMeshComponent
LogPluginManager: Mounting plugin EditableMesh
LogPluginManager: Mounting plugin ExampleDeviceProfileSelector
LogPluginManager: Mounting plugin GoogleCloudMessaging
LogPluginManager: Mounting plugin ImmediatePhysics
LogPluginManager: Mounting plugin IOSDeviceProfileSelector
LogPluginManager: Mounting plugin LinuxDeviceProfileSelector
LogPluginManager: Mounting plugin LocationServicesBPLibrary
LogPluginManager: Mounting plugin MobilePatchingUtils
LogPluginManager: Mounting plugin OculusVR
LogPluginManager: Plugin shader directory ../../../Engine/Plugins/Runtime/Oculus/OculusVR/Shaders found
LogPluginManager: Mapping shader source directory ../../../Engine/Plugins/Runtime/Oculus/OculusVR/Shaders to virtual directory /Plugin/OculusVR
LogPluginManager: Mounting plugin PhysXVehicles
LogPluginManager: Mounting plugin ProceduralMeshComponent
LogPluginManager: Mounting plugin RuntimePhysXCooking
LogPluginManager: Mounting plugin SteamVR
LogPluginManager: Mounting plugin WindowsMoviePlayer
LogStreaming: Display: Took  0.453s to configure plugins.
LogInit: Using libcurl 7.55.1-DEV
LogInit:  - built for x86_64-pc-win32
LogInit:  - supports SSL with OpenSSL/1.0.2h
LogInit:  - supports HTTP deflate (compression) using libz 1.2.8
LogInit:  - other features:
LogInit:      CURL_VERSION_SSL
LogInit:      CURL_VERSION_LIBZ
LogInit:      CURL_VERSION_IPV6
LogInit:      CURL_VERSION_ASYNCHDNS
LogInit:      CURL_VERSION_LARGEFILE
LogInit:      CURL_VERSION_IDN
LogInit:  CurlRequestOptions (configurable via config and command line):
LogInit:  - bVerifyPeer = false  - Libcurl will NOT verify peer certificate
LogInit:  - bUseHttpProxy = false  - Libcurl will NOT use HTTP proxy
LogInit:  - bDontReuseConnections = false  - Libcurl will reuse connections
LogInit:  - CertBundlePath = nullptr  - Libcurl will use whatever was configured at build time.
LogInit:  - MaxHostConnections = 16  - Libcurl will limit the number of connections to a host
LogInit:  - LocalHostAddr = Default
LogInit:  - BufferSize = 65536
LogInit: WinSock: version 1.1 (2.2), MaxSocks=32767, MaxUdp=65467
LogInit: Build: ++UE4+Release-4.20-CL-4369336
LogInit: Engine Version: 4.20.3-4369336+++UE4+Release-4.20
LogInit: Compatible Engine Version: 4.20.0-4212847+++UE4+Release-4.20
LogInit: Net CL: 4212847
LogInit: OS: Windows 10 (), CPU: Intel(R) Xeon(R) CPU E5-1620 v3 @ 3.50GHz, GPU: NVIDIA GeForce GTX 970
LogInit: Compiled (64-bit): Sep 17 2018 12:26:19
LogInit: Compiled with Visual C++: 19.13.26129.00
LogInit: Build Configuration: Development
LogInit: Branch Name: ++UE4+Release-4.20
LogInit: Command Line:  -skipcompile
LogInit: Base Directory: C:/Epic/UE4/UE_4.20/Engine/Binaries/Win64/
LogInit: Installed Engine Build: 1
LogDevObjectVersion: Number of dev versions registered: 20
LogDevObjectVersion:   Dev-Blueprints (B0D832E4-1F89-4F0D-ACCF-7EB736FD4AA2): 10
LogDevObjectVersion:   Dev-Build (E1C64328-A22C-4D53-A36C-8E866417BD8C): 0
LogDevObjectVersion:   Dev-Core (375EC13C-06E4-48FB-B500-84F0262A717E): 2
LogDevObjectVersion:   Dev-Editor (E4B068ED-F494-42E9-A231-DA0B2E46BB41): 24
LogDevObjectVersion:   Dev-Framework (CFFC743F-43B0-4480-9391-14DF171D2073): 34
LogDevObjectVersion:   Dev-Mobile (B02B49B5-BB20-44E9-A304-32B752E40360): 2
LogDevObjectVersion:   Dev-Networking (A4E4105C-59A1-49B5-A7C5-40C4547EDFEE): 0
LogDevObjectVersion:   Dev-Online (39C831C9-5AE6-47DC-9A44-9C173E1C8E7C): 0
LogDevObjectVersion:   Dev-Physics (78F01B33-EBEA-4F98-B9B4-84EACCB95AA2): 0
LogDevObjectVersion:   Dev-Platform (6631380F-2D4D-43E0-8009-CF276956A95A): 0
LogDevObjectVersion:   Dev-Rendering (12F88B9F-8875-4AFC-A67C-D90C383ABD29): 26
LogDevObjectVersion:   Dev-Sequencer (7B5AE74C-D270-4C10-A958-57980B212A5A): 9
LogDevObjectVersion:   Dev-VR (D7296918-1DD6-4BDD-9DE2-64A83CC13884): 2
LogDevObjectVersion:   Dev-LoadTimes (C2A15278-BFE7-4AFE-6C17-90FF531DF755): 1
LogDevObjectVersion:   Private-Geometry (6EACA3D4-40EC-4CC1-B786-8BED09428FC5): 3
LogDevObjectVersion:   Dev-AnimPhys (29E575DD-E0A3-4627-9D10-D276232CDCEA): 17
LogDevObjectVersion:   Dev-ReflectionCapture (6B266CEC-1EC7-4B8F-A30B-E4D90942FC07): 1
LogDevObjectVersion:   Dev-Automation (0DF73D61-A23F-47EA-B727-89E90C41499A): 1
LogDevObjectVersion:   FortniteMain (601D1886-AC64-4F84-AA16-D3DE0DEAC7D6): 12
LogDevObjectVersion:   Dev-Enterprise (9DFFBCD6-494F-0158-E221-12823C92A888): 1
LogStreaming: Display: Took  0.004s to delete old logs.
LogInit: Presizing for max 8388607 objects, including 0 objects not considered by GC, pre-allocating 0 bytes for permanent pool.
LogInit: Object subsystem initialized
[2019.01.25-18.28.15:531][  0]LogInit: Selected Device Profile: [Windows]
[2019.01.25-18.28.15:531][  0]LogInit: Applying CVar settings loaded from the selected device profile: [Windows]
[2019.01.25-18.28.15:556][  0]LogHAL: Display: Platform has ~ 16 GB [17092038656 / 17179869184 / 16], which maps to Larger [LargestMinGB=32, LargerMinGB=12, DefaultMinGB=8, SmallerMinGB=6, SmallestMinGB=0)
[2019.01.25-18.28.15:556][  0]LogInit: Setting Device Profile CVar: [[r.Vulkan.UseRealUBs:1]]
[2019.01.25-18.28.15:556][  0]LogInit: Going up to parent DeviceProfile []
[2019.01.25-18.28.15:556][  0]LogInit: Computer: C115-12
[2019.01.25-18.28.15:557][  0]LogInit: User: h017026h
[2019.01.25-18.28.15:557][  0]LogInit: CPU Page size=4096, Cores=4
[2019.01.25-18.28.15:557][  0]LogInit: High frequency timer resolution =3.410071 MHz
[2019.01.25-18.28.15:557][  0]LogMemory: Memory total: Physical=15.9GB (16GB approx)
[2019.01.25-18.28.15:557][  0]LogMemory: Platform Memory Stats for Windows
[2019.01.25-18.28.15:557][  0]LogMemory: Process Physical Memory: 100.23 MB used, 100.23 MB peak
[2019.01.25-18.28.15:557][  0]LogMemory: Process Virtual Memory: 90.90 MB used, 90.90 MB peak
[2019.01.25-18.28.15:557][  0]LogMemory: Physical Memory: 7601.45 MB used,  8698.79 MB free, 16300.24 MB total
[2019.01.25-18.28.15:557][  0]LogMemory: Virtual Memory: 4640.35 MB used,  8698.79 MB free, 134217728.00 MB total
[2019.01.25-18.28.15:684][  0]LogInit: Using OS detected language (en-US).
[2019.01.25-18.28.15:684][  0]LogInit: Using OS detected locale (en-GB).
[2019.01.25-18.28.15:686][  0]LogTextLocalizationManager: No specific localization for 'en-US' exists, so the 'en' localization will be used.
[2019.01.25-18.28.16:103][  0]LogStreaming: Display: Took  0.419s to InitEngineTextLocalization.
[2019.01.25-18.28.16:103][  0]LogInit: Setting process to per monitor DPI aware
[2019.01.25-18.28.16:170][  0]LogSlate: New Slate User Created.  User Index 0, Is Virtual User: 0
[2019.01.25-18.28.16:170][  0]LogSlate: Slate User Registered.  User Index 0, Is Virtual User: 0
[2019.01.25-18.28.16:499][  0]LogHMD: Failed to initialize OpenVR with code 110
[2019.01.25-18.28.16:499][  0]LogD3D11RHI: D3D11 adapters:
[2019.01.25-18.28.16:591][  0]LogD3D11RHI:    0. 'NVIDIA GeForce GTX 970' (Feature Level 11_0)
[2019.01.25-18.28.16:591][  0]LogD3D11RHI:       4043/0/8150 MB DedicatedVideo/DedicatedSystem/SharedSystem, Outputs:2, VendorId:0x10de
[2019.01.25-18.28.16:598][  0]LogD3D11RHI:    1. 'Microsoft Basic Render Driver' (Feature Level 11_0)
[2019.01.25-18.28.16:598][  0]LogD3D11RHI:       0/0/8150 MB DedicatedVideo/DedicatedSystem/SharedSystem, Outputs:0, VendorId:0x1414
[2019.01.25-18.28.16:598][  0]LogD3D11RHI: Chosen D3D11 Adapter: 0
[2019.01.25-18.28.16:608][  0]LogD3D11RHI: Creating new Direct3DDevice
[2019.01.25-18.28.16:608][  0]LogD3D11RHI:     GPU DeviceId: 0x13c2 (for the marketing name, search the web for "GPU Device Id")
[2019.01.25-18.28.16:608][  0]LogWindows: EnumDisplayDevices:
[2019.01.25-18.28.16:608][  0]LogWindows:    0. 'NVIDIA GeForce GTX 970' (P:0 D:1)
[2019.01.25-18.28.16:609][  0]LogWindows:    1. 'NVIDIA GeForce GTX 970' (P:1 D:1)
[2019.01.25-18.28.16:609][  0]LogWindows:    2. 'NVIDIA GeForce GTX 970' (P:0 D:0)
[2019.01.25-18.28.16:609][  0]LogWindows:    3. 'NVIDIA GeForce GTX 970' (P:0 D:0)
[2019.01.25-18.28.16:610][  0]LogWindows: DebugString: FoundDriverCount:4 
[2019.01.25-18.28.16:610][  0]LogD3D11RHI:     Adapter Name: NVIDIA GeForce GTX 970
[2019.01.25-18.28.16:610][  0]LogD3D11RHI:   Driver Version: 398.82 (internal:24.21.13.9882, unified:398.82)
[2019.01.25-18.28.16:610][  0]LogD3D11RHI:      Driver Date: 7-30-2018
[2019.01.25-18.28.16:610][  0]LogRHI: Texture pool is 2830 MB (70% of 4043 MB)
[2019.01.25-18.28.16:663][  0]LogD3D11RHI: Async texture creation enabled
[2019.01.25-18.28.16:681][  0]LogD3D11RHI: GPU Timing Frequency: 1000.000000 (Debug: 2 2)
[2019.01.25-18.28.16:726][  0]LogShaderCompilers: Guid format shader working directory is -20 characters bigger than the processId version (../../../../../../Users/h017026h/Documents/Game Jame/GGJ2019/GGJ2019/Intermediate/Shaders/WorkingDirectory/16696/).
[2019.01.25-18.28.16:727][  0]LogShaderCompilers: Cleaned the shader compiler working directory 'C:/Users/h017026h/AppData/Local/Temp/UnrealShaderWorkingDir/547A88F846C645830292879669D4A5A6/'.
[2019.01.25-18.28.17:132][  0]LogTemp: Display: Loaded TP AllDesktopTargetPlatform
[2019.01.25-18.28.17:157][  0]LogTemp: Display: Loaded TP MacClientTargetPlatform
[2019.01.25-18.28.17:180][  0]LogTemp: Display: Loaded TP MacNoEditorTargetPlatform
[2019.01.25-18.28.17:204][  0]LogTemp: Display: Loaded TP MacServerTargetPlatform
[2019.01.25-18.28.17:226][  0]LogTemp: Display: Loaded TP MacTargetPlatform
[2019.01.25-18.28.17:247][  0]LogTemp: Display: Loaded TP WindowsClientTargetPlatform
[2019.01.25-18.28.17:267][  0]LogTemp: Display: Loaded TP WindowsNoEditorTargetPlatform
[2019.01.25-18.28.17:288][  0]LogTemp: Display: Loaded TP WindowsServerTargetPlatform
[2019.01.25-18.28.17:300][  0]LogTemp: Display: Loaded TP WindowsTargetPlatform
[2019.01.25-18.28.17:388][  0]LogTemp: Display: Loaded TP AndroidTargetPlatform
[2019.01.25-18.28.17:388][  0]LogTemp: Display: Loaded TP AndroidTargetPlatform
[2019.01.25-18.28.17:388][  0]LogTemp: Display: Loaded TP AndroidTargetPlatform
[2019.01.25-18.28.17:388][  0]LogTemp: Display: Loaded TP AndroidTargetPlatform
[2019.01.25-18.28.17:388][  0]LogTemp: Display: Loaded TP AndroidTargetPlatform
[2019.01.25-18.28.17:388][  0]LogTemp: Display: Loaded TP AndroidTargetPlatform
[2019.01.25-18.28.17:389][  0]LogTemp: Display: Loaded TP AndroidTargetPlatform
[2019.01.25-18.28.17:389][  0]LogTemp: Display: Loaded TP AndroidTargetPlatform
[2019.01.25-18.28.17:389][  0]LogTemp: Display: Loaded TP AndroidTargetPlatform
[2019.01.25-18.28.17:389][  0]LogTemp: Display: Loaded TP AndroidTargetPlatform
[2019.01.25-18.28.17:389][  0]LogTemp: Display: Loaded TP AndroidTargetPlatform
[2019.01.25-18.28.17:389][  0]LogTemp: Display: Loaded TP AndroidTargetPlatform
[2019.01.25-18.28.17:389][  0]LogTemp: Display: Loaded TP AndroidTargetPlatform
[2019.01.25-18.28.17:389][  0]LogTemp: Display: Loaded TP AndroidTargetPlatform
[2019.01.25-18.28.17:389][  0]LogTemp: Display: Loaded TP AndroidTargetPlatform
[2019.01.25-18.28.17:389][  0]LogTemp: Display: Loaded TP AndroidTargetPlatform
[2019.01.25-18.28.17:389][  0]LogTemp: Display: Loaded TP AndroidTargetPlatform
[2019.01.25-18.28.17:389][  0]LogTemp: Display: Loaded TP AndroidTargetPlatform
[2019.01.25-18.28.17:396][  0]LogTemp: Display: Loaded TP HTML5TargetPlatform
[2019.01.25-18.28.17:487][  0]LogTemp: Display: Loaded TP IOSTargetPlatform
[2019.01.25-18.28.17:488][  0]LogTemp: Display: Loaded TP IOSTargetPlatform
[2019.01.25-18.28.17:548][  0]LogTemp: Display: Loaded TP TVOSTargetPlatform
[2019.01.25-18.28.17:549][  0]LogTemp: Display: Loaded TP TVOSTargetPlatform
[2019.01.25-18.28.17:579][  0]LogTemp: Display: Loaded TP LinuxClientTargetPlatform
[2019.01.25-18.28.17:598][  0]LogTemp: Display: Loaded TP LinuxNoEditorTargetPlatform
[2019.01.25-18.28.17:620][  0]LogTemp: Display: Loaded TP LinuxServerTargetPlatform
[2019.01.25-18.28.17:646][  0]LogTemp: Display: Loaded TP LinuxTargetPlatform
[2019.01.25-18.28.17:660][  0]LogTemp: Display: Loaded TP LuminTargetPlatform
[2019.01.25-18.28.17:660][  0]LogTargetPlatformManager: Display: Building Assets For Windows
[2019.01.25-18.28.17:823][  0]LogXGEController: Cleaning working directory: C:/Users/h017026h/AppData/Local/Temp/UnrealXGEWorkingDir/
[2019.01.25-18.28.17:823][  0]LogXGEController: Cannot use XGE Controller as Incredibuild is not installed on this machine.
[2019.01.25-18.28.17:824][  0]LogShaderCompilers: Cannot use XGE Shader Compiler as Incredibuild is not installed on this machine.
[2019.01.25-18.28.17:824][  0]LogShaderCompilers: Display: Using Local Shader Compiler.
[2019.01.25-18.28.18:928][  0]LogDerivedDataCache: Display: Max Cache Size: 512 MB
[2019.01.25-18.28.19:027][  0]LogDerivedDataCache: Loaded boot cache 0.10s 71MB C:/Users/h017026h/AppData/Local/UnrealEngine/4.20/DerivedDataCache/Boot.ddc.
[2019.01.25-18.28.19:028][  0]LogDerivedDataCache: Display: Loaded Boot cache: C:/Users/h017026h/AppData/Local/UnrealEngine/4.20/DerivedDataCache/Boot.ddc
[2019.01.25-18.28.19:028][  0]LogDerivedDataCache: FDerivedDataBackendGraph:  Pak pak cache file ../../../../../../Users/h017026h/Documents/Game Jame/GGJ2019/GGJ2019/DerivedDataCache/DDC.ddp not found, will not use a pak cache.
[2019.01.25-18.28.19:028][  0]LogDerivedDataCache: Unable to find inner node Pak for hierarchical cache Hierarchy.
[2019.01.25-18.28.19:028][  0]LogDerivedDataCache: FDerivedDataBackendGraph:  CompressedPak pak cache file ../../../../../../Users/h017026h/Documents/Game Jame/GGJ2019/GGJ2019/DerivedDataCache/Compressed.ddp not found, will not use a pak cache.
[2019.01.25-18.28.19:029][  0]LogDerivedDataCache: Unable to find inner node CompressedPak for hierarchical cache Hierarchy.
[2019.01.25-18.28.19:042][  0]LogDerivedDataCache: Display: Pak cache opened for reading ../../../Engine/DerivedDataCache/Compressed.ddp.
[2019.01.25-18.28.19:056][  0]LogDerivedDataCache: Using Local data cache path C:/Users/h017026h/AppData/Local/UnrealEngine/Common/DerivedDataCache: Writable
[2019.01.25-18.28.19:056][  0]LogDerivedDataCache: Shared data cache path not found in *engine.ini, will not use an Shared cache.
[2019.01.25-18.28.19:056][  0]LogDerivedDataCache: Unable to find inner node Shared for hierarchical cache Hierarchy.
[2019.01.25-18.28.19:082][  0]LogMaterial: Verifying Global Shaders for PCD3D_SM5
[2019.01.25-18.28.19:083][  0]LogSlate: Using FreeType 2.6.0
[2019.01.25-18.28.19:084][  0]LogSlate: SlateFontServices - WITH_FREETYPE: 1, WITH_HARFBUZZ: 1
[2019.01.25-18.28.19:181][  0]LogAssetRegistry: FAssetRegistry took 0.0302 seconds to start up
[2019.01.25-18.28.19:626][  0]LogInit: Selected Device Profile: [Windows]
[2019.01.25-18.28.19:747][  0]LogSimplygon: Simplygon DLL not present - disabling.
[2019.01.25-18.28.19:758][  0]LogMeshReduction: Using SimplygonSwarm for distributed automatic mesh merging
[2019.01.25-18.28.19:758][  0]LogMeshReduction: Using ProxyLODMeshReduction for automatic mesh merging
[2019.01.25-18.28.19:758][  0]LogMeshReduction: Using QuadricMeshReduction for automatic static mesh reduction
[2019.01.25-18.28.19:758][  0]LogMeshReduction: No automatic skeletal mesh reduction module available
[2019.01.25-18.28.19:865][  0]LogNetVersion: GGJ2019 1.0.0, NetCL: 4212847, EngineNetVer: 5, GameNetVer: 0 (Checksum: 54619999)
[2019.01.25-18.28.20:911][  0]LogPackageLocalizationCache: Processed 11 localized package path(s) for 2 prioritized culture(s) in 0.504169 seconds
[2019.01.25-18.28.20:919][  0]LogUObjectArray: 38425 objects as part of root set at end of initial load.
[2019.01.25-18.28.20:919][  0]LogUObjectAllocator: 6690872 out of 0 bytes used by permanent object pool.
[2019.01.25-18.28.20:919][  0]LogUObjectArray: CloseDisregardForGC: 0/0 objects in disregard for GC pool
[2019.01.25-18.28.22:121][  0]LogTcpMessaging: Initializing TcpMessaging bridge
[2019.01.25-18.28.22:139][  0]LogUdpMessaging: Initializing bridge on interface 0.0.0.0:0 to multicast group 230.0.0.1:6666.
[2019.01.25-18.28.22:365][  0]SourceControl: Source control is disabled
[2019.01.25-18.28.22:365][  0]SourceControl: Source control is disabled
[2019.01.25-18.28.22:373][  0]SourceControl: Source control is disabled
[2019.01.25-18.28.22:377][  0]SourceControl: Source control is disabled
[2019.01.25-18.28.22:731][  0]LogAndroidPermission: UAndroidPermissionCallbackProxy::GetInstance
[2019.01.25-18.28.22:899][  0]LogOcInput: OculusInput pre-init called
[2019.01.25-18.28.22:997][  0]LogEngine: Initializing Engine...
[2019.01.25-18.28.22:998][  0]LogHMD: Failed to initialize OpenVR with code 110
[2019.01.25-18.28.22:999][  0]LogStats: UGameplayTagsManager::ConstructGameplayTagTree: ImportINI prefixes -  0.000 s
[2019.01.25-18.28.22:999][  0]LogStats: UGameplayTagsManager::ConstructGameplayTagTree: Construct from data asset -  0.000 s
[2019.01.25-18.28.23:000][  0]LogStats: UGameplayTagsManager::ConstructGameplayTagTree: ImportINI -  0.000 s
[2019.01.25-18.28.23:000][  0]LogStats: UGameplayTagsManager::ConstructGameplayTagTree: GameplayTagTreeChangedEvent.Broadcast -  0.000 s
[2019.01.25-18.28.23:245][  0]LogInit: Initializing FReadOnlyCVARCache
[2019.01.25-18.28.23:277][  0]LogAIModule: Creating AISystem for world Untitled
[2019.01.25-18.28.23:297][  0]LogInit: XAudio2 using 'Headset Earphone (Corsair VOID PRO USB Gaming Headset )' : 2 channels at 48 kHz using 16 bits per sample (channel mask 0x3)
[2019.01.25-18.28.23:318][  0]LogInit: FAudioDevice initialized.
[2019.01.25-18.28.23:318][  0]LogNetVersion: Set ProjectVersion to 1.0.0.0. Version Checksum will be recalculated on next use.
[2019.01.25-18.28.23:408][  0]LogDerivedDataCache: Saved boot cache 0.09s 71MB C:/Users/h017026h/AppData/Local/UnrealEngine/4.20/DerivedDataCache/Boot.ddc.
[2019.01.25-18.28.23:427][  0]LogInit: Texture streaming: Enabled
[2019.01.25-18.28.23:471][  0]LogEngineSessionManager: EngineSessionManager initialized
[2019.01.25-18.28.23:490][  0]LogInit: Transaction tracking system initialized
[2019.01.25-18.28.23:558][  0]BlueprintLog: New page: Editor Load
[2019.01.25-18.28.23:742][  0]LocalizationService: Localization service is disabled
[2019.01.25-18.28.24:100][  0]LogCook: Display: Max memory allowance for cook 16384mb min free memory 0mb
[2019.01.25-18.28.24:100][  0]LogCook: Display: Mobile HDR setting 1
[2019.01.25-18.28.24:100][  0]LogGameplayTags: Display: UGameplayTagsManager::DoneAddingNativeTags. DelegateIsBound: 0
[2019.01.25-18.28.24:101][  0]LogStats: UGameplayTagsManager::ConstructGameplayTagTree: ImportINI prefixes -  0.000 s
[2019.01.25-18.28.24:101][  0]LogStats: UGameplayTagsManager::ConstructGameplayTagTree: Construct from data asset -  0.000 s
[2019.01.25-18.28.24:101][  0]LogStats: UGameplayTagsManager::ConstructGameplayTagTree: ImportINI -  0.000 s
[2019.01.25-18.28.24:101][  0]LogStats: UGameplayTagsManager::ConstructGameplayTagTree: GameplayTagTreeChangedEvent.Broadcast -  0.000 s
[2019.01.25-18.28.24:332][  0]LogFileCache: Scanning file cache for directory 'C:/Users/h017026h/Documents/Game Jame/GGJ2019/GGJ2019/Content/' took 0.02s
[2019.01.25-18.28.24:332][  0]SourceControl: Source control is disabled
[2019.01.25-18.28.24:332][  0]Cmd: MAP LOAD FILE="../../../../../../Users/h017026h/Documents/Game Jame/GGJ2019/GGJ2019/Content/StarterContent/Maps/Minimal_Default.umap" TEMPLATE=0 SHOWPROGRESS=1 FEATURELEVEL=3
[2019.01.25-18.28.24:333][  0]LightingResults: New page: Lighting Build
[2019.01.25-18.28.24:339][  0]MapCheck: New page: Map Check
[2019.01.25-18.28.24:339][  0]LightingResults: New page: Lighting Build
[2019.01.25-18.28.24:469][  0]LogLinker: Warning: Can't find file '/Game/StarterContent/Maps/Minimal_Default_BuiltData'
[2019.01.25-18.28.24:469][  0]LogLinker: Warning: Can't find file for asset '/Game/StarterContent/Maps/Minimal_Default_BuiltData' while loading ../../../../../../Users/h017026h/Documents/Game Jame/GGJ2019/GGJ2019/Content/StarterContent/Maps/Minimal_Default.umap.
[2019.01.25-18.28.24:470][  0]LoadErrors: Error: /Game/StarterContent/Maps/Minimal_Default : Can't find file for asset. /Game/StarterContent/Maps/Minimal_Default_BuiltData
[2019.01.25-18.28.24:507][  0]LogLinker: Warning: Can't find file '/Game/StarterContent/Maps/Minimal_Default_BuiltData'
[2019.01.25-18.28.24:508][  0]LogLinker: Warning: Can't find file for asset '/Game/StarterContent/Maps/Minimal_Default_BuiltData' while loading ../../../../../../Users/h017026h/Documents/Game Jame/GGJ2019/GGJ2019/Content/StarterContent/Maps/Minimal_Default.umap.
[2019.01.25-18.28.24:508][  0]LoadErrors: Error: /Game/StarterContent/Maps/Minimal_Default : Can't find file for asset. /Game/StarterContent/Maps/Minimal_Default_BuiltData
[2019.01.25-18.28.24:531][  0]LogLinker: Warning: Can't find file '/Game/StarterContent/Maps/Minimal_Default_BuiltData'
[2019.01.25-18.28.24:531][  0]LogLinker: Warning: Can't find file for asset '/Game/StarterContent/Maps/Minimal_Default_BuiltData' while loading NULL.
[2019.01.25-18.28.24:532][  0]LogLinker: Warning: Can't find file '/Game/StarterContent/Maps/Minimal_Default_BuiltData'
[2019.01.25-18.28.24:533][  0]LogLinker: Warning: Can't find file for asset '/Game/StarterContent/Maps/Minimal_Default_BuiltData' while loading NULL.
[2019.01.25-18.28.24:551][  0]LogLinker: Warning: Can't find file '/Game/StarterContent/Maps/Minimal_Default_BuiltData'
[2019.01.25-18.28.24:551][  0]LoadErrors: Failed to load /Game/StarterContent/Maps/Minimal_Default_BuiltData.Minimal_Default_BuiltData Referenced by PersistentLevel
[2019.01.25-18.28.24:551][  0]LogLinker: Warning: Can't find file for asset '/Game/StarterContent/Maps/Minimal_Default_BuiltData' while loading NULL.
[2019.01.25-18.28.24:551][  0]LoadErrors: Failed to load /Game/StarterContent/Maps/Minimal_Default_BuiltData.Minimal_Default_BuiltData Referenced by PersistentLevel
[2019.01.25-18.28.24:722][  0]LogAIModule: Creating AISystem for world Minimal_Default
[2019.01.25-18.28.24:741][  0]LogEditorServer: Finished looking for orphan Actors (0.000 secs)
[2019.01.25-18.28.24:773][  0]Cmd: MAP CHECKDEP NOCLEARLOG
[2019.01.25-18.28.24:987][  0]MapCheck: Map check complete: 0 Error(s), 0 Warning(s), took 214.311ms to complete.
[2019.01.25-18.28.24:987][  0]LogFileHelpers: Loading map 'Minimal_Default' took 0.655
[2019.01.25-18.28.25:125][  0]LogSlate: Updating window title bar state: overlay mode, drag disabled, window buttons hidden, title bar hidden
[2019.01.25-18.28.25:133][  0]LogSlate: Updating window title bar state: overlay mode, drag disabled, window buttons hidden, title bar hidden
[2019.01.25-18.28.25:141][  0]LogSlate: Updating window title bar state: overlay mode, drag disabled, window buttons hidden, title bar hidden
[2019.01.25-18.28.25:149][  0]LogSlate: Updating window title bar state: overlay mode, drag disabled, window buttons hidden, title bar hidden
[2019.01.25-18.28.25:161][  0]LogCollectionManager: Loaded 0 collections in 0.003574 seconds
[2019.01.25-18.28.25:233][  0]LogFileCache: Scanning file cache for directory 'C:/Users/h017026h/Documents/Game Jame/GGJ2019/GGJ2019/Saved/Collections/' took 0.01s
[2019.01.25-18.28.25:233][  0]LogFileCache: Scanning file cache for directory 'C:/Users/h017026h/Documents/Game Jame/GGJ2019/GGJ2019/Content/Developers/h017026h/Collections/' took 0.01s
[2019.01.25-18.28.25:233][  0]LogFileCache: Scanning file cache for directory 'C:/Users/h017026h/Documents/Game Jame/GGJ2019/GGJ2019/Content/Collections/' took 0.01s
[2019.01.25-18.28.25:233][  0]LogCollectionManager: Rebuilt the GUID cache for 0 collections in 0.000001 seconds
[2019.01.25-18.28.25:260][  0]LogContentBrowser: Native class hierarchy populated in 0.0258 seconds. Added 2574 classes and 606 folders.
[2019.01.25-18.28.25:276][  0]LogContentBrowser: Native class hierarchy updated for 'WidgetCarousel' in 0.0009 seconds. Added 0 classes and 0 folders.
[2019.01.25-18.28.25:380][  0]LogContentBrowser: Native class hierarchy updated for 'AddContentDialog' in 0.0005 seconds. Added 0 classes and 0 folders.
[2019.01.25-18.28.25:393][  0]LogContentBrowser: Native class hierarchy updated for 'SceneOutliner' in 0.0009 seconds. Added 1 classes and 2 folders.
[2019.01.25-18.28.25:413][  0]LogSlate: Took 0.000293 seconds to synchronously load lazily loaded font '../../../Engine/Content/Slate/Fonts/Roboto-Regular.ttf' (155K)
[2019.01.25-18.28.25:416][  0]LogSlate: Took 0.000286 seconds to synchronously load lazily loaded font '../../../Engine/Content/Slate/Fonts/Roboto-Bold.ttf' (160K)
[2019.01.25-18.28.25:426][  0]LogSlate: Took 0.000465 seconds to synchronously load lazily loaded font '../../../Engine/Content/Editor/Slate/Fonts/FontAwesome.ttf' (139K)
[2019.01.25-18.28.25:515][  0]LogRenderer: Reallocating scene render targets to support 1208x576 Format 10 NumSamples 1 (Frame:1).
[2019.01.25-18.28.25:702][  0]LogSlate: FSceneViewport::OnFocusLost() reason 2
[2019.01.25-18.28.25:731][  0]LogSlate: Window 'Tutorials' being destroyed
[2019.01.25-18.28.25:774][  0]LogContentBrowser: Native class hierarchy updated for 'HierarchicalLODOutliner' in 0.0006 seconds. Added 0 classes and 0 folders.
[2019.01.25-18.28.25:774][  0]LogLoad: (Engine Initialization) Total time: 13.90 seconds
[2019.01.25-18.28.25:774][  0]LogLoad: (Engine Initialization) Total Blueprint compile time: 0.00 seconds
[2019.01.25-18.28.25:786][  0]LogWindowsTextInputMethodSystem: Display: IME system now deactivated.
[2019.01.25-18.28.25:810][  0]LogContentStreaming: Texture pool size now 1000 MB
[2019.01.25-18.28.25:824][  0]LogSlate: FSceneViewport::OnFocusLost() reason 2
[2019.01.25-18.28.25:862][  0]LogSlate: Took 0.000262 seconds to synchronously load lazily loaded font '../../../Engine/Content/Slate/Fonts/Roboto-Light.ttf' (167K)
[2019.01.25-18.28.25:935][  2]LogAssetRegistry: Asset discovery search completed in 6.7791 seconds
[2019.01.25-18.28.25:937][  2]LogCollectionManager: Rebuilt the object cache for 0 collections in 0.000001 seconds (found 0 objects)
[2019.01.25-18.28.25:937][  2]LogCollectionManager: Fixed up redirectors for 0 collections in 0.000137 seconds (updated 0 objects)
[2019.01.25-18.28.27:997][232]LogSlate: Window 'Message Log' being destroyed
[2019.01.25-18.28.28:000][232]LogSlate: Window 'Message Log' being destroyed
[2019.01.25-18.28.28:776][325]LogSlate: FSceneViewport::OnFocusLost() reason 0
[2019.01.25-18.28.32:849][806]LogSlate: Took 0.000259 seconds to synchronously load lazily loaded font '../../../Engine/Content/Slate/Fonts/Roboto-Light.ttf' (167K)
[2019.01.25-18.28.32:873][806]LogAIModule: Creating AISystem for world AngTestMap
[2019.01.25-18.28.32:878][806]LogAssetEditorManager: Opening Asset editor for World /Game/StarterContent/Maps/AngTestMap.AngTestMap
[2019.01.25-18.28.32:904][806]Cmd: MAP LOAD FILE="../../../../../../Users/h017026h/Documents/Game Jame/GGJ2019/GGJ2019/Content/StarterContent/Maps/AngTestMap.umap" TEMPLATE=0 SHOWPROGRESS=1 FEATURELEVEL=3
[2019.01.25-18.28.32:904][806]LightingResults: New page: Lighting Build
[2019.01.25-18.28.32:905][806]LoadErrors: New page: Loading map: AngTestMap.umap
[2019.01.25-18.28.32:906][806]MapCheck: New page: Map Check
[2019.01.25-18.28.32:907][806]LightingResults: New page: Lighting Build
[2019.01.25-18.28.32:932][806]LogEditorServer: Finished looking for orphan Actors (0.000 secs)
[2019.01.25-18.28.32:982][806]Cmd: MAP CHECKDEP NOCLEARLOG
[2019.01.25-18.28.33:199][806]MapCheck: Map check complete: 0 Error(s), 0 Warning(s), took 216.229ms to complete.
[2019.01.25-18.28.33:200][806]LogFileHelpers: Loading map 'AngTestMap' took 0.298
[2019.01.25-18.28.39:488][545]LogAssetEditorManager: Opening Asset editor for Blueprint /Game/Pickup_BP_Base.Pickup_BP_Base
[2019.01.25-18.28.40:026][545]LogContentBrowser: Native class hierarchy updated for 'BlueprintGraph' in 0.0013 seconds. Added 116 classes and 0 folders.
[2019.01.25-18.28.40:976][545]LogActor: Warning: Pickup_BP_Base_C /Engine/Transient.World_0:PersistentLevel.Pickup_BP_Base_C_0 has natively added scene component(s), but none of them were set as the actor's RootComponent - picking one arbitrarily
[2019.01.25-18.28.42:140][672]LogSlate: Window 'Pickup_BP_Base' being destroyed
[2019.01.25-18.28.42:259][672]LogAssetEditorManager: Opening Asset editor for Blueprint /Game/Pickup_BP_Base.Pickup_BP_Base
[2019.01.25-18.28.42:746][672]LogActor: Warning: Pickup_BP_Base_C /Engine/Transient.World_1:PersistentLevel.Pickup_BP_Base_C_0 has natively added scene component(s), but none of them were set as the actor's RootComponent - picking one arbitrarily
[2019.01.25-18.28.42:756][672]LogSlate: Took 0.000601 seconds to synchronously load lazily loaded font '../../../Engine/Content/Slate/Fonts/Roboto-BoldCondensed.ttf' (158K)
[2019.01.25-18.28.44:376][816]LogSlate: Window 'Pickup_BP_Base' being destroyed
[2019.01.25-18.28.45:675][961]LogRenderer: Reallocating scene render targets to support 1208x900 Format 10 NumSamples 1 (Frame:1).
[2019.01.25-18.28.47:293][151]LogSlate: Took 0.000323 seconds to synchronously load lazily loaded font '../../../Engine/Content/Slate/Fonts/Roboto-Italic.ttf' (157K)
[2019.01.25-18.30.27:473][610]BlueprintLog: New page: Compile Pickup_BP_Base
[2019.01.25-18.30.27:483][610]LogActor: Warning: Pickup_BP_Base_C /Engine/Transient.World_1:PersistentLevel.Pickup_BP_Base_C_0 has natively added scene component(s), but none of them were set as the actor's RootComponent - picking one arbitrarily
[2019.01.25-18.30.28:038][650]Cmd: OBJ SAVEPACKAGE PACKAGE="/Game/Pickup_BP_Base" FILE="../../../../../../Users/h017026h/Documents/Game Jame/GGJ2019/GGJ2019/Content/Pickup_BP_Base.uasset" SILENT=true
[2019.01.25-18.30.28:088][650]LogSavePackage: Moving '../../../../../../Users/h017026h/Documents/Game Jame/GGJ2019/GGJ2019/Saved/Pickup_BP_BaseE44EAC8C44A927015C34CCB804E40257.tmp' to '../../../../../../Users/h017026h/Documents/Game Jame/GGJ2019/GGJ2019/Content/Pickup_BP_Base.uasset'
[2019.01.25-18.30.48:133][969]BlueprintLog: New page: Compile Pickup_BP_Base
[2019.01.25-18.30.48:140][969]LogBlueprint: Warning: [Compiler Pickup_BP_Base] Pickup_Base.damageCollider is not blueprint visible (BlueprintReadOnly or BlueprintReadWrite). Please fix mark up or cease accessing as this will be made an error in a future release.  Get damageCollider
[2019.01.25-18.30.48:140][969]LogBlueprint: Warning: [Compiler Pickup_BP_Base] Pickup_Base.pickupCollider is not blueprint visible (BlueprintReadOnly or BlueprintReadWrite). Please fix mark up or cease accessing as this will be made an error in a future release.  Get pickupCollider
[2019.01.25-18.30.48:142][969]LogActor: Warning: Pickup_BP_Base_C /Engine/Transient.World_1:PersistentLevel.Pickup_BP_Base_C_0 has natively added scene component(s), but none of them were set as the actor's RootComponent - picking one arbitrarily
[2019.01.25-18.30.48:306][969]LogBlueprint: Warning: [Compiler Pickup_BP_Base] [0156.43] Compile of Pickup_BP_Base successful, but with 2 Warning(s) [in 171 ms] (/Game/Pickup_BP_Base.Pickup_BP_Base)
[2019.01.25-18.30.56:276][904]Cmd: OBJ SAVEPACKAGE PACKAGE="/Game/Pickup_BP_Base" FILE="../../../../../../Users/h017026h/Documents/Game Jame/GGJ2019/GGJ2019/Content/Pickup_BP_Base.uasset" SILENT=true
[2019.01.25-18.30.56:313][904]LogSavePackage: Moving '../../../../../../Users/h017026h/Documents/Game Jame/GGJ2019/GGJ2019/Saved/Pickup_BP_Base3FF299B54E846EA96B8E2D9899A1B6EE.tmp' to '../../../../../../Users/h017026h/Documents/Game Jame/GGJ2019/GGJ2019/Content/Pickup_BP_Base.uasset'
[2019.01.25-18.31.27:100][163]Cmd: OBJ SAVEPACKAGE PACKAGE="/Game/Pickup_BP_Base" FILE="../../../../../../Users/h017026h/Documents/Game Jame/GGJ2019/GGJ2019/Content/Pickup_BP_Base.uasset" SILENT=true
[2019.01.25-18.31.27:136][163]LogSavePackage: Moving '../../../../../../Users/h017026h/Documents/Game Jame/GGJ2019/GGJ2019/Saved/Pickup_BP_Base050A678B45EEC4143EBA8796F04FE339.tmp' to '../../../../../../Users/h017026h/Documents/Game Jame/GGJ2019/GGJ2019/Content/Pickup_BP_Base.uasset'
[2019.01.25-18.31.43:376][ 54]LogSlate: Window 'GGJ2019 - Unreal Editor' being destroyed
[2019.01.25-18.31.43:377][ 54]LogWindowsTextInputMethodSystem: Display: IME system now deactivated.
[2019.01.25-18.31.43:596][ 55]Cmd: QUIT_EDITOR
[2019.01.25-18.31.43:630][ 55]LogExit: Preparing to exit.
[2019.01.25-18.31.44:759][ 55]LogExit: Editor shut down
[2019.01.25-18.31.44:760][ 55]LogExit: Transaction tracking system shut down
