Log file open, 01/27/19 05:21:57
LogWindows: Failed to load 'aqProf.dll' (GetLastError=126)
LogWindows: File 'aqProf.dll' does not exist
LogWindows: Failed to load 'VSPerf140.dll' (GetLastError=126)
LogWindows: File 'VSPerf140.dll' does not exist
LogWindows: Failed to load 'VtuneApi.dll' (GetLastError=126)
LogWindows: File 'VtuneApi.dll' does not exist
LogWindows: Failed to load 'VtuneApi32e.dll' (GetLastError=126)
LogWindows: File 'VtuneApi32e.dll' does not exist
LogInit: Display: Running engine for game: GGJ2019
LogPlatformFile: Not using cached read wrapper
LogTaskGraph: Started task graph with 5 named threads and 23 total threads with 3 sets of task threads.
LogStats: Stats thread started at 0.458538
LogD3D11RHI: Loaded GFSDK_Aftermath_Lib.x64.dll
LogICUInternationalization: Display: ICU TimeZone Detection - Raw Offset: +0:00, Platform Override: ''
LogPluginManager: Mounting plugin Paper2D
LogPluginManager: Mounting plugin AISupport
LogPluginManager: Mounting plugin LightPropagationVolume
LogPluginManager: Mounting plugin CLionSourceCodeAccess
LogPluginManager: Mounting plugin CodeLiteSourceCodeAccess
LogPluginManager: Mounting plugin GitSourceControl
LogPluginManager: Mounting plugin KDevelopSourceCodeAccess
LogPluginManager: Mounting plugin NullSourceCodeAccess
LogPluginManager: Mounting plugin PerforceSourceControl
LogPluginManager: Mounting plugin SubversionSourceControl
LogPluginManager: Mounting plugin UObjectPlugin
LogPluginManager: Mounting plugin VisualStudioCodeSourceCodeAccess
LogPluginManager: Mounting plugin VisualStudioSourceCodeAccess
LogPluginManager: Mounting plugin XCodeSourceCodeAccess
LogPluginManager: Mounting plugin AssetManagerEditor
LogPluginManager: Mounting plugin CryptoKeys
LogPluginManager: Mounting plugin DataValidation
LogPluginManager: Mounting plugin FacialAnimation
LogPluginManager: Mounting plugin GameplayTagsEditor
LogPluginManager: Mounting plugin MacGraphicsSwitching
LogPluginManager: Mounting plugin MeshEditor
LogPluginManager: Mounting plugin MobileLauncherProfileWizard
LogPluginManager: Mounting plugin PluginBrowser
LogPluginManager: Mounting plugin SpeedTreeImporter
LogPluginManager: Mounting plugin DatasmithContent
LogPluginManager: Mounting plugin AlembicImporter
LogPluginManager: Mounting plugin AppleImageUtils
LogPluginManager: Mounting plugin AppleVision
LogPluginManager: Mounting plugin BackChannel
LogPluginManager: Mounting plugin CharacterAI
LogPluginManager: Mounting plugin GeometryCache
LogPluginManager: Mounting plugin HTML5Networking
LogPluginManager: Mounting plugin ProxyLODPlugin
LogPluginManager: Mounting plugin MagicLeap
LogPluginManager: Mounting plugin MagicLeapEmulator
LogPluginManager: Mounting plugin MagicLeapMedia
LogPluginManager: Mounting plugin AndroidMedia
LogPluginManager: Mounting plugin AvfMedia
LogPluginManager: Mounting plugin ImgMedia
LogPluginManager: Mounting plugin LinearTimecode
LogPluginManager: Mounting plugin MediaCompositing
LogPluginManager: Mounting plugin MediaPlayerEditor
LogPluginManager: Mounting plugin WmfMedia
LogPluginManager: Mounting plugin TcpMessaging
LogPluginManager: Mounting plugin UdpMessaging
LogPluginManager: Mounting plugin ActorSequence
LogPluginManager: Mounting plugin LevelSequenceEditor
LogPluginManager: Mounting plugin MatineeToLevelSequence
LogPluginManager: Mounting plugin NetcodeUnitTest
LogPluginManager: Mounting plugin NUTUnrealEngine4
LogPluginManager: Mounting plugin OnlineSubsystemGooglePlay
LogPluginManager: Mounting plugin OnlineSubsystemIOS
LogPluginManager: Mounting plugin OnlineSubsystem
LogPluginManager: Mounting plugin OnlineSubsystemNull
LogPluginManager: Mounting plugin OnlineSubsystemUtils
LogPluginManager: Mounting plugin LauncherChunkInstaller
LogPluginManager: Mounting plugin AndroidDeviceProfileSelector
LogPluginManager: Mounting plugin AndroidMoviePlayer
LogPluginManager: Mounting plugin AndroidPermission
LogPluginManager: Mounting plugin AppleMoviePlayer
LogPluginManager: Mounting plugin ArchVisCharacter
LogPluginManager: Mounting plugin AudioCapture
LogPluginManager: Mounting plugin CableComponent
LogPluginManager: Mounting plugin CustomMeshComponent
LogPluginManager: Mounting plugin EditableMesh
LogPluginManager: Mounting plugin ExampleDeviceProfileSelector
LogPluginManager: Mounting plugin GoogleCloudMessaging
LogPluginManager: Mounting plugin ImmediatePhysics
LogPluginManager: Mounting plugin IOSDeviceProfileSelector
LogPluginManager: Mounting plugin LinuxDeviceProfileSelector
LogPluginManager: Mounting plugin LocationServicesBPLibrary
LogPluginManager: Mounting plugin MobilePatchingUtils
LogPluginManager: Mounting plugin OculusVR
LogPluginManager: Plugin shader directory ../../../Engine/Plugins/Runtime/Oculus/OculusVR/Shaders found
LogPluginManager: Mapping shader source directory ../../../Engine/Plugins/Runtime/Oculus/OculusVR/Shaders to virtual directory /Plugin/OculusVR
LogPluginManager: Mounting plugin PhysXVehicles
LogPluginManager: Mounting plugin ProceduralMeshComponent
LogPluginManager: Mounting plugin RuntimePhysXCooking
LogPluginManager: Mounting plugin SteamVR
LogPluginManager: Mounting plugin WindowsMoviePlayer
LogStreaming: Display: Took  0.332s to configure plugins.
LogInit: Using libcurl 7.55.1-DEV
LogInit:  - built for x86_64-pc-win32
LogInit:  - supports SSL with OpenSSL/1.0.2h
LogInit:  - supports HTTP deflate (compression) using libz 1.2.8
LogInit:  - other features:
LogInit:      CURL_VERSION_SSL
LogInit:      CURL_VERSION_LIBZ
LogInit:      CURL_VERSION_IPV6
LogInit:      CURL_VERSION_ASYNCHDNS
LogInit:      CURL_VERSION_LARGEFILE
LogInit:      CURL_VERSION_IDN
LogInit:  CurlRequestOptions (configurable via config and command line):
LogInit:  - bVerifyPeer = false  - Libcurl will NOT verify peer certificate
LogInit:  - bUseHttpProxy = false  - Libcurl will NOT use HTTP proxy
LogInit:  - bDontReuseConnections = false  - Libcurl will reuse connections
LogInit:  - CertBundlePath = nullptr  - Libcurl will use whatever was configured at build time.
LogInit:  - MaxHostConnections = 16  - Libcurl will limit the number of connections to a host
LogInit:  - LocalHostAddr = Default
LogInit:  - BufferSize = 65536
LogInit: WinSock: version 1.1 (2.2), MaxSocks=32767, MaxUdp=65467
LogInit: Build: ++UE4+Release-4.20-CL-4369336
LogInit: Engine Version: 4.20.3-4369336+++UE4+Release-4.20
LogInit: Compatible Engine Version: 4.20.0-4212847+++UE4+Release-4.20
LogInit: Net CL: 4212847
LogInit: OS: Windows 10 (), CPU: Intel(R) Xeon(R) CPU E5-1620 v3 @ 3.50GHz, GPU: NVIDIA GeForce GTX 970
LogInit: Compiled (64-bit): Sep 17 2018 12:26:19
LogInit: Compiled with Visual C++: 19.13.26129.00
LogInit: Build Configuration: Development
LogInit: Branch Name: ++UE4+Release-4.20
LogInit: Command Line:  -skipcompile
LogInit: Base Directory: C:/Epic/UE4/UE_4.20/Engine/Binaries/Win64/
LogInit: Installed Engine Build: 1
LogDevObjectVersion: Number of dev versions registered: 20
LogDevObjectVersion:   Dev-Blueprints (B0D832E4-1F89-4F0D-ACCF-7EB736FD4AA2): 10
LogDevObjectVersion:   Dev-Build (E1C64328-A22C-4D53-A36C-8E866417BD8C): 0
LogDevObjectVersion:   Dev-Core (375EC13C-06E4-48FB-B500-84F0262A717E): 2
LogDevObjectVersion:   Dev-Editor (E4B068ED-F494-42E9-A231-DA0B2E46BB41): 24
LogDevObjectVersion:   Dev-Framework (CFFC743F-43B0-4480-9391-14DF171D2073): 34
LogDevObjectVersion:   Dev-Mobile (B02B49B5-BB20-44E9-A304-32B752E40360): 2
LogDevObjectVersion:   Dev-Networking (A4E4105C-59A1-49B5-A7C5-40C4547EDFEE): 0
LogDevObjectVersion:   Dev-Online (39C831C9-5AE6-47DC-9A44-9C173E1C8E7C): 0
LogDevObjectVersion:   Dev-Physics (78F01B33-EBEA-4F98-B9B4-84EACCB95AA2): 0
LogDevObjectVersion:   Dev-Platform (6631380F-2D4D-43E0-8009-CF276956A95A): 0
LogDevObjectVersion:   Dev-Rendering (12F88B9F-8875-4AFC-A67C-D90C383ABD29): 26
LogDevObjectVersion:   Dev-Sequencer (7B5AE74C-D270-4C10-A958-57980B212A5A): 9
LogDevObjectVersion:   Dev-VR (D7296918-1DD6-4BDD-9DE2-64A83CC13884): 2
LogDevObjectVersion:   Dev-LoadTimes (C2A15278-BFE7-4AFE-6C17-90FF531DF755): 1
LogDevObjectVersion:   Private-Geometry (6EACA3D4-40EC-4CC1-B786-8BED09428FC5): 3
LogDevObjectVersion:   Dev-AnimPhys (29E575DD-E0A3-4627-9D10-D276232CDCEA): 17
LogDevObjectVersion:   Dev-ReflectionCapture (6B266CEC-1EC7-4B8F-A30B-E4D90942FC07): 1
LogDevObjectVersion:   Dev-Automation (0DF73D61-A23F-47EA-B727-89E90C41499A): 1
LogDevObjectVersion:   FortniteMain (601D1886-AC64-4F84-AA16-D3DE0DEAC7D6): 12
LogDevObjectVersion:   Dev-Enterprise (9DFFBCD6-494F-0158-E221-12823C92A888): 1
LogStreaming: Display: Took  0.013s to delete old logs.
LogInit: Presizing for max 8388607 objects, including 0 objects not considered by GC, pre-allocating 0 bytes for permanent pool.
LogInit: Object subsystem initialized
[2019.01.27-05.21.57:740][  0]LogInit: Selected Device Profile: [Windows]
[2019.01.27-05.21.57:741][  0]LogInit: Applying CVar settings loaded from the selected device profile: [Windows]
[2019.01.27-05.21.57:766][  0]LogHAL: Display: Platform has ~ 16 GB [17092038656 / 17179869184 / 16], which maps to Larger [LargestMinGB=32, LargerMinGB=12, DefaultMinGB=8, SmallerMinGB=6, SmallestMinGB=0)
[2019.01.27-05.21.57:766][  0]LogInit: Setting Device Profile CVar: [[r.Vulkan.UseRealUBs:1]]
[2019.01.27-05.21.57:767][  0]LogInit: Going up to parent DeviceProfile []
[2019.01.27-05.21.57:767][  0]LogInit: Computer: C115-11
[2019.01.27-05.21.57:767][  0]LogInit: User: w017177h
[2019.01.27-05.21.57:767][  0]LogInit: CPU Page size=4096, Cores=4
[2019.01.27-05.21.57:767][  0]LogInit: High frequency timer resolution =3.410072 MHz
[2019.01.27-05.21.57:768][  0]LogMemory: Memory total: Physical=15.9GB (16GB approx)
[2019.01.27-05.21.57:768][  0]LogMemory: Platform Memory Stats for Windows
[2019.01.27-05.21.57:768][  0]LogMemory: Process Physical Memory: 101.71 MB used, 101.71 MB peak
[2019.01.27-05.21.57:768][  0]LogMemory: Process Virtual Memory: 93.61 MB used, 93.61 MB peak
[2019.01.27-05.21.57:768][  0]LogMemory: Physical Memory: 7510.01 MB used,  8790.23 MB free, 16300.24 MB total
[2019.01.27-05.21.57:768][  0]LogMemory: Virtual Memory: 4642.79 MB used,  8790.23 MB free, 134217728.00 MB total
[2019.01.27-05.21.57:951][  0]LogInit: Using OS detected language (en-US).
[2019.01.27-05.21.57:951][  0]LogInit: Using OS detected locale (en-GB).
[2019.01.27-05.21.57:954][  0]LogTextLocalizationManager: No specific localization for 'en-US' exists, so the 'en' localization will be used.
[2019.01.27-05.21.58:438][  0]LogStreaming: Display: Took  0.487s to InitEngineTextLocalization.
[2019.01.27-05.21.58:438][  0]LogInit: Setting process to per monitor DPI aware
[2019.01.27-05.21.58:537][  0]LogSlate: New Slate User Created.  User Index 0, Is Virtual User: 0
[2019.01.27-05.21.58:537][  0]LogSlate: Slate User Registered.  User Index 0, Is Virtual User: 0
[2019.01.27-05.22.01:402][  0]LogHMD: Failed to initialize OpenVR with code 110
[2019.01.27-05.22.01:402][  0]LogD3D11RHI: D3D11 adapters:
[2019.01.27-05.22.01:524][  0]LogD3D11RHI:    0. 'NVIDIA GeForce GTX 970' (Feature Level 11_0)
[2019.01.27-05.22.01:524][  0]LogD3D11RHI:       4043/0/8150 MB DedicatedVideo/DedicatedSystem/SharedSystem, Outputs:2, VendorId:0x10de
[2019.01.27-05.22.01:532][  0]LogD3D11RHI:    1. 'Microsoft Basic Render Driver' (Feature Level 11_0)
[2019.01.27-05.22.01:532][  0]LogD3D11RHI:       0/0/8150 MB DedicatedVideo/DedicatedSystem/SharedSystem, Outputs:0, VendorId:0x1414
[2019.01.27-05.22.01:532][  0]LogD3D11RHI: Chosen D3D11 Adapter: 0
[2019.01.27-05.22.01:544][  0]LogD3D11RHI: Creating new Direct3DDevice
[2019.01.27-05.22.01:544][  0]LogD3D11RHI:     GPU DeviceId: 0x13c2 (for the marketing name, search the web for "GPU Device Id")
[2019.01.27-05.22.01:544][  0]LogWindows: EnumDisplayDevices:
[2019.01.27-05.22.01:545][  0]LogWindows:    0. 'NVIDIA GeForce GTX 970' (P:1 D:1)
[2019.01.27-05.22.01:545][  0]LogWindows:    1. 'NVIDIA GeForce GTX 970' (P:0 D:1)
[2019.01.27-05.22.01:545][  0]LogWindows:    2. 'NVIDIA GeForce GTX 970' (P:0 D:0)
[2019.01.27-05.22.01:546][  0]LogWindows:    3. 'NVIDIA GeForce GTX 970' (P:0 D:0)
[2019.01.27-05.22.01:546][  0]LogWindows: DebugString: FoundDriverCount:4 
[2019.01.27-05.22.01:546][  0]LogD3D11RHI:     Adapter Name: NVIDIA GeForce GTX 970
[2019.01.27-05.22.01:546][  0]LogD3D11RHI:   Driver Version: 398.82 (internal:24.21.13.9882, unified:398.82)
[2019.01.27-05.22.01:546][  0]LogD3D11RHI:      Driver Date: 7-30-2018
[2019.01.27-05.22.01:546][  0]LogRHI: Texture pool is 2830 MB (70% of 4043 MB)
[2019.01.27-05.22.01:603][  0]LogD3D11RHI: Async texture creation enabled
[2019.01.27-05.22.01:622][  0]LogD3D11RHI: GPU Timing Frequency: 1000.000000 (Debug: 2 2)
[2019.01.27-05.22.01:667][  0]LogShaderCompilers: Guid format shader working directory is -16 characters bigger than the processId version (../../../../../../Users/w017177h.STUDENT/Documents/Github/GGJ2019/GGJ2019/Intermediate/Shaders/WorkingDirectory/1704/).
[2019.01.27-05.22.01:667][  0]LogShaderCompilers: Cleaned the shader compiler working directory 'C:/Users/w017177h.STUDENT/AppData/Local/Temp/UnrealShaderWorkingDir/29C8DA8F477BFE3B5AD9D9A7E6F90BC7/'.
[2019.01.27-05.22.02:027][  0]LogTemp: Display: Loaded TP AllDesktopTargetPlatform
[2019.01.27-05.22.02:046][  0]LogTemp: Display: Loaded TP MacClientTargetPlatform
[2019.01.27-05.22.02:074][  0]LogTemp: Display: Loaded TP MacNoEditorTargetPlatform
[2019.01.27-05.22.02:093][  0]LogTemp: Display: Loaded TP MacServerTargetPlatform
[2019.01.27-05.22.02:119][  0]LogTemp: Display: Loaded TP MacTargetPlatform
[2019.01.27-05.22.02:139][  0]LogTemp: Display: Loaded TP WindowsClientTargetPlatform
[2019.01.27-05.22.02:159][  0]LogTemp: Display: Loaded TP WindowsNoEditorTargetPlatform
[2019.01.27-05.22.02:185][  0]LogTemp: Display: Loaded TP WindowsServerTargetPlatform
[2019.01.27-05.22.02:196][  0]LogTemp: Display: Loaded TP WindowsTargetPlatform
[2019.01.27-05.22.02:302][  0]LogTemp: Display: Loaded TP AndroidTargetPlatform
[2019.01.27-05.22.02:302][  0]LogTemp: Display: Loaded TP AndroidTargetPlatform
[2019.01.27-05.22.02:302][  0]LogTemp: Display: Loaded TP AndroidTargetPlatform
[2019.01.27-05.22.02:302][  0]LogTemp: Display: Loaded TP AndroidTargetPlatform
[2019.01.27-05.22.02:303][  0]LogTemp: Display: Loaded TP AndroidTargetPlatform
[2019.01.27-05.22.02:303][  0]LogTemp: Display: Loaded TP AndroidTargetPlatform
[2019.01.27-05.22.02:303][  0]LogTemp: Display: Loaded TP AndroidTargetPlatform
[2019.01.27-05.22.02:303][  0]LogTemp: Display: Loaded TP AndroidTargetPlatform
[2019.01.27-05.22.02:303][  0]LogTemp: Display: Loaded TP AndroidTargetPlatform
[2019.01.27-05.22.02:303][  0]LogTemp: Display: Loaded TP AndroidTargetPlatform
[2019.01.27-05.22.02:303][  0]LogTemp: Display: Loaded TP AndroidTargetPlatform
[2019.01.27-05.22.02:303][  0]LogTemp: Display: Loaded TP AndroidTargetPlatform
[2019.01.27-05.22.02:303][  0]LogTemp: Display: Loaded TP AndroidTargetPlatform
[2019.01.27-05.22.02:303][  0]LogTemp: Display: Loaded TP AndroidTargetPlatform
[2019.01.27-05.22.02:303][  0]LogTemp: Display: Loaded TP AndroidTargetPlatform
[2019.01.27-05.22.02:303][  0]LogTemp: Display: Loaded TP AndroidTargetPlatform
[2019.01.27-05.22.02:303][  0]LogTemp: Display: Loaded TP AndroidTargetPlatform
[2019.01.27-05.22.02:303][  0]LogTemp: Display: Loaded TP AndroidTargetPlatform
[2019.01.27-05.22.02:309][  0]LogTemp: Display: Loaded TP HTML5TargetPlatform
[2019.01.27-05.22.02:401][  0]LogTemp: Display: Loaded TP IOSTargetPlatform
[2019.01.27-05.22.02:401][  0]LogTemp: Display: Loaded TP IOSTargetPlatform
[2019.01.27-05.22.02:430][  0]LogTemp: Display: Loaded TP TVOSTargetPlatform
[2019.01.27-05.22.02:430][  0]LogTemp: Display: Loaded TP TVOSTargetPlatform
[2019.01.27-05.22.02:456][  0]LogTemp: Display: Loaded TP LinuxClientTargetPlatform
[2019.01.27-05.22.02:473][  0]LogTemp: Display: Loaded TP LinuxNoEditorTargetPlatform
[2019.01.27-05.22.02:490][  0]LogTemp: Display: Loaded TP LinuxServerTargetPlatform
[2019.01.27-05.22.02:517][  0]LogTemp: Display: Loaded TP LinuxTargetPlatform
[2019.01.27-05.22.02:533][  0]LogTemp: Display: Loaded TP LuminTargetPlatform
[2019.01.27-05.22.02:534][  0]LogTargetPlatformManager: Display: Building Assets For Windows
[2019.01.27-05.22.02:717][  0]LogXGEController: Cleaning working directory: C:/Users/w017177h.STUDENT/AppData/Local/Temp/UnrealXGEWorkingDir/
[2019.01.27-05.22.02:718][  0]LogXGEController: Cannot use XGE Controller as Incredibuild is not installed on this machine.
[2019.01.27-05.22.02:718][  0]LogShaderCompilers: Cannot use XGE Shader Compiler as Incredibuild is not installed on this machine.
[2019.01.27-05.22.02:718][  0]LogShaderCompilers: Display: Using Local Shader Compiler.
[2019.01.27-05.22.05:199][  0]LogDerivedDataCache: Display: Max Cache Size: 512 MB
[2019.01.27-05.22.05:486][  0]LogDerivedDataCache: Loaded boot cache 0.29s 71MB C:/Users/w017177h.STUDENT/AppData/Local/UnrealEngine/4.20/DerivedDataCache/Boot.ddc.
[2019.01.27-05.22.05:487][  0]LogDerivedDataCache: Display: Loaded Boot cache: C:/Users/w017177h.STUDENT/AppData/Local/UnrealEngine/4.20/DerivedDataCache/Boot.ddc
[2019.01.27-05.22.05:488][  0]LogDerivedDataCache: FDerivedDataBackendGraph:  Pak pak cache file ../../../../../../Users/w017177h.STUDENT/Documents/Github/GGJ2019/GGJ2019/DerivedDataCache/DDC.ddp not found, will not use a pak cache.
[2019.01.27-05.22.05:488][  0]LogDerivedDataCache: Unable to find inner node Pak for hierarchical cache Hierarchy.
[2019.01.27-05.22.05:488][  0]LogDerivedDataCache: FDerivedDataBackendGraph:  CompressedPak pak cache file ../../../../../../Users/w017177h.STUDENT/Documents/Github/GGJ2019/GGJ2019/DerivedDataCache/Compressed.ddp not found, will not use a pak cache.
[2019.01.27-05.22.05:488][  0]LogDerivedDataCache: Unable to find inner node CompressedPak for hierarchical cache Hierarchy.
[2019.01.27-05.22.05:501][  0]LogDerivedDataCache: Display: Pak cache opened for reading ../../../Engine/DerivedDataCache/Compressed.ddp.
[2019.01.27-05.22.05:515][  0]LogDerivedDataCache: Using Local data cache path C:/Users/w017177h.STUDENT/AppData/Local/UnrealEngine/Common/DerivedDataCache: Writable
[2019.01.27-05.22.05:515][  0]LogDerivedDataCache: Shared data cache path not found in *engine.ini, will not use an Shared cache.
[2019.01.27-05.22.05:515][  0]LogDerivedDataCache: Unable to find inner node Shared for hierarchical cache Hierarchy.
[2019.01.27-05.22.05:535][  0]LogMaterial: Verifying Global Shaders for PCD3D_SM5
[2019.01.27-05.22.05:537][  0]LogSlate: Using FreeType 2.6.0
[2019.01.27-05.22.05:558][  0]LogSlate: SlateFontServices - WITH_FREETYPE: 1, WITH_HARFBUZZ: 1
[2019.01.27-05.22.05:839][  0]LogAssetRegistry: FAssetRegistry took 0.0295 seconds to start up
[2019.01.27-05.22.06:312][  0]LogInit: Selected Device Profile: [Windows]
[2019.01.27-05.22.06:526][  0]LogSimplygon: Simplygon DLL not present - disabling.
[2019.01.27-05.22.06:538][  0]LogMeshReduction: Using SimplygonSwarm for distributed automatic mesh merging
[2019.01.27-05.22.06:538][  0]LogMeshReduction: Using ProxyLODMeshReduction for automatic mesh merging
[2019.01.27-05.22.06:538][  0]LogMeshReduction: Using QuadricMeshReduction for automatic static mesh reduction
[2019.01.27-05.22.06:538][  0]LogMeshReduction: No automatic skeletal mesh reduction module available
[2019.01.27-05.22.06:560][  0]LogNetVersion: GGJ2019 1.0.0, NetCL: 4212847, EngineNetVer: 5, GameNetVer: 0 (Checksum: 54619999)
[2019.01.27-05.22.07:421][  0]LogPackageLocalizationCache: Processed 11 localized package path(s) for 2 prioritized culture(s) in 0.303502 seconds
[2019.01.27-05.22.07:428][  0]LogUObjectArray: 38425 objects as part of root set at end of initial load.
[2019.01.27-05.22.07:428][  0]LogUObjectAllocator: 6690864 out of 0 bytes used by permanent object pool.
[2019.01.27-05.22.07:428][  0]LogUObjectArray: CloseDisregardForGC: 0/0 objects in disregard for GC pool
[2019.01.27-05.22.10:726][  0]LogTcpMessaging: Initializing TcpMessaging bridge
[2019.01.27-05.22.10:745][  0]LogUdpMessaging: Initializing bridge on interface 0.0.0.0:0 to multicast group 230.0.0.1:6666.
[2019.01.27-05.22.11:018][  0]SourceControl: Source control is disabled
[2019.01.27-05.22.11:018][  0]SourceControl: Source control is disabled
[2019.01.27-05.22.11:024][  0]SourceControl: Source control is disabled
[2019.01.27-05.22.11:028][  0]SourceControl: Source control is disabled
[2019.01.27-05.22.11:365][  0]LogAndroidPermission: UAndroidPermissionCallbackProxy::GetInstance
[2019.01.27-05.22.11:504][  0]LogOcInput: OculusInput pre-init called
[2019.01.27-05.22.11:597][  0]LogEngine: Initializing Engine...
[2019.01.27-05.22.11:598][  0]LogHMD: Failed to initialize OpenVR with code 110
[2019.01.27-05.22.11:600][  0]LogStats: UGameplayTagsManager::ConstructGameplayTagTree: ImportINI prefixes -  0.000 s
[2019.01.27-05.22.11:600][  0]LogStats: UGameplayTagsManager::ConstructGameplayTagTree: Construct from data asset -  0.000 s
[2019.01.27-05.22.11:600][  0]LogStats: UGameplayTagsManager::ConstructGameplayTagTree: ImportINI -  0.000 s
[2019.01.27-05.22.11:601][  0]LogStats: UGameplayTagsManager::ConstructGameplayTagTree: GameplayTagTreeChangedEvent.Broadcast -  0.000 s
[2019.01.27-05.22.11:858][  0]LogInit: Initializing FReadOnlyCVARCache
[2019.01.27-05.22.11:900][  0]LogAIModule: Creating AISystem for world Untitled
[2019.01.27-05.22.11:921][  0]LogInit: XAudio2 using 'Headset Earphone (2- Razer ManO'War)' : 2 channels at 48 kHz using 16 bits per sample (channel mask 0x3)
[2019.01.27-05.22.11:947][  0]LogInit: FAudioDevice initialized.
[2019.01.27-05.22.11:947][  0]LogNetVersion: Set ProjectVersion to 1.0.0.0. Version Checksum will be recalculated on next use.
[2019.01.27-05.22.12:040][  0]LogDerivedDataCache: Saved boot cache 0.09s 71MB C:/Users/w017177h.STUDENT/AppData/Local/UnrealEngine/4.20/DerivedDataCache/Boot.ddc.
[2019.01.27-05.22.12:050][  0]LogInit: Texture streaming: Enabled
[2019.01.27-05.22.12:089][  0]LogEngineSessionManager: EngineSessionManager initialized
[2019.01.27-05.22.12:109][  0]LogInit: Transaction tracking system initialized
[2019.01.27-05.22.12:185][  0]BlueprintLog: New page: Editor Load
[2019.01.27-05.22.12:426][  0]LocalizationService: Localization service is disabled
[2019.01.27-05.22.12:884][  0]LogCook: Display: Max memory allowance for cook 16384mb min free memory 0mb
[2019.01.27-05.22.12:884][  0]LogCook: Display: Mobile HDR setting 1
[2019.01.27-05.22.12:885][  0]LogGameplayTags: Display: UGameplayTagsManager::DoneAddingNativeTags. DelegateIsBound: 0
[2019.01.27-05.22.12:885][  0]LogStats: UGameplayTagsManager::ConstructGameplayTagTree: ImportINI prefixes -  0.000 s
[2019.01.27-05.22.12:885][  0]LogStats: UGameplayTagsManager::ConstructGameplayTagTree: Construct from data asset -  0.000 s
[2019.01.27-05.22.12:885][  0]LogStats: UGameplayTagsManager::ConstructGameplayTagTree: ImportINI -  0.000 s
[2019.01.27-05.22.12:885][  0]LogStats: UGameplayTagsManager::ConstructGameplayTagTree: GameplayTagTreeChangedEvent.Broadcast -  0.000 s
[2019.01.27-05.22.13:258][  0]LogFileCache: Scanning file cache for directory 'C:/Users/w017177h.STUDENT/Documents/Github/GGJ2019/GGJ2019/Content/' took 0.02s
[2019.01.27-05.22.13:258][  0]SourceControl: Source control is disabled
[2019.01.27-05.22.13:258][  0]Cmd: MAP LOAD FILE="../../../../../../Users/w017177h.STUDENT/Documents/Github/GGJ2019/GGJ2019/Content/GameLevel.umap" TEMPLATE=0 SHOWPROGRESS=1 FEATURELEVEL=3
[2019.01.27-05.22.13:260][  0]LightingResults: New page: Lighting Build
[2019.01.27-05.22.13:271][  0]MapCheck: New page: Map Check
[2019.01.27-05.22.13:271][  0]LightingResults: New page: Lighting Build
[2019.01.27-05.22.13:691][  0]LogAIModule: Creating AISystem for world GameLevel
[2019.01.27-05.22.13:709][  0]LogEditorServer: Finished looking for orphan Actors (0.000 secs)
[2019.01.27-05.22.13:760][  0]Cmd: MAP CHECKDEP NOCLEARLOG
[2019.01.27-05.22.13:977][  0]MapCheck: Map check complete: 0 Error(s), 0 Warning(s), took 216.823ms to complete.
[2019.01.27-05.22.13:978][  0]LogFileHelpers: Loading map 'GameLevel' took 0.720
[2019.01.27-05.22.14:112][  0]LogSlate: Updating window title bar state: overlay mode, drag disabled, window buttons hidden, title bar hidden
[2019.01.27-05.22.14:120][  0]LogSlate: Updating window title bar state: overlay mode, drag disabled, window buttons hidden, title bar hidden
[2019.01.27-05.22.14:129][  0]LogSlate: Updating window title bar state: overlay mode, drag disabled, window buttons hidden, title bar hidden
[2019.01.27-05.22.14:147][  0]LogSlate: Updating window title bar state: overlay mode, drag disabled, window buttons hidden, title bar hidden
[2019.01.27-05.22.14:165][  0]LogCollectionManager: Loaded 0 collections in 0.003811 seconds
[2019.01.27-05.22.14:225][  0]LogFileCache: Scanning file cache for directory 'C:/Users/w017177h.STUDENT/Documents/Github/GGJ2019/GGJ2019/Saved/Collections/' took 0.01s
[2019.01.27-05.22.14:225][  0]LogFileCache: Scanning file cache for directory 'C:/Users/w017177h.STUDENT/Documents/Github/GGJ2019/GGJ2019/Content/Developers/w017177h/Collections/' took 0.01s
[2019.01.27-05.22.14:225][  0]LogFileCache: Scanning file cache for directory 'C:/Users/w017177h.STUDENT/Documents/Github/GGJ2019/GGJ2019/Content/Collections/' took 0.01s
[2019.01.27-05.22.14:225][  0]LogCollectionManager: Rebuilt the GUID cache for 0 collections in 0.000000 seconds
[2019.01.27-05.22.14:236][  0]LogContentBrowser: Native class hierarchy populated in 0.0106 seconds. Added 2585 classes and 606 folders.
[2019.01.27-05.22.14:248][  0]LogContentBrowser: Native class hierarchy updated for 'WidgetCarousel' in 0.0005 seconds. Added 0 classes and 0 folders.
[2019.01.27-05.22.14:748][  0]LogContentBrowser: Native class hierarchy updated for 'AddContentDialog' in 0.0006 seconds. Added 0 classes and 0 folders.
[2019.01.27-05.22.14:762][  0]LogContentBrowser: Native class hierarchy updated for 'SceneOutliner' in 0.0006 seconds. Added 1 classes and 2 folders.
[2019.01.27-05.22.14:791][  0]LogSlate: Took 0.008531 seconds to synchronously load lazily loaded font '../../../Engine/Content/Slate/Fonts/Roboto-Regular.ttf' (155K)
[2019.01.27-05.22.14:801][  0]LogSlate: Took 0.007538 seconds to synchronously load lazily loaded font '../../../Engine/Content/Slate/Fonts/Roboto-Bold.ttf' (160K)
[2019.01.27-05.22.14:813][  0]LogSlate: Took 0.005735 seconds to synchronously load lazily loaded font '../../../Engine/Content/Editor/Slate/Fonts/FontAwesome.ttf' (139K)
[2019.01.27-05.22.14:940][  0]LogRenderer: Reallocating scene render targets to support 1208x576 Format 10 NumSamples 1 (Frame:1).
[2019.01.27-05.22.15:009][  0]LogSlate: Took 0.005818 seconds to synchronously load lazily loaded font '../../../Engine/Content/Slate/Fonts/Roboto-Light.ttf' (167K)
[2019.01.27-05.22.15:103][  0]LogContentBrowser: Native class hierarchy updated for 'HierarchicalLODOutliner' in 0.0006 seconds. Added 0 classes and 0 folders.
[2019.01.27-05.22.15:103][  0]LogLoad: (Engine Initialization) Total time: 21.47 seconds
[2019.01.27-05.22.15:103][  0]LogLoad: (Engine Initialization) Total Blueprint compile time: 0.00 seconds
[2019.01.27-05.22.15:136][  0]LogActor: Warning: Fridge_BP_Base_C /Engine/Transient.World_0:PersistentLevel.Fridge_BP_Base_C_0 has natively added scene component(s), but none of them were set as the actor's RootComponent - picking one arbitrarily
[2019.01.27-05.22.15:164][  0]LogContentStreaming: Texture pool size now 1000 MB
[2019.01.27-05.22.15:207][  1]LogFileCache: Retrieving MD5 hashes for directory 'C:/Users/w017177h.STUDENT/Documents/Github/GGJ2019/GGJ2019/Content/' took 0.07s
[2019.01.27-05.22.15:224][  1]LogAssetRegistry: Asset discovery search completed in 9.4089 seconds
[2019.01.27-05.22.15:226][  1]LogCollectionManager: Rebuilt the object cache for 0 collections in 0.000001 seconds (found 0 objects)
[2019.01.27-05.22.15:226][  1]LogCollectionManager: Fixed up redirectors for 0 collections in 0.000114 seconds (updated 0 objects)
[2019.01.27-05.22.33:776][ 56]LogSlate: Took 0.000262 seconds to synchronously load lazily loaded font '../../../Engine/Content/Slate/Fonts/Roboto-Light.ttf' (167K)
[2019.01.27-05.22.33:783][ 56]LogSlate: FSceneViewport::OnFocusLost() reason 2
[2019.01.27-05.22.33:799][ 56]Cmd: OBJ SAVEPACKAGE PACKAGE="/Game/GameLevel" FILE="../../../../../../Users/w017177h.STUDENT/Documents/Github/GGJ2019/GGJ2019/Content/GameLevel.umap" SILENT=true AUTOSAVING=false KEEPDIRTY=false
[2019.01.27-05.22.34:191][ 56]LogSavePackage: Moving '../../../../../../Users/w017177h.STUDENT/Documents/Github/GGJ2019/GGJ2019/Saved/GameLevel8B2EA1A641FEA9CDAAA3A99EBD95DA3B.tmp' to '../../../../../../Users/w017177h.STUDENT/Documents/Github/GGJ2019/GGJ2019/Content/GameLevel.umap'
[2019.01.27-05.22.36:039][212]LogEditorViewport: Clicking on Actor (LMB): BP_Sky_Sphere_C (BP_Sky_Sphere)
[2019.01.27-05.22.37:853][381]LogSlate: FSceneViewport::OnFocusLost() reason 0
[2019.01.27-05.22.45:356][996]LogFactory: FactoryCreateFile: StaticMesh with FbxFactory (0 0 C:\Users\w017177h.STUDENT\Downloads\anim_crawl.FBX)
[2019.01.27-05.22.45:409][996]LogFbx: Loading FBX Scene from C:\Users\w017177h.STUDENT\Downloads\anim_crawl.FBX
[2019.01.27-05.22.45:434][996]LogFbx: FBX Scene Loaded Succesfully
[2019.01.27-05.22.48:719][996]LogSlate: Window 'FBX Import Options' being destroyed
[2019.01.27-05.22.48:793][996]LogFbx: SortedLinks :(0) Dimples_pelvis
[2019.01.27-05.22.48:793][996]LogFbx: SortedLinks :(1) Dimples_l_leg_upper
[2019.01.27-05.22.48:793][996]LogFbx: SortedLinks :(2) Dimples_l_leg_lower
[2019.01.27-05.22.48:794][996]LogFbx: SortedLinks :(3) Dimples_l_leg_ankle
[2019.01.27-05.22.48:794][996]LogFbx: SortedLinks :(4) Dimples_spine_lower
[2019.01.27-05.22.48:794][996]LogFbx: SortedLinks :(5) Dimples_spine_upper
[2019.01.27-05.22.48:794][996]LogFbx: SortedLinks :(6) Dimples_chest
[2019.01.27-05.22.48:794][996]LogFbx: SortedLinks :(7) Dimples_l_arm_clavicle
[2019.01.27-05.22.48:794][996]LogFbx: SortedLinks :(8) Dimples_l_arm_upper
[2019.01.27-05.22.48:794][996]LogFbx: SortedLinks :(9) Dimples_l_arm_lower
[2019.01.27-05.22.48:794][996]LogFbx: SortedLinks :(10) Dimples_l_arm_hand
[2019.01.27-05.22.48:794][996]LogFbx: SortedLinks :(11) Dimples_l_arm_thumb
[2019.01.27-05.22.48:794][996]LogFbx: SortedLinks :(12) Dimples_l_arm_finger
[2019.01.27-05.22.48:794][996]LogFbx: SortedLinks :(13) Dimples_neck
[2019.01.27-05.22.48:795][996]LogFbx: SortedLinks :(14) Dimples_head
[2019.01.27-05.22.48:795][996]LogFbx: SortedLinks :(15) Dimples_l_arm_UpVectorNode
[2019.01.27-05.22.48:795][996]LogFbx: SortedLinks :(16) Dimples_r_arm_clavicle
[2019.01.27-05.22.48:795][996]LogFbx: SortedLinks :(17) Dimples_r_arm_upper
[2019.01.27-05.22.48:795][996]LogFbx: SortedLinks :(18) Dimples_r_arm_lower
[2019.01.27-05.22.48:795][996]LogFbx: SortedLinks :(19) Dimples_r_arm_hand
[2019.01.27-05.22.48:795][996]LogFbx: SortedLinks :(20) Dimples_r_arm_thumb
[2019.01.27-05.22.48:795][996]LogFbx: SortedLinks :(21) Dimples_r_arm_finger
[2019.01.27-05.22.48:795][996]LogFbx: SortedLinks :(22) Dimples_r_arm_UpVectorNode
[2019.01.27-05.22.48:796][996]LogFbx: SortedLinks :(23) Dimples_l_leg_UpVectorNode
[2019.01.27-05.22.48:796][996]LogFbx: SortedLinks :(24) Dimples_r_leg_upper
[2019.01.27-05.22.48:796][996]LogFbx: SortedLinks :(25) Dimples_r_leg_lower
[2019.01.27-05.22.48:796][996]LogFbx: SortedLinks :(26) Dimples_r_leg_ankle
[2019.01.27-05.22.48:796][996]LogFbx: SortedLinks :(27) Dimples_r_legUpVectorNode
[2019.01.27-05.22.48:798][996]LogFbx: Parsing AnimStack Take 001
[2019.01.27-05.22.48:805][996]LogLinker: Can't find file '/Game/Animation/Anims/anim_crawl'
[2019.01.27-05.22.48:806][996]LogLinker: Can't find file '/Game/Animation/Anims/anim_crawl'
[2019.01.27-05.22.48:889][996]LogAnimationCompression: Building Anim DDC data for AnimSequence /Game/Animation/Anims/anim_crawl.anim_crawl
[2019.01.27-05.22.48:891][996]LogAnimationCompression: Recompressing (AnimSequence /Engine/Transient.anim_crawl) using current/default (AnimCompress_BitwiseCompressOnly_0) bFirstRecompressUsingCurrentOrDefault(1) bTryAlternateCompressor(0) IsCompressedDataValid(0)
[2019.01.27-05.22.48:905][996]FBXImport: Warning: The following bones exist in the imported animation, but not in the Skeleton asset Skel_dimples.  Any animation on these bones will not be imported: 

 Dimples_l_arm_UpVectorNode  
Dimples_r_arm_UpVectorNode  
Dimples_l_leg_UpVectorNode  
Dimples_r_legUpVectorNode  
 
[2019.01.27-05.22.51:225][243]Cmd: OBJ SAVEPACKAGE PACKAGE="/Game/GameLevel" FILE="../../../../../../Users/w017177h.STUDENT/Documents/Github/GGJ2019/GGJ2019/Content/GameLevel.umap" SILENT=true AUTOSAVING=false KEEPDIRTY=false
[2019.01.27-05.22.51:587][243]LogSavePackage: Moving '../../../../../../Users/w017177h.STUDENT/Documents/Github/GGJ2019/GGJ2019/Saved/GameLevel00C19FF5485AB9082054FEBF56D1E13E.tmp' to '../../../../../../Users/w017177h.STUDENT/Documents/Github/GGJ2019/GGJ2019/Content/GameLevel.umap'
[2019.01.27-05.23.11:197][336]LogAIModule: Creating AISystem for world JohnFinalLevel
[2019.01.27-05.23.11:287][336]LogAssetEditorManager: Opening Asset editor for World /Game/StarterContent/Maps/JohnFinalLevel.JohnFinalLevel
[2019.01.27-05.23.15:588][336]LogSlate: Window 'Save Content' being destroyed
[2019.01.27-05.23.15:613][336]Cmd: OBJ SAVEPACKAGE PACKAGE="/Game/Animation/Anims/anim_crawl" FILE="../../../../../../Users/w017177h.STUDENT/Documents/Github/GGJ2019/GGJ2019/Content/Animation/Anims/anim_crawl.uasset" SILENT=true
[2019.01.27-05.23.15:640][336]LogSavePackage: Moving '../../../../../../Users/w017177h.STUDENT/Documents/Github/GGJ2019/GGJ2019/Saved/anim_crawlA8EE71864DE7390EAC638D82DD1691A8.tmp' to '../../../../../../Users/w017177h.STUDENT/Documents/Github/GGJ2019/GGJ2019/Content/Animation/Anims/anim_crawl.uasset'
[2019.01.27-05.23.15:655][336]Cmd: MAP LOAD FILE="../../../../../../Users/w017177h.STUDENT/Documents/Github/GGJ2019/GGJ2019/Content/StarterContent/Maps/JohnFinalLevel.umap" TEMPLATE=0 SHOWPROGRESS=1 FEATURELEVEL=3
[2019.01.27-05.23.15:655][336]LightingResults: New page: Lighting Build
[2019.01.27-05.23.15:656][336]LoadErrors: New page: Loading map: JohnFinalLevel.umap
[2019.01.27-05.23.15:658][336]MapCheck: New page: Map Check
[2019.01.27-05.23.15:658][336]LightingResults: New page: Lighting Build
[2019.01.27-05.23.15:781][336]LogEditorServer: Finished looking for orphan Actors (0.000 secs)
[2019.01.27-05.23.15:866][336]Cmd: MAP CHECKDEP NOCLEARLOG
[2019.01.27-05.23.16:162][336]MapCheck: Map check complete: 0 Error(s), 0 Warning(s), took 295.693ms to complete.
[2019.01.27-05.23.16:167][336]LogFileHelpers: Loading map 'JohnFinalLevel' took 0.513
[2019.01.27-05.23.17:585][406]LogSlate: FSceneViewport::OnFocusLost() reason 2
[2019.01.27-05.23.18:154][406]LogSavePackage: Moving '../../../../../../Users/w017177h.STUDENT/Documents/Github/GGJ2019/GGJ2019/Saved/JohnFinalLevelE34D313844E34658C2455EA436202A26.tmp' to '../../../../../../Users/w017177h.STUDENT/Documents/Github/GGJ2019/GGJ2019/Content/StarterContent/Maps/JohnFinalLevel.umap'
[2019.01.27-05.23.24:003][ 28]LogEditorViewport: Clicking on Actor (LMB): NavigationNode_BP_Base_C (NavigationNode_BP_Base119)
[2019.01.27-05.23.24:602][ 75]LogEditorViewport: Clicking on Actor (CTRL LMB): NavigationNode_BP_Base_C (NavigationNode_BP_Base118)
[2019.01.27-05.23.25:208][143]LogEditorViewport: Clicking on Actor (CTRL LMB): NavigationNode_BP_Base_C (NavigationNode_BP_Base117)
[2019.01.27-05.23.26:049][234]LogEditorViewport: Clicking on Actor (CTRL LMB): NavigationNode_BP_Base_C (NavigationNode_BP_Base116)
[2019.01.27-05.23.26:479][279]LogEditorViewport: Clicking on Actor (CTRL LMB): NavigationNode_BP_Base_C (NavigationNode_BP_Base115)
[2019.01.27-05.23.27:308][369]LogEditorViewport: Clicking on Actor (CTRL LMB): NavigationNode_BP_Base_C (NavigationNode_BP_Base113)
[2019.01.27-05.23.28:713][527]LogEditorViewport: Clicking on Actor (CTRL LMB): NavigationNode_BP_Base_C (NavigationNode_BP_Base120)
[2019.01.27-05.23.29:132][568]LogEditorViewport: Clicking on Actor (CTRL LMB): NavigationNode_BP_Base_C (NavigationNode_BP_Base121)
[2019.01.27-05.23.30:099][675]Cmd: DELETE
[2019.01.27-05.23.30:100][675]Cmd: ACTOR DELETE
[2019.01.27-05.23.30:126][675]LogEditorActor: Deleted Actor: NavigationNode_BP_Base_C
[2019.01.27-05.23.30:126][675]LogEditorActor: Deleted Actor: NavigationNode_BP_Base_C
[2019.01.27-05.23.30:126][675]LogEditorActor: Deleted Actor: NavigationNode_BP_Base_C
[2019.01.27-05.23.30:127][675]LogEditorActor: Deleted Actor: NavigationNode_BP_Base_C
[2019.01.27-05.23.30:127][675]LogEditorActor: Deleted Actor: NavigationNode_BP_Base_C
[2019.01.27-05.23.30:127][675]LogEditorActor: Deleted Actor: NavigationNode_BP_Base_C
[2019.01.27-05.23.30:127][675]LogEditorActor: Deleted Actor: NavigationNode_BP_Base_C
[2019.01.27-05.23.30:128][675]LogEditorActor: Deleted Actor: NavigationNode_BP_Base_C
[2019.01.27-05.23.30:161][675]LogEditorActor: Deleted 8 Actors (0.053 secs)
[2019.01.27-05.23.31:658][843]LogSlate: FSceneViewport::OnFocusLost() reason 0
[2019.01.27-05.23.31:794][854]LogActor: Warning: Pickup_BP_Weapon_C /Engine/Transient.World_4:PersistentLevel.Pickup_BP_Weapon_C_0 has natively added scene component(s), but none of them were set as the actor's RootComponent - picking one arbitrarily
[2019.01.27-05.23.31:818][855]LogActor: Warning: Pickup_BP_Food_C /Engine/Transient.World_5:PersistentLevel.Pickup_BP_Food_C_0 has natively added scene component(s), but none of them were set as the actor's RootComponent - picking one arbitrarily
[2019.01.27-05.23.36:386][365]LogSlate: FSceneViewport::OnFocusLost() reason 0
[2019.01.27-05.23.44:430][298]LogSlate: Took 0.006234 seconds to synchronously load lazily loaded font '../../../Engine/Content/Slate/Fonts/Roboto-BoldCondensed.ttf' (158K)
[2019.01.27-05.23.50:930][ 62]LogAssetEditorManager: Opening Asset editor for Blueprint /Game/NavigationNode_BP_Crawling.NavigationNode_BP_Crawling
[2019.01.27-05.23.51:687][ 62]LogContentBrowser: Native class hierarchy updated for 'BlueprintGraph' in 0.0008 seconds. Added 116 classes and 0 folders.
[2019.01.27-05.23.52:800][ 62]LogSlate: Window 'Add Blueprint Class' being destroyed
[2019.01.27-05.23.54:654][198]LogSlate: Window 'NavigationNode_BP_Crawling*' being destroyed
[2019.01.27-05.23.56:217][345]LogSlate: FSceneViewport::OnFocusLost() reason 2
[2019.01.27-05.23.57:694][500]LogSlate: FSceneViewport::OnFocusLost() reason 0
[2019.01.27-05.23.59:769][714]LogSlate: FSceneViewport::OnFocusLost() reason 0
[2019.01.27-05.24.01:342][862]LogSlate: FSceneViewport::OnFocusLost() reason 0
[2019.01.27-05.24.02:727][998]LogSlate: FSceneViewport::OnFocusLost() reason 0
[2019.01.27-05.24.04:425][172]LogSlate: FSceneViewport::OnFocusLost() reason 0
[2019.01.27-05.24.07:987][537]LogSlate: FSceneViewport::OnFocusLost() reason 0
[2019.01.27-05.24.09:496][693]LogSlate: FSceneViewport::OnFocusLost() reason 0
[2019.01.27-05.24.11:713][937]LogEditorViewport: Clicking on Actor (LMB): StaticMeshActor (Garden_Base)
[2019.01.27-05.24.13:459][127]LogEditorViewport: Clicking on Actor (LMB): NavigationNode_BP_Base_C (NavigationNode_BP_Base112)
[2019.01.27-05.24.15:930][407]LogEditorViewport: Clicking on Actor (LMB): StaticMeshActor (Garden_Base)
[2019.01.27-05.24.17:628][588]LogSlate: FSceneViewport::OnFocusLost() reason 2
[2019.01.27-05.24.18:179][588]LogSavePackage: Moving '../../../../../../Users/w017177h.STUDENT/Documents/Github/GGJ2019/GGJ2019/Saved/JohnFinalLevel75946D8E45625BBC40B5259F8618B1BD.tmp' to '../../../../../../Users/w017177h.STUDENT/Documents/Github/GGJ2019/GGJ2019/Content/StarterContent/Maps/JohnFinalLevel.umap'
[2019.01.27-05.24.25:274][266]LogSavePackage: Moving '../../../../../../Users/w017177h.STUDENT/Documents/Github/GGJ2019/GGJ2019/Saved/JohnFinalLevelDFF3164C4944FCEE6A7F958CCBF78CA0.tmp' to '../../../../../../Users/w017177h.STUDENT/Documents/Github/GGJ2019/GGJ2019/Content/StarterContent/Maps/JohnFinalLevel.umap'
[2019.01.27-05.24.27:217][438]LogAssetEditorManager: Opening Asset editor for AnimBlueprint /Game/Animation/AnimationControllers/Dimples/DimplesAnimationController.DimplesAnimationController
[2019.01.27-05.24.27:259][438]LogContentBrowser: Native class hierarchy updated for 'SkeletonEditor' in 0.0007 seconds. Added 1 classes and 2 folders.
[2019.01.27-05.24.27:562][438]LogActorComponent: RegisterComponentWithWorld: (/Engine/Transient.World_14:PersistentLevel.AnimationEditorPreviewActor_0.DebugSkelMeshComponent_0) Already registered. Aborting.
[2019.01.27-05.24.27:577][438]LogContentBrowser: Native class hierarchy updated for 'PinnedCommandList' in 0.0007 seconds. Added 1 classes and 0 folders.
[2019.01.27-05.24.27:870][438]LogSkeletalMesh: USkeletalMeshComponent::InitArticulated : Bodies already created (/Engine/Transient.World_14:PersistentLevel.AnimationEditorPreviewActor_0.DebugSkelMeshComponent_0) - call TermArticulated first.
[2019.01.27-05.24.28:389][438]LogContentBrowser: Native class hierarchy updated for 'ClothingSystemEditorInterface' in 0.0006 seconds. Added 1 classes and 0 folders.
[2019.01.27-05.24.28:487][438]LogContentBrowser: Verbose: The majority of assets in the view are of type: AnimSequence
[2019.01.27-05.24.38:905][617]LogSlate: Took 0.005262 seconds to synchronously load lazily loaded font '../../../Engine/Content/Slate/Fonts/Roboto-Italic.ttf' (157K)
[2019.01.27-05.25.08:680][ 39]BlueprintLog: New page: Compile DimplesAnimationController
[2019.01.27-05.25.09:920][130]LogSavePackage: Moving '../../../../../../Users/w017177h.STUDENT/Documents/Github/GGJ2019/GGJ2019/Saved/DimplesAnimationController108B990B48CAF2DC6D5F0AB05728234C.tmp' to '../../../../../../Users/w017177h.STUDENT/Documents/Github/GGJ2019/GGJ2019/Content/Animation/AnimationControllers/Dimples/DimplesAnimationController.uasset'
[2019.01.27-05.25.25:419][931]LogSlate: FSceneViewport::OnFocusLost() reason 0
[2019.01.27-05.25.25:485][939]BlueprintLog: New page: Compile DimplesAnimationController
[2019.01.27-05.25.31:261][567]LogSlate: FSceneViewport::OnFocusLost() reason 0
[2019.01.27-05.25.34:550][925]LogSavePackage: Moving '../../../../../../Users/w017177h.STUDENT/Documents/Github/GGJ2019/GGJ2019/Saved/DimplesAnimationControllerAD7B2B804B62F316B7B607951168D37A.tmp' to '../../../../../../Users/w017177h.STUDENT/Documents/Github/GGJ2019/GGJ2019/Content/Animation/AnimationControllers/Dimples/DimplesAnimationController.uasset'
[2019.01.27-05.26.09:336][592]LogSelectionDetails: Warning: NavigateToFunctionSource:  Unable to find symbols for 'UKismetMathLibrary::Not_PreBool' [Element not found.]
[2019.01.27-05.26.12:307][916]LogSavePackage: Moving '../../../../../../Users/w017177h.STUDENT/Documents/Github/GGJ2019/GGJ2019/Saved/DimplesAnimationControllerD8F364E84D02C8C6C6C31A821C32B084.tmp' to '../../../../../../Users/w017177h.STUDENT/Documents/Github/GGJ2019/GGJ2019/Content/Animation/AnimationControllers/Dimples/DimplesAnimationController.uasset'
[2019.01.27-05.26.12:601][938]LogSelectionDetails: Warning: NavigateToFunctionSource:  Unable to find symbols for 'UKismetMathLibrary::Not_PreBool' [Element not found.]
[2019.01.27-05.26.17:266][453]LogSavePackage: Moving '../../../../../../Users/w017177h.STUDENT/Documents/Github/GGJ2019/GGJ2019/Saved/DimplesAnimationController568442D34E2C331A6182F68B827B0AFA.tmp' to '../../../../../../Users/w017177h.STUDENT/Documents/Github/GGJ2019/GGJ2019/Content/Animation/AnimationControllers/Dimples/DimplesAnimationController.uasset'
[2019.01.27-05.26.18:507][593]BlueprintLog: New page: Compile DimplesAnimationController
[2019.01.27-05.26.19:424][654]LogSavePackage: Moving '../../../../../../Users/w017177h.STUDENT/Documents/Github/GGJ2019/GGJ2019/Saved/DimplesAnimationControllerA43A466E477E2EF6B507F195CD5594A3.tmp' to '../../../../../../Users/w017177h.STUDENT/Documents/Github/GGJ2019/GGJ2019/Content/Animation/AnimationControllers/Dimples/DimplesAnimationController.uasset'
[2019.01.27-05.26.39:194][879]LogSavePackage: Moving '../../../../../../Users/w017177h.STUDENT/Documents/Github/GGJ2019/GGJ2019/Saved/DimplesAnimationControllerFD5520AB4111B0D73303B4AF66A39172.tmp' to '../../../../../../Users/w017177h.STUDENT/Documents/Github/GGJ2019/GGJ2019/Content/Animation/AnimationControllers/Dimples/DimplesAnimationController.uasset'
[2019.01.27-05.26.40:576][  7]LogSavePackage: Moving '../../../../../../Users/w017177h.STUDENT/Documents/Github/GGJ2019/GGJ2019/Saved/DimplesAnimationController8C028D844D834CA8A6E1F2AA8B216906.tmp' to '../../../../../../Users/w017177h.STUDENT/Documents/Github/GGJ2019/GGJ2019/Content/Animation/AnimationControllers/Dimples/DimplesAnimationController.uasset'
[2019.01.27-05.26.41:310][ 89]BlueprintLog: New page: Compile DimplesAnimationController
[2019.01.27-05.26.50:043][ 40]LogSavePackage: Moving '../../../../../../Users/w017177h.STUDENT/Documents/Github/GGJ2019/GGJ2019/Saved/DimplesAnimationController16E82CA74BE81657F072CBB63F0BCE54.tmp' to '../../../../../../Users/w017177h.STUDENT/Documents/Github/GGJ2019/GGJ2019/Content/Animation/AnimationControllers/Dimples/DimplesAnimationController.uasset'
[2019.01.27-05.27.00:284][202]LogSavePackage: Moving '../../../../../../Users/w017177h.STUDENT/Documents/Github/GGJ2019/GGJ2019/Saved/DimplesAnimationController04DFF702482E0543B647008E43FA0083.tmp' to '../../../../../../Users/w017177h.STUDENT/Documents/Github/GGJ2019/GGJ2019/Content/Animation/AnimationControllers/Dimples/DimplesAnimationController.uasset'
[2019.01.27-05.27.00:967][278]BlueprintLog: New page: Compile DimplesAnimationController
[2019.01.27-05.27.12:848][622]BlueprintLog: New page: Compile DimplesAnimationController
[2019.01.27-05.27.13:737][674]LogSavePackage: Moving '../../../../../../Users/w017177h.STUDENT/Documents/Github/GGJ2019/GGJ2019/Saved/DimplesAnimationController52FCA90B4B73EC8B4CB2809B0976659A.tmp' to '../../../../../../Users/w017177h.STUDENT/Documents/Github/GGJ2019/GGJ2019/Content/Animation/AnimationControllers/Dimples/DimplesAnimationController.uasset'
[2019.01.27-05.27.15:741][886]LogSavePackage: Moving '../../../../../../Users/w017177h.STUDENT/Documents/Github/GGJ2019/GGJ2019/Saved/DimplesAnimationController3C476166418039A43EC3F0B6C0D0F535.tmp' to '../../../../../../Users/w017177h.STUDENT/Documents/Github/GGJ2019/GGJ2019/Content/Animation/AnimationControllers/Dimples/DimplesAnimationController.uasset'
[2019.01.27-05.27.45:886][410]LogSavePackage: Moving '../../../../../../Users/w017177h.STUDENT/Documents/Github/GGJ2019/GGJ2019/Saved/DimplesAnimationController81C3EB9A4965453F44DF67B88CFA8266.tmp' to '../../../../../../Users/w017177h.STUDENT/Documents/Github/GGJ2019/GGJ2019/Content/Animation/AnimationControllers/Dimples/DimplesAnimationController.uasset'
[2019.01.27-05.27.47:238][563]LogTemp: Repeating last play command: Selected Viewport
[2019.01.27-05.27.47:264][563]LogPlayLevel: PlayLevel: No blueprints needed recompiling
[2019.01.27-05.27.47:281][563]PIE: New page: PIE session: JohnFinalLevel (27 Jan 2019 05:27:47)
[2019.01.27-05.27.47:281][563]LogPlayLevel: Creating play world package: /Game/StarterContent/Maps/UEDPIE_0_JohnFinalLevel
[2019.01.27-05.27.47:307][563]LogPlayLevel: PIE: StaticDuplicateObject took: (0.025852s)
[2019.01.27-05.27.47:307][563]LogAIModule: Creating AISystem for world JohnFinalLevel
[2019.01.27-05.27.47:308][563]LogPlayLevel: PIE: World Init took: (0.000898s)
[2019.01.27-05.27.47:308][563]LogPlayLevel: PIE: Created PIE world by copying editor world from /Game/StarterContent/Maps/JohnFinalLevel.JohnFinalLevel to /Game/StarterContent/Maps/UEDPIE_0_JohnFinalLevel.JohnFinalLevel (0.027236s)
[2019.01.27-05.27.47:350][563]LogInit: XAudio2 using 'Headset Earphone (2- Razer ManO'War)' : 2 channels at 48 kHz using 16 bits per sample (channel mask 0x3)
[2019.01.27-05.27.47:362][563]LogInit: FAudioDevice initialized.
[2019.01.27-05.27.47:416][563]LogLoad: Game class is 'GGJ2019GM_C'
[2019.01.27-05.27.47:424][563]LogWorld: Bringing World /Game/StarterContent/Maps/UEDPIE_0_JohnFinalLevel.JohnFinalLevel up for play (max tick rate 0) at 2019.01.27-05.27.47
[2019.01.27-05.27.47:428][563]LogWorld: Bringing up level for play took: 0.011112
[2019.01.27-05.27.47:455][563]LogContentBrowser: Native class hierarchy updated for 'MovieSceneCapture' in 0.0005 seconds. Added 10 classes and 0 folders.
[2019.01.27-05.27.47:460][563]PIE: Play in editor start time for /Game/StarterContent/Maps/UEDPIE_0_JohnFinalLevel -0.796
[2019.01.27-05.27.48:971][730]LogSlate: FSceneViewport::OnFocusLost() reason 2
[2019.01.27-05.28.01:026][115]LogSlate: Updating window title bar state: overlay mode, drag disabled, window buttons hidden, title bar hidden
[2019.01.27-05.28.01:065][115]LogPlayLevel: Display: Shutting down PIE online subsystems
[2019.01.27-05.28.01:097][115]LogSlate: Updating window title bar state: overlay mode, drag disabled, window buttons hidden, title bar hidden
[2019.01.27-05.28.01:123][117]LogPlayLevel: Display: Destroying online subsystem :Context_19
[2019.01.27-05.28.02:115][214]LogSlate: FSceneViewport::OnFocusLost() reason 2
[2019.01.27-05.28.02:657][214]LogSavePackage: Moving '../../../../../../Users/w017177h.STUDENT/Documents/Github/GGJ2019/GGJ2019/Saved/JohnFinalLevelEB95E931468BA2EF580236B0E8168FC4.tmp' to '../../../../../../Users/w017177h.STUDENT/Documents/Github/GGJ2019/GGJ2019/Content/StarterContent/Maps/JohnFinalLevel.umap'
[2019.01.27-05.28.02:903][233]LogSlate: FSceneViewport::OnFocusLost() reason 0
[2019.01.27-05.28.08:826][913]BlueprintLog: New page: Compile DimplesAnimationController
[2019.01.27-05.28.09:568][954]LogSavePackage: Moving '../../../../../../Users/w017177h.STUDENT/Documents/Github/GGJ2019/GGJ2019/Saved/DimplesAnimationController175075D345B2E9A280B8CE81F9D0187F.tmp' to '../../../../../../Users/w017177h.STUDENT/Documents/Github/GGJ2019/GGJ2019/Content/Animation/AnimationControllers/Dimples/DimplesAnimationController.uasset'
[2019.01.27-05.28.10:862][102]LogTemp: Repeating last play command: Selected Viewport
[2019.01.27-05.28.10:887][102]LogPlayLevel: PlayLevel: No blueprints needed recompiling
[2019.01.27-05.28.10:887][102]PIE: New page: PIE session: JohnFinalLevel (27 Jan 2019 05:28:10)
[2019.01.27-05.28.10:888][102]LogPlayLevel: Creating play world package: /Game/StarterContent/Maps/UEDPIE_0_JohnFinalLevel
[2019.01.27-05.28.10:916][102]LogPlayLevel: PIE: StaticDuplicateObject took: (0.028207s)
[2019.01.27-05.28.10:917][102]LogAIModule: Creating AISystem for world JohnFinalLevel
[2019.01.27-05.28.10:917][102]LogPlayLevel: PIE: World Init took: (0.001389s)
[2019.01.27-05.28.10:918][102]LogPlayLevel: PIE: Created PIE world by copying editor world from /Game/StarterContent/Maps/JohnFinalLevel.JohnFinalLevel to /Game/StarterContent/Maps/UEDPIE_0_JohnFinalLevel.JohnFinalLevel (0.030179s)
[2019.01.27-05.28.10:961][102]LogInit: XAudio2 using 'Headset Earphone (2- Razer ManO'War)' : 2 channels at 48 kHz using 16 bits per sample (channel mask 0x3)
[2019.01.27-05.28.10:974][102]LogInit: FAudioDevice initialized.
[2019.01.27-05.28.11:011][102]LogLoad: Game class is 'GGJ2019GM_C'
[2019.01.27-05.28.11:021][102]LogWorld: Bringing World /Game/StarterContent/Maps/UEDPIE_0_JohnFinalLevel.JohnFinalLevel up for play (max tick rate 0) at 2019.01.27-05.28.11
[2019.01.27-05.28.11:024][102]LogWorld: Bringing up level for play took: 0.012048
[2019.01.27-05.28.11:041][102]PIE: Play in editor start time for /Game/StarterContent/Maps/UEDPIE_0_JohnFinalLevel 0.784
[2019.01.27-05.28.12:148][225]LogSlate: FSceneViewport::OnFocusLost() reason 2
[2019.01.27-05.28.28:357][104]LogActor: Warning: Pickup_BP_Food_C /Game/StarterContent/Maps/UEDPIE_0_JohnFinalLevel.JohnFinalLevel:PersistentLevel.Pickup_BP_Food_C_0 has natively added scene component(s), but none of them were set as the actor's RootComponent - picking one arbitrarily
[2019.01.27-05.28.29:555][239]LogActor: Warning: Pickup_BP_Food_C /Game/StarterContent/Maps/UEDPIE_0_JohnFinalLevel.JohnFinalLevel:PersistentLevel.Pickup_BP_Food_C_1 has natively added scene component(s), but none of them were set as the actor's RootComponent - picking one arbitrarily
[2019.01.27-05.28.29:810][269]LogActor: Warning: Pickup_BP_Food_C /Game/StarterContent/Maps/UEDPIE_0_JohnFinalLevel.JohnFinalLevel:PersistentLevel.Pickup_BP_Food_C_2 has natively added scene component(s), but none of them were set as the actor's RootComponent - picking one arbitrarily
[2019.01.27-05.28.30:481][340]LogActor: Warning: Pickup_BP_Food_C /Game/StarterContent/Maps/UEDPIE_0_JohnFinalLevel.JohnFinalLevel:PersistentLevel.Pickup_BP_Food_C_3 has natively added scene component(s), but none of them were set as the actor's RootComponent - picking one arbitrarily
[2019.01.27-05.28.30:577][349]LogActor: Warning: Pickup_BP_Food_C /Game/StarterContent/Maps/UEDPIE_0_JohnFinalLevel.JohnFinalLevel:PersistentLevel.Pickup_BP_Food_C_4 has natively added scene component(s), but none of them were set as the actor's RootComponent - picking one arbitrarily
[2019.01.27-05.28.56:749][898]LogSlate: Updating window title bar state: overlay mode, drag disabled, window buttons hidden, title bar hidden
[2019.01.27-05.28.56:789][898]LogPlayLevel: Display: Shutting down PIE online subsystems
[2019.01.27-05.28.56:822][898]LogSlate: Updating window title bar state: overlay mode, drag disabled, window buttons hidden, title bar hidden
[2019.01.27-05.28.56:842][899]LogPlayLevel: Display: Destroying online subsystem :Context_20
[2019.01.27-05.28.57:624][982]LogSlate: FSceneViewport::OnFocusLost() reason 0
[2019.01.27-05.28.58:311][994]LogSavePackage: Moving '../../../../../../Users/w017177h.STUDENT/Documents/Github/GGJ2019/GGJ2019/Saved/JohnFinalLevel1475D3FA438FB01FBB6E9B883E7DDBCE.tmp' to '../../../../../../Users/w017177h.STUDENT/Documents/Github/GGJ2019/GGJ2019/Content/StarterContent/Maps/JohnFinalLevel.umap'
[2019.01.27-05.29.06:140][ 18]LogTemp: Repeating last play command: Selected Viewport
[2019.01.27-05.29.06:171][ 18]LogPlayLevel: PlayLevel: No blueprints needed recompiling
[2019.01.27-05.29.06:171][ 18]PIE: New page: PIE session: JohnFinalLevel (27 Jan 2019 05:29:06)
[2019.01.27-05.29.06:172][ 18]LogPlayLevel: Creating play world package: /Game/StarterContent/Maps/UEDPIE_0_JohnFinalLevel
[2019.01.27-05.29.06:219][ 18]LogPlayLevel: PIE: StaticDuplicateObject took: (0.047338s)
[2019.01.27-05.29.06:220][ 18]LogAIModule: Creating AISystem for world JohnFinalLevel
[2019.01.27-05.29.06:221][ 18]LogPlayLevel: PIE: World Init took: (0.001215s)
[2019.01.27-05.29.06:221][ 18]LogPlayLevel: PIE: Created PIE world by copying editor world from /Game/StarterContent/Maps/JohnFinalLevel.JohnFinalLevel to /Game/StarterContent/Maps/UEDPIE_0_JohnFinalLevel.JohnFinalLevel (0.049320s)
[2019.01.27-05.29.06:264][ 18]LogInit: XAudio2 using 'Headset Earphone (2- Razer ManO'War)' : 2 channels at 48 kHz using 16 bits per sample (channel mask 0x3)
[2019.01.27-05.29.06:279][ 18]LogInit: FAudioDevice initialized.
[2019.01.27-05.29.06:322][ 18]LogLoad: Game class is 'GGJ2019GM_C'
[2019.01.27-05.29.06:331][ 18]LogWorld: Bringing World /Game/StarterContent/Maps/UEDPIE_0_JohnFinalLevel.JohnFinalLevel up for play (max tick rate 0) at 2019.01.27-05.29.06
[2019.01.27-05.29.06:335][ 18]LogWorld: Bringing up level for play took: 0.012447
[2019.01.27-05.29.06:351][ 18]PIE: Play in editor start time for /Game/StarterContent/Maps/UEDPIE_0_JohnFinalLevel 0.094
[2019.01.27-05.29.07:607][149]LogSlate: FSceneViewport::OnFocusLost() reason 2
[2019.01.27-05.29.09:894][406]LogSlate: Updating window title bar state: overlay mode, drag disabled, window buttons hidden, title bar hidden
[2019.01.27-05.29.09:932][406]LogPlayLevel: Display: Shutting down PIE online subsystems
[2019.01.27-05.29.09:967][406]LogSlate: Updating window title bar state: overlay mode, drag disabled, window buttons hidden, title bar hidden
[2019.01.27-05.29.09:994][408]LogPlayLevel: Display: Destroying online subsystem :Context_21
[2019.01.27-05.29.10:558][471]Candidate modules for hot reload:
[2019.01.27-05.29.10:558][471]  GGJ2019
[2019.01.27-05.29.10:558][471]Launching UnrealBuildTool... [C:/Epic/UE4/UE_4.20/Engine/Binaries/DotNET/UnrealBuildTool.exe  -ModuleWithSuffix=GGJ2019,6295 Win64 Development -TargetType=Editor -Project="../../../../../../Users/w017177h.STUDENT/Documents/Github/GGJ2019/GGJ2019/GGJ2019.uproject" -canskiplink "C:/Users/w017177h.STUDENT/Documents/Github/GGJ2019/GGJ2019/GGJ2019.uproject" ]
[2019.01.27-05.29.10:562][471]Warning: Starting HotReload took  0.0s.
[2019.01.27-05.29.12:769][717]LogSlate: FSceneViewport::OnFocusLost() reason 2
[2019.01.27-05.29.13:398][717]LogSavePackage: Moving '../../../../../../Users/w017177h.STUDENT/Documents/Github/GGJ2019/GGJ2019/Saved/JohnFinalLevelC87B49DA423D7DD57A554FBF17E65AD8.tmp' to '../../../../../../Users/w017177h.STUDENT/Documents/Github/GGJ2019/GGJ2019/Content/StarterContent/Maps/JohnFinalLevel.umap'
[2019.01.27-05.29.22:076][700]CompilerResultsLog: New page: Compilation - 27 Jan 2019 05:29:22
[2019.01.27-05.29.22:076][700]CompilerResultsLog: Using 'git status' to determine working set for adaptive non-unity build.
[2019.01.27-05.29.22:076][700]CompilerResultsLog: Creating makefile for hot reloading GGJ2019Editor (game project files are newer)
[2019.01.27-05.29.22:076][700]CompilerResultsLog: Compiling game modules for hot reload
[2019.01.27-05.29.22:077][700]CompilerResultsLog: Using Visual Studio 2017 14.14.26428 toolchain (C:\Program Files (x86)\Microsoft Visual Studio\2017\Professional\VC\Tools\MSVC\14.14.26428) and Windows 10.0.17134.0 SDK (C:\Program Files (x86)\Windows Kits\10).
[2019.01.27-05.29.22:077][700]CompilerResultsLog: Building 3 actions with 8 processes...
[2019.01.27-05.29.22:077][700]CompilerResultsLog:   [1/3] Enemy_Base.cpp
[2019.01.27-05.29.22:077][700]CompilerResultsLog:   [2/3] UE4Editor-GGJ2019-6295.lib
[2019.01.27-05.29.22:077][700]CompilerResultsLog:      Creating library C:\Users\w017177h.STUDENT\Documents\Github\GGJ2019\GGJ2019\Intermediate\Build\Win64\UE4Editor\Development\GGJ2019\UE4Editor-GGJ2019-6295.lib and object C:\Users\w017177h.STUDENT\Documents\Github\GGJ2019\GGJ2019\Intermediate\Build\Win64\UE4Editor\Development\GGJ2019\UE4Editor-GGJ2019-6295.exp
[2019.01.27-05.29.22:077][700]CompilerResultsLog:   [3/3] UE4Editor-GGJ2019-6295.dll
[2019.01.27-05.29.22:077][700]CompilerResultsLog:      Creating library C:\Users\w017177h.STUDENT\Documents\Github\GGJ2019\GGJ2019\Intermediate\Build\Win64\UE4Editor\Development\GGJ2019\UE4Editor-GGJ2019-6295.suppressed.lib and object C:\Users\w017177h.STUDENT\Documents\Github\GGJ2019\GGJ2019\Intermediate\Build\Win64\UE4Editor\Development\GGJ2019\UE4Editor-GGJ2019-6295.suppressed.exp
[2019.01.27-05.29.22:077][700]CompilerResultsLog: Total build time: 11.13 seconds (Parallel executor: 2.86 seconds)
[2019.01.27-05.29.22:077][700]LogMainFrame: MainFrame: Module compiling took 11.527 seconds
[2019.01.27-05.29.22:177][700]LogClass: WeaponType HotReload.
[2019.01.27-05.29.22:177][700]LogClass: FoodTypes HotReload.
[2019.01.27-05.29.22:186][700]LogContentBrowser: Native class hierarchy updated for 'GGJ2019' in 0.0005 seconds. Added 13 classes and 3 folders.
[2019.01.27-05.29.22:191][700]Display: HotReload successful (27 functions remapped  0 scriptstructs remapped)
[2019.01.27-05.29.22:656][700]LogContentBrowser: Native class hierarchy populated in 0.0095 seconds. Added 2587 classes and 610 folders.
[2019.01.27-05.29.22:656][700]Display: HotReload took 12.1s.
[2019.01.27-05.29.24:211][865]LogSlate: FSceneViewport::OnFocusLost() reason 0
[2019.01.27-05.29.24:294][875]LogTemp: Repeating last play command: Selected Viewport
[2019.01.27-05.29.24:320][875]LogPlayLevel: PlayLevel: No blueprints needed recompiling
[2019.01.27-05.29.24:320][875]PIE: New page: PIE session: JohnFinalLevel (27 Jan 2019 05:29:24)
[2019.01.27-05.29.24:320][875]LogPlayLevel: Creating play world package: /Game/StarterContent/Maps/UEDPIE_0_JohnFinalLevel
[2019.01.27-05.29.24:346][875]LogPlayLevel: PIE: StaticDuplicateObject took: (0.025869s)
[2019.01.27-05.29.24:347][875]LogAIModule: Creating AISystem for world JohnFinalLevel
[2019.01.27-05.29.24:348][875]LogPlayLevel: PIE: World Init took: (0.001016s)
[2019.01.27-05.29.24:348][875]LogPlayLevel: PIE: Created PIE world by copying editor world from /Game/StarterContent/Maps/JohnFinalLevel.JohnFinalLevel to /Game/StarterContent/Maps/UEDPIE_0_JohnFinalLevel.JohnFinalLevel (0.027312s)
[2019.01.27-05.29.24:411][875]LogInit: XAudio2 using 'Headset Earphone (2- Razer ManO'War)' : 2 channels at 48 kHz using 16 bits per sample (channel mask 0x3)
[2019.01.27-05.29.24:422][875]LogInit: FAudioDevice initialized.
[2019.01.27-05.29.24:456][875]LogLoad: Game class is 'GGJ2019GM_C'
[2019.01.27-05.29.24:464][875]LogWorld: Bringing World /Game/StarterContent/Maps/UEDPIE_0_JohnFinalLevel.JohnFinalLevel up for play (max tick rate 0) at 2019.01.27-05.29.24
[2019.01.27-05.29.24:468][875]LogWorld: Bringing up level for play took: 0.011087
[2019.01.27-05.29.24:483][875]PIE: Play in editor start time for /Game/StarterContent/Maps/UEDPIE_0_JohnFinalLevel 0.226
[2019.01.27-05.29.37:314][329]LogSlate: Updating window title bar state: overlay mode, drag disabled, window buttons hidden, title bar hidden
[2019.01.27-05.29.37:355][329]LogPlayLevel: Display: Shutting down PIE online subsystems
[2019.01.27-05.29.37:393][329]LogSlate: Updating window title bar state: overlay mode, drag disabled, window buttons hidden, title bar hidden
[2019.01.27-05.29.37:414][330]LogPlayLevel: Display: Destroying online subsystem :Context_22
[2019.01.27-05.29.55:060][499]LogSlate: FSceneViewport::OnFocusLost() reason 0
[2019.01.27-05.29.55:215][499]Candidate modules for hot reload:
[2019.01.27-05.29.55:215][499]  GGJ2019
[2019.01.27-05.29.55:216][499]Launching UnrealBuildTool... [C:/Epic/UE4/UE_4.20/Engine/Binaries/DotNET/UnrealBuildTool.exe  -ModuleWithSuffix=GGJ2019,5699 Win64 Development -TargetType=Editor -Project="../../../../../../Users/w017177h.STUDENT/Documents/Github/GGJ2019/GGJ2019/GGJ2019.uproject" -canskiplink "C:/Users/w017177h.STUDENT/Documents/Github/GGJ2019/GGJ2019/GGJ2019.uproject" ]
[2019.01.27-05.29.55:220][499]Warning: Starting HotReload took  0.0s.
[2019.01.27-05.30.02:521][316]CompilerResultsLog: New page: Compilation - 27 Jan 2019 05:30:02
[2019.01.27-05.30.02:521][316]CompilerResultsLog: Using 'git status' to determine working set for adaptive non-unity build.
[2019.01.27-05.30.02:522][316]CompilerResultsLog: Compiling game modules for hot reload
[2019.01.27-05.30.02:522][316]CompilerResultsLog: Building 3 actions with 8 processes...
[2019.01.27-05.30.02:522][316]CompilerResultsLog:   [1/3] Enemy_Base.cpp
[2019.01.27-05.30.02:522][316]CompilerResultsLog:   [2/3] UE4Editor-GGJ2019-5699.lib
[2019.01.27-05.30.02:522][316]CompilerResultsLog:      Creating library C:\Users\w017177h.STUDENT\Documents\Github\GGJ2019\GGJ2019\Intermediate\Build\Win64\UE4Editor\Development\GGJ2019\UE4Editor-GGJ2019-5699.lib and object C:\Users\w017177h.STUDENT\Documents\Github\GGJ2019\GGJ2019\Intermediate\Build\Win64\UE4Editor\Development\GGJ2019\UE4Editor-GGJ2019-5699.exp
[2019.01.27-05.30.02:522][316]CompilerResultsLog:   [3/3] UE4Editor-GGJ2019-5699.dll
[2019.01.27-05.30.02:522][316]CompilerResultsLog:      Creating library C:\Users\w017177h.STUDENT\Documents\Github\GGJ2019\GGJ2019\Intermediate\Build\Win64\UE4Editor\Development\GGJ2019\UE4Editor-GGJ2019-5699.suppressed.lib and object C:\Users\w017177h.STUDENT\Documents\Github\GGJ2019\GGJ2019\Intermediate\Build\Win64\UE4Editor\Development\GGJ2019\UE4Editor-GGJ2019-5699.suppressed.exp
[2019.01.27-05.30.02:522][316]CompilerResultsLog: Total build time: 6.88 seconds (Parallel executor: 2.98 seconds)
[2019.01.27-05.30.02:522][316]LogMainFrame: MainFrame: Module compiling took 7.315 seconds
[2019.01.27-05.30.02:622][316]LogClass: WeaponType HotReload.
[2019.01.27-05.30.02:622][316]LogClass: FoodTypes HotReload.
[2019.01.27-05.30.02:632][316]LogContentBrowser: Native class hierarchy updated for 'GGJ2019' in 0.0007 seconds. Added 13 classes and 3 folders.
[2019.01.27-05.30.02:639][316]Display: HotReload successful (27 functions remapped  0 scriptstructs remapped)
[2019.01.27-05.30.03:069][316]LogContentBrowser: Native class hierarchy populated in 0.0120 seconds. Added 2587 classes and 610 folders.
[2019.01.27-05.30.03:070][316]Display: HotReload took  7.9s.
[2019.01.27-05.30.37:931][414]LogSlate: FSceneViewport::OnFocusLost() reason 0
[2019.01.27-05.30.37:997][422]LogTemp: Repeating last play command: Selected Viewport
[2019.01.27-05.30.38:022][422]LogPlayLevel: PlayLevel: No blueprints needed recompiling
[2019.01.27-05.30.38:022][422]PIE: New page: PIE session: JohnFinalLevel (27 Jan 2019 05:30:38)
[2019.01.27-05.30.38:022][422]LogPlayLevel: Creating play world package: /Game/StarterContent/Maps/UEDPIE_0_JohnFinalLevel
[2019.01.27-05.30.38:052][422]LogPlayLevel: PIE: StaticDuplicateObject took: (0.030124s)
[2019.01.27-05.30.38:053][422]LogAIModule: Creating AISystem for world JohnFinalLevel
[2019.01.27-05.30.38:053][422]LogPlayLevel: PIE: World Init took: (0.000905s)
[2019.01.27-05.30.38:054][422]LogPlayLevel: PIE: Created PIE world by copying editor world from /Game/StarterContent/Maps/JohnFinalLevel.JohnFinalLevel to /Game/StarterContent/Maps/UEDPIE_0_JohnFinalLevel.JohnFinalLevel (0.031460s)
[2019.01.27-05.30.38:144][422]LogInit: XAudio2 using 'Headset Earphone (2- Razer ManO'War)' : 2 channels at 48 kHz using 16 bits per sample (channel mask 0x3)
[2019.01.27-05.30.38:173][422]LogInit: FAudioDevice initialized.
[2019.01.27-05.30.38:223][422]LogLoad: Game class is 'GGJ2019GM_C'
[2019.01.27-05.30.38:237][422]LogWorld: Bringing World /Game/StarterContent/Maps/UEDPIE_0_JohnFinalLevel.JohnFinalLevel up for play (max tick rate 0) at 2019.01.27-05.30.38
[2019.01.27-05.30.38:245][422]LogWorld: Bringing up level for play took: 0.020924
[2019.01.27-05.30.38:262][422]PIE: Play in editor start time for /Game/StarterContent/Maps/UEDPIE_0_JohnFinalLevel 0.005
[2019.01.27-05.30.39:238][529]LogSlate: FSceneViewport::OnFocusLost() reason 2
[2019.01.27-05.30.53:156][108]LogSlate: Updating window title bar state: overlay mode, drag disabled, window buttons hidden, title bar hidden
[2019.01.27-05.30.53:197][108]LogPlayLevel: Display: Shutting down PIE online subsystems
[2019.01.27-05.30.53:231][108]LogSlate: Updating window title bar state: overlay mode, drag disabled, window buttons hidden, title bar hidden
[2019.01.27-05.30.53:272][109]LogPlayLevel: Display: Destroying online subsystem :Context_23
[2019.01.27-05.30.54:092][202]LogSlate: FSceneViewport::OnFocusLost() reason 2
[2019.01.27-05.30.54:670][202]LogSavePackage: Moving '../../../../../../Users/w017177h.STUDENT/Documents/Github/GGJ2019/GGJ2019/Saved/JohnFinalLevelB93F27654F65D7008BAE4D9C1761E03A.tmp' to '../../../../../../Users/w017177h.STUDENT/Documents/Github/GGJ2019/GGJ2019/Content/StarterContent/Maps/JohnFinalLevel.umap'
