Log file open, 01/25/19 23:07:04
LogWindows: Failed to load 'aqProf.dll' (GetLastError=126)
LogWindows: File 'aqProf.dll' does not exist
LogWindows: Failed to load 'VSPerf140.dll' (GetLastError=126)
LogWindows: File 'VSPerf140.dll' does not exist
LogWindows: Failed to load 'VtuneApi.dll' (GetLastError=126)
LogWindows: File 'VtuneApi.dll' does not exist
LogWindows: Failed to load 'VtuneApi32e.dll' (GetLastError=126)
LogWindows: File 'VtuneApi32e.dll' does not exist
LogInit: Display: Running engine for game: GGJ2019
LogPlatformFile: Not using cached read wrapper
LogTaskGraph: Started task graph with 5 named threads and 23 total threads with 3 sets of task threads.
LogStats: Stats thread started at 0.436941
LogD3D11RHI: Loaded GFSDK_Aftermath_Lib.x64.dll
LogICUInternationalization: Display: ICU TimeZone Detection - Raw Offset: +0:00, Platform Override: ''
LogPluginManager: Mounting plugin Paper2D
LogPluginManager: Mounting plugin AISupport
LogPluginManager: Mounting plugin LightPropagationVolume
LogPluginManager: Mounting plugin CLionSourceCodeAccess
LogPluginManager: Mounting plugin CodeLiteSourceCodeAccess
LogPluginManager: Mounting plugin GitSourceControl
LogPluginManager: Mounting plugin KDevelopSourceCodeAccess
LogPluginManager: Mounting plugin NullSourceCodeAccess
LogPluginManager: Mounting plugin PerforceSourceControl
LogPluginManager: Mounting plugin SubversionSourceControl
LogPluginManager: Mounting plugin UObjectPlugin
LogPluginManager: Mounting plugin VisualStudioCodeSourceCodeAccess
LogPluginManager: Mounting plugin VisualStudioSourceCodeAccess
LogPluginManager: Mounting plugin XCodeSourceCodeAccess
LogPluginManager: Mounting plugin AssetManagerEditor
LogPluginManager: Mounting plugin CryptoKeys
LogPluginManager: Mounting plugin DataValidation
LogPluginManager: Mounting plugin FacialAnimation
LogPluginManager: Mounting plugin GameplayTagsEditor
LogPluginManager: Mounting plugin MacGraphicsSwitching
LogPluginManager: Mounting plugin MeshEditor
LogPluginManager: Mounting plugin MobileLauncherProfileWizard
LogPluginManager: Mounting plugin PluginBrowser
LogPluginManager: Mounting plugin SpeedTreeImporter
LogPluginManager: Mounting plugin DatasmithContent
LogPluginManager: Mounting plugin AlembicImporter
LogPluginManager: Mounting plugin AppleImageUtils
LogPluginManager: Mounting plugin AppleVision
LogPluginManager: Mounting plugin BackChannel
LogPluginManager: Mounting plugin CharacterAI
LogPluginManager: Mounting plugin GeometryCache
LogPluginManager: Mounting plugin HTML5Networking
LogPluginManager: Mounting plugin ProxyLODPlugin
LogPluginManager: Mounting plugin MagicLeap
LogPluginManager: Mounting plugin MagicLeapEmulator
LogPluginManager: Mounting plugin MagicLeapMedia
LogPluginManager: Mounting plugin AndroidMedia
LogPluginManager: Mounting plugin AvfMedia
LogPluginManager: Mounting plugin ImgMedia
LogPluginManager: Mounting plugin LinearTimecode
LogPluginManager: Mounting plugin MediaCompositing
LogPluginManager: Mounting plugin MediaPlayerEditor
LogPluginManager: Mounting plugin WmfMedia
LogPluginManager: Mounting plugin TcpMessaging
LogPluginManager: Mounting plugin UdpMessaging
LogPluginManager: Mounting plugin ActorSequence
LogPluginManager: Mounting plugin LevelSequenceEditor
LogPluginManager: Mounting plugin MatineeToLevelSequence
LogPluginManager: Mounting plugin NetcodeUnitTest
LogPluginManager: Mounting plugin NUTUnrealEngine4
LogPluginManager: Mounting plugin OnlineSubsystemGooglePlay
LogPluginManager: Mounting plugin OnlineSubsystemIOS
LogPluginManager: Mounting plugin OnlineSubsystem
LogPluginManager: Mounting plugin OnlineSubsystemNull
LogPluginManager: Mounting plugin OnlineSubsystemUtils
LogPluginManager: Mounting plugin LauncherChunkInstaller
LogPluginManager: Mounting plugin AndroidDeviceProfileSelector
LogPluginManager: Mounting plugin AndroidMoviePlayer
LogPluginManager: Mounting plugin AndroidPermission
LogPluginManager: Mounting plugin AppleMoviePlayer
LogPluginManager: Mounting plugin ArchVisCharacter
LogPluginManager: Mounting plugin AudioCapture
LogPluginManager: Mounting plugin CableComponent
LogPluginManager: Mounting plugin CustomMeshComponent
LogPluginManager: Mounting plugin EditableMesh
LogPluginManager: Mounting plugin ExampleDeviceProfileSelector
LogPluginManager: Mounting plugin GoogleCloudMessaging
LogPluginManager: Mounting plugin ImmediatePhysics
LogPluginManager: Mounting plugin IOSDeviceProfileSelector
LogPluginManager: Mounting plugin LinuxDeviceProfileSelector
LogPluginManager: Mounting plugin LocationServicesBPLibrary
LogPluginManager: Mounting plugin MobilePatchingUtils
LogPluginManager: Mounting plugin OculusVR
LogPluginManager: Plugin shader directory ../../../Engine/Plugins/Runtime/Oculus/OculusVR/Shaders found
LogPluginManager: Mapping shader source directory ../../../Engine/Plugins/Runtime/Oculus/OculusVR/Shaders to virtual directory /Plugin/OculusVR
LogPluginManager: Mounting plugin PhysXVehicles
LogPluginManager: Mounting plugin ProceduralMeshComponent
LogPluginManager: Mounting plugin RuntimePhysXCooking
LogPluginManager: Mounting plugin SteamVR
LogPluginManager: Mounting plugin WindowsMoviePlayer
LogStreaming: Display: Took  0.359s to configure plugins.
LogInit: Using libcurl 7.55.1-DEV
LogInit:  - built for x86_64-pc-win32
LogInit:  - supports SSL with OpenSSL/1.0.2h
LogInit:  - supports HTTP deflate (compression) using libz 1.2.8
LogInit:  - other features:
LogInit:      CURL_VERSION_SSL
LogInit:      CURL_VERSION_LIBZ
LogInit:      CURL_VERSION_IPV6
LogInit:      CURL_VERSION_ASYNCHDNS
LogInit:      CURL_VERSION_LARGEFILE
LogInit:      CURL_VERSION_IDN
LogInit:  CurlRequestOptions (configurable via config and command line):
LogInit:  - bVerifyPeer = false  - Libcurl will NOT verify peer certificate
LogInit:  - bUseHttpProxy = false  - Libcurl will NOT use HTTP proxy
LogInit:  - bDontReuseConnections = false  - Libcurl will reuse connections
LogInit:  - CertBundlePath = nullptr  - Libcurl will use whatever was configured at build time.
LogInit:  - MaxHostConnections = 16  - Libcurl will limit the number of connections to a host
LogInit:  - LocalHostAddr = Default
LogInit:  - BufferSize = 65536
LogInit: WinSock: version 1.1 (2.2), MaxSocks=32767, MaxUdp=65467
LogInit: Build: ++UE4+Release-4.20-CL-4369336
LogInit: Engine Version: 4.20.3-4369336+++UE4+Release-4.20
LogInit: Compatible Engine Version: 4.20.0-4212847+++UE4+Release-4.20
LogInit: Net CL: 4212847
LogInit: OS: Windows 10 (), CPU: Intel(R) Xeon(R) CPU E5-1620 v3 @ 3.50GHz, GPU: NVIDIA GeForce GTX 970
LogInit: Compiled (64-bit): Sep 17 2018 12:26:19
LogInit: Compiled with Visual C++: 19.13.26129.00
LogInit: Build Configuration: Development
LogInit: Branch Name: ++UE4+Release-4.20
LogInit: Command Line:  -skipcompile
LogInit: Base Directory: C:/Epic/UE4/UE_4.20/Engine/Binaries/Win64/
LogInit: Installed Engine Build: 1
LogDevObjectVersion: Number of dev versions registered: 20
LogDevObjectVersion:   Dev-Blueprints (B0D832E4-1F89-4F0D-ACCF-7EB736FD4AA2): 10
LogDevObjectVersion:   Dev-Build (E1C64328-A22C-4D53-A36C-8E866417BD8C): 0
LogDevObjectVersion:   Dev-Core (375EC13C-06E4-48FB-B500-84F0262A717E): 2
LogDevObjectVersion:   Dev-Editor (E4B068ED-F494-42E9-A231-DA0B2E46BB41): 24
LogDevObjectVersion:   Dev-Framework (CFFC743F-43B0-4480-9391-14DF171D2073): 34
LogDevObjectVersion:   Dev-Mobile (B02B49B5-BB20-44E9-A304-32B752E40360): 2
LogDevObjectVersion:   Dev-Networking (A4E4105C-59A1-49B5-A7C5-40C4547EDFEE): 0
LogDevObjectVersion:   Dev-Online (39C831C9-5AE6-47DC-9A44-9C173E1C8E7C): 0
LogDevObjectVersion:   Dev-Physics (78F01B33-EBEA-4F98-B9B4-84EACCB95AA2): 0
LogDevObjectVersion:   Dev-Platform (6631380F-2D4D-43E0-8009-CF276956A95A): 0
LogDevObjectVersion:   Dev-Rendering (12F88B9F-8875-4AFC-A67C-D90C383ABD29): 26
LogDevObjectVersion:   Dev-Sequencer (7B5AE74C-D270-4C10-A958-57980B212A5A): 9
LogDevObjectVersion:   Dev-VR (D7296918-1DD6-4BDD-9DE2-64A83CC13884): 2
LogDevObjectVersion:   Dev-LoadTimes (C2A15278-BFE7-4AFE-6C17-90FF531DF755): 1
LogDevObjectVersion:   Private-Geometry (6EACA3D4-40EC-4CC1-B786-8BED09428FC5): 3
LogDevObjectVersion:   Dev-AnimPhys (29E575DD-E0A3-4627-9D10-D276232CDCEA): 17
LogDevObjectVersion:   Dev-ReflectionCapture (6B266CEC-1EC7-4B8F-A30B-E4D90942FC07): 1
LogDevObjectVersion:   Dev-Automation (0DF73D61-A23F-47EA-B727-89E90C41499A): 1
LogDevObjectVersion:   FortniteMain (601D1886-AC64-4F84-AA16-D3DE0DEAC7D6): 12
LogDevObjectVersion:   Dev-Enterprise (9DFFBCD6-494F-0158-E221-12823C92A888): 1
LogStreaming: Display: Took  0.009s to delete old logs.
LogInit: Presizing for max 8388607 objects, including 0 objects not considered by GC, pre-allocating 0 bytes for permanent pool.
LogInit: Object subsystem initialized
[2019.01.25-23.07.05:529][  0]LogInit: Selected Device Profile: [Windows]
[2019.01.25-23.07.05:529][  0]LogInit: Applying CVar settings loaded from the selected device profile: [Windows]
[2019.01.25-23.07.05:547][  0]LogHAL: Display: Platform has ~ 16 GB [17092038656 / 17179869184 / 16], which maps to Larger [LargestMinGB=32, LargerMinGB=12, DefaultMinGB=8, SmallerMinGB=6, SmallestMinGB=0)
[2019.01.25-23.07.05:547][  0]LogInit: Setting Device Profile CVar: [[r.Vulkan.UseRealUBs:1]]
[2019.01.25-23.07.05:547][  0]LogInit: Going up to parent DeviceProfile []
[2019.01.25-23.07.05:548][  0]LogInit: Computer: C115-11
[2019.01.25-23.07.05:548][  0]LogInit: User: w017177h
[2019.01.25-23.07.05:548][  0]LogInit: CPU Page size=4096, Cores=4
[2019.01.25-23.07.05:548][  0]LogInit: High frequency timer resolution =3.410072 MHz
[2019.01.25-23.07.05:548][  0]LogMemory: Memory total: Physical=15.9GB (16GB approx)
[2019.01.25-23.07.05:548][  0]LogMemory: Platform Memory Stats for Windows
[2019.01.25-23.07.05:548][  0]LogMemory: Process Physical Memory: 100.91 MB used, 100.91 MB peak
[2019.01.25-23.07.05:549][  0]LogMemory: Process Virtual Memory: 91.11 MB used, 91.11 MB peak
[2019.01.25-23.07.05:549][  0]LogMemory: Physical Memory: 6574.16 MB used,  9726.08 MB free, 16300.24 MB total
[2019.01.25-23.07.05:549][  0]LogMemory: Virtual Memory: 4640.35 MB used,  9726.08 MB free, 134217728.00 MB total
[2019.01.25-23.07.05:675][  0]LogInit: Using OS detected language (en-US).
[2019.01.25-23.07.05:675][  0]LogInit: Using OS detected locale (en-GB).
[2019.01.25-23.07.05:676][  0]LogTextLocalizationManager: No specific localization for 'en-US' exists, so the 'en' localization will be used.
[2019.01.25-23.07.06:085][  0]LogStreaming: Display: Took  0.410s to InitEngineTextLocalization.
[2019.01.25-23.07.06:085][  0]LogInit: Setting process to per monitor DPI aware
[2019.01.25-23.07.06:159][  0]LogSlate: New Slate User Created.  User Index 0, Is Virtual User: 0
[2019.01.25-23.07.06:159][  0]LogSlate: Slate User Registered.  User Index 0, Is Virtual User: 0
[2019.01.25-23.07.06:497][  0]LogHMD: Failed to initialize OpenVR with code 110
[2019.01.25-23.07.06:497][  0]LogD3D11RHI: D3D11 adapters:
[2019.01.25-23.07.06:583][  0]LogD3D11RHI:    0. 'NVIDIA GeForce GTX 970' (Feature Level 11_0)
[2019.01.25-23.07.06:583][  0]LogD3D11RHI:       4043/0/8150 MB DedicatedVideo/DedicatedSystem/SharedSystem, Outputs:2, VendorId:0x10de
[2019.01.25-23.07.06:590][  0]LogD3D11RHI:    1. 'Microsoft Basic Render Driver' (Feature Level 11_0)
[2019.01.25-23.07.06:590][  0]LogD3D11RHI:       0/0/8150 MB DedicatedVideo/DedicatedSystem/SharedSystem, Outputs:0, VendorId:0x1414
[2019.01.25-23.07.06:590][  0]LogD3D11RHI: Chosen D3D11 Adapter: 0
[2019.01.25-23.07.06:598][  0]LogD3D11RHI: Creating new Direct3DDevice
[2019.01.25-23.07.06:598][  0]LogD3D11RHI:     GPU DeviceId: 0x13c2 (for the marketing name, search the web for "GPU Device Id")
[2019.01.25-23.07.06:598][  0]LogWindows: EnumDisplayDevices:
[2019.01.25-23.07.06:598][  0]LogWindows:    0. 'NVIDIA GeForce GTX 970' (P:1 D:1)
[2019.01.25-23.07.06:599][  0]LogWindows:    1. 'NVIDIA GeForce GTX 970' (P:0 D:1)
[2019.01.25-23.07.06:599][  0]LogWindows:    2. 'NVIDIA GeForce GTX 970' (P:0 D:0)
[2019.01.25-23.07.06:600][  0]LogWindows:    3. 'NVIDIA GeForce GTX 970' (P:0 D:0)
[2019.01.25-23.07.06:600][  0]LogWindows: DebugString: FoundDriverCount:4 
[2019.01.25-23.07.06:600][  0]LogD3D11RHI:     Adapter Name: NVIDIA GeForce GTX 970
[2019.01.25-23.07.06:600][  0]LogD3D11RHI:   Driver Version: 398.82 (internal:24.21.13.9882, unified:398.82)
[2019.01.25-23.07.06:600][  0]LogD3D11RHI:      Driver Date: 7-30-2018
[2019.01.25-23.07.06:600][  0]LogRHI: Texture pool is 2830 MB (70% of 4043 MB)
[2019.01.25-23.07.06:652][  0]LogD3D11RHI: Async texture creation enabled
[2019.01.25-23.07.06:671][  0]LogD3D11RHI: GPU Timing Frequency: 1000.000000 (Debug: 2 2)
[2019.01.25-23.07.06:721][  0]LogShaderCompilers: Guid format shader working directory is -17 characters bigger than the processId version (../../../../../../Users/w017177h.STUDENT/Documents/Github/GGJ2019/GGJ2019/Intermediate/Shaders/WorkingDirectory/18804/).
[2019.01.25-23.07.06:721][  0]LogShaderCompilers: Cleaned the shader compiler working directory 'C:/Users/w017177h.STUDENT/AppData/Local/Temp/UnrealShaderWorkingDir/57AB006145256372354745987E1D7756/'.
[2019.01.25-23.07.07:210][  0]LogTemp: Display: Loaded TP AllDesktopTargetPlatform
[2019.01.25-23.07.07:245][  0]LogTemp: Display: Loaded TP MacClientTargetPlatform
[2019.01.25-23.07.07:283][  0]LogTemp: Display: Loaded TP MacNoEditorTargetPlatform
[2019.01.25-23.07.07:313][  0]LogTemp: Display: Loaded TP MacServerTargetPlatform
[2019.01.25-23.07.07:343][  0]LogTemp: Display: Loaded TP MacTargetPlatform
[2019.01.25-23.07.07:383][  0]LogTemp: Display: Loaded TP WindowsClientTargetPlatform
[2019.01.25-23.07.07:416][  0]LogTemp: Display: Loaded TP WindowsNoEditorTargetPlatform
[2019.01.25-23.07.07:439][  0]LogTemp: Display: Loaded TP WindowsServerTargetPlatform
[2019.01.25-23.07.07:455][  0]LogTemp: Display: Loaded TP WindowsTargetPlatform
[2019.01.25-23.07.07:576][  0]LogTemp: Display: Loaded TP AndroidTargetPlatform
[2019.01.25-23.07.07:576][  0]LogTemp: Display: Loaded TP AndroidTargetPlatform
[2019.01.25-23.07.07:577][  0]LogTemp: Display: Loaded TP AndroidTargetPlatform
[2019.01.25-23.07.07:577][  0]LogTemp: Display: Loaded TP AndroidTargetPlatform
[2019.01.25-23.07.07:577][  0]LogTemp: Display: Loaded TP AndroidTargetPlatform
[2019.01.25-23.07.07:577][  0]LogTemp: Display: Loaded TP AndroidTargetPlatform
[2019.01.25-23.07.07:577][  0]LogTemp: Display: Loaded TP AndroidTargetPlatform
[2019.01.25-23.07.07:577][  0]LogTemp: Display: Loaded TP AndroidTargetPlatform
[2019.01.25-23.07.07:577][  0]LogTemp: Display: Loaded TP AndroidTargetPlatform
[2019.01.25-23.07.07:577][  0]LogTemp: Display: Loaded TP AndroidTargetPlatform
[2019.01.25-23.07.07:578][  0]LogTemp: Display: Loaded TP AndroidTargetPlatform
[2019.01.25-23.07.07:578][  0]LogTemp: Display: Loaded TP AndroidTargetPlatform
[2019.01.25-23.07.07:578][  0]LogTemp: Display: Loaded TP AndroidTargetPlatform
[2019.01.25-23.07.07:578][  0]LogTemp: Display: Loaded TP AndroidTargetPlatform
[2019.01.25-23.07.07:578][  0]LogTemp: Display: Loaded TP AndroidTargetPlatform
[2019.01.25-23.07.07:578][  0]LogTemp: Display: Loaded TP AndroidTargetPlatform
[2019.01.25-23.07.07:578][  0]LogTemp: Display: Loaded TP AndroidTargetPlatform
[2019.01.25-23.07.07:578][  0]LogTemp: Display: Loaded TP AndroidTargetPlatform
[2019.01.25-23.07.07:587][  0]LogTemp: Display: Loaded TP HTML5TargetPlatform
[2019.01.25-23.07.07:687][  0]LogTemp: Display: Loaded TP IOSTargetPlatform
[2019.01.25-23.07.07:687][  0]LogTemp: Display: Loaded TP IOSTargetPlatform
[2019.01.25-23.07.07:735][  0]LogTemp: Display: Loaded TP TVOSTargetPlatform
[2019.01.25-23.07.07:735][  0]LogTemp: Display: Loaded TP TVOSTargetPlatform
[2019.01.25-23.07.07:753][  0]LogTemp: Display: Loaded TP LinuxClientTargetPlatform
[2019.01.25-23.07.07:771][  0]LogTemp: Display: Loaded TP LinuxNoEditorTargetPlatform
[2019.01.25-23.07.07:788][  0]LogTemp: Display: Loaded TP LinuxServerTargetPlatform
[2019.01.25-23.07.07:807][  0]LogTemp: Display: Loaded TP LinuxTargetPlatform
[2019.01.25-23.07.07:820][  0]LogTemp: Display: Loaded TP LuminTargetPlatform
[2019.01.25-23.07.07:821][  0]LogTargetPlatformManager: Display: Building Assets For Windows
[2019.01.25-23.07.07:998][  0]LogXGEController: Cleaning working directory: C:/Users/w017177h.STUDENT/AppData/Local/Temp/UnrealXGEWorkingDir/
[2019.01.25-23.07.07:999][  0]LogXGEController: Cannot use XGE Controller as Incredibuild is not installed on this machine.
[2019.01.25-23.07.07:999][  0]LogShaderCompilers: Cannot use XGE Shader Compiler as Incredibuild is not installed on this machine.
[2019.01.25-23.07.07:999][  0]LogShaderCompilers: Display: Using Local Shader Compiler.
[2019.01.25-23.07.09:188][  0]LogDerivedDataCache: Display: Max Cache Size: 512 MB
[2019.01.25-23.07.09:301][  0]LogDerivedDataCache: Loaded boot cache 0.11s 71MB C:/Users/w017177h.STUDENT/AppData/Local/UnrealEngine/4.20/DerivedDataCache/Boot.ddc.
[2019.01.25-23.07.09:302][  0]LogDerivedDataCache: Display: Loaded Boot cache: C:/Users/w017177h.STUDENT/AppData/Local/UnrealEngine/4.20/DerivedDataCache/Boot.ddc
[2019.01.25-23.07.09:302][  0]LogDerivedDataCache: FDerivedDataBackendGraph:  Pak pak cache file ../../../../../../Users/w017177h.STUDENT/Documents/Github/GGJ2019/GGJ2019/DerivedDataCache/DDC.ddp not found, will not use a pak cache.
[2019.01.25-23.07.09:302][  0]LogDerivedDataCache: Unable to find inner node Pak for hierarchical cache Hierarchy.
[2019.01.25-23.07.09:302][  0]LogDerivedDataCache: FDerivedDataBackendGraph:  CompressedPak pak cache file ../../../../../../Users/w017177h.STUDENT/Documents/Github/GGJ2019/GGJ2019/DerivedDataCache/Compressed.ddp not found, will not use a pak cache.
[2019.01.25-23.07.09:302][  0]LogDerivedDataCache: Unable to find inner node CompressedPak for hierarchical cache Hierarchy.
[2019.01.25-23.07.09:319][  0]LogDerivedDataCache: Display: Pak cache opened for reading ../../../Engine/DerivedDataCache/Compressed.ddp.
[2019.01.25-23.07.09:333][  0]LogDerivedDataCache: Using Local data cache path C:/Users/w017177h.STUDENT/AppData/Local/UnrealEngine/Common/DerivedDataCache: Writable
[2019.01.25-23.07.09:333][  0]LogDerivedDataCache: Shared data cache path not found in *engine.ini, will not use an Shared cache.
[2019.01.25-23.07.09:333][  0]LogDerivedDataCache: Unable to find inner node Shared for hierarchical cache Hierarchy.
[2019.01.25-23.07.09:357][  0]LogMaterial: Verifying Global Shaders for PCD3D_SM5
[2019.01.25-23.07.09:359][  0]LogSlate: Using FreeType 2.6.0
[2019.01.25-23.07.09:360][  0]LogSlate: SlateFontServices - WITH_FREETYPE: 1, WITH_HARFBUZZ: 1
[2019.01.25-23.07.09:452][  0]LogAssetRegistry: FAssetRegistry took 0.0307 seconds to start up
[2019.01.25-23.07.09:906][  0]LogInit: Selected Device Profile: [Windows]
[2019.01.25-23.07.10:193][  0]LogSimplygon: Simplygon DLL not present - disabling.
[2019.01.25-23.07.10:205][  0]LogMeshReduction: Using SimplygonSwarm for distributed automatic mesh merging
[2019.01.25-23.07.10:205][  0]LogMeshReduction: Using ProxyLODMeshReduction for automatic mesh merging
[2019.01.25-23.07.10:205][  0]LogMeshReduction: Using QuadricMeshReduction for automatic static mesh reduction
[2019.01.25-23.07.10:206][  0]LogMeshReduction: No automatic skeletal mesh reduction module available
[2019.01.25-23.07.10:226][  0]LogNetVersion: GGJ2019 1.0.0, NetCL: 4212847, EngineNetVer: 5, GameNetVer: 0 (Checksum: 54619999)
[2019.01.25-23.07.11:107][  0]LogPackageLocalizationCache: Processed 11 localized package path(s) for 2 prioritized culture(s) in 0.157764 seconds
[2019.01.25-23.07.11:114][  0]LogUObjectArray: 38425 objects as part of root set at end of initial load.
[2019.01.25-23.07.11:114][  0]LogUObjectAllocator: 6690872 out of 0 bytes used by permanent object pool.
[2019.01.25-23.07.11:114][  0]LogUObjectArray: CloseDisregardForGC: 0/0 objects in disregard for GC pool
[2019.01.25-23.07.12:339][  0]LogTcpMessaging: Initializing TcpMessaging bridge
[2019.01.25-23.07.12:356][  0]LogUdpMessaging: Initializing bridge on interface 0.0.0.0:0 to multicast group 230.0.0.1:6666.
[2019.01.25-23.07.12:629][  0]SourceControl: Source control is disabled
[2019.01.25-23.07.12:630][  0]SourceControl: Source control is disabled
[2019.01.25-23.07.12:634][  0]SourceControl: Source control is disabled
[2019.01.25-23.07.12:638][  0]SourceControl: Source control is disabled
[2019.01.25-23.07.12:986][  0]LogAndroidPermission: UAndroidPermissionCallbackProxy::GetInstance
[2019.01.25-23.07.13:160][  0]LogOcInput: OculusInput pre-init called
[2019.01.25-23.07.13:248][  0]LogEngine: Initializing Engine...
[2019.01.25-23.07.13:250][  0]LogHMD: Failed to initialize OpenVR with code 110
[2019.01.25-23.07.13:251][  0]LogStats: UGameplayTagsManager::ConstructGameplayTagTree: ImportINI prefixes -  0.000 s
[2019.01.25-23.07.13:251][  0]LogStats: UGameplayTagsManager::ConstructGameplayTagTree: Construct from data asset -  0.000 s
[2019.01.25-23.07.13:252][  0]LogStats: UGameplayTagsManager::ConstructGameplayTagTree: ImportINI -  0.000 s
[2019.01.25-23.07.13:252][  0]LogStats: UGameplayTagsManager::ConstructGameplayTagTree: GameplayTagTreeChangedEvent.Broadcast -  0.000 s
[2019.01.25-23.07.13:548][  0]LogInit: Initializing FReadOnlyCVARCache
[2019.01.25-23.07.13:573][  0]LogAIModule: Creating AISystem for world Untitled
[2019.01.25-23.07.13:602][  0]LogInit: XAudio2 using 'Headset Earphone (Razer ManO'War)' : 2 channels at 48 kHz using 16 bits per sample (channel mask 0x3)
[2019.01.25-23.07.13:648][  0]LogInit: FAudioDevice initialized.
[2019.01.25-23.07.13:648][  0]LogNetVersion: Set ProjectVersion to 1.0.0.0. Version Checksum will be recalculated on next use.
[2019.01.25-23.07.13:755][  0]LogDerivedDataCache: Saved boot cache 0.11s 71MB C:/Users/w017177h.STUDENT/AppData/Local/UnrealEngine/4.20/DerivedDataCache/Boot.ddc.
[2019.01.25-23.07.13:781][  0]LogInit: Texture streaming: Enabled
[2019.01.25-23.07.13:845][  0]LogEngineSessionManager: EngineSessionManager initialized
[2019.01.25-23.07.13:846][  0]LogEngineSessionManager: EngineSessionManager sent abnormal shutdown report. Type=Debugger, SessionId={8EBC2AED-40DB-D676-CB19-6B9B70672710}
[2019.01.25-23.07.13:875][  0]LogInit: Transaction tracking system initialized
[2019.01.25-23.07.13:935][  0]BlueprintLog: New page: Editor Load
[2019.01.25-23.07.14:116][  0]LocalizationService: Localization service is disabled
[2019.01.25-23.07.14:514][  0]LogCook: Display: Max memory allowance for cook 16384mb min free memory 0mb
[2019.01.25-23.07.14:514][  0]LogCook: Display: Mobile HDR setting 1
[2019.01.25-23.07.14:515][  0]LogGameplayTags: Display: UGameplayTagsManager::DoneAddingNativeTags. DelegateIsBound: 0
[2019.01.25-23.07.14:515][  0]LogStats: UGameplayTagsManager::ConstructGameplayTagTree: ImportINI prefixes -  0.000 s
[2019.01.25-23.07.14:515][  0]LogStats: UGameplayTagsManager::ConstructGameplayTagTree: Construct from data asset -  0.000 s
[2019.01.25-23.07.14:515][  0]LogStats: UGameplayTagsManager::ConstructGameplayTagTree: ImportINI -  0.000 s
[2019.01.25-23.07.14:515][  0]LogStats: UGameplayTagsManager::ConstructGameplayTagTree: GameplayTagTreeChangedEvent.Broadcast -  0.000 s
[2019.01.25-23.07.14:750][  0]LogFileCache: Scanning file cache for directory 'C:/Users/w017177h.STUDENT/Documents/Github/GGJ2019/GGJ2019/Content/' took 0.02s
[2019.01.25-23.07.14:750][  0]SourceControl: Source control is disabled
[2019.01.25-23.07.14:750][  0]Cmd: MAP LOAD FILE="../../../../../../Users/w017177h.STUDENT/Documents/Github/GGJ2019/GGJ2019/Content/GameLevel.umap" TEMPLATE=0 SHOWPROGRESS=1 FEATURELEVEL=3
[2019.01.25-23.07.14:751][  0]LightingResults: New page: Lighting Build
[2019.01.25-23.07.14:758][  0]MapCheck: New page: Map Check
[2019.01.25-23.07.14:758][  0]LightingResults: New page: Lighting Build
[2019.01.25-23.07.15:016][  0]LogAIModule: Creating AISystem for world GameLevel
[2019.01.25-23.07.15:030][  0]LogEditorServer: Finished looking for orphan Actors (0.000 secs)
[2019.01.25-23.07.15:059][  0]Cmd: MAP CHECKDEP NOCLEARLOG
[2019.01.25-23.07.15:256][  0]MapCheck: Map check complete: 0 Error(s), 0 Warning(s), took 196.879ms to complete.
[2019.01.25-23.07.15:256][  0]LogFileHelpers: Loading map 'GameLevel' took 0.506
[2019.01.25-23.07.15:401][  0]LogSlate: Updating window title bar state: overlay mode, drag disabled, window buttons hidden, title bar hidden
[2019.01.25-23.07.15:408][  0]LogSlate: Updating window title bar state: overlay mode, drag disabled, window buttons hidden, title bar hidden
[2019.01.25-23.07.15:417][  0]LogSlate: Updating window title bar state: overlay mode, drag disabled, window buttons hidden, title bar hidden
[2019.01.25-23.07.15:425][  0]LogSlate: Updating window title bar state: overlay mode, drag disabled, window buttons hidden, title bar hidden
[2019.01.25-23.07.15:440][  0]LogCollectionManager: Loaded 0 collections in 0.005048 seconds
[2019.01.25-23.07.15:490][  0]LogFileCache: Scanning file cache for directory 'C:/Users/w017177h.STUDENT/Documents/Github/GGJ2019/GGJ2019/Saved/Collections/' took 0.01s
[2019.01.25-23.07.15:491][  0]LogFileCache: Scanning file cache for directory 'C:/Users/w017177h.STUDENT/Documents/Github/GGJ2019/GGJ2019/Content/Developers/w017177h/Collections/' took 0.01s
[2019.01.25-23.07.15:491][  0]LogFileCache: Scanning file cache for directory 'C:/Users/w017177h.STUDENT/Documents/Github/GGJ2019/GGJ2019/Content/Collections/' took 0.01s
[2019.01.25-23.07.15:491][  0]LogCollectionManager: Rebuilt the GUID cache for 0 collections in 0.000001 seconds
[2019.01.25-23.07.15:503][  0]LogContentBrowser: Native class hierarchy populated in 0.0113 seconds. Added 2576 classes and 605 folders.
[2019.01.25-23.07.15:515][  0]LogContentBrowser: Native class hierarchy updated for 'WidgetCarousel' in 0.0005 seconds. Added 0 classes and 0 folders.
[2019.01.25-23.07.15:602][  0]LogContentBrowser: Native class hierarchy updated for 'AddContentDialog' in 0.0005 seconds. Added 0 classes and 0 folders.
[2019.01.25-23.07.15:614][  0]LogContentBrowser: Native class hierarchy updated for 'SceneOutliner' in 0.0008 seconds. Added 1 classes and 2 folders.
[2019.01.25-23.07.15:629][  0]LogSlate: Took 0.000295 seconds to synchronously load lazily loaded font '../../../Engine/Content/Slate/Fonts/Roboto-Regular.ttf' (155K)
[2019.01.25-23.07.15:632][  0]LogSlate: Took 0.000275 seconds to synchronously load lazily loaded font '../../../Engine/Content/Slate/Fonts/Roboto-Bold.ttf' (160K)
[2019.01.25-23.07.15:638][  0]LogSlate: Took 0.000288 seconds to synchronously load lazily loaded font '../../../Engine/Content/Editor/Slate/Fonts/FontAwesome.ttf' (139K)
[2019.01.25-23.07.15:726][  0]LogRenderer: Reallocating scene render targets to support 1208x576 Format 10 NumSamples 1 (Frame:1).
[2019.01.25-23.07.15:781][  0]LogSlate: Took 0.000237 seconds to synchronously load lazily loaded font '../../../Engine/Content/Slate/Fonts/Roboto-Light.ttf' (167K)
[2019.01.25-23.07.15:876][  0]LogContentBrowser: Native class hierarchy updated for 'HierarchicalLODOutliner' in 0.0005 seconds. Added 0 classes and 0 folders.
[2019.01.25-23.07.15:876][  0]LogLoad: (Engine Initialization) Total time: 14.13 seconds
[2019.01.25-23.07.15:876][  0]LogLoad: (Engine Initialization) Total Blueprint compile time: 0.00 seconds
[2019.01.25-23.07.15:886][  0]LogWindowsTextInputMethodSystem: Display: IME system now deactivated.
[2019.01.25-23.07.15:921][  0]LogContentStreaming: Texture pool size now 1000 MB
[2019.01.25-23.07.15:941][  1]LogFileCache: Retrieving MD5 hashes for directory 'C:/Users/w017177h.STUDENT/Documents/Github/GGJ2019/GGJ2019/Content/' took 0.04s
[2019.01.25-23.07.15:958][  1]LogAssetRegistry: Asset discovery search completed in 6.5310 seconds
[2019.01.25-23.07.15:961][  1]LogCollectionManager: Rebuilt the object cache for 0 collections in 0.000001 seconds (found 0 objects)
[2019.01.25-23.07.15:962][  1]LogCollectionManager: Fixed up redirectors for 0 collections in 0.000178 seconds (updated 0 objects)
[2019.01.25-23.07.18:815][334]LogSlate: FSceneViewport::OnFocusLost() reason 0
[2019.01.25-23.07.18:874][341]LogTemp: Repeating last play command: Selected Viewport
[2019.01.25-23.07.18:892][341]LogPlayLevel: PlayLevel: No blueprints needed recompiling
[2019.01.25-23.07.18:906][341]PIE: New page: PIE session: GameLevel (25 Jan 2019 23:07:18)
[2019.01.25-23.07.18:906][341]LogPlayLevel: Creating play world package: /Game/UEDPIE_0_GameLevel
[2019.01.25-23.07.18:922][341]LogPlayLevel: PIE: StaticDuplicateObject took: (0.016601s)
[2019.01.25-23.07.18:924][341]LogAIModule: Creating AISystem for world GameLevel
[2019.01.25-23.07.18:924][341]LogPlayLevel: PIE: World Init took: (0.001545s)
[2019.01.25-23.07.18:924][341]LogPlayLevel: PIE: Created PIE world by copying editor world from /Game/GameLevel.GameLevel to /Game/UEDPIE_0_GameLevel.GameLevel (0.018625s)
[2019.01.25-23.07.18:964][341]LogInit: XAudio2 using 'Headset Earphone (Razer ManO'War)' : 2 channels at 48 kHz using 16 bits per sample (channel mask 0x3)
[2019.01.25-23.07.18:975][341]LogInit: FAudioDevice initialized.
[2019.01.25-23.07.19:034][341]LogLoad: Game class is 'GGJ2019GM_C'
[2019.01.25-23.07.19:039][341]LogWorld: Bringing World /Game/UEDPIE_0_GameLevel.GameLevel up for play (max tick rate 0) at 2019.01.25-23.07.19
[2019.01.25-23.07.19:039][341]LogWorld: Bringing up level for play took: 0.002426
[2019.01.25-23.07.19:081][341]LogContentBrowser: Native class hierarchy updated for 'MovieSceneCapture' in 0.0013 seconds. Added 10 classes and 0 folders.
[2019.01.25-23.07.19:084][341]PIE: Play in editor start time for /Game/UEDPIE_0_GameLevel 0.64
[2019.01.25-23.07.20:632][518]LogSlate: Updating window title bar state: overlay mode, drag disabled, window buttons hidden, title bar hidden
[2019.01.25-23.07.20:669][518]LogPlayLevel: Display: Shutting down PIE online subsystems
[2019.01.25-23.07.20:694][518]LogSlate: Updating window title bar state: overlay mode, drag disabled, window buttons hidden, title bar hidden
[2019.01.25-23.07.20:738][522]LogPlayLevel: Display: Destroying online subsystem :Context_1
[2019.01.25-23.07.22:647][750]LogSlate: FSceneViewport::OnFocusLost() reason 0
[2019.01.25-23.07.28:128][400]LogSlate: Took 0.000227 seconds to synchronously load lazily loaded font '../../../Engine/Content/Slate/Fonts/Roboto-Light.ttf' (167K)
[2019.01.25-23.07.28:239][400]LogAIModule: Creating AISystem for world NewJohnLevel
[2019.01.25-23.07.28:301][400]LogAssetEditorManager: Opening Asset editor for World /Game/StarterContent/Maps/NewJohnLevel.NewJohnLevel
[2019.01.25-23.07.28:337][400]Cmd: MAP LOAD FILE="../../../../../../Users/w017177h.STUDENT/Documents/Github/GGJ2019/GGJ2019/Content/StarterContent/Maps/NewJohnLevel.umap" TEMPLATE=0 SHOWPROGRESS=1 FEATURELEVEL=3
[2019.01.25-23.07.28:337][400]LightingResults: New page: Lighting Build
[2019.01.25-23.07.28:338][400]LoadErrors: New page: Loading map: NewJohnLevel.umap
[2019.01.25-23.07.28:339][400]MapCheck: New page: Map Check
[2019.01.25-23.07.28:340][400]LightingResults: New page: Lighting Build
[2019.01.25-23.07.28:425][400]LogEditorServer: Finished looking for orphan Actors (0.000 secs)
[2019.01.25-23.07.28:478][400]Cmd: MAP CHECKDEP NOCLEARLOG
[2019.01.25-23.07.28:685][400]MapCheck: Map check complete: 0 Error(s), 0 Warning(s), took 206.929ms to complete.
[2019.01.25-23.07.28:687][400]LogFileHelpers: Loading map 'NewJohnLevel' took 0.351
[2019.01.25-23.07.30:014][539]LogTemp: Repeating last play command: Selected Viewport
[2019.01.25-23.07.30:033][539]LogPlayLevel: PlayLevel: No blueprints needed recompiling
[2019.01.25-23.07.30:033][539]PIE: New page: PIE session: NewJohnLevel (25 Jan 2019 23:07:30)
[2019.01.25-23.07.30:033][539]LogPlayLevel: Creating play world package: /Game/StarterContent/Maps/UEDPIE_0_NewJohnLevel
[2019.01.25-23.07.30:057][539]LogPlayLevel: PIE: StaticDuplicateObject took: (0.024058s)
[2019.01.25-23.07.30:058][539]LogAIModule: Creating AISystem for world NewJohnLevel
[2019.01.25-23.07.30:058][539]LogPlayLevel: PIE: World Init took: (0.000834s)
[2019.01.25-23.07.30:059][539]LogPlayLevel: PIE: Created PIE world by copying editor world from /Game/StarterContent/Maps/NewJohnLevel.NewJohnLevel to /Game/StarterContent/Maps/UEDPIE_0_NewJohnLevel.NewJohnLevel (0.025280s)
[2019.01.25-23.07.30:087][539]LogInit: XAudio2 using 'Headset Earphone (Razer ManO'War)' : 2 channels at 48 kHz using 16 bits per sample (channel mask 0x3)
[2019.01.25-23.07.30:098][539]LogInit: FAudioDevice initialized.
[2019.01.25-23.07.30:138][539]LogLoad: Game class is 'GGJ2019GM_C'
[2019.01.25-23.07.30:156][539]LogWorld: Bringing World /Game/StarterContent/Maps/UEDPIE_0_NewJohnLevel.NewJohnLevel up for play (max tick rate 0) at 2019.01.25-23.07.30
[2019.01.25-23.07.30:159][539]LogWorld: Bringing up level for play took: 0.018575
[2019.01.25-23.07.30:175][539]PIE: Play in editor start time for /Game/StarterContent/Maps/UEDPIE_0_NewJohnLevel -0.267
[2019.01.25-23.07.47:028][551]LogSlate: Updating window title bar state: overlay mode, drag disabled, window buttons hidden, title bar hidden
[2019.01.25-23.07.47:067][551]LogPlayLevel: Display: Shutting down PIE online subsystems
[2019.01.25-23.07.47:099][551]LogSlate: Updating window title bar state: overlay mode, drag disabled, window buttons hidden, title bar hidden
[2019.01.25-23.07.47:134][553]LogPlayLevel: Display: Destroying online subsystem :Context_2
[2019.01.25-23.07.52:958][243]LogSlate: FSceneViewport::OnFocusLost() reason 2
[2019.01.25-23.07.53:362][243]LogSavePackage: Moving '../../../../../../Users/w017177h.STUDENT/Documents/Github/GGJ2019/GGJ2019/Saved/NewJohnLevelB6185C224C4B5A71124D97942DDF1BFD.tmp' to '../../../../../../Users/w017177h.STUDENT/Documents/Github/GGJ2019/GGJ2019/Content/StarterContent/Maps/NewJohnLevel.umap'
[2019.01.25-23.07.53:785][288]LogSlate: FSceneViewport::OnFocusLost() reason 0
[2019.01.25-23.07.53:851][296]LogTemp: Repeating last play command: Selected Viewport
[2019.01.25-23.07.53:869][296]LogPlayLevel: PlayLevel: No blueprints needed recompiling
[2019.01.25-23.07.53:870][296]PIE: New page: PIE session: NewJohnLevel (25 Jan 2019 23:07:53)
[2019.01.25-23.07.53:870][296]LogPlayLevel: Creating play world package: /Game/StarterContent/Maps/UEDPIE_0_NewJohnLevel
[2019.01.25-23.07.53:893][296]LogPlayLevel: PIE: StaticDuplicateObject took: (0.023135s)
[2019.01.25-23.07.53:894][296]LogAIModule: Creating AISystem for world NewJohnLevel
[2019.01.25-23.07.53:894][296]LogPlayLevel: PIE: World Init took: (0.000836s)
[2019.01.25-23.07.53:894][296]LogPlayLevel: PIE: Created PIE world by copying editor world from /Game/StarterContent/Maps/NewJohnLevel.NewJohnLevel to /Game/StarterContent/Maps/UEDPIE_0_NewJohnLevel.NewJohnLevel (0.024374s)
[2019.01.25-23.07.53:933][296]LogInit: XAudio2 using 'Headset Earphone (Razer ManO'War)' : 2 channels at 48 kHz using 16 bits per sample (channel mask 0x3)
[2019.01.25-23.07.53:944][296]LogInit: FAudioDevice initialized.
[2019.01.25-23.07.53:982][296]LogLoad: Game class is 'GGJ2019GM_C'
[2019.01.25-23.07.53:998][296]LogWorld: Bringing World /Game/StarterContent/Maps/UEDPIE_0_NewJohnLevel.NewJohnLevel up for play (max tick rate 0) at 2019.01.25-23.07.53
[2019.01.25-23.07.54:001][296]LogWorld: Bringing up level for play took: 0.018151
[2019.01.25-23.07.54:019][296]PIE: Play in editor start time for /Game/StarterContent/Maps/UEDPIE_0_NewJohnLevel -0.424
[2019.01.25-23.08.10:706][285]LogSlate: Updating window title bar state: overlay mode, drag disabled, window buttons hidden, title bar hidden
[2019.01.25-23.08.10:745][285]LogPlayLevel: Display: Shutting down PIE online subsystems
[2019.01.25-23.08.10:770][285]LogSlate: Updating window title bar state: overlay mode, drag disabled, window buttons hidden, title bar hidden
[2019.01.25-23.08.10:810][289]LogPlayLevel: Display: Destroying online subsystem :Context_3
[2019.01.25-23.08.11:402][360]LogTemp: Repeating last play command: Selected Viewport
[2019.01.25-23.08.11:420][360]LogPlayLevel: PlayLevel: No blueprints needed recompiling
[2019.01.25-23.08.11:420][360]PIE: New page: PIE session: NewJohnLevel (25 Jan 2019 23:08:11)
[2019.01.25-23.08.11:420][360]LogPlayLevel: Creating play world package: /Game/StarterContent/Maps/UEDPIE_0_NewJohnLevel
[2019.01.25-23.08.11:445][360]LogPlayLevel: PIE: StaticDuplicateObject took: (0.024318s)
[2019.01.25-23.08.11:446][360]LogAIModule: Creating AISystem for world NewJohnLevel
[2019.01.25-23.08.11:446][360]LogPlayLevel: PIE: World Init took: (0.000833s)
[2019.01.25-23.08.11:446][360]LogPlayLevel: PIE: Created PIE world by copying editor world from /Game/StarterContent/Maps/NewJohnLevel.NewJohnLevel to /Game/StarterContent/Maps/UEDPIE_0_NewJohnLevel.NewJohnLevel (0.025586s)
[2019.01.25-23.08.11:476][360]LogInit: XAudio2 using 'Headset Earphone (Razer ManO'War)' : 2 channels at 48 kHz using 16 bits per sample (channel mask 0x3)
[2019.01.25-23.08.11:487][360]LogInit: FAudioDevice initialized.
[2019.01.25-23.08.11:520][360]LogLoad: Game class is 'GGJ2019GM_C'
[2019.01.25-23.08.11:527][360]LogWorld: Bringing World /Game/StarterContent/Maps/UEDPIE_0_NewJohnLevel.NewJohnLevel up for play (max tick rate 0) at 2019.01.25-23.08.11
[2019.01.25-23.08.11:528][360]LogWorld: Bringing up level for play took: 0.007308
[2019.01.25-23.08.11:543][360]PIE: Play in editor start time for /Game/StarterContent/Maps/UEDPIE_0_NewJohnLevel 1.099
[2019.01.25-23.08.27:473][265]LogSlate: Updating window title bar state: overlay mode, drag disabled, window buttons hidden, title bar hidden
[2019.01.25-23.08.27:512][265]LogPlayLevel: Display: Shutting down PIE online subsystems
[2019.01.25-23.08.27:538][265]LogSlate: Updating window title bar state: overlay mode, drag disabled, window buttons hidden, title bar hidden
[2019.01.25-23.08.27:577][269]LogPlayLevel: Display: Destroying online subsystem :Context_4
[2019.01.25-23.08.29:582][505]LogActor: Warning: Enemy_BP_Base_C /Engine/Transient.World_1:PersistentLevel.Enemy_BP_Base_C_0 has natively added scene component(s), but none of them were set as the actor's RootComponent - picking one arbitrarily
[2019.01.25-23.08.30:572][620]LogAssetEditorManager: Opening Asset editor for Blueprint /Game/NavigationNode_BP_Base.NavigationNode_BP_Base
[2019.01.25-23.08.31:152][620]LogContentBrowser: Native class hierarchy updated for 'BlueprintGraph' in 0.0010 seconds. Added 116 classes and 0 folders.
[2019.01.25-23.08.32:225][620]LogSlate: Took 0.000511 seconds to synchronously load lazily loaded font '../../../Engine/Content/Slate/Fonts/Roboto-BoldCondensed.ttf' (158K)
[2019.01.25-23.08.39:162][383]BlueprintLog: New page: Compile NavigationNode_BP_Base
[2019.01.25-23.08.40:960][536]LogTemp: Repeating last play command: Selected Viewport
[2019.01.25-23.08.40:987][536]LogPlayLevel: PlayLevel: No blueprints needed recompiling
[2019.01.25-23.08.40:987][536]PIE: New page: PIE session: NewJohnLevel (25 Jan 2019 23:08:40)
[2019.01.25-23.08.40:987][536]LogPlayLevel: Creating play world package: /Game/StarterContent/Maps/UEDPIE_0_NewJohnLevel
[2019.01.25-23.08.41:017][536]LogPlayLevel: PIE: StaticDuplicateObject took: (0.029869s)
[2019.01.25-23.08.41:018][536]LogAIModule: Creating AISystem for world NewJohnLevel
[2019.01.25-23.08.41:018][536]LogPlayLevel: PIE: World Init took: (0.000877s)
[2019.01.25-23.08.41:018][536]LogPlayLevel: PIE: Created PIE world by copying editor world from /Game/StarterContent/Maps/NewJohnLevel.NewJohnLevel to /Game/StarterContent/Maps/UEDPIE_0_NewJohnLevel.NewJohnLevel (0.031115s)
[2019.01.25-23.08.41:058][536]LogInit: XAudio2 using 'Headset Earphone (Razer ManO'War)' : 2 channels at 48 kHz using 16 bits per sample (channel mask 0x3)
[2019.01.25-23.08.41:069][536]LogInit: FAudioDevice initialized.
[2019.01.25-23.08.41:105][536]LogLoad: Game class is 'GGJ2019GM_C'
[2019.01.25-23.08.41:111][536]LogWorld: Bringing World /Game/StarterContent/Maps/UEDPIE_0_NewJohnLevel.NewJohnLevel up for play (max tick rate 0) at 2019.01.25-23.08.41
[2019.01.25-23.08.41:112][536]LogWorld: Bringing up level for play took: 0.005625
[2019.01.25-23.08.41:126][536]PIE: Play in editor start time for /Game/StarterContent/Maps/UEDPIE_0_NewJohnLevel 0.682
[2019.01.25-23.13.55:202][204]LogSlate: Updating window title bar state: overlay mode, drag disabled, window buttons hidden, title bar hidden
[2019.01.25-23.13.55:241][204]LogPlayLevel: Display: Shutting down PIE online subsystems
[2019.01.25-23.13.55:276][204]LogSlate: Updating window title bar state: overlay mode, drag disabled, window buttons hidden, title bar hidden
[2019.01.25-23.13.55:308][207]LogPlayLevel: Display: Destroying online subsystem :Context_10
[2019.01.25-23.13.55:966][286]LogTemp: Repeating last play command: Selected Viewport
[2019.01.25-23.13.55:985][286]LogPlayLevel: PlayLevel: No blueprints needed recompiling
[2019.01.25-23.13.55:985][286]PIE: New page: PIE session: NewJohnLevel (25 Jan 2019 23:13:55)
[2019.01.25-23.13.55:985][286]LogPlayLevel: Creating play world package: /Game/StarterContent/Maps/UEDPIE_0_NewJohnLevel
[2019.01.25-23.13.56:009][286]LogPlayLevel: PIE: StaticDuplicateObject took: (0.024051s)
[2019.01.25-23.13.56:010][286]LogAIModule: Creating AISystem for world NewJohnLevel
[2019.01.25-23.13.56:010][286]LogPlayLevel: PIE: World Init took: (0.000940s)
[2019.01.25-23.13.56:010][286]LogPlayLevel: PIE: Created PIE world by copying editor world from /Game/StarterContent/Maps/NewJohnLevel.NewJohnLevel to /Game/StarterContent/Maps/UEDPIE_0_NewJohnLevel.NewJohnLevel (0.025387s)
[2019.01.25-23.13.56:051][286]LogInit: XAudio2 using 'Headset Earphone (Razer ManO'War)' : 2 channels at 48 kHz using 16 bits per sample (channel mask 0x3)
[2019.01.25-23.13.56:062][286]LogInit: FAudioDevice initialized.
[2019.01.25-23.13.56:100][286]LogLoad: Game class is 'GGJ2019GM_C'
[2019.01.25-23.13.56:114][286]LogWorld: Bringing World /Game/StarterContent/Maps/UEDPIE_0_NewJohnLevel.NewJohnLevel up for play (max tick rate 0) at 2019.01.25-23.13.56
[2019.01.25-23.13.56:116][286]LogWorld: Bringing up level for play took: 0.014952
[2019.01.25-23.13.56:134][286]PIE: Play in editor start time for /Game/StarterContent/Maps/UEDPIE_0_NewJohnLevel -0.312
[2019.01.25-23.14.18:682][983]LogSlate: Updating window title bar state: overlay mode, drag disabled, window buttons hidden, title bar hidden
[2019.01.25-23.14.18:726][983]LogPlayLevel: Display: Shutting down PIE online subsystems
[2019.01.25-23.14.18:767][983]LogSlate: Updating window title bar state: overlay mode, drag disabled, window buttons hidden, title bar hidden
[2019.01.25-23.14.18:784][984]LogPlayLevel: Display: Destroying online subsystem :Context_11
[2019.01.25-23.14.47:680][450]LogTemp: Repeating last play command: Selected Viewport
[2019.01.25-23.14.47:700][450]LogPlayLevel: PlayLevel: No blueprints needed recompiling
[2019.01.25-23.14.47:700][450]PIE: New page: PIE session: NewJohnLevel (25 Jan 2019 23:14:47)
[2019.01.25-23.14.47:700][450]LogPlayLevel: Creating play world package: /Game/StarterContent/Maps/UEDPIE_0_NewJohnLevel
[2019.01.25-23.14.47:724][450]LogPlayLevel: PIE: StaticDuplicateObject took: (0.023557s)
[2019.01.25-23.14.47:725][450]LogAIModule: Creating AISystem for world NewJohnLevel
[2019.01.25-23.14.47:725][450]LogPlayLevel: PIE: World Init took: (0.001300s)
[2019.01.25-23.14.47:725][450]LogPlayLevel: PIE: Created PIE world by copying editor world from /Game/StarterContent/Maps/NewJohnLevel.NewJohnLevel to /Game/StarterContent/Maps/UEDPIE_0_NewJohnLevel.NewJohnLevel (0.025305s)
[2019.01.25-23.14.47:765][450]LogInit: XAudio2 using 'Headset Earphone (Razer ManO'War)' : 2 channels at 48 kHz using 16 bits per sample (channel mask 0x3)
[2019.01.25-23.14.47:777][450]LogInit: FAudioDevice initialized.
[2019.01.25-23.14.47:812][450]LogLoad: Game class is 'GGJ2019GM_C'
[2019.01.25-23.14.47:826][450]LogWorld: Bringing World /Game/StarterContent/Maps/UEDPIE_0_NewJohnLevel.NewJohnLevel up for play (max tick rate 0) at 2019.01.25-23.14.47
[2019.01.25-23.14.47:828][450]LogWorld: Bringing up level for play took: 0.014906
[2019.01.25-23.14.47:844][450]PIE: Play in editor start time for /Game/StarterContent/Maps/UEDPIE_0_NewJohnLevel -0.602
[2019.01.25-23.15.14:079][592]LogSlate: Updating window title bar state: overlay mode, drag disabled, window buttons hidden, title bar hidden
[2019.01.25-23.15.14:119][592]LogPlayLevel: Display: Shutting down PIE online subsystems
[2019.01.25-23.15.14:148][592]LogSlate: Updating window title bar state: overlay mode, drag disabled, window buttons hidden, title bar hidden
[2019.01.25-23.15.14:178][594]LogPlayLevel: Display: Destroying online subsystem :Context_12
[2019.01.25-23.15.15:521][753]LogSlate: FSceneViewport::OnFocusLost() reason 2
[2019.01.25-23.15.16:575][877]MapCheck: New page: Map Check
[2019.01.25-23.15.16:589][877]LogSlate: FSceneViewport::OnFocusLost() reason 2
[2019.01.25-23.15.16:591][877]Cmd: MAP REBUILD ALLVISIBLE
[2019.01.25-23.15.16:592][877]LogEditorServer: Rebuildmap Clear paths rebuilt
[2019.01.25-23.15.16:843][877]LightingResults: New page: Lighting Build - 25 Jan 2019 23:15:16
[2019.01.25-23.15.16:964][877]LogSwarmInterface: [OpenConnection] Registering TCP channel ...
[2019.01.25-23.15.17:138][877]LogSwarmInterface: [OpenConnection] Connecting to agent ...
[2019.01.25-23.15.17:156][877]LogSwarmInterface: [TryOpenConnection] Testing the Agent
[2019.01.25-23.15.18:191][877]LogSwarmInterface: [TryOpenConnection] Opening Connection to Agent
[2019.01.25-23.15.18:192][877]LogSwarmInterface: [TryOpenConnection] Local Process ID is 18804
[2019.01.25-23.15.29:869][877]LogStaticLightingSystem: Warning: No importance volume found, so the scene bounding box was used.  You can optimize your scene's quality and lighting build times by adding importance volumes.
[2019.01.25-23.15.29:870][877]LogStaticLightingSystem: Running Lightmass w/ ImmediateImport mode ENABLED
[2019.01.25-23.15.29:870][877]LogStaticLightingSystem: Running Lightmass w/ ImmediateProcess mode ENABLED
[2019.01.25-23.15.29:870][877]LogStaticLightingSystem: Running Lightmass w/ Sorting mode ENABLED
[2019.01.25-23.15.29:870][877]LogStaticLightingSystem: Running Lightmass w/ Mapping paddings ENABLED
[2019.01.25-23.15.29:870][877]LogStaticLightingSystem: Running Lightmass w/ Mapping debug paddings DISABLED
[2019.01.25-23.15.30:162][877]LogEditorBuildUtils: Build time 0:13
[2019.01.25-23.15.30:173][877]LogMaterial: Display: Missing cached shader map for material FLightmassMaterialRenderer MaterialInstanceDynamic_0, compiling. 
[2019.01.25-23.15.30:195][877]LogMaterial: Display: Missing cached shader map for material FLightmassMaterialRenderer MaterialInstanceDynamic_0, compiling. 
[2019.01.25-23.15.30:216][878]LogShaderCompilers: Display: Shaders left to compile 2
[2019.01.25-23.15.31:305][878]LogShaderCompilers: Display: Shaders left to compile 2
[2019.01.25-23.15.34:478][ 71]Job is a success!
[2019.01.25-23.15.34:504][ 72]LogSlate: FSceneViewport::OnFocusLost() reason 2
[2019.01.25-23.15.34:538][ 72]LogVolumetricLightmapImport: Imported Volumetric Lightmap in 0.021s
[2019.01.25-23.15.34:538][ 72]LogVolumetricLightmapImport:      Indirection Texture 16x16x16 = 0.0Mb
[2019.01.25-23.15.34:538][ 72]LogVolumetricLightmapImport:      BrickData 300x5x5 = 0.3Mb (trimmed 0.0Mb due to 0.010000 MinBrickError)
[2019.01.25-23.15.34:538][ 72]LogVolumetricLightmapImport:      Bricks at Level
[2019.01.25-23.15.34:538][ 72]LogVolumetricLightmapImport:          0: 1.7% covering 100.0% of volume
[2019.01.25-23.15.34:538][ 72]LogVolumetricLightmapImport:          1: 6.7% covering 6.3% of volume
[2019.01.25-23.15.34:539][ 72]LogVolumetricLightmapImport:          2: 91.7% covering 1.3% of volume
[2019.01.25-23.15.34:947][ 72]LogTexture: Display: Building textures: SkyOcclusion0_1 (AutoDXT, 1024X512)
[2019.01.25-23.15.34:948][ 72]LogTexture: Display: Building textures: HQ_Lightmap0_1 (AutoDXT, 1024X1024)
[2019.01.25-23.15.34:948][ 72]LogTexture: Display: Building textures: LQ_Lightmap_0_1 (DXT1, 1024X1024)
[2019.01.25-23.15.34:948][ 72]LogTexture: Display: Building textures: SkyOcclusion0_2 (AutoDXT, 64X32)
[2019.01.25-23.15.34:948][ 72]LogTexture: Display: Building textures: HQ_Lightmap0_2 (AutoDXT, 64X64)
[2019.01.25-23.15.34:948][ 72]LogTexture: Display: Building textures: LQ_Lightmap_0_2 (DXT1, 64X64)
[2019.01.25-23.15.35:025][ 72]LogTexture: Display: Building textures: ShadowMapTexture2D_1 (G8, 32X32)
[2019.01.25-23.15.35:025][ 72]LogTexture: Display: Building textures: ShadowMapTexture2D_0 (G8, 512X512)
[2019.01.25-23.15.35:062][ 72]Lightmass on C115-11: 2.46 sec total, 190 ms importing, 28 ms setup, 469 ms photons, 1.74 sec processing, 0 ms extra exporting [337/337 mappings]. Threads: 12.0 sec total, 3.44 sec processing.
[2019.01.25-23.15.35:120][ 72]LogStaticLightingSystem: Illumination: 18.2 sec (271 ms encoding lightmaps, 71 ms encoding shadowmaps)
[2019.01.25-23.15.35:121][ 72]LogStaticLightingSystem: Lightmap texture memory:  2.7 MB (0.0 MB streaming, 2.7 MB non-streaming), 4 textures
[2019.01.25-23.15.35:121][ 72]LogStaticLightingSystem: Shadowmap texture memory: 0.3 MB (0.0 MB streaming, 0.3 MB non-streaming), 2 textures
[2019.01.25-23.15.35:896][ 72]DumpUnbuiltLightIteractions
[2019.01.25-23.15.35:896][ 72]Lights with unbuilt interactions: 0
[2019.01.25-23.15.35:896][ 72]
[2019.01.25-23.15.35:897][ 72]Primitives with unbuilt interactions: 0
[2019.01.25-23.15.35:919][ 72]LogSlate: FSceneViewport::OnFocusLost() reason 2
[2019.01.25-23.15.35:971][ 73]Cmd: MAP CHECK NOTIFYRESULTS
[2019.01.25-23.15.35:971][ 73]MapCheck: New page: NewJohnLevel - 25 Jan 2019 23:15:35
[2019.01.25-23.15.36:226][ 73]MapCheck: Map check complete: 0 Error(s), 0 Warning(s), took 254.796ms to complete.
[2019.01.25-23.19.28:077][400]LogSlate: FSceneViewport::OnFocusLost() reason 0
[2019.01.25-23.19.28:152][409]LogTemp: Repeating last play command: Selected Viewport
[2019.01.25-23.19.28:172][409]LogPlayLevel: PlayLevel: No blueprints needed recompiling
[2019.01.25-23.19.28:172][409]PIE: New page: PIE session: NewJohnLevel (25 Jan 2019 23:19:28)
[2019.01.25-23.19.28:172][409]LogPlayLevel: Creating play world package: /Game/StarterContent/Maps/UEDPIE_0_NewJohnLevel
[2019.01.25-23.19.28:197][409]LogPlayLevel: PIE: StaticDuplicateObject took: (0.024885s)
[2019.01.25-23.19.28:198][409]LogAIModule: Creating AISystem for world NewJohnLevel
[2019.01.25-23.19.28:199][409]LogPlayLevel: PIE: World Init took: (0.001628s)
[2019.01.25-23.19.28:199][409]LogPlayLevel: PIE: Created PIE world by copying editor world from /Game/StarterContent/Maps/NewJohnLevel.NewJohnLevel to /Game/StarterContent/Maps/UEDPIE_0_NewJohnLevel.NewJohnLevel (0.027015s)
[2019.01.25-23.19.28:237][409]LogInit: XAudio2 using 'Headset Earphone (Razer ManO'War)' : 2 channels at 48 kHz using 16 bits per sample (channel mask 0x3)
[2019.01.25-23.19.28:251][409]LogInit: FAudioDevice initialized.
[2019.01.25-23.19.28:283][409]LogLoad: Game class is 'GGJ2019GM_C'
[2019.01.25-23.19.28:289][409]LogWorld: Bringing World /Game/StarterContent/Maps/UEDPIE_0_NewJohnLevel.NewJohnLevel up for play (max tick rate 0) at 2019.01.25-23.19.28
[2019.01.25-23.19.28:291][409]LogWorld: Bringing up level for play took: 0.007373
[2019.01.25-23.19.28:307][409]PIE: Play in editor start time for /Game/StarterContent/Maps/UEDPIE_0_NewJohnLevel -0.139
[2019.01.25-23.19.35:503][266]LogSlate: Updating window title bar state: overlay mode, drag disabled, window buttons hidden, title bar hidden
[2019.01.25-23.19.35:544][266]LogPlayLevel: Display: Shutting down PIE online subsystems
[2019.01.25-23.19.35:598][266]LogSlate: Updating window title bar state: overlay mode, drag disabled, window buttons hidden, title bar hidden
[2019.01.25-23.19.35:623][267]LogPlayLevel: Display: Destroying online subsystem :Context_13
[2019.01.25-23.24.38:170][530]LogSlate: FSceneViewport::OnFocusLost() reason 2
[2019.01.25-23.24.38:639][530]LogSavePackage: Moving '../../../../../../Users/w017177h.STUDENT/Documents/Github/GGJ2019/GGJ2019/Saved/NewJohnLevel_Auto174E565D848C16EE7AEA8C6A77DB9B62E.tmp' to '../../../../../../Users/w017177h.STUDENT/Documents/Github/GGJ2019/GGJ2019/Saved/Autosaves/Game/StarterContent/Maps/NewJohnLevel_Auto1.umap'
[2019.01.25-23.24.38:648][530]LogFileHelpers: Editor autosave (incl. sublevels) for '/Game/StarterContent/Maps/NewJohnLevel' took 0.462
[2019.01.25-23.24.38:649][530]LogFileHelpers: Editor autosave (incl. sublevels) for all levels took 0.462
[2019.01.25-23.24.38:652][530]OBJ SavePackage: Generating thumbnails for [0] asset(s) in package [/Game/NavigationNode_BP_Base] ([1] browsable assets)...
[2019.01.25-23.24.38:652][530]OBJ SavePackage: Finished generating thumbnails for package [/Game/NavigationNode_BP_Base]
[2019.01.25-23.24.38:707][530]LogSavePackage: Moving '../../../../../../Users/w017177h.STUDENT/Documents/Github/GGJ2019/GGJ2019/Saved/NavigationNode_BP_Base_Auto16A245A01408F8D62F9DC2994B006A7AC.tmp' to '../../../../../../Users/w017177h.STUDENT/Documents/Github/GGJ2019/GGJ2019/Saved/Autosaves/Game/NavigationNode_BP_Base_Auto1.uasset'
[2019.01.25-23.24.38:712][530]OBJ SavePackage: Generating thumbnails for [0] asset(s) in package [/Game/StarterContent/Maps/NewJohnLevel_BuiltData] ([1] browsable assets)...
[2019.01.25-23.24.38:712][530]OBJ SavePackage: Finished generating thumbnails for package [/Game/StarterContent/Maps/NewJohnLevel_BuiltData]
[2019.01.25-23.24.38:746][530]LogSavePackage: Moving '../../../../../../Users/w017177h.STUDENT/Documents/Github/GGJ2019/GGJ2019/Saved/NewJohnLevel_BuiltData_Auto19ED104BD431D9D4F23BAE9BC2FBC7A6F.tmp' to '../../../../../../Users/w017177h.STUDENT/Documents/Github/GGJ2019/GGJ2019/Saved/Autosaves/Game/StarterContent/Maps/NewJohnLevel_BuiltData_Auto1.uasset'
[2019.01.25-23.24.38:749][530]LogFileHelpers: Auto-saving content packages took 0.099
