Log file open, 01/27/19 02:13:18
LogWindows: Failed to load 'aqProf.dll' (GetLastError=126)
LogWindows: File 'aqProf.dll' does not exist
LogWindows: Failed to load 'VSPerf140.dll' (GetLastError=126)
LogWindows: File 'VSPerf140.dll' does not exist
LogWindows: Failed to load 'VtuneApi.dll' (GetLastError=126)
LogWindows: File 'VtuneApi.dll' does not exist
LogWindows: Failed to load 'VtuneApi32e.dll' (GetLastError=126)
LogWindows: File 'VtuneApi32e.dll' does not exist
LogInit: Display: Running engine for game: GGJ2019
LogPlatformFile: Not using cached read wrapper
LogTaskGraph: Started task graph with 5 named threads and 23 total threads with 3 sets of task threads.
LogStats: Stats thread started at 0.450851
LogD3D11RHI: Loaded GFSDK_Aftermath_Lib.x64.dll
LogICUInternationalization: Display: ICU TimeZone Detection - Raw Offset: +0:00, Platform Override: ''
LogPluginManager: Mounting plugin Paper2D
LogPluginManager: Mounting plugin AISupport
LogPluginManager: Mounting plugin LightPropagationVolume
LogPluginManager: Mounting plugin CLionSourceCodeAccess
LogPluginManager: Mounting plugin CodeLiteSourceCodeAccess
LogPluginManager: Mounting plugin GitSourceControl
LogPluginManager: Mounting plugin KDevelopSourceCodeAccess
LogPluginManager: Mounting plugin NullSourceCodeAccess
LogPluginManager: Mounting plugin PerforceSourceControl
LogPluginManager: Mounting plugin SubversionSourceControl
LogPluginManager: Mounting plugin UObjectPlugin
LogPluginManager: Mounting plugin VisualStudioCodeSourceCodeAccess
LogPluginManager: Mounting plugin VisualStudioSourceCodeAccess
LogPluginManager: Mounting plugin XCodeSourceCodeAccess
LogPluginManager: Mounting plugin AssetManagerEditor
LogPluginManager: Mounting plugin CryptoKeys
LogPluginManager: Mounting plugin DataValidation
LogPluginManager: Mounting plugin FacialAnimation
LogPluginManager: Mounting plugin GameplayTagsEditor
LogPluginManager: Mounting plugin MacGraphicsSwitching
LogPluginManager: Mounting plugin MeshEditor
LogPluginManager: Mounting plugin MobileLauncherProfileWizard
LogPluginManager: Mounting plugin PluginBrowser
LogPluginManager: Mounting plugin SpeedTreeImporter
LogPluginManager: Mounting plugin DatasmithContent
LogPluginManager: Mounting plugin AlembicImporter
LogPluginManager: Mounting plugin AppleImageUtils
LogPluginManager: Mounting plugin AppleVision
LogPluginManager: Mounting plugin BackChannel
LogPluginManager: Mounting plugin CharacterAI
LogPluginManager: Mounting plugin GeometryCache
LogPluginManager: Mounting plugin HTML5Networking
LogPluginManager: Mounting plugin ProxyLODPlugin
LogPluginManager: Mounting plugin MagicLeap
LogPluginManager: Mounting plugin MagicLeapEmulator
LogPluginManager: Mounting plugin MagicLeapMedia
LogPluginManager: Mounting plugin AndroidMedia
LogPluginManager: Mounting plugin AvfMedia
LogPluginManager: Mounting plugin ImgMedia
LogPluginManager: Mounting plugin LinearTimecode
LogPluginManager: Mounting plugin MediaCompositing
LogPluginManager: Mounting plugin MediaPlayerEditor
LogPluginManager: Mounting plugin WmfMedia
LogPluginManager: Mounting plugin TcpMessaging
LogPluginManager: Mounting plugin UdpMessaging
LogPluginManager: Mounting plugin ActorSequence
LogPluginManager: Mounting plugin LevelSequenceEditor
LogPluginManager: Mounting plugin MatineeToLevelSequence
LogPluginManager: Mounting plugin NetcodeUnitTest
LogPluginManager: Mounting plugin NUTUnrealEngine4
LogPluginManager: Mounting plugin OnlineSubsystemGooglePlay
LogPluginManager: Mounting plugin OnlineSubsystemIOS
LogPluginManager: Mounting plugin OnlineSubsystem
LogPluginManager: Mounting plugin OnlineSubsystemNull
LogPluginManager: Mounting plugin OnlineSubsystemUtils
LogPluginManager: Mounting plugin LauncherChunkInstaller
LogPluginManager: Mounting plugin AndroidDeviceProfileSelector
LogPluginManager: Mounting plugin AndroidMoviePlayer
LogPluginManager: Mounting plugin AndroidPermission
LogPluginManager: Mounting plugin AppleMoviePlayer
LogPluginManager: Mounting plugin ArchVisCharacter
LogPluginManager: Mounting plugin AudioCapture
LogPluginManager: Mounting plugin CableComponent
LogPluginManager: Mounting plugin CustomMeshComponent
LogPluginManager: Mounting plugin EditableMesh
LogPluginManager: Mounting plugin ExampleDeviceProfileSelector
LogPluginManager: Mounting plugin GoogleCloudMessaging
LogPluginManager: Mounting plugin ImmediatePhysics
LogPluginManager: Mounting plugin IOSDeviceProfileSelector
LogPluginManager: Mounting plugin LinuxDeviceProfileSelector
LogPluginManager: Mounting plugin LocationServicesBPLibrary
LogPluginManager: Mounting plugin MobilePatchingUtils
LogPluginManager: Mounting plugin OculusVR
LogPluginManager: Plugin shader directory ../../../Engine/Plugins/Runtime/Oculus/OculusVR/Shaders found
LogPluginManager: Mapping shader source directory ../../../Engine/Plugins/Runtime/Oculus/OculusVR/Shaders to virtual directory /Plugin/OculusVR
LogPluginManager: Mounting plugin PhysXVehicles
LogPluginManager: Mounting plugin ProceduralMeshComponent
LogPluginManager: Mounting plugin RuntimePhysXCooking
LogPluginManager: Mounting plugin SteamVR
LogPluginManager: Mounting plugin WindowsMoviePlayer
LogStreaming: Display: Took  0.326s to configure plugins.
LogInit: Using libcurl 7.55.1-DEV
LogInit:  - built for x86_64-pc-win32
LogInit:  - supports SSL with OpenSSL/1.0.2h
LogInit:  - supports HTTP deflate (compression) using libz 1.2.8
LogInit:  - other features:
LogInit:      CURL_VERSION_SSL
LogInit:      CURL_VERSION_LIBZ
LogInit:      CURL_VERSION_IPV6
LogInit:      CURL_VERSION_ASYNCHDNS
LogInit:      CURL_VERSION_LARGEFILE
LogInit:      CURL_VERSION_IDN
LogInit:  CurlRequestOptions (configurable via config and command line):
LogInit:  - bVerifyPeer = false  - Libcurl will NOT verify peer certificate
LogInit:  - bUseHttpProxy = false  - Libcurl will NOT use HTTP proxy
LogInit:  - bDontReuseConnections = false  - Libcurl will reuse connections
LogInit:  - CertBundlePath = nullptr  - Libcurl will use whatever was configured at build time.
LogInit:  - MaxHostConnections = 16  - Libcurl will limit the number of connections to a host
LogInit:  - LocalHostAddr = Default
LogInit:  - BufferSize = 65536
LogInit: WinSock: version 1.1 (2.2), MaxSocks=32767, MaxUdp=65467
LogInit: Build: ++UE4+Release-4.20-CL-4369336
LogInit: Engine Version: 4.20.3-4369336+++UE4+Release-4.20
LogInit: Compatible Engine Version: 4.20.0-4212847+++UE4+Release-4.20
LogInit: Net CL: 4212847
LogInit: OS: Windows 10 (), CPU: Intel(R) Xeon(R) CPU E5-1620 v3 @ 3.50GHz, GPU: NVIDIA GeForce GTX 970
LogInit: Compiled (64-bit): Sep 17 2018 12:26:19
LogInit: Compiled with Visual C++: 19.13.26129.00
LogInit: Build Configuration: Development
LogInit: Branch Name: ++UE4+Release-4.20
LogInit: Command Line:  -skipcompile
LogInit: Base Directory: C:/Epic/UE4/UE_4.20/Engine/Binaries/Win64/
LogInit: Installed Engine Build: 1
LogDevObjectVersion: Number of dev versions registered: 20
LogDevObjectVersion:   Dev-Blueprints (B0D832E4-1F89-4F0D-ACCF-7EB736FD4AA2): 10
LogDevObjectVersion:   Dev-Build (E1C64328-A22C-4D53-A36C-8E866417BD8C): 0
LogDevObjectVersion:   Dev-Core (375EC13C-06E4-48FB-B500-84F0262A717E): 2
LogDevObjectVersion:   Dev-Editor (E4B068ED-F494-42E9-A231-DA0B2E46BB41): 24
LogDevObjectVersion:   Dev-Framework (CFFC743F-43B0-4480-9391-14DF171D2073): 34
LogDevObjectVersion:   Dev-Mobile (B02B49B5-BB20-44E9-A304-32B752E40360): 2
LogDevObjectVersion:   Dev-Networking (A4E4105C-59A1-49B5-A7C5-40C4547EDFEE): 0
LogDevObjectVersion:   Dev-Online (39C831C9-5AE6-47DC-9A44-9C173E1C8E7C): 0
LogDevObjectVersion:   Dev-Physics (78F01B33-EBEA-4F98-B9B4-84EACCB95AA2): 0
LogDevObjectVersion:   Dev-Platform (6631380F-2D4D-43E0-8009-CF276956A95A): 0
LogDevObjectVersion:   Dev-Rendering (12F88B9F-8875-4AFC-A67C-D90C383ABD29): 26
LogDevObjectVersion:   Dev-Sequencer (7B5AE74C-D270-4C10-A958-57980B212A5A): 9
LogDevObjectVersion:   Dev-VR (D7296918-1DD6-4BDD-9DE2-64A83CC13884): 2
LogDevObjectVersion:   Dev-LoadTimes (C2A15278-BFE7-4AFE-6C17-90FF531DF755): 1
LogDevObjectVersion:   Private-Geometry (6EACA3D4-40EC-4CC1-B786-8BED09428FC5): 3
LogDevObjectVersion:   Dev-AnimPhys (29E575DD-E0A3-4627-9D10-D276232CDCEA): 17
LogDevObjectVersion:   Dev-ReflectionCapture (6B266CEC-1EC7-4B8F-A30B-E4D90942FC07): 1
LogDevObjectVersion:   Dev-Automation (0DF73D61-A23F-47EA-B727-89E90C41499A): 1
LogDevObjectVersion:   FortniteMain (601D1886-AC64-4F84-AA16-D3DE0DEAC7D6): 12
LogDevObjectVersion:   Dev-Enterprise (9DFFBCD6-494F-0158-E221-12823C92A888): 1
LogStreaming: Display: Took  0.010s to delete old logs.
LogInit: Presizing for max 8388607 objects, including 0 objects not considered by GC, pre-allocating 0 bytes for permanent pool.
LogInit: Object subsystem initialized
[2019.01.27-02.13.19:118][  0]LogInit: Selected Device Profile: [Windows]
[2019.01.27-02.13.19:118][  0]LogInit: Applying CVar settings loaded from the selected device profile: [Windows]
[2019.01.27-02.13.19:136][  0]LogHAL: Display: Platform has ~ 16 GB [17092038656 / 17179869184 / 16], which maps to Larger [LargestMinGB=32, LargerMinGB=12, DefaultMinGB=8, SmallerMinGB=6, SmallestMinGB=0)
[2019.01.27-02.13.19:136][  0]LogInit: Setting Device Profile CVar: [[r.Vulkan.UseRealUBs:1]]
[2019.01.27-02.13.19:136][  0]LogInit: Going up to parent DeviceProfile []
[2019.01.27-02.13.19:137][  0]LogInit: Computer: C115-8
[2019.01.27-02.13.19:137][  0]LogInit: User: p018236h
[2019.01.27-02.13.19:137][  0]LogInit: CPU Page size=4096, Cores=4
[2019.01.27-02.13.19:137][  0]LogInit: High frequency timer resolution =3.410076 MHz
[2019.01.27-02.13.19:138][  0]LogMemory: Memory total: Physical=15.9GB (16GB approx)
[2019.01.27-02.13.19:138][  0]LogMemory: Platform Memory Stats for Windows
[2019.01.27-02.13.19:138][  0]LogMemory: Process Physical Memory: 102.86 MB used, 102.86 MB peak
[2019.01.27-02.13.19:138][  0]LogMemory: Process Virtual Memory: 93.42 MB used, 93.42 MB peak
[2019.01.27-02.13.19:138][  0]LogMemory: Physical Memory: 6271.28 MB used,  10028.96 MB free, 16300.24 MB total
[2019.01.27-02.13.19:138][  0]LogMemory: Virtual Memory: 4642.52 MB used,  10028.96 MB free, 134217728.00 MB total
[2019.01.27-02.13.19:282][  0]LogInit: Using OS detected language (en-US).
[2019.01.27-02.13.19:282][  0]LogInit: Using OS detected locale (en-GB).
[2019.01.27-02.13.19:284][  0]LogTextLocalizationManager: No specific localization for 'en-US' exists, so the 'en' localization will be used.
[2019.01.27-02.13.19:679][  0]LogStreaming: Display: Took  0.396s to InitEngineTextLocalization.
[2019.01.27-02.13.19:679][  0]LogInit: Setting process to per monitor DPI aware
[2019.01.27-02.13.19:749][  0]LogSlate: New Slate User Created.  User Index 0, Is Virtual User: 0
[2019.01.27-02.13.19:749][  0]LogSlate: Slate User Registered.  User Index 0, Is Virtual User: 0
[2019.01.27-02.13.20:096][  0]LogHMD: Failed to initialize OpenVR with code 110
[2019.01.27-02.13.20:096][  0]LogD3D11RHI: D3D11 adapters:
[2019.01.27-02.13.20:189][  0]LogD3D11RHI:    0. 'NVIDIA GeForce GTX 970' (Feature Level 11_0)
[2019.01.27-02.13.20:189][  0]LogD3D11RHI:       4043/0/8150 MB DedicatedVideo/DedicatedSystem/SharedSystem, Outputs:2, VendorId:0x10de
[2019.01.27-02.13.20:195][  0]LogD3D11RHI:    1. 'Microsoft Basic Render Driver' (Feature Level 11_0)
[2019.01.27-02.13.20:195][  0]LogD3D11RHI:       0/0/8150 MB DedicatedVideo/DedicatedSystem/SharedSystem, Outputs:0, VendorId:0x1414
[2019.01.27-02.13.20:195][  0]LogD3D11RHI: Chosen D3D11 Adapter: 0
[2019.01.27-02.13.20:206][  0]LogD3D11RHI: Creating new Direct3DDevice
[2019.01.27-02.13.20:206][  0]LogD3D11RHI:     GPU DeviceId: 0x13c2 (for the marketing name, search the web for "GPU Device Id")
[2019.01.27-02.13.20:206][  0]LogWindows: EnumDisplayDevices:
[2019.01.27-02.13.20:206][  0]LogWindows:    0. 'NVIDIA GeForce GTX 970' (P:1 D:1)
[2019.01.27-02.13.20:207][  0]LogWindows:    1. 'NVIDIA GeForce GTX 970' (P:0 D:1)
[2019.01.27-02.13.20:207][  0]LogWindows:    2. 'NVIDIA GeForce GTX 970' (P:0 D:0)
[2019.01.27-02.13.20:207][  0]LogWindows:    3. 'NVIDIA GeForce GTX 970' (P:0 D:0)
[2019.01.27-02.13.20:208][  0]LogWindows: DebugString: FoundDriverCount:4 
[2019.01.27-02.13.20:208][  0]LogD3D11RHI:     Adapter Name: NVIDIA GeForce GTX 970
[2019.01.27-02.13.20:208][  0]LogD3D11RHI:   Driver Version: 398.82 (internal:24.21.13.9882, unified:398.82)
[2019.01.27-02.13.20:208][  0]LogD3D11RHI:      Driver Date: 7-30-2018
[2019.01.27-02.13.20:208][  0]LogRHI: Texture pool is 2830 MB (70% of 4043 MB)
[2019.01.27-02.13.20:263][  0]LogD3D11RHI: Async texture creation enabled
[2019.01.27-02.13.20:281][  0]LogD3D11RHI: GPU Timing Frequency: 1000.000000 (Debug: 2 2)
[2019.01.27-02.13.20:326][  0]LogShaderCompilers: Guid format shader working directory is -18 characters bigger than the processId version (../../../../../../Users/p018236h.STUDENT/Documents/GameJam/GGJ2019/GGJ2019/Intermediate/Shaders/WorkingDirectory/18728/).
[2019.01.27-02.13.20:327][  0]LogShaderCompilers: Cleaned the shader compiler working directory 'C:/Users/p018236h.STUDENT/AppData/Local/Temp/UnrealShaderWorkingDir/2D61D7AC4FF36B2631837395D7AFD321/'.
[2019.01.27-02.13.20:742][  0]LogTemp: Display: Loaded TP AllDesktopTargetPlatform
[2019.01.27-02.13.20:763][  0]LogTemp: Display: Loaded TP MacClientTargetPlatform
[2019.01.27-02.13.20:783][  0]LogTemp: Display: Loaded TP MacNoEditorTargetPlatform
[2019.01.27-02.13.20:807][  0]LogTemp: Display: Loaded TP MacServerTargetPlatform
[2019.01.27-02.13.20:830][  0]LogTemp: Display: Loaded TP MacTargetPlatform
[2019.01.27-02.13.20:852][  0]LogTemp: Display: Loaded TP WindowsClientTargetPlatform
[2019.01.27-02.13.20:872][  0]LogTemp: Display: Loaded TP WindowsNoEditorTargetPlatform
[2019.01.27-02.13.20:898][  0]LogTemp: Display: Loaded TP WindowsServerTargetPlatform
[2019.01.27-02.13.20:914][  0]LogTemp: Display: Loaded TP WindowsTargetPlatform
[2019.01.27-02.13.21:048][  0]LogTemp: Display: Loaded TP AndroidTargetPlatform
[2019.01.27-02.13.21:048][  0]LogTemp: Display: Loaded TP AndroidTargetPlatform
[2019.01.27-02.13.21:048][  0]LogTemp: Display: Loaded TP AndroidTargetPlatform
[2019.01.27-02.13.21:048][  0]LogTemp: Display: Loaded TP AndroidTargetPlatform
[2019.01.27-02.13.21:048][  0]LogTemp: Display: Loaded TP AndroidTargetPlatform
[2019.01.27-02.13.21:048][  0]LogTemp: Display: Loaded TP AndroidTargetPlatform
[2019.01.27-02.13.21:048][  0]LogTemp: Display: Loaded TP AndroidTargetPlatform
[2019.01.27-02.13.21:048][  0]LogTemp: Display: Loaded TP AndroidTargetPlatform
[2019.01.27-02.13.21:048][  0]LogTemp: Display: Loaded TP AndroidTargetPlatform
[2019.01.27-02.13.21:048][  0]LogTemp: Display: Loaded TP AndroidTargetPlatform
[2019.01.27-02.13.21:048][  0]LogTemp: Display: Loaded TP AndroidTargetPlatform
[2019.01.27-02.13.21:048][  0]LogTemp: Display: Loaded TP AndroidTargetPlatform
[2019.01.27-02.13.21:049][  0]LogTemp: Display: Loaded TP AndroidTargetPlatform
[2019.01.27-02.13.21:049][  0]LogTemp: Display: Loaded TP AndroidTargetPlatform
[2019.01.27-02.13.21:049][  0]LogTemp: Display: Loaded TP AndroidTargetPlatform
[2019.01.27-02.13.21:049][  0]LogTemp: Display: Loaded TP AndroidTargetPlatform
[2019.01.27-02.13.21:049][  0]LogTemp: Display: Loaded TP AndroidTargetPlatform
[2019.01.27-02.13.21:049][  0]LogTemp: Display: Loaded TP AndroidTargetPlatform
[2019.01.27-02.13.21:056][  0]LogTemp: Display: Loaded TP HTML5TargetPlatform
[2019.01.27-02.13.21:146][  0]LogTemp: Display: Loaded TP IOSTargetPlatform
[2019.01.27-02.13.21:146][  0]LogTemp: Display: Loaded TP IOSTargetPlatform
[2019.01.27-02.13.21:190][  0]LogTemp: Display: Loaded TP TVOSTargetPlatform
[2019.01.27-02.13.21:190][  0]LogTemp: Display: Loaded TP TVOSTargetPlatform
[2019.01.27-02.13.21:208][  0]LogTemp: Display: Loaded TP LinuxClientTargetPlatform
[2019.01.27-02.13.21:228][  0]LogTemp: Display: Loaded TP LinuxNoEditorTargetPlatform
[2019.01.27-02.13.21:248][  0]LogTemp: Display: Loaded TP LinuxServerTargetPlatform
[2019.01.27-02.13.21:278][  0]LogTemp: Display: Loaded TP LinuxTargetPlatform
[2019.01.27-02.13.21:294][  0]LogTemp: Display: Loaded TP LuminTargetPlatform
[2019.01.27-02.13.21:294][  0]LogTargetPlatformManager: Display: Building Assets For Windows
[2019.01.27-02.13.21:488][  0]LogXGEController: Cleaning working directory: C:/Users/p018236h.STUDENT/AppData/Local/Temp/UnrealXGEWorkingDir/
[2019.01.27-02.13.21:489][  0]LogXGEController: Cannot use XGE Controller as Incredibuild is not installed on this machine.
[2019.01.27-02.13.21:489][  0]LogShaderCompilers: Cannot use XGE Shader Compiler as Incredibuild is not installed on this machine.
[2019.01.27-02.13.21:489][  0]LogShaderCompilers: Display: Using Local Shader Compiler.
[2019.01.27-02.13.22:566][  0]LogDerivedDataCache: Display: Max Cache Size: 512 MB
[2019.01.27-02.13.22:658][  0]LogDerivedDataCache: Loaded boot cache 0.09s 73MB C:/Users/p018236h.STUDENT/AppData/Local/UnrealEngine/4.20/DerivedDataCache/Boot.ddc.
[2019.01.27-02.13.22:659][  0]LogDerivedDataCache: Display: Loaded Boot cache: C:/Users/p018236h.STUDENT/AppData/Local/UnrealEngine/4.20/DerivedDataCache/Boot.ddc
[2019.01.27-02.13.22:659][  0]LogDerivedDataCache: FDerivedDataBackendGraph:  Pak pak cache file ../../../../../../Users/p018236h.STUDENT/Documents/GameJam/GGJ2019/GGJ2019/DerivedDataCache/DDC.ddp not found, will not use a pak cache.
[2019.01.27-02.13.22:659][  0]LogDerivedDataCache: Unable to find inner node Pak for hierarchical cache Hierarchy.
[2019.01.27-02.13.22:659][  0]LogDerivedDataCache: FDerivedDataBackendGraph:  CompressedPak pak cache file ../../../../../../Users/p018236h.STUDENT/Documents/GameJam/GGJ2019/GGJ2019/DerivedDataCache/Compressed.ddp not found, will not use a pak cache.
[2019.01.27-02.13.22:660][  0]LogDerivedDataCache: Unable to find inner node CompressedPak for hierarchical cache Hierarchy.
[2019.01.27-02.13.22:678][  0]LogDerivedDataCache: Display: Pak cache opened for reading ../../../Engine/DerivedDataCache/Compressed.ddp.
[2019.01.27-02.13.22:692][  0]LogDerivedDataCache: Using Local data cache path C:/Users/p018236h.STUDENT/AppData/Local/UnrealEngine/Common/DerivedDataCache: Writable
[2019.01.27-02.13.22:692][  0]LogDerivedDataCache: Shared data cache path not found in *engine.ini, will not use an Shared cache.
[2019.01.27-02.13.22:692][  0]LogDerivedDataCache: Unable to find inner node Shared for hierarchical cache Hierarchy.
[2019.01.27-02.13.22:721][  0]LogMaterial: Verifying Global Shaders for PCD3D_SM5
[2019.01.27-02.13.22:723][  0]LogSlate: Using FreeType 2.6.0
[2019.01.27-02.13.22:724][  0]LogSlate: SlateFontServices - WITH_FREETYPE: 1, WITH_HARFBUZZ: 1
[2019.01.27-02.13.22:809][  0]LogAssetRegistry: FAssetRegistry took 0.0288 seconds to start up
[2019.01.27-02.13.23:374][  0]LogInit: Selected Device Profile: [Windows]
[2019.01.27-02.13.23:496][  0]LogSimplygon: Simplygon DLL not present - disabling.
[2019.01.27-02.13.23:510][  0]LogMeshReduction: Using SimplygonSwarm for distributed automatic mesh merging
[2019.01.27-02.13.23:510][  0]LogMeshReduction: Using ProxyLODMeshReduction for automatic mesh merging
[2019.01.27-02.13.23:511][  0]LogMeshReduction: Using QuadricMeshReduction for automatic static mesh reduction
[2019.01.27-02.13.23:511][  0]LogMeshReduction: No automatic skeletal mesh reduction module available
[2019.01.27-02.13.23:645][  0]LogNetVersion: GGJ2019 1.0.0, NetCL: 4212847, EngineNetVer: 5, GameNetVer: 0 (Checksum: 54619999)
[2019.01.27-02.13.24:513][  0]LogPackageLocalizationCache: Processed 11 localized package path(s) for 2 prioritized culture(s) in 0.271011 seconds
[2019.01.27-02.13.24:522][  0]LogUObjectArray: 38425 objects as part of root set at end of initial load.
[2019.01.27-02.13.24:523][  0]LogUObjectAllocator: 6690864 out of 0 bytes used by permanent object pool.
[2019.01.27-02.13.24:523][  0]LogUObjectArray: CloseDisregardForGC: 0/0 objects in disregard for GC pool
[2019.01.27-02.13.25:801][  0]LogTcpMessaging: Initializing TcpMessaging bridge
[2019.01.27-02.13.25:819][  0]LogUdpMessaging: Initializing bridge on interface 0.0.0.0:0 to multicast group 230.0.0.1:6666.
[2019.01.27-02.13.26:050][  0]SourceControl: Source control is disabled
[2019.01.27-02.13.26:051][  0]SourceControl: Source control is disabled
[2019.01.27-02.13.26:055][  0]SourceControl: Source control is disabled
[2019.01.27-02.13.26:060][  0]SourceControl: Source control is disabled
[2019.01.27-02.13.26:377][  0]LogAndroidPermission: UAndroidPermissionCallbackProxy::GetInstance
[2019.01.27-02.13.26:489][  0]LogOcInput: OculusInput pre-init called
[2019.01.27-02.13.26:573][  0]LogEngine: Initializing Engine...
[2019.01.27-02.13.26:574][  0]LogHMD: Failed to initialize OpenVR with code 110
[2019.01.27-02.13.26:576][  0]LogStats: UGameplayTagsManager::ConstructGameplayTagTree: ImportINI prefixes -  0.000 s
[2019.01.27-02.13.26:576][  0]LogStats: UGameplayTagsManager::ConstructGameplayTagTree: Construct from data asset -  0.000 s
[2019.01.27-02.13.26:576][  0]LogStats: UGameplayTagsManager::ConstructGameplayTagTree: ImportINI -  0.000 s
[2019.01.27-02.13.26:576][  0]LogStats: UGameplayTagsManager::ConstructGameplayTagTree: GameplayTagTreeChangedEvent.Broadcast -  0.000 s
[2019.01.27-02.13.26:851][  0]LogInit: Initializing FReadOnlyCVARCache
[2019.01.27-02.13.26:884][  0]LogAIModule: Creating AISystem for world Untitled
[2019.01.27-02.13.26:902][  0]LogInit: XAudio2 using 'Speakers (Realtek High Definition Audio)' : 2 channels at 48 kHz using 32 bits per sample (channel mask 0x3)
[2019.01.27-02.13.26:956][  0]LogInit: FAudioDevice initialized.
[2019.01.27-02.13.26:956][  0]LogNetVersion: Set ProjectVersion to 1.0.0.0. Version Checksum will be recalculated on next use.
[2019.01.27-02.13.27:057][  0]LogDerivedDataCache: Saved boot cache 0.10s 73MB C:/Users/p018236h.STUDENT/AppData/Local/UnrealEngine/4.20/DerivedDataCache/Boot.ddc.
[2019.01.27-02.13.27:075][  0]LogInit: Texture streaming: Enabled
[2019.01.27-02.13.27:119][  0]LogEngineSessionManager: EngineSessionManager initialized
[2019.01.27-02.13.27:142][  0]LogInit: Transaction tracking system initialized
[2019.01.27-02.13.27:214][  0]BlueprintLog: New page: Editor Load
[2019.01.27-02.13.27:453][  0]LocalizationService: Localization service is disabled
[2019.01.27-02.13.27:888][  0]LogCook: Display: Max memory allowance for cook 16384mb min free memory 0mb
[2019.01.27-02.13.27:889][  0]LogCook: Display: Mobile HDR setting 1
[2019.01.27-02.13.27:889][  0]LogGameplayTags: Display: UGameplayTagsManager::DoneAddingNativeTags. DelegateIsBound: 0
[2019.01.27-02.13.27:889][  0]LogStats: UGameplayTagsManager::ConstructGameplayTagTree: ImportINI prefixes -  0.000 s
[2019.01.27-02.13.27:889][  0]LogStats: UGameplayTagsManager::ConstructGameplayTagTree: Construct from data asset -  0.000 s
[2019.01.27-02.13.27:890][  0]LogStats: UGameplayTagsManager::ConstructGameplayTagTree: ImportINI -  0.000 s
[2019.01.27-02.13.27:890][  0]LogStats: UGameplayTagsManager::ConstructGameplayTagTree: GameplayTagTreeChangedEvent.Broadcast -  0.000 s
[2019.01.27-02.13.27:969][  0]LogFileCache: Scanning file cache for directory 'C:/Users/p018236h.STUDENT/Documents/GameJam/GGJ2019/GGJ2019/Content/' took 0.02s
[2019.01.27-02.13.28:157][  0]SourceControl: Source control is disabled
[2019.01.27-02.13.28:158][  0]Cmd: MAP LOAD FILE="../../../../../../Users/p018236h.STUDENT/Documents/GameJam/GGJ2019/GGJ2019/Content/GameLevel.umap" TEMPLATE=0 SHOWPROGRESS=1 FEATURELEVEL=3
[2019.01.27-02.13.28:159][  0]LightingResults: New page: Lighting Build
[2019.01.27-02.13.28:164][  0]MapCheck: New page: Map Check
[2019.01.27-02.13.28:164][  0]LightingResults: New page: Lighting Build
[2019.01.27-02.13.28:458][  0]LogAIModule: Creating AISystem for world GameLevel
[2019.01.27-02.13.28:472][  0]LogEditorServer: Finished looking for orphan Actors (0.000 secs)
[2019.01.27-02.13.28:500][  0]Cmd: MAP CHECKDEP NOCLEARLOG
[2019.01.27-02.13.28:698][  0]MapCheck: Map check complete: 0 Error(s), 0 Warning(s), took 197.12ms to complete.
[2019.01.27-02.13.28:698][  0]LogFileHelpers: Loading map 'GameLevel' took 0.541
[2019.01.27-02.13.28:824][  0]LogSlate: Updating window title bar state: overlay mode, drag disabled, window buttons hidden, title bar hidden
[2019.01.27-02.13.28:833][  0]LogSlate: Updating window title bar state: overlay mode, drag disabled, window buttons hidden, title bar hidden
[2019.01.27-02.13.28:842][  0]LogSlate: Updating window title bar state: overlay mode, drag disabled, window buttons hidden, title bar hidden
[2019.01.27-02.13.28:851][  0]LogSlate: Updating window title bar state: overlay mode, drag disabled, window buttons hidden, title bar hidden
[2019.01.27-02.13.28:866][  0]LogCollectionManager: Loaded 0 collections in 0.004486 seconds
[2019.01.27-02.13.28:922][  0]LogFileCache: Scanning file cache for directory 'C:/Users/p018236h.STUDENT/Documents/GameJam/GGJ2019/GGJ2019/Saved/Collections/' took 0.01s
[2019.01.27-02.13.28:922][  0]LogFileCache: Scanning file cache for directory 'C:/Users/p018236h.STUDENT/Documents/GameJam/GGJ2019/GGJ2019/Content/Developers/p018236h/Collections/' took 0.01s
[2019.01.27-02.13.28:922][  0]LogFileCache: Scanning file cache for directory 'C:/Users/p018236h.STUDENT/Documents/GameJam/GGJ2019/GGJ2019/Content/Collections/' took 0.01s
[2019.01.27-02.13.28:922][  0]LogCollectionManager: Rebuilt the GUID cache for 0 collections in 0.000000 seconds
[2019.01.27-02.13.28:935][  0]LogContentBrowser: Native class hierarchy populated in 0.0128 seconds. Added 2583 classes and 606 folders.
[2019.01.27-02.13.28:946][  0]LogContentBrowser: Native class hierarchy updated for 'WidgetCarousel' in 0.0005 seconds. Added 0 classes and 0 folders.
[2019.01.27-02.13.29:049][  0]LogContentBrowser: Native class hierarchy updated for 'AddContentDialog' in 0.0008 seconds. Added 0 classes and 0 folders.
[2019.01.27-02.13.29:063][  0]LogContentBrowser: Native class hierarchy updated for 'SceneOutliner' in 0.0008 seconds. Added 1 classes and 2 folders.
[2019.01.27-02.13.29:083][  0]LogSlate: Took 0.000321 seconds to synchronously load lazily loaded font '../../../Engine/Content/Slate/Fonts/Roboto-Regular.ttf' (155K)
[2019.01.27-02.13.29:086][  0]LogSlate: Took 0.000300 seconds to synchronously load lazily loaded font '../../../Engine/Content/Slate/Fonts/Roboto-Bold.ttf' (160K)
[2019.01.27-02.13.29:095][  0]LogSlate: Took 0.000355 seconds to synchronously load lazily loaded font '../../../Engine/Content/Editor/Slate/Fonts/FontAwesome.ttf' (139K)
[2019.01.27-02.13.29:195][  0]LogRenderer: Reallocating scene render targets to support 1208x576 Format 10 NumSamples 1 (Frame:1).
[2019.01.27-02.13.29:268][  0]LogSlate: Took 0.000267 seconds to synchronously load lazily loaded font '../../../Engine/Content/Slate/Fonts/Roboto-Light.ttf' (167K)
[2019.01.27-02.13.29:366][  0]LogContentBrowser: Native class hierarchy updated for 'HierarchicalLODOutliner' in 0.0006 seconds. Added 0 classes and 0 folders.
[2019.01.27-02.13.29:366][  0]LogLoad: (Engine Initialization) Total time: 14.07 seconds
[2019.01.27-02.13.29:367][  0]LogLoad: (Engine Initialization) Total Blueprint compile time: 0.00 seconds
[2019.01.27-02.13.29:387][  0]LogWindowsTextInputMethodSystem: Display: IME system now deactivated.
[2019.01.27-02.13.29:423][  0]LogContentStreaming: Texture pool size now 1000 MB
[2019.01.27-02.13.29:543][  1]LogFileCache: Retrieving MD5 hashes for directory 'C:/Users/p018236h.STUDENT/Documents/GameJam/GGJ2019/GGJ2019/Content/' took 0.14s
[2019.01.27-02.13.29:555][  1]LogAssetRegistry: Asset discovery search completed in 6.7699 seconds
[2019.01.27-02.13.29:558][  1]LogCollectionManager: Rebuilt the object cache for 0 collections in 0.000001 seconds (found 0 objects)
[2019.01.27-02.13.29:558][  1]LogCollectionManager: Fixed up redirectors for 0 collections in 0.000171 seconds (updated 0 objects)
[2019.01.27-02.13.47:431][135]LogSlate: FSceneViewport::OnFocusLost() reason 0
[2019.01.27-02.13.58:410][449]LogSlate: Took 0.000245 seconds to synchronously load lazily loaded font '../../../Engine/Content/Slate/Fonts/Roboto-Light.ttf' (167K)
[2019.01.27-02.13.58:620][449]LogStaticMesh: Building static mesh Wall_Small_Window_short...
[2019.01.27-02.13.58:628][449]LogStaticMesh: Built static mesh [0.01s] /Game/BuildingBlocks/Wall_Small_Window_short.Wall_Small_Window_short
[2019.01.27-02.13.58:632][449]LogStaticMesh: Building static mesh Wall_Small_Window...
[2019.01.27-02.13.58:641][449]LogStaticMesh: Built static mesh [0.01s] /Game/BuildingBlocks/Wall_Small_Window.Wall_Small_Window
[2019.01.27-02.13.58:645][449]LogStaticMesh: Building static mesh Wall_Small_Door...
[2019.01.27-02.13.58:664][449]LogStaticMesh: Built static mesh [0.02s] /Game/BuildingBlocks/Wall_Small_Door.Wall_Small_Door
[2019.01.27-02.13.58:666][449]LogStaticMesh: Building static mesh Wall_Small_Corner...
[2019.01.27-02.13.58:681][449]LogStaticMesh: Built static mesh [0.01s] /Game/BuildingBlocks/Wall_Small_Corner.Wall_Small_Corner
[2019.01.27-02.13.58:683][449]LogStaticMesh: Building static mesh Wall_Small_Base...
[2019.01.27-02.13.58:692][449]LogStaticMesh: Built static mesh [0.01s] /Game/BuildingBlocks/Wall_Small_Base.Wall_Small_Base
[2019.01.27-02.13.58:700][449]LogStaticMesh: Building static mesh Sofa_Large...
[2019.01.27-02.13.58:719][449]LogStaticMesh: Built static mesh [0.02s] /Game/ExtraProps/Sofa_Large.Sofa_Large
[2019.01.27-02.13.58:722][449]LogStaticMesh: Building static mesh Shrub_Variant_2...
[2019.01.27-02.13.58:726][449]LogStaticMesh: Built static mesh [0.00s] /Game/ExtraProps/Shrub_Variant_2.Shrub_Variant_2
[2019.01.27-02.13.58:729][449]LogStaticMesh: Building static mesh Shrub_Variant_1...
[2019.01.27-02.13.58:732][449]LogStaticMesh: Built static mesh [0.00s] /Game/ExtraProps/Shrub_Variant_1.Shrub_Variant_1
[2019.01.27-02.13.58:737][449]LogMaterial: Display: Missing cached shader map for material 01_-_Default, compiling. 
[2019.01.27-02.13.58:820][449]LogShaderCompilers: Display: Shaders left to compile 31
[2019.01.27-02.13.58:820][449]LogShaderCompilers: Display: Shaders left to compile 21
[2019.01.27-02.13.58:820][449]LogShaderCompilers: Display: Shaders left to compile 11
[2019.01.27-02.13.58:820][449]LogShaderCompilers: Display: Shaders left to compile 1
[2019.01.27-02.13.58:820][449]LogStaticMesh: Building static mesh KitchenUnits...
[2019.01.27-02.13.58:837][449]LogStaticMesh: Built static mesh [0.02s] /Game/ExtraProps/KitchenUnits.KitchenUnits
[2019.01.27-02.13.58:845][449]LogMaterial: Display: Missing cached shader map for material 02_-_Default, compiling. 
[2019.01.27-02.13.58:868][449]LogStaticMesh: Building static mesh Wall__Medium_DoorFrame...
[2019.01.27-02.13.58:898][449]LogStaticMesh: Built static mesh [0.03s] /Game/BuildingBlocks/Wall__Medium_DoorFrame.Wall__Medium_DoorFrame
[2019.01.27-02.13.58:900][449]LogStaticMesh: Building static mesh LoungeFloor...
[2019.01.27-02.13.58:912][449]LogStaticMesh: Built static mesh [0.01s] /Game/BuildingBlocks/LoungeFloor.LoungeFloor
[2019.01.27-02.13.58:953][449]LogStaticMesh: Building static mesh Kitchen_Island...
[2019.01.27-02.13.59:079][449]LogStaticMesh: Built static mesh [0.13s] /Game/BuildingBlocks/Kitchen_Island.Kitchen_Island
[2019.01.27-02.13.59:090][449]LogStaticMesh: Building static mesh Kitchen_Floor...
[2019.01.27-02.13.59:092][449]LogStaticMesh: Built static mesh [0.00s] /Game/BuildingBlocks/Kitchen_Floor.Kitchen_Floor
[2019.01.27-02.13.59:096][449]LogStaticMesh: Building static mesh Interior_Wall_Doorframe...
[2019.01.27-02.13.59:123][449]LogStaticMesh: Built static mesh [0.03s] /Game/BuildingBlocks/Interior_Wall_Doorframe.Interior_Wall_Doorframe
[2019.01.27-02.13.59:126][449]LogStaticMesh: Building static mesh Interior_Wall_Base...
[2019.01.27-02.13.59:131][449]LogStaticMesh: Built static mesh [0.01s] /Game/BuildingBlocks/Interior_Wall_Base.Interior_Wall_Base
[2019.01.27-02.13.59:136][449]LogMaterial: Display: Missing cached shader map for material 01_-_Default, compiling. 
[2019.01.27-02.13.59:152][449]LogStaticMesh: Building static mesh Interior_Door...
[2019.01.27-02.13.59:160][449]LogStaticMesh: Built static mesh [0.01s] /Game/BuildingBlocks/Interior_Door.Interior_Door
[2019.01.27-02.13.59:166][449]LogMaterial: Display: Missing cached shader map for material WorldGridMaterial, compiling. 
[2019.01.27-02.13.59:199][449]LogStaticMesh: Building static mesh HouseBlockout...
[2019.01.27-02.13.59:417][449]LogStaticMesh: Built static mesh [0.22s] /Game/BuildingBlocks/HouseBlockout.HouseBlockout
[2019.01.27-02.13.59:430][449]LogStaticMesh: Building static mesh BayWindowBlocks_DoubleWindowAngled...
[2019.01.27-02.13.59:448][449]LogStaticMesh: Built static mesh [0.02s] /Game/BuildingBlocks/BayWindowBlocks_DoubleWindowAngled.BayWindowBlocks_DoubleWindowAngled
[2019.01.27-02.13.59:455][449]LogStaticMesh: Building static mesh BayWindowBlocks_SingleWindowAngled...
[2019.01.27-02.13.59:478][449]LogStaticMesh: Built static mesh [0.02s] /Game/BuildingBlocks/BayWindowBlocks_SingleWindowAngled.BayWindowBlocks_SingleWindowAngled
[2019.01.27-02.13.59:554][449]LogMaterial: Display: Missing cached shader map for material RedBase, compiling. 
[2019.01.27-02.13.59:600][449]LogMaterial: Display: Missing cached shader map for material WhiteBase, compiling. 
[2019.01.27-02.13.59:641][449]LogStaticMesh: Building static mesh BayWindowBlocks_SingleWindowSkewed...
[2019.01.27-02.13.59:661][449]LogStaticMesh: Built static mesh [0.02s] /Game/BuildingBlocks/BayWindowBlocks_SingleWindowSkewed.BayWindowBlocks_SingleWindowSkewed
[2019.01.27-02.13.59:684][449]LogStaticMesh: Building static mesh Faucet...
[2019.01.27-02.13.59:710][449]LogStaticMesh: Built static mesh [0.03s] /Game/ExtraProps/Faucet.Faucet
[2019.01.27-02.13.59:745][449]LogStaticMesh: Building static mesh Fence_Gate...
[2019.01.27-02.13.59:808][449]LogStaticMesh: Built static mesh [0.06s] /Game/BuildingBlocks/Fence_Gate.Fence_Gate
[2019.01.27-02.13.59:816][449]LogStaticMesh: Building static mesh Fence_Long...
[2019.01.27-02.13.59:857][449]LogStaticMesh: Built static mesh [0.04s] /Game/BuildingBlocks/Fence_Long.Fence_Long
[2019.01.27-02.13.59:862][449]LogStaticMesh: Building static mesh Garden_Base...
[2019.01.27-02.13.59:868][449]LogStaticMesh: Built static mesh [0.01s] /Game/BuildingBlocks/Garden_Base.Garden_Base
[2019.01.27-02.13.59:881][449]LogStaticMesh: Building static mesh Wall_Small_Window_Short_Double...
[2019.01.27-02.13.59:926][449]LogStaticMesh: Built static mesh [0.04s] /Game/BuildingBlocks/Wall_Small_Window_Short_Double.Wall_Small_Window_Short_Double
[2019.01.27-02.13.59:931][449]LogStaticMesh: Building static mesh Window_Double_Closed...
[2019.01.27-02.13.59:973][449]LogStaticMesh: Built static mesh [0.04s] /Game/BuildingBlocks/Window_Double_Closed.Window_Double_Closed
[2019.01.27-02.13.59:979][449]LogStaticMesh: Building static mesh Window_Double_Open...
[2019.01.27-02.14.00:014][449]LogShaderCompilers: Display: Shaders left to compile 146
[2019.01.27-02.14.00:015][449]LogStaticMesh: Built static mesh [0.04s] /Game/BuildingBlocks/Window_Double_Open.Window_Double_Open
[2019.01.27-02.14.00:020][449]LogStaticMesh: Building static mesh Window_Short_Double...
[2019.01.27-02.14.00:060][449]LogStaticMesh: Built static mesh [0.04s] /Game/BuildingBlocks/Window_Short_Double.Window_Short_Double
[2019.01.27-02.14.00:073][449]LogStaticMesh: Building static mesh Window_Short_Single...
[2019.01.27-02.14.00:111][449]LogStaticMesh: Built static mesh [0.04s] /Game/BuildingBlocks/Window_Short_Single.Window_Short_Single
[2019.01.27-02.14.00:115][449]LogMaterial: Display: Missing cached shader map for material M_Ceramic_Tile_Checker_2, compiling. 
[2019.01.27-02.14.00:158][449]LogAIModule: Creating AISystem for world GameLevel
[2019.01.27-02.14.02:870][699]LogShaderCompilers: Display: Shaders left to compile 167
[2019.01.27-02.14.03:220][732]LogShaderCompilers: Display: Shaders left to compile 157
[2019.01.27-02.14.03:987][808]LogShaderCompilers: Display: Shaders left to compile 147
[2019.01.27-02.14.04:214][830]LogShaderCompilers: Display: Shaders left to compile 137
[2019.01.27-02.14.05:767][973]LogAIModule: Creating AISystem for world Reeeeeeeeeeeeeeee
[2019.01.27-02.14.06:836][ 75]LogShaderCompilers: Display: Shaders left to compile 127
[2019.01.27-02.14.08:279][210]LogShaderCompilers: Display: Shaders left to compile 117
[2019.01.27-02.14.09:035][289]LogShaderCompilers: Display: Shaders left to compile 107
[2019.01.27-02.14.09:643][348]LogShaderCompilers: Display: Shaders left to compile 97
[2019.01.27-02.14.10:115][386]LogShaderCompilers: Display: Shaders left to compile 87
[2019.01.27-02.14.12:882][649]LogShaderCompilers: Display: Shaders left to compile 77
[2019.01.27-02.14.13:714][730]LogShaderCompilers: Display: Shaders left to compile 67
[2019.01.27-02.14.14:816][804]LogShaderCompilers: Display: Shaders left to compile 57
[2019.01.27-02.14.15:311][804]LogSavePackage: Moving '../../../../../../Users/p018236h.STUDENT/Documents/GameJam/GGJ2019/GGJ2019/Saved/Reeeeeeeeeeeeeeee30999A0F4E81DF53E142B9BCFB692A42.tmp' to '../../../../../../Users/p018236h.STUDENT/Documents/GameJam/GGJ2019/GGJ2019/Content/Reeeeeeeeeeeeeeee.umap'
[2019.01.27-02.14.15:347][804]LogFileHelpers: Saving map 'Reeeeeeeeeeeeeeee' took 0.841
[2019.01.27-02.14.15:577][804]LogShaderCompilers: Display: Shaders left to compile 47
[2019.01.27-02.14.17:024][912]LogShaderCompilers: Display: Shaders left to compile 37
[2019.01.27-02.14.18:646][ 49]LogAssetEditorManager: Opening Asset editor for World /Game/Reeeeeeeeeeeeeeee.Reeeeeeeeeeeeeeee
[2019.01.27-02.14.19:472][ 49]Cmd: MAP LOAD FILE="../../../../../../Users/p018236h.STUDENT/Documents/GameJam/GGJ2019/GGJ2019/Content/Reeeeeeeeeeeeeeee.umap" TEMPLATE=0 SHOWPROGRESS=1 FEATURELEVEL=3
[2019.01.27-02.14.19:474][ 49]LightingResults: New page: Lighting Build
[2019.01.27-02.14.19:476][ 49]LoadErrors: New page: Loading map: Reeeeeeeeeeeeeeee.umap
[2019.01.27-02.14.19:480][ 49]MapCheck: New page: Map Check
[2019.01.27-02.14.19:480][ 49]LightingResults: New page: Lighting Build
[2019.01.27-02.14.19:581][ 49]LogShaderCompilers: Display: Shaders left to compile 27
[2019.01.27-02.14.19:581][ 49]LogEditorServer: Finished looking for orphan Actors (0.000 secs)
[2019.01.27-02.14.19:705][ 49]Cmd: MAP CHECKDEP NOCLEARLOG
[2019.01.27-02.14.20:013][ 49]MapCheck: Map check complete: 0 Error(s), 0 Warning(s), took 307.326ms to complete.
[2019.01.27-02.14.20:018][ 49]LogFileHelpers: Loading map 'Reeeeeeeeeeeeeeee' took 0.548
[2019.01.27-02.14.20:822][ 96]LogShaderCompilers: Display: Shaders left to compile 17
[2019.01.27-02.14.21:305][139]LogShaderCompilers: Display: Shaders left to compile 7
[2019.01.27-02.19.17:531][460]LogSlate: FSceneViewport::OnFocusLost() reason 0
[2019.01.27-02.19.21:219][880]LogEditorViewport: Clicking on Actor (LMB): BP_Sky_Sphere_C (BP_Sky_Sphere)
[2019.01.27-02.19.22:435][ 11]LogSlate: FSceneViewport::OnFocusLost() reason 0
[2019.01.27-02.19.22:608][ 29]LogAssetEditorManager: Opening Asset editor for Blueprint /Game/UI_BP_Manager.UI_BP_Manager
[2019.01.27-02.19.23:097][ 29]LogContentBrowser: Native class hierarchy updated for 'BlueprintGraph' in 0.0009 seconds. Added 116 classes and 0 folders.
[2019.01.27-02.19.23:985][ 29]LogSlate: Took 0.000267 seconds to synchronously load lazily loaded font '../../../Engine/Content/Slate/Fonts/Roboto-BoldCondensed.ttf' (158K)
[2019.01.27-02.19.24:051][ 30]LogSlate: Took 0.000474 seconds to synchronously load lazily loaded font '../../../Engine/Content/Slate/Fonts/Roboto-Italic.ttf' (157K)
[2019.01.27-02.19.26:243][187]LogSlate: Window 'UI_BP_Manager' being destroyed
[2019.01.27-02.19.27:923][374]LogTemp: Repeating last play command: Selected Viewport
[2019.01.27-02.19.27:949][374]LogPlayLevel: PlayLevel: No blueprints needed recompiling
[2019.01.27-02.19.27:962][374]PIE: New page: PIE session: Reeeeeeeeeeeeeeee (27 Jan 2019 02:19:27)
[2019.01.27-02.19.27:963][374]LogPlayLevel: Creating play world package: /Game/UEDPIE_0_Reeeeeeeeeeeeeeee
[2019.01.27-02.19.27:974][374]LogPlayLevel: PIE: StaticDuplicateObject took: (0.011500s)
[2019.01.27-02.19.27:975][374]LogAIModule: Creating AISystem for world Reeeeeeeeeeeeeeee
[2019.01.27-02.19.27:975][374]LogPlayLevel: PIE: World Init took: (0.001153s)
[2019.01.27-02.19.27:976][374]LogPlayLevel: PIE: Created PIE world by copying editor world from /Game/Reeeeeeeeeeeeeeee.Reeeeeeeeeeeeeeee to /Game/UEDPIE_0_Reeeeeeeeeeeeeeee.Reeeeeeeeeeeeeeee (0.013103s)
[2019.01.27-02.19.28:017][374]LogInit: XAudio2 using 'Speakers (Realtek High Definition Audio)' : 2 channels at 48 kHz using 32 bits per sample (channel mask 0x3)
[2019.01.27-02.19.28:033][374]LogInit: FAudioDevice initialized.
[2019.01.27-02.19.28:375][374]LogMaterial: Display: Missing cached shader map for material 02_-_Default, compiling. 
[2019.01.27-02.19.28:412][374]LogSkeletalMesh: Building Skeletal Mesh SKM_clay...
[2019.01.27-02.19.28:419][374]LogSkeletalMesh: Built Skeletal Mesh [0.01s] /Game/Animation/Skeleton+Meshes/SKM_clay.SKM_clay
[2019.01.27-02.19.28:470][374]LogShaderCompilers: Display: Shaders left to compile 60
[2019.01.27-02.19.28:470][374]LogShaderCompilers: Display: Shaders left to compile 50
[2019.01.27-02.19.28:470][374]LogShaderCompilers: Display: Shaders left to compile 40
[2019.01.27-02.19.28:470][374]LogShaderCompilers: Display: Shaders left to compile 30
[2019.01.27-02.19.28:470][374]LogAnimationCompression: Building Anim DDC data for AnimSequence /Game/Animation/Anims/anim_holdingPlateWalk.anim_holdingPlateWalk
[2019.01.27-02.19.28:471][374]LogAnimationCompression: Recompressing (AnimSequence /Game/Animation/Anims/anim_holdingPlateWalk.anim_holdingPlateWalk) using current/default (AnimCompress_BitwiseCompressOnly_1) bFirstRecompressUsingCurrentOrDefault(1) bTryAlternateCompressor(0) IsCompressedDataValid(0)
[2019.01.27-02.19.28:474][374]LogAnimationCompression: Building Anim DDC data for AnimSequence /Game/Animation/Skeleton+Meshes/SKM_splat_Anim.SKM_splat_Anim
[2019.01.27-02.19.28:474][374]LogAnimationCompression: Recompressing (AnimSequence /Game/Animation/Skeleton+Meshes/SKM_splat_Anim.SKM_splat_Anim) using current/default (AnimCompress_BitwiseCompressOnly_0) bFirstRecompressUsingCurrentOrDefault(1) bTryAlternateCompressor(0) IsCompressedDataValid(0)
[2019.01.27-02.19.28:475][374]LogSkeletalMesh: Building Skeletal Mesh SKM_dimples...
