Log file open, 01/25/19 21:27:37
LogWindows: Failed to load 'aqProf.dll' (GetLastError=126)
LogWindows: File 'aqProf.dll' does not exist
LogWindows: Failed to load 'VSPerf140.dll' (GetLastError=126)
LogWindows: File 'VSPerf140.dll' does not exist
LogWindows: Failed to load 'VtuneApi.dll' (GetLastError=126)
LogWindows: File 'VtuneApi.dll' does not exist
LogWindows: Failed to load 'VtuneApi32e.dll' (GetLastError=126)
LogWindows: File 'VtuneApi32e.dll' does not exist
LogInit: Display: Running engine for game: GGJ2019
LogPlatformFile: Not using cached read wrapper
LogTaskGraph: Started task graph with 5 named threads and 23 total threads with 3 sets of task threads.
LogStats: Stats thread started at 0.412095
LogD3D11RHI: Loaded GFSDK_Aftermath_Lib.x64.dll
LogICUInternationalization: Display: ICU TimeZone Detection - Raw Offset: +0:00, Platform Override: ''
LogPluginManager: Mounting plugin Paper2D
LogPluginManager: Mounting plugin AISupport
LogPluginManager: Mounting plugin LightPropagationVolume
LogPluginManager: Mounting plugin CLionSourceCodeAccess
LogPluginManager: Mounting plugin CodeLiteSourceCodeAccess
LogPluginManager: Mounting plugin GitSourceControl
LogPluginManager: Mounting plugin KDevelopSourceCodeAccess
LogPluginManager: Mounting plugin NullSourceCodeAccess
LogPluginManager: Mounting plugin PerforceSourceControl
LogPluginManager: Mounting plugin SubversionSourceControl
LogPluginManager: Mounting plugin UObjectPlugin
LogPluginManager: Mounting plugin VisualStudioCodeSourceCodeAccess
LogPluginManager: Mounting plugin VisualStudioSourceCodeAccess
LogPluginManager: Mounting plugin XCodeSourceCodeAccess
LogPluginManager: Mounting plugin AssetManagerEditor
LogPluginManager: Mounting plugin CryptoKeys
LogPluginManager: Mounting plugin DataValidation
LogPluginManager: Mounting plugin FacialAnimation
LogPluginManager: Mounting plugin GameplayTagsEditor
LogPluginManager: Mounting plugin MacGraphicsSwitching
LogPluginManager: Mounting plugin MeshEditor
LogPluginManager: Mounting plugin MobileLauncherProfileWizard
LogPluginManager: Mounting plugin PluginBrowser
LogPluginManager: Mounting plugin SpeedTreeImporter
LogPluginManager: Mounting plugin DatasmithContent
LogPluginManager: Mounting plugin AlembicImporter
LogPluginManager: Mounting plugin AppleImageUtils
LogPluginManager: Mounting plugin AppleVision
LogPluginManager: Mounting plugin BackChannel
LogPluginManager: Mounting plugin CharacterAI
LogPluginManager: Mounting plugin GeometryCache
LogPluginManager: Mounting plugin HTML5Networking
LogPluginManager: Mounting plugin ProxyLODPlugin
LogPluginManager: Mounting plugin MagicLeap
LogPluginManager: Mounting plugin MagicLeapEmulator
LogPluginManager: Mounting plugin MagicLeapMedia
LogPluginManager: Mounting plugin AndroidMedia
LogPluginManager: Mounting plugin AvfMedia
LogPluginManager: Mounting plugin ImgMedia
LogPluginManager: Mounting plugin LinearTimecode
LogPluginManager: Mounting plugin MediaCompositing
LogPluginManager: Mounting plugin MediaPlayerEditor
LogPluginManager: Mounting plugin WmfMedia
LogPluginManager: Mounting plugin TcpMessaging
LogPluginManager: Mounting plugin UdpMessaging
LogPluginManager: Mounting plugin ActorSequence
LogPluginManager: Mounting plugin LevelSequenceEditor
LogPluginManager: Mounting plugin MatineeToLevelSequence
LogPluginManager: Mounting plugin NetcodeUnitTest
LogPluginManager: Mounting plugin NUTUnrealEngine4
LogPluginManager: Mounting plugin OnlineSubsystemGooglePlay
LogPluginManager: Mounting plugin OnlineSubsystemIOS
LogPluginManager: Mounting plugin OnlineSubsystem
LogPluginManager: Mounting plugin OnlineSubsystemNull
LogPluginManager: Mounting plugin OnlineSubsystemUtils
LogPluginManager: Mounting plugin LauncherChunkInstaller
LogPluginManager: Mounting plugin AndroidDeviceProfileSelector
LogPluginManager: Mounting plugin AndroidMoviePlayer
LogPluginManager: Mounting plugin AndroidPermission
LogPluginManager: Mounting plugin AppleMoviePlayer
LogPluginManager: Mounting plugin ArchVisCharacter
LogPluginManager: Mounting plugin AudioCapture
LogPluginManager: Mounting plugin CableComponent
LogPluginManager: Mounting plugin CustomMeshComponent
LogPluginManager: Mounting plugin EditableMesh
LogPluginManager: Mounting plugin ExampleDeviceProfileSelector
LogPluginManager: Mounting plugin GoogleCloudMessaging
LogPluginManager: Mounting plugin ImmediatePhysics
LogPluginManager: Mounting plugin IOSDeviceProfileSelector
LogPluginManager: Mounting plugin LinuxDeviceProfileSelector
LogPluginManager: Mounting plugin LocationServicesBPLibrary
LogPluginManager: Mounting plugin MobilePatchingUtils
LogPluginManager: Mounting plugin OculusVR
LogPluginManager: Plugin shader directory ../../../Engine/Plugins/Runtime/Oculus/OculusVR/Shaders found
LogPluginManager: Mapping shader source directory ../../../Engine/Plugins/Runtime/Oculus/OculusVR/Shaders to virtual directory /Plugin/OculusVR
LogPluginManager: Mounting plugin PhysXVehicles
LogPluginManager: Mounting plugin ProceduralMeshComponent
LogPluginManager: Mounting plugin RuntimePhysXCooking
LogPluginManager: Mounting plugin SteamVR
LogPluginManager: Mounting plugin WindowsMoviePlayer
LogStreaming: Display: Took  0.317s to configure plugins.
LogInit: Using libcurl 7.55.1-DEV
LogInit:  - built for x86_64-pc-win32
LogInit:  - supports SSL with OpenSSL/1.0.2h
LogInit:  - supports HTTP deflate (compression) using libz 1.2.8
LogInit:  - other features:
LogInit:      CURL_VERSION_SSL
LogInit:      CURL_VERSION_LIBZ
LogInit:      CURL_VERSION_IPV6
LogInit:      CURL_VERSION_ASYNCHDNS
LogInit:      CURL_VERSION_LARGEFILE
LogInit:      CURL_VERSION_IDN
LogInit:  CurlRequestOptions (configurable via config and command line):
LogInit:  - bVerifyPeer = false  - Libcurl will NOT verify peer certificate
LogInit:  - bUseHttpProxy = false  - Libcurl will NOT use HTTP proxy
LogInit:  - bDontReuseConnections = false  - Libcurl will reuse connections
LogInit:  - CertBundlePath = nullptr  - Libcurl will use whatever was configured at build time.
LogInit:  - MaxHostConnections = 16  - Libcurl will limit the number of connections to a host
LogInit:  - LocalHostAddr = Default
LogInit:  - BufferSize = 65536
LogInit: WinSock: version 1.1 (2.2), MaxSocks=32767, MaxUdp=65467
LogInit: Build: ++UE4+Release-4.20-CL-4369336
LogInit: Engine Version: 4.20.3-4369336+++UE4+Release-4.20
LogInit: Compatible Engine Version: 4.20.0-4212847+++UE4+Release-4.20
LogInit: Net CL: 4212847
LogInit: OS: Windows 10 (), CPU: Intel(R) Xeon(R) CPU E5-1620 v3 @ 3.50GHz, GPU: NVIDIA GeForce GTX 970
LogInit: Compiled (64-bit): Sep 17 2018 12:26:19
LogInit: Compiled with Visual C++: 19.13.26129.00
LogInit: Build Configuration: Development
LogInit: Branch Name: ++UE4+Release-4.20
LogInit: Command Line:  -skipcompile
LogInit: Base Directory: C:/Epic/UE4/UE_4.20/Engine/Binaries/Win64/
LogInit: Installed Engine Build: 1
LogDevObjectVersion: Number of dev versions registered: 20
LogDevObjectVersion:   Dev-Blueprints (B0D832E4-1F89-4F0D-ACCF-7EB736FD4AA2): 10
LogDevObjectVersion:   Dev-Build (E1C64328-A22C-4D53-A36C-8E866417BD8C): 0
LogDevObjectVersion:   Dev-Core (375EC13C-06E4-48FB-B500-84F0262A717E): 2
LogDevObjectVersion:   Dev-Editor (E4B068ED-F494-42E9-A231-DA0B2E46BB41): 24
LogDevObjectVersion:   Dev-Framework (CFFC743F-43B0-4480-9391-14DF171D2073): 34
LogDevObjectVersion:   Dev-Mobile (B02B49B5-BB20-44E9-A304-32B752E40360): 2
LogDevObjectVersion:   Dev-Networking (A4E4105C-59A1-49B5-A7C5-40C4547EDFEE): 0
LogDevObjectVersion:   Dev-Online (39C831C9-5AE6-47DC-9A44-9C173E1C8E7C): 0
LogDevObjectVersion:   Dev-Physics (78F01B33-EBEA-4F98-B9B4-84EACCB95AA2): 0
LogDevObjectVersion:   Dev-Platform (6631380F-2D4D-43E0-8009-CF276956A95A): 0
LogDevObjectVersion:   Dev-Rendering (12F88B9F-8875-4AFC-A67C-D90C383ABD29): 26
LogDevObjectVersion:   Dev-Sequencer (7B5AE74C-D270-4C10-A958-57980B212A5A): 9
LogDevObjectVersion:   Dev-VR (D7296918-1DD6-4BDD-9DE2-64A83CC13884): 2
LogDevObjectVersion:   Dev-LoadTimes (C2A15278-BFE7-4AFE-6C17-90FF531DF755): 1
LogDevObjectVersion:   Private-Geometry (6EACA3D4-40EC-4CC1-B786-8BED09428FC5): 3
LogDevObjectVersion:   Dev-AnimPhys (29E575DD-E0A3-4627-9D10-D276232CDCEA): 17
LogDevObjectVersion:   Dev-ReflectionCapture (6B266CEC-1EC7-4B8F-A30B-E4D90942FC07): 1
LogDevObjectVersion:   Dev-Automation (0DF73D61-A23F-47EA-B727-89E90C41499A): 1
LogDevObjectVersion:   FortniteMain (601D1886-AC64-4F84-AA16-D3DE0DEAC7D6): 12
LogDevObjectVersion:   Dev-Enterprise (9DFFBCD6-494F-0158-E221-12823C92A888): 1
LogStreaming: Display: Took  0.007s to delete old logs.
LogInit: Presizing for max 8388607 objects, including 0 objects not considered by GC, pre-allocating 0 bytes for permanent pool.
LogInit: Object subsystem initialized
[2019.01.25-21.27.37:762][  0]LogInit: Selected Device Profile: [Windows]
[2019.01.25-21.27.37:762][  0]LogInit: Applying CVar settings loaded from the selected device profile: [Windows]
[2019.01.25-21.27.37:794][  0]LogHAL: Display: Platform has ~ 16 GB [17092038656 / 17179869184 / 16], which maps to Larger [LargestMinGB=32, LargerMinGB=12, DefaultMinGB=8, SmallerMinGB=6, SmallestMinGB=0)
[2019.01.25-21.27.37:795][  0]LogInit: Setting Device Profile CVar: [[r.Vulkan.UseRealUBs:1]]
[2019.01.25-21.27.37:795][  0]LogInit: Going up to parent DeviceProfile []
[2019.01.25-21.27.37:795][  0]LogInit: Computer: C115-11
[2019.01.25-21.27.37:795][  0]LogInit: User: w017177h
[2019.01.25-21.27.37:795][  0]LogInit: CPU Page size=4096, Cores=4
[2019.01.25-21.27.37:795][  0]LogInit: High frequency timer resolution =3.410072 MHz
[2019.01.25-21.27.37:796][  0]LogMemory: Memory total: Physical=15.9GB (16GB approx)
[2019.01.25-21.27.37:796][  0]LogMemory: Platform Memory Stats for Windows
[2019.01.25-21.27.37:796][  0]LogMemory: Process Physical Memory: 100.36 MB used, 100.36 MB peak
[2019.01.25-21.27.37:796][  0]LogMemory: Process Virtual Memory: 91.11 MB used, 91.11 MB peak
[2019.01.25-21.27.37:796][  0]LogMemory: Physical Memory: 7013.73 MB used,  9286.50 MB free, 16300.24 MB total
[2019.01.25-21.27.37:796][  0]LogMemory: Virtual Memory: 4640.35 MB used,  9286.50 MB free, 134217728.00 MB total
[2019.01.25-21.27.37:920][  0]LogInit: Using OS detected language (en-US).
[2019.01.25-21.27.37:920][  0]LogInit: Using OS detected locale (en-GB).
[2019.01.25-21.27.37:922][  0]LogTextLocalizationManager: No specific localization for 'en-US' exists, so the 'en' localization will be used.
[2019.01.25-21.27.38:346][  0]LogStreaming: Display: Took  0.427s to InitEngineTextLocalization.
[2019.01.25-21.27.38:347][  0]LogInit: Setting process to per monitor DPI aware
[2019.01.25-21.27.38:404][  0]LogSlate: New Slate User Created.  User Index 0, Is Virtual User: 0
[2019.01.25-21.27.38:404][  0]LogSlate: Slate User Registered.  User Index 0, Is Virtual User: 0
[2019.01.25-21.27.38:721][  0]LogHMD: Failed to initialize OpenVR with code 110
[2019.01.25-21.27.38:721][  0]LogD3D11RHI: D3D11 adapters:
[2019.01.25-21.27.38:806][  0]LogD3D11RHI:    0. 'NVIDIA GeForce GTX 970' (Feature Level 11_0)
[2019.01.25-21.27.38:807][  0]LogD3D11RHI:       4043/0/8150 MB DedicatedVideo/DedicatedSystem/SharedSystem, Outputs:2, VendorId:0x10de
[2019.01.25-21.27.38:813][  0]LogD3D11RHI:    1. 'Microsoft Basic Render Driver' (Feature Level 11_0)
[2019.01.25-21.27.38:813][  0]LogD3D11RHI:       0/0/8150 MB DedicatedVideo/DedicatedSystem/SharedSystem, Outputs:0, VendorId:0x1414
[2019.01.25-21.27.38:813][  0]LogD3D11RHI: Chosen D3D11 Adapter: 0
[2019.01.25-21.27.38:822][  0]LogD3D11RHI: Creating new Direct3DDevice
[2019.01.25-21.27.38:822][  0]LogD3D11RHI:     GPU DeviceId: 0x13c2 (for the marketing name, search the web for "GPU Device Id")
[2019.01.25-21.27.38:822][  0]LogWindows: EnumDisplayDevices:
[2019.01.25-21.27.38:822][  0]LogWindows:    0. 'NVIDIA GeForce GTX 970' (P:1 D:1)
[2019.01.25-21.27.38:823][  0]LogWindows:    1. 'NVIDIA GeForce GTX 970' (P:0 D:1)
[2019.01.25-21.27.38:823][  0]LogWindows:    2. 'NVIDIA GeForce GTX 970' (P:0 D:0)
[2019.01.25-21.27.38:823][  0]LogWindows:    3. 'NVIDIA GeForce GTX 970' (P:0 D:0)
[2019.01.25-21.27.38:824][  0]LogWindows: DebugString: FoundDriverCount:4 
[2019.01.25-21.27.38:824][  0]LogD3D11RHI:     Adapter Name: NVIDIA GeForce GTX 970
[2019.01.25-21.27.38:824][  0]LogD3D11RHI:   Driver Version: 398.82 (internal:24.21.13.9882, unified:398.82)
[2019.01.25-21.27.38:824][  0]LogD3D11RHI:      Driver Date: 7-30-2018
[2019.01.25-21.27.38:824][  0]LogRHI: Texture pool is 2830 MB (70% of 4043 MB)
[2019.01.25-21.27.38:873][  0]LogD3D11RHI: Async texture creation enabled
[2019.01.25-21.27.38:891][  0]LogD3D11RHI: GPU Timing Frequency: 1000.000000 (Debug: 2 2)
[2019.01.25-21.27.38:937][  0]LogShaderCompilers: Guid format shader working directory is -17 characters bigger than the processId version (../../../../../../Users/w017177h.STUDENT/Documents/Github/GGJ2019/GGJ2019/Intermediate/Shaders/WorkingDirectory/15972/).
[2019.01.25-21.27.38:938][  0]LogShaderCompilers: Cleaned the shader compiler working directory 'C:/Users/w017177h.STUDENT/AppData/Local/Temp/UnrealShaderWorkingDir/ABE2A6714C018E1B85EC489795B807AC/'.
[2019.01.25-21.27.39:307][  0]LogTemp: Display: Loaded TP AllDesktopTargetPlatform
[2019.01.25-21.27.39:325][  0]LogTemp: Display: Loaded TP MacClientTargetPlatform
[2019.01.25-21.27.39:353][  0]LogTemp: Display: Loaded TP MacNoEditorTargetPlatform
[2019.01.25-21.27.39:373][  0]LogTemp: Display: Loaded TP MacServerTargetPlatform
[2019.01.25-21.27.39:392][  0]LogTemp: Display: Loaded TP MacTargetPlatform
[2019.01.25-21.27.39:419][  0]LogTemp: Display: Loaded TP WindowsClientTargetPlatform
[2019.01.25-21.27.39:440][  0]LogTemp: Display: Loaded TP WindowsNoEditorTargetPlatform
[2019.01.25-21.27.39:459][  0]LogTemp: Display: Loaded TP WindowsServerTargetPlatform
[2019.01.25-21.27.39:470][  0]LogTemp: Display: Loaded TP WindowsTargetPlatform
[2019.01.25-21.27.39:562][  0]LogTemp: Display: Loaded TP AndroidTargetPlatform
[2019.01.25-21.27.39:563][  0]LogTemp: Display: Loaded TP AndroidTargetPlatform
[2019.01.25-21.27.39:563][  0]LogTemp: Display: Loaded TP AndroidTargetPlatform
[2019.01.25-21.27.39:563][  0]LogTemp: Display: Loaded TP AndroidTargetPlatform
[2019.01.25-21.27.39:563][  0]LogTemp: Display: Loaded TP AndroidTargetPlatform
[2019.01.25-21.27.39:563][  0]LogTemp: Display: Loaded TP AndroidTargetPlatform
[2019.01.25-21.27.39:563][  0]LogTemp: Display: Loaded TP AndroidTargetPlatform
[2019.01.25-21.27.39:563][  0]LogTemp: Display: Loaded TP AndroidTargetPlatform
[2019.01.25-21.27.39:563][  0]LogTemp: Display: Loaded TP AndroidTargetPlatform
[2019.01.25-21.27.39:563][  0]LogTemp: Display: Loaded TP AndroidTargetPlatform
[2019.01.25-21.27.39:563][  0]LogTemp: Display: Loaded TP AndroidTargetPlatform
[2019.01.25-21.27.39:563][  0]LogTemp: Display: Loaded TP AndroidTargetPlatform
[2019.01.25-21.27.39:563][  0]LogTemp: Display: Loaded TP AndroidTargetPlatform
[2019.01.25-21.27.39:563][  0]LogTemp: Display: Loaded TP AndroidTargetPlatform
[2019.01.25-21.27.39:563][  0]LogTemp: Display: Loaded TP AndroidTargetPlatform
[2019.01.25-21.27.39:563][  0]LogTemp: Display: Loaded TP AndroidTargetPlatform
[2019.01.25-21.27.39:563][  0]LogTemp: Display: Loaded TP AndroidTargetPlatform
[2019.01.25-21.27.39:564][  0]LogTemp: Display: Loaded TP AndroidTargetPlatform
[2019.01.25-21.27.39:569][  0]LogTemp: Display: Loaded TP HTML5TargetPlatform
[2019.01.25-21.27.39:646][  0]LogTemp: Display: Loaded TP IOSTargetPlatform
[2019.01.25-21.27.39:646][  0]LogTemp: Display: Loaded TP IOSTargetPlatform
[2019.01.25-21.27.39:675][  0]LogTemp: Display: Loaded TP TVOSTargetPlatform
[2019.01.25-21.27.39:675][  0]LogTemp: Display: Loaded TP TVOSTargetPlatform
[2019.01.25-21.27.39:691][  0]LogTemp: Display: Loaded TP LinuxClientTargetPlatform
[2019.01.25-21.27.39:707][  0]LogTemp: Display: Loaded TP LinuxNoEditorTargetPlatform
[2019.01.25-21.27.39:723][  0]LogTemp: Display: Loaded TP LinuxServerTargetPlatform
[2019.01.25-21.27.39:740][  0]LogTemp: Display: Loaded TP LinuxTargetPlatform
[2019.01.25-21.27.39:753][  0]LogTemp: Display: Loaded TP LuminTargetPlatform
[2019.01.25-21.27.39:754][  0]LogTargetPlatformManager: Display: Building Assets For Windows
[2019.01.25-21.27.39:922][  0]LogXGEController: Cleaning working directory: C:/Users/w017177h.STUDENT/AppData/Local/Temp/UnrealXGEWorkingDir/
[2019.01.25-21.27.39:923][  0]LogXGEController: Cannot use XGE Controller as Incredibuild is not installed on this machine.
[2019.01.25-21.27.39:923][  0]LogShaderCompilers: Cannot use XGE Shader Compiler as Incredibuild is not installed on this machine.
[2019.01.25-21.27.39:923][  0]LogShaderCompilers: Display: Using Local Shader Compiler.
[2019.01.25-21.27.41:003][  0]LogDerivedDataCache: Display: Max Cache Size: 512 MB
[2019.01.25-21.27.41:115][  0]LogDerivedDataCache: Loaded boot cache 0.11s 71MB C:/Users/w017177h.STUDENT/AppData/Local/UnrealEngine/4.20/DerivedDataCache/Boot.ddc.
[2019.01.25-21.27.41:116][  0]LogDerivedDataCache: Display: Loaded Boot cache: C:/Users/w017177h.STUDENT/AppData/Local/UnrealEngine/4.20/DerivedDataCache/Boot.ddc
[2019.01.25-21.27.41:116][  0]LogDerivedDataCache: FDerivedDataBackendGraph:  Pak pak cache file ../../../../../../Users/w017177h.STUDENT/Documents/Github/GGJ2019/GGJ2019/DerivedDataCache/DDC.ddp not found, will not use a pak cache.
[2019.01.25-21.27.41:116][  0]LogDerivedDataCache: Unable to find inner node Pak for hierarchical cache Hierarchy.
[2019.01.25-21.27.41:116][  0]LogDerivedDataCache: FDerivedDataBackendGraph:  CompressedPak pak cache file ../../../../../../Users/w017177h.STUDENT/Documents/Github/GGJ2019/GGJ2019/DerivedDataCache/Compressed.ddp not found, will not use a pak cache.
[2019.01.25-21.27.41:116][  0]LogDerivedDataCache: Unable to find inner node CompressedPak for hierarchical cache Hierarchy.
[2019.01.25-21.27.41:132][  0]LogDerivedDataCache: Display: Pak cache opened for reading ../../../Engine/DerivedDataCache/Compressed.ddp.
[2019.01.25-21.27.41:146][  0]LogDerivedDataCache: Using Local data cache path C:/Users/w017177h.STUDENT/AppData/Local/UnrealEngine/Common/DerivedDataCache: Writable
[2019.01.25-21.27.41:146][  0]LogDerivedDataCache: Shared data cache path not found in *engine.ini, will not use an Shared cache.
[2019.01.25-21.27.41:146][  0]LogDerivedDataCache: Unable to find inner node Shared for hierarchical cache Hierarchy.
[2019.01.25-21.27.41:170][  0]LogMaterial: Verifying Global Shaders for PCD3D_SM5
[2019.01.25-21.27.41:171][  0]LogSlate: Using FreeType 2.6.0
[2019.01.25-21.27.41:172][  0]LogSlate: SlateFontServices - WITH_FREETYPE: 1, WITH_HARFBUZZ: 1
[2019.01.25-21.27.41:262][  0]LogAssetRegistry: FAssetRegistry took 0.0298 seconds to start up
[2019.01.25-21.27.41:728][  0]LogInit: Selected Device Profile: [Windows]
[2019.01.25-21.27.41:923][  0]LogSimplygon: Simplygon DLL not present - disabling.
[2019.01.25-21.27.41:942][  0]LogMeshReduction: Using SimplygonSwarm for distributed automatic mesh merging
[2019.01.25-21.27.41:942][  0]LogMeshReduction: Using ProxyLODMeshReduction for automatic mesh merging
[2019.01.25-21.27.41:942][  0]LogMeshReduction: Using QuadricMeshReduction for automatic static mesh reduction
[2019.01.25-21.27.41:942][  0]LogMeshReduction: No automatic skeletal mesh reduction module available
[2019.01.25-21.27.41:963][  0]LogNetVersion: GGJ2019 1.0.0, NetCL: 4212847, EngineNetVer: 5, GameNetVer: 0 (Checksum: 54619999)
[2019.01.25-21.27.42:809][  0]LogPackageLocalizationCache: Processed 11 localized package path(s) for 2 prioritized culture(s) in 0.269776 seconds
[2019.01.25-21.27.42:816][  0]LogUObjectArray: 38425 objects as part of root set at end of initial load.
[2019.01.25-21.27.42:816][  0]LogUObjectAllocator: 6690872 out of 0 bytes used by permanent object pool.
[2019.01.25-21.27.42:816][  0]LogUObjectArray: CloseDisregardForGC: 0/0 objects in disregard for GC pool
[2019.01.25-21.27.44:197][  0]LogTcpMessaging: Initializing TcpMessaging bridge
[2019.01.25-21.27.44:216][  0]LogUdpMessaging: Initializing bridge on interface 0.0.0.0:0 to multicast group 230.0.0.1:6666.
[2019.01.25-21.27.44:444][  0]SourceControl: Source control is disabled
[2019.01.25-21.27.44:445][  0]SourceControl: Source control is disabled
[2019.01.25-21.27.44:449][  0]SourceControl: Source control is disabled
[2019.01.25-21.27.44:453][  0]SourceControl: Source control is disabled
[2019.01.25-21.27.44:785][  0]LogAndroidPermission: UAndroidPermissionCallbackProxy::GetInstance
[2019.01.25-21.27.44:923][  0]LogOcInput: OculusInput pre-init called
[2019.01.25-21.27.45:014][  0]LogEngine: Initializing Engine...
[2019.01.25-21.27.45:016][  0]LogHMD: Failed to initialize OpenVR with code 110
[2019.01.25-21.27.45:017][  0]LogStats: UGameplayTagsManager::ConstructGameplayTagTree: ImportINI prefixes -  0.000 s
[2019.01.25-21.27.45:017][  0]LogStats: UGameplayTagsManager::ConstructGameplayTagTree: Construct from data asset -  0.000 s
[2019.01.25-21.27.45:018][  0]LogStats: UGameplayTagsManager::ConstructGameplayTagTree: ImportINI -  0.000 s
[2019.01.25-21.27.45:018][  0]LogStats: UGameplayTagsManager::ConstructGameplayTagTree: GameplayTagTreeChangedEvent.Broadcast -  0.000 s
[2019.01.25-21.27.45:256][  0]LogInit: Initializing FReadOnlyCVARCache
[2019.01.25-21.27.45:281][  0]LogAIModule: Creating AISystem for world Untitled
[2019.01.25-21.27.45:308][  0]LogInit: XAudio2 using 'Headset Earphone (Razer ManO'War)' : 2 channels at 48 kHz using 16 bits per sample (channel mask 0x3)
[2019.01.25-21.27.45:344][  0]LogInit: FAudioDevice initialized.
[2019.01.25-21.27.45:344][  0]LogNetVersion: Set ProjectVersion to 1.0.0.0. Version Checksum will be recalculated on next use.
[2019.01.25-21.27.45:441][  0]LogDerivedDataCache: Saved boot cache 0.10s 71MB C:/Users/w017177h.STUDENT/AppData/Local/UnrealEngine/4.20/DerivedDataCache/Boot.ddc.
[2019.01.25-21.27.45:456][  0]LogInit: Texture streaming: Enabled
[2019.01.25-21.27.45:519][  0]LogEngineSessionManager: EngineSessionManager initialized
[2019.01.25-21.27.45:519][  0]LogEngineSessionManager: EngineSessionManager sent abnormal shutdown report. Type=Debugger, SessionId={214ADAEC-409F-54A0-6688-BB8432651907}
[2019.01.25-21.27.45:537][  0]LogInit: Transaction tracking system initialized
[2019.01.25-21.27.45:598][  0]BlueprintLog: New page: Editor Load
[2019.01.25-21.27.45:791][  0]LocalizationService: Localization service is disabled
[2019.01.25-21.27.46:217][  0]LogCook: Display: Max memory allowance for cook 16384mb min free memory 0mb
[2019.01.25-21.27.46:218][  0]LogCook: Display: Mobile HDR setting 1
[2019.01.25-21.27.46:218][  0]LogGameplayTags: Display: UGameplayTagsManager::DoneAddingNativeTags. DelegateIsBound: 0
[2019.01.25-21.27.46:218][  0]LogStats: UGameplayTagsManager::ConstructGameplayTagTree: ImportINI prefixes -  0.000 s
[2019.01.25-21.27.46:218][  0]LogStats: UGameplayTagsManager::ConstructGameplayTagTree: Construct from data asset -  0.000 s
[2019.01.25-21.27.46:219][  0]LogStats: UGameplayTagsManager::ConstructGameplayTagTree: ImportINI -  0.000 s
[2019.01.25-21.27.46:219][  0]LogStats: UGameplayTagsManager::ConstructGameplayTagTree: GameplayTagTreeChangedEvent.Broadcast -  0.000 s
[2019.01.25-21.27.46:448][  0]LogFileCache: Scanning file cache for directory 'C:/Users/w017177h.STUDENT/Documents/Github/GGJ2019/GGJ2019/Content/' took 0.02s
[2019.01.25-21.27.46:448][  0]SourceControl: Source control is disabled
[2019.01.25-21.27.46:449][  0]Cmd: MAP LOAD FILE="../../../../../../Users/w017177h.STUDENT/Documents/Github/GGJ2019/GGJ2019/Content/StarterContent/Maps/Minimal_Default.umap" TEMPLATE=0 SHOWPROGRESS=1 FEATURELEVEL=3
[2019.01.25-21.27.46:450][  0]LightingResults: New page: Lighting Build
[2019.01.25-21.27.46:455][  0]MapCheck: New page: Map Check
[2019.01.25-21.27.46:455][  0]LightingResults: New page: Lighting Build
[2019.01.25-21.27.46:854][  0]LogAIModule: Creating AISystem for world Minimal_Default
[2019.01.25-21.27.46:863][  0]LogEditorServer: Finished looking for orphan Actors (0.000 secs)
[2019.01.25-21.27.46:895][  0]Cmd: MAP CHECKDEP NOCLEARLOG
[2019.01.25-21.27.47:105][  0]MapCheck: Map check complete: 0 Error(s), 0 Warning(s), took 209.235ms to complete.
[2019.01.25-21.27.47:105][  0]LogFileHelpers: Loading map 'Minimal_Default' took 0.658
[2019.01.25-21.27.47:242][  0]LogSlate: Updating window title bar state: overlay mode, drag disabled, window buttons hidden, title bar hidden
[2019.01.25-21.27.47:250][  0]LogSlate: Updating window title bar state: overlay mode, drag disabled, window buttons hidden, title bar hidden
[2019.01.25-21.27.47:258][  0]LogSlate: Updating window title bar state: overlay mode, drag disabled, window buttons hidden, title bar hidden
[2019.01.25-21.27.47:268][  0]LogSlate: Updating window title bar state: overlay mode, drag disabled, window buttons hidden, title bar hidden
[2019.01.25-21.27.47:281][  0]LogCollectionManager: Loaded 0 collections in 0.003984 seconds
[2019.01.25-21.27.47:333][  0]LogFileCache: Scanning file cache for directory 'C:/Users/w017177h.STUDENT/Documents/Github/GGJ2019/GGJ2019/Saved/Collections/' took 0.01s
[2019.01.25-21.27.47:333][  0]LogFileCache: Scanning file cache for directory 'C:/Users/w017177h.STUDENT/Documents/Github/GGJ2019/GGJ2019/Content/Developers/w017177h/Collections/' took 0.01s
[2019.01.25-21.27.47:333][  0]LogFileCache: Scanning file cache for directory 'C:/Users/w017177h.STUDENT/Documents/Github/GGJ2019/GGJ2019/Content/Collections/' took 0.01s
[2019.01.25-21.27.47:333][  0]LogCollectionManager: Rebuilt the GUID cache for 0 collections in 0.000001 seconds
[2019.01.25-21.27.47:345][  0]LogContentBrowser: Native class hierarchy populated in 0.0113 seconds. Added 2575 classes and 605 folders.
[2019.01.25-21.27.47:356][  0]LogContentBrowser: Native class hierarchy updated for 'WidgetCarousel' in 0.0005 seconds. Added 0 classes and 0 folders.
[2019.01.25-21.27.47:453][  0]LogContentBrowser: Native class hierarchy updated for 'AddContentDialog' in 0.0005 seconds. Added 0 classes and 0 folders.
[2019.01.25-21.27.47:463][  0]LogContentBrowser: Native class hierarchy updated for 'SceneOutliner' in 0.0005 seconds. Added 1 classes and 2 folders.
[2019.01.25-21.27.47:479][  0]LogSlate: Took 0.000314 seconds to synchronously load lazily loaded font '../../../Engine/Content/Slate/Fonts/Roboto-Regular.ttf' (155K)
[2019.01.25-21.27.47:482][  0]LogSlate: Took 0.000486 seconds to synchronously load lazily loaded font '../../../Engine/Content/Slate/Fonts/Roboto-Bold.ttf' (160K)
[2019.01.25-21.27.47:490][  0]LogSlate: Took 0.000285 seconds to synchronously load lazily loaded font '../../../Engine/Content/Editor/Slate/Fonts/FontAwesome.ttf' (139K)
[2019.01.25-21.27.47:576][  0]LogRenderer: Reallocating scene render targets to support 1208x576 Format 10 NumSamples 1 (Frame:1).
[2019.01.25-21.27.47:717][  0]LogContentBrowser: Native class hierarchy updated for 'HierarchicalLODOutliner' in 0.0006 seconds. Added 0 classes and 0 folders.
[2019.01.25-21.27.47:717][  0]LogLoad: (Engine Initialization) Total time: 13.33 seconds
[2019.01.25-21.27.47:717][  0]LogLoad: (Engine Initialization) Total Blueprint compile time: 0.00 seconds
[2019.01.25-21.27.47:727][  0]LogWindowsTextInputMethodSystem: Display: IME system now deactivated.
[2019.01.25-21.27.47:754][  0]LogContentStreaming: Texture pool size now 1000 MB
[2019.01.25-21.27.47:778][  0]LogSlate: Took 0.000225 seconds to synchronously load lazily loaded font '../../../Engine/Content/Slate/Fonts/Roboto-Light.ttf' (167K)
[2019.01.25-21.27.47:797][  1]LogAssetRegistry: Asset discovery search completed in 6.5744 seconds
[2019.01.25-21.27.47:800][  1]LogCollectionManager: Rebuilt the object cache for 0 collections in 0.000000 seconds (found 0 objects)
[2019.01.25-21.27.47:800][  1]LogCollectionManager: Fixed up redirectors for 0 collections in 0.000194 seconds (updated 0 objects)
[2019.01.25-21.27.49:544][202]LogSlate: FSceneViewport::OnFocusLost() reason 0
[2019.01.25-21.27.50:852][355]LogSlate: Took 0.000267 seconds to synchronously load lazily loaded font '../../../Engine/Content/Slate/Fonts/Roboto-Light.ttf' (167K)
[2019.01.25-21.27.50:911][355]LogAIModule: Creating AISystem for world JohnLevel
[2019.01.25-21.27.50:921][355]LogAssetEditorManager: Opening Asset editor for World /Game/StarterContent/Maps/JohnLevel.JohnLevel
[2019.01.25-21.27.50:950][355]Cmd: MAP LOAD FILE="../../../../../../Users/w017177h.STUDENT/Documents/Github/GGJ2019/GGJ2019/Content/StarterContent/Maps/JohnLevel.umap" TEMPLATE=0 SHOWPROGRESS=1 FEATURELEVEL=3
[2019.01.25-21.27.50:950][355]LightingResults: New page: Lighting Build
[2019.01.25-21.27.50:951][355]LoadErrors: New page: Loading map: JohnLevel.umap
[2019.01.25-21.27.50:952][355]MapCheck: New page: Map Check
[2019.01.25-21.27.50:952][355]LightingResults: New page: Lighting Build
[2019.01.25-21.27.50:985][355]LogEditorServer: Finished looking for orphan Actors (0.000 secs)
[2019.01.25-21.27.51:040][355]Cmd: MAP CHECKDEP NOCLEARLOG
[2019.01.25-21.27.51:260][355]MapCheck: Map check complete: 0 Error(s), 0 Warning(s), took 220.224ms to complete.
[2019.01.25-21.27.51:262][355]LogFileHelpers: Loading map 'JohnLevel' took 0.314
[2019.01.25-21.27.52:006][438]LogTemp: Repeating last play command: Selected Viewport
[2019.01.25-21.27.52:023][438]LogPlayLevel: PlayLevel: No blueprints needed recompiling
[2019.01.25-21.27.52:036][438]PIE: New page: PIE session: JohnLevel (25 Jan 2019 21:27:52)
[2019.01.25-21.27.52:036][438]LogPlayLevel: Creating play world package: /Game/StarterContent/Maps/UEDPIE_0_JohnLevel
[2019.01.25-21.27.52:039][438]LogPlayLevel: PIE: StaticDuplicateObject took: (0.002400s)
[2019.01.25-21.27.52:040][438]LogAIModule: Creating AISystem for world JohnLevel
[2019.01.25-21.27.52:040][438]LogPlayLevel: PIE: World Init took: (0.000913s)
[2019.01.25-21.27.52:040][438]LogPlayLevel: PIE: Created PIE world by copying editor world from /Game/StarterContent/Maps/JohnLevel.JohnLevel to /Game/StarterContent/Maps/UEDPIE_0_JohnLevel.JohnLevel (0.003661s)
[2019.01.25-21.27.52:069][438]LogInit: XAudio2 using 'Headset Earphone (Razer ManO'War)' : 2 channels at 48 kHz using 16 bits per sample (channel mask 0x3)
[2019.01.25-21.27.52:081][438]LogInit: FAudioDevice initialized.
[2019.01.25-21.27.52:128][438]LogUObjectGlobals: Warning: Failed to find object 'Class /Script/GGJ2019.GGJ2019GameMode'
[2019.01.25-21.27.52:128][438]LogLoad: Game class is 'GameModeBase'
[2019.01.25-21.27.52:131][438]LogWorld: Bringing World /Game/StarterContent/Maps/UEDPIE_0_JohnLevel.JohnLevel up for play (max tick rate 0) at 2019.01.25-21.27.52
[2019.01.25-21.27.52:131][438]LogWorld: Bringing up level for play took: 0.001578
[2019.01.25-21.27.52:154][438]LogContentBrowser: Native class hierarchy updated for 'MovieSceneCapture' in 0.0005 seconds. Added 10 classes and 0 folders.
[2019.01.25-21.27.52:156][438]PIE: Play in editor start time for /Game/StarterContent/Maps/UEDPIE_0_JohnLevel 1.116
[2019.01.25-21.27.55:368][822]LogSlate: Updating window title bar state: overlay mode, drag disabled, window buttons hidden, title bar hidden
[2019.01.25-21.27.55:402][822]LogPlayLevel: Display: Shutting down PIE online subsystems
[2019.01.25-21.27.55:426][822]LogSlate: Updating window title bar state: overlay mode, drag disabled, window buttons hidden, title bar hidden
[2019.01.25-21.27.55:468][826]LogPlayLevel: Display: Destroying online subsystem :Context_1
[2019.01.25-21.28.04:156][924]LogEditorViewport: Clicking on Actor (LMB): Enemy_BP_Base_C (Enemy_BP_Base)
[2019.01.25-21.28.07:353][284]LogEditorViewport: Clicking on Actor (LMB): NavigationNode_BP_Base_C (NavigationNode_BP_Base10)
[2019.01.25-21.28.09:156][496]LogEditorViewport: Clicking on Actor (LMB): Enemy_BP_Base_C (Enemy_BP_Base)
[2019.01.25-21.28.14:624][134]LogEditorViewport: Clicking on Actor (LMB): NavigationNode_BP_Base_C (NavigationNode_BP_Base10)
[2019.01.25-21.28.15:797][270]LogEditorViewport: Clicking on Actor (LMB): Enemy_BP_Base_C (Enemy_BP_Base)
[2019.01.25-21.28.16:577][358]LogSlate: Took 0.000294 seconds to synchronously load lazily loaded font '../../../Engine/Content/Slate/Fonts/Roboto-Italic.ttf' (157K)
[2019.01.25-21.28.18:682][610]LogEditorViewport: Clicking on Actor (LMB): NavigationNode_BP_Base_C (NavigationNode_BP_Base10)
[2019.01.25-21.28.19:962][758]LogEditorViewport: Clicking on Actor (LMB): Enemy_BP_Base_C (Enemy_BP_Base)
[2019.01.25-21.28.21:341][918]LogEditorViewport: Clicking on Actor (LMB): NavigationNode_BP_Base_C (NavigationNode_BP_Base10)
[2019.01.25-21.28.27:285][151]LogEditorViewport: Clicking on Actor (LMB): Enemy_BP_Base_C (Enemy_BP_Base)
