Log file open, 01/25/19 23:29:36
LogWindows: Failed to load 'aqProf.dll' (GetLastError=126)
LogWindows: File 'aqProf.dll' does not exist
LogWindows: Failed to load 'VSPerf140.dll' (GetLastError=126)
LogWindows: File 'VSPerf140.dll' does not exist
LogWindows: Failed to load 'VtuneApi.dll' (GetLastError=126)
LogWindows: File 'VtuneApi.dll' does not exist
LogWindows: Failed to load 'VtuneApi32e.dll' (GetLastError=126)
LogWindows: File 'VtuneApi32e.dll' does not exist
LogInit: Display: Running engine for game: GGJ2019
LogPlatformFile: Not using cached read wrapper
LogTaskGraph: Started task graph with 5 named threads and 23 total threads with 3 sets of task threads.
LogStats: Stats thread started at 0.423169
LogD3D11RHI: Loaded GFSDK_Aftermath_Lib.x64.dll
LogICUInternationalization: Display: ICU TimeZone Detection - Raw Offset: +0:00, Platform Override: ''
LogPluginManager: Mounting plugin Paper2D
LogPluginManager: Mounting plugin AISupport
LogPluginManager: Mounting plugin LightPropagationVolume
LogPluginManager: Mounting plugin CLionSourceCodeAccess
LogPluginManager: Mounting plugin CodeLiteSourceCodeAccess
LogPluginManager: Mounting plugin GitSourceControl
LogPluginManager: Mounting plugin KDevelopSourceCodeAccess
LogPluginManager: Mounting plugin NullSourceCodeAccess
LogPluginManager: Mounting plugin PerforceSourceControl
LogPluginManager: Mounting plugin SubversionSourceControl
LogPluginManager: Mounting plugin UObjectPlugin
LogPluginManager: Mounting plugin VisualStudioCodeSourceCodeAccess
LogPluginManager: Mounting plugin VisualStudioSourceCodeAccess
LogPluginManager: Mounting plugin XCodeSourceCodeAccess
LogPluginManager: Mounting plugin AssetManagerEditor
LogPluginManager: Mounting plugin CryptoKeys
LogPluginManager: Mounting plugin DataValidation
LogPluginManager: Mounting plugin FacialAnimation
LogPluginManager: Mounting plugin GameplayTagsEditor
LogPluginManager: Mounting plugin MacGraphicsSwitching
LogPluginManager: Mounting plugin MeshEditor
LogPluginManager: Mounting plugin MobileLauncherProfileWizard
LogPluginManager: Mounting plugin PluginBrowser
LogPluginManager: Mounting plugin SpeedTreeImporter
LogPluginManager: Mounting plugin DatasmithContent
LogPluginManager: Mounting plugin AlembicImporter
LogPluginManager: Mounting plugin AppleImageUtils
LogPluginManager: Mounting plugin AppleVision
LogPluginManager: Mounting plugin BackChannel
LogPluginManager: Mounting plugin CharacterAI
LogPluginManager: Mounting plugin GeometryCache
LogPluginManager: Mounting plugin HTML5Networking
LogPluginManager: Mounting plugin ProxyLODPlugin
LogPluginManager: Mounting plugin MagicLeap
LogPluginManager: Mounting plugin MagicLeapEmulator
LogPluginManager: Mounting plugin MagicLeapMedia
LogPluginManager: Mounting plugin AndroidMedia
LogPluginManager: Mounting plugin AvfMedia
LogPluginManager: Mounting plugin ImgMedia
LogPluginManager: Mounting plugin LinearTimecode
LogPluginManager: Mounting plugin MediaCompositing
LogPluginManager: Mounting plugin MediaPlayerEditor
LogPluginManager: Mounting plugin WmfMedia
LogPluginManager: Mounting plugin TcpMessaging
LogPluginManager: Mounting plugin UdpMessaging
LogPluginManager: Mounting plugin ActorSequence
LogPluginManager: Mounting plugin LevelSequenceEditor
LogPluginManager: Mounting plugin MatineeToLevelSequence
LogPluginManager: Mounting plugin NetcodeUnitTest
LogPluginManager: Mounting plugin NUTUnrealEngine4
LogPluginManager: Mounting plugin OnlineSubsystemGooglePlay
LogPluginManager: Mounting plugin OnlineSubsystemIOS
LogPluginManager: Mounting plugin OnlineSubsystem
LogPluginManager: Mounting plugin OnlineSubsystemNull
LogPluginManager: Mounting plugin OnlineSubsystemUtils
LogPluginManager: Mounting plugin LauncherChunkInstaller
LogPluginManager: Mounting plugin AndroidDeviceProfileSelector
LogPluginManager: Mounting plugin AndroidMoviePlayer
LogPluginManager: Mounting plugin AndroidPermission
LogPluginManager: Mounting plugin AppleMoviePlayer
LogPluginManager: Mounting plugin ArchVisCharacter
LogPluginManager: Mounting plugin AudioCapture
LogPluginManager: Mounting plugin CableComponent
LogPluginManager: Mounting plugin CustomMeshComponent
LogPluginManager: Mounting plugin EditableMesh
LogPluginManager: Mounting plugin ExampleDeviceProfileSelector
LogPluginManager: Mounting plugin GoogleCloudMessaging
LogPluginManager: Mounting plugin ImmediatePhysics
LogPluginManager: Mounting plugin IOSDeviceProfileSelector
LogPluginManager: Mounting plugin LinuxDeviceProfileSelector
LogPluginManager: Mounting plugin LocationServicesBPLibrary
LogPluginManager: Mounting plugin MobilePatchingUtils
LogPluginManager: Mounting plugin OculusVR
LogPluginManager: Plugin shader directory ../../../Engine/Plugins/Runtime/Oculus/OculusVR/Shaders found
LogPluginManager: Mapping shader source directory ../../../Engine/Plugins/Runtime/Oculus/OculusVR/Shaders to virtual directory /Plugin/OculusVR
LogPluginManager: Mounting plugin PhysXVehicles
LogPluginManager: Mounting plugin ProceduralMeshComponent
LogPluginManager: Mounting plugin RuntimePhysXCooking
LogPluginManager: Mounting plugin SteamVR
LogPluginManager: Mounting plugin WindowsMoviePlayer
LogStreaming: Display: Took  0.260s to configure plugins.
LogInit: Using libcurl 7.55.1-DEV
LogInit:  - built for x86_64-pc-win32
LogInit:  - supports SSL with OpenSSL/1.0.2h
LogInit:  - supports HTTP deflate (compression) using libz 1.2.8
LogInit:  - other features:
LogInit:      CURL_VERSION_SSL
LogInit:      CURL_VERSION_LIBZ
LogInit:      CURL_VERSION_IPV6
LogInit:      CURL_VERSION_ASYNCHDNS
LogInit:      CURL_VERSION_LARGEFILE
LogInit:      CURL_VERSION_IDN
LogInit:  CurlRequestOptions (configurable via config and command line):
LogInit:  - bVerifyPeer = false  - Libcurl will NOT verify peer certificate
LogInit:  - bUseHttpProxy = false  - Libcurl will NOT use HTTP proxy
LogInit:  - bDontReuseConnections = false  - Libcurl will reuse connections
LogInit:  - CertBundlePath = nullptr  - Libcurl will use whatever was configured at build time.
LogInit:  - MaxHostConnections = 16  - Libcurl will limit the number of connections to a host
LogInit:  - LocalHostAddr = Default
LogInit:  - BufferSize = 65536
LogInit: WinSock: version 1.1 (2.2), MaxSocks=32767, MaxUdp=65467
LogInit: Build: ++UE4+Release-4.20-CL-4369336
LogInit: Engine Version: 4.20.3-4369336+++UE4+Release-4.20
LogInit: Compatible Engine Version: 4.20.0-4212847+++UE4+Release-4.20
LogInit: Net CL: 4212847
LogInit: OS: Windows 10 (), CPU: Intel(R) Xeon(R) CPU E5-1620 v3 @ 3.50GHz, GPU: NVIDIA GeForce GTX 970
LogInit: Compiled (64-bit): Sep 17 2018 12:26:19
LogInit: Compiled with Visual C++: 19.13.26129.00
LogInit: Build Configuration: Development
LogInit: Branch Name: ++UE4+Release-4.20
LogInit: Command Line:  -skipcompile
LogInit: Base Directory: C:/Epic/UE4/UE_4.20/Engine/Binaries/Win64/
LogInit: Installed Engine Build: 1
LogDevObjectVersion: Number of dev versions registered: 20
LogDevObjectVersion:   Dev-Blueprints (B0D832E4-1F89-4F0D-ACCF-7EB736FD4AA2): 10
LogDevObjectVersion:   Dev-Build (E1C64328-A22C-4D53-A36C-8E866417BD8C): 0
LogDevObjectVersion:   Dev-Core (375EC13C-06E4-48FB-B500-84F0262A717E): 2
LogDevObjectVersion:   Dev-Editor (E4B068ED-F494-42E9-A231-DA0B2E46BB41): 24
LogDevObjectVersion:   Dev-Framework (CFFC743F-43B0-4480-9391-14DF171D2073): 34
LogDevObjectVersion:   Dev-Mobile (B02B49B5-BB20-44E9-A304-32B752E40360): 2
LogDevObjectVersion:   Dev-Networking (A4E4105C-59A1-49B5-A7C5-40C4547EDFEE): 0
LogDevObjectVersion:   Dev-Online (39C831C9-5AE6-47DC-9A44-9C173E1C8E7C): 0
LogDevObjectVersion:   Dev-Physics (78F01B33-EBEA-4F98-B9B4-84EACCB95AA2): 0
LogDevObjectVersion:   Dev-Platform (6631380F-2D4D-43E0-8009-CF276956A95A): 0
LogDevObjectVersion:   Dev-Rendering (12F88B9F-8875-4AFC-A67C-D90C383ABD29): 26
LogDevObjectVersion:   Dev-Sequencer (7B5AE74C-D270-4C10-A958-57980B212A5A): 9
LogDevObjectVersion:   Dev-VR (D7296918-1DD6-4BDD-9DE2-64A83CC13884): 2
LogDevObjectVersion:   Dev-LoadTimes (C2A15278-BFE7-4AFE-6C17-90FF531DF755): 1
LogDevObjectVersion:   Private-Geometry (6EACA3D4-40EC-4CC1-B786-8BED09428FC5): 3
LogDevObjectVersion:   Dev-AnimPhys (29E575DD-E0A3-4627-9D10-D276232CDCEA): 17
LogDevObjectVersion:   Dev-ReflectionCapture (6B266CEC-1EC7-4B8F-A30B-E4D90942FC07): 1
LogDevObjectVersion:   Dev-Automation (0DF73D61-A23F-47EA-B727-89E90C41499A): 1
LogDevObjectVersion:   FortniteMain (601D1886-AC64-4F84-AA16-D3DE0DEAC7D6): 12
LogDevObjectVersion:   Dev-Enterprise (9DFFBCD6-494F-0158-E221-12823C92A888): 1
LogStreaming: Display: Took  0.005s to delete old logs.
LogInit: Presizing for max 8388607 objects, including 0 objects not considered by GC, pre-allocating 0 bytes for permanent pool.
LogInit: Object subsystem initialized
[2019.01.25-23.29.37:239][  0]LogInit: Selected Device Profile: [Windows]
[2019.01.25-23.29.37:239][  0]LogInit: Applying CVar settings loaded from the selected device profile: [Windows]
[2019.01.25-23.29.37:255][  0]LogHAL: Display: Platform has ~ 16 GB [17092038656 / 17179869184 / 16], which maps to Larger [LargestMinGB=32, LargerMinGB=12, DefaultMinGB=8, SmallerMinGB=6, SmallestMinGB=0)
[2019.01.25-23.29.37:255][  0]LogInit: Setting Device Profile CVar: [[r.Vulkan.UseRealUBs:1]]
[2019.01.25-23.29.37:255][  0]LogInit: Going up to parent DeviceProfile []
[2019.01.25-23.29.37:255][  0]LogInit: Computer: C115-11
[2019.01.25-23.29.37:255][  0]LogInit: User: w017177h
[2019.01.25-23.29.37:255][  0]LogInit: CPU Page size=4096, Cores=4
[2019.01.25-23.29.37:255][  0]LogInit: High frequency timer resolution =3.410072 MHz
[2019.01.25-23.29.37:256][  0]LogMemory: Memory total: Physical=15.9GB (16GB approx)
[2019.01.25-23.29.37:256][  0]LogMemory: Platform Memory Stats for Windows
[2019.01.25-23.29.37:256][  0]LogMemory: Process Physical Memory: 100.89 MB used, 100.89 MB peak
[2019.01.25-23.29.37:256][  0]LogMemory: Process Virtual Memory: 91.30 MB used, 91.30 MB peak
[2019.01.25-23.29.37:256][  0]LogMemory: Physical Memory: 6439.97 MB used,  9860.27 MB free, 16300.24 MB total
[2019.01.25-23.29.37:256][  0]LogMemory: Virtual Memory: 4640.35 MB used,  9860.27 MB free, 134217728.00 MB total
[2019.01.25-23.29.37:373][  0]LogInit: Using OS detected language (en-US).
[2019.01.25-23.29.37:373][  0]LogInit: Using OS detected locale (en-GB).
[2019.01.25-23.29.37:375][  0]LogTextLocalizationManager: No specific localization for 'en-US' exists, so the 'en' localization will be used.
[2019.01.25-23.29.37:780][  0]LogStreaming: Display: Took  0.406s to InitEngineTextLocalization.
[2019.01.25-23.29.37:780][  0]LogInit: Setting process to per monitor DPI aware
[2019.01.25-23.29.37:834][  0]LogSlate: New Slate User Created.  User Index 0, Is Virtual User: 0
[2019.01.25-23.29.37:834][  0]LogSlate: Slate User Registered.  User Index 0, Is Virtual User: 0
[2019.01.25-23.29.38:153][  0]LogHMD: Failed to initialize OpenVR with code 110
[2019.01.25-23.29.38:154][  0]LogD3D11RHI: D3D11 adapters:
[2019.01.25-23.29.38:233][  0]LogD3D11RHI:    0. 'NVIDIA GeForce GTX 970' (Feature Level 11_0)
[2019.01.25-23.29.38:233][  0]LogD3D11RHI:       4043/0/8150 MB DedicatedVideo/DedicatedSystem/SharedSystem, Outputs:2, VendorId:0x10de
[2019.01.25-23.29.38:238][  0]LogD3D11RHI:    1. 'Microsoft Basic Render Driver' (Feature Level 11_0)
[2019.01.25-23.29.38:238][  0]LogD3D11RHI:       0/0/8150 MB DedicatedVideo/DedicatedSystem/SharedSystem, Outputs:0, VendorId:0x1414
[2019.01.25-23.29.38:238][  0]LogD3D11RHI: Chosen D3D11 Adapter: 0
[2019.01.25-23.29.38:246][  0]LogD3D11RHI: Creating new Direct3DDevice
[2019.01.25-23.29.38:246][  0]LogD3D11RHI:     GPU DeviceId: 0x13c2 (for the marketing name, search the web for "GPU Device Id")
[2019.01.25-23.29.38:246][  0]LogWindows: EnumDisplayDevices:
[2019.01.25-23.29.38:246][  0]LogWindows:    0. 'NVIDIA GeForce GTX 970' (P:1 D:1)
[2019.01.25-23.29.38:247][  0]LogWindows:    1. 'NVIDIA GeForce GTX 970' (P:0 D:1)
[2019.01.25-23.29.38:247][  0]LogWindows:    2. 'NVIDIA GeForce GTX 970' (P:0 D:0)
[2019.01.25-23.29.38:248][  0]LogWindows:    3. 'NVIDIA GeForce GTX 970' (P:0 D:0)
[2019.01.25-23.29.38:248][  0]LogWindows: DebugString: FoundDriverCount:4 
[2019.01.25-23.29.38:248][  0]LogD3D11RHI:     Adapter Name: NVIDIA GeForce GTX 970
[2019.01.25-23.29.38:248][  0]LogD3D11RHI:   Driver Version: 398.82 (internal:24.21.13.9882, unified:398.82)
[2019.01.25-23.29.38:248][  0]LogD3D11RHI:      Driver Date: 7-30-2018
[2019.01.25-23.29.38:248][  0]LogRHI: Texture pool is 2830 MB (70% of 4043 MB)
[2019.01.25-23.29.38:298][  0]LogD3D11RHI: Async texture creation enabled
[2019.01.25-23.29.38:316][  0]LogD3D11RHI: GPU Timing Frequency: 1000.000000 (Debug: 2 2)
[2019.01.25-23.29.38:364][  0]LogShaderCompilers: Guid format shader working directory is -17 characters bigger than the processId version (../../../../../../Users/w017177h.STUDENT/Documents/Github/GGJ2019/GGJ2019/Intermediate/Shaders/WorkingDirectory/14652/).
[2019.01.25-23.29.38:365][  0]LogShaderCompilers: Cleaned the shader compiler working directory 'C:/Users/w017177h.STUDENT/AppData/Local/Temp/UnrealShaderWorkingDir/B0486DC044D18690540CB392E77FD7A0/'.
[2019.01.25-23.29.38:803][  0]LogTemp: Display: Loaded TP AllDesktopTargetPlatform
[2019.01.25-23.29.38:822][  0]LogTemp: Display: Loaded TP MacClientTargetPlatform
[2019.01.25-23.29.38:840][  0]LogTemp: Display: Loaded TP MacNoEditorTargetPlatform
[2019.01.25-23.29.38:858][  0]LogTemp: Display: Loaded TP MacServerTargetPlatform
[2019.01.25-23.29.38:877][  0]LogTemp: Display: Loaded TP MacTargetPlatform
[2019.01.25-23.29.38:907][  0]LogTemp: Display: Loaded TP WindowsClientTargetPlatform
[2019.01.25-23.29.38:926][  0]LogTemp: Display: Loaded TP WindowsNoEditorTargetPlatform
[2019.01.25-23.29.38:952][  0]LogTemp: Display: Loaded TP WindowsServerTargetPlatform
[2019.01.25-23.29.38:974][  0]LogTemp: Display: Loaded TP WindowsTargetPlatform
[2019.01.25-23.29.39:077][  0]LogTemp: Display: Loaded TP AndroidTargetPlatform
[2019.01.25-23.29.39:077][  0]LogTemp: Display: Loaded TP AndroidTargetPlatform
[2019.01.25-23.29.39:077][  0]LogTemp: Display: Loaded TP AndroidTargetPlatform
[2019.01.25-23.29.39:077][  0]LogTemp: Display: Loaded TP AndroidTargetPlatform
[2019.01.25-23.29.39:077][  0]LogTemp: Display: Loaded TP AndroidTargetPlatform
[2019.01.25-23.29.39:078][  0]LogTemp: Display: Loaded TP AndroidTargetPlatform
[2019.01.25-23.29.39:078][  0]LogTemp: Display: Loaded TP AndroidTargetPlatform
[2019.01.25-23.29.39:078][  0]LogTemp: Display: Loaded TP AndroidTargetPlatform
[2019.01.25-23.29.39:078][  0]LogTemp: Display: Loaded TP AndroidTargetPlatform
[2019.01.25-23.29.39:078][  0]LogTemp: Display: Loaded TP AndroidTargetPlatform
[2019.01.25-23.29.39:078][  0]LogTemp: Display: Loaded TP AndroidTargetPlatform
[2019.01.25-23.29.39:078][  0]LogTemp: Display: Loaded TP AndroidTargetPlatform
[2019.01.25-23.29.39:078][  0]LogTemp: Display: Loaded TP AndroidTargetPlatform
[2019.01.25-23.29.39:078][  0]LogTemp: Display: Loaded TP AndroidTargetPlatform
[2019.01.25-23.29.39:078][  0]LogTemp: Display: Loaded TP AndroidTargetPlatform
[2019.01.25-23.29.39:078][  0]LogTemp: Display: Loaded TP AndroidTargetPlatform
[2019.01.25-23.29.39:079][  0]LogTemp: Display: Loaded TP AndroidTargetPlatform
[2019.01.25-23.29.39:079][  0]LogTemp: Display: Loaded TP AndroidTargetPlatform
[2019.01.25-23.29.39:086][  0]LogTemp: Display: Loaded TP HTML5TargetPlatform
[2019.01.25-23.29.39:175][  0]LogTemp: Display: Loaded TP IOSTargetPlatform
[2019.01.25-23.29.39:175][  0]LogTemp: Display: Loaded TP IOSTargetPlatform
[2019.01.25-23.29.39:211][  0]LogTemp: Display: Loaded TP TVOSTargetPlatform
[2019.01.25-23.29.39:211][  0]LogTemp: Display: Loaded TP TVOSTargetPlatform
[2019.01.25-23.29.39:233][  0]LogTemp: Display: Loaded TP LinuxClientTargetPlatform
[2019.01.25-23.29.39:252][  0]LogTemp: Display: Loaded TP LinuxNoEditorTargetPlatform
[2019.01.25-23.29.39:275][  0]LogTemp: Display: Loaded TP LinuxServerTargetPlatform
[2019.01.25-23.29.39:295][  0]LogTemp: Display: Loaded TP LinuxTargetPlatform
[2019.01.25-23.29.39:311][  0]LogTemp: Display: Loaded TP LuminTargetPlatform
[2019.01.25-23.29.39:312][  0]LogTargetPlatformManager: Display: Building Assets For Windows
[2019.01.25-23.29.39:490][  0]LogXGEController: Cleaning working directory: C:/Users/w017177h.STUDENT/AppData/Local/Temp/UnrealXGEWorkingDir/
[2019.01.25-23.29.39:491][  0]LogXGEController: Cannot use XGE Controller as Incredibuild is not installed on this machine.
[2019.01.25-23.29.39:491][  0]LogShaderCompilers: Cannot use XGE Shader Compiler as Incredibuild is not installed on this machine.
[2019.01.25-23.29.39:491][  0]LogShaderCompilers: Display: Using Local Shader Compiler.
[2019.01.25-23.29.40:567][  0]LogDerivedDataCache: Display: Max Cache Size: 512 MB
[2019.01.25-23.29.40:701][  0]LogDerivedDataCache: Loaded boot cache 0.13s 71MB C:/Users/w017177h.STUDENT/AppData/Local/UnrealEngine/4.20/DerivedDataCache/Boot.ddc.
[2019.01.25-23.29.40:702][  0]LogDerivedDataCache: Display: Loaded Boot cache: C:/Users/w017177h.STUDENT/AppData/Local/UnrealEngine/4.20/DerivedDataCache/Boot.ddc
[2019.01.25-23.29.40:703][  0]LogDerivedDataCache: FDerivedDataBackendGraph:  Pak pak cache file ../../../../../../Users/w017177h.STUDENT/Documents/Github/GGJ2019/GGJ2019/DerivedDataCache/DDC.ddp not found, will not use a pak cache.
[2019.01.25-23.29.40:703][  0]LogDerivedDataCache: Unable to find inner node Pak for hierarchical cache Hierarchy.
[2019.01.25-23.29.40:703][  0]LogDerivedDataCache: FDerivedDataBackendGraph:  CompressedPak pak cache file ../../../../../../Users/w017177h.STUDENT/Documents/Github/GGJ2019/GGJ2019/DerivedDataCache/Compressed.ddp not found, will not use a pak cache.
[2019.01.25-23.29.40:703][  0]LogDerivedDataCache: Unable to find inner node CompressedPak for hierarchical cache Hierarchy.
[2019.01.25-23.29.40:717][  0]LogDerivedDataCache: Display: Pak cache opened for reading ../../../Engine/DerivedDataCache/Compressed.ddp.
[2019.01.25-23.29.40:733][  0]LogDerivedDataCache: Using Local data cache path C:/Users/w017177h.STUDENT/AppData/Local/UnrealEngine/Common/DerivedDataCache: Writable
[2019.01.25-23.29.40:734][  0]LogDerivedDataCache: Shared data cache path not found in *engine.ini, will not use an Shared cache.
[2019.01.25-23.29.40:734][  0]LogDerivedDataCache: Unable to find inner node Shared for hierarchical cache Hierarchy.
[2019.01.25-23.29.40:775][  0]LogMaterial: Verifying Global Shaders for PCD3D_SM5
[2019.01.25-23.29.40:779][  0]LogSlate: Using FreeType 2.6.0
[2019.01.25-23.29.40:782][  0]LogSlate: SlateFontServices - WITH_FREETYPE: 1, WITH_HARFBUZZ: 1
[2019.01.25-23.29.40:911][  0]LogAssetRegistry: FAssetRegistry took 0.0295 seconds to start up
[2019.01.25-23.29.41:355][  0]LogInit: Selected Device Profile: [Windows]
[2019.01.25-23.29.41:593][  0]LogSimplygon: Simplygon DLL not present - disabling.
[2019.01.25-23.29.41:605][  0]LogMeshReduction: Using SimplygonSwarm for distributed automatic mesh merging
[2019.01.25-23.29.41:605][  0]LogMeshReduction: Using ProxyLODMeshReduction for automatic mesh merging
[2019.01.25-23.29.41:605][  0]LogMeshReduction: Using QuadricMeshReduction for automatic static mesh reduction
[2019.01.25-23.29.41:605][  0]LogMeshReduction: No automatic skeletal mesh reduction module available
[2019.01.25-23.29.41:634][  0]LogNetVersion: GGJ2019 1.0.0, NetCL: 4212847, EngineNetVer: 5, GameNetVer: 0 (Checksum: 54619999)
[2019.01.25-23.29.42:424][  0]LogPackageLocalizationCache: Processed 11 localized package path(s) for 2 prioritized culture(s) in 0.174547 seconds
[2019.01.25-23.29.42:431][  0]LogUObjectArray: 38425 objects as part of root set at end of initial load.
[2019.01.25-23.29.42:431][  0]LogUObjectAllocator: 6690872 out of 0 bytes used by permanent object pool.
[2019.01.25-23.29.42:431][  0]LogUObjectArray: CloseDisregardForGC: 0/0 objects in disregard for GC pool
[2019.01.25-23.29.43:784][  0]LogTcpMessaging: Initializing TcpMessaging bridge
[2019.01.25-23.29.43:801][  0]LogUdpMessaging: Initializing bridge on interface 0.0.0.0:0 to multicast group 230.0.0.1:6666.
[2019.01.25-23.29.44:121][  0]SourceControl: Source control is disabled
[2019.01.25-23.29.44:121][  0]SourceControl: Source control is disabled
[2019.01.25-23.29.44:127][  0]SourceControl: Source control is disabled
[2019.01.25-23.29.44:132][  0]SourceControl: Source control is disabled
[2019.01.25-23.29.44:467][  0]LogAndroidPermission: UAndroidPermissionCallbackProxy::GetInstance
[2019.01.25-23.29.44:622][  0]LogOcInput: OculusInput pre-init called
[2019.01.25-23.29.44:703][  0]LogEngine: Initializing Engine...
[2019.01.25-23.29.44:705][  0]LogHMD: Failed to initialize OpenVR with code 110
[2019.01.25-23.29.44:706][  0]LogStats: UGameplayTagsManager::ConstructGameplayTagTree: ImportINI prefixes -  0.000 s
[2019.01.25-23.29.44:706][  0]LogStats: UGameplayTagsManager::ConstructGameplayTagTree: Construct from data asset -  0.000 s
[2019.01.25-23.29.44:707][  0]LogStats: UGameplayTagsManager::ConstructGameplayTagTree: ImportINI -  0.000 s
[2019.01.25-23.29.44:707][  0]LogStats: UGameplayTagsManager::ConstructGameplayTagTree: GameplayTagTreeChangedEvent.Broadcast -  0.000 s
[2019.01.25-23.29.45:001][  0]LogInit: Initializing FReadOnlyCVARCache
[2019.01.25-23.29.45:031][  0]LogAIModule: Creating AISystem for world Untitled
[2019.01.25-23.29.45:055][  0]LogInit: XAudio2 using 'Headset Earphone (Razer ManO'War)' : 2 channels at 48 kHz using 16 bits per sample (channel mask 0x3)
[2019.01.25-23.29.45:092][  0]LogInit: FAudioDevice initialized.
[2019.01.25-23.29.45:092][  0]LogNetVersion: Set ProjectVersion to 1.0.0.0. Version Checksum will be recalculated on next use.
[2019.01.25-23.29.45:201][  0]LogDerivedDataCache: Saved boot cache 0.11s 71MB C:/Users/w017177h.STUDENT/AppData/Local/UnrealEngine/4.20/DerivedDataCache/Boot.ddc.
[2019.01.25-23.29.45:235][  0]LogInit: Texture streaming: Enabled
[2019.01.25-23.29.45:289][  0]LogEngineSessionManager: EngineSessionManager initialized
[2019.01.25-23.29.45:289][  0]LogEngineSessionManager: EngineSessionManager sent abnormal shutdown report. Type=Debugger, SessionId={776841DE-4A7A-CB2F-F4F5-998857DE2F8A}
[2019.01.25-23.29.45:290][  0]LogEngineSessionManager: EngineSessionManager sent abnormal shutdown report. Type=Debugger, SessionId={D1C6D9CB-452E-F6E8-F9D6-69A5C539FA36}
[2019.01.25-23.29.45:311][  0]LogInit: Transaction tracking system initialized
[2019.01.25-23.29.45:384][  0]BlueprintLog: New page: Editor Load
[2019.01.25-23.29.45:573][  0]LocalizationService: Localization service is disabled
[2019.01.25-23.29.45:968][  0]LogCook: Display: Max memory allowance for cook 16384mb min free memory 0mb
[2019.01.25-23.29.45:968][  0]LogCook: Display: Mobile HDR setting 1
[2019.01.25-23.29.45:969][  0]LogGameplayTags: Display: UGameplayTagsManager::DoneAddingNativeTags. DelegateIsBound: 0
[2019.01.25-23.29.45:969][  0]LogStats: UGameplayTagsManager::ConstructGameplayTagTree: ImportINI prefixes -  0.000 s
[2019.01.25-23.29.45:969][  0]LogStats: UGameplayTagsManager::ConstructGameplayTagTree: Construct from data asset -  0.000 s
[2019.01.25-23.29.45:969][  0]LogStats: UGameplayTagsManager::ConstructGameplayTagTree: ImportINI -  0.000 s
[2019.01.25-23.29.45:969][  0]LogStats: UGameplayTagsManager::ConstructGameplayTagTree: GameplayTagTreeChangedEvent.Broadcast -  0.000 s
[2019.01.25-23.29.46:206][  0]LogFileCache: Scanning file cache for directory 'C:/Users/w017177h.STUDENT/Documents/Github/GGJ2019/GGJ2019/Content/' took 0.02s
[2019.01.25-23.29.46:206][  0]SourceControl: Source control is disabled
[2019.01.25-23.29.46:206][  0]Cmd: MAP LOAD FILE="../../../../../../Users/w017177h.STUDENT/Documents/Github/GGJ2019/GGJ2019/Content/GameLevel.umap" TEMPLATE=0 SHOWPROGRESS=1 FEATURELEVEL=3
[2019.01.25-23.29.46:207][  0]LightingResults: New page: Lighting Build
[2019.01.25-23.29.46:215][  0]MapCheck: New page: Map Check
[2019.01.25-23.29.46:215][  0]LightingResults: New page: Lighting Build
[2019.01.25-23.29.46:481][  0]LogAIModule: Creating AISystem for world GameLevel
[2019.01.25-23.29.46:492][  0]LogEditorServer: Finished looking for orphan Actors (0.000 secs)
[2019.01.25-23.29.46:515][  0]Cmd: MAP CHECKDEP NOCLEARLOG
[2019.01.25-23.29.46:697][  0]MapCheck: Map check complete: 0 Error(s), 0 Warning(s), took 181.922ms to complete.
[2019.01.25-23.29.46:697][  0]LogFileHelpers: Loading map 'GameLevel' took 0.491
[2019.01.25-23.29.46:825][  0]LogSlate: Updating window title bar state: overlay mode, drag disabled, window buttons hidden, title bar hidden
[2019.01.25-23.29.46:833][  0]LogSlate: Updating window title bar state: overlay mode, drag disabled, window buttons hidden, title bar hidden
[2019.01.25-23.29.46:841][  0]LogSlate: Updating window title bar state: overlay mode, drag disabled, window buttons hidden, title bar hidden
[2019.01.25-23.29.46:850][  0]LogSlate: Updating window title bar state: overlay mode, drag disabled, window buttons hidden, title bar hidden
[2019.01.25-23.29.46:864][  0]LogCollectionManager: Loaded 0 collections in 0.004330 seconds
[2019.01.25-23.29.46:918][  0]LogFileCache: Scanning file cache for directory 'C:/Users/w017177h.STUDENT/Documents/Github/GGJ2019/GGJ2019/Saved/Collections/' took 0.01s
[2019.01.25-23.29.46:918][  0]LogFileCache: Scanning file cache for directory 'C:/Users/w017177h.STUDENT/Documents/Github/GGJ2019/GGJ2019/Content/Developers/w017177h/Collections/' took 0.01s
[2019.01.25-23.29.46:918][  0]LogFileCache: Scanning file cache for directory 'C:/Users/w017177h.STUDENT/Documents/Github/GGJ2019/GGJ2019/Content/Collections/' took 0.01s
[2019.01.25-23.29.46:918][  0]LogCollectionManager: Rebuilt the GUID cache for 0 collections in 0.000000 seconds
[2019.01.25-23.29.46:946][  0]LogContentBrowser: Native class hierarchy populated in 0.0274 seconds. Added 2576 classes and 605 folders.
[2019.01.25-23.29.46:974][  0]LogContentBrowser: Native class hierarchy updated for 'WidgetCarousel' in 0.0012 seconds. Added 0 classes and 0 folders.
[2019.01.25-23.29.47:098][  0]LogContentBrowser: Native class hierarchy updated for 'AddContentDialog' in 0.0005 seconds. Added 0 classes and 0 folders.
[2019.01.25-23.29.47:111][  0]LogContentBrowser: Native class hierarchy updated for 'SceneOutliner' in 0.0006 seconds. Added 1 classes and 2 folders.
[2019.01.25-23.29.47:131][  0]LogSlate: Took 0.000596 seconds to synchronously load lazily loaded font '../../../Engine/Content/Slate/Fonts/Roboto-Regular.ttf' (155K)
[2019.01.25-23.29.47:137][  0]LogSlate: Took 0.000581 seconds to synchronously load lazily loaded font '../../../Engine/Content/Slate/Fonts/Roboto-Bold.ttf' (160K)
[2019.01.25-23.29.47:147][  0]LogSlate: Took 0.000532 seconds to synchronously load lazily loaded font '../../../Engine/Content/Editor/Slate/Fonts/FontAwesome.ttf' (139K)
[2019.01.25-23.29.47:242][  0]LogRenderer: Reallocating scene render targets to support 1208x576 Format 10 NumSamples 1 (Frame:1).
[2019.01.25-23.29.47:309][  0]LogSlate: Took 0.000247 seconds to synchronously load lazily loaded font '../../../Engine/Content/Slate/Fonts/Roboto-Light.ttf' (167K)
[2019.01.25-23.29.47:411][  0]LogContentBrowser: Native class hierarchy updated for 'HierarchicalLODOutliner' in 0.0006 seconds. Added 0 classes and 0 folders.
[2019.01.25-23.29.47:411][  0]LogLoad: (Engine Initialization) Total time: 13.43 seconds
[2019.01.25-23.29.47:411][  0]LogLoad: (Engine Initialization) Total Blueprint compile time: 0.00 seconds
[2019.01.25-23.29.47:423][  0]LogWindowsTextInputMethodSystem: Display: IME system now deactivated.
[2019.01.25-23.29.47:463][  0]LogContentStreaming: Texture pool size now 1000 MB
[2019.01.25-23.29.47:496][  1]LogFileCache: Retrieving MD5 hashes for directory 'C:/Users/w017177h.STUDENT/Documents/Github/GGJ2019/GGJ2019/Content/' took 0.06s
[2019.01.25-23.29.47:551][  2]LogAssetRegistry: Asset discovery search completed in 6.6651 seconds
[2019.01.25-23.29.47:553][  2]LogCollectionManager: Rebuilt the object cache for 0 collections in 0.000000 seconds (found 0 objects)
[2019.01.25-23.29.47:554][  2]LogCollectionManager: Fixed up redirectors for 0 collections in 0.000174 seconds (updated 0 objects)
[2019.01.25-23.29.50:003][288]LogSlate: FSceneViewport::OnFocusLost() reason 0
[2019.01.25-23.29.50:077][297]LogTemp: Repeating last play command: Selected Viewport
[2019.01.25-23.29.50:096][297]LogPlayLevel: PlayLevel: No blueprints needed recompiling
[2019.01.25-23.29.50:110][297]PIE: New page: PIE session: GameLevel (25 Jan 2019 23:29:50)
[2019.01.25-23.29.50:110][297]LogPlayLevel: Creating play world package: /Game/UEDPIE_0_GameLevel
[2019.01.25-23.29.50:128][297]LogPlayLevel: PIE: StaticDuplicateObject took: (0.018322s)
[2019.01.25-23.29.50:130][297]LogAIModule: Creating AISystem for world GameLevel
[2019.01.25-23.29.50:131][297]LogPlayLevel: PIE: World Init took: (0.002262s)
[2019.01.25-23.29.50:131][297]LogPlayLevel: PIE: Created PIE world by copying editor world from /Game/GameLevel.GameLevel to /Game/UEDPIE_0_GameLevel.GameLevel (0.021164s)
[2019.01.25-23.29.50:170][297]LogInit: XAudio2 using 'Headset Earphone (Razer ManO'War)' : 2 channels at 48 kHz using 16 bits per sample (channel mask 0x3)
[2019.01.25-23.29.50:181][297]LogInit: FAudioDevice initialized.
[2019.01.25-23.29.50:239][297]LogLoad: Game class is 'GGJ2019GM_C'
[2019.01.25-23.29.50:246][297]LogWorld: Bringing World /Game/UEDPIE_0_GameLevel.GameLevel up for play (max tick rate 0) at 2019.01.25-23.29.50
[2019.01.25-23.29.50:247][297]LogWorld: Bringing up level for play took: 0.004457
[2019.01.25-23.29.50:287][297]LogContentBrowser: Native class hierarchy updated for 'MovieSceneCapture' in 0.0013 seconds. Added 10 classes and 0 folders.
[2019.01.25-23.29.50:290][297]PIE: Play in editor start time for /Game/UEDPIE_0_GameLevel -0.167
[2019.01.25-23.29.51:850][475]LogSlate: Updating window title bar state: overlay mode, drag disabled, window buttons hidden, title bar hidden
[2019.01.25-23.29.51:888][475]LogPlayLevel: Display: Shutting down PIE online subsystems
[2019.01.25-23.29.51:914][475]LogSlate: Updating window title bar state: overlay mode, drag disabled, window buttons hidden, title bar hidden
[2019.01.25-23.29.51:954][478]LogPlayLevel: Display: Destroying online subsystem :Context_1
[2019.01.25-23.29.52:787][578]LogSlate: FSceneViewport::OnFocusLost() reason 0
[2019.01.25-23.29.56:490][ 15]LogSlate: Took 0.000236 seconds to synchronously load lazily loaded font '../../../Engine/Content/Slate/Fonts/Roboto-Light.ttf' (167K)
[2019.01.25-23.29.56:600][ 15]LogAIModule: Creating AISystem for world NewJohnLevel
[2019.01.25-23.29.56:646][ 15]LogAssetEditorManager: Opening Asset editor for World /Game/StarterContent/Maps/NewJohnLevel.NewJohnLevel
[2019.01.25-23.29.56:682][ 15]Cmd: MAP LOAD FILE="../../../../../../Users/w017177h.STUDENT/Documents/Github/GGJ2019/GGJ2019/Content/StarterContent/Maps/NewJohnLevel.umap" TEMPLATE=0 SHOWPROGRESS=1 FEATURELEVEL=3
[2019.01.25-23.29.56:682][ 15]LightingResults: New page: Lighting Build
[2019.01.25-23.29.56:683][ 15]LoadErrors: New page: Loading map: NewJohnLevel.umap
[2019.01.25-23.29.56:685][ 15]MapCheck: New page: Map Check
[2019.01.25-23.29.56:685][ 15]LightingResults: New page: Lighting Build
[2019.01.25-23.29.56:769][ 15]LogEditorServer: Finished looking for orphan Actors (0.000 secs)
[2019.01.25-23.29.56:832][ 15]Cmd: MAP CHECKDEP NOCLEARLOG
[2019.01.25-23.29.57:028][ 15]MapCheck: Map check complete: 0 Error(s), 0 Warning(s), took 195.892ms to complete.
[2019.01.25-23.29.57:030][ 15]LogFileHelpers: Loading map 'NewJohnLevel' took 0.350
[2019.01.25-23.29.57:590][ 73]LogTemp: Repeating last play command: Selected Viewport
[2019.01.25-23.29.57:609][ 73]LogPlayLevel: PlayLevel: No blueprints needed recompiling
[2019.01.25-23.29.57:609][ 73]PIE: New page: PIE session: NewJohnLevel (25 Jan 2019 23:29:57)
[2019.01.25-23.29.57:609][ 73]LogPlayLevel: Creating play world package: /Game/StarterContent/Maps/UEDPIE_0_NewJohnLevel
[2019.01.25-23.29.57:634][ 73]LogPlayLevel: PIE: StaticDuplicateObject took: (0.024592s)
[2019.01.25-23.29.57:634][ 73]LogAIModule: Creating AISystem for world NewJohnLevel
[2019.01.25-23.29.57:635][ 73]LogPlayLevel: PIE: World Init took: (0.000952s)
[2019.01.25-23.29.57:635][ 73]LogPlayLevel: PIE: Created PIE world by copying editor world from /Game/StarterContent/Maps/NewJohnLevel.NewJohnLevel to /Game/StarterContent/Maps/UEDPIE_0_NewJohnLevel.NewJohnLevel (0.025991s)
[2019.01.25-23.29.57:679][ 73]LogInit: XAudio2 using 'Headset Earphone (Razer ManO'War)' : 2 channels at 48 kHz using 16 bits per sample (channel mask 0x3)
[2019.01.25-23.29.57:694][ 73]LogInit: FAudioDevice initialized.
[2019.01.25-23.29.57:728][ 73]LogLoad: Game class is 'GGJ2019GM_C'
[2019.01.25-23.29.57:736][ 73]LogWorld: Bringing World /Game/StarterContent/Maps/UEDPIE_0_NewJohnLevel.NewJohnLevel up for play (max tick rate 0) at 2019.01.25-23.29.57
[2019.01.25-23.29.57:737][ 73]LogWorld: Bringing up level for play took: 0.007685
[2019.01.25-23.29.57:751][ 73]PIE: Play in editor start time for /Game/StarterContent/Maps/UEDPIE_0_NewJohnLevel -0.706
[2019.01.25-23.30.04:113][829]LogSlate: Updating window title bar state: overlay mode, drag disabled, window buttons hidden, title bar hidden
[2019.01.25-23.30.04:149][829]LogPlayLevel: Display: Shutting down PIE online subsystems
[2019.01.25-23.30.04:185][829]LogSlate: Updating window title bar state: overlay mode, drag disabled, window buttons hidden, title bar hidden
[2019.01.25-23.30.04:217][831]LogPlayLevel: Display: Destroying online subsystem :Context_2
[2019.01.25-23.30.07:812][241]LogEditorViewport: Clicking on Actor (LMB): NavigationNode_BP_Base_C (NavigationNode_BP_Base83)
[2019.01.25-23.30.18:187][426]LogEditorViewport: Clicking on Actor (LMB): Enemy_BP_Base_C (Enemy_BP_Base4)
[2019.01.25-23.30.21:054][762]LogSlate: FSceneViewport::OnFocusLost() reason 0
[2019.01.25-23.30.21:113][769]LogTemp: Repeating last play command: Selected Viewport
[2019.01.25-23.30.21:131][769]LogPlayLevel: PlayLevel: No blueprints needed recompiling
[2019.01.25-23.30.21:131][769]PIE: New page: PIE session: NewJohnLevel (25 Jan 2019 23:30:21)
[2019.01.25-23.30.21:131][769]LogPlayLevel: Creating play world package: /Game/StarterContent/Maps/UEDPIE_0_NewJohnLevel
[2019.01.25-23.30.21:157][769]LogPlayLevel: PIE: StaticDuplicateObject took: (0.025787s)
[2019.01.25-23.30.21:158][769]LogAIModule: Creating AISystem for world NewJohnLevel
[2019.01.25-23.30.21:158][769]LogPlayLevel: PIE: World Init took: (0.000733s)
[2019.01.25-23.30.21:158][769]LogPlayLevel: PIE: Created PIE world by copying editor world from /Game/StarterContent/Maps/NewJohnLevel.NewJohnLevel to /Game/StarterContent/Maps/UEDPIE_0_NewJohnLevel.NewJohnLevel (0.026895s)
[2019.01.25-23.30.21:187][769]LogInit: XAudio2 using 'Headset Earphone (Razer ManO'War)' : 2 channels at 48 kHz using 16 bits per sample (channel mask 0x3)
[2019.01.25-23.30.21:197][769]LogInit: FAudioDevice initialized.
[2019.01.25-23.30.21:234][769]LogLoad: Game class is 'GGJ2019GM_C'
[2019.01.25-23.30.21:241][769]LogWorld: Bringing World /Game/StarterContent/Maps/UEDPIE_0_NewJohnLevel.NewJohnLevel up for play (max tick rate 0) at 2019.01.25-23.30.21
[2019.01.25-23.30.21:242][769]LogWorld: Bringing up level for play took: 0.007500
[2019.01.25-23.30.21:256][769]PIE: Play in editor start time for /Game/StarterContent/Maps/UEDPIE_0_NewJohnLevel 0.799
[2019.01.25-23.30.23:434][ 25]LogSlate: Updating window title bar state: overlay mode, drag disabled, window buttons hidden, title bar hidden
[2019.01.25-23.30.23:470][ 25]LogPlayLevel: Display: Shutting down PIE online subsystems
[2019.01.25-23.30.23:508][ 25]LogSlate: Updating window title bar state: overlay mode, drag disabled, window buttons hidden, title bar hidden
[2019.01.25-23.30.23:534][ 26]LogPlayLevel: Display: Destroying online subsystem :Context_3
[2019.01.25-23.30.25:078][205]LogEditorViewport: Clicking on Actor (LMB): NavigationNode_BP_Base_C (NavigationNode_BP_Base114)
[2019.01.25-23.30.27:031][401]LogEditorViewport: Clicking on Actor (LMB): NavigationNode_BP_Base_C (NavigationNode_BP_Base115)
[2019.01.25-23.30.27:708][478]LogEditorViewport: Clicking on Actor (LMB): NavigationNode_BP_Base_C (NavigationNode_BP_Base115)
[2019.01.25-23.30.29:431][677]LogEditorViewport: Clicking on Actor (LMB): NavigationNode_BP_Base_C (NavigationNode_BP_Base116)
[2019.01.25-23.30.31:838][960]LogSlate: FSceneViewport::OnFocusLost() reason 0
[2019.01.25-23.30.31:913][969]LogTemp: Repeating last play command: Selected Viewport
[2019.01.25-23.30.31:931][969]LogPlayLevel: PlayLevel: No blueprints needed recompiling
[2019.01.25-23.30.31:931][969]PIE: New page: PIE session: NewJohnLevel (25 Jan 2019 23:30:31)
[2019.01.25-23.30.31:931][969]LogPlayLevel: Creating play world package: /Game/StarterContent/Maps/UEDPIE_0_NewJohnLevel
[2019.01.25-23.30.31:960][969]LogPlayLevel: PIE: StaticDuplicateObject took: (0.028868s)
[2019.01.25-23.30.31:961][969]LogAIModule: Creating AISystem for world NewJohnLevel
[2019.01.25-23.30.31:961][969]LogPlayLevel: PIE: World Init took: (0.001102s)
[2019.01.25-23.30.31:962][969]LogPlayLevel: PIE: Created PIE world by copying editor world from /Game/StarterContent/Maps/NewJohnLevel.NewJohnLevel to /Game/StarterContent/Maps/UEDPIE_0_NewJohnLevel.NewJohnLevel (0.030476s)
[2019.01.25-23.30.31:993][969]LogInit: XAudio2 using 'Headset Earphone (Razer ManO'War)' : 2 channels at 48 kHz using 16 bits per sample (channel mask 0x3)
[2019.01.25-23.30.32:004][969]LogInit: FAudioDevice initialized.
[2019.01.25-23.30.32:039][969]LogLoad: Game class is 'GGJ2019GM_C'
[2019.01.25-23.30.32:059][969]LogWorld: Bringing World /Game/StarterContent/Maps/UEDPIE_0_NewJohnLevel.NewJohnLevel up for play (max tick rate 0) at 2019.01.25-23.30.32
[2019.01.25-23.30.32:063][969]LogWorld: Bringing up level for play took: 0.022812
[2019.01.25-23.30.32:082][969]PIE: Play in editor start time for /Game/StarterContent/Maps/UEDPIE_0_NewJohnLevel -0.375
[2019.01.25-23.30.36:640][507]LogSlate: Updating window title bar state: overlay mode, drag disabled, window buttons hidden, title bar hidden
[2019.01.25-23.30.36:681][507]LogPlayLevel: Display: Shutting down PIE online subsystems
[2019.01.25-23.30.36:706][507]LogSlate: Updating window title bar state: overlay mode, drag disabled, window buttons hidden, title bar hidden
[2019.01.25-23.30.36:744][510]LogPlayLevel: Display: Destroying online subsystem :Context_4
[2019.01.25-23.30.37:464][596]LogEditorViewport: Clicking on Actor (LMB): NavigationNode_BP_Base_C (NavigationNode_BP_Base118)
[2019.01.25-23.30.41:153][ 12]LogEditorViewport: Clicking on Actor (LMB): Enemy_BP_Base_C (Enemy_BP_Base4)
[2019.01.25-23.30.45:881][476]LogActor: Warning: Enemy_BP_Base_C /Game/StarterContent/Maps/NewJohnLevel.NewJohnLevel:PersistentLevel.Enemy_BP_Base4_0 has natively added scene component(s), but none of them were set as the actor's RootComponent - picking one arbitrarily
[2019.01.25-23.30.48:895][783]LogEditorViewport: Clicking on Actor (LMB): NavigationNode_BP_Base_C (NavigationNode_BP_Base83)
[2019.01.25-23.30.49:630][860]LogEditorViewport: Clicking on Actor (LMB): NavigationNode_BP_Base_C (NavigationNode_BP_Base82)
[2019.01.25-23.30.50:370][944]LogEditorViewport: Clicking on Actor (LMB): NavigationNode_BP_Base_C (NavigationNode_BP_Base81)
[2019.01.25-23.30.51:134][ 27]LogEditorViewport: Clicking on Actor (LMB): NavigationNode_BP_Base_C (NavigationNode_BP_Base80)
[2019.01.25-23.30.52:091][135]LogEditorViewport: Clicking on Actor (LMB): NavigationNode_BP_Base_C (NavigationNode_BP_Base83)
[2019.01.25-23.30.52:573][189]LogEditorViewport: Clicking on Actor (CTRL LMB): NavigationNode_BP_Base_C (NavigationNode_BP_Base82)
[2019.01.25-23.30.53:166][256]LogEditorViewport: Clicking on Actor (CTRL LMB): NavigationNode_BP_Base_C (NavigationNode_BP_Base81)
[2019.01.25-23.30.54:250][382]LogEditorViewport: Clicking on Actor (CTRL LMB): NavigationNode_BP_Base_C (NavigationNode_BP_Base80)
[2019.01.25-23.30.55:206][493]LogEditorViewport: Clicking on Actor (CTRL LMB): NavigationNode_BP_Base_C (NavigationNode_BP_Base79)
[2019.01.25-23.31.02:583][353]Cmd: DELETE
[2019.01.25-23.31.02:584][353]Cmd: ACTOR DELETE
[2019.01.25-23.31.02:593][353]LogEditorActor: Deleted Actor: NavigationNode_BP_Base_C
[2019.01.25-23.31.02:593][353]LogEditorActor: Deleted Actor: NavigationNode_BP_Base_C
[2019.01.25-23.31.02:594][353]LogEditorActor: Deleted Actor: NavigationNode_BP_Base_C
[2019.01.25-23.31.02:594][353]LogEditorActor: Deleted Actor: NavigationNode_BP_Base_C
[2019.01.25-23.31.02:594][353]LogEditorActor: Deleted Actor: NavigationNode_BP_Base_C
[2019.01.25-23.31.02:619][353]LogEditorActor: Deleted 5 Actors (0.035 secs)
[2019.01.25-23.31.04:806][612]LogEditorViewport: Clicking on Actor (LMB): NavigationNode_BP_Base_C (NavigationNode_BP_Base85)
[2019.01.25-23.31.05:423][681]Cmd: DELETE
[2019.01.25-23.31.05:423][681]Cmd: ACTOR DELETE
[2019.01.25-23.31.05:431][681]LogEditorActor: Deleted Actor: NavigationNode_BP_Base_C
[2019.01.25-23.31.05:452][681]LogEditorActor: Deleted 1 Actors (0.029 secs)
[2019.01.25-23.31.06:728][833]LogEditorViewport: Clicking on Actor (LMB): NavigationNode_BP_Base_C (NavigationNode_BP_Base78)
[2019.01.25-23.31.14:924][777]Cmd: TRANSACTION UNDO
[2019.01.25-23.31.14:924][777]LogEditorTransaction: Undo Move Actors
[2019.01.25-23.31.15:105][790]Cmd: TRANSACTION UNDO
[2019.01.25-23.31.15:106][790]LogEditorTransaction: Undo Move Actors
[2019.01.25-23.31.15:282][802]Cmd: TRANSACTION UNDO
[2019.01.25-23.31.15:282][802]LogEditorTransaction: Undo Move Actors
[2019.01.25-23.31.15:429][811]Cmd: TRANSACTION UNDO
[2019.01.25-23.31.15:429][811]LogEditorTransaction: Undo Move Actors
[2019.01.25-23.31.15:578][823]Cmd: TRANSACTION UNDO
[2019.01.25-23.31.15:578][823]LogEditorTransaction: Undo Move Actors
[2019.01.25-23.31.16:016][869]Cmd: TRANSACTION UNDO
[2019.01.25-23.31.16:016][869]LogEditorTransaction: Undo Clicking on Actors
[2019.01.25-23.31.16:937][978]LogEditorViewport: Clicking on Actor (LMB): NavigationNode_BP_Base_C (NavigationNode_BP_Base78)
[2019.01.25-23.31.17:730][ 69]Cmd: DELETE
[2019.01.25-23.31.17:730][ 69]Cmd: ACTOR DELETE
[2019.01.25-23.31.17:739][ 69]LogEditorActor: Deleted Actor: NavigationNode_BP_Base_C
[2019.01.25-23.31.17:763][ 69]LogEditorActor: Deleted 1 Actors (0.032 secs)
[2019.01.25-23.31.18:391][144]LogEditorViewport: Clicking on Actor (LMB): NavigationNode_BP_Base_C (NavigationNode_BP_Base77)
[2019.01.25-23.31.18:669][173]Cmd: DELETE
[2019.01.25-23.31.18:669][173]Cmd: ACTOR DELETE
[2019.01.25-23.31.18:677][173]LogEditorActor: Deleted Actor: NavigationNode_BP_Base_C
[2019.01.25-23.31.18:698][173]LogEditorActor: Deleted 1 Actors (0.028 secs)
[2019.01.25-23.31.19:291][243]LogEditorViewport: Clicking on Actor (LMB): NavigationNode_BP_Base_C (NavigationNode_BP_Base76)
[2019.01.25-23.31.41:036][718]LogEditorViewport: Clicking on Actor (LMB): NavigationNode_BP_Base_C (NavigationNode_BP_Base83)
[2019.01.25-23.31.43:858][991]Cmd: TRANSACTION UNDO
[2019.01.25-23.31.43:859][991]LogEditorTransaction: Undo Move Actors
[2019.01.25-23.32.04:940][340]LogSlate: FSceneViewport::OnFocusLost() reason 2
[2019.01.25-23.32.05:400][340]LogSavePackage: Moving '../../../../../../Users/w017177h.STUDENT/Documents/Github/GGJ2019/GGJ2019/Saved/NewJohnLevelB59D42294D95E2DE1562C0A4A65DCABA.tmp' to '../../../../../../Users/w017177h.STUDENT/Documents/Github/GGJ2019/GGJ2019/Content/StarterContent/Maps/NewJohnLevel.umap'
[2019.01.25-23.32.05:747][351]LogEditorViewport: Clicking on Actor (LMB): BP_Sky_Sphere_C (BP_Sky_Sphere)
[2019.01.25-23.32.10:705][838]LogEditorViewport: Clicking on Actor (LMB): Enemy_BP_Base_C (Enemy_BP_Base)
[2019.01.25-23.32.18:914][623]LogActor: Warning: Enemy_BP_Base_C /Game/StarterContent/Maps/NewJohnLevel.NewJohnLevel:PersistentLevel.Enemy_BP_Base_1 has natively added scene component(s), but none of them were set as the actor's RootComponent - picking one arbitrarily
[2019.01.25-23.32.22:064][975]LogEditorViewport: Clicking on Actor (LMB): BP_Sky_Sphere_C (BP_Sky_Sphere)
[2019.01.25-23.32.22:159][977]LogSlate: FSceneViewport::OnFocusLost() reason 2
[2019.01.25-23.32.22:620][977]LogSavePackage: Moving '../../../../../../Users/w017177h.STUDENT/Documents/Github/GGJ2019/GGJ2019/Saved/NewJohnLevelA9458E3848563ADB1CBBBA99F709C4E3.tmp' to '../../../../../../Users/w017177h.STUDENT/Documents/Github/GGJ2019/GGJ2019/Content/StarterContent/Maps/NewJohnLevel.umap'
[2019.01.25-23.32.22:940][  4]LogSlate: FSceneViewport::OnFocusLost() reason 0
[2019.01.25-23.32.23:007][ 12]LogTemp: Repeating last play command: Selected Viewport
[2019.01.25-23.32.23:030][ 12]LogPlayLevel: PlayLevel: No blueprints needed recompiling
[2019.01.25-23.32.23:030][ 12]PIE: New page: PIE session: NewJohnLevel (25 Jan 2019 23:32:23)
[2019.01.25-23.32.23:030][ 12]LogPlayLevel: Creating play world package: /Game/StarterContent/Maps/UEDPIE_0_NewJohnLevel
[2019.01.25-23.32.23:060][ 12]LogPlayLevel: PIE: StaticDuplicateObject took: (0.030017s)
[2019.01.25-23.32.23:061][ 12]LogAIModule: Creating AISystem for world NewJohnLevel
[2019.01.25-23.32.23:061][ 12]LogPlayLevel: PIE: World Init took: (0.000896s)
[2019.01.25-23.32.23:061][ 12]LogPlayLevel: PIE: Created PIE world by copying editor world from /Game/StarterContent/Maps/NewJohnLevel.NewJohnLevel to /Game/StarterContent/Maps/UEDPIE_0_NewJohnLevel.NewJohnLevel (0.031378s)
[2019.01.25-23.32.23:099][ 12]LogInit: XAudio2 using 'Headset Earphone (Razer ManO'War)' : 2 channels at 48 kHz using 16 bits per sample (channel mask 0x3)
[2019.01.25-23.32.23:110][ 12]LogInit: FAudioDevice initialized.
[2019.01.25-23.32.23:149][ 12]LogLoad: Game class is 'GGJ2019GM_C'
[2019.01.25-23.32.23:172][ 12]LogWorld: Bringing World /Game/StarterContent/Maps/UEDPIE_0_NewJohnLevel.NewJohnLevel up for play (max tick rate 0) at 2019.01.25-23.32.23
[2019.01.25-23.32.23:177][ 12]LogWorld: Bringing up level for play took: 0.025510
[2019.01.25-23.32.23:195][ 12]PIE: Play in editor start time for /Game/StarterContent/Maps/UEDPIE_0_NewJohnLevel 0.737
[2019.01.25-23.32.36:624][615]LogSlate: Updating window title bar state: overlay mode, drag disabled, window buttons hidden, title bar hidden
[2019.01.25-23.32.36:662][615]LogPlayLevel: Display: Shutting down PIE online subsystems
[2019.01.25-23.32.36:706][615]LogSlate: Updating window title bar state: overlay mode, drag disabled, window buttons hidden, title bar hidden
[2019.01.25-23.32.36:733][616]LogPlayLevel: Display: Destroying online subsystem :Context_5
[2019.01.25-23.32.40:802][ 76]LogEditorViewport: Clicking on Actor (LMB): NavigationNode_BP_Base_C (NavigationNode_BP_Base89)
[2019.01.25-23.32.45:301][580]LogEditorViewport: Clicking on Actor (LMB): NavigationNode_BP_Base_C (NavigationNode_BP_Base88)
[2019.01.25-23.32.48:443][882]LogEditorViewport: Clicking on Actor (LMB): NavigationNode_BP_Base_C (NavigationNode_BP_Base90)
[2019.01.25-23.32.50:154][ 74]LogSlate: FSceneViewport::OnFocusLost() reason 2
[2019.01.25-23.32.50:561][ 74]LogSavePackage: Moving '../../../../../../Users/w017177h.STUDENT/Documents/Github/GGJ2019/GGJ2019/Saved/NewJohnLevelF3D25E3A445C30055817358432181B3F.tmp' to '../../../../../../Users/w017177h.STUDENT/Documents/Github/GGJ2019/GGJ2019/Content/StarterContent/Maps/NewJohnLevel.umap'
[2019.01.25-23.32.52:400][264]LogEditorViewport: Clicking on Actor (LMB): BP_Sky_Sphere_C (BP_Sky_Sphere)
[2019.01.25-23.32.55:970][653]LogSlate: FSceneViewport::OnFocusLost() reason 0
[2019.01.25-23.32.56:404][705]LogTemp: Repeating last play command: Selected Viewport
[2019.01.25-23.32.56:422][705]LogPlayLevel: PlayLevel: No blueprints needed recompiling
[2019.01.25-23.32.56:422][705]PIE: New page: PIE session: NewJohnLevel (25 Jan 2019 23:32:56)
[2019.01.25-23.32.56:422][705]LogPlayLevel: Creating play world package: /Game/StarterContent/Maps/UEDPIE_0_NewJohnLevel
[2019.01.25-23.32.56:447][705]LogPlayLevel: PIE: StaticDuplicateObject took: (0.024195s)
[2019.01.25-23.32.56:447][705]LogAIModule: Creating AISystem for world NewJohnLevel
[2019.01.25-23.32.56:448][705]LogPlayLevel: PIE: World Init took: (0.000845s)
[2019.01.25-23.32.56:448][705]LogPlayLevel: PIE: Created PIE world by copying editor world from /Game/StarterContent/Maps/NewJohnLevel.NewJohnLevel to /Game/StarterContent/Maps/UEDPIE_0_NewJohnLevel.NewJohnLevel (0.025426s)
[2019.01.25-23.32.56:480][705]LogInit: XAudio2 using 'Headset Earphone (Razer ManO'War)' : 2 channels at 48 kHz using 16 bits per sample (channel mask 0x3)
[2019.01.25-23.32.56:491][705]LogInit: FAudioDevice initialized.
[2019.01.25-23.32.56:524][705]LogLoad: Game class is 'GGJ2019GM_C'
[2019.01.25-23.32.56:535][705]LogWorld: Bringing World /Game/StarterContent/Maps/UEDPIE_0_NewJohnLevel.NewJohnLevel up for play (max tick rate 0) at 2019.01.25-23.32.56
[2019.01.25-23.32.56:536][705]LogWorld: Bringing up level for play took: 0.011062
[2019.01.25-23.32.56:551][705]PIE: Play in editor start time for /Game/StarterContent/Maps/UEDPIE_0_NewJohnLevel 0.092
[2019.01.25-23.33.09:080][205]LogSlate: Updating window title bar state: overlay mode, drag disabled, window buttons hidden, title bar hidden
[2019.01.25-23.33.09:125][205]LogPlayLevel: Display: Shutting down PIE online subsystems
[2019.01.25-23.33.09:153][205]LogSlate: Updating window title bar state: overlay mode, drag disabled, window buttons hidden, title bar hidden
[2019.01.25-23.33.09:190][207]LogPlayLevel: Display: Destroying online subsystem :Context_6
[2019.01.25-23.33.13:701][708]LogEditorViewport: Clicking on Actor (LMB): NavigationNode_BP_Base_C (NavigationNode_BP_Base49)
[2019.01.25-23.33.18:817][278]LogEditorViewport: Clicking on Actor (LMB): NavigationNode_BP_Base_C (NavigationNode_BP_Base50)
[2019.01.25-23.33.19:182][318]LogEditorViewport: Clicking on Actor (LMB): NavigationNode_BP_Base_C (NavigationNode_BP_Base51)
[2019.01.25-23.33.20:507][424]LogEditorViewport: Clicking on Actor (LMB): NavigationNode_BP_Base_C (NavigationNode_BP_Base49)
[2019.01.25-23.33.25:433][973]LogEditorViewport: Clicking on Actor (LMB): NavigationNode_BP_Base_C (NavigationNode_BP_Base48)
[2019.01.25-23.33.28:564][311]LogEditorViewport: Clicking on Actor (LMB): NavigationNode_BP_Base_C (NavigationNode_BP_Base47)
[2019.01.25-23.33.31:675][653]LogEditorViewport: Clicking on Actor (LMB): NavigationNode_BP_Base_C (NavigationNode_BP_Base46)
[2019.01.25-23.33.34:487][941]LogEditorViewport: Clicking on Actor (LMB): NavigationNode_BP_Base_C (NavigationNode_BP_Base45)
[2019.01.25-23.33.35:983][ 94]LogEditorViewport: Clicking on Actor (LMB): NavigationNode_BP_Base_C (NavigationNode_BP_Base46)
[2019.01.25-23.33.38:446][376]LogSlate: FSceneViewport::OnFocusLost() reason 2
[2019.01.25-23.33.38:869][376]LogSavePackage: Moving '../../../../../../Users/w017177h.STUDENT/Documents/Github/GGJ2019/GGJ2019/Saved/NewJohnLevel0FDE662D45B34A803003D5B2E2AD7505.tmp' to '../../../../../../Users/w017177h.STUDENT/Documents/Github/GGJ2019/GGJ2019/Content/StarterContent/Maps/NewJohnLevel.umap'
[2019.01.25-23.33.39:341][400]LogSlate: FSceneViewport::OnFocusLost() reason 0
[2019.01.25-23.33.39:391][406]LogTemp: Repeating last play command: Selected Viewport
[2019.01.25-23.33.39:411][406]LogPlayLevel: PlayLevel: No blueprints needed recompiling
[2019.01.25-23.33.39:412][406]PIE: New page: PIE session: NewJohnLevel (25 Jan 2019 23:33:39)
[2019.01.25-23.33.39:412][406]LogPlayLevel: Creating play world package: /Game/StarterContent/Maps/UEDPIE_0_NewJohnLevel
[2019.01.25-23.33.39:440][406]LogPlayLevel: PIE: StaticDuplicateObject took: (0.028164s)
[2019.01.25-23.33.39:441][406]LogAIModule: Creating AISystem for world NewJohnLevel
[2019.01.25-23.33.39:441][406]LogPlayLevel: PIE: World Init took: (0.000828s)
[2019.01.25-23.33.39:441][406]LogPlayLevel: PIE: Created PIE world by copying editor world from /Game/StarterContent/Maps/NewJohnLevel.NewJohnLevel to /Game/StarterContent/Maps/UEDPIE_0_NewJohnLevel.NewJohnLevel (0.029430s)
[2019.01.25-23.33.39:477][406]LogInit: XAudio2 using 'Headset Earphone (Razer ManO'War)' : 2 channels at 48 kHz using 16 bits per sample (channel mask 0x3)
[2019.01.25-23.33.39:489][406]LogInit: FAudioDevice initialized.
[2019.01.25-23.33.39:528][406]LogLoad: Game class is 'GGJ2019GM_C'
[2019.01.25-23.33.39:548][406]LogWorld: Bringing World /Game/StarterContent/Maps/UEDPIE_0_NewJohnLevel.NewJohnLevel up for play (max tick rate 0) at 2019.01.25-23.33.39
[2019.01.25-23.33.39:551][406]LogWorld: Bringing up level for play took: 0.022026
[2019.01.25-23.33.39:569][406]PIE: Play in editor start time for /Game/StarterContent/Maps/UEDPIE_0_NewJohnLevel 1.11
[2019.01.25-23.33.52:976][  3]LogSlate: Updating window title bar state: overlay mode, drag disabled, window buttons hidden, title bar hidden
[2019.01.25-23.33.53:013][  3]LogPlayLevel: Display: Shutting down PIE online subsystems
[2019.01.25-23.33.53:038][  3]LogSlate: Updating window title bar state: overlay mode, drag disabled, window buttons hidden, title bar hidden
[2019.01.25-23.33.53:077][  6]LogPlayLevel: Display: Destroying online subsystem :Context_7
[2019.01.25-23.35.20:165][416]LogEditorViewport: Clicking on Actor (LMB): NavigationNode_BP_Base_C (NavigationNode_BP_Base65)
[2019.01.25-23.35.21:004][509]LogEditorViewport: Clicking on Actor (LMB): NavigationNode_BP_Base_C (NavigationNode_BP_Base67)
[2019.01.25-23.35.21:423][555]LogEditorViewport: Clicking on Actor (LMB): NavigationNode_BP_Base_C (NavigationNode_BP_Base68)
[2019.01.25-23.35.21:863][602]LogEditorViewport: Clicking on Actor (LMB): NavigationNode_BP_Base_C (NavigationNode_BP_Base69)
[2019.01.25-23.35.32:425][799]LogSlate: FSceneViewport::OnFocusLost() reason 2
[2019.01.25-23.35.32:842][799]LogSavePackage: Moving '../../../../../../Users/w017177h.STUDENT/Documents/Github/GGJ2019/GGJ2019/Saved/NewJohnLevel6D264C0045A5BE9DA88B5A929B6CAFE7.tmp' to '../../../../../../Users/w017177h.STUDENT/Documents/Github/GGJ2019/GGJ2019/Content/StarterContent/Maps/NewJohnLevel.umap'
[2019.01.25-23.37.04:878][821]LogEditorViewport: Clicking on Actor (LMB): NavigationNode_BP_Base_C (NavigationNode_BP_Base68)
[2019.01.25-23.37.07:359][ 89]LogEditorViewport: Clicking on Actor (CTRL LMB): NavigationNode_BP_Base_C (NavigationNode_BP_Base67)
[2019.01.25-23.37.07:809][134]LogEditorViewport: Clicking on Actor (CTRL LMB): NavigationNode_BP_Base_C (NavigationNode_BP_Base66)
[2019.01.25-23.37.08:568][220]LogEditorViewport: Clicking on Actor (CTRL LMB): NavigationNode_BP_Base_C (NavigationNode_BP_Base65)
[2019.01.25-23.37.09:403][316]LogEditorViewport: Clicking on Actor (CTRL LMB): NavigationNode_BP_Base_C (NavigationNode_BP_Base64)
[2019.01.25-23.37.10:039][388]LogEditorViewport: Clicking on Actor (CTRL LMB): NavigationNode_BP_Base_C (NavigationNode_BP_Base63)
[2019.01.25-23.37.14:622][882]LogEditorViewport: Clicking on Actor (LMB): NavigationNode_BP_Base_C (NavigationNode_BP_Base68)
[2019.01.25-23.37.49:650][815]LogEditorViewport: Clicking on Actor (LMB): NavigationNode_BP_Base_C (NavigationNode_BP_Base97)
[2019.01.25-23.37.50:299][882]Cmd: DELETE
[2019.01.25-23.37.50:299][882]Cmd: ACTOR DELETE
[2019.01.25-23.37.50:308][882]LogEditorActor: Deleted Actor: NavigationNode_BP_Base_C
[2019.01.25-23.37.50:337][882]LogEditorActor: Deleted 1 Actors (0.038 secs)
[2019.01.25-23.37.52:117][ 94]LogEditorViewport: Clicking on Actor (LMB): NavigationNode_BP_Base_C (NavigationNode_BP_Base96)
[2019.01.25-23.37.52:239][105]Cmd: DELETE
[2019.01.25-23.37.52:239][105]Cmd: ACTOR DELETE
[2019.01.25-23.37.52:249][105]LogEditorActor: Deleted Actor: NavigationNode_BP_Base_C
[2019.01.25-23.37.52:271][105]LogEditorActor: Deleted 1 Actors (0.032 secs)
[2019.01.25-23.37.55:013][428]LogEditorViewport: Clicking on Actor (LMB): Enemy_BP_Base_C (Enemy_BP_Base3)
[2019.01.25-23.37.57:105][661]LogActor: Warning: Enemy_BP_Base_C /Game/StarterContent/Maps/NewJohnLevel.NewJohnLevel:PersistentLevel.Enemy_BP_Base3_2 has natively added scene component(s), but none of them were set as the actor's RootComponent - picking one arbitrarily
[2019.01.25-23.38.10:581][143]LogEditorViewport: Clicking on Actor (LMB): NavigationNode_BP_Base_C (NavigationNode_BP_Base127)
[2019.01.25-23.38.29:750][264]LogSlate: FSceneViewport::OnFocusLost() reason 0
[2019.01.25-23.38.29:825][273]LogTemp: Repeating last play command: Selected Viewport
[2019.01.25-23.38.29:844][273]LogPlayLevel: PlayLevel: No blueprints needed recompiling
[2019.01.25-23.38.29:844][273]PIE: New page: PIE session: NewJohnLevel (25 Jan 2019 23:38:29)
[2019.01.25-23.38.29:844][273]LogPlayLevel: Creating play world package: /Game/StarterContent/Maps/UEDPIE_0_NewJohnLevel
[2019.01.25-23.38.29:878][273]LogPlayLevel: PIE: StaticDuplicateObject took: (0.033454s)
[2019.01.25-23.38.29:879][273]LogAIModule: Creating AISystem for world NewJohnLevel
[2019.01.25-23.38.29:879][273]LogPlayLevel: PIE: World Init took: (0.001323s)
[2019.01.25-23.38.29:880][273]LogPlayLevel: PIE: Created PIE world by copying editor world from /Game/StarterContent/Maps/NewJohnLevel.NewJohnLevel to /Game/StarterContent/Maps/UEDPIE_0_NewJohnLevel.NewJohnLevel (0.035469s)
[2019.01.25-23.38.29:916][273]LogInit: XAudio2 using 'Headset Earphone (Razer ManO'War)' : 2 channels at 48 kHz using 16 bits per sample (channel mask 0x3)
[2019.01.25-23.38.29:926][273]LogInit: FAudioDevice initialized.
[2019.01.25-23.38.29:967][273]LogLoad: Game class is 'GGJ2019GM_C'
[2019.01.25-23.38.29:988][273]LogWorld: Bringing World /Game/StarterContent/Maps/UEDPIE_0_NewJohnLevel.NewJohnLevel up for play (max tick rate 0) at 2019.01.25-23.38.29
[2019.01.25-23.38.29:991][273]LogWorld: Bringing up level for play took: 0.023251
[2019.01.25-23.38.30:011][273]PIE: Play in editor start time for /Game/StarterContent/Maps/UEDPIE_0_NewJohnLevel -0.448
[2019.01.25-23.38.31:261][404]LogSlate: Updating window title bar state: overlay mode, drag disabled, window buttons hidden, title bar hidden
[2019.01.25-23.38.31:304][404]LogPlayLevel: Display: Shutting down PIE online subsystems
[2019.01.25-23.38.31:356][404]LogSlate: Updating window title bar state: overlay mode, drag disabled, window buttons hidden, title bar hidden
[2019.01.25-23.38.31:385][405]LogPlayLevel: Display: Destroying online subsystem :Context_8
[2019.01.25-23.38.31:917][468]LogEditorViewport: Clicking on Actor (LMB): NavigationNode_BP_Base_C (NavigationNode_BP_Base138)
[2019.01.25-23.38.33:450][642]LogSlate: FSceneViewport::OnFocusLost() reason 0
[2019.01.25-23.38.33:526][651]LogTemp: Repeating last play command: Selected Viewport
[2019.01.25-23.38.33:545][651]LogPlayLevel: PlayLevel: No blueprints needed recompiling
[2019.01.25-23.38.33:545][651]PIE: New page: PIE session: NewJohnLevel (25 Jan 2019 23:38:33)
[2019.01.25-23.38.33:545][651]LogPlayLevel: Creating play world package: /Game/StarterContent/Maps/UEDPIE_0_NewJohnLevel
[2019.01.25-23.38.33:571][651]LogPlayLevel: PIE: StaticDuplicateObject took: (0.025809s)
[2019.01.25-23.38.33:572][651]LogAIModule: Creating AISystem for world NewJohnLevel
[2019.01.25-23.38.33:572][651]LogPlayLevel: PIE: World Init took: (0.001413s)
[2019.01.25-23.38.33:573][651]LogPlayLevel: PIE: Created PIE world by copying editor world from /Game/StarterContent/Maps/NewJohnLevel.NewJohnLevel to /Game/StarterContent/Maps/UEDPIE_0_NewJohnLevel.NewJohnLevel (0.027798s)
[2019.01.25-23.38.33:613][651]LogInit: XAudio2 using 'Headset Earphone (Razer ManO'War)' : 2 channels at 48 kHz using 16 bits per sample (channel mask 0x3)
[2019.01.25-23.38.33:624][651]LogInit: FAudioDevice initialized.
[2019.01.25-23.38.33:658][651]LogLoad: Game class is 'GGJ2019GM_C'
[2019.01.25-23.38.33:685][651]LogWorld: Bringing World /Game/StarterContent/Maps/UEDPIE_0_NewJohnLevel.NewJohnLevel up for play (max tick rate 0) at 2019.01.25-23.38.33
[2019.01.25-23.38.33:689][651]LogWorld: Bringing up level for play took: 0.030109
[2019.01.25-23.38.33:706][651]PIE: Play in editor start time for /Game/StarterContent/Maps/UEDPIE_0_NewJohnLevel -0.753
[2019.01.25-23.38.34:555][747]LogSlate: Updating window title bar state: overlay mode, drag disabled, window buttons hidden, title bar hidden
[2019.01.25-23.38.34:595][747]LogPlayLevel: Display: Shutting down PIE online subsystems
[2019.01.25-23.38.34:642][747]LogSlate: Updating window title bar state: overlay mode, drag disabled, window buttons hidden, title bar hidden
[2019.01.25-23.38.34:674][748]LogPlayLevel: Display: Destroying online subsystem :Context_9
[2019.01.25-23.38.35:150][804]LogEditorViewport: Clicking on Actor (LMB): NavigationNode_BP_Base_C (NavigationNode_BP_Base138)
[2019.01.25-23.38.35:950][894]Cmd: DELETE
[2019.01.25-23.38.35:950][894]Cmd: ACTOR DELETE
[2019.01.25-23.38.35:959][894]LogEditorActor: Deleted Actor: NavigationNode_BP_Base_C
[2019.01.25-23.38.35:981][894]LogEditorActor: Deleted 1 Actors (0.030 secs)
[2019.01.25-23.38.36:404][944]LogEditorViewport: Clicking on Actor (LMB): NavigationNode_BP_Base_C (NavigationNode_BP_Base139)
[2019.01.25-23.38.36:565][959]Cmd: DELETE
[2019.01.25-23.38.36:565][959]Cmd: ACTOR DELETE
[2019.01.25-23.38.36:574][959]LogEditorActor: Deleted Actor: NavigationNode_BP_Base_C
[2019.01.25-23.38.36:594][959]LogEditorActor: Deleted 1 Actors (0.029 secs)
[2019.01.25-23.38.37:548][ 73]LogEditorViewport: Clicking on Actor (LMB): Enemy_BP_Base_C (Enemy_BP_Base7)
[2019.01.25-23.38.39:944][346]LogEditorViewport: Clicking on Actor (LMB): NavigationNode_BP_Base_C (NavigationNode_BP_Base140)
[2019.01.25-23.38.40:604][420]Cmd: DELETE
[2019.01.25-23.38.40:604][420]Cmd: ACTOR DELETE
[2019.01.25-23.38.40:613][420]LogEditorActor: Deleted Actor: NavigationNode_BP_Base_C
[2019.01.25-23.38.40:634][420]LogEditorActor: Deleted 1 Actors (0.030 secs)
[2019.01.25-23.38.41:119][477]LogEditorViewport: Clicking on Actor (LMB): NavigationNode_BP_Base_C (NavigationNode_BP_Base141)
[2019.01.25-23.38.41:277][492]Cmd: DELETE
[2019.01.25-23.38.41:278][492]Cmd: ACTOR DELETE
[2019.01.25-23.38.41:287][492]LogEditorActor: Deleted Actor: NavigationNode_BP_Base_C
[2019.01.25-23.38.41:308][492]LogEditorActor: Deleted 1 Actors (0.030 secs)
[2019.01.25-23.38.41:832][554]LogEditorViewport: Clicking on Actor (LMB): Enemy_BP_Base_C (Enemy_BP_Base7)
[2019.01.25-23.38.44:874][854]LogEditorViewport: Clicking on Actor (LMB): NavigationNode_BP_Base_C (NavigationNode_BP_Base142)
[2019.01.25-23.38.45:123][878]Cmd: DELETE
[2019.01.25-23.38.45:123][878]Cmd: ACTOR DELETE
[2019.01.25-23.38.45:132][878]LogEditorActor: Deleted Actor: NavigationNode_BP_Base_C
[2019.01.25-23.38.45:154][878]LogEditorActor: Deleted 1 Actors (0.031 secs)
[2019.01.25-23.38.46:356][ 22]LogSlate: FSceneViewport::OnFocusLost() reason 0
[2019.01.25-23.38.46:472][ 36]LogTemp: Repeating last play command: Selected Viewport
[2019.01.25-23.38.46:491][ 36]LogPlayLevel: PlayLevel: No blueprints needed recompiling
[2019.01.25-23.38.46:491][ 36]PIE: New page: PIE session: NewJohnLevel (25 Jan 2019 23:38:46)
[2019.01.25-23.38.46:491][ 36]LogPlayLevel: Creating play world package: /Game/StarterContent/Maps/UEDPIE_0_NewJohnLevel
[2019.01.25-23.38.46:517][ 36]LogPlayLevel: PIE: StaticDuplicateObject took: (0.025360s)
[2019.01.25-23.38.46:518][ 36]LogAIModule: Creating AISystem for world NewJohnLevel
[2019.01.25-23.38.46:518][ 36]LogPlayLevel: PIE: World Init took: (0.000817s)
[2019.01.25-23.38.46:518][ 36]LogPlayLevel: PIE: Created PIE world by copying editor world from /Game/StarterContent/Maps/NewJohnLevel.NewJohnLevel to /Game/StarterContent/Maps/UEDPIE_0_NewJohnLevel.NewJohnLevel (0.026562s)
[2019.01.25-23.38.46:548][ 36]LogInit: XAudio2 using 'Headset Earphone (Razer ManO'War)' : 2 channels at 48 kHz using 16 bits per sample (channel mask 0x3)
[2019.01.25-23.38.46:561][ 36]LogInit: FAudioDevice initialized.
[2019.01.25-23.38.46:596][ 36]LogLoad: Game class is 'GGJ2019GM_C'
[2019.01.25-23.38.46:617][ 36]LogWorld: Bringing World /Game/StarterContent/Maps/UEDPIE_0_NewJohnLevel.NewJohnLevel up for play (max tick rate 0) at 2019.01.25-23.38.46
[2019.01.25-23.38.46:620][ 36]LogWorld: Bringing up level for play took: 0.021920
[2019.01.25-23.38.46:636][ 36]PIE: Play in editor start time for /Game/StarterContent/Maps/UEDPIE_0_NewJohnLevel 0.177
[2019.01.25-23.38.57:881][377]LogSlate: Updating window title bar state: overlay mode, drag disabled, window buttons hidden, title bar hidden
[2019.01.25-23.38.57:919][377]LogPlayLevel: Display: Shutting down PIE online subsystems
[2019.01.25-23.38.57:944][377]LogSlate: Updating window title bar state: overlay mode, drag disabled, window buttons hidden, title bar hidden
[2019.01.25-23.38.57:986][380]LogPlayLevel: Display: Destroying online subsystem :Context_11
[2019.01.25-23.38.58:470][436]LogSlate: FSceneViewport::OnFocusLost() reason 2
[2019.01.25-23.38.58:899][436]LogSavePackage: Moving '../../../../../../Users/w017177h.STUDENT/Documents/Github/GGJ2019/GGJ2019/Saved/NewJohnLevelBB59EEFD418F826025F4828B07BD17BF.tmp' to '../../../../../../Users/w017177h.STUDENT/Documents/Github/GGJ2019/GGJ2019/Content/StarterContent/Maps/NewJohnLevel.umap'
[2019.01.25-23.38.59:264][470]LogSlate: FSceneViewport::OnFocusLost() reason 0
[2019.01.25-23.38.59:359][479]LogActor: Warning: Enemy_BP_Base_C /Engine/Transient.World_2:PersistentLevel.Enemy_BP_Base_C_0 has natively added scene component(s), but none of them were set as the actor's RootComponent - picking one arbitrarily
[2019.01.25-23.39.00:204][576]LogAssetEditorManager: Opening Asset editor for Blueprint /Game/NavigationNode_BP_Base.NavigationNode_BP_Base
[2019.01.25-23.39.00:648][576]LogContentBrowser: Native class hierarchy updated for 'BlueprintGraph' in 0.0012 seconds. Added 116 classes and 0 folders.
[2019.01.25-23.39.01:587][576]LogSlate: Took 0.000649 seconds to synchronously load lazily loaded font '../../../Engine/Content/Slate/Fonts/Roboto-BoldCondensed.ttf' (158K)
[2019.01.25-23.39.04:919][955]Cmd: OBJ SAVEPACKAGE PACKAGE="/Game/NavigationNode_BP_Base" FILE="../../../../../../Users/w017177h.STUDENT/Documents/Github/GGJ2019/GGJ2019/Content/NavigationNode_BP_Base.uasset" SILENT=true
[2019.01.25-23.39.05:016][955]LogSavePackage: Moving '../../../../../../Users/w017177h.STUDENT/Documents/Github/GGJ2019/GGJ2019/Saved/NavigationNode_BP_BaseFD13C71B4BDD27CB80177697F218FFDD.tmp' to '../../../../../../Users/w017177h.STUDENT/Documents/Github/GGJ2019/GGJ2019/Content/NavigationNode_BP_Base.uasset'
[2019.01.25-23.39.07:471][240]Cmd: OBJ SAVEPACKAGE PACKAGE="/Game/NavigationNode_BP_Base" FILE="../../../../../../Users/w017177h.STUDENT/Documents/Github/GGJ2019/GGJ2019/Content/NavigationNode_BP_Base.uasset" SILENT=true
[2019.01.25-23.39.07:502][240]LogSavePackage: Moving '../../../../../../Users/w017177h.STUDENT/Documents/Github/GGJ2019/GGJ2019/Saved/NavigationNode_BP_BaseC05CB90847262655C93286BC3E857C31.tmp' to '../../../../../../Users/w017177h.STUDENT/Documents/Github/GGJ2019/GGJ2019/Content/NavigationNode_BP_Base.uasset'
[2019.01.25-23.39.08:733][379]LogRenderer: Reallocating scene render targets to support 1208x712 Format 10 NumSamples 1 (Frame:1).
[2019.01.25-23.39.09:349][447]Cmd: OBJ SAVEPACKAGE PACKAGE="/Game/NavigationNode_BP_Base" FILE="../../../../../../Users/w017177h.STUDENT/Documents/Github/GGJ2019/GGJ2019/Content/NavigationNode_BP_Base.uasset" SILENT=true
[2019.01.25-23.39.09:392][447]LogSavePackage: Moving '../../../../../../Users/w017177h.STUDENT/Documents/Github/GGJ2019/GGJ2019/Saved/NavigationNode_BP_BaseA43C78A549145E1F57B668901D2FE35F.tmp' to '../../../../../../Users/w017177h.STUDENT/Documents/Github/GGJ2019/GGJ2019/Content/NavigationNode_BP_Base.uasset'
[2019.01.25-23.39.13:860][974]LogSlate: FSceneViewport::OnFocusLost() reason 0
[2019.01.25-23.39.14:776][ 59]LogSlate: FSceneViewport::OnFocusLost() reason 2
[2019.01.25-23.39.14:781][ 59]Cmd: OBJ SAVEPACKAGE PACKAGE="/Game/NavigationNode_BP_Base" FILE="../../../../../../Users/w017177h.STUDENT/Documents/Github/GGJ2019/GGJ2019/Content/NavigationNode_BP_Base.uasset" SILENT=true
[2019.01.25-23.39.14:810][ 59]LogSavePackage: Moving '../../../../../../Users/w017177h.STUDENT/Documents/Github/GGJ2019/GGJ2019/Saved/NavigationNode_BP_Base84F03EA849D2E69DE3EDAEA1B5673596.tmp' to '../../../../../../Users/w017177h.STUDENT/Documents/Github/GGJ2019/GGJ2019/Content/NavigationNode_BP_Base.uasset'
[2019.01.25-23.39.15:313][117]LogSlate: FSceneViewport::OnFocusLost() reason 0
[2019.01.25-23.39.15:371][124]BlueprintLog: New page: Compile NavigationNode_BP_Base
[2019.01.25-23.39.16:818][227]LogTemp: Repeating last play command: Selected Viewport
[2019.01.25-23.39.16:841][227]LogPlayLevel: PlayLevel: No blueprints needed recompiling
[2019.01.25-23.39.16:841][227]PIE: New page: PIE session: NewJohnLevel (25 Jan 2019 23:39:16)
[2019.01.25-23.39.16:841][227]LogPlayLevel: Creating play world package: /Game/StarterContent/Maps/UEDPIE_0_NewJohnLevel
[2019.01.25-23.39.16:868][227]LogPlayLevel: PIE: StaticDuplicateObject took: (0.026907s)
[2019.01.25-23.39.16:869][227]LogAIModule: Creating AISystem for world NewJohnLevel
[2019.01.25-23.39.16:870][227]LogPlayLevel: PIE: World Init took: (0.001339s)
[2019.01.25-23.39.16:870][227]LogPlayLevel: PIE: Created PIE world by copying editor world from /Game/StarterContent/Maps/NewJohnLevel.NewJohnLevel to /Game/StarterContent/Maps/UEDPIE_0_NewJohnLevel.NewJohnLevel (0.028752s)
[2019.01.25-23.39.16:915][227]LogInit: XAudio2 using 'Headset Earphone (Razer ManO'War)' : 2 channels at 48 kHz using 16 bits per sample (channel mask 0x3)
[2019.01.25-23.39.16:925][227]LogInit: FAudioDevice initialized.
[2019.01.25-23.39.16:961][227]LogLoad: Game class is 'GGJ2019GM_C'
[2019.01.25-23.39.16:977][227]LogWorld: Bringing World /Game/StarterContent/Maps/UEDPIE_0_NewJohnLevel.NewJohnLevel up for play (max tick rate 0) at 2019.01.25-23.39.16
[2019.01.25-23.39.16:979][227]LogWorld: Bringing up level for play took: 0.016791
[2019.01.25-23.39.16:996][227]PIE: Play in editor start time for /Game/StarterContent/Maps/UEDPIE_0_NewJohnLevel 0.535
[2019.01.25-23.39.23:446][993]LogSlate: Updating window title bar state: overlay mode, drag disabled, window buttons hidden, title bar hidden
[2019.01.25-23.39.23:491][993]LogPlayLevel: Display: Shutting down PIE online subsystems
[2019.01.25-23.39.23:546][993]LogSlate: Updating window title bar state: overlay mode, drag disabled, window buttons hidden, title bar hidden
[2019.01.25-23.39.23:579][994]LogPlayLevel: Display: Destroying online subsystem :Context_16
[2019.01.25-23.39.24:868][148]LogSlate: FSceneViewport::OnFocusLost() reason 0
[2019.01.25-23.39.24:934][156]LogTemp: Repeating last play command: Selected Viewport
[2019.01.25-23.39.24:953][156]LogPlayLevel: PlayLevel: No blueprints needed recompiling
[2019.01.25-23.39.24:953][156]PIE: New page: PIE session: NewJohnLevel (25 Jan 2019 23:39:24)
[2019.01.25-23.39.24:953][156]LogPlayLevel: Creating play world package: /Game/StarterContent/Maps/UEDPIE_0_NewJohnLevel
[2019.01.25-23.39.24:978][156]LogPlayLevel: PIE: StaticDuplicateObject took: (0.025071s)
[2019.01.25-23.39.24:979][156]LogAIModule: Creating AISystem for world NewJohnLevel
[2019.01.25-23.39.24:979][156]LogPlayLevel: PIE: World Init took: (0.000889s)
[2019.01.25-23.39.24:979][156]LogPlayLevel: PIE: Created PIE world by copying editor world from /Game/StarterContent/Maps/NewJohnLevel.NewJohnLevel to /Game/StarterContent/Maps/UEDPIE_0_NewJohnLevel.NewJohnLevel (0.026304s)
[2019.01.25-23.39.25:024][156]LogInit: XAudio2 using 'Headset Earphone (Razer ManO'War)' : 2 channels at 48 kHz using 16 bits per sample (channel mask 0x3)
[2019.01.25-23.39.25:036][156]LogInit: FAudioDevice initialized.
[2019.01.25-23.39.25:074][156]LogLoad: Game class is 'GGJ2019GM_C'
[2019.01.25-23.39.25:080][156]LogWorld: Bringing World /Game/StarterContent/Maps/UEDPIE_0_NewJohnLevel.NewJohnLevel up for play (max tick rate 0) at 2019.01.25-23.39.25
[2019.01.25-23.39.25:081][156]LogWorld: Bringing up level for play took: 0.006586
[2019.01.25-23.39.25:096][156]PIE: Play in editor start time for /Game/StarterContent/Maps/UEDPIE_0_NewJohnLevel 0.634
[2019.01.25-23.39.38:538][762]LogSlate: Updating window title bar state: overlay mode, drag disabled, window buttons hidden, title bar hidden
[2019.01.25-23.39.38:582][762]LogPlayLevel: Display: Shutting down PIE online subsystems
[2019.01.25-23.39.38:637][762]LogSlate: Updating window title bar state: overlay mode, drag disabled, window buttons hidden, title bar hidden
[2019.01.25-23.39.38:663][763]LogPlayLevel: Display: Destroying online subsystem :Context_17
[2019.01.25-23.40.19:925][705]LogSlate: FSceneViewport::OnFocusLost() reason 2
[2019.01.25-23.40.20:327][705]LogSavePackage: Moving '../../../../../../Users/w017177h.STUDENT/Documents/Github/GGJ2019/GGJ2019/Saved/NewJohnLevelF40F2C8E4D2A1FC8AACE4BABFDDDD994.tmp' to '../../../../../../Users/w017177h.STUDENT/Documents/Github/GGJ2019/GGJ2019/Content/StarterContent/Maps/NewJohnLevel.umap'
[2019.01.25-23.40.20:550][721]LogEditorViewport: Clicking on Actor (LMB): BP_Sky_Sphere_C (BP_Sky_Sphere)
[2019.01.25-23.40.21:030][772]LogSlate: FSceneViewport::OnFocusLost() reason 2
[2019.01.25-23.40.21:432][772]LogSavePackage: Moving '../../../../../../Users/w017177h.STUDENT/Documents/Github/GGJ2019/GGJ2019/Saved/NewJohnLevel4BB06C6D4B563E500624E6BEE578AAFB.tmp' to '../../../../../../Users/w017177h.STUDENT/Documents/Github/GGJ2019/GGJ2019/Content/StarterContent/Maps/NewJohnLevel.umap'
[2019.01.25-23.40.21:964][819]LogSlate: FSceneViewport::OnFocusLost() reason 0
[2019.01.25-23.40.22:039][828]LogTemp: Repeating last play command: Selected Viewport
[2019.01.25-23.40.22:057][828]LogPlayLevel: PlayLevel: No blueprints needed recompiling
[2019.01.25-23.40.22:058][828]PIE: New page: PIE session: NewJohnLevel (25 Jan 2019 23:40:22)
[2019.01.25-23.40.22:058][828]LogPlayLevel: Creating play world package: /Game/StarterContent/Maps/UEDPIE_0_NewJohnLevel
[2019.01.25-23.40.22:085][828]LogPlayLevel: PIE: StaticDuplicateObject took: (0.026782s)
[2019.01.25-23.40.22:085][828]LogAIModule: Creating AISystem for world NewJohnLevel
[2019.01.25-23.40.22:086][828]LogPlayLevel: PIE: World Init took: (0.000765s)
[2019.01.25-23.40.22:086][828]LogPlayLevel: PIE: Created PIE world by copying editor world from /Game/StarterContent/Maps/NewJohnLevel.NewJohnLevel to /Game/StarterContent/Maps/UEDPIE_0_NewJohnLevel.NewJohnLevel (0.027921s)
[2019.01.25-23.40.22:119][828]LogInit: XAudio2 using 'Headset Earphone (Razer ManO'War)' : 2 channels at 48 kHz using 16 bits per sample (channel mask 0x3)
[2019.01.25-23.40.22:130][828]LogInit: FAudioDevice initialized.
[2019.01.25-23.40.22:162][828]LogLoad: Game class is 'GGJ2019GM_C'
[2019.01.25-23.40.22:168][828]LogWorld: Bringing World /Game/StarterContent/Maps/UEDPIE_0_NewJohnLevel.NewJohnLevel up for play (max tick rate 0) at 2019.01.25-23.40.22
[2019.01.25-23.40.22:172][828]LogWorld: Bringing up level for play took: 0.008510
[2019.01.25-23.40.22:187][828]PIE: Play in editor start time for /Game/StarterContent/Maps/UEDPIE_0_NewJohnLevel -0.277
[2019.01.25-23.40.32:181][ 22]LogSlate: Updating window title bar state: overlay mode, drag disabled, window buttons hidden, title bar hidden
[2019.01.25-23.40.32:220][ 22]LogPlayLevel: Display: Shutting down PIE online subsystems
[2019.01.25-23.40.32:254][ 22]LogSlate: Updating window title bar state: overlay mode, drag disabled, window buttons hidden, title bar hidden
[2019.01.25-23.40.32:285][ 24]LogPlayLevel: Display: Destroying online subsystem :Context_18
[2019.01.25-23.40.34:649][305]LogSlate: FSceneViewport::OnFocusLost() reason 2
[2019.01.25-23.40.35:050][305]LogSavePackage: Moving '../../../../../../Users/w017177h.STUDENT/Documents/Github/GGJ2019/GGJ2019/Saved/NewJohnLevel93DE3FA74C0B189487E7A0A4F3E70B2E.tmp' to '../../../../../../Users/w017177h.STUDENT/Documents/Github/GGJ2019/GGJ2019/Content/StarterContent/Maps/NewJohnLevel.umap'
[2019.01.25-23.40.40:559][933]LogSlate: FSceneViewport::OnFocusLost() reason 2
[2019.01.25-23.40.40:966][933]LogSavePackage: Moving '../../../../../../Users/w017177h.STUDENT/Documents/Github/GGJ2019/GGJ2019/Saved/NewJohnLevelBC9C384B4CAE40566C86A0A5B5DDDCC7.tmp' to '../../../../../../Users/w017177h.STUDENT/Documents/Github/GGJ2019/GGJ2019/Content/StarterContent/Maps/NewJohnLevel.umap'
[2019.01.25-23.41.08:424][ 19]LogSlate: FSceneViewport::OnFocusLost() reason 2
[2019.01.25-23.41.08:893][ 19]LogSavePackage: Moving '../../../../../../Users/w017177h.STUDENT/Documents/Github/GGJ2019/GGJ2019/Saved/NewJohnLevelA008471848B41DD726FD68B29483253E.tmp' to '../../../../../../Users/w017177h.STUDENT/Documents/Github/GGJ2019/GGJ2019/Content/StarterContent/Maps/NewJohnLevel.umap'
[2019.01.25-23.41.10:595][171]LogEditorViewport: Clicking on Actor (LMB): BP_Sky_Sphere_C (BP_Sky_Sphere)
[2019.01.25-23.41.18:471][311]LogSlate: FSceneViewport::OnFocusLost() reason 2
[2019.01.25-23.41.19:071][311]LogSavePackage: Moving '../../../../../../Users/w017177h.STUDENT/Documents/Github/GGJ2019/GGJ2019/Saved/NewJohnLevel25D0479145E6E9149844AC954784E44D.tmp' to '../../../../../../Users/w017177h.STUDENT/Documents/Github/GGJ2019/GGJ2019/Content/StarterContent/Maps/NewJohnLevel.umap'
[2019.01.25-23.41.19:417][330]LogSlate: FSceneViewport::OnFocusLost() reason 0
[2019.01.25-23.41.20:016][399]LogEditorViewport: Clicking on Actor (LMB): BP_Sky_Sphere_C (BP_Sky_Sphere)
[2019.01.25-23.41.21:696][579]LogSlate: FSceneViewport::OnFocusLost() reason 0
[2019.01.25-23.41.21:933][586]LogSlate: Window 'GGJ2019 - Unreal Editor' being destroyed
[2019.01.25-23.41.22:179][587]Cmd: QUIT_EDITOR
[2019.01.25-23.41.22:574][587]LogWindowsTextInputMethodSystem: Display: IME system now deactivated.
[2019.01.25-23.41.22:611][587]LogExit: Preparing to exit.
