Log file open, 01/25/19 23:42:55
LogWindows: Failed to load 'aqProf.dll' (GetLastError=126)
LogWindows: File 'aqProf.dll' does not exist
LogWindows: Failed to load 'VSPerf140.dll' (GetLastError=126)
LogWindows: File 'VSPerf140.dll' does not exist
LogWindows: Failed to load 'VtuneApi.dll' (GetLastError=126)
LogWindows: File 'VtuneApi.dll' does not exist
LogWindows: Failed to load 'VtuneApi32e.dll' (GetLastError=126)
LogWindows: File 'VtuneApi32e.dll' does not exist
LogInit: Display: Running engine for game: GGJ2019
LogPlatformFile: Not using cached read wrapper
LogTaskGraph: Started task graph with 5 named threads and 23 total threads with 3 sets of task threads.
LogStats: Stats thread started at 0.428438
LogD3D11RHI: Loaded GFSDK_Aftermath_Lib.x64.dll
LogICUInternationalization: Display: ICU TimeZone Detection - Raw Offset: +0:00, Platform Override: ''
LogPluginManager: Mounting plugin Paper2D
LogPluginManager: Mounting plugin AISupport
LogPluginManager: Mounting plugin LightPropagationVolume
LogPluginManager: Mounting plugin CLionSourceCodeAccess
LogPluginManager: Mounting plugin CodeLiteSourceCodeAccess
LogPluginManager: Mounting plugin GitSourceControl
LogPluginManager: Mounting plugin KDevelopSourceCodeAccess
LogPluginManager: Mounting plugin NullSourceCodeAccess
LogPluginManager: Mounting plugin PerforceSourceControl
LogPluginManager: Mounting plugin SubversionSourceControl
LogPluginManager: Mounting plugin UObjectPlugin
LogPluginManager: Mounting plugin VisualStudioCodeSourceCodeAccess
LogPluginManager: Mounting plugin VisualStudioSourceCodeAccess
LogPluginManager: Mounting plugin XCodeSourceCodeAccess
LogPluginManager: Mounting plugin AssetManagerEditor
LogPluginManager: Mounting plugin CryptoKeys
LogPluginManager: Mounting plugin DataValidation
LogPluginManager: Mounting plugin FacialAnimation
LogPluginManager: Mounting plugin GameplayTagsEditor
LogPluginManager: Mounting plugin MacGraphicsSwitching
LogPluginManager: Mounting plugin MeshEditor
LogPluginManager: Mounting plugin MobileLauncherProfileWizard
LogPluginManager: Mounting plugin PluginBrowser
LogPluginManager: Mounting plugin SpeedTreeImporter
LogPluginManager: Mounting plugin DatasmithContent
LogPluginManager: Mounting plugin AlembicImporter
LogPluginManager: Mounting plugin AppleImageUtils
LogPluginManager: Mounting plugin AppleVision
LogPluginManager: Mounting plugin BackChannel
LogPluginManager: Mounting plugin CharacterAI
LogPluginManager: Mounting plugin GeometryCache
LogPluginManager: Mounting plugin HTML5Networking
LogPluginManager: Mounting plugin ProxyLODPlugin
LogPluginManager: Mounting plugin MagicLeap
LogPluginManager: Mounting plugin MagicLeapEmulator
LogPluginManager: Mounting plugin MagicLeapMedia
LogPluginManager: Mounting plugin AndroidMedia
LogPluginManager: Mounting plugin AvfMedia
LogPluginManager: Mounting plugin ImgMedia
LogPluginManager: Mounting plugin LinearTimecode
LogPluginManager: Mounting plugin MediaCompositing
LogPluginManager: Mounting plugin MediaPlayerEditor
LogPluginManager: Mounting plugin WmfMedia
LogPluginManager: Mounting plugin TcpMessaging
LogPluginManager: Mounting plugin UdpMessaging
LogPluginManager: Mounting plugin ActorSequence
LogPluginManager: Mounting plugin LevelSequenceEditor
LogPluginManager: Mounting plugin MatineeToLevelSequence
LogPluginManager: Mounting plugin NetcodeUnitTest
LogPluginManager: Mounting plugin NUTUnrealEngine4
LogPluginManager: Mounting plugin OnlineSubsystemGooglePlay
LogPluginManager: Mounting plugin OnlineSubsystemIOS
LogPluginManager: Mounting plugin OnlineSubsystem
LogPluginManager: Mounting plugin OnlineSubsystemNull
LogPluginManager: Mounting plugin OnlineSubsystemUtils
LogPluginManager: Mounting plugin LauncherChunkInstaller
LogPluginManager: Mounting plugin AndroidDeviceProfileSelector
LogPluginManager: Mounting plugin AndroidMoviePlayer
LogPluginManager: Mounting plugin AndroidPermission
LogPluginManager: Mounting plugin AppleMoviePlayer
LogPluginManager: Mounting plugin ArchVisCharacter
LogPluginManager: Mounting plugin AudioCapture
LogPluginManager: Mounting plugin CableComponent
LogPluginManager: Mounting plugin CustomMeshComponent
LogPluginManager: Mounting plugin EditableMesh
LogPluginManager: Mounting plugin ExampleDeviceProfileSelector
LogPluginManager: Mounting plugin GoogleCloudMessaging
LogPluginManager: Mounting plugin ImmediatePhysics
LogPluginManager: Mounting plugin IOSDeviceProfileSelector
LogPluginManager: Mounting plugin LinuxDeviceProfileSelector
LogPluginManager: Mounting plugin LocationServicesBPLibrary
LogPluginManager: Mounting plugin MobilePatchingUtils
LogPluginManager: Mounting plugin OculusVR
LogPluginManager: Plugin shader directory ../../../Engine/Plugins/Runtime/Oculus/OculusVR/Shaders found
LogPluginManager: Mapping shader source directory ../../../Engine/Plugins/Runtime/Oculus/OculusVR/Shaders to virtual directory /Plugin/OculusVR
LogPluginManager: Mounting plugin PhysXVehicles
LogPluginManager: Mounting plugin ProceduralMeshComponent
LogPluginManager: Mounting plugin RuntimePhysXCooking
LogPluginManager: Mounting plugin SteamVR
LogPluginManager: Mounting plugin WindowsMoviePlayer
LogStreaming: Display: Took  0.271s to configure plugins.
LogInit: Using libcurl 7.55.1-DEV
LogInit:  - built for x86_64-pc-win32
LogInit:  - supports SSL with OpenSSL/1.0.2h
LogInit:  - supports HTTP deflate (compression) using libz 1.2.8
LogInit:  - other features:
LogInit:      CURL_VERSION_SSL
LogInit:      CURL_VERSION_LIBZ
LogInit:      CURL_VERSION_IPV6
LogInit:      CURL_VERSION_ASYNCHDNS
LogInit:      CURL_VERSION_LARGEFILE
LogInit:      CURL_VERSION_IDN
LogInit:  CurlRequestOptions (configurable via config and command line):
LogInit:  - bVerifyPeer = false  - Libcurl will NOT verify peer certificate
LogInit:  - bUseHttpProxy = false  - Libcurl will NOT use HTTP proxy
LogInit:  - bDontReuseConnections = false  - Libcurl will reuse connections
LogInit:  - CertBundlePath = nullptr  - Libcurl will use whatever was configured at build time.
LogInit:  - MaxHostConnections = 16  - Libcurl will limit the number of connections to a host
LogInit:  - LocalHostAddr = Default
LogInit:  - BufferSize = 65536
LogInit: WinSock: version 1.1 (2.2), MaxSocks=32767, MaxUdp=65467
LogInit: Build: ++UE4+Release-4.20-CL-4369336
LogInit: Engine Version: 4.20.3-4369336+++UE4+Release-4.20
LogInit: Compatible Engine Version: 4.20.0-4212847+++UE4+Release-4.20
LogInit: Net CL: 4212847
LogInit: OS: Windows 10 (), CPU: Intel(R) Xeon(R) CPU E5-1620 v3 @ 3.50GHz, GPU: NVIDIA GeForce GTX 970
LogInit: Compiled (64-bit): Sep 17 2018 12:26:19
LogInit: Compiled with Visual C++: 19.13.26129.00
LogInit: Build Configuration: Development
LogInit: Branch Name: ++UE4+Release-4.20
LogInit: Command Line:  -skipcompile
LogInit: Base Directory: C:/Epic/UE4/UE_4.20/Engine/Binaries/Win64/
LogInit: Installed Engine Build: 1
LogDevObjectVersion: Number of dev versions registered: 20
LogDevObjectVersion:   Dev-Blueprints (B0D832E4-1F89-4F0D-ACCF-7EB736FD4AA2): 10
LogDevObjectVersion:   Dev-Build (E1C64328-A22C-4D53-A36C-8E866417BD8C): 0
LogDevObjectVersion:   Dev-Core (375EC13C-06E4-48FB-B500-84F0262A717E): 2
LogDevObjectVersion:   Dev-Editor (E4B068ED-F494-42E9-A231-DA0B2E46BB41): 24
LogDevObjectVersion:   Dev-Framework (CFFC743F-43B0-4480-9391-14DF171D2073): 34
LogDevObjectVersion:   Dev-Mobile (B02B49B5-BB20-44E9-A304-32B752E40360): 2
LogDevObjectVersion:   Dev-Networking (A4E4105C-59A1-49B5-A7C5-40C4547EDFEE): 0
LogDevObjectVersion:   Dev-Online (39C831C9-5AE6-47DC-9A44-9C173E1C8E7C): 0
LogDevObjectVersion:   Dev-Physics (78F01B33-EBEA-4F98-B9B4-84EACCB95AA2): 0
LogDevObjectVersion:   Dev-Platform (6631380F-2D4D-43E0-8009-CF276956A95A): 0
LogDevObjectVersion:   Dev-Rendering (12F88B9F-8875-4AFC-A67C-D90C383ABD29): 26
LogDevObjectVersion:   Dev-Sequencer (7B5AE74C-D270-4C10-A958-57980B212A5A): 9
LogDevObjectVersion:   Dev-VR (D7296918-1DD6-4BDD-9DE2-64A83CC13884): 2
LogDevObjectVersion:   Dev-LoadTimes (C2A15278-BFE7-4AFE-6C17-90FF531DF755): 1
LogDevObjectVersion:   Private-Geometry (6EACA3D4-40EC-4CC1-B786-8BED09428FC5): 3
LogDevObjectVersion:   Dev-AnimPhys (29E575DD-E0A3-4627-9D10-D276232CDCEA): 17
LogDevObjectVersion:   Dev-ReflectionCapture (6B266CEC-1EC7-4B8F-A30B-E4D90942FC07): 1
LogDevObjectVersion:   Dev-Automation (0DF73D61-A23F-47EA-B727-89E90C41499A): 1
LogDevObjectVersion:   FortniteMain (601D1886-AC64-4F84-AA16-D3DE0DEAC7D6): 12
LogDevObjectVersion:   Dev-Enterprise (9DFFBCD6-494F-0158-E221-12823C92A888): 1
LogStreaming: Display: Took  0.006s to delete old logs.
LogInit: Presizing for max 8388607 objects, including 0 objects not considered by GC, pre-allocating 0 bytes for permanent pool.
LogInit: Object subsystem initialized
[2019.01.25-23.42.56:411][  0]LogInit: Selected Device Profile: [Windows]
[2019.01.25-23.42.56:411][  0]LogInit: Applying CVar settings loaded from the selected device profile: [Windows]
[2019.01.25-23.42.56:442][  0]LogHAL: Display: Platform has ~ 16 GB [17092038656 / 17179869184 / 16], which maps to Larger [LargestMinGB=32, LargerMinGB=12, DefaultMinGB=8, SmallerMinGB=6, SmallestMinGB=0)
[2019.01.25-23.42.56:442][  0]LogInit: Setting Device Profile CVar: [[r.Vulkan.UseRealUBs:1]]
[2019.01.25-23.42.56:442][  0]LogInit: Going up to parent DeviceProfile []
[2019.01.25-23.42.56:443][  0]LogInit: Computer: C115-11
[2019.01.25-23.42.56:443][  0]LogInit: User: w017177h
[2019.01.25-23.42.56:443][  0]LogInit: CPU Page size=4096, Cores=4
[2019.01.25-23.42.56:443][  0]LogInit: High frequency timer resolution =3.410072 MHz
[2019.01.25-23.42.56:443][  0]LogMemory: Memory total: Physical=15.9GB (16GB approx)
[2019.01.25-23.42.56:443][  0]LogMemory: Platform Memory Stats for Windows
[2019.01.25-23.42.56:443][  0]LogMemory: Process Physical Memory: 100.81 MB used, 100.81 MB peak
[2019.01.25-23.42.56:443][  0]LogMemory: Process Virtual Memory: 90.89 MB used, 90.89 MB peak
[2019.01.25-23.42.56:443][  0]LogMemory: Physical Memory: 6595.89 MB used,  9704.34 MB free, 16300.24 MB total
[2019.01.25-23.42.56:444][  0]LogMemory: Virtual Memory: 4640.35 MB used,  9704.34 MB free, 134217728.00 MB total
[2019.01.25-23.42.56:578][  0]LogInit: Using OS detected language (en-US).
[2019.01.25-23.42.56:579][  0]LogInit: Using OS detected locale (en-GB).
[2019.01.25-23.42.56:580][  0]LogTextLocalizationManager: No specific localization for 'en-US' exists, so the 'en' localization will be used.
[2019.01.25-23.42.56:969][  0]LogStreaming: Display: Took  0.390s to InitEngineTextLocalization.
[2019.01.25-23.42.56:969][  0]LogInit: Setting process to per monitor DPI aware
[2019.01.25-23.42.57:023][  0]LogSlate: New Slate User Created.  User Index 0, Is Virtual User: 0
[2019.01.25-23.42.57:023][  0]LogSlate: Slate User Registered.  User Index 0, Is Virtual User: 0
[2019.01.25-23.42.57:335][  0]LogHMD: Failed to initialize OpenVR with code 110
[2019.01.25-23.42.57:335][  0]LogD3D11RHI: D3D11 adapters:
[2019.01.25-23.42.57:419][  0]LogD3D11RHI:    0. 'NVIDIA GeForce GTX 970' (Feature Level 11_0)
[2019.01.25-23.42.57:419][  0]LogD3D11RHI:       4043/0/8150 MB DedicatedVideo/DedicatedSystem/SharedSystem, Outputs:2, VendorId:0x10de
[2019.01.25-23.42.57:424][  0]LogD3D11RHI:    1. 'Microsoft Basic Render Driver' (Feature Level 11_0)
[2019.01.25-23.42.57:424][  0]LogD3D11RHI:       0/0/8150 MB DedicatedVideo/DedicatedSystem/SharedSystem, Outputs:0, VendorId:0x1414
[2019.01.25-23.42.57:424][  0]LogD3D11RHI: Chosen D3D11 Adapter: 0
[2019.01.25-23.42.57:432][  0]LogD3D11RHI: Creating new Direct3DDevice
[2019.01.25-23.42.57:432][  0]LogD3D11RHI:     GPU DeviceId: 0x13c2 (for the marketing name, search the web for "GPU Device Id")
[2019.01.25-23.42.57:432][  0]LogWindows: EnumDisplayDevices:
[2019.01.25-23.42.57:433][  0]LogWindows:    0. 'NVIDIA GeForce GTX 970' (P:1 D:1)
[2019.01.25-23.42.57:433][  0]LogWindows:    1. 'NVIDIA GeForce GTX 970' (P:0 D:1)
[2019.01.25-23.42.57:433][  0]LogWindows:    2. 'NVIDIA GeForce GTX 970' (P:0 D:0)
[2019.01.25-23.42.57:434][  0]LogWindows:    3. 'NVIDIA GeForce GTX 970' (P:0 D:0)
[2019.01.25-23.42.57:434][  0]LogWindows: DebugString: FoundDriverCount:4 
[2019.01.25-23.42.57:434][  0]LogD3D11RHI:     Adapter Name: NVIDIA GeForce GTX 970
[2019.01.25-23.42.57:434][  0]LogD3D11RHI:   Driver Version: 398.82 (internal:24.21.13.9882, unified:398.82)
[2019.01.25-23.42.57:434][  0]LogD3D11RHI:      Driver Date: 7-30-2018
[2019.01.25-23.42.57:434][  0]LogRHI: Texture pool is 2830 MB (70% of 4043 MB)
[2019.01.25-23.42.57:482][  0]LogD3D11RHI: Async texture creation enabled
[2019.01.25-23.42.57:501][  0]LogD3D11RHI: GPU Timing Frequency: 1000.000000 (Debug: 2 2)
[2019.01.25-23.42.57:548][  0]LogShaderCompilers: Guid format shader working directory is -16 characters bigger than the processId version (../../../../../../Users/w017177h.STUDENT/Documents/Github/GGJ2019/GGJ2019/Intermediate/Shaders/WorkingDirectory/7096/).
[2019.01.25-23.42.57:548][  0]LogShaderCompilers: Cleaned the shader compiler working directory 'C:/Users/w017177h.STUDENT/AppData/Local/Temp/UnrealShaderWorkingDir/CD66E914443C63341AF228AC41584948/'.
[2019.01.25-23.42.57:889][  0]LogTemp: Display: Loaded TP AllDesktopTargetPlatform
[2019.01.25-23.42.57:908][  0]LogTemp: Display: Loaded TP MacClientTargetPlatform
[2019.01.25-23.42.57:927][  0]LogTemp: Display: Loaded TP MacNoEditorTargetPlatform
[2019.01.25-23.42.57:945][  0]LogTemp: Display: Loaded TP MacServerTargetPlatform
[2019.01.25-23.42.57:965][  0]LogTemp: Display: Loaded TP MacTargetPlatform
[2019.01.25-23.42.57:984][  0]LogTemp: Display: Loaded TP WindowsClientTargetPlatform
[2019.01.25-23.42.58:002][  0]LogTemp: Display: Loaded TP WindowsNoEditorTargetPlatform
[2019.01.25-23.42.58:022][  0]LogTemp: Display: Loaded TP WindowsServerTargetPlatform
[2019.01.25-23.42.58:033][  0]LogTemp: Display: Loaded TP WindowsTargetPlatform
[2019.01.25-23.42.58:126][  0]LogTemp: Display: Loaded TP AndroidTargetPlatform
[2019.01.25-23.42.58:126][  0]LogTemp: Display: Loaded TP AndroidTargetPlatform
[2019.01.25-23.42.58:126][  0]LogTemp: Display: Loaded TP AndroidTargetPlatform
[2019.01.25-23.42.58:126][  0]LogTemp: Display: Loaded TP AndroidTargetPlatform
[2019.01.25-23.42.58:126][  0]LogTemp: Display: Loaded TP AndroidTargetPlatform
[2019.01.25-23.42.58:126][  0]LogTemp: Display: Loaded TP AndroidTargetPlatform
[2019.01.25-23.42.58:127][  0]LogTemp: Display: Loaded TP AndroidTargetPlatform
[2019.01.25-23.42.58:127][  0]LogTemp: Display: Loaded TP AndroidTargetPlatform
[2019.01.25-23.42.58:127][  0]LogTemp: Display: Loaded TP AndroidTargetPlatform
[2019.01.25-23.42.58:127][  0]LogTemp: Display: Loaded TP AndroidTargetPlatform
[2019.01.25-23.42.58:127][  0]LogTemp: Display: Loaded TP AndroidTargetPlatform
[2019.01.25-23.42.58:127][  0]LogTemp: Display: Loaded TP AndroidTargetPlatform
[2019.01.25-23.42.58:127][  0]LogTemp: Display: Loaded TP AndroidTargetPlatform
[2019.01.25-23.42.58:127][  0]LogTemp: Display: Loaded TP AndroidTargetPlatform
[2019.01.25-23.42.58:127][  0]LogTemp: Display: Loaded TP AndroidTargetPlatform
[2019.01.25-23.42.58:127][  0]LogTemp: Display: Loaded TP AndroidTargetPlatform
[2019.01.25-23.42.58:128][  0]LogTemp: Display: Loaded TP AndroidTargetPlatform
[2019.01.25-23.42.58:128][  0]LogTemp: Display: Loaded TP AndroidTargetPlatform
[2019.01.25-23.42.58:133][  0]LogTemp: Display: Loaded TP HTML5TargetPlatform
[2019.01.25-23.42.58:227][  0]LogTemp: Display: Loaded TP IOSTargetPlatform
[2019.01.25-23.42.58:227][  0]LogTemp: Display: Loaded TP IOSTargetPlatform
[2019.01.25-23.42.58:263][  0]LogTemp: Display: Loaded TP TVOSTargetPlatform
[2019.01.25-23.42.58:263][  0]LogTemp: Display: Loaded TP TVOSTargetPlatform
[2019.01.25-23.42.58:301][  0]LogTemp: Display: Loaded TP LinuxClientTargetPlatform
[2019.01.25-23.42.58:336][  0]LogTemp: Display: Loaded TP LinuxNoEditorTargetPlatform
[2019.01.25-23.42.58:356][  0]LogTemp: Display: Loaded TP LinuxServerTargetPlatform
[2019.01.25-23.42.58:374][  0]LogTemp: Display: Loaded TP LinuxTargetPlatform
[2019.01.25-23.42.58:396][  0]LogTemp: Display: Loaded TP LuminTargetPlatform
[2019.01.25-23.42.58:396][  0]LogTargetPlatformManager: Display: Building Assets For Windows
[2019.01.25-23.42.58:566][  0]LogXGEController: Cleaning working directory: C:/Users/w017177h.STUDENT/AppData/Local/Temp/UnrealXGEWorkingDir/
[2019.01.25-23.42.58:567][  0]LogXGEController: Cannot use XGE Controller as Incredibuild is not installed on this machine.
[2019.01.25-23.42.58:567][  0]LogShaderCompilers: Cannot use XGE Shader Compiler as Incredibuild is not installed on this machine.
[2019.01.25-23.42.58:567][  0]LogShaderCompilers: Display: Using Local Shader Compiler.
[2019.01.25-23.42.59:771][  0]LogDerivedDataCache: Display: Max Cache Size: 512 MB
[2019.01.25-23.42.59:861][  0]LogDerivedDataCache: Loaded boot cache 0.09s 71MB C:/Users/w017177h.STUDENT/AppData/Local/UnrealEngine/4.20/DerivedDataCache/Boot.ddc.
[2019.01.25-23.42.59:863][  0]LogDerivedDataCache: Display: Loaded Boot cache: C:/Users/w017177h.STUDENT/AppData/Local/UnrealEngine/4.20/DerivedDataCache/Boot.ddc
[2019.01.25-23.42.59:863][  0]LogDerivedDataCache: FDerivedDataBackendGraph:  Pak pak cache file ../../../../../../Users/w017177h.STUDENT/Documents/Github/GGJ2019/GGJ2019/DerivedDataCache/DDC.ddp not found, will not use a pak cache.
[2019.01.25-23.42.59:863][  0]LogDerivedDataCache: Unable to find inner node Pak for hierarchical cache Hierarchy.
[2019.01.25-23.42.59:863][  0]LogDerivedDataCache: FDerivedDataBackendGraph:  CompressedPak pak cache file ../../../../../../Users/w017177h.STUDENT/Documents/Github/GGJ2019/GGJ2019/DerivedDataCache/Compressed.ddp not found, will not use a pak cache.
[2019.01.25-23.42.59:864][  0]LogDerivedDataCache: Unable to find inner node CompressedPak for hierarchical cache Hierarchy.
[2019.01.25-23.42.59:887][  0]LogDerivedDataCache: Display: Pak cache opened for reading ../../../Engine/DerivedDataCache/Compressed.ddp.
[2019.01.25-23.42.59:901][  0]LogDerivedDataCache: Using Local data cache path C:/Users/w017177h.STUDENT/AppData/Local/UnrealEngine/Common/DerivedDataCache: Writable
[2019.01.25-23.42.59:901][  0]LogDerivedDataCache: Shared data cache path not found in *engine.ini, will not use an Shared cache.
[2019.01.25-23.42.59:901][  0]LogDerivedDataCache: Unable to find inner node Shared for hierarchical cache Hierarchy.
[2019.01.25-23.42.59:921][  0]LogMaterial: Verifying Global Shaders for PCD3D_SM5
[2019.01.25-23.42.59:922][  0]LogSlate: Using FreeType 2.6.0
[2019.01.25-23.42.59:923][  0]LogSlate: SlateFontServices - WITH_FREETYPE: 1, WITH_HARFBUZZ: 1
[2019.01.25-23.43.00:044][  0]LogAssetRegistry: FAssetRegistry took 0.0362 seconds to start up
[2019.01.25-23.43.00:488][  0]LogInit: Selected Device Profile: [Windows]
[2019.01.25-23.43.00:596][  0]LogSimplygon: Simplygon DLL not present - disabling.
[2019.01.25-23.43.00:607][  0]LogMeshReduction: Using SimplygonSwarm for distributed automatic mesh merging
[2019.01.25-23.43.00:608][  0]LogMeshReduction: Using ProxyLODMeshReduction for automatic mesh merging
[2019.01.25-23.43.00:608][  0]LogMeshReduction: Using QuadricMeshReduction for automatic static mesh reduction
[2019.01.25-23.43.00:608][  0]LogMeshReduction: No automatic skeletal mesh reduction module available
[2019.01.25-23.43.00:725][  0]LogNetVersion: GGJ2019 1.0.0, NetCL: 4212847, EngineNetVer: 5, GameNetVer: 0 (Checksum: 54619999)
[2019.01.25-23.43.01:617][  0]LogPackageLocalizationCache: Processed 11 localized package path(s) for 2 prioritized culture(s) in 0.196218 seconds
[2019.01.25-23.43.01:625][  0]LogUObjectArray: 38425 objects as part of root set at end of initial load.
[2019.01.25-23.43.01:626][  0]LogUObjectAllocator: 6690872 out of 0 bytes used by permanent object pool.
[2019.01.25-23.43.01:626][  0]LogUObjectArray: CloseDisregardForGC: 0/0 objects in disregard for GC pool
[2019.01.25-23.43.02:995][  0]LogTcpMessaging: Initializing TcpMessaging bridge
[2019.01.25-23.43.03:013][  0]LogUdpMessaging: Initializing bridge on interface 0.0.0.0:0 to multicast group 230.0.0.1:6666.
[2019.01.25-23.43.03:251][  0]SourceControl: Source control is disabled
[2019.01.25-23.43.03:251][  0]SourceControl: Source control is disabled
[2019.01.25-23.43.03:255][  0]SourceControl: Source control is disabled
[2019.01.25-23.43.03:258][  0]SourceControl: Source control is disabled
[2019.01.25-23.43.03:596][  0]LogAndroidPermission: UAndroidPermissionCallbackProxy::GetInstance
[2019.01.25-23.43.03:750][  0]LogOcInput: OculusInput pre-init called
[2019.01.25-23.43.03:833][  0]LogEngine: Initializing Engine...
[2019.01.25-23.43.03:835][  0]LogHMD: Failed to initialize OpenVR with code 110
[2019.01.25-23.43.03:837][  0]LogStats: UGameplayTagsManager::ConstructGameplayTagTree: ImportINI prefixes -  0.000 s
[2019.01.25-23.43.03:837][  0]LogStats: UGameplayTagsManager::ConstructGameplayTagTree: Construct from data asset -  0.000 s
[2019.01.25-23.43.03:838][  0]LogStats: UGameplayTagsManager::ConstructGameplayTagTree: ImportINI -  0.001 s
[2019.01.25-23.43.03:838][  0]LogStats: UGameplayTagsManager::ConstructGameplayTagTree: GameplayTagTreeChangedEvent.Broadcast -  0.000 s
[2019.01.25-23.43.04:142][  0]LogInit: Initializing FReadOnlyCVARCache
[2019.01.25-23.43.04:175][  0]LogAIModule: Creating AISystem for world Untitled
[2019.01.25-23.43.04:196][  0]LogInit: XAudio2 using 'Headset Earphone (Razer ManO'War)' : 2 channels at 48 kHz using 16 bits per sample (channel mask 0x3)
[2019.01.25-23.43.04:230][  0]LogInit: FAudioDevice initialized.
[2019.01.25-23.43.04:231][  0]LogNetVersion: Set ProjectVersion to 1.0.0.0. Version Checksum will be recalculated on next use.
[2019.01.25-23.43.04:333][  0]LogDerivedDataCache: Saved boot cache 0.10s 71MB C:/Users/w017177h.STUDENT/AppData/Local/UnrealEngine/4.20/DerivedDataCache/Boot.ddc.
[2019.01.25-23.43.04:375][  0]LogInit: Texture streaming: Enabled
[2019.01.25-23.43.04:421][  0]LogEngineSessionManager: EngineSessionManager initialized
[2019.01.25-23.43.04:442][  0]LogInit: Transaction tracking system initialized
[2019.01.25-23.43.04:501][  0]BlueprintLog: New page: Editor Load
[2019.01.25-23.43.04:684][  0]LocalizationService: Localization service is disabled
[2019.01.25-23.43.05:085][  0]LogCook: Display: Max memory allowance for cook 16384mb min free memory 0mb
[2019.01.25-23.43.05:085][  0]LogCook: Display: Mobile HDR setting 1
[2019.01.25-23.43.05:085][  0]LogGameplayTags: Display: UGameplayTagsManager::DoneAddingNativeTags. DelegateIsBound: 0
[2019.01.25-23.43.05:086][  0]LogStats: UGameplayTagsManager::ConstructGameplayTagTree: ImportINI prefixes -  0.000 s
[2019.01.25-23.43.05:086][  0]LogStats: UGameplayTagsManager::ConstructGameplayTagTree: Construct from data asset -  0.000 s
[2019.01.25-23.43.05:086][  0]LogStats: UGameplayTagsManager::ConstructGameplayTagTree: ImportINI -  0.000 s
[2019.01.25-23.43.05:086][  0]LogStats: UGameplayTagsManager::ConstructGameplayTagTree: GameplayTagTreeChangedEvent.Broadcast -  0.000 s
[2019.01.25-23.43.05:323][  0]LogFileCache: Scanning file cache for directory 'C:/Users/w017177h.STUDENT/Documents/Github/GGJ2019/GGJ2019/Content/' took 0.02s
[2019.01.25-23.43.05:323][  0]SourceControl: Source control is disabled
[2019.01.25-23.43.05:324][  0]Cmd: MAP LOAD FILE="../../../../../../Users/w017177h.STUDENT/Documents/Github/GGJ2019/GGJ2019/Content/GameLevel.umap" TEMPLATE=0 SHOWPROGRESS=1 FEATURELEVEL=3
[2019.01.25-23.43.05:324][  0]LightingResults: New page: Lighting Build
[2019.01.25-23.43.05:331][  0]MapCheck: New page: Map Check
[2019.01.25-23.43.05:331][  0]LightingResults: New page: Lighting Build
[2019.01.25-23.43.05:610][  0]LogAIModule: Creating AISystem for world GameLevel
[2019.01.25-23.43.05:623][  0]LogEditorServer: Finished looking for orphan Actors (0.000 secs)
[2019.01.25-23.43.05:649][  0]Cmd: MAP CHECKDEP NOCLEARLOG
[2019.01.25-23.43.05:839][  0]MapCheck: Map check complete: 0 Error(s), 0 Warning(s), took 190.009ms to complete.
[2019.01.25-23.43.05:839][  0]LogFileHelpers: Loading map 'GameLevel' took 0.516
[2019.01.25-23.43.06:003][  0]LogSlate: Updating window title bar state: overlay mode, drag disabled, window buttons hidden, title bar hidden
[2019.01.25-23.43.06:011][  0]LogSlate: Updating window title bar state: overlay mode, drag disabled, window buttons hidden, title bar hidden
[2019.01.25-23.43.06:020][  0]LogSlate: Updating window title bar state: overlay mode, drag disabled, window buttons hidden, title bar hidden
[2019.01.25-23.43.06:028][  0]LogSlate: Updating window title bar state: overlay mode, drag disabled, window buttons hidden, title bar hidden
[2019.01.25-23.43.06:041][  0]LogCollectionManager: Loaded 0 collections in 0.003483 seconds
[2019.01.25-23.43.06:116][  0]LogFileCache: Scanning file cache for directory 'C:/Users/w017177h.STUDENT/Documents/Github/GGJ2019/GGJ2019/Saved/Collections/' took 0.01s
[2019.01.25-23.43.06:116][  0]LogFileCache: Scanning file cache for directory 'C:/Users/w017177h.STUDENT/Documents/Github/GGJ2019/GGJ2019/Content/Developers/w017177h/Collections/' took 0.01s
[2019.01.25-23.43.06:116][  0]LogFileCache: Scanning file cache for directory 'C:/Users/w017177h.STUDENT/Documents/Github/GGJ2019/GGJ2019/Content/Collections/' took 0.01s
[2019.01.25-23.43.06:116][  0]LogCollectionManager: Rebuilt the GUID cache for 0 collections in 0.000001 seconds
[2019.01.25-23.43.06:137][  0]LogContentBrowser: Native class hierarchy populated in 0.0203 seconds. Added 2576 classes and 605 folders.
[2019.01.25-23.43.06:155][  0]LogContentBrowser: Native class hierarchy updated for 'WidgetCarousel' in 0.0010 seconds. Added 0 classes and 0 folders.
[2019.01.25-23.43.06:265][  0]LogContentBrowser: Native class hierarchy updated for 'AddContentDialog' in 0.0005 seconds. Added 0 classes and 0 folders.
[2019.01.25-23.43.06:279][  0]LogContentBrowser: Native class hierarchy updated for 'SceneOutliner' in 0.0008 seconds. Added 1 classes and 2 folders.
[2019.01.25-23.43.06:302][  0]LogSlate: Took 0.000519 seconds to synchronously load lazily loaded font '../../../Engine/Content/Slate/Fonts/Roboto-Regular.ttf' (155K)
[2019.01.25-23.43.06:305][  0]LogSlate: Took 0.000229 seconds to synchronously load lazily loaded font '../../../Engine/Content/Slate/Fonts/Roboto-Bold.ttf' (160K)
[2019.01.25-23.43.06:311][  0]LogSlate: Took 0.000363 seconds to synchronously load lazily loaded font '../../../Engine/Content/Editor/Slate/Fonts/FontAwesome.ttf' (139K)
[2019.01.25-23.43.06:397][  0]LogRenderer: Reallocating scene render targets to support 1208x576 Format 10 NumSamples 1 (Frame:1).
[2019.01.25-23.43.06:467][  0]LogSlate: Took 0.000244 seconds to synchronously load lazily loaded font '../../../Engine/Content/Slate/Fonts/Roboto-Light.ttf' (167K)
[2019.01.25-23.43.06:559][  0]LogContentBrowser: Native class hierarchy updated for 'HierarchicalLODOutliner' in 0.0011 seconds. Added 0 classes and 0 folders.
[2019.01.25-23.43.06:560][  0]LogLoad: (Engine Initialization) Total time: 13.35 seconds
[2019.01.25-23.43.06:560][  0]LogLoad: (Engine Initialization) Total Blueprint compile time: 0.00 seconds
[2019.01.25-23.43.06:572][  0]LogWindowsTextInputMethodSystem: Display: IME system now deactivated.
[2019.01.25-23.43.06:622][  0]LogContentStreaming: Texture pool size now 1000 MB
[2019.01.25-23.43.06:665][  1]LogFileCache: Retrieving MD5 hashes for directory 'C:/Users/w017177h.STUDENT/Documents/Github/GGJ2019/GGJ2019/Content/' took 0.07s
[2019.01.25-23.43.06:727][  2]LogAssetRegistry: Asset discovery search completed in 6.7084 seconds
[2019.01.25-23.43.06:732][  2]LogCollectionManager: Rebuilt the object cache for 0 collections in 0.000001 seconds (found 0 objects)
[2019.01.25-23.43.06:732][  2]LogCollectionManager: Fixed up redirectors for 0 collections in 0.000244 seconds (updated 0 objects)
[2019.01.25-23.43.18:821][441]LogSlate: FSceneViewport::OnFocusLost() reason 0
[2019.01.25-23.43.21:048][704]LogSlate: Took 0.000224 seconds to synchronously load lazily loaded font '../../../Engine/Content/Slate/Fonts/Roboto-Light.ttf' (167K)
[2019.01.25-23.43.21:174][704]LogAIModule: Creating AISystem for world NewJohnLevel
[2019.01.25-23.43.21:226][704]LogAssetEditorManager: Opening Asset editor for World /Game/StarterContent/Maps/NewJohnLevel.NewJohnLevel
[2019.01.25-23.43.21:262][704]Cmd: MAP LOAD FILE="../../../../../../Users/w017177h.STUDENT/Documents/Github/GGJ2019/GGJ2019/Content/StarterContent/Maps/NewJohnLevel.umap" TEMPLATE=0 SHOWPROGRESS=1 FEATURELEVEL=3
[2019.01.25-23.43.21:262][704]LightingResults: New page: Lighting Build
[2019.01.25-23.43.21:263][704]LoadErrors: New page: Loading map: NewJohnLevel.umap
[2019.01.25-23.43.21:265][704]MapCheck: New page: Map Check
[2019.01.25-23.43.21:265][704]LightingResults: New page: Lighting Build
[2019.01.25-23.43.21:375][704]LogEditorServer: Finished looking for orphan Actors (0.000 secs)
[2019.01.25-23.43.21:447][704]Cmd: MAP CHECKDEP NOCLEARLOG
[2019.01.25-23.43.21:658][704]MapCheck: Map check complete: 0 Error(s), 0 Warning(s), took 210.161ms to complete.
[2019.01.25-23.43.21:660][704]LogFileHelpers: Loading map 'NewJohnLevel' took 0.398
[2019.01.25-23.43.22:992][850]LogTemp: Repeating last play command: Selected Viewport
[2019.01.25-23.43.23:011][850]LogPlayLevel: PlayLevel: No blueprints needed recompiling
[2019.01.25-23.43.23:024][850]PIE: New page: PIE session: NewJohnLevel (25 Jan 2019 23:43:23)
[2019.01.25-23.43.23:025][850]LogPlayLevel: Creating play world package: /Game/StarterContent/Maps/UEDPIE_0_NewJohnLevel
[2019.01.25-23.43.23:052][850]LogPlayLevel: PIE: StaticDuplicateObject took: (0.026968s)
[2019.01.25-23.43.23:052][850]LogAIModule: Creating AISystem for world NewJohnLevel
[2019.01.25-23.43.23:053][850]LogPlayLevel: PIE: World Init took: (0.000927s)
[2019.01.25-23.43.23:053][850]LogPlayLevel: PIE: Created PIE world by copying editor world from /Game/StarterContent/Maps/NewJohnLevel.NewJohnLevel to /Game/StarterContent/Maps/UEDPIE_0_NewJohnLevel.NewJohnLevel (0.028282s)
[2019.01.25-23.43.23:085][850]LogInit: XAudio2 using 'Headset Earphone (Razer ManO'War)' : 2 channels at 48 kHz using 16 bits per sample (channel mask 0x3)
[2019.01.25-23.43.23:096][850]LogInit: FAudioDevice initialized.
[2019.01.25-23.43.23:155][850]LogLoad: Game class is 'GGJ2019GM_C'
[2019.01.25-23.43.23:169][850]LogWorld: Bringing World /Game/StarterContent/Maps/UEDPIE_0_NewJohnLevel.NewJohnLevel up for play (max tick rate 0) at 2019.01.25-23.43.23
[2019.01.25-23.43.23:171][850]LogWorld: Bringing up level for play took: 0.013843
[2019.01.25-23.43.23:209][850]LogContentBrowser: Native class hierarchy updated for 'MovieSceneCapture' in 0.0013 seconds. Added 10 classes and 0 folders.
[2019.01.25-23.43.23:213][850]PIE: Play in editor start time for /Game/StarterContent/Maps/UEDPIE_0_NewJohnLevel 0.743
[2019.01.25-23.43.36:667][449]LogSlate: Updating window title bar state: overlay mode, drag disabled, window buttons hidden, title bar hidden
[2019.01.25-23.43.36:708][449]LogPlayLevel: Display: Shutting down PIE online subsystems
[2019.01.25-23.43.36:732][449]LogSlate: Updating window title bar state: overlay mode, drag disabled, window buttons hidden, title bar hidden
[2019.01.25-23.43.36:771][452]LogPlayLevel: Display: Destroying online subsystem :Context_1
[2019.01.25-23.54.03:787][587]LogSlate: FSceneViewport::OnFocusLost() reason 0
[2019.01.25-23.54.03:862][596]LogTemp: Repeating last play command: Selected Viewport
[2019.01.25-23.54.03:881][596]LogPlayLevel: PlayLevel: No blueprints needed recompiling
[2019.01.25-23.54.03:882][596]PIE: New page: PIE session: NewJohnLevel (25 Jan 2019 23:54:03)
[2019.01.25-23.54.03:882][596]LogPlayLevel: Creating play world package: /Game/StarterContent/Maps/UEDPIE_0_NewJohnLevel
[2019.01.25-23.54.03:909][596]LogPlayLevel: PIE: StaticDuplicateObject took: (0.026697s)
[2019.01.25-23.54.03:909][596]LogAIModule: Creating AISystem for world NewJohnLevel
[2019.01.25-23.54.03:910][596]LogPlayLevel: PIE: World Init took: (0.000888s)
[2019.01.25-23.54.03:910][596]LogPlayLevel: PIE: Created PIE world by copying editor world from /Game/StarterContent/Maps/NewJohnLevel.NewJohnLevel to /Game/StarterContent/Maps/UEDPIE_0_NewJohnLevel.NewJohnLevel (0.027961s)
[2019.01.25-23.54.03:938][596]LogInit: XAudio2 using 'Headset Earphone (Razer ManO'War)' : 2 channels at 48 kHz using 16 bits per sample (channel mask 0x3)
[2019.01.25-23.54.03:949][596]LogInit: FAudioDevice initialized.
[2019.01.25-23.54.03:988][596]LogLoad: Game class is 'GGJ2019GM_C'
[2019.01.25-23.54.03:996][596]LogWorld: Bringing World /Game/StarterContent/Maps/UEDPIE_0_NewJohnLevel.NewJohnLevel up for play (max tick rate 0) at 2019.01.25-23.54.03
[2019.01.25-23.54.03:997][596]LogWorld: Bringing up level for play took: 0.007531
[2019.01.25-23.54.04:013][596]PIE: Play in editor start time for /Game/StarterContent/Maps/UEDPIE_0_NewJohnLevel -0.465
[2019.01.25-23.54.12:980][665]LogSlate: Updating window title bar state: overlay mode, drag disabled, window buttons hidden, title bar hidden
[2019.01.25-23.54.13:018][665]LogPlayLevel: Display: Shutting down PIE online subsystems
[2019.01.25-23.54.13:044][665]LogSlate: Updating window title bar state: overlay mode, drag disabled, window buttons hidden, title bar hidden
[2019.01.25-23.54.13:082][668]LogPlayLevel: Display: Destroying online subsystem :Context_2
[2019.01.25-23.54.14:891][881]LogSlate: FSceneViewport::OnFocusLost() reason 2
[2019.01.25-23.54.15:290][881]LogSavePackage: Moving '../../../../../../Users/w017177h.STUDENT/Documents/Github/GGJ2019/GGJ2019/Saved/NewJohnLevelDAE3F6F1400D2E00455A718424B8349E.tmp' to '../../../../../../Users/w017177h.STUDENT/Documents/Github/GGJ2019/GGJ2019/Content/StarterContent/Maps/NewJohnLevel.umap'
[2019.01.25-23.54.15:477][898]LogSlate: FSceneViewport::OnFocusLost() reason 0
[2019.01.25-23.54.22:902][784]LogActor: Warning: Enemy_BP_Base_C /Engine/Transient.World_0:PersistentLevel.Enemy_BP_Base_C_0 has natively added scene component(s), but none of them were set as the actor's RootComponent - picking one arbitrarily
[2019.01.25-23.54.40:680][906]LogSlate: Took 0.000302 seconds to synchronously load lazily loaded font '../../../Engine/Content/Slate/Fonts/Roboto-BoldCondensed.ttf' (158K)
[2019.01.25-23.54.46:959][600]Running C:/Epic/UE4/UE_4.20/Engine/Binaries/DotNET/UnrealBuildTool.exe Win64 Development -TargetType=Editor -Project="C:/Users/w017177h.STUDENT/Documents/Github/GGJ2019/GGJ2019/GGJ2019.uproject" -invalidatemakefilesonly
[2019.01.25-23.54.48:381][600]Invalidating makefiles only in this run.
[2019.01.25-23.54.48:515][600]Candidate modules for hot reload:
[2019.01.25-23.54.48:515][600]  GGJ2019
[2019.01.25-23.54.48:516][600]Launching UnrealBuildTool... [C:/Epic/UE4/UE_4.20/Engine/Binaries/DotNET/UnrealBuildTool.exe  -ModuleWithSuffix=GGJ2019,172 Win64 Development -TargetType=Editor -Project="../../../../../../Users/w017177h.STUDENT/Documents/Github/GGJ2019/GGJ2019/GGJ2019.uproject" -canskiplink "C:/Users/w017177h.STUDENT/Documents/Github/GGJ2019/GGJ2019/GGJ2019.uproject" ]
[2019.01.25-23.55.35:100][600]CompilerResultsLog: New page: Compilation - 25 Jan 2019 23:55:35
[2019.01.25-23.55.35:100][600]CompilerResultsLog: Using 'git status' to determine working set for adaptive non-unity build.
[2019.01.25-23.55.35:101][600]CompilerResultsLog: Creating makefile for hot reloading GGJ2019Editor (no existing makefile)
[2019.01.25-23.55.35:101][600]CompilerResultsLog: Compiling game modules for hot reload
[2019.01.25-23.55.35:101][600]CompilerResultsLog: Using Visual Studio 2017 14.14.26428 toolchain (C:\Program Files (x86)\Microsoft Visual Studio\2017\Professional\VC\Tools\MSVC\14.14.26428) and Windows 10.0.17134.0 SDK (C:\Program Files (x86)\Windows Kits\10).
[2019.01.25-23.55.35:101][600]CompilerResultsLog: Parsing headers for GGJ2019Editor
[2019.01.25-23.55.35:101][600]CompilerResultsLog:   Running UnrealHeaderTool "C:\Users\w017177h.STUDENT\Documents\Github\GGJ2019\GGJ2019\GGJ2019.uproject" "C:\Users\w017177h.STUDENT\Documents\Github\GGJ2019\GGJ2019\Intermediate\Build\Win64\GGJ2019Editor\Development\GGJ2019Editor.uhtmanifest" -LogCmds="loginit warning, logexit warning, logdatabase error" -Unattended -WarningsAsErrors -installed
[2019.01.25-23.55.35:101][600]CompilerResultsLog: Reflection code generated for GGJ2019Editor in 15.2134424 seconds
[2019.01.25-23.55.35:101][600]CompilerResultsLog: Building 5 actions with 8 processes...
[2019.01.25-23.55.35:101][600]CompilerResultsLog:   [1/5] GGJ2019.init.gen.cpp
[2019.01.25-23.55.35:102][600]CompilerResultsLog:   [2/5] MyNavigationNode_Exit.cpp
[2019.01.25-23.55.35:102][600]CompilerResultsLog:   [3/5] MyNavigationNode_Exit.gen.cpp
[2019.01.25-23.55.35:102][600]CompilerResultsLog:   [4/5] UE4Editor-GGJ2019-172.lib
[2019.01.25-23.55.35:102][600]CompilerResultsLog:      Creating library C:\Users\w017177h.STUDENT\Documents\Github\GGJ2019\GGJ2019\Intermediate\Build\Win64\UE4Editor\Development\GGJ2019\UE4Editor-GGJ2019-172.lib and object C:\Users\w017177h.STUDENT\Documents\Github\GGJ2019\GGJ2019\Intermediate\Build\Win64\UE4Editor\Development\GGJ2019\UE4Editor-GGJ2019-172.exp
[2019.01.25-23.55.35:102][600]CompilerResultsLog:   [5/5] UE4Editor-GGJ2019-172.dll
[2019.01.25-23.55.35:102][600]CompilerResultsLog:      Creating library C:\Users\w017177h.STUDENT\Documents\Github\GGJ2019\GGJ2019\Intermediate\Build\Win64\UE4Editor\Development\GGJ2019\UE4Editor-GGJ2019-172.suppressed.lib and object C:\Users\w017177h.STUDENT\Documents\Github\GGJ2019\GGJ2019\Intermediate\Build\Win64\UE4Editor\Development\GGJ2019\UE4Editor-GGJ2019-172.suppressed.exp
[2019.01.25-23.55.35:102][600]CompilerResultsLog: Total build time: 46.14 seconds (Parallel executor: 2.06 seconds)
[2019.01.25-23.55.35:102][600]LogMainFrame: MainFrame: Module compiling took 46.595 seconds
[2019.01.25-23.55.35:165][600]LogClass: Could not find existing class MyNavigationNode_Exit in package /Script/GGJ2019 for HotReload, assuming new class
[2019.01.25-23.55.35:173][600]LogContentBrowser: Native class hierarchy updated for 'GGJ2019' in 0.0006 seconds. Added 5 classes and 2 folders.
[2019.01.25-23.55.35:176][600]Display: HotReload successful (1 functions remapped  0 scriptstructs remapped)
[2019.01.25-23.55.35:355][600]LogContentBrowser: Native class hierarchy populated in 0.0101 seconds. Added 2578 classes and 607 folders.
[2019.01.25-23.55.35:357][600]Display: HotReload took 46.9s.
[2019.01.25-23.55.35:358][600]Warning: HotReload operation took 46.9s.
[2019.01.25-23.55.35:686][600]LogSlate: Window 'Add C++ Class' being destroyed
[2019.01.25-23.55.35:700][600]LogHotReload: New module detected: UE4Editor-GGJ2019-172.dll
[2019.01.25-23.55.35:750][601]LogHotReload: Starting Hot-Reload from IDE
[2019.01.25-23.55.35:820][601]LogContentBrowser: Native class hierarchy updated for 'GGJ2019' in 0.0006 seconds. Added 5 classes and 2 folders.
[2019.01.25-23.55.35:825][601]Display: HotReload successful (0 functions remapped  0 scriptstructs remapped)
[2019.01.25-23.55.35:875][601]LogContentBrowser: Native class hierarchy populated in 0.0139 seconds. Added 2578 classes and 607 folders.
[2019.01.25-23.55.35:883][601]Display: HotReload took  0.1s.
[2019.01.25-23.55.38:227][608]LogTemp: Repeating last play command: Selected Viewport
[2019.01.25-23.55.38:251][608]LogPlayLevel: PlayLevel: No blueprints needed recompiling
[2019.01.25-23.55.38:251][608]PIE: New page: PIE session: NewJohnLevel (25 Jan 2019 23:55:38)
[2019.01.25-23.55.38:251][608]LogPlayLevel: Creating play world package: /Game/StarterContent/Maps/UEDPIE_0_NewJohnLevel
[2019.01.25-23.55.38:282][608]LogPlayLevel: PIE: StaticDuplicateObject took: (0.031163s)
[2019.01.25-23.55.38:283][608]LogAIModule: Creating AISystem for world NewJohnLevel
[2019.01.25-23.55.38:284][608]LogPlayLevel: PIE: World Init took: (0.001201s)
[2019.01.25-23.55.38:284][608]LogPlayLevel: PIE: Created PIE world by copying editor world from /Game/StarterContent/Maps/NewJohnLevel.NewJohnLevel to /Game/StarterContent/Maps/UEDPIE_0_NewJohnLevel.NewJohnLevel (0.032849s)
[2019.01.25-23.55.38:319][608]LogInit: XAudio2 using 'Headset Earphone (Razer ManO'War)' : 2 channels at 48 kHz using 16 bits per sample (channel mask 0x3)
[2019.01.25-23.55.38:331][608]LogInit: FAudioDevice initialized.
[2019.01.25-23.55.38:369][608]LogLoad: Game class is 'GGJ2019GM_C'
[2019.01.25-23.55.38:376][608]LogWorld: Bringing World /Game/StarterContent/Maps/UEDPIE_0_NewJohnLevel.NewJohnLevel up for play (max tick rate 0) at 2019.01.25-23.55.38
[2019.01.25-23.55.38:378][608]LogWorld: Bringing up level for play took: 0.008283
[2019.01.25-23.55.38:393][608]PIE: Play in editor start time for /Game/StarterContent/Maps/UEDPIE_0_NewJohnLevel -0.085
[2019.01.25-23.55.41:242][935]LogSlate: Updating window title bar state: overlay mode, drag disabled, window buttons hidden, title bar hidden
[2019.01.25-23.55.41:278][935]LogPlayLevel: Display: Shutting down PIE online subsystems
[2019.01.25-23.55.41:306][935]LogSlate: Updating window title bar state: overlay mode, drag disabled, window buttons hidden, title bar hidden
[2019.01.25-23.55.41:343][938]LogPlayLevel: Display: Destroying online subsystem :Context_4
[2019.01.25-23.55.41:989][ 15]LogSlate: FSceneViewport::OnFocusLost() reason 0
