Log file open, 01/27/19 15:21:54
LogWindows: Failed to load 'aqProf.dll' (GetLastError=126)
LogWindows: File 'aqProf.dll' does not exist
LogWindows: Failed to load 'VSPerf140.dll' (GetLastError=126)
LogWindows: File 'VSPerf140.dll' does not exist
LogWindows: Failed to load 'VtuneApi.dll' (GetLastError=126)
LogWindows: File 'VtuneApi.dll' does not exist
LogWindows: Failed to load 'VtuneApi32e.dll' (GetLastError=126)
LogWindows: File 'VtuneApi32e.dll' does not exist
LogInit: Display: Running engine for game: GGJ2019
LogPlatformFile: Not using cached read wrapper
LogTaskGraph: Started task graph with 5 named threads and 23 total threads with 3 sets of task threads.
LogStats: Stats thread started at 0.667713
LogD3D11RHI: Loaded GFSDK_Aftermath_Lib.x64.dll
LogICUInternationalization: Display: ICU TimeZone Detection - Raw Offset: +0:00, Platform Override: ''
LogPluginManager: Mounting plugin Paper2D
LogPluginManager: Mounting plugin AISupport
LogPluginManager: Mounting plugin LightPropagationVolume
LogPluginManager: Mounting plugin CLionSourceCodeAccess
LogPluginManager: Mounting plugin CodeLiteSourceCodeAccess
LogPluginManager: Mounting plugin GitSourceControl
LogPluginManager: Mounting plugin KDevelopSourceCodeAccess
LogPluginManager: Mounting plugin NullSourceCodeAccess
LogPluginManager: Mounting plugin PerforceSourceControl
LogPluginManager: Mounting plugin SubversionSourceControl
LogPluginManager: Mounting plugin UObjectPlugin
LogPluginManager: Mounting plugin VisualStudioCodeSourceCodeAccess
LogPluginManager: Mounting plugin VisualStudioSourceCodeAccess
LogPluginManager: Mounting plugin XCodeSourceCodeAccess
LogPluginManager: Mounting plugin AssetManagerEditor
LogPluginManager: Mounting plugin CryptoKeys
LogPluginManager: Mounting plugin DataValidation
LogPluginManager: Mounting plugin FacialAnimation
LogPluginManager: Mounting plugin GameplayTagsEditor
LogPluginManager: Mounting plugin MacGraphicsSwitching
LogPluginManager: Mounting plugin MeshEditor
LogPluginManager: Mounting plugin MobileLauncherProfileWizard
LogPluginManager: Mounting plugin PluginBrowser
LogPluginManager: Mounting plugin SpeedTreeImporter
LogPluginManager: Mounting plugin DatasmithContent
LogPluginManager: Mounting plugin AlembicImporter
LogPluginManager: Mounting plugin AppleImageUtils
LogPluginManager: Mounting plugin AppleVision
LogPluginManager: Mounting plugin BackChannel
LogPluginManager: Mounting plugin CharacterAI
LogPluginManager: Mounting plugin GeometryCache
LogPluginManager: Mounting plugin HTML5Networking
LogPluginManager: Mounting plugin ProxyLODPlugin
LogPluginManager: Mounting plugin MagicLeap
LogPluginManager: Mounting plugin MagicLeapEmulator
LogPluginManager: Mounting plugin MagicLeapMedia
LogPluginManager: Mounting plugin AndroidMedia
LogPluginManager: Mounting plugin AvfMedia
LogPluginManager: Mounting plugin ImgMedia
LogPluginManager: Mounting plugin LinearTimecode
LogPluginManager: Mounting plugin MediaCompositing
LogPluginManager: Mounting plugin MediaPlayerEditor
LogPluginManager: Mounting plugin WmfMedia
LogPluginManager: Mounting plugin TcpMessaging
LogPluginManager: Mounting plugin UdpMessaging
LogPluginManager: Mounting plugin ActorSequence
LogPluginManager: Mounting plugin LevelSequenceEditor
LogPluginManager: Mounting plugin MatineeToLevelSequence
LogPluginManager: Mounting plugin NetcodeUnitTest
LogPluginManager: Mounting plugin NUTUnrealEngine4
LogPluginManager: Mounting plugin OnlineSubsystemGooglePlay
LogPluginManager: Mounting plugin OnlineSubsystemIOS
LogPluginManager: Mounting plugin OnlineSubsystem
LogPluginManager: Mounting plugin OnlineSubsystemNull
LogPluginManager: Mounting plugin OnlineSubsystemUtils
LogPluginManager: Mounting plugin LauncherChunkInstaller
LogPluginManager: Mounting plugin AndroidDeviceProfileSelector
LogPluginManager: Mounting plugin AndroidMoviePlayer
LogPluginManager: Mounting plugin AndroidPermission
LogPluginManager: Mounting plugin AppleMoviePlayer
LogPluginManager: Mounting plugin ArchVisCharacter
LogPluginManager: Mounting plugin AudioCapture
LogPluginManager: Mounting plugin CableComponent
LogPluginManager: Mounting plugin CustomMeshComponent
LogPluginManager: Mounting plugin EditableMesh
LogPluginManager: Mounting plugin ExampleDeviceProfileSelector
LogPluginManager: Mounting plugin GoogleCloudMessaging
LogPluginManager: Mounting plugin ImmediatePhysics
LogPluginManager: Mounting plugin IOSDeviceProfileSelector
LogPluginManager: Mounting plugin LinuxDeviceProfileSelector
LogPluginManager: Mounting plugin LocationServicesBPLibrary
LogPluginManager: Mounting plugin MobilePatchingUtils
LogPluginManager: Mounting plugin OculusVR
LogPluginManager: Plugin shader directory ../../../Engine/Plugins/Runtime/Oculus/OculusVR/Shaders found
LogPluginManager: Mapping shader source directory ../../../Engine/Plugins/Runtime/Oculus/OculusVR/Shaders to virtual directory /Plugin/OculusVR
LogPluginManager: Mounting plugin PhysXVehicles
LogPluginManager: Mounting plugin ProceduralMeshComponent
LogPluginManager: Mounting plugin RuntimePhysXCooking
LogPluginManager: Mounting plugin SteamVR
LogPluginManager: Mounting plugin WindowsMoviePlayer
LogStreaming: Display: Took  0.323s to configure plugins.
LogInit: Using libcurl 7.55.1-DEV
LogInit:  - built for x86_64-pc-win32
LogInit:  - supports SSL with OpenSSL/1.0.2h
LogInit:  - supports HTTP deflate (compression) using libz 1.2.8
LogInit:  - other features:
LogInit:      CURL_VERSION_SSL
LogInit:      CURL_VERSION_LIBZ
LogInit:      CURL_VERSION_IPV6
LogInit:      CURL_VERSION_ASYNCHDNS
LogInit:      CURL_VERSION_LARGEFILE
LogInit:      CURL_VERSION_IDN
LogInit:  CurlRequestOptions (configurable via config and command line):
LogInit:  - bVerifyPeer = false  - Libcurl will NOT verify peer certificate
LogInit:  - bUseHttpProxy = false  - Libcurl will NOT use HTTP proxy
LogInit:  - bDontReuseConnections = false  - Libcurl will reuse connections
LogInit:  - CertBundlePath = nullptr  - Libcurl will use whatever was configured at build time.
LogInit:  - MaxHostConnections = 16  - Libcurl will limit the number of connections to a host
LogInit:  - LocalHostAddr = Default
LogInit:  - BufferSize = 65536
LogInit: WinSock: version 1.1 (2.2), MaxSocks=32767, MaxUdp=65467
LogInit: Build: ++UE4+Release-4.20-CL-4369336
LogInit: Engine Version: 4.20.3-4369336+++UE4+Release-4.20
LogInit: Compatible Engine Version: 4.20.0-4212847+++UE4+Release-4.20
LogInit: Net CL: 4212847
LogInit: OS: Windows 10 (), CPU: Intel(R) Xeon(R) CPU E5-1620 v3 @ 3.50GHz, GPU: NVIDIA GeForce GTX 970
LogInit: Compiled (64-bit): Sep 17 2018 12:26:19
LogInit: Compiled with Visual C++: 19.13.26129.00
LogInit: Build Configuration: Development
LogInit: Branch Name: ++UE4+Release-4.20
LogInit: Command Line:  -skipcompile
LogInit: Base Directory: C:/Epic/UE4/UE_4.20/Engine/Binaries/Win64/
LogInit: Installed Engine Build: 1
LogDevObjectVersion: Number of dev versions registered: 20
LogDevObjectVersion:   Dev-Blueprints (B0D832E4-1F89-4F0D-ACCF-7EB736FD4AA2): 10
LogDevObjectVersion:   Dev-Build (E1C64328-A22C-4D53-A36C-8E866417BD8C): 0
LogDevObjectVersion:   Dev-Core (375EC13C-06E4-48FB-B500-84F0262A717E): 2
LogDevObjectVersion:   Dev-Editor (E4B068ED-F494-42E9-A231-DA0B2E46BB41): 24
LogDevObjectVersion:   Dev-Framework (CFFC743F-43B0-4480-9391-14DF171D2073): 34
LogDevObjectVersion:   Dev-Mobile (B02B49B5-BB20-44E9-A304-32B752E40360): 2
LogDevObjectVersion:   Dev-Networking (A4E4105C-59A1-49B5-A7C5-40C4547EDFEE): 0
LogDevObjectVersion:   Dev-Online (39C831C9-5AE6-47DC-9A44-9C173E1C8E7C): 0
LogDevObjectVersion:   Dev-Physics (78F01B33-EBEA-4F98-B9B4-84EACCB95AA2): 0
LogDevObjectVersion:   Dev-Platform (6631380F-2D4D-43E0-8009-CF276956A95A): 0
LogDevObjectVersion:   Dev-Rendering (12F88B9F-8875-4AFC-A67C-D90C383ABD29): 26
LogDevObjectVersion:   Dev-Sequencer (7B5AE74C-D270-4C10-A958-57980B212A5A): 9
LogDevObjectVersion:   Dev-VR (D7296918-1DD6-4BDD-9DE2-64A83CC13884): 2
LogDevObjectVersion:   Dev-LoadTimes (C2A15278-BFE7-4AFE-6C17-90FF531DF755): 1
LogDevObjectVersion:   Private-Geometry (6EACA3D4-40EC-4CC1-B786-8BED09428FC5): 3
LogDevObjectVersion:   Dev-AnimPhys (29E575DD-E0A3-4627-9D10-D276232CDCEA): 17
LogDevObjectVersion:   Dev-ReflectionCapture (6B266CEC-1EC7-4B8F-A30B-E4D90942FC07): 1
LogDevObjectVersion:   Dev-Automation (0DF73D61-A23F-47EA-B727-89E90C41499A): 1
LogDevObjectVersion:   FortniteMain (601D1886-AC64-4F84-AA16-D3DE0DEAC7D6): 12
LogDevObjectVersion:   Dev-Enterprise (9DFFBCD6-494F-0158-E221-12823C92A888): 1
LogStreaming: Display: Took  0.024s to delete old logs.
LogInit: Presizing for max 8388607 objects, including 0 objects not considered by GC, pre-allocating 0 bytes for permanent pool.
LogInit: Object subsystem initialized
[2019.01.27-15.21.55:657][  0]LogInit: Selected Device Profile: [Windows]
[2019.01.27-15.21.55:657][  0]LogInit: Applying CVar settings loaded from the selected device profile: [Windows]
[2019.01.27-15.21.55:685][  0]LogHAL: Display: Platform has ~ 16 GB [17092038656 / 17179869184 / 16], which maps to Larger [LargestMinGB=32, LargerMinGB=12, DefaultMinGB=8, SmallerMinGB=6, SmallestMinGB=0)
[2019.01.27-15.21.55:685][  0]LogInit: Setting Device Profile CVar: [[r.Vulkan.UseRealUBs:1]]
[2019.01.27-15.21.55:685][  0]LogInit: Going up to parent DeviceProfile []
[2019.01.27-15.21.55:686][  0]LogInit: Computer: C115-8
[2019.01.27-15.21.55:686][  0]LogInit: User: p018236h
[2019.01.27-15.21.55:686][  0]LogInit: CPU Page size=4096, Cores=4
[2019.01.27-15.21.55:686][  0]LogInit: High frequency timer resolution =3.410072 MHz
[2019.01.27-15.21.55:686][  0]LogMemory: Memory total: Physical=15.9GB (16GB approx)
[2019.01.27-15.21.55:686][  0]LogMemory: Platform Memory Stats for Windows
[2019.01.27-15.21.55:686][  0]LogMemory: Process Physical Memory: 101.38 MB used, 101.38 MB peak
[2019.01.27-15.21.55:686][  0]LogMemory: Process Virtual Memory: 84.25 MB used, 84.25 MB peak
[2019.01.27-15.21.55:686][  0]LogMemory: Physical Memory: 7058.20 MB used,  9242.04 MB free, 16300.24 MB total
[2019.01.27-15.21.55:686][  0]LogMemory: Virtual Memory: 4633.59 MB used,  9242.04 MB free, 134217728.00 MB total
[2019.01.27-15.21.55:853][  0]LogInit: Using OS detected language (en-US).
[2019.01.27-15.21.55:853][  0]LogInit: Using OS detected locale (en-GB).
[2019.01.27-15.21.55:854][  0]LogTextLocalizationManager: No specific localization for 'en-US' exists, so the 'en' localization will be used.
[2019.01.27-15.21.56:271][  0]LogStreaming: Display: Took  0.418s to InitEngineTextLocalization.
[2019.01.27-15.21.56:272][  0]LogInit: Setting process to per monitor DPI aware
[2019.01.27-15.21.56:324][  0]LogSlate: New Slate User Created.  User Index 0, Is Virtual User: 0
[2019.01.27-15.21.56:324][  0]LogSlate: Slate User Registered.  User Index 0, Is Virtual User: 0
[2019.01.27-15.21.56:709][  0]LogHMD: Failed to initialize OpenVR with code 110
[2019.01.27-15.21.56:709][  0]LogD3D11RHI: D3D11 adapters:
[2019.01.27-15.21.56:807][  0]LogD3D11RHI:    0. 'NVIDIA GeForce GTX 970' (Feature Level 11_0)
[2019.01.27-15.21.56:807][  0]LogD3D11RHI:       4043/0/8150 MB DedicatedVideo/DedicatedSystem/SharedSystem, Outputs:2, VendorId:0x10de
[2019.01.27-15.21.56:815][  0]LogD3D11RHI:    1. 'Microsoft Basic Render Driver' (Feature Level 11_0)
[2019.01.27-15.21.56:815][  0]LogD3D11RHI:       0/0/8150 MB DedicatedVideo/DedicatedSystem/SharedSystem, Outputs:0, VendorId:0x1414
[2019.01.27-15.21.56:815][  0]LogD3D11RHI: Chosen D3D11 Adapter: 0
[2019.01.27-15.21.56:825][  0]LogD3D11RHI: Creating new Direct3DDevice
[2019.01.27-15.21.56:825][  0]LogD3D11RHI:     GPU DeviceId: 0x13c2 (for the marketing name, search the web for "GPU Device Id")
[2019.01.27-15.21.56:825][  0]LogWindows: EnumDisplayDevices:
[2019.01.27-15.21.56:825][  0]LogWindows:    0. 'NVIDIA GeForce GTX 970' (P:1 D:1)
[2019.01.27-15.21.56:826][  0]LogWindows:    1. 'NVIDIA GeForce GTX 970' (P:0 D:1)
[2019.01.27-15.21.56:826][  0]LogWindows:    2. 'NVIDIA GeForce GTX 970' (P:0 D:0)
[2019.01.27-15.21.56:827][  0]LogWindows:    3. 'NVIDIA GeForce GTX 970' (P:0 D:0)
[2019.01.27-15.21.56:827][  0]LogWindows: DebugString: FoundDriverCount:4 
[2019.01.27-15.21.56:827][  0]LogD3D11RHI:     Adapter Name: NVIDIA GeForce GTX 970
[2019.01.27-15.21.56:827][  0]LogD3D11RHI:   Driver Version: 398.82 (internal:24.21.13.9882, unified:398.82)
[2019.01.27-15.21.56:827][  0]LogD3D11RHI:      Driver Date: 7-30-2018
[2019.01.27-15.21.56:827][  0]LogRHI: Texture pool is 2830 MB (70% of 4043 MB)
[2019.01.27-15.21.56:881][  0]LogD3D11RHI: Async texture creation enabled
[2019.01.27-15.21.56:899][  0]LogD3D11RHI: GPU Timing Frequency: 1000.000000 (Debug: 2 2)
[2019.01.27-15.21.56:944][  0]LogShaderCompilers: Guid format shader working directory is -18 characters bigger than the processId version (../../../../../../Users/p018236h.STUDENT/Documents/GameJam/GGJ2019/GGJ2019/Intermediate/Shaders/WorkingDirectory/13888/).
[2019.01.27-15.21.56:944][  0]LogShaderCompilers: Cleaned the shader compiler working directory 'C:/Users/p018236h.STUDENT/AppData/Local/Temp/UnrealShaderWorkingDir/00BDF68C423B7F903F458DA2E83A35A3/'.
[2019.01.27-15.21.57:304][  0]LogTemp: Display: Loaded TP AllDesktopTargetPlatform
[2019.01.27-15.21.57:324][  0]LogTemp: Display: Loaded TP MacClientTargetPlatform
[2019.01.27-15.21.57:344][  0]LogTemp: Display: Loaded TP MacNoEditorTargetPlatform
[2019.01.27-15.21.57:363][  0]LogTemp: Display: Loaded TP MacServerTargetPlatform
[2019.01.27-15.21.57:385][  0]LogTemp: Display: Loaded TP MacTargetPlatform
[2019.01.27-15.21.57:412][  0]LogTemp: Display: Loaded TP WindowsClientTargetPlatform
[2019.01.27-15.21.57:434][  0]LogTemp: Display: Loaded TP WindowsNoEditorTargetPlatform
[2019.01.27-15.21.57:454][  0]LogTemp: Display: Loaded TP WindowsServerTargetPlatform
[2019.01.27-15.21.57:466][  0]LogTemp: Display: Loaded TP WindowsTargetPlatform
[2019.01.27-15.21.57:570][  0]LogTemp: Display: Loaded TP AndroidTargetPlatform
[2019.01.27-15.21.57:570][  0]LogTemp: Display: Loaded TP AndroidTargetPlatform
[2019.01.27-15.21.57:570][  0]LogTemp: Display: Loaded TP AndroidTargetPlatform
[2019.01.27-15.21.57:570][  0]LogTemp: Display: Loaded TP AndroidTargetPlatform
[2019.01.27-15.21.57:570][  0]LogTemp: Display: Loaded TP AndroidTargetPlatform
[2019.01.27-15.21.57:570][  0]LogTemp: Display: Loaded TP AndroidTargetPlatform
[2019.01.27-15.21.57:571][  0]LogTemp: Display: Loaded TP AndroidTargetPlatform
[2019.01.27-15.21.57:571][  0]LogTemp: Display: Loaded TP AndroidTargetPlatform
[2019.01.27-15.21.57:571][  0]LogTemp: Display: Loaded TP AndroidTargetPlatform
[2019.01.27-15.21.57:571][  0]LogTemp: Display: Loaded TP AndroidTargetPlatform
[2019.01.27-15.21.57:571][  0]LogTemp: Display: Loaded TP AndroidTargetPlatform
[2019.01.27-15.21.57:571][  0]LogTemp: Display: Loaded TP AndroidTargetPlatform
[2019.01.27-15.21.57:571][  0]LogTemp: Display: Loaded TP AndroidTargetPlatform
[2019.01.27-15.21.57:571][  0]LogTemp: Display: Loaded TP AndroidTargetPlatform
[2019.01.27-15.21.57:571][  0]LogTemp: Display: Loaded TP AndroidTargetPlatform
[2019.01.27-15.21.57:571][  0]LogTemp: Display: Loaded TP AndroidTargetPlatform
[2019.01.27-15.21.57:571][  0]LogTemp: Display: Loaded TP AndroidTargetPlatform
[2019.01.27-15.21.57:571][  0]LogTemp: Display: Loaded TP AndroidTargetPlatform
[2019.01.27-15.21.57:576][  0]LogTemp: Display: Loaded TP HTML5TargetPlatform
[2019.01.27-15.21.57:670][  0]LogTemp: Display: Loaded TP IOSTargetPlatform
[2019.01.27-15.21.57:670][  0]LogTemp: Display: Loaded TP IOSTargetPlatform
[2019.01.27-15.21.57:701][  0]LogTemp: Display: Loaded TP TVOSTargetPlatform
[2019.01.27-15.21.57:701][  0]LogTemp: Display: Loaded TP TVOSTargetPlatform
[2019.01.27-15.21.57:724][  0]LogTemp: Display: Loaded TP LinuxClientTargetPlatform
[2019.01.27-15.21.57:741][  0]LogTemp: Display: Loaded TP LinuxNoEditorTargetPlatform
[2019.01.27-15.21.57:783][  0]LogTemp: Display: Loaded TP LinuxServerTargetPlatform
[2019.01.27-15.21.57:806][  0]LogTemp: Display: Loaded TP LinuxTargetPlatform
[2019.01.27-15.21.57:823][  0]LogTemp: Display: Loaded TP LuminTargetPlatform
[2019.01.27-15.21.57:823][  0]LogTargetPlatformManager: Display: Building Assets For Windows
[2019.01.27-15.21.58:020][  0]LogXGEController: Cleaning working directory: C:/Users/p018236h.STUDENT/AppData/Local/Temp/UnrealXGEWorkingDir/
[2019.01.27-15.21.58:020][  0]LogXGEController: Cannot use XGE Controller as Incredibuild is not installed on this machine.
[2019.01.27-15.21.58:021][  0]LogShaderCompilers: Cannot use XGE Shader Compiler as Incredibuild is not installed on this machine.
[2019.01.27-15.21.58:021][  0]LogShaderCompilers: Display: Using Local Shader Compiler.
[2019.01.27-15.21.59:086][  0]LogDerivedDataCache: Display: Max Cache Size: 512 MB
[2019.01.27-15.21.59:178][  0]LogDerivedDataCache: Loaded boot cache 0.09s 71MB C:/Users/p018236h.STUDENT/AppData/Local/UnrealEngine/4.20/DerivedDataCache/Boot.ddc.
[2019.01.27-15.21.59:179][  0]LogDerivedDataCache: Display: Loaded Boot cache: C:/Users/p018236h.STUDENT/AppData/Local/UnrealEngine/4.20/DerivedDataCache/Boot.ddc
[2019.01.27-15.21.59:179][  0]LogDerivedDataCache: FDerivedDataBackendGraph:  Pak pak cache file ../../../../../../Users/p018236h.STUDENT/Documents/GameJam/GGJ2019/GGJ2019/DerivedDataCache/DDC.ddp not found, will not use a pak cache.
[2019.01.27-15.21.59:179][  0]LogDerivedDataCache: Unable to find inner node Pak for hierarchical cache Hierarchy.
[2019.01.27-15.21.59:179][  0]LogDerivedDataCache: FDerivedDataBackendGraph:  CompressedPak pak cache file ../../../../../../Users/p018236h.STUDENT/Documents/GameJam/GGJ2019/GGJ2019/DerivedDataCache/Compressed.ddp not found, will not use a pak cache.
[2019.01.27-15.21.59:179][  0]LogDerivedDataCache: Unable to find inner node CompressedPak for hierarchical cache Hierarchy.
[2019.01.27-15.21.59:192][  0]LogDerivedDataCache: Display: Pak cache opened for reading ../../../Engine/DerivedDataCache/Compressed.ddp.
[2019.01.27-15.21.59:206][  0]LogDerivedDataCache: Using Local data cache path C:/Users/p018236h.STUDENT/AppData/Local/UnrealEngine/Common/DerivedDataCache: Writable
[2019.01.27-15.21.59:206][  0]LogDerivedDataCache: Shared data cache path not found in *engine.ini, will not use an Shared cache.
[2019.01.27-15.21.59:206][  0]LogDerivedDataCache: Unable to find inner node Shared for hierarchical cache Hierarchy.
[2019.01.27-15.21.59:227][  0]LogMaterial: Verifying Global Shaders for PCD3D_SM5
[2019.01.27-15.21.59:231][  0]LogSlate: Using FreeType 2.6.0
[2019.01.27-15.21.59:232][  0]LogSlate: SlateFontServices - WITH_FREETYPE: 1, WITH_HARFBUZZ: 1
[2019.01.27-15.21.59:322][  0]LogAssetRegistry: FAssetRegistry took 0.0308 seconds to start up
[2019.01.27-15.21.59:793][  0]LogInit: Selected Device Profile: [Windows]
[2019.01.27-15.21.59:997][  0]LogSimplygon: Simplygon DLL not present - disabling.
[2019.01.27-15.22.00:010][  0]LogMeshReduction: Using SimplygonSwarm for distributed automatic mesh merging
[2019.01.27-15.22.00:010][  0]LogMeshReduction: Using ProxyLODMeshReduction for automatic mesh merging
[2019.01.27-15.22.00:010][  0]LogMeshReduction: Using QuadricMeshReduction for automatic static mesh reduction
[2019.01.27-15.22.00:010][  0]LogMeshReduction: No automatic skeletal mesh reduction module available
[2019.01.27-15.22.00:033][  0]LogNetVersion: GGJ2019 1.0.0, NetCL: 4212847, EngineNetVer: 5, GameNetVer: 0 (Checksum: 54619999)
[2019.01.27-15.22.00:794][  0]LogPackageLocalizationCache: Processed 11 localized package path(s) for 2 prioritized culture(s) in 0.262892 seconds
[2019.01.27-15.22.00:802][  0]LogUObjectArray: 38425 objects as part of root set at end of initial load.
[2019.01.27-15.22.00:802][  0]LogUObjectAllocator: 6690872 out of 0 bytes used by permanent object pool.
[2019.01.27-15.22.00:802][  0]LogUObjectArray: CloseDisregardForGC: 0/0 objects in disregard for GC pool
[2019.01.27-15.22.02:059][  0]LogTcpMessaging: Initializing TcpMessaging bridge
[2019.01.27-15.22.02:076][  0]LogUdpMessaging: Initializing bridge on interface 0.0.0.0:0 to multicast group 230.0.0.1:6666.
[2019.01.27-15.22.02:425][  0]SourceControl: Source control is disabled
[2019.01.27-15.22.02:425][  0]SourceControl: Source control is disabled
[2019.01.27-15.22.02:430][  0]SourceControl: Source control is disabled
[2019.01.27-15.22.02:434][  0]SourceControl: Source control is disabled
[2019.01.27-15.22.02:789][  0]LogAndroidPermission: UAndroidPermissionCallbackProxy::GetInstance
[2019.01.27-15.22.02:919][  0]LogOcInput: OculusInput pre-init called
[2019.01.27-15.22.03:023][  0]LogEngine: Initializing Engine...
[2019.01.27-15.22.03:025][  0]LogHMD: Failed to initialize OpenVR with code 110
[2019.01.27-15.22.03:027][  0]LogStats: UGameplayTagsManager::ConstructGameplayTagTree: ImportINI prefixes -  0.000 s
[2019.01.27-15.22.03:027][  0]LogStats: UGameplayTagsManager::ConstructGameplayTagTree: Construct from data asset -  0.000 s
[2019.01.27-15.22.03:028][  0]LogStats: UGameplayTagsManager::ConstructGameplayTagTree: ImportINI -  0.001 s
[2019.01.27-15.22.03:028][  0]LogStats: UGameplayTagsManager::ConstructGameplayTagTree: GameplayTagTreeChangedEvent.Broadcast -  0.000 s
[2019.01.27-15.22.03:294][  0]LogInit: Initializing FReadOnlyCVARCache
[2019.01.27-15.22.03:327][  0]LogAIModule: Creating AISystem for world Untitled
[2019.01.27-15.22.03:349][  0]LogInit: XAudio2 using 'Speakers (Realtek High Definition Audio)' : 2 channels at 48 kHz using 32 bits per sample (channel mask 0x3)
[2019.01.27-15.22.03:389][  0]LogInit: FAudioDevice initialized.
[2019.01.27-15.22.03:390][  0]LogNetVersion: Set ProjectVersion to 1.0.0.0. Version Checksum will be recalculated on next use.
[2019.01.27-15.22.03:506][  0]LogDerivedDataCache: Saved boot cache 0.12s 71MB C:/Users/p018236h.STUDENT/AppData/Local/UnrealEngine/4.20/DerivedDataCache/Boot.ddc.
[2019.01.27-15.22.03:541][  0]LogInit: Texture streaming: Enabled
[2019.01.27-15.22.03:609][  0]LogEngineSessionManager: EngineSessionManager initialized
[2019.01.27-15.22.03:638][  0]LogInit: Transaction tracking system initialized
[2019.01.27-15.22.03:748][  0]BlueprintLog: New page: Editor Load
[2019.01.27-15.22.04:033][  0]LocalizationService: Localization service is disabled
[2019.01.27-15.22.04:428][  0]LogCook: Display: Max memory allowance for cook 16384mb min free memory 0mb
[2019.01.27-15.22.04:428][  0]LogCook: Display: Mobile HDR setting 1
[2019.01.27-15.22.04:429][  0]LogGameplayTags: Display: UGameplayTagsManager::DoneAddingNativeTags. DelegateIsBound: 0
[2019.01.27-15.22.04:429][  0]LogStats: UGameplayTagsManager::ConstructGameplayTagTree: ImportINI prefixes -  0.000 s
[2019.01.27-15.22.04:429][  0]LogStats: UGameplayTagsManager::ConstructGameplayTagTree: Construct from data asset -  0.000 s
[2019.01.27-15.22.04:429][  0]LogStats: UGameplayTagsManager::ConstructGameplayTagTree: ImportINI -  0.000 s
[2019.01.27-15.22.04:430][  0]LogStats: UGameplayTagsManager::ConstructGameplayTagTree: GameplayTagTreeChangedEvent.Broadcast -  0.000 s
[2019.01.27-15.22.04:652][  0]LogFileCache: Scanning file cache for directory 'C:/Users/p018236h.STUDENT/Documents/GameJam/GGJ2019/GGJ2019/Content/' took 0.02s
[2019.01.27-15.22.04:652][  0]SourceControl: Source control is disabled
[2019.01.27-15.22.04:652][  0]Cmd: MAP LOAD FILE="../../../../../../Users/p018236h.STUDENT/Documents/GameJam/GGJ2019/GGJ2019/Content/GameLevel.umap" TEMPLATE=0 SHOWPROGRESS=1 FEATURELEVEL=3
[2019.01.27-15.22.04:652][  0]LogEditorServer: Warning: Can't find file '../../../../../../Users/p018236h.STUDENT/Documents/GameJam/GGJ2019/GGJ2019/Content/GameLevel.umap'
[2019.01.27-15.22.04:653][  0]Cmd: MAP CHECKDEP NOCLEARLOG
[2019.01.27-15.22.04:852][  0]MapCheck: Map check complete: 0 Error(s), 0 Warning(s), took 199.392ms to complete.
[2019.01.27-15.22.04:853][  0]LogFileHelpers: Loading map 'GameLevel' took 0.201
[2019.01.27-15.22.04:972][  0]LogSlate: Updating window title bar state: overlay mode, drag disabled, window buttons hidden, title bar hidden
[2019.01.27-15.22.04:980][  0]LogSlate: Updating window title bar state: overlay mode, drag disabled, window buttons hidden, title bar hidden
[2019.01.27-15.22.04:996][  0]LogSlate: Updating window title bar state: overlay mode, drag disabled, window buttons hidden, title bar hidden
[2019.01.27-15.22.05:010][  0]LogSlate: Updating window title bar state: overlay mode, drag disabled, window buttons hidden, title bar hidden
[2019.01.27-15.22.05:030][  0]LogCollectionManager: Loaded 0 collections in 0.008557 seconds
[2019.01.27-15.22.05:104][  0]LogFileCache: Scanning file cache for directory 'C:/Users/p018236h.STUDENT/Documents/GameJam/GGJ2019/GGJ2019/Saved/Collections/' took 0.01s
[2019.01.27-15.22.05:104][  0]LogFileCache: Scanning file cache for directory 'C:/Users/p018236h.STUDENT/Documents/GameJam/GGJ2019/GGJ2019/Content/Developers/p018236h/Collections/' took 0.01s
[2019.01.27-15.22.05:104][  0]LogFileCache: Scanning file cache for directory 'C:/Users/p018236h.STUDENT/Documents/GameJam/GGJ2019/GGJ2019/Content/Collections/' took 0.01s
[2019.01.27-15.22.05:104][  0]LogCollectionManager: Rebuilt the GUID cache for 0 collections in 0.000000 seconds
[2019.01.27-15.22.05:131][  0]LogContentBrowser: Native class hierarchy populated in 0.0261 seconds. Added 2585 classes and 606 folders.
[2019.01.27-15.22.05:147][  0]LogContentBrowser: Native class hierarchy updated for 'WidgetCarousel' in 0.0007 seconds. Added 0 classes and 0 folders.
[2019.01.27-15.22.05:274][  0]LogContentBrowser: Native class hierarchy updated for 'AddContentDialog' in 0.0005 seconds. Added 0 classes and 0 folders.
[2019.01.27-15.22.05:285][  0]LogContentBrowser: Native class hierarchy updated for 'SceneOutliner' in 0.0005 seconds. Added 1 classes and 2 folders.
[2019.01.27-15.22.05:301][  0]LogSlate: Took 0.000306 seconds to synchronously load lazily loaded font '../../../Engine/Content/Slate/Fonts/Roboto-Regular.ttf' (155K)
[2019.01.27-15.22.05:306][  0]LogSlate: Took 0.000705 seconds to synchronously load lazily loaded font '../../../Engine/Content/Slate/Fonts/Roboto-Bold.ttf' (160K)
[2019.01.27-15.22.05:319][  0]LogSlate: Took 0.000238 seconds to synchronously load lazily loaded font '../../../Engine/Content/Editor/Slate/Fonts/FontAwesome.ttf' (139K)
[2019.01.27-15.22.05:412][  0]LogRenderer: Reallocating scene render targets to support 1208x576 Format 10 NumSamples 1 (Frame:1).
[2019.01.27-15.22.05:601][  0]LogContentBrowser: Native class hierarchy updated for 'HierarchicalLODOutliner' in 0.0011 seconds. Added 0 classes and 0 folders.
[2019.01.27-15.22.05:601][  0]LogLoad: (Engine Initialization) Total time: 13.79 seconds
[2019.01.27-15.22.05:601][  0]LogLoad: (Engine Initialization) Total Blueprint compile time: 0.00 seconds
[2019.01.27-15.22.05:656][  0]LogContentStreaming: Texture pool size now 1000 MB
[2019.01.27-15.22.05:739][  1]LogFileCache: Retrieving MD5 hashes for directory 'C:/Users/p018236h.STUDENT/Documents/GameJam/GGJ2019/GGJ2019/Content/' took 0.11s
[2019.01.27-15.22.05:805][  2]LogAssetRegistry: Asset discovery search completed in 6.5073 seconds
[2019.01.27-15.22.05:808][  2]LogCollectionManager: Rebuilt the object cache for 0 collections in 0.000001 seconds (found 0 objects)
[2019.01.27-15.22.05:808][  2]LogCollectionManager: Fixed up redirectors for 0 collections in 0.000205 seconds (updated 0 objects)
[2019.01.27-15.22.09:839][ 14]LogSlate: Took 0.000576 seconds to synchronously load lazily loaded font '../../../Engine/Content/Slate/Fonts/Roboto-Light.ttf' (167K)
[2019.01.27-15.22.25:985][ 62]LogSlate: FSceneViewport::OnFocusLost() reason 0
[2019.01.27-15.22.31:289][668]LogSlate: Took 0.000226 seconds to synchronously load lazily loaded font '../../../Engine/Content/Slate/Fonts/Roboto-Light.ttf' (167K)
[2019.01.27-15.22.32:664][668]LogAIModule: Creating AISystem for world Reee_Test
[2019.01.27-15.22.32:755][668]LogAssetEditorManager: Opening Asset editor for World /Game/StarterContent/Maps/Reee_Test.Reee_Test
[2019.01.27-15.22.32:794][668]Cmd: MAP LOAD FILE="../../../../../../Users/p018236h.STUDENT/Documents/GameJam/GGJ2019/GGJ2019/Content/StarterContent/Maps/Reee_Test.umap" TEMPLATE=0 SHOWPROGRESS=1 FEATURELEVEL=3
[2019.01.27-15.22.32:794][668]LightingResults: New page: Lighting Build
[2019.01.27-15.22.32:799][668]LogContentBrowser: Native class hierarchy updated for 'StatsViewer' in 0.0005 seconds. Added 5 classes and 0 folders.
[2019.01.27-15.22.32:799][668]LoadErrors: New page: Loading map: Reee_Test.umap
[2019.01.27-15.22.32:800][668]MapCheck: New page: Map Check
[2019.01.27-15.22.32:800][668]LightingResults: New page: Lighting Build
[2019.01.27-15.22.32:899][668]LogEditorServer: Finished looking for orphan Actors (0.000 secs)
[2019.01.27-15.22.32:972][668]Cmd: MAP CHECKDEP NOCLEARLOG
[2019.01.27-15.22.33:276][668]MapCheck: Map check complete: 0 Error(s), 0 Warning(s), took 302.876ms to complete.
[2019.01.27-15.22.33:277][668]LogFileHelpers: Loading map 'Reee_Test' took 0.484
[2019.01.27-15.22.35:259][888]LogSlate: FSceneViewport::OnFocusLost() reason 0
[2019.01.27-15.22.35:334][897]LogTemp: Repeating last play command: Selected Viewport
[2019.01.27-15.22.35:361][897]LogBlueprintUserMessages: Early PlayInEditor Detection: Level '/Game/StarterContent/Maps/Reee_Test.Reee_Test:PersistentLevel' has LevelScriptBlueprint '/Game/StarterContent/Maps/Reee_Test.Reee_Test:PersistentLevel.Reee_Test' with GeneratedClass '/Game/StarterContent/Maps/Reee_Test.Reee_Test_C' with ClassGeneratedBy '/Game/StarterContent/Maps/Reee_Test.Reee_Test:PersistentLevel.Reee_Test'
[2019.01.27-15.22.35:361][897]LogPlayLevel: PlayLevel: No blueprints needed recompiling
[2019.01.27-15.22.35:375][897]PIE: New page: PIE session: Reee_Test (27 Jan 2019 15:22:35)
[2019.01.27-15.22.35:376][897]LogPlayLevel: Creating play world package: /Game/StarterContent/Maps/UEDPIE_0_Reee_Test
[2019.01.27-15.22.35:400][897]LogPlayLevel: PIE: StaticDuplicateObject took: (0.024322s)
[2019.01.27-15.22.35:401][897]LogAIModule: Creating AISystem for world Reee_Test
[2019.01.27-15.22.35:402][897]LogPlayLevel: PIE: World Init took: (0.002007s)
[2019.01.27-15.22.35:403][897]LogPlayLevel: PIE: Created PIE world by copying editor world from /Game/StarterContent/Maps/Reee_Test.Reee_Test to /Game/StarterContent/Maps/UEDPIE_0_Reee_Test.Reee_Test (0.027251s)
[2019.01.27-15.22.35:442][897]LogInit: XAudio2 using 'Speakers (Realtek High Definition Audio)' : 2 channels at 48 kHz using 32 bits per sample (channel mask 0x3)
[2019.01.27-15.22.35:457][897]LogInit: FAudioDevice initialized.
[2019.01.27-15.22.35:523][897]LogLoad: Game class is 'GGJ2019GM_C'
[2019.01.27-15.22.35:547][897]LogWorld: Bringing World /Game/StarterContent/Maps/UEDPIE_0_Reee_Test.Reee_Test up for play (max tick rate 0) at 2019.01.27-15.22.35
[2019.01.27-15.22.35:560][897]LogWorld: Bringing up level for play took: 0.032654
[2019.01.27-15.22.35:596][897]LogContentBrowser: Native class hierarchy updated for 'MovieSceneCapture' in 0.0013 seconds. Added 10 classes and 0 folders.
[2019.01.27-15.22.35:602][897]PIE: Play in editor start time for /Game/StarterContent/Maps/UEDPIE_0_Reee_Test 1.21
[2019.01.27-15.22.35:603][897]LogBlueprintUserMessages: Late PlayInEditor Detection: Level '/Game/StarterContent/Maps/Reee_Test.Reee_Test:PersistentLevel' has LevelScriptBlueprint '/Game/StarterContent/Maps/Reee_Test.Reee_Test:PersistentLevel.Reee_Test' with GeneratedClass '/Game/StarterContent/Maps/Reee_Test.Reee_Test_C' with ClassGeneratedBy '/Game/StarterContent/Maps/Reee_Test.Reee_Test:PersistentLevel.Reee_Test'
[2019.01.27-15.22.42:455][389]LogBlueprintUserMessages: Early EndPlayMap Detection: Level '/Game/StarterContent/Maps/Reee_Test.Reee_Test:PersistentLevel' has LevelScriptBlueprint '/Game/StarterContent/Maps/Reee_Test.Reee_Test:PersistentLevel.Reee_Test' with GeneratedClass '/Game/StarterContent/Maps/Reee_Test.Reee_Test_C' with ClassGeneratedBy '/Game/StarterContent/Maps/Reee_Test.Reee_Test:PersistentLevel.Reee_Test'
[2019.01.27-15.22.42:467][389]LogSlate: Updating window title bar state: overlay mode, drag disabled, window buttons hidden, title bar hidden
[2019.01.27-15.22.42:511][389]LogPlayLevel: Display: Shutting down PIE online subsystems
[2019.01.27-15.22.42:511][389]LogBlueprintUserMessages: Late EndPlayMap Detection: Level '/Game/StarterContent/Maps/Reee_Test.Reee_Test:PersistentLevel' has LevelScriptBlueprint '/Game/StarterContent/Maps/Reee_Test.Reee_Test:PersistentLevel.Reee_Test' with GeneratedClass '/Game/StarterContent/Maps/Reee_Test.Reee_Test_C' with ClassGeneratedBy '/Game/StarterContent/Maps/Reee_Test.Reee_Test:PersistentLevel.Reee_Test'
[2019.01.27-15.22.42:543][389]LogSlate: Updating window title bar state: overlay mode, drag disabled, window buttons hidden, title bar hidden
[2019.01.27-15.22.42:586][390]LogPlayLevel: Display: Destroying online subsystem :Context_1
[2019.01.27-15.22.44:041][564]LogSlate: FSceneViewport::OnFocusLost() reason 0
[2019.01.27-15.22.47:465][963]LogAssetEditorManager: Opening Asset editor for WidgetBlueprint /Game/StarterContent/Maps/User_Interface/Play_Widget.Play_Widget
[2019.01.27-15.22.47:996][963]LogContentBrowser: Native class hierarchy updated for 'BlueprintGraph' in 0.0014 seconds. Added 116 classes and 0 folders.
[2019.01.27-15.22.49:007][963]LogSlate: Took 0.000647 seconds to synchronously load lazily loaded font '../../../Engine/Content/Slate/Fonts/Roboto-BoldCondensed.ttf' (158K)
[2019.01.27-15.22.50:985][ 77]LogSlate: Window 'Play_Widget' being destroyed
[2019.01.27-15.22.54:746][365]LogSlate: Took 0.000274 seconds to synchronously load lazily loaded font '../../../Engine/Content/Slate/Fonts/Roboto-Italic.ttf' (157K)
[2019.01.27-15.23.26:895][135]BlueprintLog: New page: Compile Play_Widget
[2019.01.27-15.23.27:667][198]LogSavePackage: Moving '../../../../../../Users/p018236h.STUDENT/Documents/GameJam/GGJ2019/GGJ2019/Saved/Play_Widget3E5862674C6BE1A322C572BBC84EB2DA.tmp' to '../../../../../../Users/p018236h.STUDENT/Documents/GameJam/GGJ2019/GGJ2019/Content/StarterContent/Maps/User_Interface/Play_Widget.uasset'
[2019.01.27-15.23.40:061][143]LogSlate: Took 0.003563 seconds to synchronously load lazily loaded font '../../../Engine/Content/Slate/Fonts/DroidSansFallback.ttf' (3848K)
[2019.01.27-15.24.01:326][765]BlueprintLog: New page: Compile Play_Widget
[2019.01.27-15.24.01:861][803]LogSavePackage: Moving '../../../../../../Users/p018236h.STUDENT/Documents/GameJam/GGJ2019/GGJ2019/Saved/Play_WidgetF56B46EF44CE5E8A4222478014FFDC1F.tmp' to '../../../../../../Users/p018236h.STUDENT/Documents/GameJam/GGJ2019/GGJ2019/Content/StarterContent/Maps/User_Interface/Play_Widget.uasset'
[2019.01.27-15.24.03:448][986]LogTemp: Repeating last play command: Selected Viewport
[2019.01.27-15.24.03:478][986]LogBlueprintUserMessages: Early PlayInEditor Detection: Level '/Game/StarterContent/Maps/Reee_Test.Reee_Test:PersistentLevel' has LevelScriptBlueprint '/Game/StarterContent/Maps/Reee_Test.Reee_Test:PersistentLevel.Reee_Test' with GeneratedClass '/Game/StarterContent/Maps/Reee_Test.Reee_Test_C' with ClassGeneratedBy '/Game/StarterContent/Maps/Reee_Test.Reee_Test:PersistentLevel.Reee_Test'
[2019.01.27-15.24.03:478][986]LogPlayLevel: PlayLevel: No blueprints needed recompiling
[2019.01.27-15.24.03:478][986]PIE: New page: PIE session: Reee_Test (27 Jan 2019 15:24:03)
[2019.01.27-15.24.03:479][986]LogPlayLevel: Creating play world package: /Game/StarterContent/Maps/UEDPIE_0_Reee_Test
[2019.01.27-15.24.03:520][986]LogPlayLevel: PIE: StaticDuplicateObject took: (0.041293s)
[2019.01.27-15.24.03:521][986]LogAIModule: Creating AISystem for world Reee_Test
[2019.01.27-15.24.03:521][986]LogPlayLevel: PIE: World Init took: (0.001058s)
[2019.01.27-15.24.03:522][986]LogPlayLevel: PIE: Created PIE world by copying editor world from /Game/StarterContent/Maps/Reee_Test.Reee_Test to /Game/StarterContent/Maps/UEDPIE_0_Reee_Test.Reee_Test (0.043330s)
[2019.01.27-15.24.03:577][986]LogInit: XAudio2 using 'Speakers (Realtek High Definition Audio)' : 2 channels at 48 kHz using 32 bits per sample (channel mask 0x3)
[2019.01.27-15.24.03:596][986]LogInit: FAudioDevice initialized.
[2019.01.27-15.24.03:635][986]LogLoad: Game class is 'GGJ2019GM_C'
[2019.01.27-15.24.03:653][986]LogWorld: Bringing World /Game/StarterContent/Maps/UEDPIE_0_Reee_Test.Reee_Test up for play (max tick rate 0) at 2019.01.27-15.24.03
[2019.01.27-15.24.03:661][986]LogWorld: Bringing up level for play took: 0.024142
[2019.01.27-15.24.03:678][986]PIE: Play in editor start time for /Game/StarterContent/Maps/UEDPIE_0_Reee_Test -0.713
[2019.01.27-15.24.03:679][986]LogBlueprintUserMessages: Late PlayInEditor Detection: Level '/Game/StarterContent/Maps/Reee_Test.Reee_Test:PersistentLevel' has LevelScriptBlueprint '/Game/StarterContent/Maps/Reee_Test.Reee_Test:PersistentLevel.Reee_Test' with GeneratedClass '/Game/StarterContent/Maps/Reee_Test.Reee_Test_C' with ClassGeneratedBy '/Game/StarterContent/Maps/Reee_Test.Reee_Test:PersistentLevel.Reee_Test'
[2019.01.27-15.24.07:104][321]LogBlueprintUserMessages: Early EndPlayMap Detection: Level '/Game/StarterContent/Maps/Reee_Test.Reee_Test:PersistentLevel' has LevelScriptBlueprint '/Game/StarterContent/Maps/Reee_Test.Reee_Test:PersistentLevel.Reee_Test' with GeneratedClass '/Game/StarterContent/Maps/Reee_Test.Reee_Test_C' with ClassGeneratedBy '/Game/StarterContent/Maps/Reee_Test.Reee_Test:PersistentLevel.Reee_Test'
[2019.01.27-15.24.07:112][321]LogSlate: Updating window title bar state: overlay mode, drag disabled, window buttons hidden, title bar hidden
[2019.01.27-15.24.07:155][321]LogPlayLevel: Display: Shutting down PIE online subsystems
[2019.01.27-15.24.07:155][321]LogBlueprintUserMessages: Late EndPlayMap Detection: Level '/Game/StarterContent/Maps/Reee_Test.Reee_Test:PersistentLevel' has LevelScriptBlueprint '/Game/StarterContent/Maps/Reee_Test.Reee_Test:PersistentLevel.Reee_Test' with GeneratedClass '/Game/StarterContent/Maps/Reee_Test.Reee_Test_C' with ClassGeneratedBy '/Game/StarterContent/Maps/Reee_Test.Reee_Test:PersistentLevel.Reee_Test'
[2019.01.27-15.24.07:208][321]LogSlate: Updating window title bar state: overlay mode, drag disabled, window buttons hidden, title bar hidden
[2019.01.27-15.24.07:248][322]LogPlayLevel: Display: Destroying online subsystem :Context_4
[2019.01.27-15.24.08:123][426]LogSlate: FSceneViewport::OnFocusLost() reason 0
[2019.01.27-15.24.13:850][879]BlueprintLog: New page: Compile Play_Widget
[2019.01.27-15.24.14:100][892]BlueprintLog: New page: Compile Play_Widget
[2019.01.27-15.24.14:645][917]LogSavePackage: Moving '../../../../../../Users/p018236h.STUDENT/Documents/GameJam/GGJ2019/GGJ2019/Saved/Play_WidgetB27BA4AC426440B7DAF84DBF602142E5.tmp' to '../../../../../../Users/p018236h.STUDENT/Documents/GameJam/GGJ2019/GGJ2019/Content/StarterContent/Maps/User_Interface/Play_Widget.uasset'
[2019.01.27-15.24.15:559][ 15]LogTemp: Repeating last play command: Selected Viewport
[2019.01.27-15.24.15:590][ 15]LogBlueprintUserMessages: Early PlayInEditor Detection: Level '/Game/StarterContent/Maps/Reee_Test.Reee_Test:PersistentLevel' has LevelScriptBlueprint '/Game/StarterContent/Maps/Reee_Test.Reee_Test:PersistentLevel.Reee_Test' with GeneratedClass '/Game/StarterContent/Maps/Reee_Test.Reee_Test_C' with ClassGeneratedBy '/Game/StarterContent/Maps/Reee_Test.Reee_Test:PersistentLevel.Reee_Test'
[2019.01.27-15.24.15:590][ 15]LogPlayLevel: PlayLevel: No blueprints needed recompiling
[2019.01.27-15.24.15:590][ 15]PIE: New page: PIE session: Reee_Test (27 Jan 2019 15:24:15)
[2019.01.27-15.24.15:590][ 15]LogPlayLevel: Creating play world package: /Game/StarterContent/Maps/UEDPIE_0_Reee_Test
[2019.01.27-15.24.15:613][ 15]LogPlayLevel: PIE: StaticDuplicateObject took: (0.022749s)
[2019.01.27-15.24.15:614][ 15]LogAIModule: Creating AISystem for world Reee_Test
[2019.01.27-15.24.15:614][ 15]LogPlayLevel: PIE: World Init took: (0.000724s)
[2019.01.27-15.24.15:614][ 15]LogPlayLevel: PIE: Created PIE world by copying editor world from /Game/StarterContent/Maps/Reee_Test.Reee_Test to /Game/StarterContent/Maps/UEDPIE_0_Reee_Test.Reee_Test (0.023828s)
[2019.01.27-15.24.15:646][ 15]LogInit: XAudio2 using 'Speakers (Realtek High Definition Audio)' : 2 channels at 48 kHz using 32 bits per sample (channel mask 0x3)
[2019.01.27-15.24.15:660][ 15]LogInit: FAudioDevice initialized.
[2019.01.27-15.24.15:695][ 15]LogLoad: Game class is 'GGJ2019GM_C'
[2019.01.27-15.24.15:711][ 15]LogWorld: Bringing World /Game/StarterContent/Maps/UEDPIE_0_Reee_Test.Reee_Test up for play (max tick rate 0) at 2019.01.27-15.24.15
[2019.01.27-15.24.15:717][ 15]LogWorld: Bringing up level for play took: 0.021050
[2019.01.27-15.24.15:734][ 15]PIE: Play in editor start time for /Game/StarterContent/Maps/UEDPIE_0_Reee_Test -0.656
[2019.01.27-15.24.15:735][ 15]LogBlueprintUserMessages: Late PlayInEditor Detection: Level '/Game/StarterContent/Maps/Reee_Test.Reee_Test:PersistentLevel' has LevelScriptBlueprint '/Game/StarterContent/Maps/Reee_Test.Reee_Test:PersistentLevel.Reee_Test' with GeneratedClass '/Game/StarterContent/Maps/Reee_Test.Reee_Test_C' with ClassGeneratedBy '/Game/StarterContent/Maps/Reee_Test.Reee_Test:PersistentLevel.Reee_Test'
[2019.01.27-15.24.20:835][466]LogCharacterMovement: Player_BP_Base_C_0 is stuck and failed to move! Velocity: X=494.33 Y=-196.77 Z=0.00 Location: X=1046.34 Y=-1434.05 Z=77.19 Normal: X=-0.41 Y=0.80 Z=-0.44 PenetrationDepth:4.205 Actor:Enemy_BP_Base_C_0 Component:SkeletalMesh BoneName:Dimples_l_arm_hand (0 other events since notify)
[2019.01.27-15.24.24:435][685]LogBlueprintUserMessages: Early EndPlayMap Detection: Level '/Game/StarterContent/Maps/Reee_Test.Reee_Test:PersistentLevel' has LevelScriptBlueprint '/Game/StarterContent/Maps/Reee_Test.Reee_Test:PersistentLevel.Reee_Test' with GeneratedClass '/Game/StarterContent/Maps/Reee_Test.Reee_Test_C' with ClassGeneratedBy '/Game/StarterContent/Maps/Reee_Test.Reee_Test:PersistentLevel.Reee_Test'
[2019.01.27-15.24.24:452][685]LogSlate: Updating window title bar state: overlay mode, drag disabled, window buttons hidden, title bar hidden
[2019.01.27-15.24.24:498][685]LogPlayLevel: Display: Shutting down PIE online subsystems
[2019.01.27-15.24.24:498][685]LogBlueprintUserMessages: Late EndPlayMap Detection: Level '/Game/StarterContent/Maps/Reee_Test.Reee_Test:PersistentLevel' has LevelScriptBlueprint '/Game/StarterContent/Maps/Reee_Test.Reee_Test:PersistentLevel.Reee_Test' with GeneratedClass '/Game/StarterContent/Maps/Reee_Test.Reee_Test_C' with ClassGeneratedBy '/Game/StarterContent/Maps/Reee_Test.Reee_Test:PersistentLevel.Reee_Test'
[2019.01.27-15.24.24:550][685]LogSlate: Updating window title bar state: overlay mode, drag disabled, window buttons hidden, title bar hidden
[2019.01.27-15.24.24:595][686]LogPlayLevel: Display: Destroying online subsystem :Context_5
[2019.01.27-15.24.25:235][761]LogSlate: FSceneViewport::OnFocusLost() reason 0
[2019.01.27-15.24.37:137][ 66]LogAssetEditorManager: Opening Asset editor for World /Game/StarterContent/Maps/Reee_Test.Reee_Test
[2019.01.27-15.24.37:163][ 66]Cmd: MAP LOAD FILE="../../../../../../Users/p018236h.STUDENT/Documents/GameJam/GGJ2019/GGJ2019/Content/StarterContent/Maps/Reee_Test.umap" TEMPLATE=0 SHOWPROGRESS=1 FEATURELEVEL=3
[2019.01.27-15.24.37:163][ 66]LightingResults: New page: Lighting Build
[2019.01.27-15.24.37:163][ 66]LoadErrors: New page: Loading map: Reee_Test.umap
[2019.01.27-15.24.37:166][ 66]MapCheck: New page: Map Check
[2019.01.27-15.24.37:166][ 66]LightingResults: New page: Lighting Build
[2019.01.27-15.24.37:359][ 66]LogAIModule: Creating AISystem for world Reee_Test
[2019.01.27-15.24.37:466][ 66]LogEditorServer: Finished looking for orphan Actors (0.000 secs)
[2019.01.27-15.24.37:558][ 66]Cmd: MAP CHECKDEP NOCLEARLOG
[2019.01.27-15.24.37:857][ 66]MapCheck: Map check complete: 0 Error(s), 0 Warning(s), took 299.155ms to complete.
[2019.01.27-15.24.37:859][ 66]LogFileHelpers: Loading map 'Reee_Test' took 0.697
[2019.01.27-15.24.40:699][365]LogActor: Warning: Fridge_BP_Base_C /Engine/Transient.World_4:PersistentLevel.Fridge_BP_Base_C_0 has natively added scene component(s), but none of them were set as the actor's RootComponent - picking one arbitrarily
[2019.01.27-15.24.40:748][367]LogActor: Warning: Pickup_BP_Food_C /Engine/Transient.World_6:PersistentLevel.Pickup_BP_Food_C_0 has natively added scene component(s), but none of them were set as the actor's RootComponent - picking one arbitrarily
[2019.01.27-15.24.40:768][368]LogActor: Warning: Pickup_BP_Food_Cheese_C /Engine/Transient.World_7:PersistentLevel.Pickup_BP_Food_Cheese_C_0 has natively added scene component(s), but none of them were set as the actor's RootComponent - picking one arbitrarily
[2019.01.27-15.24.40:788][369]LogActor: Warning: Pickup_BP_Food_Chicken_C /Engine/Transient.World_8:PersistentLevel.Pickup_BP_Food_Chicken_C_0 has natively added scene component(s), but none of them were set as the actor's RootComponent - picking one arbitrarily
[2019.01.27-15.24.40:807][370]LogActor: Warning: Pickup_BP_Food_Ham_C /Engine/Transient.World_9:PersistentLevel.Pickup_BP_Food_Ham_C_0 has natively added scene component(s), but none of them were set as the actor's RootComponent - picking one arbitrarily
[2019.01.27-15.24.40:828][371]LogActor: Warning: Pickup_BP_Food_Pizza_C /Engine/Transient.World_10:PersistentLevel.Pickup_BP_Food_Pizza_C_0 has natively added scene component(s), but none of them were set as the actor's RootComponent - picking one arbitrarily
[2019.01.27-15.24.40:850][372]LogActor: Warning: Pickup_BP_Food_Sandwich_C /Engine/Transient.World_11:PersistentLevel.Pickup_BP_Food_Sandwich_C_0 has natively added scene component(s), but none of them were set as the actor's RootComponent - picking one arbitrarily
[2019.01.27-15.24.40:871][373]LogActor: Warning: Pickup_BP_Food_Tomato_C /Engine/Transient.World_12:PersistentLevel.Pickup_BP_Food_Tomato_C_0 has natively added scene component(s), but none of them were set as the actor's RootComponent - picking one arbitrarily
[2019.01.27-15.24.41:017][387]LogAssetEditorManager: Opening Asset editor for LevelScriptBlueprint /Game/StarterContent/Maps/Reee_Test.Reee_Test:PersistentLevel.Reee_Test
[2019.01.27-15.25.02:701][803]LogSavePackage: Moving '../../../../../../Users/p018236h.STUDENT/Documents/GameJam/GGJ2019/GGJ2019/Saved/Reee_Test6B5594C544A23902800C3DA372FFAD7E.tmp' to '../../../../../../Users/p018236h.STUDENT/Documents/GameJam/GGJ2019/GGJ2019/Content/StarterContent/Maps/Reee_Test.umap'
[2019.01.27-15.25.02:775][803]LogFileHelpers: Saving map 'Reee_Test' took 1.182
[2019.01.27-15.25.38:311][685]Candidate modules for hot reload:
[2019.01.27-15.25.38:311][685]  GGJ2019
[2019.01.27-15.25.38:311][685]Launching UnrealBuildTool... [C:/Epic/UE4/UE_4.20/Engine/Binaries/DotNET/UnrealBuildTool.exe  -ModuleWithSuffix=GGJ2019,6028 Win64 Development -TargetType=Editor -Project="../../../../../../Users/p018236h.STUDENT/Documents/GameJam/GGJ2019/GGJ2019/GGJ2019.uproject" -canskiplink "C:/Users/p018236h.STUDENT/Documents/GameJam/GGJ2019/GGJ2019/GGJ2019.uproject" ]
[2019.01.27-15.25.38:318][685]Warning: Starting HotReload took  0.1s.
[2019.01.27-15.25.44:604][419]CompilerResultsLog: New page: Compilation - 27 Jan 2019 15:25:44
[2019.01.27-15.25.44:604][419]CompilerResultsLog: Using 'git status' to determine working set for adaptive non-unity build.
[2019.01.27-15.25.44:605][419]CompilerResultsLog: Compiling game modules for hot reload
[2019.01.27-15.25.44:605][419]CompilerResultsLog: Building 3 actions with 8 processes...
[2019.01.27-15.25.44:605][419]CompilerResultsLog:   [1/3] UI_Manager.cpp
[2019.01.27-15.25.44:605][419]CompilerResultsLog:   [2/3] UE4Editor-GGJ2019-6028.lib
[2019.01.27-15.25.44:605][419]CompilerResultsLog:      Creating library C:\Users\p018236h.STUDENT\Documents\GameJam\GGJ2019\GGJ2019\Intermediate\Build\Win64\UE4Editor\Development\GGJ2019\UE4Editor-GGJ2019-6028.lib and object C:\Users\p018236h.STUDENT\Documents\GameJam\GGJ2019\GGJ2019\Intermediate\Build\Win64\UE4Editor\Development\GGJ2019\UE4Editor-GGJ2019-6028.exp
[2019.01.27-15.25.44:605][419]CompilerResultsLog:   [3/3] UE4Editor-GGJ2019-6028.dll
[2019.01.27-15.25.44:605][419]CompilerResultsLog:      Creating library C:\Users\p018236h.STUDENT\Documents\GameJam\GGJ2019\GGJ2019\Intermediate\Build\Win64\UE4Editor\Development\GGJ2019\UE4Editor-GGJ2019-6028.suppressed.lib and object C:\Users\p018236h.STUDENT\Documents\GameJam\GGJ2019\GGJ2019\Intermediate\Build\Win64\UE4Editor\Development\GGJ2019\UE4Editor-GGJ2019-6028.suppressed.exp
[2019.01.27-15.25.44:605][419]CompilerResultsLog: Total build time: 5.91 seconds (Parallel executor: 2.50 seconds)
[2019.01.27-15.25.44:605][419]LogMainFrame: MainFrame: Module compiling took 6.303 seconds
[2019.01.27-15.25.44:719][419]LogClass: WeaponType HotReload.
[2019.01.27-15.25.44:719][419]LogClass: FoodTypes HotReload.
[2019.01.27-15.25.44:729][419]LogContentBrowser: Native class hierarchy updated for 'GGJ2019' in 0.0008 seconds. Added 13 classes and 3 folders.
[2019.01.27-15.25.44:734][419]Display: HotReload successful (27 functions remapped  0 scriptstructs remapped)
[2019.01.27-15.25.45:353][419]LogContentBrowser: Native class hierarchy populated in 0.0145 seconds. Added 2586 classes and 608 folders.
[2019.01.27-15.25.45:354][419]Display: HotReload took  7.1s.
[2019.01.27-15.25.46:268][515]LogTemp: Repeating last play command: Selected Viewport
[2019.01.27-15.25.46:301][515]LogBlueprintUserMessages: Early PlayInEditor Detection: Level '/Game/StarterContent/Maps/Reee_Test.Reee_Test:PersistentLevel' has LevelScriptBlueprint '/Game/StarterContent/Maps/Reee_Test.Reee_Test:PersistentLevel.Reee_Test' with GeneratedClass '/Game/StarterContent/Maps/Reee_Test.Reee_Test_C' with ClassGeneratedBy '/Game/StarterContent/Maps/Reee_Test.Reee_Test:PersistentLevel.Reee_Test'
[2019.01.27-15.25.46:301][515]LogPlayLevel: PlayLevel: No blueprints needed recompiling
[2019.01.27-15.25.46:301][515]PIE: New page: PIE session: Reee_Test (27 Jan 2019 15:25:46)
[2019.01.27-15.25.46:302][515]LogPlayLevel: Creating play world package: /Game/StarterContent/Maps/UEDPIE_0_Reee_Test
