Log file open, 01/25/19 20:20:50
LogWindows: Failed to load 'aqProf.dll' (GetLastError=126)
LogWindows: File 'aqProf.dll' does not exist
LogWindows: Failed to load 'VSPerf140.dll' (GetLastError=126)
LogWindows: File 'VSPerf140.dll' does not exist
LogWindows: Failed to load 'VtuneApi.dll' (GetLastError=126)
LogWindows: File 'VtuneApi.dll' does not exist
LogWindows: Failed to load 'VtuneApi32e.dll' (GetLastError=126)
LogWindows: File 'VtuneApi32e.dll' does not exist
LogInit: Display: Running engine for game: GGJ2019
LogPlatformFile: Not using cached read wrapper
LogTaskGraph: Started task graph with 5 named threads and 23 total threads with 3 sets of task threads.
LogStats: Stats thread started at 0.460205
LogD3D11RHI: Loaded GFSDK_Aftermath_Lib.x64.dll
LogICUInternationalization: Display: ICU TimeZone Detection - Raw Offset: +0:00, Platform Override: ''
LogPluginManager: Mounting plugin Paper2D
LogPluginManager: Mounting plugin AISupport
LogPluginManager: Mounting plugin LightPropagationVolume
LogPluginManager: Mounting plugin CLionSourceCodeAccess
LogPluginManager: Mounting plugin CodeLiteSourceCodeAccess
LogPluginManager: Mounting plugin GitSourceControl
LogPluginManager: Mounting plugin KDevelopSourceCodeAccess
LogPluginManager: Mounting plugin NullSourceCodeAccess
LogPluginManager: Mounting plugin PerforceSourceControl
LogPluginManager: Mounting plugin SubversionSourceControl
LogPluginManager: Mounting plugin UObjectPlugin
LogPluginManager: Mounting plugin VisualStudioCodeSourceCodeAccess
LogPluginManager: Mounting plugin VisualStudioSourceCodeAccess
LogPluginManager: Mounting plugin XCodeSourceCodeAccess
LogPluginManager: Mounting plugin AssetManagerEditor
LogPluginManager: Mounting plugin CryptoKeys
LogPluginManager: Mounting plugin DataValidation
LogPluginManager: Mounting plugin FacialAnimation
LogPluginManager: Mounting plugin GameplayTagsEditor
LogPluginManager: Mounting plugin MacGraphicsSwitching
LogPluginManager: Mounting plugin MeshEditor
LogPluginManager: Mounting plugin MobileLauncherProfileWizard
LogPluginManager: Mounting plugin PluginBrowser
LogPluginManager: Mounting plugin SpeedTreeImporter
LogPluginManager: Mounting plugin DatasmithContent
LogPluginManager: Mounting plugin AlembicImporter
LogPluginManager: Mounting plugin AppleImageUtils
LogPluginManager: Mounting plugin AppleVision
LogPluginManager: Mounting plugin BackChannel
LogPluginManager: Mounting plugin CharacterAI
LogPluginManager: Mounting plugin GeometryCache
LogPluginManager: Mounting plugin HTML5Networking
LogPluginManager: Mounting plugin ProxyLODPlugin
LogPluginManager: Mounting plugin MagicLeap
LogPluginManager: Mounting plugin MagicLeapEmulator
LogPluginManager: Mounting plugin MagicLeapMedia
LogPluginManager: Mounting plugin AndroidMedia
LogPluginManager: Mounting plugin AvfMedia
LogPluginManager: Mounting plugin ImgMedia
LogPluginManager: Mounting plugin LinearTimecode
LogPluginManager: Mounting plugin MediaCompositing
LogPluginManager: Mounting plugin MediaPlayerEditor
LogPluginManager: Mounting plugin WmfMedia
LogPluginManager: Mounting plugin TcpMessaging
LogPluginManager: Mounting plugin UdpMessaging
LogPluginManager: Mounting plugin ActorSequence
LogPluginManager: Mounting plugin LevelSequenceEditor
LogPluginManager: Mounting plugin MatineeToLevelSequence
LogPluginManager: Mounting plugin NetcodeUnitTest
LogPluginManager: Mounting plugin NUTUnrealEngine4
LogPluginManager: Mounting plugin OnlineSubsystemGooglePlay
LogPluginManager: Mounting plugin OnlineSubsystemIOS
LogPluginManager: Mounting plugin OnlineSubsystem
LogPluginManager: Mounting plugin OnlineSubsystemNull
LogPluginManager: Mounting plugin OnlineSubsystemUtils
LogPluginManager: Mounting plugin LauncherChunkInstaller
LogPluginManager: Mounting plugin AndroidDeviceProfileSelector
LogPluginManager: Mounting plugin AndroidMoviePlayer
LogPluginManager: Mounting plugin AndroidPermission
LogPluginManager: Mounting plugin AppleMoviePlayer
LogPluginManager: Mounting plugin ArchVisCharacter
LogPluginManager: Mounting plugin AudioCapture
LogPluginManager: Mounting plugin CableComponent
LogPluginManager: Mounting plugin CustomMeshComponent
LogPluginManager: Mounting plugin EditableMesh
LogPluginManager: Mounting plugin ExampleDeviceProfileSelector
LogPluginManager: Mounting plugin GoogleCloudMessaging
LogPluginManager: Mounting plugin ImmediatePhysics
LogPluginManager: Mounting plugin IOSDeviceProfileSelector
LogPluginManager: Mounting plugin LinuxDeviceProfileSelector
LogPluginManager: Mounting plugin LocationServicesBPLibrary
LogPluginManager: Mounting plugin MobilePatchingUtils
LogPluginManager: Mounting plugin OculusVR
LogPluginManager: Plugin shader directory ../../../Engine/Plugins/Runtime/Oculus/OculusVR/Shaders found
LogPluginManager: Mapping shader source directory ../../../Engine/Plugins/Runtime/Oculus/OculusVR/Shaders to virtual directory /Plugin/OculusVR
LogPluginManager: Mounting plugin PhysXVehicles
LogPluginManager: Mounting plugin ProceduralMeshComponent
LogPluginManager: Mounting plugin RuntimePhysXCooking
LogPluginManager: Mounting plugin SteamVR
LogPluginManager: Mounting plugin WindowsMoviePlayer
LogStreaming: Display: Took  0.607s to configure plugins.
LogInit: Using libcurl 7.55.1-DEV
LogInit:  - built for x86_64-pc-win32
LogInit:  - supports SSL with OpenSSL/1.0.2h
LogInit:  - supports HTTP deflate (compression) using libz 1.2.8
LogInit:  - other features:
LogInit:      CURL_VERSION_SSL
LogInit:      CURL_VERSION_LIBZ
LogInit:      CURL_VERSION_IPV6
LogInit:      CURL_VERSION_ASYNCHDNS
LogInit:      CURL_VERSION_LARGEFILE
LogInit:      CURL_VERSION_IDN
LogInit:  CurlRequestOptions (configurable via config and command line):
LogInit:  - bVerifyPeer = false  - Libcurl will NOT verify peer certificate
LogInit:  - bUseHttpProxy = false  - Libcurl will NOT use HTTP proxy
LogInit:  - bDontReuseConnections = false  - Libcurl will reuse connections
LogInit:  - CertBundlePath = nullptr  - Libcurl will use whatever was configured at build time.
LogInit:  - MaxHostConnections = 16  - Libcurl will limit the number of connections to a host
LogInit:  - LocalHostAddr = Default
LogInit:  - BufferSize = 65536
LogInit: WinSock: version 1.1 (2.2), MaxSocks=32767, MaxUdp=65467
LogInit: Build: ++UE4+Release-4.20-CL-4369336
LogInit: Engine Version: 4.20.3-4369336+++UE4+Release-4.20
LogInit: Compatible Engine Version: 4.20.0-4212847+++UE4+Release-4.20
LogInit: Net CL: 4212847
LogInit: OS: Windows 10 (), CPU: Intel(R) Xeon(R) CPU E5-1620 v3 @ 3.50GHz, GPU: NVIDIA GeForce GTX 970
LogInit: Compiled (64-bit): Sep 17 2018 12:26:19
LogInit: Compiled with Visual C++: 19.13.26129.00
LogInit: Build Configuration: Development
LogInit: Branch Name: ++UE4+Release-4.20
LogInit: Command Line:  -skipcompile
LogInit: Base Directory: C:/Epic/UE4/UE_4.20/Engine/Binaries/Win64/
LogInit: Installed Engine Build: 1
LogDevObjectVersion: Number of dev versions registered: 20
LogDevObjectVersion:   Dev-Blueprints (B0D832E4-1F89-4F0D-ACCF-7EB736FD4AA2): 10
LogDevObjectVersion:   Dev-Build (E1C64328-A22C-4D53-A36C-8E866417BD8C): 0
LogDevObjectVersion:   Dev-Core (375EC13C-06E4-48FB-B500-84F0262A717E): 2
LogDevObjectVersion:   Dev-Editor (E4B068ED-F494-42E9-A231-DA0B2E46BB41): 24
LogDevObjectVersion:   Dev-Framework (CFFC743F-43B0-4480-9391-14DF171D2073): 34
LogDevObjectVersion:   Dev-Mobile (B02B49B5-BB20-44E9-A304-32B752E40360): 2
LogDevObjectVersion:   Dev-Networking (A4E4105C-59A1-49B5-A7C5-40C4547EDFEE): 0
LogDevObjectVersion:   Dev-Online (39C831C9-5AE6-47DC-9A44-9C173E1C8E7C): 0
LogDevObjectVersion:   Dev-Physics (78F01B33-EBEA-4F98-B9B4-84EACCB95AA2): 0
LogDevObjectVersion:   Dev-Platform (6631380F-2D4D-43E0-8009-CF276956A95A): 0
LogDevObjectVersion:   Dev-Rendering (12F88B9F-8875-4AFC-A67C-D90C383ABD29): 26
LogDevObjectVersion:   Dev-Sequencer (7B5AE74C-D270-4C10-A958-57980B212A5A): 9
LogDevObjectVersion:   Dev-VR (D7296918-1DD6-4BDD-9DE2-64A83CC13884): 2
LogDevObjectVersion:   Dev-LoadTimes (C2A15278-BFE7-4AFE-6C17-90FF531DF755): 1
LogDevObjectVersion:   Private-Geometry (6EACA3D4-40EC-4CC1-B786-8BED09428FC5): 3
LogDevObjectVersion:   Dev-AnimPhys (29E575DD-E0A3-4627-9D10-D276232CDCEA): 17
LogDevObjectVersion:   Dev-ReflectionCapture (6B266CEC-1EC7-4B8F-A30B-E4D90942FC07): 1
LogDevObjectVersion:   Dev-Automation (0DF73D61-A23F-47EA-B727-89E90C41499A): 1
LogDevObjectVersion:   FortniteMain (601D1886-AC64-4F84-AA16-D3DE0DEAC7D6): 12
LogDevObjectVersion:   Dev-Enterprise (9DFFBCD6-494F-0158-E221-12823C92A888): 1
LogStreaming: Display: Took  0.011s to delete old logs.
LogInit: Presizing for max 8388607 objects, including 0 objects not considered by GC, pre-allocating 0 bytes for permanent pool.
LogInit: Object subsystem initialized
[2019.01.25-20.20.51:799][  0]LogInit: Selected Device Profile: [Windows]
[2019.01.25-20.20.51:800][  0]LogInit: Applying CVar settings loaded from the selected device profile: [Windows]
[2019.01.25-20.20.51:847][  0]LogHAL: Display: Platform has ~ 16 GB [17092038656 / 17179869184 / 16], which maps to Larger [LargestMinGB=32, LargerMinGB=12, DefaultMinGB=8, SmallerMinGB=6, SmallestMinGB=0)
[2019.01.25-20.20.51:848][  0]LogInit: Setting Device Profile CVar: [[r.Vulkan.UseRealUBs:1]]
[2019.01.25-20.20.51:848][  0]LogInit: Going up to parent DeviceProfile []
[2019.01.25-20.20.51:849][  0]LogInit: Computer: C115-12
[2019.01.25-20.20.51:849][  0]LogInit: User: h017026h
[2019.01.25-20.20.51:849][  0]LogInit: CPU Page size=4096, Cores=4
[2019.01.25-20.20.51:849][  0]LogInit: High frequency timer resolution =3.410071 MHz
[2019.01.25-20.20.51:850][  0]LogMemory: Memory total: Physical=15.9GB (16GB approx)
[2019.01.25-20.20.51:850][  0]LogMemory: Platform Memory Stats for Windows
[2019.01.25-20.20.51:850][  0]LogMemory: Process Physical Memory: 100.04 MB used, 100.04 MB peak
[2019.01.25-20.20.51:850][  0]LogMemory: Process Virtual Memory: 90.82 MB used, 90.82 MB peak
[2019.01.25-20.20.51:850][  0]LogMemory: Physical Memory: 7579.82 MB used,  8720.41 MB free, 16300.24 MB total
[2019.01.25-20.20.51:850][  0]LogMemory: Virtual Memory: 4640.35 MB used,  8720.41 MB free, 134217728.00 MB total
[2019.01.25-20.20.51:980][  0]LogInit: Using OS detected language (en-US).
[2019.01.25-20.20.51:980][  0]LogInit: Using OS detected locale (en-GB).
[2019.01.25-20.20.51:982][  0]LogTextLocalizationManager: No specific localization for 'en-US' exists, so the 'en' localization will be used.
[2019.01.25-20.20.52:384][  0]LogStreaming: Display: Took  0.405s to InitEngineTextLocalization.
[2019.01.25-20.20.52:385][  0]LogInit: Setting process to per monitor DPI aware
[2019.01.25-20.20.52:453][  0]LogSlate: New Slate User Created.  User Index 0, Is Virtual User: 0
[2019.01.25-20.20.52:453][  0]LogSlate: Slate User Registered.  User Index 0, Is Virtual User: 0
[2019.01.25-20.20.52:782][  0]LogHMD: Failed to initialize OpenVR with code 110
[2019.01.25-20.20.52:782][  0]LogD3D11RHI: D3D11 adapters:
[2019.01.25-20.20.52:885][  0]LogD3D11RHI:    0. 'NVIDIA GeForce GTX 970' (Feature Level 11_0)
[2019.01.25-20.20.52:885][  0]LogD3D11RHI:       4043/0/8150 MB DedicatedVideo/DedicatedSystem/SharedSystem, Outputs:2, VendorId:0x10de
[2019.01.25-20.20.52:890][  0]LogD3D11RHI:    1. 'Microsoft Basic Render Driver' (Feature Level 11_0)
[2019.01.25-20.20.52:891][  0]LogD3D11RHI:       0/0/8150 MB DedicatedVideo/DedicatedSystem/SharedSystem, Outputs:0, VendorId:0x1414
[2019.01.25-20.20.52:891][  0]LogD3D11RHI: Chosen D3D11 Adapter: 0
[2019.01.25-20.20.52:901][  0]LogD3D11RHI: Creating new Direct3DDevice
[2019.01.25-20.20.52:901][  0]LogD3D11RHI:     GPU DeviceId: 0x13c2 (for the marketing name, search the web for "GPU Device Id")
[2019.01.25-20.20.52:901][  0]LogWindows: EnumDisplayDevices:
[2019.01.25-20.20.52:901][  0]LogWindows:    0. 'NVIDIA GeForce GTX 970' (P:0 D:1)
[2019.01.25-20.20.52:902][  0]LogWindows:    1. 'NVIDIA GeForce GTX 970' (P:1 D:1)
[2019.01.25-20.20.52:902][  0]LogWindows:    2. 'NVIDIA GeForce GTX 970' (P:0 D:0)
[2019.01.25-20.20.52:903][  0]LogWindows:    3. 'NVIDIA GeForce GTX 970' (P:0 D:0)
[2019.01.25-20.20.52:903][  0]LogWindows: DebugString: FoundDriverCount:4 
[2019.01.25-20.20.52:903][  0]LogD3D11RHI:     Adapter Name: NVIDIA GeForce GTX 970
[2019.01.25-20.20.52:903][  0]LogD3D11RHI:   Driver Version: 398.82 (internal:24.21.13.9882, unified:398.82)
[2019.01.25-20.20.52:903][  0]LogD3D11RHI:      Driver Date: 7-30-2018
[2019.01.25-20.20.52:903][  0]LogRHI: Texture pool is 2830 MB (70% of 4043 MB)
[2019.01.25-20.20.52:951][  0]LogD3D11RHI: Async texture creation enabled
[2019.01.25-20.20.52:969][  0]LogD3D11RHI: GPU Timing Frequency: 1000.000000 (Debug: 2 2)
[2019.01.25-20.20.53:014][  0]LogShaderCompilers: Guid format shader working directory is -20 characters bigger than the processId version (../../../../../../Users/h017026h/Documents/Game Jame/GGJ2019/GGJ2019/Intermediate/Shaders/WorkingDirectory/17852/).
[2019.01.25-20.20.53:015][  0]LogShaderCompilers: Cleaned the shader compiler working directory 'C:/Users/h017026h/AppData/Local/Temp/UnrealShaderWorkingDir/501EF0C8471B7944E6F03099FD366112/'.
[2019.01.25-20.20.53:395][  0]LogTemp: Display: Loaded TP AllDesktopTargetPlatform
[2019.01.25-20.20.53:414][  0]LogTemp: Display: Loaded TP MacClientTargetPlatform
[2019.01.25-20.20.53:433][  0]LogTemp: Display: Loaded TP MacNoEditorTargetPlatform
[2019.01.25-20.20.53:453][  0]LogTemp: Display: Loaded TP MacServerTargetPlatform
[2019.01.25-20.20.53:473][  0]LogTemp: Display: Loaded TP MacTargetPlatform
[2019.01.25-20.20.53:493][  0]LogTemp: Display: Loaded TP WindowsClientTargetPlatform
[2019.01.25-20.20.53:514][  0]LogTemp: Display: Loaded TP WindowsNoEditorTargetPlatform
[2019.01.25-20.20.53:533][  0]LogTemp: Display: Loaded TP WindowsServerTargetPlatform
[2019.01.25-20.20.53:544][  0]LogTemp: Display: Loaded TP WindowsTargetPlatform
[2019.01.25-20.20.53:639][  0]LogTemp: Display: Loaded TP AndroidTargetPlatform
[2019.01.25-20.20.53:639][  0]LogTemp: Display: Loaded TP AndroidTargetPlatform
[2019.01.25-20.20.53:639][  0]LogTemp: Display: Loaded TP AndroidTargetPlatform
[2019.01.25-20.20.53:639][  0]LogTemp: Display: Loaded TP AndroidTargetPlatform
[2019.01.25-20.20.53:639][  0]LogTemp: Display: Loaded TP AndroidTargetPlatform
[2019.01.25-20.20.53:640][  0]LogTemp: Display: Loaded TP AndroidTargetPlatform
[2019.01.25-20.20.53:640][  0]LogTemp: Display: Loaded TP AndroidTargetPlatform
[2019.01.25-20.20.53:640][  0]LogTemp: Display: Loaded TP AndroidTargetPlatform
[2019.01.25-20.20.53:640][  0]LogTemp: Display: Loaded TP AndroidTargetPlatform
[2019.01.25-20.20.53:640][  0]LogTemp: Display: Loaded TP AndroidTargetPlatform
[2019.01.25-20.20.53:640][  0]LogTemp: Display: Loaded TP AndroidTargetPlatform
[2019.01.25-20.20.53:640][  0]LogTemp: Display: Loaded TP AndroidTargetPlatform
[2019.01.25-20.20.53:640][  0]LogTemp: Display: Loaded TP AndroidTargetPlatform
[2019.01.25-20.20.53:641][  0]LogTemp: Display: Loaded TP AndroidTargetPlatform
[2019.01.25-20.20.53:641][  0]LogTemp: Display: Loaded TP AndroidTargetPlatform
[2019.01.25-20.20.53:641][  0]LogTemp: Display: Loaded TP AndroidTargetPlatform
[2019.01.25-20.20.53:641][  0]LogTemp: Display: Loaded TP AndroidTargetPlatform
[2019.01.25-20.20.53:641][  0]LogTemp: Display: Loaded TP AndroidTargetPlatform
[2019.01.25-20.20.53:648][  0]LogTemp: Display: Loaded TP HTML5TargetPlatform
[2019.01.25-20.20.53:740][  0]LogTemp: Display: Loaded TP IOSTargetPlatform
[2019.01.25-20.20.53:740][  0]LogTemp: Display: Loaded TP IOSTargetPlatform
[2019.01.25-20.20.53:771][  0]LogTemp: Display: Loaded TP TVOSTargetPlatform
[2019.01.25-20.20.53:771][  0]LogTemp: Display: Loaded TP TVOSTargetPlatform
[2019.01.25-20.20.53:789][  0]LogTemp: Display: Loaded TP LinuxClientTargetPlatform
[2019.01.25-20.20.53:821][  0]LogTemp: Display: Loaded TP LinuxNoEditorTargetPlatform
[2019.01.25-20.20.53:839][  0]LogTemp: Display: Loaded TP LinuxServerTargetPlatform
[2019.01.25-20.20.53:857][  0]LogTemp: Display: Loaded TP LinuxTargetPlatform
[2019.01.25-20.20.53:871][  0]LogTemp: Display: Loaded TP LuminTargetPlatform
[2019.01.25-20.20.53:872][  0]LogTargetPlatformManager: Display: Building Assets For Windows
[2019.01.25-20.20.54:049][  0]LogXGEController: Cleaning working directory: C:/Users/h017026h/AppData/Local/Temp/UnrealXGEWorkingDir/
[2019.01.25-20.20.54:050][  0]LogXGEController: Cannot use XGE Controller as Incredibuild is not installed on this machine.
[2019.01.25-20.20.54:050][  0]LogShaderCompilers: Cannot use XGE Shader Compiler as Incredibuild is not installed on this machine.
[2019.01.25-20.20.54:050][  0]LogShaderCompilers: Display: Using Local Shader Compiler.
[2019.01.25-20.20.55:209][  0]LogDerivedDataCache: Display: Max Cache Size: 512 MB
[2019.01.25-20.20.55:370][  0]LogDerivedDataCache: Loaded boot cache 0.16s 71MB C:/Users/h017026h/AppData/Local/UnrealEngine/4.20/DerivedDataCache/Boot.ddc.
[2019.01.25-20.20.55:370][  0]LogDerivedDataCache: Display: Loaded Boot cache: C:/Users/h017026h/AppData/Local/UnrealEngine/4.20/DerivedDataCache/Boot.ddc
[2019.01.25-20.20.55:370][  0]LogDerivedDataCache: FDerivedDataBackendGraph:  Pak pak cache file ../../../../../../Users/h017026h/Documents/Game Jame/GGJ2019/GGJ2019/DerivedDataCache/DDC.ddp not found, will not use a pak cache.
[2019.01.25-20.20.55:370][  0]LogDerivedDataCache: Unable to find inner node Pak for hierarchical cache Hierarchy.
[2019.01.25-20.20.55:370][  0]LogDerivedDataCache: FDerivedDataBackendGraph:  CompressedPak pak cache file ../../../../../../Users/h017026h/Documents/Game Jame/GGJ2019/GGJ2019/DerivedDataCache/Compressed.ddp not found, will not use a pak cache.
[2019.01.25-20.20.55:371][  0]LogDerivedDataCache: Unable to find inner node CompressedPak for hierarchical cache Hierarchy.
[2019.01.25-20.20.55:394][  0]LogDerivedDataCache: Display: Pak cache opened for reading ../../../Engine/DerivedDataCache/Compressed.ddp.
[2019.01.25-20.20.55:409][  0]LogDerivedDataCache: Using Local data cache path C:/Users/h017026h/AppData/Local/UnrealEngine/Common/DerivedDataCache: Writable
[2019.01.25-20.20.55:409][  0]LogDerivedDataCache: Shared data cache path not found in *engine.ini, will not use an Shared cache.
[2019.01.25-20.20.55:409][  0]LogDerivedDataCache: Unable to find inner node Shared for hierarchical cache Hierarchy.
[2019.01.25-20.20.55:429][  0]LogMaterial: Verifying Global Shaders for PCD3D_SM5
[2019.01.25-20.20.55:432][  0]LogSlate: Using FreeType 2.6.0
[2019.01.25-20.20.55:435][  0]LogSlate: SlateFontServices - WITH_FREETYPE: 1, WITH_HARFBUZZ: 1
[2019.01.25-20.20.55:585][  0]LogAssetRegistry: FAssetRegistry took 0.0315 seconds to start up
[2019.01.25-20.20.56:016][  0]LogInit: Selected Device Profile: [Windows]
[2019.01.25-20.20.56:158][  0]LogSimplygon: Simplygon DLL not present - disabling.
[2019.01.25-20.20.56:174][  0]LogMeshReduction: Using SimplygonSwarm for distributed automatic mesh merging
[2019.01.25-20.20.56:174][  0]LogMeshReduction: Using ProxyLODMeshReduction for automatic mesh merging
[2019.01.25-20.20.56:175][  0]LogMeshReduction: Using QuadricMeshReduction for automatic static mesh reduction
[2019.01.25-20.20.56:175][  0]LogMeshReduction: No automatic skeletal mesh reduction module available
[2019.01.25-20.20.56:318][  0]LogNetVersion: GGJ2019 1.0.0, NetCL: 4212847, EngineNetVer: 5, GameNetVer: 0 (Checksum: 54619999)
[2019.01.25-20.20.57:445][  0]LogPackageLocalizationCache: Processed 11 localized package path(s) for 2 prioritized culture(s) in 0.529263 seconds
[2019.01.25-20.20.57:454][  0]LogUObjectArray: 38425 objects as part of root set at end of initial load.
[2019.01.25-20.20.57:454][  0]LogUObjectAllocator: 6690872 out of 0 bytes used by permanent object pool.
[2019.01.25-20.20.57:454][  0]LogUObjectArray: CloseDisregardForGC: 0/0 objects in disregard for GC pool
[2019.01.25-20.20.58:700][  0]LogTcpMessaging: Initializing TcpMessaging bridge
[2019.01.25-20.20.58:717][  0]LogUdpMessaging: Initializing bridge on interface 0.0.0.0:0 to multicast group 230.0.0.1:6666.
[2019.01.25-20.20.58:956][  0]SourceControl: Source control is disabled
[2019.01.25-20.20.58:956][  0]SourceControl: Source control is disabled
[2019.01.25-20.20.58:961][  0]SourceControl: Source control is disabled
[2019.01.25-20.20.58:965][  0]SourceControl: Source control is disabled
[2019.01.25-20.20.59:324][  0]LogAndroidPermission: UAndroidPermissionCallbackProxy::GetInstance
[2019.01.25-20.20.59:465][  0]LogOcInput: OculusInput pre-init called
[2019.01.25-20.20.59:550][  0]LogEngine: Initializing Engine...
[2019.01.25-20.20.59:552][  0]LogHMD: Failed to initialize OpenVR with code 110
[2019.01.25-20.20.59:553][  0]LogStats: UGameplayTagsManager::ConstructGameplayTagTree: ImportINI prefixes -  0.000 s
[2019.01.25-20.20.59:553][  0]LogStats: UGameplayTagsManager::ConstructGameplayTagTree: Construct from data asset -  0.000 s
[2019.01.25-20.20.59:554][  0]LogStats: UGameplayTagsManager::ConstructGameplayTagTree: ImportINI -  0.000 s
[2019.01.25-20.20.59:554][  0]LogStats: UGameplayTagsManager::ConstructGameplayTagTree: GameplayTagTreeChangedEvent.Broadcast -  0.000 s
[2019.01.25-20.20.59:864][  0]LogInit: Initializing FReadOnlyCVARCache
[2019.01.25-20.20.59:896][  0]LogAIModule: Creating AISystem for world Untitled
[2019.01.25-20.20.59:919][  0]LogInit: XAudio2 using 'Headset Earphone (Corsair VOID PRO USB Gaming Headset )' : 2 channels at 48 kHz using 16 bits per sample (channel mask 0x3)
[2019.01.25-20.20.59:944][  0]LogInit: FAudioDevice initialized.
[2019.01.25-20.20.59:944][  0]LogNetVersion: Set ProjectVersion to 1.0.0.0. Version Checksum will be recalculated on next use.
[2019.01.25-20.21.00:041][  0]LogDerivedDataCache: Saved boot cache 0.10s 71MB C:/Users/h017026h/AppData/Local/UnrealEngine/4.20/DerivedDataCache/Boot.ddc.
[2019.01.25-20.21.00:084][  0]LogInit: Texture streaming: Enabled
[2019.01.25-20.21.00:142][  0]LogEngineSessionManager: EngineSessionManager initialized
[2019.01.25-20.21.00:162][  0]LogInit: Transaction tracking system initialized
[2019.01.25-20.21.00:220][  0]BlueprintLog: New page: Editor Load
[2019.01.25-20.21.00:418][  0]LocalizationService: Localization service is disabled
[2019.01.25-20.21.00:786][  0]LogCook: Display: Max memory allowance for cook 16384mb min free memory 0mb
[2019.01.25-20.21.00:786][  0]LogCook: Display: Mobile HDR setting 1
[2019.01.25-20.21.00:787][  0]LogGameplayTags: Display: UGameplayTagsManager::DoneAddingNativeTags. DelegateIsBound: 0
[2019.01.25-20.21.00:787][  0]LogStats: UGameplayTagsManager::ConstructGameplayTagTree: ImportINI prefixes -  0.000 s
[2019.01.25-20.21.00:787][  0]LogStats: UGameplayTagsManager::ConstructGameplayTagTree: Construct from data asset -  0.000 s
[2019.01.25-20.21.00:787][  0]LogStats: UGameplayTagsManager::ConstructGameplayTagTree: ImportINI -  0.000 s
[2019.01.25-20.21.00:787][  0]LogStats: UGameplayTagsManager::ConstructGameplayTagTree: GameplayTagTreeChangedEvent.Broadcast -  0.000 s
[2019.01.25-20.21.00:794][  0]LogFileCache: Scanning file cache for directory 'C:/Users/h017026h/Documents/Game Jame/GGJ2019/GGJ2019/Content/' took 0.02s
[2019.01.25-20.21.01:036][  0]SourceControl: Source control is disabled
[2019.01.25-20.21.01:036][  0]Cmd: MAP LOAD FILE="../../../../../../Users/h017026h/Documents/Game Jame/GGJ2019/GGJ2019/Content/StarterContent/Maps/Minimal_Default.umap" TEMPLATE=0 SHOWPROGRESS=1 FEATURELEVEL=3
[2019.01.25-20.21.01:037][  0]LightingResults: New page: Lighting Build
[2019.01.25-20.21.01:042][  0]MapCheck: New page: Map Check
[2019.01.25-20.21.01:042][  0]LightingResults: New page: Lighting Build
[2019.01.25-20.21.01:206][  0]LogLinker: Warning: Can't find file '/Game/StarterContent/Maps/Minimal_Default_BuiltData'
[2019.01.25-20.21.01:206][  0]LogLinker: Warning: Can't find file for asset '/Game/StarterContent/Maps/Minimal_Default_BuiltData' while loading ../../../../../../Users/h017026h/Documents/Game Jame/GGJ2019/GGJ2019/Content/StarterContent/Maps/Minimal_Default.umap.
[2019.01.25-20.21.01:206][  0]LoadErrors: Error: /Game/StarterContent/Maps/Minimal_Default : Can't find file for asset. /Game/StarterContent/Maps/Minimal_Default_BuiltData
[2019.01.25-20.21.01:247][  0]LogLinker: Warning: Can't find file '/Game/StarterContent/Maps/Minimal_Default_BuiltData'
[2019.01.25-20.21.01:247][  0]LogLinker: Warning: Can't find file for asset '/Game/StarterContent/Maps/Minimal_Default_BuiltData' while loading ../../../../../../Users/h017026h/Documents/Game Jame/GGJ2019/GGJ2019/Content/StarterContent/Maps/Minimal_Default.umap.
[2019.01.25-20.21.01:248][  0]LoadErrors: Error: /Game/StarterContent/Maps/Minimal_Default : Can't find file for asset. /Game/StarterContent/Maps/Minimal_Default_BuiltData
[2019.01.25-20.21.01:270][  0]LogLinker: Warning: Can't find file '/Game/StarterContent/Maps/Minimal_Default_BuiltData'
[2019.01.25-20.21.01:271][  0]LogLinker: Warning: Can't find file for asset '/Game/StarterContent/Maps/Minimal_Default_BuiltData' while loading NULL.
[2019.01.25-20.21.01:271][  0]LogLinker: Warning: Can't find file '/Game/StarterContent/Maps/Minimal_Default_BuiltData'
[2019.01.25-20.21.01:272][  0]LogLinker: Warning: Can't find file for asset '/Game/StarterContent/Maps/Minimal_Default_BuiltData' while loading NULL.
[2019.01.25-20.21.01:298][  0]LogLinker: Warning: Can't find file '/Game/StarterContent/Maps/Minimal_Default_BuiltData'
[2019.01.25-20.21.01:298][  0]LoadErrors: Failed to load /Game/StarterContent/Maps/Minimal_Default_BuiltData.Minimal_Default_BuiltData Referenced by PersistentLevel
[2019.01.25-20.21.01:299][  0]LogLinker: Warning: Can't find file for asset '/Game/StarterContent/Maps/Minimal_Default_BuiltData' while loading NULL.
[2019.01.25-20.21.01:299][  0]LoadErrors: Failed to load /Game/StarterContent/Maps/Minimal_Default_BuiltData.Minimal_Default_BuiltData Referenced by PersistentLevel
[2019.01.25-20.21.01:457][  0]LogAIModule: Creating AISystem for world Minimal_Default
[2019.01.25-20.21.01:477][  0]LogEditorServer: Finished looking for orphan Actors (0.000 secs)
[2019.01.25-20.21.01:510][  0]Cmd: MAP CHECKDEP NOCLEARLOG
[2019.01.25-20.21.01:707][  0]MapCheck: Map check complete: 0 Error(s), 0 Warning(s), took 196.807ms to complete.
[2019.01.25-20.21.01:708][  0]LogFileHelpers: Loading map 'Minimal_Default' took 0.671
[2019.01.25-20.21.01:875][  0]LogSlate: Updating window title bar state: overlay mode, drag disabled, window buttons hidden, title bar hidden
[2019.01.25-20.21.01:883][  0]LogSlate: Updating window title bar state: overlay mode, drag disabled, window buttons hidden, title bar hidden
[2019.01.25-20.21.01:891][  0]LogSlate: Updating window title bar state: overlay mode, drag disabled, window buttons hidden, title bar hidden
[2019.01.25-20.21.01:899][  0]LogSlate: Updating window title bar state: overlay mode, drag disabled, window buttons hidden, title bar hidden
[2019.01.25-20.21.01:912][  0]LogCollectionManager: Loaded 0 collections in 0.003831 seconds
[2019.01.25-20.21.01:966][  0]LogFileCache: Scanning file cache for directory 'C:/Users/h017026h/Documents/Game Jame/GGJ2019/GGJ2019/Saved/Collections/' took 0.01s
[2019.01.25-20.21.01:966][  0]LogFileCache: Scanning file cache for directory 'C:/Users/h017026h/Documents/Game Jame/GGJ2019/GGJ2019/Content/Developers/h017026h/Collections/' took 0.01s
[2019.01.25-20.21.01:966][  0]LogFileCache: Scanning file cache for directory 'C:/Users/h017026h/Documents/Game Jame/GGJ2019/GGJ2019/Content/Collections/' took 0.01s
[2019.01.25-20.21.01:966][  0]LogCollectionManager: Rebuilt the GUID cache for 0 collections in 0.000000 seconds
[2019.01.25-20.21.01:977][  0]LogContentBrowser: Native class hierarchy populated in 0.0104 seconds. Added 2576 classes and 606 folders.
[2019.01.25-20.21.01:987][  0]LogContentBrowser: Native class hierarchy updated for 'WidgetCarousel' in 0.0005 seconds. Added 0 classes and 0 folders.
[2019.01.25-20.21.02:077][  0]LogContentBrowser: Native class hierarchy updated for 'AddContentDialog' in 0.0005 seconds. Added 0 classes and 0 folders.
[2019.01.25-20.21.02:086][  0]LogContentBrowser: Native class hierarchy updated for 'SceneOutliner' in 0.0005 seconds. Added 1 classes and 2 folders.
[2019.01.25-20.21.02:103][  0]LogSlate: Took 0.000478 seconds to synchronously load lazily loaded font '../../../Engine/Content/Slate/Fonts/Roboto-Regular.ttf' (155K)
[2019.01.25-20.21.02:105][  0]LogSlate: Took 0.000228 seconds to synchronously load lazily loaded font '../../../Engine/Content/Slate/Fonts/Roboto-Bold.ttf' (160K)
[2019.01.25-20.21.02:111][  0]LogSlate: Took 0.000288 seconds to synchronously load lazily loaded font '../../../Engine/Content/Editor/Slate/Fonts/FontAwesome.ttf' (139K)
[2019.01.25-20.21.02:196][  0]LogRenderer: Reallocating scene render targets to support 1208x576 Format 10 NumSamples 1 (Frame:1).
[2019.01.25-20.21.02:373][  0]LogSlate: FSceneViewport::OnFocusLost() reason 2
[2019.01.25-20.21.02:395][  0]LogSlate: Window 'Tutorials' being destroyed
[2019.01.25-20.21.02:435][  0]LogContentBrowser: Native class hierarchy updated for 'HierarchicalLODOutliner' in 0.0006 seconds. Added 0 classes and 0 folders.
[2019.01.25-20.21.02:436][  0]LogLoad: (Engine Initialization) Total time: 14.58 seconds
[2019.01.25-20.21.02:436][  0]LogLoad: (Engine Initialization) Total Blueprint compile time: 0.00 seconds
[2019.01.25-20.21.02:447][  0]LogWindowsTextInputMethodSystem: Display: IME system now deactivated.
[2019.01.25-20.21.02:468][  0]LogContentStreaming: Texture pool size now 1000 MB
[2019.01.25-20.21.02:477][  0]LogSlate: FSceneViewport::OnFocusLost() reason 2
[2019.01.25-20.21.02:506][  0]LogSlate: Took 0.000238 seconds to synchronously load lazily loaded font '../../../Engine/Content/Slate/Fonts/Roboto-Light.ttf' (167K)
[2019.01.25-20.21.02:536][  1]LogAssetRegistry: Asset discovery search completed in 6.9748 seconds
[2019.01.25-20.21.02:538][  1]LogCollectionManager: Rebuilt the object cache for 0 collections in 0.000000 seconds (found 0 objects)
[2019.01.25-20.21.02:538][  1]LogCollectionManager: Fixed up redirectors for 0 collections in 0.000121 seconds (updated 0 objects)
[2019.01.25-20.21.05:427][321]LogSlate: Window 'Message Log' being destroyed
[2019.01.25-20.21.05:431][321]LogSlate: Window 'Message Log' being destroyed
[2019.01.25-20.21.07:703][591]LogSlate: FSceneViewport::OnFocusLost() reason 0
[2019.01.25-20.21.07:907][614]LogSlate: Took 0.000249 seconds to synchronously load lazily loaded font '../../../Engine/Content/Slate/Fonts/Roboto-Light.ttf' (167K)
[2019.01.25-20.21.07:914][614]LogAssetEditorManager: Opening Asset editor for Blueprint /Game/Fridge_BP_Base.Fridge_BP_Base
[2019.01.25-20.21.08:417][614]LogContentBrowser: Native class hierarchy updated for 'BlueprintGraph' in 0.0018 seconds. Added 116 classes and 0 folders.
[2019.01.25-20.21.11:115][814]LogSlate: Window 'Fridge_BP_Base' being destroyed
[2019.01.25-20.21.11:199][814]LogAssetEditorManager: Opening Asset editor for Blueprint /Game/Fridge_BP_Base.Fridge_BP_Base
[2019.01.25-20.21.11:519][814]LogSlate: Took 0.000478 seconds to synchronously load lazily loaded font '../../../Engine/Content/Slate/Fonts/Roboto-BoldCondensed.ttf' (158K)
[2019.01.25-20.21.12:917][941]LogSlate: Window 'Fridge_BP_Base' being destroyed
[2019.01.25-20.21.14:083][ 80]LogSlate: Took 0.000359 seconds to synchronously load lazily loaded font '../../../Engine/Content/Slate/Fonts/Roboto-Italic.ttf' (157K)
[2019.01.25-20.21.15:858][286]LogRenderer: Reallocating scene render targets to support 1208x712 Format 10 NumSamples 1 (Frame:1).
[2019.01.25-20.21.23:086][138]LogSlate: FSceneViewport::OnFocusLost() reason 0
[2019.01.25-20.21.25:697][445]LogSlate: FSceneViewport::OnFocusLost() reason 0
