Log file open, 01/26/19 23:19:05
LogWindows: Failed to load 'aqProf.dll' (GetLastError=126)
LogWindows: File 'aqProf.dll' does not exist
LogWindows: Failed to load 'VSPerf140.dll' (GetLastError=126)
LogWindows: File 'VSPerf140.dll' does not exist
LogWindows: Failed to load 'VtuneApi.dll' (GetLastError=126)
LogWindows: File 'VtuneApi.dll' does not exist
LogWindows: Failed to load 'VtuneApi32e.dll' (GetLastError=126)
LogWindows: File 'VtuneApi32e.dll' does not exist
LogInit: Display: Running engine for game: GGJ2019
LogPlatformFile: Not using cached read wrapper
LogTaskGraph: Started task graph with 5 named threads and 23 total threads with 3 sets of task threads.
LogStats: Stats thread started at 0.528720
LogD3D11RHI: Loaded GFSDK_Aftermath_Lib.x64.dll
LogICUInternationalization: Display: ICU TimeZone Detection - Raw Offset: +0:00, Platform Override: ''
LogPluginManager: Mounting plugin Paper2D
LogPluginManager: Mounting plugin AISupport
LogPluginManager: Mounting plugin LightPropagationVolume
LogPluginManager: Mounting plugin CLionSourceCodeAccess
LogPluginManager: Mounting plugin CodeLiteSourceCodeAccess
LogPluginManager: Mounting plugin GitSourceControl
LogPluginManager: Mounting plugin KDevelopSourceCodeAccess
LogPluginManager: Mounting plugin NullSourceCodeAccess
LogPluginManager: Mounting plugin PerforceSourceControl
LogPluginManager: Mounting plugin SubversionSourceControl
LogPluginManager: Mounting plugin UObjectPlugin
LogPluginManager: Mounting plugin VisualStudioCodeSourceCodeAccess
LogPluginManager: Mounting plugin VisualStudioSourceCodeAccess
LogPluginManager: Mounting plugin XCodeSourceCodeAccess
LogPluginManager: Mounting plugin AssetManagerEditor
LogPluginManager: Mounting plugin CryptoKeys
LogPluginManager: Mounting plugin DataValidation
LogPluginManager: Mounting plugin FacialAnimation
LogPluginManager: Mounting plugin GameplayTagsEditor
LogPluginManager: Mounting plugin MacGraphicsSwitching
LogPluginManager: Mounting plugin MeshEditor
LogPluginManager: Mounting plugin MobileLauncherProfileWizard
LogPluginManager: Mounting plugin PluginBrowser
LogPluginManager: Mounting plugin SpeedTreeImporter
LogPluginManager: Mounting plugin DatasmithContent
LogPluginManager: Mounting plugin AlembicImporter
LogPluginManager: Mounting plugin AppleImageUtils
LogPluginManager: Mounting plugin AppleVision
LogPluginManager: Mounting plugin BackChannel
LogPluginManager: Mounting plugin CharacterAI
LogPluginManager: Mounting plugin GeometryCache
LogPluginManager: Mounting plugin HTML5Networking
LogPluginManager: Mounting plugin ProxyLODPlugin
LogPluginManager: Mounting plugin MagicLeap
LogPluginManager: Mounting plugin MagicLeapEmulator
LogPluginManager: Mounting plugin MagicLeapMedia
LogPluginManager: Mounting plugin AndroidMedia
LogPluginManager: Mounting plugin AvfMedia
LogPluginManager: Mounting plugin ImgMedia
LogPluginManager: Mounting plugin LinearTimecode
LogPluginManager: Mounting plugin MediaCompositing
LogPluginManager: Mounting plugin MediaPlayerEditor
LogPluginManager: Mounting plugin WmfMedia
LogPluginManager: Mounting plugin TcpMessaging
LogPluginManager: Mounting plugin UdpMessaging
LogPluginManager: Mounting plugin ActorSequence
LogPluginManager: Mounting plugin LevelSequenceEditor
LogPluginManager: Mounting plugin MatineeToLevelSequence
LogPluginManager: Mounting plugin NetcodeUnitTest
LogPluginManager: Mounting plugin NUTUnrealEngine4
LogPluginManager: Mounting plugin OnlineSubsystemGooglePlay
LogPluginManager: Mounting plugin OnlineSubsystemIOS
LogPluginManager: Mounting plugin OnlineSubsystem
LogPluginManager: Mounting plugin OnlineSubsystemNull
LogPluginManager: Mounting plugin OnlineSubsystemUtils
LogPluginManager: Mounting plugin LauncherChunkInstaller
LogPluginManager: Mounting plugin AndroidDeviceProfileSelector
LogPluginManager: Mounting plugin AndroidMoviePlayer
LogPluginManager: Mounting plugin AndroidPermission
LogPluginManager: Mounting plugin AppleMoviePlayer
LogPluginManager: Mounting plugin ArchVisCharacter
LogPluginManager: Mounting plugin AudioCapture
LogPluginManager: Mounting plugin CableComponent
LogPluginManager: Mounting plugin CustomMeshComponent
LogPluginManager: Mounting plugin EditableMesh
LogPluginManager: Mounting plugin ExampleDeviceProfileSelector
LogPluginManager: Mounting plugin GoogleCloudMessaging
LogPluginManager: Mounting plugin ImmediatePhysics
LogPluginManager: Mounting plugin IOSDeviceProfileSelector
LogPluginManager: Mounting plugin LinuxDeviceProfileSelector
LogPluginManager: Mounting plugin LocationServicesBPLibrary
LogPluginManager: Mounting plugin MobilePatchingUtils
LogPluginManager: Mounting plugin OculusVR
LogPluginManager: Plugin shader directory ../../../Engine/Plugins/Runtime/Oculus/OculusVR/Shaders found
LogPluginManager: Mapping shader source directory ../../../Engine/Plugins/Runtime/Oculus/OculusVR/Shaders to virtual directory /Plugin/OculusVR
LogPluginManager: Mounting plugin PhysXVehicles
LogPluginManager: Mounting plugin ProceduralMeshComponent
LogPluginManager: Mounting plugin RuntimePhysXCooking
LogPluginManager: Mounting plugin SteamVR
LogPluginManager: Mounting plugin WindowsMoviePlayer
LogStreaming: Display: Took  0.446s to configure plugins.
LogInit: Using libcurl 7.55.1-DEV
LogInit:  - built for x86_64-pc-win32
LogInit:  - supports SSL with OpenSSL/1.0.2h
LogInit:  - supports HTTP deflate (compression) using libz 1.2.8
LogInit:  - other features:
LogInit:      CURL_VERSION_SSL
LogInit:      CURL_VERSION_LIBZ
LogInit:      CURL_VERSION_IPV6
LogInit:      CURL_VERSION_ASYNCHDNS
LogInit:      CURL_VERSION_LARGEFILE
LogInit:      CURL_VERSION_IDN
LogInit:  CurlRequestOptions (configurable via config and command line):
LogInit:  - bVerifyPeer = false  - Libcurl will NOT verify peer certificate
LogInit:  - bUseHttpProxy = false  - Libcurl will NOT use HTTP proxy
LogInit:  - bDontReuseConnections = false  - Libcurl will reuse connections
LogInit:  - CertBundlePath = nullptr  - Libcurl will use whatever was configured at build time.
LogInit:  - MaxHostConnections = 16  - Libcurl will limit the number of connections to a host
LogInit:  - LocalHostAddr = Default
LogInit:  - BufferSize = 65536
LogInit: WinSock: version 1.1 (2.2), MaxSocks=32767, MaxUdp=65467
LogInit: Build: ++UE4+Release-4.20-CL-4369336
LogInit: Engine Version: 4.20.3-4369336+++UE4+Release-4.20
LogInit: Compatible Engine Version: 4.20.0-4212847+++UE4+Release-4.20
LogInit: Net CL: 4212847
LogInit: OS: Windows 10 (), CPU: Intel(R) Xeon(R) CPU E5-1620 v3 @ 3.50GHz, GPU: NVIDIA GeForce GTX 970
LogInit: Compiled (64-bit): Sep 17 2018 12:26:19
LogInit: Compiled with Visual C++: 19.13.26129.00
LogInit: Build Configuration: Development
LogInit: Branch Name: ++UE4+Release-4.20
LogInit: Command Line:  -skipcompile
LogInit: Base Directory: C:/Epic/UE4/UE_4.20/Engine/Binaries/Win64/
LogInit: Installed Engine Build: 1
LogDevObjectVersion: Number of dev versions registered: 20
LogDevObjectVersion:   Dev-Blueprints (B0D832E4-1F89-4F0D-ACCF-7EB736FD4AA2): 10
LogDevObjectVersion:   Dev-Build (E1C64328-A22C-4D53-A36C-8E866417BD8C): 0
LogDevObjectVersion:   Dev-Core (375EC13C-06E4-48FB-B500-84F0262A717E): 2
LogDevObjectVersion:   Dev-Editor (E4B068ED-F494-42E9-A231-DA0B2E46BB41): 24
LogDevObjectVersion:   Dev-Framework (CFFC743F-43B0-4480-9391-14DF171D2073): 34
LogDevObjectVersion:   Dev-Mobile (B02B49B5-BB20-44E9-A304-32B752E40360): 2
LogDevObjectVersion:   Dev-Networking (A4E4105C-59A1-49B5-A7C5-40C4547EDFEE): 0
LogDevObjectVersion:   Dev-Online (39C831C9-5AE6-47DC-9A44-9C173E1C8E7C): 0
LogDevObjectVersion:   Dev-Physics (78F01B33-EBEA-4F98-B9B4-84EACCB95AA2): 0
LogDevObjectVersion:   Dev-Platform (6631380F-2D4D-43E0-8009-CF276956A95A): 0
LogDevObjectVersion:   Dev-Rendering (12F88B9F-8875-4AFC-A67C-D90C383ABD29): 26
LogDevObjectVersion:   Dev-Sequencer (7B5AE74C-D270-4C10-A958-57980B212A5A): 9
LogDevObjectVersion:   Dev-VR (D7296918-1DD6-4BDD-9DE2-64A83CC13884): 2
LogDevObjectVersion:   Dev-LoadTimes (C2A15278-BFE7-4AFE-6C17-90FF531DF755): 1
LogDevObjectVersion:   Private-Geometry (6EACA3D4-40EC-4CC1-B786-8BED09428FC5): 3
LogDevObjectVersion:   Dev-AnimPhys (29E575DD-E0A3-4627-9D10-D276232CDCEA): 17
LogDevObjectVersion:   Dev-ReflectionCapture (6B266CEC-1EC7-4B8F-A30B-E4D90942FC07): 1
LogDevObjectVersion:   Dev-Automation (0DF73D61-A23F-47EA-B727-89E90C41499A): 1
LogDevObjectVersion:   FortniteMain (601D1886-AC64-4F84-AA16-D3DE0DEAC7D6): 12
LogDevObjectVersion:   Dev-Enterprise (9DFFBCD6-494F-0158-E221-12823C92A888): 1
LogStreaming: Display: Took  0.012s to delete old logs.
LogInit: Presizing for max 8388607 objects, including 0 objects not considered by GC, pre-allocating 0 bytes for permanent pool.
LogInit: Object subsystem initialized
[2019.01.26-23.19.06:254][  0]LogInit: Selected Device Profile: [Windows]
[2019.01.26-23.19.06:254][  0]LogInit: Applying CVar settings loaded from the selected device profile: [Windows]
[2019.01.26-23.19.06:307][  0]LogHAL: Display: Platform has ~ 16 GB [17092038656 / 17179869184 / 16], which maps to Larger [LargestMinGB=32, LargerMinGB=12, DefaultMinGB=8, SmallerMinGB=6, SmallestMinGB=0)
[2019.01.26-23.19.06:307][  0]LogInit: Setting Device Profile CVar: [[r.Vulkan.UseRealUBs:1]]
[2019.01.26-23.19.06:307][  0]LogInit: Going up to parent DeviceProfile []
[2019.01.26-23.19.06:308][  0]LogInit: Computer: C115-8
[2019.01.26-23.19.06:308][  0]LogInit: User: p018236h
[2019.01.26-23.19.06:308][  0]LogInit: CPU Page size=4096, Cores=4
[2019.01.26-23.19.06:308][  0]LogInit: High frequency timer resolution =3.410076 MHz
[2019.01.26-23.19.06:308][  0]LogMemory: Memory total: Physical=15.9GB (16GB approx)
[2019.01.26-23.19.06:308][  0]LogMemory: Platform Memory Stats for Windows
[2019.01.26-23.19.06:309][  0]LogMemory: Process Physical Memory: 102.39 MB used, 102.39 MB peak
[2019.01.26-23.19.06:309][  0]LogMemory: Process Virtual Memory: 93.52 MB used, 93.52 MB peak
[2019.01.26-23.19.06:309][  0]LogMemory: Physical Memory: 8997.23 MB used,  7303.01 MB free, 16300.24 MB total
[2019.01.26-23.19.06:309][  0]LogMemory: Virtual Memory: 4642.52 MB used,  7303.01 MB free, 134217728.00 MB total
[2019.01.26-23.19.06:528][  0]LogInit: Using OS detected language (en-US).
[2019.01.26-23.19.06:528][  0]LogInit: Using OS detected locale (en-GB).
[2019.01.26-23.19.06:531][  0]LogTextLocalizationManager: No specific localization for 'en-US' exists, so the 'en' localization will be used.
[2019.01.26-23.19.07:061][  0]LogStreaming: Display: Took  0.532s to InitEngineTextLocalization.
[2019.01.26-23.19.07:061][  0]LogInit: Setting process to per monitor DPI aware
[2019.01.26-23.19.07:138][  0]LogSlate: New Slate User Created.  User Index 0, Is Virtual User: 0
[2019.01.26-23.19.07:139][  0]LogSlate: Slate User Registered.  User Index 0, Is Virtual User: 0
[2019.01.26-23.19.07:535][  0]LogHMD: Failed to initialize OpenVR with code 110
[2019.01.26-23.19.07:535][  0]LogD3D11RHI: D3D11 adapters:
[2019.01.26-23.19.07:632][  0]LogD3D11RHI:    0. 'NVIDIA GeForce GTX 970' (Feature Level 11_0)
[2019.01.26-23.19.07:632][  0]LogD3D11RHI:       4043/0/8150 MB DedicatedVideo/DedicatedSystem/SharedSystem, Outputs:2, VendorId:0x10de
[2019.01.26-23.19.07:639][  0]LogD3D11RHI:    1. 'Microsoft Basic Render Driver' (Feature Level 11_0)
[2019.01.26-23.19.07:639][  0]LogD3D11RHI:       0/0/8150 MB DedicatedVideo/DedicatedSystem/SharedSystem, Outputs:0, VendorId:0x1414
[2019.01.26-23.19.07:639][  0]LogD3D11RHI: Chosen D3D11 Adapter: 0
[2019.01.26-23.19.07:650][  0]LogD3D11RHI: Creating new Direct3DDevice
[2019.01.26-23.19.07:650][  0]LogD3D11RHI:     GPU DeviceId: 0x13c2 (for the marketing name, search the web for "GPU Device Id")
[2019.01.26-23.19.07:650][  0]LogWindows: EnumDisplayDevices:
[2019.01.26-23.19.07:651][  0]LogWindows:    0. 'NVIDIA GeForce GTX 970' (P:1 D:1)
[2019.01.26-23.19.07:651][  0]LogWindows:    1. 'NVIDIA GeForce GTX 970' (P:0 D:1)
[2019.01.26-23.19.07:652][  0]LogWindows:    2. 'NVIDIA GeForce GTX 970' (P:0 D:0)
[2019.01.26-23.19.07:652][  0]LogWindows:    3. 'NVIDIA GeForce GTX 970' (P:0 D:0)
[2019.01.26-23.19.07:653][  0]LogWindows: DebugString: FoundDriverCount:4 
[2019.01.26-23.19.07:653][  0]LogD3D11RHI:     Adapter Name: NVIDIA GeForce GTX 970
[2019.01.26-23.19.07:653][  0]LogD3D11RHI:   Driver Version: 398.82 (internal:24.21.13.9882, unified:398.82)
[2019.01.26-23.19.07:653][  0]LogD3D11RHI:      Driver Date: 7-30-2018
[2019.01.26-23.19.07:653][  0]LogRHI: Texture pool is 2830 MB (70% of 4043 MB)
[2019.01.26-23.19.07:711][  0]LogD3D11RHI: Async texture creation enabled
[2019.01.26-23.19.07:728][  0]LogD3D11RHI: GPU Timing Frequency: 1000.000000 (Debug: 2 2)
[2019.01.26-23.19.07:774][  0]LogShaderCompilers: Guid format shader working directory is -17 characters bigger than the processId version (../../../../../../Users/p018236h.STUDENT/Documents/GameJam/GGJ2019/GGJ2019/Intermediate/Shaders/WorkingDirectory/1792/).
[2019.01.26-23.19.07:775][  0]LogShaderCompilers: Cleaned the shader compiler working directory 'C:/Users/p018236h.STUDENT/AppData/Local/Temp/UnrealShaderWorkingDir/F19B6EFA40A25EDD523D85A92F130DD0/'.
[2019.01.26-23.19.08:134][  0]LogTemp: Display: Loaded TP AllDesktopTargetPlatform
[2019.01.26-23.19.08:153][  0]LogTemp: Display: Loaded TP MacClientTargetPlatform
[2019.01.26-23.19.08:171][  0]LogTemp: Display: Loaded TP MacNoEditorTargetPlatform
[2019.01.26-23.19.08:189][  0]LogTemp: Display: Loaded TP MacServerTargetPlatform
[2019.01.26-23.19.08:209][  0]LogTemp: Display: Loaded TP MacTargetPlatform
[2019.01.26-23.19.08:228][  0]LogTemp: Display: Loaded TP WindowsClientTargetPlatform
[2019.01.26-23.19.08:246][  0]LogTemp: Display: Loaded TP WindowsNoEditorTargetPlatform
[2019.01.26-23.19.08:265][  0]LogTemp: Display: Loaded TP WindowsServerTargetPlatform
[2019.01.26-23.19.08:276][  0]LogTemp: Display: Loaded TP WindowsTargetPlatform
[2019.01.26-23.19.08:372][  0]LogTemp: Display: Loaded TP AndroidTargetPlatform
[2019.01.26-23.19.08:373][  0]LogTemp: Display: Loaded TP AndroidTargetPlatform
[2019.01.26-23.19.08:373][  0]LogTemp: Display: Loaded TP AndroidTargetPlatform
[2019.01.26-23.19.08:373][  0]LogTemp: Display: Loaded TP AndroidTargetPlatform
[2019.01.26-23.19.08:373][  0]LogTemp: Display: Loaded TP AndroidTargetPlatform
[2019.01.26-23.19.08:373][  0]LogTemp: Display: Loaded TP AndroidTargetPlatform
[2019.01.26-23.19.08:373][  0]LogTemp: Display: Loaded TP AndroidTargetPlatform
[2019.01.26-23.19.08:373][  0]LogTemp: Display: Loaded TP AndroidTargetPlatform
[2019.01.26-23.19.08:373][  0]LogTemp: Display: Loaded TP AndroidTargetPlatform
[2019.01.26-23.19.08:373][  0]LogTemp: Display: Loaded TP AndroidTargetPlatform
[2019.01.26-23.19.08:373][  0]LogTemp: Display: Loaded TP AndroidTargetPlatform
[2019.01.26-23.19.08:373][  0]LogTemp: Display: Loaded TP AndroidTargetPlatform
[2019.01.26-23.19.08:374][  0]LogTemp: Display: Loaded TP AndroidTargetPlatform
[2019.01.26-23.19.08:374][  0]LogTemp: Display: Loaded TP AndroidTargetPlatform
[2019.01.26-23.19.08:374][  0]LogTemp: Display: Loaded TP AndroidTargetPlatform
[2019.01.26-23.19.08:374][  0]LogTemp: Display: Loaded TP AndroidTargetPlatform
[2019.01.26-23.19.08:374][  0]LogTemp: Display: Loaded TP AndroidTargetPlatform
[2019.01.26-23.19.08:374][  0]LogTemp: Display: Loaded TP AndroidTargetPlatform
[2019.01.26-23.19.08:383][  0]LogTemp: Display: Loaded TP HTML5TargetPlatform
[2019.01.26-23.19.08:461][  0]LogTemp: Display: Loaded TP IOSTargetPlatform
[2019.01.26-23.19.08:462][  0]LogTemp: Display: Loaded TP IOSTargetPlatform
[2019.01.26-23.19.08:513][  0]LogTemp: Display: Loaded TP TVOSTargetPlatform
[2019.01.26-23.19.08:513][  0]LogTemp: Display: Loaded TP TVOSTargetPlatform
[2019.01.26-23.19.08:559][  0]LogTemp: Display: Loaded TP LinuxClientTargetPlatform
[2019.01.26-23.19.08:582][  0]LogTemp: Display: Loaded TP LinuxNoEditorTargetPlatform
[2019.01.26-23.19.08:612][  0]LogTemp: Display: Loaded TP LinuxServerTargetPlatform
[2019.01.26-23.19.08:638][  0]LogTemp: Display: Loaded TP LinuxTargetPlatform
[2019.01.26-23.19.08:654][  0]LogTemp: Display: Loaded TP LuminTargetPlatform
[2019.01.26-23.19.08:654][  0]LogTargetPlatformManager: Display: Building Assets For Windows
[2019.01.26-23.19.08:836][  0]LogXGEController: Cannot use XGE Controller as Incredibuild is not installed on this machine.
[2019.01.26-23.19.08:837][  0]LogShaderCompilers: Cannot use XGE Shader Compiler as Incredibuild is not installed on this machine.
[2019.01.26-23.19.08:837][  0]LogShaderCompilers: Display: Using Local Shader Compiler.
[2019.01.26-23.19.10:009][  0]LogDerivedDataCache: Display: Max Cache Size: 512 MB
[2019.01.26-23.19.10:121][  0]LogDerivedDataCache: Loaded boot cache 0.11s 73MB C:/Users/p018236h.STUDENT/AppData/Local/UnrealEngine/4.20/DerivedDataCache/Boot.ddc.
[2019.01.26-23.19.10:124][  0]LogDerivedDataCache: Display: Loaded Boot cache: C:/Users/p018236h.STUDENT/AppData/Local/UnrealEngine/4.20/DerivedDataCache/Boot.ddc
[2019.01.26-23.19.10:124][  0]LogDerivedDataCache: FDerivedDataBackendGraph:  Pak pak cache file ../../../../../../Users/p018236h.STUDENT/Documents/GameJam/GGJ2019/GGJ2019/DerivedDataCache/DDC.ddp not found, will not use a pak cache.
[2019.01.26-23.19.10:125][  0]LogDerivedDataCache: Unable to find inner node Pak for hierarchical cache Hierarchy.
[2019.01.26-23.19.10:125][  0]LogDerivedDataCache: FDerivedDataBackendGraph:  CompressedPak pak cache file ../../../../../../Users/p018236h.STUDENT/Documents/GameJam/GGJ2019/GGJ2019/DerivedDataCache/Compressed.ddp not found, will not use a pak cache.
[2019.01.26-23.19.10:125][  0]LogDerivedDataCache: Unable to find inner node CompressedPak for hierarchical cache Hierarchy.
[2019.01.26-23.19.10:154][  0]LogDerivedDataCache: Display: Pak cache opened for reading ../../../Engine/DerivedDataCache/Compressed.ddp.
[2019.01.26-23.19.10:169][  0]LogDerivedDataCache: Using Local data cache path C:/Users/p018236h.STUDENT/AppData/Local/UnrealEngine/Common/DerivedDataCache: Writable
[2019.01.26-23.19.10:169][  0]LogDerivedDataCache: Shared data cache path not found in *engine.ini, will not use an Shared cache.
[2019.01.26-23.19.10:169][  0]LogDerivedDataCache: Unable to find inner node Shared for hierarchical cache Hierarchy.
[2019.01.26-23.19.10:202][  0]LogMaterial: Verifying Global Shaders for PCD3D_SM5
[2019.01.26-23.19.10:203][  0]LogSlate: Using FreeType 2.6.0
[2019.01.26-23.19.10:205][  0]LogSlate: SlateFontServices - WITH_FREETYPE: 1, WITH_HARFBUZZ: 1
[2019.01.26-23.19.10:298][  0]LogAssetRegistry: FAssetRegistry took 0.0289 seconds to start up
[2019.01.26-23.19.10:711][  0]LogInit: Selected Device Profile: [Windows]
[2019.01.26-23.19.10:907][  0]LogSimplygon: Simplygon DLL not present - disabling.
[2019.01.26-23.19.10:917][  0]LogMeshReduction: Using SimplygonSwarm for distributed automatic mesh merging
[2019.01.26-23.19.10:918][  0]LogMeshReduction: Using ProxyLODMeshReduction for automatic mesh merging
[2019.01.26-23.19.10:918][  0]LogMeshReduction: Using QuadricMeshReduction for automatic static mesh reduction
[2019.01.26-23.19.10:918][  0]LogMeshReduction: No automatic skeletal mesh reduction module available
[2019.01.26-23.19.10:941][  0]LogNetVersion: GGJ2019 1.0.0, NetCL: 4212847, EngineNetVer: 5, GameNetVer: 0 (Checksum: 54619999)
[2019.01.26-23.19.12:146][  0]LogPackageLocalizationCache: Processed 11 localized package path(s) for 2 prioritized culture(s) in 0.599224 seconds
[2019.01.26-23.19.12:154][  0]LogUObjectArray: 38425 objects as part of root set at end of initial load.
[2019.01.26-23.19.12:155][  0]LogUObjectAllocator: 6690872 out of 0 bytes used by permanent object pool.
[2019.01.26-23.19.12:155][  0]LogUObjectArray: CloseDisregardForGC: 0/0 objects in disregard for GC pool
[2019.01.26-23.19.13:404][  0]LogTcpMessaging: Initializing TcpMessaging bridge
[2019.01.26-23.19.13:423][  0]LogUdpMessaging: Initializing bridge on interface 0.0.0.0:0 to multicast group 230.0.0.1:6666.
[2019.01.26-23.19.13:714][  0]SourceControl: Source control is disabled
[2019.01.26-23.19.13:714][  0]SourceControl: Source control is disabled
[2019.01.26-23.19.13:718][  0]SourceControl: Source control is disabled
[2019.01.26-23.19.13:722][  0]SourceControl: Source control is disabled
[2019.01.26-23.19.14:082][  0]LogAndroidPermission: UAndroidPermissionCallbackProxy::GetInstance
[2019.01.26-23.19.14:209][  0]LogOcInput: OculusInput pre-init called
[2019.01.26-23.19.14:291][  0]LogEngine: Initializing Engine...
[2019.01.26-23.19.14:292][  0]LogHMD: Failed to initialize OpenVR with code 110
[2019.01.26-23.19.14:293][  0]LogStats: UGameplayTagsManager::ConstructGameplayTagTree: ImportINI prefixes -  0.000 s
[2019.01.26-23.19.14:293][  0]LogStats: UGameplayTagsManager::ConstructGameplayTagTree: Construct from data asset -  0.000 s
[2019.01.26-23.19.14:294][  0]LogStats: UGameplayTagsManager::ConstructGameplayTagTree: ImportINI -  0.000 s
[2019.01.26-23.19.14:294][  0]LogStats: UGameplayTagsManager::ConstructGameplayTagTree: GameplayTagTreeChangedEvent.Broadcast -  0.000 s
[2019.01.26-23.19.14:535][  0]LogInit: Initializing FReadOnlyCVARCache
[2019.01.26-23.19.14:560][  0]LogAIModule: Creating AISystem for world Untitled
[2019.01.26-23.19.14:576][  0]LogInit: XAudio2 using 'Speakers (Realtek High Definition Audio)' : 2 channels at 48 kHz using 32 bits per sample (channel mask 0x3)
[2019.01.26-23.19.14:602][  0]LogInit: FAudioDevice initialized.
[2019.01.26-23.19.14:603][  0]LogNetVersion: Set ProjectVersion to 1.0.0.0. Version Checksum will be recalculated on next use.
[2019.01.26-23.19.14:704][  0]LogDerivedDataCache: Saved boot cache 0.10s 73MB C:/Users/p018236h.STUDENT/AppData/Local/UnrealEngine/4.20/DerivedDataCache/Boot.ddc.
[2019.01.26-23.19.14:729][  0]LogInit: Texture streaming: Enabled
[2019.01.26-23.19.14:775][  0]LogEngineSessionManager: EngineSessionManager initialized
[2019.01.26-23.19.14:797][  0]LogInit: Transaction tracking system initialized
[2019.01.26-23.19.14:863][  0]BlueprintLog: New page: Editor Load
[2019.01.26-23.19.15:070][  0]LocalizationService: Localization service is disabled
[2019.01.26-23.19.15:442][  0]LogCook: Display: Max memory allowance for cook 16384mb min free memory 0mb
[2019.01.26-23.19.15:442][  0]LogCook: Display: Mobile HDR setting 1
[2019.01.26-23.19.15:443][  0]LogGameplayTags: Display: UGameplayTagsManager::DoneAddingNativeTags. DelegateIsBound: 0
[2019.01.26-23.19.15:443][  0]LogStats: UGameplayTagsManager::ConstructGameplayTagTree: ImportINI prefixes -  0.000 s
[2019.01.26-23.19.15:443][  0]LogStats: UGameplayTagsManager::ConstructGameplayTagTree: Construct from data asset -  0.000 s
[2019.01.26-23.19.15:443][  0]LogStats: UGameplayTagsManager::ConstructGameplayTagTree: ImportINI -  0.000 s
[2019.01.26-23.19.15:443][  0]LogStats: UGameplayTagsManager::ConstructGameplayTagTree: GameplayTagTreeChangedEvent.Broadcast -  0.000 s
[2019.01.26-23.19.15:678][  0]LogFileCache: Scanning file cache for directory 'C:/Users/p018236h.STUDENT/Documents/GameJam/GGJ2019/GGJ2019/Content/' took 0.02s
[2019.01.26-23.19.15:679][  0]SourceControl: Source control is disabled
[2019.01.26-23.19.15:679][  0]Cmd: MAP LOAD FILE="../../../../../../Users/p018236h.STUDENT/Documents/GameJam/GGJ2019/GGJ2019/Content/GameLevel.umap" TEMPLATE=0 SHOWPROGRESS=1 FEATURELEVEL=3
[2019.01.26-23.19.15:680][  0]LightingResults: New page: Lighting Build
[2019.01.26-23.19.15:685][  0]MapCheck: New page: Map Check
[2019.01.26-23.19.15:686][  0]LightingResults: New page: Lighting Build
[2019.01.26-23.19.15:989][  0]LogAIModule: Creating AISystem for world GameLevel
[2019.01.26-23.19.16:000][  0]LogEditorServer: Finished looking for orphan Actors (0.000 secs)
[2019.01.26-23.19.16:025][  0]Cmd: MAP CHECKDEP NOCLEARLOG
[2019.01.26-23.19.16:219][  0]MapCheck: Map check complete: 0 Error(s), 0 Warning(s), took 194.47ms to complete.
[2019.01.26-23.19.16:219][  0]LogFileHelpers: Loading map 'GameLevel' took 0.541
[2019.01.26-23.19.16:341][  0]LogSlate: Updating window title bar state: overlay mode, drag disabled, window buttons hidden, title bar hidden
[2019.01.26-23.19.16:350][  0]LogSlate: Updating window title bar state: overlay mode, drag disabled, window buttons hidden, title bar hidden
[2019.01.26-23.19.16:360][  0]LogSlate: Updating window title bar state: overlay mode, drag disabled, window buttons hidden, title bar hidden
[2019.01.26-23.19.16:369][  0]LogSlate: Updating window title bar state: overlay mode, drag disabled, window buttons hidden, title bar hidden
[2019.01.26-23.19.16:383][  0]LogCollectionManager: Loaded 0 collections in 0.004198 seconds
[2019.01.26-23.19.16:438][  0]LogFileCache: Scanning file cache for directory 'C:/Users/p018236h.STUDENT/Documents/GameJam/GGJ2019/GGJ2019/Saved/Collections/' took 0.01s
[2019.01.26-23.19.16:439][  0]LogFileCache: Scanning file cache for directory 'C:/Users/p018236h.STUDENT/Documents/GameJam/GGJ2019/GGJ2019/Content/Developers/p018236h/Collections/' took 0.01s
[2019.01.26-23.19.16:439][  0]LogFileCache: Scanning file cache for directory 'C:/Users/p018236h.STUDENT/Documents/GameJam/GGJ2019/GGJ2019/Content/Collections/' took 0.01s
[2019.01.26-23.19.16:439][  0]LogCollectionManager: Rebuilt the GUID cache for 0 collections in 0.000000 seconds
[2019.01.26-23.19.16:449][  0]LogContentBrowser: Native class hierarchy populated in 0.0098 seconds. Added 2583 classes and 606 folders.
[2019.01.26-23.19.16:459][  0]LogContentBrowser: Native class hierarchy updated for 'WidgetCarousel' in 0.0005 seconds. Added 0 classes and 0 folders.
[2019.01.26-23.19.16:542][  0]LogContentBrowser: Native class hierarchy updated for 'AddContentDialog' in 0.0005 seconds. Added 0 classes and 0 folders.
[2019.01.26-23.19.16:552][  0]LogContentBrowser: Native class hierarchy updated for 'SceneOutliner' in 0.0007 seconds. Added 1 classes and 2 folders.
[2019.01.26-23.19.16:569][  0]LogSlate: Took 0.000295 seconds to synchronously load lazily loaded font '../../../Engine/Content/Slate/Fonts/Roboto-Regular.ttf' (155K)
[2019.01.26-23.19.16:571][  0]LogSlate: Took 0.000297 seconds to synchronously load lazily loaded font '../../../Engine/Content/Slate/Fonts/Roboto-Bold.ttf' (160K)
[2019.01.26-23.19.16:579][  0]LogSlate: Took 0.000375 seconds to synchronously load lazily loaded font '../../../Engine/Content/Editor/Slate/Fonts/FontAwesome.ttf' (139K)
[2019.01.26-23.19.16:659][  0]LogRenderer: Reallocating scene render targets to support 1208x576 Format 10 NumSamples 1 (Frame:1).
[2019.01.26-23.19.16:730][  0]LogSlate: Took 0.000251 seconds to synchronously load lazily loaded font '../../../Engine/Content/Slate/Fonts/Roboto-Light.ttf' (167K)
[2019.01.26-23.19.16:821][  0]LogContentBrowser: Native class hierarchy updated for 'HierarchicalLODOutliner' in 0.0006 seconds. Added 0 classes and 0 folders.
[2019.01.26-23.19.16:821][  0]LogLoad: (Engine Initialization) Total time: 14.59 seconds
[2019.01.26-23.19.16:821][  0]LogLoad: (Engine Initialization) Total Blueprint compile time: 0.00 seconds
[2019.01.26-23.19.16:846][  0]LogWindowsTextInputMethodSystem: Display: IME system now deactivated.
[2019.01.26-23.19.16:878][  0]LogContentStreaming: Texture pool size now 1000 MB
[2019.01.26-23.19.17:016][  1]LogFileCache: Retrieving MD5 hashes for directory 'C:/Users/p018236h.STUDENT/Documents/GameJam/GGJ2019/GGJ2019/Content/' took 0.16s
[2019.01.26-23.19.17:038][  1]LogAssetRegistry: Asset discovery search completed in 6.7642 seconds
[2019.01.26-23.19.17:040][  1]LogCollectionManager: Rebuilt the object cache for 0 collections in 0.000000 seconds (found 0 objects)
[2019.01.26-23.19.17:040][  1]LogCollectionManager: Fixed up redirectors for 0 collections in 0.000116 seconds (updated 0 objects)
[2019.01.26-23.19.31:889][767]LogSlate: FSceneViewport::OnFocusLost() reason 0
[2019.01.26-23.19.34:985][132]LogSlate: Took 0.000231 seconds to synchronously load lazily loaded font '../../../Engine/Content/Slate/Fonts/Roboto-Light.ttf' (167K)
[2019.01.26-23.19.35:462][132]LogAIModule: Creating AISystem for world NewReeeeeLevel
[2019.01.26-23.19.35:551][132]LogAssetEditorManager: Opening Asset editor for World /Game/StarterContent/Maps/NewReeeeeLevel.NewReeeeeLevel
[2019.01.26-23.19.35:578][132]Cmd: MAP LOAD FILE="../../../../../../Users/p018236h.STUDENT/Documents/GameJam/GGJ2019/GGJ2019/Content/StarterContent/Maps/NewReeeeeLevel.umap" TEMPLATE=0 SHOWPROGRESS=1 FEATURELEVEL=3
[2019.01.26-23.19.35:578][132]LightingResults: New page: Lighting Build
[2019.01.26-23.19.35:579][132]LoadErrors: New page: Loading map: NewReeeeeLevel.umap
[2019.01.26-23.19.35:580][132]MapCheck: New page: Map Check
[2019.01.26-23.19.35:580][132]LightingResults: New page: Lighting Build
[2019.01.26-23.19.35:666][132]LogEditorServer: Finished looking for orphan Actors (0.000 secs)
[2019.01.26-23.19.35:759][132]Cmd: MAP CHECKDEP NOCLEARLOG
[2019.01.26-23.19.35:982][132]MapCheck: Map check complete: 0 Error(s), 0 Warning(s), took 223.13ms to complete.
[2019.01.26-23.19.35:984][132]LogFileHelpers: Loading map 'NewReeeeeLevel' took 0.408
[2019.01.26-23.19.39:464][507]LogSlate: FSceneViewport::OnFocusLost() reason 0
[2019.01.26-23.19.39:805][548]LogTemp: Repeating last play command: Selected Viewport
[2019.01.26-23.19.39:832][548]LogBlueprintUserMessages: Early PlayInEditor Detection: Level '/Game/StarterContent/Maps/NewReeeeeLevel.NewReeeeeLevel:PersistentLevel' has LevelScriptBlueprint '/Game/StarterContent/Maps/NewReeeeeLevel.NewReeeeeLevel:PersistentLevel.NewReeeeeLevel' with GeneratedClass '/Game/StarterContent/Maps/NewReeeeeLevel.NewReeeeeLevel_C' with ClassGeneratedBy '/Game/StarterContent/Maps/NewReeeeeLevel.NewReeeeeLevel:PersistentLevel.NewReeeeeLevel'
[2019.01.26-23.19.39:832][548]LogPlayLevel: PlayLevel: No blueprints needed recompiling
[2019.01.26-23.19.39:846][548]PIE: New page: PIE session: NewReeeeeLevel (26 Jan 2019 23:19:39)
[2019.01.26-23.19.39:847][548]LogPlayLevel: Creating play world package: /Game/StarterContent/Maps/UEDPIE_0_NewReeeeeLevel
[2019.01.26-23.19.39:878][548]LogPlayLevel: PIE: StaticDuplicateObject took: (0.031179s)
[2019.01.26-23.19.39:880][548]LogAIModule: Creating AISystem for world NewReeeeeLevel
[2019.01.26-23.19.39:880][548]LogPlayLevel: PIE: World Init took: (0.001866s)
[2019.01.26-23.19.39:880][548]LogPlayLevel: PIE: Created PIE world by copying editor world from /Game/StarterContent/Maps/NewReeeeeLevel.NewReeeeeLevel to /Game/StarterContent/Maps/UEDPIE_0_NewReeeeeLevel.NewReeeeeLevel (0.033779s)
[2019.01.26-23.19.39:917][548]LogInit: XAudio2 using 'Speakers (Realtek High Definition Audio)' : 2 channels at 48 kHz using 32 bits per sample (channel mask 0x3)
[2019.01.26-23.19.39:935][548]LogInit: FAudioDevice initialized.
[2019.01.26-23.19.39:989][548]LogLoad: Game class is 'GGJ2019GM_C'
[2019.01.26-23.19.40:002][548]LogWorld: Bringing World /Game/StarterContent/Maps/UEDPIE_0_NewReeeeeLevel.NewReeeeeLevel up for play (max tick rate 0) at 2019.01.26-23.19.40
[2019.01.26-23.19.40:006][548]LogWorld: Bringing up level for play took: 0.015336
[2019.01.26-23.19.40:034][548]LogContentBrowser: Native class hierarchy updated for 'MovieSceneCapture' in 0.0006 seconds. Added 10 classes and 0 folders.
[2019.01.26-23.19.40:036][548]PIE: Play in editor start time for /Game/StarterContent/Maps/UEDPIE_0_NewReeeeeLevel -0.786
[2019.01.26-23.19.40:037][548]LogBlueprintUserMessages: Late PlayInEditor Detection: Level '/Game/StarterContent/Maps/NewReeeeeLevel.NewReeeeeLevel:PersistentLevel' has LevelScriptBlueprint '/Game/StarterContent/Maps/NewReeeeeLevel.NewReeeeeLevel:PersistentLevel.NewReeeeeLevel' with GeneratedClass '/Game/StarterContent/Maps/NewReeeeeLevel.NewReeeeeLevel_C' with ClassGeneratedBy '/Game/StarterContent/Maps/NewReeeeeLevel.NewReeeeeLevel:PersistentLevel.NewReeeeeLevel'
[2019.01.26-23.19.40:039][548]PIE: Warning: Invalid Simulate Options: Body (Enemy_BP_Base_C_0.SkeletalMesh SKM_dimples) is set to simulate physics but Collision Enabled is incompatible
[2019.01.26-23.19.40:040][548]PIE: Warning: Invalid Simulate Options: Body (Enemy_BP_Base_C_1.SkeletalMesh SKM_dimples) is set to simulate physics but Collision Enabled is incompatible
[2019.01.26-23.19.40:041][548]PIE: Warning: Invalid Simulate Options: Body (Enemy_BP_Base_C_2.SkeletalMesh SKM_dimples) is set to simulate physics but Collision Enabled is incompatible
[2019.01.26-23.19.40:042][548]PIE: Warning: Invalid Simulate Options: Body (Enemy_BP_Base_C_3.SkeletalMesh SKM_dimples) is set to simulate physics but Collision Enabled is incompatible
[2019.01.26-23.19.40:043][548]PIE: Warning: Invalid Simulate Options: Body (Enemy_BP_Base_C_4.SkeletalMesh SKM_dimples) is set to simulate physics but Collision Enabled is incompatible
[2019.01.26-23.19.40:045][548]PIE: Warning: Invalid Simulate Options: Body (Enemy_BP_Base_C_5.SkeletalMesh SKM_dimples) is set to simulate physics but Collision Enabled is incompatible
[2019.01.26-23.19.41:863][758]PIE: Warning: Invalid Simulate Options: Body (Enemy_BP_Base_C_6.SkeletalMesh SKM_dimples) is set to simulate physics but Collision Enabled is incompatible
[2019.01.26-23.19.42:309][811]PIE: Warning: Invalid Simulate Options: Body (Enemy_BP_Base_C_7.SkeletalMesh SKM_dimples) is set to simulate physics but Collision Enabled is incompatible
[2019.01.26-23.19.43:003][894]PIE: Warning: Invalid Simulate Options: Body (Enemy_BP_Base_C_8.SkeletalMesh SKM_dimples) is set to simulate physics but Collision Enabled is incompatible
[2019.01.26-23.19.43:114][907]LogBlueprintUserMessages: Early EndPlayMap Detection: Level '/Game/StarterContent/Maps/NewReeeeeLevel.NewReeeeeLevel:PersistentLevel' has LevelScriptBlueprint '/Game/StarterContent/Maps/NewReeeeeLevel.NewReeeeeLevel:PersistentLevel.NewReeeeeLevel' with GeneratedClass '/Game/StarterContent/Maps/NewReeeeeLevel.NewReeeeeLevel_C' with ClassGeneratedBy '/Game/StarterContent/Maps/NewReeeeeLevel.NewReeeeeLevel:PersistentLevel.NewReeeeeLevel'
[2019.01.26-23.19.43:115][907]LogSlate: Updating window title bar state: overlay mode, drag disabled, window buttons hidden, title bar hidden
[2019.01.26-23.19.43:155][907]LogPlayLevel: Display: Shutting down PIE online subsystems
[2019.01.26-23.19.43:155][907]LogBlueprintUserMessages: Late EndPlayMap Detection: Level '/Game/StarterContent/Maps/NewReeeeeLevel.NewReeeeeLevel:PersistentLevel' has LevelScriptBlueprint '/Game/StarterContent/Maps/NewReeeeeLevel.NewReeeeeLevel:PersistentLevel.NewReeeeeLevel' with GeneratedClass '/Game/StarterContent/Maps/NewReeeeeLevel.NewReeeeeLevel_C' with ClassGeneratedBy '/Game/StarterContent/Maps/NewReeeeeLevel.NewReeeeeLevel:PersistentLevel.NewReeeeeLevel'
[2019.01.26-23.19.43:188][907]LogSlate: Updating window title bar state: overlay mode, drag disabled, window buttons hidden, title bar hidden
[2019.01.26-23.19.43:221][908]LogPlayLevel: Display: Destroying online subsystem :Context_1
[2019.01.26-23.19.44:021][  2]LogSlate: FSceneViewport::OnFocusLost() reason 0
[2019.01.26-23.19.48:162][492]LogActor: Warning: Pickup_BP_Weapon_C /Engine/Transient.World_1:PersistentLevel.Pickup_BP_Weapon_C_0 has natively added scene component(s), but none of them were set as the actor's RootComponent - picking one arbitrarily
[2019.01.26-23.19.48:183][493]LogActor: Warning: Pickup_BP_Food_C /Engine/Transient.World_2:PersistentLevel.Pickup_BP_Food_C_0 has natively added scene component(s), but none of them were set as the actor's RootComponent - picking one arbitrarily
[2019.01.26-23.19.48:233][496]LogActor: Warning: Fridge_BP_Base_C /Engine/Transient.World_4:PersistentLevel.Fridge_BP_Base_C_0 has natively added scene component(s), but none of them were set as the actor's RootComponent - picking one arbitrarily
[2019.01.26-23.19.49:942][694]LogAssetEditorManager: Opening Asset editor for WidgetBlueprint /Game/Fridge_Widget.Fridge_Widget
[2019.01.26-23.19.50:442][694]LogContentBrowser: Native class hierarchy updated for 'BlueprintGraph' in 0.0008 seconds. Added 116 classes and 0 folders.
[2019.01.26-23.19.51:354][694]LogSlate: Took 0.000407 seconds to synchronously load lazily loaded font '../../../Engine/Content/Slate/Fonts/Roboto-BoldCondensed.ttf' (158K)
[2019.01.26-23.19.54:951][918]LogSlate: Window 'Fridge_Widget' being destroyed
[2019.01.26-23.20.36:530][772]BlueprintLog: New page: Compile Fridge_Widget
[2019.01.26-23.20.36:546][772]LogBlueprint: Error: [Compiler Fridge_Widget] The type of  Object  is undetermined.  Connect something to  Cast To UI_Manager  to imply a specific type.
[2019.01.26-23.20.36:546][772]LogBlueprint: Error: [Compiler Fridge_Widget] The current value of the ' Object ' pin is invalid: Unsupported type Object Wildcard on pin Object
[2019.01.26-23.20.36:596][772]LogBlueprint: Warning: [Compiler Fridge_Widget] [0094.36] Compile of Fridge_Widget failed. 2 Fatal Issue(s) 0 Warning(s) [in 65 ms] (/Game/Fridge_Widget.Fridge_Widget)
[2019.01.26-23.21.11:824][975]BlueprintLog: New page: Compile Fridge_Widget
[2019.01.26-23.21.11:837][975]LogBlueprint: Error: [Compiler Fridge_Widget] The type of  Object  is undetermined.  Connect something to  Cast To UI_Manager  to imply a specific type.
[2019.01.26-23.21.11:837][975]LogBlueprint: Error: [Compiler Fridge_Widget] The current value of the ' Object ' pin is invalid: Unsupported type Object Wildcard on pin Object
[2019.01.26-23.21.11:873][975]LogBlueprint: Warning: [Compiler Fridge_Widget] [0129.64] Compile of Fridge_Widget failed. 2 Fatal Issue(s) 0 Warning(s) [in 48 ms] (/Game/Fridge_Widget.Fridge_Widget)
[2019.01.26-23.21.13:125][122]Cmd: OBJ SAVEPACKAGE PACKAGE="/Game/Fridge_Widget" FILE="../../../../../../Users/p018236h.STUDENT/Documents/GameJam/GGJ2019/GGJ2019/Content/Fridge_Widget.uasset" SILENT=true
[2019.01.26-23.21.13:230][122]LogSavePackage: Moving '../../../../../../Users/p018236h.STUDENT/Documents/GameJam/GGJ2019/GGJ2019/Saved/Fridge_Widget92D9A81A44D72070B95955AE18DECCD5.tmp' to '../../../../../../Users/p018236h.STUDENT/Documents/GameJam/GGJ2019/GGJ2019/Content/Fridge_Widget.uasset'
[2019.01.26-23.21.27:350][811]LogTemp: Repeating last play command: Selected Viewport
[2019.01.26-23.21.27:377][811]LogBlueprintUserMessages: Early PlayInEditor Detection: Level '/Game/StarterContent/Maps/NewReeeeeLevel.NewReeeeeLevel:PersistentLevel' has LevelScriptBlueprint '/Game/StarterContent/Maps/NewReeeeeLevel.NewReeeeeLevel:PersistentLevel.NewReeeeeLevel' with GeneratedClass '/Game/StarterContent/Maps/NewReeeeeLevel.NewReeeeeLevel_C' with ClassGeneratedBy '/Game/StarterContent/Maps/NewReeeeeLevel.NewReeeeeLevel:PersistentLevel.NewReeeeeLevel'
[2019.01.26-23.21.27:377][811]LogPlayLevel: PlayLevel: No blueprints needed recompiling
[2019.01.26-23.21.29:637][811]LogSlate: Window 'Message' being destroyed
[2019.01.26-23.21.48:741][ 63]BlueprintLog: New page: Compile Fridge_Widget
[2019.01.26-23.21.48:752][ 63]LogBlueprint: Warning: [Compiler Fridge_Widget] 'UI Manager' does not inherit from 'Character' ( Cast To UI_Manager  would always fail).
[2019.01.26-23.21.48:787][ 63]LogBlueprint: Warning: [Compiler Fridge_Widget] [0166.55] Compile of Fridge_Widget successful, but with 1 Warning(s) [in 45 ms] (/Game/Fridge_Widget.Fridge_Widget)
[2019.01.26-23.21.50:252][235]Cmd: OBJ SAVEPACKAGE PACKAGE="/Game/Fridge_Widget" FILE="../../../../../../Users/p018236h.STUDENT/Documents/GameJam/GGJ2019/GGJ2019/Content/Fridge_Widget.uasset" SILENT=true
[2019.01.26-23.21.50:336][235]LogSavePackage: Moving '../../../../../../Users/p018236h.STUDENT/Documents/GameJam/GGJ2019/GGJ2019/Saved/Fridge_WidgetD165AD5C4C8DD2EB669F14AFB54C1461.tmp' to '../../../../../../Users/p018236h.STUDENT/Documents/GameJam/GGJ2019/GGJ2019/Content/Fridge_Widget.uasset'
[2019.01.26-23.21.51:277][344]LogTemp: Repeating last play command: Selected Viewport
[2019.01.26-23.21.51:306][344]LogBlueprintUserMessages: Early PlayInEditor Detection: Level '/Game/StarterContent/Maps/NewReeeeeLevel.NewReeeeeLevel:PersistentLevel' has LevelScriptBlueprint '/Game/StarterContent/Maps/NewReeeeeLevel.NewReeeeeLevel:PersistentLevel.NewReeeeeLevel' with GeneratedClass '/Game/StarterContent/Maps/NewReeeeeLevel.NewReeeeeLevel_C' with ClassGeneratedBy '/Game/StarterContent/Maps/NewReeeeeLevel.NewReeeeeLevel:PersistentLevel.NewReeeeeLevel'
[2019.01.26-23.21.51:307][344]LogPlayLevel: PlayLevel: No blueprints needed recompiling
[2019.01.26-23.21.51:307][344]PIE: New page: PIE session: NewReeeeeLevel (26 Jan 2019 23:21:51)
[2019.01.26-23.21.51:307][344]LogPlayLevel: Creating play world package: /Game/StarterContent/Maps/UEDPIE_0_NewReeeeeLevel
[2019.01.26-23.21.51:334][344]LogPlayLevel: PIE: StaticDuplicateObject took: (0.026508s)
[2019.01.26-23.21.51:334][344]LogAIModule: Creating AISystem for world NewReeeeeLevel
[2019.01.26-23.21.51:335][344]LogPlayLevel: PIE: World Init took: (0.000943s)
[2019.01.26-23.21.51:335][344]LogPlayLevel: PIE: Created PIE world by copying editor world from /Game/StarterContent/Maps/NewReeeeeLevel.NewReeeeeLevel to /Game/StarterContent/Maps/UEDPIE_0_NewReeeeeLevel.NewReeeeeLevel (0.027920s)
[2019.01.26-23.21.51:371][344]LogInit: XAudio2 using 'Speakers (Realtek High Definition Audio)' : 2 channels at 48 kHz using 32 bits per sample (channel mask 0x3)
[2019.01.26-23.21.51:386][344]LogInit: FAudioDevice initialized.
[2019.01.26-23.21.51:418][344]LogLoad: Game class is 'GGJ2019GM_C'
[2019.01.26-23.21.51:424][344]LogWorld: Bringing World /Game/StarterContent/Maps/UEDPIE_0_NewReeeeeLevel.NewReeeeeLevel up for play (max tick rate 0) at 2019.01.26-23.21.51
[2019.01.26-23.21.51:426][344]LogWorld: Bringing up level for play took: 0.007985
[2019.01.26-23.21.51:441][344]PIE: Play in editor start time for /Game/StarterContent/Maps/UEDPIE_0_NewReeeeeLevel 0.619
[2019.01.26-23.21.51:442][344]LogBlueprintUserMessages: Late PlayInEditor Detection: Level '/Game/StarterContent/Maps/NewReeeeeLevel.NewReeeeeLevel:PersistentLevel' has LevelScriptBlueprint '/Game/StarterContent/Maps/NewReeeeeLevel.NewReeeeeLevel:PersistentLevel.NewReeeeeLevel' with GeneratedClass '/Game/StarterContent/Maps/NewReeeeeLevel.NewReeeeeLevel_C' with ClassGeneratedBy '/Game/StarterContent/Maps/NewReeeeeLevel.NewReeeeeLevel:PersistentLevel.NewReeeeeLevel'
[2019.01.26-23.21.51:442][344]PIE: Warning: Invalid Simulate Options: Body (Enemy_BP_Base_C_0.SkeletalMesh SKM_dimples) is set to simulate physics but Collision Enabled is incompatible
[2019.01.26-23.21.51:442][344]PIE: Warning: Invalid Simulate Options: Body (Enemy_BP_Base_C_1.SkeletalMesh SKM_dimples) is set to simulate physics but Collision Enabled is incompatible
[2019.01.26-23.21.51:444][344]PIE: Warning: Invalid Simulate Options: Body (Enemy_BP_Base_C_2.SkeletalMesh SKM_dimples) is set to simulate physics but Collision Enabled is incompatible
[2019.01.26-23.21.51:445][344]PIE: Warning: Invalid Simulate Options: Body (Enemy_BP_Base_C_3.SkeletalMesh SKM_dimples) is set to simulate physics but Collision Enabled is incompatible
[2019.01.26-23.21.51:446][344]PIE: Warning: Invalid Simulate Options: Body (Enemy_BP_Base_C_4.SkeletalMesh SKM_dimples) is set to simulate physics but Collision Enabled is incompatible
[2019.01.26-23.21.51:448][344]PIE: Warning: Invalid Simulate Options: Body (Enemy_BP_Base_C_5.SkeletalMesh SKM_dimples) is set to simulate physics but Collision Enabled is incompatible
[2019.01.26-23.21.52:130][419]PIE: Warning: Invalid Simulate Options: Body (Enemy_BP_Base_C_6.SkeletalMesh SKM_dimples) is set to simulate physics but Collision Enabled is incompatible
[2019.01.26-23.21.52:155][422]PIE: Warning: Invalid Simulate Options: Body (Enemy_BP_Base_C_7.SkeletalMesh SKM_dimples) is set to simulate physics but Collision Enabled is incompatible
[2019.01.26-23.21.52:213][429]PIE: Warning: Invalid Simulate Options: Body (Enemy_BP_Base_C_8.SkeletalMesh SKM_dimples) is set to simulate physics but Collision Enabled is incompatible
[2019.01.26-23.21.53:563][586]PIE: Warning: Invalid Simulate Options: Body (Enemy_BP_Base_C_9.SkeletalMesh SKM_dimples) is set to simulate physics but Collision Enabled is incompatible
[2019.01.26-23.21.53:631][594]LogBlueprintUserMessages: Early EndPlayMap Detection: Level '/Game/StarterContent/Maps/NewReeeeeLevel.NewReeeeeLevel:PersistentLevel' has LevelScriptBlueprint '/Game/StarterContent/Maps/NewReeeeeLevel.NewReeeeeLevel:PersistentLevel.NewReeeeeLevel' with GeneratedClass '/Game/StarterContent/Maps/NewReeeeeLevel.NewReeeeeLevel_C' with ClassGeneratedBy '/Game/StarterContent/Maps/NewReeeeeLevel.NewReeeeeLevel:PersistentLevel.NewReeeeeLevel'
[2019.01.26-23.21.53:631][594]LogSlate: Updating window title bar state: overlay mode, drag disabled, window buttons hidden, title bar hidden
[2019.01.26-23.21.53:675][594]LogPlayLevel: Display: Shutting down PIE online subsystems
[2019.01.26-23.21.53:675][594]LogBlueprintUserMessages: Late EndPlayMap Detection: Level '/Game/StarterContent/Maps/NewReeeeeLevel.NewReeeeeLevel:PersistentLevel' has LevelScriptBlueprint '/Game/StarterContent/Maps/NewReeeeeLevel.NewReeeeeLevel:PersistentLevel.NewReeeeeLevel' with GeneratedClass '/Game/StarterContent/Maps/NewReeeeeLevel.NewReeeeeLevel_C' with ClassGeneratedBy '/Game/StarterContent/Maps/NewReeeeeLevel.NewReeeeeLevel:PersistentLevel.NewReeeeeLevel'
[2019.01.26-23.21.53:740][594]LogSlate: Updating window title bar state: overlay mode, drag disabled, window buttons hidden, title bar hidden
[2019.01.26-23.21.53:772][595]LogPlayLevel: Display: Destroying online subsystem :Context_11
[2019.01.26-23.21.54:990][738]LogSlate: FSceneViewport::OnFocusLost() reason 0
[2019.01.26-23.22.00:015][339]LogSlate: Window 'Message Log' being destroyed
[2019.01.26-23.22.00:020][339]LogSlate: Window 'Message Log' being destroyed
[2019.01.26-23.23.03:463][760]LogAssetEditorManager: Opening Asset editor for LevelScriptBlueprint /Game/StarterContent/Maps/NewReeeeeLevel.NewReeeeeLevel:PersistentLevel.NewReeeeeLevel
[2019.01.26-23.23.03:884][761]LogSlate: Took 0.000308 seconds to synchronously load lazily loaded font '../../../Engine/Content/Slate/Fonts/Roboto-Italic.ttf' (157K)
[2019.01.26-23.29.41:244][670]LogSavePackage: Moving '../../../../../../Users/p018236h.STUDENT/Documents/GameJam/GGJ2019/GGJ2019/Saved/NewReeeeeLevel_Auto17D6328834045EF0B48E025A9F4DCABE1.tmp' to '../../../../../../Users/p018236h.STUDENT/Documents/GameJam/GGJ2019/GGJ2019/Saved/Autosaves/Game/StarterContent/Maps/NewReeeeeLevel_Auto1.umap'
[2019.01.26-23.29.41:258][670]LogFileHelpers: Editor autosave (incl. sublevels) for '/Game/StarterContent/Maps/NewReeeeeLevel' took 0.731
[2019.01.26-23.29.41:258][670]LogFileHelpers: Editor autosave (incl. sublevels) for all levels took 0.731
[2019.01.26-23.37.32:919][128]LogTemp: Repeating last play command: Selected Viewport
[2019.01.26-23.37.32:948][128]LogBlueprintUserMessages: Early PlayInEditor Detection: Level '/Game/StarterContent/Maps/NewReeeeeLevel.NewReeeeeLevel:PersistentLevel' has LevelScriptBlueprint '/Game/StarterContent/Maps/NewReeeeeLevel.NewReeeeeLevel:PersistentLevel.NewReeeeeLevel' with GeneratedClass '/Game/StarterContent/Maps/NewReeeeeLevel.NewReeeeeLevel_C' with ClassGeneratedBy '/Game/StarterContent/Maps/NewReeeeeLevel.NewReeeeeLevel:PersistentLevel.NewReeeeeLevel'
[2019.01.26-23.37.32:949][128]LogPlayLevel: PlayLevel: No blueprints needed recompiling
[2019.01.26-23.37.32:949][128]PIE: New page: PIE session: NewReeeeeLevel (26 Jan 2019 23:37:32)
[2019.01.26-23.37.32:949][128]LogPlayLevel: Creating play world package: /Game/StarterContent/Maps/UEDPIE_0_NewReeeeeLevel
[2019.01.26-23.37.32:977][128]LogPlayLevel: PIE: StaticDuplicateObject took: (0.027816s)
[2019.01.26-23.37.32:978][128]LogAIModule: Creating AISystem for world NewReeeeeLevel
[2019.01.26-23.37.32:978][128]LogPlayLevel: PIE: World Init took: (0.000909s)
[2019.01.26-23.37.32:978][128]LogPlayLevel: PIE: Created PIE world by copying editor world from /Game/StarterContent/Maps/NewReeeeeLevel.NewReeeeeLevel to /Game/StarterContent/Maps/UEDPIE_0_NewReeeeeLevel.NewReeeeeLevel (0.029196s)
[2019.01.26-23.37.33:016][128]LogInit: XAudio2 using 'Speakers (Realtek High Definition Audio)' : 2 channels at 48 kHz using 32 bits per sample (channel mask 0x3)
[2019.01.26-23.37.33:031][128]LogInit: FAudioDevice initialized.
[2019.01.26-23.37.33:064][128]LogLoad: Game class is 'GGJ2019GM_C'
[2019.01.26-23.37.33:070][128]LogWorld: Bringing World /Game/StarterContent/Maps/UEDPIE_0_NewReeeeeLevel.NewReeeeeLevel up for play (max tick rate 0) at 2019.01.26-23.37.33
[2019.01.26-23.37.33:074][128]LogWorld: Bringing up level for play took: 0.008368
[2019.01.26-23.37.33:088][128]PIE: Play in editor start time for /Game/StarterContent/Maps/UEDPIE_0_NewReeeeeLevel 0.268
[2019.01.26-23.37.33:088][128]LogBlueprintUserMessages: Late PlayInEditor Detection: Level '/Game/StarterContent/Maps/NewReeeeeLevel.NewReeeeeLevel:PersistentLevel' has LevelScriptBlueprint '/Game/StarterContent/Maps/NewReeeeeLevel.NewReeeeeLevel:PersistentLevel.NewReeeeeLevel' with GeneratedClass '/Game/StarterContent/Maps/NewReeeeeLevel.NewReeeeeLevel_C' with ClassGeneratedBy '/Game/StarterContent/Maps/NewReeeeeLevel.NewReeeeeLevel:PersistentLevel.NewReeeeeLevel'
[2019.01.26-23.37.33:089][128]PIE: Warning: Invalid Simulate Options: Body (Enemy_BP_Base_C_0.SkeletalMesh SKM_dimples) is set to simulate physics but Collision Enabled is incompatible
[2019.01.26-23.37.33:089][128]PIE: Warning: Invalid Simulate Options: Body (Enemy_BP_Base_C_1.SkeletalMesh SKM_dimples) is set to simulate physics but Collision Enabled is incompatible
[2019.01.26-23.37.33:090][128]PIE: Warning: Invalid Simulate Options: Body (Enemy_BP_Base_C_2.SkeletalMesh SKM_dimples) is set to simulate physics but Collision Enabled is incompatible
[2019.01.26-23.37.33:090][128]PIE: Warning: Invalid Simulate Options: Body (Enemy_BP_Base_C_3.SkeletalMesh SKM_dimples) is set to simulate physics but Collision Enabled is incompatible
[2019.01.26-23.37.33:091][128]PIE: Warning: Invalid Simulate Options: Body (Enemy_BP_Base_C_4.SkeletalMesh SKM_dimples) is set to simulate physics but Collision Enabled is incompatible
[2019.01.26-23.37.33:092][128]PIE: Warning: Invalid Simulate Options: Body (Enemy_BP_Base_C_5.SkeletalMesh SKM_dimples) is set to simulate physics but Collision Enabled is incompatible
[2019.01.26-23.37.33:296][147]PIE: Warning: Invalid Simulate Options: Body (Enemy_BP_Base_C_6.SkeletalMesh SKM_dimples) is set to simulate physics but Collision Enabled is incompatible
[2019.01.26-23.37.34:391][276]PIE: Warning: Invalid Simulate Options: Body (Enemy_BP_Base_C_7.SkeletalMesh SKM_dimples) is set to simulate physics but Collision Enabled is incompatible
[2019.01.26-23.37.34:617][303]PIE: Warning: Invalid Simulate Options: Body (Enemy_BP_Base_C_8.SkeletalMesh SKM_dimples) is set to simulate physics but Collision Enabled is incompatible
[2019.01.26-23.37.36:238][496]PIE: Warning: Invalid Simulate Options: Body (Enemy_BP_Base_C_9.SkeletalMesh SKM_dimples) is set to simulate physics but Collision Enabled is incompatible
[2019.01.26-23.37.37:125][601]PIE: Warning: Invalid Simulate Options: Body (Enemy_BP_Base_C_10.SkeletalMesh SKM_dimples) is set to simulate physics but Collision Enabled is incompatible
[2019.01.26-23.37.37:669][666]PIE: Warning: Invalid Simulate Options: Body (Enemy_BP_Base_C_11.SkeletalMesh SKM_dimples) is set to simulate physics but Collision Enabled is incompatible
[2019.01.26-23.37.37:753][676]PIE: Warning: Invalid Simulate Options: Body (Enemy_BP_Base_C_12.SkeletalMesh SKM_dimples) is set to simulate physics but Collision Enabled is incompatible
[2019.01.26-23.37.37:845][687]PIE: Warning: Invalid Simulate Options: Body (Enemy_BP_Base_C_13.SkeletalMesh SKM_dimples) is set to simulate physics but Collision Enabled is incompatible
[2019.01.26-23.37.38:823][802]PIE: Warning: Invalid Simulate Options: Body (Enemy_BP_Base_C_14.SkeletalMesh SKM_dimples) is set to simulate physics but Collision Enabled is incompatible
[2019.01.26-23.37.38:866][807]PIE: Warning: Invalid Simulate Options: Body (Enemy_BP_Base_C_15.SkeletalMesh SKM_dimples) is set to simulate physics but Collision Enabled is incompatible
[2019.01.26-23.37.39:453][877]PIE: Warning: Invalid Simulate Options: Body (Enemy_BP_Base_C_16.SkeletalMesh SKM_dimples) is set to simulate physics but Collision Enabled is incompatible
[2019.01.26-23.37.39:763][911]PIE: Warning: Invalid Simulate Options: Body (Enemy_BP_Base_C_17.SkeletalMesh SKM_dimples) is set to simulate physics but Collision Enabled is incompatible
[2019.01.26-23.37.39:823][918]PIE: Warning: Invalid Simulate Options: Body (Enemy_BP_Base_C_18.SkeletalMesh SKM_dimples) is set to simulate physics but Collision Enabled is incompatible
[2019.01.26-23.37.39:890][925]PIE: Warning: Invalid Simulate Options: Body (Enemy_BP_Base_C_19.SkeletalMesh SKM_dimples) is set to simulate physics but Collision Enabled is incompatible
[2019.01.26-23.37.41:132][ 69]PIE: Warning: Invalid Simulate Options: Body (Enemy_BP_Base_C_20.SkeletalMesh SKM_dimples) is set to simulate physics but Collision Enabled is incompatible
[2019.01.26-23.37.41:509][113]PIE: Warning: Invalid Simulate Options: Body (Enemy_BP_Base_C_21.SkeletalMesh SKM_dimples) is set to simulate physics but Collision Enabled is incompatible
[2019.01.26-23.37.41:850][153]PIE: Warning: Invalid Simulate Options: Body (Enemy_BP_Base_C_22.SkeletalMesh SKM_dimples) is set to simulate physics but Collision Enabled is incompatible
[2019.01.26-23.37.42:505][224]PIE: Warning: Invalid Simulate Options: Body (Enemy_BP_Base_C_23.SkeletalMesh SKM_dimples) is set to simulate physics but Collision Enabled is incompatible
[2019.01.26-23.37.46:018][613]PIE: Warning: Invalid Simulate Options: Body (Enemy_BP_Base_C_24.SkeletalMesh SKM_dimples) is set to simulate physics but Collision Enabled is incompatible
[2019.01.26-23.37.46:103][622]PIE: Warning: Invalid Simulate Options: Body (Enemy_BP_Base_C_25.SkeletalMesh SKM_dimples) is set to simulate physics but Collision Enabled is incompatible
[2019.01.26-23.37.48:097][825]PIE: Warning: Invalid Simulate Options: Body (Enemy_BP_Base_C_26.SkeletalMesh SKM_dimples) is set to simulate physics but Collision Enabled is incompatible
[2019.01.26-23.37.48:665][882]PIE: Warning: Invalid Simulate Options: Body (Enemy_BP_Base_C_27.SkeletalMesh SKM_dimples) is set to simulate physics but Collision Enabled is incompatible
[2019.01.26-23.37.50:123][ 27]PIE: Warning: Invalid Simulate Options: Body (Enemy_BP_Base_C_28.SkeletalMesh SKM_dimples) is set to simulate physics but Collision Enabled is incompatible
[2019.01.26-23.37.51:130][125]PIE: Warning: Invalid Simulate Options: Body (Enemy_BP_Base_C_29.SkeletalMesh SKM_dimples) is set to simulate physics but Collision Enabled is incompatible
[2019.01.26-23.37.51:616][171]PIE: Warning: Invalid Simulate Options: Body (Enemy_BP_Base_C_30.SkeletalMesh SKM_dimples) is set to simulate physics but Collision Enabled is incompatible
[2019.01.26-23.37.52:874][287]PIE: Warning: Invalid Simulate Options: Body (Enemy_BP_Base_C_31.SkeletalMesh SKM_dimples) is set to simulate physics but Collision Enabled is incompatible
[2019.01.26-23.37.53:319][327]PIE: Warning: Invalid Simulate Options: Body (Enemy_BP_Base_C_32.SkeletalMesh SKM_dimples) is set to simulate physics but Collision Enabled is incompatible
[2019.01.26-23.37.54:301][412]PIE: Warning: Invalid Simulate Options: Body (Enemy_BP_Base_C_33.SkeletalMesh SKM_dimples) is set to simulate physics but Collision Enabled is incompatible
[2019.01.26-23.37.59:094][803]PIE: Warning: Invalid Simulate Options: Body (Enemy_BP_Base_C_34.SkeletalMesh SKM_dimples) is set to simulate physics but Collision Enabled is incompatible
[2019.01.26-23.37.59:785][856]PIE: Warning: Invalid Simulate Options: Body (Enemy_BP_Base_C_35.SkeletalMesh SKM_dimples) is set to simulate physics but Collision Enabled is incompatible
[2019.01.26-23.37.59:891][864]PIE: Warning: Invalid Simulate Options: Body (Enemy_BP_Base_C_36.SkeletalMesh SKM_dimples) is set to simulate physics but Collision Enabled is incompatible
[2019.01.26-23.38.02:044][ 27]PIE: Warning: Invalid Simulate Options: Body (Enemy_BP_Base_C_37.SkeletalMesh SKM_dimples) is set to simulate physics but Collision Enabled is incompatible
[2019.01.26-23.38.02:941][ 95]PIE: Warning: Invalid Simulate Options: Body (Enemy_BP_Base_C_38.SkeletalMesh SKM_dimples) is set to simulate physics but Collision Enabled is incompatible
[2019.01.26-23.38.02:942][ 95]PIE: Warning: Invalid Simulate Options: Body (Enemy_BP_Base_C_39.SkeletalMesh SKM_dimples) is set to simulate physics but Collision Enabled is incompatible
[2019.01.26-23.38.02:943][ 95]PIE: Warning: Invalid Simulate Options: Body (Enemy_BP_Base_C_40.SkeletalMesh SKM_dimples) is set to simulate physics but Collision Enabled is incompatible
[2019.01.26-23.38.02:943][ 95]PIE: Warning: Invalid Simulate Options: Body (Enemy_BP_Base_C_41.SkeletalMesh SKM_dimples) is set to simulate physics but Collision Enabled is incompatible
[2019.01.26-23.38.02:944][ 95]PIE: Warning: Invalid Simulate Options: Body (Enemy_BP_Base_C_42.SkeletalMesh SKM_dimples) is set to simulate physics but Collision Enabled is incompatible
[2019.01.26-23.38.02:944][ 95]PIE: Warning: Invalid Simulate Options: Body (Enemy_BP_Base_C_43.SkeletalMesh SKM_dimples) is set to simulate physics but Collision Enabled is incompatible
[2019.01.26-23.38.06:041][314]PIE: Warning: Invalid Simulate Options: Body (Enemy_BP_Base_C_44.SkeletalMesh SKM_dimples) is set to simulate physics but Collision Enabled is incompatible
[2019.01.26-23.38.06:730][362]PIE: Warning: Invalid Simulate Options: Body (Enemy_BP_Base_C_45.SkeletalMesh SKM_dimples) is set to simulate physics but Collision Enabled is incompatible
[2019.01.26-23.38.07:308][401]PIE: Warning: Invalid Simulate Options: Body (Enemy_BP_Base_C_46.SkeletalMesh SKM_dimples) is set to simulate physics but Collision Enabled is incompatible
[2019.01.26-23.38.07:620][422]PIE: Warning: Invalid Simulate Options: Body (Enemy_BP_Base_C_47.SkeletalMesh SKM_dimples) is set to simulate physics but Collision Enabled is incompatible
[2019.01.26-23.38.09:058][517]PIE: Warning: Invalid Simulate Options: Body (Enemy_BP_Base_C_48.SkeletalMesh SKM_dimples) is set to simulate physics but Collision Enabled is incompatible
[2019.01.26-23.38.09:650][556]PIE: Warning: Invalid Simulate Options: Body (Enemy_BP_Base_C_49.SkeletalMesh SKM_dimples) is set to simulate physics but Collision Enabled is incompatible
[2019.01.26-23.38.12:085][707]PIE: Warning: Invalid Simulate Options: Body (Enemy_BP_Base_C_50.SkeletalMesh SKM_dimples) is set to simulate physics but Collision Enabled is incompatible
[2019.01.26-23.38.22:349][359]LogBlueprintUserMessages: Early EndPlayMap Detection: Level '/Game/StarterContent/Maps/NewReeeeeLevel.NewReeeeeLevel:PersistentLevel' has LevelScriptBlueprint '/Game/StarterContent/Maps/NewReeeeeLevel.NewReeeeeLevel:PersistentLevel.NewReeeeeLevel' with GeneratedClass '/Game/StarterContent/Maps/NewReeeeeLevel.NewReeeeeLevel_C' with ClassGeneratedBy '/Game/StarterContent/Maps/NewReeeeeLevel.NewReeeeeLevel:PersistentLevel.NewReeeeeLevel'
[2019.01.26-23.38.22:349][359]LogSlate: Updating window title bar state: overlay mode, drag disabled, window buttons hidden, title bar hidden
[2019.01.26-23.38.22:401][359]LogPlayLevel: Display: Shutting down PIE online subsystems
[2019.01.26-23.38.22:401][359]LogBlueprintUserMessages: Late EndPlayMap Detection: Level '/Game/StarterContent/Maps/NewReeeeeLevel.NewReeeeeLevel:PersistentLevel' has LevelScriptBlueprint '/Game/StarterContent/Maps/NewReeeeeLevel.NewReeeeeLevel:PersistentLevel.NewReeeeeLevel' with GeneratedClass '/Game/StarterContent/Maps/NewReeeeeLevel.NewReeeeeLevel_C' with ClassGeneratedBy '/Game/StarterContent/Maps/NewReeeeeLevel.NewReeeeeLevel:PersistentLevel.NewReeeeeLevel'
[2019.01.26-23.38.22:436][359]LogSlate: Updating window title bar state: overlay mode, drag disabled, window buttons hidden, title bar hidden
[2019.01.26-23.38.22:484][360]LogPlayLevel: Display: Destroying online subsystem :Context_13
[2019.01.26-23.40.03:562][150]LogEditorViewport: Clicking on Actor (LMB): BP_Sky_Sphere_C (BP_Sky_Sphere)
[2019.01.26-23.40.05:074][323]LogEditorViewport: Clicking on Actor (LMB): BP_Sky_Sphere_C (BP_Sky_Sphere)
[2019.01.26-23.40.05:825][409]LogEditorViewport: Clicking on Actor (context menu): BP_Sky_Sphere_C (BP_Sky_Sphere)
[2019.01.26-23.40.05:852][409]LogSlate: FSceneViewport::OnFocusLost() reason 2
[2019.01.26-23.41.29:808][388]LogSlate: FSceneViewport::OnFocusLost() reason 0
[2019.01.26-23.41.33:946][773]LogSavePackage: Moving '../../../../../../Users/p018236h.STUDENT/Documents/GameJam/GGJ2019/GGJ2019/Saved/NewReeeeeLevel31795DF04EFE49696BF7499DE67A81D8.tmp' to '../../../../../../Users/p018236h.STUDENT/Documents/GameJam/GGJ2019/GGJ2019/Content/StarterContent/Maps/NewReeeeeLevel.umap'
[2019.01.26-23.41.34:019][773]LogFileHelpers: Saving map 'NewReeeeeLevel' took 0.973
[2019.01.26-23.42.00:277][866]LogAssetEditorManager: Opening Asset editor for Blueprint /Game/UI_BP_Manager.UI_BP_Manager
[2019.01.26-23.42.53:086][176]Cmd: OBJ SAVEPACKAGE PACKAGE="/Game/Fridge_Widget" FILE="../../../../../../Users/p018236h.STUDENT/Documents/GameJam/GGJ2019/GGJ2019/Content/Fridge_Widget.uasset" SILENT=true
[2019.01.26-23.42.53:173][176]LogSavePackage: Moving '../../../../../../Users/p018236h.STUDENT/Documents/GameJam/GGJ2019/GGJ2019/Saved/Fridge_WidgetC2BF8366415A3599E6FF10B5E55D90D4.tmp' to '../../../../../../Users/p018236h.STUDENT/Documents/GameJam/GGJ2019/GGJ2019/Content/Fridge_Widget.uasset'
[2019.01.26-23.42.54:655][350]BlueprintLog: New page: Compile Fridge_Widget
[2019.01.26-23.42.54:668][350]LogBlueprint: Error: [Compiler Fridge_Widget] The type of  Object  is undetermined.  Connect something to  Cast To UI_Manager  to imply a specific type.
[2019.01.26-23.42.54:668][350]LogBlueprint: Error: [Compiler Fridge_Widget] The current value of the ' Object ' pin is invalid: Unsupported type Wildcard on pin Object
[2019.01.26-23.42.54:710][350]LogBlueprint: Warning: [Compiler Fridge_Widget] [1432.48] Compile of Fridge_Widget failed. 2 Fatal Issue(s) 0 Warning(s) [in 55 ms] (/Game/Fridge_Widget.Fridge_Widget)
[2019.01.26-23.42.55:582][452]Cmd: OBJ SAVEPACKAGE PACKAGE="/Game/Fridge_Widget" FILE="../../../../../../Users/p018236h.STUDENT/Documents/GameJam/GGJ2019/GGJ2019/Content/Fridge_Widget.uasset" SILENT=true
[2019.01.26-23.42.55:687][452]LogSavePackage: Moving '../../../../../../Users/p018236h.STUDENT/Documents/GameJam/GGJ2019/GGJ2019/Saved/Fridge_Widget15108D3A4F4A35B12167EC9D79E0353B.tmp' to '../../../../../../Users/p018236h.STUDENT/Documents/GameJam/GGJ2019/GGJ2019/Content/Fridge_Widget.uasset'
[2019.01.26-23.43.18:060][132]LogEditorTransaction: Undo Delete current selection
[2019.01.26-23.43.21:532][544]BlueprintLog: New page: Compile Fridge_Widget
[2019.01.26-23.43.21:543][544]LogBlueprint: Warning: [Compiler Fridge_Widget] 'UI Manager' does not inherit from 'Character' ( Cast To UI_Manager  would always fail).
[2019.01.26-23.43.21:586][544]LogBlueprint: Warning: [Compiler Fridge_Widget] [1459.36] Compile of Fridge_Widget successful, but with 1 Warning(s) [in 53 ms] (/Game/Fridge_Widget.Fridge_Widget)
[2019.01.26-23.43.22:237][619]Cmd: OBJ SAVEPACKAGE PACKAGE="/Game/Fridge_Widget" FILE="../../../../../../Users/p018236h.STUDENT/Documents/GameJam/GGJ2019/GGJ2019/Content/Fridge_Widget.uasset" SILENT=true
[2019.01.26-23.43.22:316][619]LogSavePackage: Moving '../../../../../../Users/p018236h.STUDENT/Documents/GameJam/GGJ2019/GGJ2019/Saved/Fridge_Widget6BF7A16145E064E0857DDA9C4CB38356.tmp' to '../../../../../../Users/p018236h.STUDENT/Documents/GameJam/GGJ2019/GGJ2019/Content/Fridge_Widget.uasset'
[2019.01.26-23.43.26:226][994]LogSavePackage: Moving '../../../../../../Users/p018236h.STUDENT/Documents/GameJam/GGJ2019/GGJ2019/Saved/NewReeeeeLevelE95E7816497DB88876DA28A071619975.tmp' to '../../../../../../Users/p018236h.STUDENT/Documents/GameJam/GGJ2019/GGJ2019/Content/StarterContent/Maps/NewReeeeeLevel.umap'
[2019.01.26-23.43.27:354][ 63]LogSlate: Window 'GGJ2019 - Unreal Editor' being destroyed
[2019.01.26-23.43.27:583][ 64]Cmd: QUIT_EDITOR
[2019.01.26-23.43.28:024][ 64]LogWindowsTextInputMethodSystem: Display: IME system now deactivated.
[2019.01.26-23.43.28:042][ 64]LogExit: Preparing to exit.
[2019.01.26-23.43.28:845][ 64]LogExit: Editor shut down
[2019.01.26-23.43.28:846][ 64]LogExit: Transaction tracking system shut down
[2019.01.26-23.43.29:706][ 64]LogExit: Object subsystem successfully closed.
[2019.01.26-23.43.29:740][ 64]LogShaderCompilers: Display: Shaders left to compile 0
[2019.01.26-23.43.29:747][ 64]LogD3D11RHI: Shutdown
[2019.01.26-23.43.29:747][ 64]LogD3D11RHI: CleanupD3DDevice
[2019.01.26-23.43.29:754][ 64]LogD3D11RHI: ~FD3D11DynamicRHI
[2019.01.26-23.43.29:834][ 64]LogModuleManager: Shutting down and abandoning module SequencerWidgets (620)
[2019.01.26-23.43.29:834][ 64]LogModuleManager: Shutting down and abandoning module BlueprintGraph (618)
[2019.01.26-23.43.29:834][ 64]LogModuleManager: Shutting down and abandoning module MovieSceneCapture (616)
[2019.01.26-23.43.29:834][ 64]LogModuleManager: Shutting down and abandoning module Voice (614)
[2019.01.26-23.43.29:835][ 64]LogModuleManager: Shutting down and abandoning module HierarchicalLODOutliner (612)
[2019.01.26-23.43.29:835][ 64]LogModuleManager: Shutting down and abandoning module SceneOutliner (610)
[2019.01.26-23.43.29:835][ 64]LogModuleManager: Shutting down and abandoning module AddContentDialog (608)
[2019.01.26-23.43.29:836][ 64]LogModuleManager: Shutting down and abandoning module WidgetCarousel (607)
[2019.01.26-23.43.29:836][ 64]LogModuleManager: Shutting down and abandoning module EditorWidgets (604)
[2019.01.26-23.43.29:836][ 64]LogModuleManager: Shutting down and abandoning module CollectionManager (602)
[2019.01.26-23.43.29:837][ 64]LogModuleManager: Shutting down and abandoning module StatsViewer (600)
[2019.01.26-23.43.29:837][ 64]LogModuleManager: Shutting down and abandoning module FoliageEdit (598)
[2019.01.26-23.43.29:837][ 64]LogModuleManager: Shutting down and abandoning module LandscapeEditor (596)
[2019.01.26-23.43.29:837][ 64]LogModuleManager: Shutting down and abandoning module MeshPaintMode (594)
[2019.01.26-23.43.29:837][ 64]LogModuleManager: Shutting down and abandoning module SceneDepthPickerMode (592)
[2019.01.26-23.43.29:837][ 64]LogModuleManager: Shutting down and abandoning module ActorPickerMode (590)
[2019.01.26-23.43.29:837][ 64]LogModuleManager: Shutting down and abandoning module GeometryMode (588)
[2019.01.26-23.43.29:837][ 64]LogModuleManager: Shutting down and abandoning module TextureAlignMode (586)
[2019.01.26-23.43.29:838][ 64]LogModuleManager: Shutting down and abandoning module BspMode (584)
[2019.01.26-23.43.29:838][ 64]LogModuleManager: Shutting down and abandoning module PIEPreviewDeviceProfileSelector (582)
[2019.01.26-23.43.29:838][ 64]LogModuleManager: Shutting down and abandoning module SequenceRecorderSections (580)
[2019.01.26-23.43.29:838][ 64]LogModuleManager: Shutting down and abandoning module AutomationWorker (578)
[2019.01.26-23.43.29:838][ 64]LogModuleManager: Shutting down and abandoning module AudioCaptureEditor (576)
[2019.01.26-23.43.29:839][ 64]LogModuleManager: Shutting down and abandoning module SequenceRecorder (575)
[2019.01.26-23.43.29:839][ 64]LogModuleManager: Shutting down and abandoning module MatineeToLevelSequence (572)
[2019.01.26-23.43.29:839][ 64]LogModuleManager: Shutting down and abandoning module LevelSequenceEditor (570)
[2019.01.26-23.43.29:839][ 64]LogModuleManager: Shutting down and abandoning module PlacementMode (569)
[2019.01.26-23.43.29:840][ 64]LogModuleManager: Shutting down and abandoning module MaterialEditor (568)
[2019.01.26-23.43.29:840][ 64]LogModuleManager: Shutting down and abandoning module WmfMediaFactory (564)
[2019.01.26-23.43.29:840][ 64]LogModuleManager: Shutting down and abandoning module WmfMediaEditor (562)
[2019.01.26-23.43.29:840][ 64]LogModuleManager: Shutting down and abandoning module MediaPlayerEditor (560)
[2019.01.26-23.43.29:840][ 64]LogModuleManager: Shutting down and abandoning module OpenExrWrapper (558)
[2019.01.26-23.43.29:841][ 64]LogModuleManager: Shutting down and abandoning module ImgMediaFactory (556)
[2019.01.26-23.43.29:841][ 64]LogModuleManager: Shutting down and abandoning module ImgMediaEditor (554)
[2019.01.26-23.43.29:841][ 64]LogModuleManager: Shutting down and abandoning module AvfMediaFactory (552)
[2019.01.26-23.43.29:841][ 64]LogModuleManager: Shutting down and abandoning module AvfMediaEditor (550)
[2019.01.26-23.43.29:841][ 64]LogModuleManager: Shutting down and abandoning module AndroidMediaFactory (548)
[2019.01.26-23.43.29:841][ 64]LogModuleManager: Shutting down and abandoning module AndroidMediaEditor (546)
[2019.01.26-23.43.29:841][ 64]LogModuleManager: Shutting down and abandoning module MagicLeapCameraPreviewFactory (544)
[2019.01.26-23.43.29:842][ 64]LogModuleManager: Shutting down and abandoning module MagicLeapMediaFactory (542)
[2019.01.26-23.43.29:842][ 64]LogModuleManager: Shutting down and abandoning module MagicLeapMediaEditor (540)
[2019.01.26-23.43.29:842][ 64]LogModuleManager: Shutting down and abandoning module CharacterAI (538)
[2019.01.26-23.43.29:842][ 64]LogModuleManager: Shutting down and abandoning module SmartSnapping (536)
[2019.01.26-23.43.29:842][ 64]LogModuleManager: Shutting down and abandoning module SessionServices (534)
[2019.01.26-23.43.29:842][ 64]LogModuleManager: Shutting down and abandoning module ViewportSnapping (532)
[2019.01.26-23.43.29:843][ 64]LogModuleManager: Shutting down and abandoning module ViewportInteraction (530)
[2019.01.26-23.43.29:843][ 64]LogModuleManager: Shutting down and abandoning module ClothPainter (528)
[2019.01.26-23.43.29:843][ 64]LogModuleManager: Shutting down and abandoning module SkeletalMeshEditor (527)
[2019.01.26-23.43.29:843][ 64]LogModuleManager: Shutting down and abandoning module LogVisualizer (524)
[2019.01.26-23.43.29:843][ 64]LogModuleManager: Shutting down and abandoning module IntroTutorials (522)
[2019.01.26-23.43.29:844][ 64]LogModuleManager: Shutting down and abandoning module GameProjectGeneration (521)
[2019.01.26-23.43.29:844][ 64]LogModuleManager: Shutting down and abandoning module LuminPlatformEditor (518)
[2019.01.26-23.43.29:844][ 64]LogModuleManager: Shutting down and abandoning module IOSPlatformEditor (516)
[2019.01.26-23.43.29:844][ 64]LogModuleManager: Shutting down and abandoning module HTML5PlatformEditor (514)
[2019.01.26-23.43.29:844][ 64]LogModuleManager: Shutting down and abandoning module AndroidPlatformEditor (512)
[2019.01.26-23.43.29:844][ 64]LogModuleManager: Shutting down and abandoning module AndroidDeviceDetection (511)
[2019.01.26-23.43.30:138][ 64]LogModuleManager: Shutting down and abandoning module WindowsPlatformEditor (508)
[2019.01.26-23.43.30:138][ 64]LogModuleManager: Shutting down and abandoning module LuminRuntimeSettings (506)
[2019.01.26-23.43.30:138][ 64]LogModuleManager: Shutting down and abandoning module IOSRuntimeSettings (504)
[2019.01.26-23.43.30:138][ 64]LogModuleManager: Shutting down and abandoning module AndroidRuntimeSettings (502)
[2019.01.26-23.43.30:138][ 64]LogModuleManager: Shutting down and abandoning module InputBindingEditor (500)
[2019.01.26-23.43.30:139][ 64]LogModuleManager: Shutting down and abandoning module MergeActors (498)
[2019.01.26-23.43.30:139][ 64]LogModuleManager: Shutting down and abandoning module LocalizationDashboard (496)
[2019.01.26-23.43.30:139][ 64]LogModuleManager: Shutting down and abandoning module LocalizationService (495)
[2019.01.26-23.43.30:139][ 64]LogModuleManager: Shutting down and abandoning module HardwareTargeting (492)
[2019.01.26-23.43.30:140][ 64]LogModuleManager: Shutting down and abandoning module DeviceProfileEditor (490)
[2019.01.26-23.43.30:140][ 64]LogModuleManager: Shutting down and abandoning module UndoHistory (488)
[2019.01.26-23.43.30:140][ 64]LogModuleManager: Shutting down and abandoning module XmlParser (486)
[2019.01.26-23.43.30:140][ 64]LogModuleManager: Shutting down and abandoning module Blutility (484)
[2019.01.26-23.43.30:140][ 64]LogModuleManager: Shutting down and abandoning module ProjectSettingsViewer (482)
[2019.01.26-23.43.30:141][ 64]LogModuleManager: Shutting down and abandoning module ProjectTargetPlatformEditor (481)
[2019.01.26-23.43.30:141][ 64]LogModuleManager: Shutting down and abandoning module EditorSettingsViewer (478)
[2019.01.26-23.43.30:141][ 64]LogModuleManager: Shutting down and abandoning module SettingsEditor (476)
[2019.01.26-23.43.30:141][ 64]LogModuleManager: Shutting down and abandoning module ProjectLauncher (474)
[2019.01.26-23.43.30:142][ 64]LogModuleManager: Shutting down and abandoning module SessionFrontend (472)
[2019.01.26-23.43.30:142][ 64]LogModuleManager: Shutting down and abandoning module ProfilerClient (470)
[2019.01.26-23.43.30:142][ 64]LogModuleManager: Shutting down and abandoning module DeviceManager (468)
[2019.01.26-23.43.30:142][ 64]LogModuleManager: Shutting down and abandoning module TargetDeviceServices (467)
[2019.01.26-23.43.30:207][ 64]LogModuleManager: Shutting down and abandoning module AutomationController (464)
[2019.01.26-23.43.30:207][ 64]LogModuleManager: Shutting down and abandoning module AutomationWindow (462)
[2019.01.26-23.43.30:207][ 64]LogModuleManager: Shutting down and abandoning module Layers (460)
[2019.01.26-23.43.30:207][ 64]LogModuleManager: Shutting down and abandoning module ComponentVisualizers (458)
[2019.01.26-23.43.30:208][ 64]LogModuleManager: Shutting down and abandoning module DetailCustomizations (456)
[2019.01.26-23.43.30:208][ 64]LogModuleManager: Shutting down and abandoning module PackagesDialog (454)
[2019.01.26-23.43.30:208][ 64]LogModuleManager: Shutting down and abandoning module Persona (452)
[2019.01.26-23.43.30:209][ 64]LogModuleManager: Shutting down and abandoning module AdvancedPreviewScene (451)
[2019.01.26-23.43.30:209][ 64]LogModuleManager: Shutting down and abandoning module AnimGraph (449)
[2019.01.26-23.43.30:209][ 64]LogModuleManager: Shutting down and abandoning module Kismet (446)
[2019.01.26-23.43.30:221][ 64]LogModuleManager: Shutting down and abandoning module GraphEditor (444)
[2019.01.26-23.43.30:221][ 64]LogModuleManager: Shutting down and abandoning module ClassViewer (442)
[2019.01.26-23.43.30:221][ 64]LogModuleManager: Shutting down and abandoning module Toolbox (440)
[2019.01.26-23.43.30:221][ 64]LogModuleManager: Shutting down and abandoning module DesktopPlatform (439)
[2019.01.26-23.43.30:222][ 64]LogModuleManager: Shutting down and abandoning module ModuleUI (436)
[2019.01.26-23.43.30:222][ 64]LogModuleManager: Shutting down and abandoning module MovieSceneTools (434)
[2019.01.26-23.43.30:222][ 64]LogModuleManager: Shutting down and abandoning module OutputLog (432)
[2019.01.26-23.43.30:222][ 64]LogModuleManager: Shutting down and abandoning module GammaUI (430)
[2019.01.26-23.43.30:222][ 64]LogModuleManager: Shutting down and abandoning module Documentation (428)
[2019.01.26-23.43.30:223][ 64]LogModuleManager: Shutting down and abandoning module MovieSceneTracks (426)
[2019.01.26-23.43.30:223][ 64]LogModuleManager: Shutting down and abandoning module MovieScene (424)
[2019.01.26-23.43.30:223][ 64]LogModuleManager: Shutting down and abandoning module StreamingPauseRendering (422)
[2019.01.26-23.43.30:223][ 64]LogModuleManager: Shutting down and abandoning module LauncherPlatform (420)
[2019.01.26-23.43.30:223][ 64]LogModuleManager: Shutting down and abandoning module AnalyticsET (418)
[2019.01.26-23.43.30:224][ 64]LogModuleManager: Shutting down and abandoning module PortalServices (416)
[2019.01.26-23.43.30:224][ 64]LogModuleManager: Shutting down and abandoning module PortalRpc (414)
[2019.01.26-23.43.30:224][ 64]LogModuleManager: Shutting down and abandoning module MessagingRpc (412)
[2019.01.26-23.43.30:224][ 64]LogModuleManager: Shutting down and abandoning module AIModule (410)
[2019.01.26-23.43.30:224][ 64]LogModuleManager: Shutting down and abandoning module GameplayDebugger (409)
[2019.01.26-23.43.30:225][ 64]LogModuleManager: Shutting down and abandoning module AITestSuite (407)
[2019.01.26-23.43.30:225][ 64]LogModuleManager: Shutting down and abandoning module NavigationSystem (405)
[2019.01.26-23.43.30:225][ 64]LogModuleManager: Shutting down and abandoning module ProfilerService (402)
[2019.01.26-23.43.30:477][ 64]LogModuleManager: Shutting down and abandoning module TaskGraph (400)
[2019.01.26-23.43.30:477][ 64]LogModuleManager: Shutting down and abandoning module SteamVRController (398)
[2019.01.26-23.43.30:477][ 64]LogModuleManager: Shutting down and abandoning module ProceduralMeshComponentEditor (396)
[2019.01.26-23.43.30:477][ 64]LogModuleManager: Shutting down and abandoning module ProceduralMeshComponent (394)
[2019.01.26-23.43.30:478][ 64]LogModuleManager: Shutting down and abandoning module OculusInput (392)
[2019.01.26-23.43.30:478][ 64]LogModuleManager: Shutting down and abandoning module MobilePatchingUtils (390)
[2019.01.26-23.43.30:478][ 64]LogModuleManager: Shutting down and abandoning module EditableMesh (388)
[2019.01.26-23.43.30:478][ 64]LogModuleManager: Shutting down and abandoning module CustomMeshComponent (386)
[2019.01.26-23.43.30:478][ 64]LogModuleManager: Shutting down and abandoning module CableComponent (384)
[2019.01.26-23.43.30:478][ 64]LogModuleManager: Shutting down and abandoning module AudioCapture (382)
[2019.01.26-23.43.30:478][ 64]LogModuleManager: Shutting down and abandoning module ArchVisCharacter (380)
[2019.01.26-23.43.30:478][ 64]LogModuleManager: Shutting down and abandoning module AndroidPermission (378)
[2019.01.26-23.43.30:479][ 64]LogModuleManager: Shutting down and abandoning module NUTUnrealEngine4 (376)
[2019.01.26-23.43.30:479][ 64]LogModuleManager: Shutting down and abandoning module NetcodeUnitTest (374)
[2019.01.26-23.43.30:479][ 64]LogModuleManager: Shutting down and abandoning module MediaCompositingEditor (372)
[2019.01.26-23.43.30:479][ 64]LogModuleManager: Shutting down and abandoning module MediaCompositing (370)
[2019.01.26-23.43.30:479][ 64]LogModuleManager: Shutting down and abandoning module LinearTimecode (368)
[2019.01.26-23.43.30:480][ 64]LogModuleManager: Shutting down and abandoning module ImgMedia (366)
[2019.01.26-23.43.30:497][ 64]LogModuleManager: Shutting down and abandoning module HTML5Networking (364)
[2019.01.26-23.43.30:497][ 64]LogModuleManager: Shutting down and abandoning module GeometryCacheTracks (362)
[2019.01.26-23.43.30:497][ 64]LogModuleManager: Shutting down and abandoning module GeometryCacheSequencer (360)
[2019.01.26-23.43.30:498][ 64]LogModuleManager: Shutting down and abandoning module BackChannel (358)
[2019.01.26-23.43.30:498][ 64]LogModuleManager: Shutting down and abandoning module AppleVision (356)
[2019.01.26-23.43.30:498][ 64]LogModuleManager: Shutting down and abandoning module AppleImageUtils (354)
[2019.01.26-23.43.30:498][ 64]LogModuleManager: Shutting down and abandoning module AlembicImporter (352)
[2019.01.26-23.43.30:498][ 64]LogModuleManager: Shutting down and abandoning module AlembicLibrary (351)
[2019.01.26-23.43.30:498][ 64]LogModuleManager: Shutting down and abandoning module GeometryCache (350)
[2019.01.26-23.43.30:498][ 64]LogModuleManager: Shutting down and abandoning module GeometryCacheEd (349)
[2019.01.26-23.43.30:499][ 64]LogModuleManager: Shutting down and abandoning module DatasmithContentEditor (344)
[2019.01.26-23.43.30:499][ 64]LogModuleManager: Shutting down and abandoning module DatasmithContent (342)
[2019.01.26-23.43.30:503][ 64]LogModuleManager: Shutting down and abandoning module SpeedTreeImporter (340)
[2019.01.26-23.43.30:503][ 64]LogModuleManager: Shutting down and abandoning module PluginBrowser (338)
[2019.01.26-23.43.30:504][ 64]LogModuleManager: Shutting down and abandoning module MobileLauncherProfileWizard (336)
[2019.01.26-23.43.30:505][ 64]LogModuleManager: Shutting down and abandoning module PolygonModeling (334)
[2019.01.26-23.43.30:505][ 64]LogModuleManager: Shutting down and abandoning module MeshEditor (332)
[2019.01.26-23.43.30:506][ 64]LogModuleManager: Shutting down and abandoning module CryptoKeysOpenSSL (330)
[2019.01.26-23.43.30:506][ 64]LogModuleManager: Shutting down and abandoning module CryptoKeys (328)
[2019.01.26-23.43.30:506][ 64]LogModuleManager: Shutting down and abandoning module VisualStudioSourceCodeAccess (326)
[2019.01.26-23.43.30:506][ 64]LogModuleManager: Shutting down and abandoning module VisualStudioCodeSourceCodeAccess (324)
[2019.01.26-23.43.30:507][ 64]LogModuleManager: Shutting down and abandoning module UObjectPlugin (322)
[2019.01.26-23.43.30:507][ 64]LogModuleManager: Shutting down and abandoning module SubversionSourceControl (320)
[2019.01.26-23.43.30:507][ 64]LogModuleManager: Shutting down and abandoning module PerforceSourceControl (318)
[2019.01.26-23.43.30:507][ 64]LogModuleManager: Shutting down and abandoning module GitSourceControl (316)
[2019.01.26-23.43.30:508][ 64]LogModuleManager: Shutting down and abandoning module SourceControl (315)
[2019.01.26-23.43.30:508][ 64]LogModuleManager: Shutting down and abandoning module CLionSourceCodeAccess (312)
[2019.01.26-23.43.30:508][ 64]LogModuleManager: Shutting down and abandoning module LightPropagationVolumeEditor (310)
[2019.01.26-23.43.30:508][ 64]LogModuleManager: Shutting down and abandoning module PaperTiledImporter (308)
[2019.01.26-23.43.30:509][ 64]LogModuleManager: Shutting down and abandoning module PaperSpriteSheetImporter (306)
[2019.01.26-23.43.30:509][ 64]LogModuleManager: Shutting down and abandoning module Paper2DEditor (304)
[2019.01.26-23.43.30:509][ 64]LogModuleManager: Shutting down and abandoning module MeshPaint (303)
[2019.01.26-23.43.30:509][ 64]LogModuleManager: Shutting down and abandoning module GGJ2019 (300)
[2019.01.26-23.43.30:509][ 64]LogModuleManager: Shutting down and abandoning module RuntimePhysXCooking (298)
[2019.01.26-23.43.30:510][ 64]LogModuleManager: Shutting down and abandoning module PhysXVehiclesEditor (296)
[2019.01.26-23.43.30:510][ 64]LogModuleManager: Shutting down and abandoning module PhysXVehicles (294)
[2019.01.26-23.43.30:510][ 64]LogModuleManager: Shutting down and abandoning module OculusEditor (292)
[2019.01.26-23.43.30:510][ 64]LogModuleManager: Shutting down and abandoning module LocationServicesBPLibrary (290)
[2019.01.26-23.43.30:510][ 64]LogModuleManager: Shutting down and abandoning module ImmediatePhysicsEditor (288)
[2019.01.26-23.43.30:510][ 64]LogModuleManager: Shutting down and abandoning module ImmediatePhysics (286)
[2019.01.26-23.43.30:510][ 64]LogModuleManager: Shutting down and abandoning module ActorSequence (284)
[2019.01.26-23.43.30:510][ 64]LogModuleManager: Shutting down and abandoning module UdpMessaging (282)
[2019.01.26-23.43.30:611][ 64]LogModuleManager: Shutting down and abandoning module TcpMessaging (280)
[2019.01.26-23.43.30:712][ 64]LogModuleManager: Shutting down and abandoning module MagicLeapAudio (278)
[2019.01.26-23.43.30:712][ 64]LogModuleManager: Shutting down and abandoning module GameplayTagsEditor (276)
[2019.01.26-23.43.30:712][ 64]LogModuleManager: Shutting down and abandoning module FacialAnimationEditor (274)
[2019.01.26-23.43.30:712][ 64]LogModuleManager: Shutting down and abandoning module FacialAnimation (272)
[2019.01.26-23.43.30:712][ 64]LogModuleManager: Shutting down and abandoning module DataValidation (270)
[2019.01.26-23.43.30:712][ 64]LogModuleManager: Shutting down and abandoning module AssetManagerEditor (268)
[2019.01.26-23.43.30:712][ 64]LogModuleManager: Shutting down and abandoning module LevelEditor (267)
[2019.01.26-23.43.30:715][ 64]LogModuleManager: Shutting down and abandoning module PixelInspectorModule (266)
[2019.01.26-23.43.30:716][ 64]LogModuleManager: Shutting down and abandoning module CommonMenuExtensions (264)
[2019.01.26-23.43.30:717][ 64]LogModuleManager: Shutting down and abandoning module MainFrame (262)
[2019.01.26-23.43.30:718][ 64]LogModuleManager: Shutting down and abandoning module HotReload (261)
[2019.01.26-23.43.30:718][ 64]LogModuleManager: Shutting down and abandoning module ContentBrowser (257)
[2019.01.26-23.43.30:721][ 64]LogModuleManager: Shutting down and abandoning module TreeMap (255)
[2019.01.26-23.43.30:721][ 64]LogModuleManager: Shutting down and abandoning module LightPropagationVolumeRuntime (252)
[2019.01.26-23.43.30:721][ 64]LogModuleManager: Shutting down and abandoning module AISupportModule (250)
[2019.01.26-23.43.30:721][ 64]LogModuleManager: Shutting down and abandoning module Paper2D (248)
[2019.01.26-23.43.30:722][ 64]LogModuleManager: Shutting down and abandoning module WindowsMoviePlayer (246)
[2019.01.26-23.43.30:722][ 64]LogModuleManager: Shutting down and abandoning module WmfMedia (244)
[2019.01.26-23.43.30:727][ 64]LogModuleManager: Shutting down and abandoning module Media (243)
[2019.01.26-23.43.30:735][ 64]LogModuleManager: Shutting down and abandoning module PacketHandler (240)
[2019.01.26-23.43.30:735][ 64]LogModuleManager: Shutting down and abandoning module ClothingSystemEditor (238)
[2019.01.26-23.43.30:735][ 64]LogModuleManager: Shutting down and abandoning module ClothingSystemRuntime (236)
[2019.01.26-23.43.30:735][ 64]LogModuleManager: Shutting down and abandoning module MediaAssets (234)
[2019.01.26-23.43.30:735][ 64]LogModuleManager: Shutting down and abandoning module Overlay (232)
[2019.01.26-23.43.30:735][ 64]LogModuleManager: Shutting down and abandoning module OverlayEditor (231)
[2019.01.26-23.43.30:735][ 64]LogModuleManager: Shutting down and abandoning module VREditor (228)
[2019.01.26-23.43.30:735][ 64]LogModuleManager: Shutting down and abandoning module StringTableEditor (226)
[2019.01.26-23.43.30:736][ 64]LogModuleManager: Shutting down and abandoning module GameplayTasksEditor (224)
[2019.01.26-23.43.30:736][ 64]LogModuleManager: Shutting down and abandoning module BehaviorTreeEditor (222)
[2019.01.26-23.43.30:736][ 64]LogModuleManager: Shutting down and abandoning module FunctionalTesting (220)
[2019.01.26-23.43.30:736][ 64]LogModuleManager: Shutting down and abandoning module CollisionAnalyzer (218)
[2019.01.26-23.43.30:736][ 64]LogModuleManager: Shutting down and abandoning module WorkspaceMenuStructure (217)
[2019.01.26-23.43.30:736][ 64]LogModuleManager: Shutting down and abandoning module UMG (214)
[2019.01.26-23.43.30:736][ 64]LogModuleManager: Shutting down and abandoning module UMGEditor (213)
[2019.01.26-23.43.30:737][ 64]LogModuleManager: Shutting down and abandoning module Sequencer (212)
[2019.01.26-23.43.30:737][ 64]LogModuleManager: Shutting down and abandoning module MessageLog (209)
[2019.01.26-23.43.30:737][ 64]LogModuleManager: Shutting down and abandoning module SlateReflector (204)
[2019.01.26-23.43.30:737][ 64]LogModuleManager: Shutting down and abandoning module Slate (202)
[2019.01.26-23.43.30:737][ 64]LogModuleManager: Shutting down and abandoning module EditorStyle (200)
[2019.01.26-23.43.30:739][ 64]LogModuleManager: Shutting down and abandoning module MRMesh (198)
[2019.01.26-23.43.30:740][ 64]LogModuleManager: Shutting down and abandoning module SourceCodeAccess (196)
[2019.01.26-23.43.30:740][ 64]LogModuleManager: Shutting down and abandoning module HeadMountedDisplay (194)
[2019.01.26-23.43.30:740][ 64]LogModuleManager: Shutting down and abandoning module XAudio2 (192)
[2019.01.26-23.43.30:740][ 64]LogModuleManager: Shutting down and abandoning module Networking (190)
[2019.01.26-23.43.30:740][ 64]LogModuleManager: Shutting down and abandoning module Core (188)
[2019.01.26-23.43.30:740][ 64]LogModuleManager: Shutting down and abandoning module LevelSequence (186)
[2019.01.26-23.43.30:740][ 64]LogModuleManager: Shutting down and abandoning module KismetCompiler (184)
[2019.01.26-23.43.30:740][ 64]LogModuleManager: Shutting down and abandoning module MeshUtilities (182)
[2019.01.26-23.43.30:740][ 64]LogModuleManager: Shutting down and abandoning module MeshMergeUtilities (181)
[2019.01.26-23.43.30:741][ 64]LogModuleManager: Shutting down and abandoning module MeshReductionInterface (180)
[2019.01.26-23.43.30:741][ 64]LogModuleManager: Shutting down and abandoning module SimplygonSwarm (179)
[2019.01.26-23.43.30:741][ 64]LogModuleManager: Shutting down and abandoning module ProxyLODMeshReduction (177)
[2019.01.26-23.43.30:741][ 64]LogModuleManager: Shutting down and abandoning module SimplygonMeshReduction (175)
[2019.01.26-23.43.30:741][ 64]LogModuleManager: Shutting down and abandoning module QuadricMeshReduction (173)
[2019.01.26-23.43.30:741][ 64]LogModuleManager: Shutting down and abandoning module MaterialBaking (169)
[2019.01.26-23.43.30:741][ 64]LogModuleManager: Shutting down and abandoning module DirectoryWatcher (165)
[2019.01.26-23.43.30:742][ 64]LogModuleManager: Shutting down and abandoning module DerivedDataCache (162)
[2019.01.26-23.43.30:811][ 64]LogDerivedDataCache: Shutdown
[2019.01.26-23.43.30:811][ 64]LogModuleManager: Shutting down and abandoning module XGEController (160)
[2019.01.26-23.43.30:811][ 64]LogModuleManager: Shutting down and abandoning module TargetPlatform (158)
[2019.01.26-23.43.30:811][ 64]LogModuleManager: Shutting down and abandoning module VulkanShaderFormat (157)
[2019.01.26-23.43.30:812][ 64]LogModuleManager: Shutting down and abandoning module ShaderFormatVectorVM (155)
[2019.01.26-23.43.30:812][ 64]LogModuleManager: Shutting down and abandoning module ShaderFormatOpenGL (153)
[2019.01.26-23.43.30:812][ 64]LogModuleManager: Shutting down and abandoning module ShaderFormatD3D (151)
[2019.01.26-23.43.30:812][ 64]LogModuleManager: Shutting down and abandoning module MetalShaderFormat (149)
[2019.01.26-23.43.30:812][ 64]LogModuleManager: Shutting down and abandoning module TextureFormatUncompressed (147)
[2019.01.26-23.43.30:812][ 64]LogModuleManager: Shutting down and abandoning module TextureFormatPVR (145)
[2019.01.26-23.43.30:813][ 64]LogModuleManager: Shutting down and abandoning module TextureFormatDXT (143)
[2019.01.26-23.43.30:813][ 64]LogModuleManager: Shutting down and abandoning module TextureFormatIntelISPCTexComp (141)
[2019.01.26-23.43.30:816][ 64]LogModuleManager: Shutting down and abandoning module TextureFormatASTC (139)
[2019.01.26-23.43.30:816][ 64]LogModuleManager: Shutting down and abandoning module ImageWrapper (138)
[2019.01.26-23.43.30:816][ 64]LogModuleManager: Shutting down and abandoning module TextureFormatAndroid (135)
[2019.01.26-23.43.30:817][ 64]LogModuleManager: Shutting down and abandoning module AudioFormatOpus (133)
[2019.01.26-23.43.30:817][ 64]LogModuleManager: Shutting down and abandoning module AudioFormatOgg (131)
[2019.01.26-23.43.30:817][ 64]LogModuleManager: Shutting down and abandoning module AudioFormatADPCM (129)
[2019.01.26-23.43.30:817][ 64]LogModuleManager: Shutting down and abandoning module LuminTargetPlatform (127)
[2019.01.26-23.43.30:817][ 64]LogModuleManager: Shutting down and abandoning module LinuxTargetPlatform (125)
[2019.01.26-23.43.30:817][ 64]LogModuleManager: Shutting down and abandoning module LinuxServerTargetPlatform (123)
[2019.01.26-23.43.30:817][ 64]LogModuleManager: Shutting down and abandoning module LinuxNoEditorTargetPlatform (121)
[2019.01.26-23.43.30:818][ 64]LogModuleManager: Shutting down and abandoning module LinuxClientTargetPlatform (119)
[2019.01.26-23.43.30:818][ 64]LogModuleManager: Shutting down and abandoning module TVOSTargetPlatform (117)
[2019.01.26-23.43.30:820][ 64]LogModuleManager: Shutting down and abandoning module Messaging (115)
[2019.01.26-23.43.30:820][ 64]LogModuleManager: Shutting down and abandoning module IOSTargetPlatform (113)
[2019.01.26-23.43.30:823][ 64]LogModuleManager: Shutting down and abandoning module HTML5TargetPlatform (111)
[2019.01.26-23.43.30:823][ 64]LogModuleManager: Shutting down and abandoning module AndroidTargetPlatform (109)
[2019.01.26-23.43.30:838][ 64]LogModuleManager: Shutting down and abandoning module WindowsTargetPlatform (107)
[2019.01.26-23.43.30:838][ 64]LogModuleManager: Shutting down and abandoning module WindowsServerTargetPlatform (105)
[2019.01.26-23.43.30:839][ 64]LogModuleManager: Shutting down and abandoning module WindowsNoEditorTargetPlatform (103)
[2019.01.26-23.43.30:839][ 64]LogModuleManager: Shutting down and abandoning module WindowsClientTargetPlatform (101)
[2019.01.26-23.43.30:839][ 64]LogModuleManager: Shutting down and abandoning module MacTargetPlatform (99)
[2019.01.26-23.43.30:839][ 64]LogModuleManager: Shutting down and abandoning module MacServerTargetPlatform (97)
[2019.01.26-23.43.30:839][ 64]LogModuleManager: Shutting down and abandoning module MacNoEditorTargetPlatform (95)
[2019.01.26-23.43.30:839][ 64]LogModuleManager: Shutting down and abandoning module MacClientTargetPlatform (93)
[2019.01.26-23.43.30:839][ 64]LogModuleManager: Shutting down and abandoning module AllDesktopTargetPlatform (91)
[2019.01.26-23.43.30:839][ 64]LogModuleManager: Shutting down and abandoning module InputCore (88)
[2019.01.26-23.43.30:840][ 64]LogModuleManager: Shutting down and abandoning module Settings (86)
[2019.01.26-23.43.30:840][ 64]LogModuleManager: Shutting down and abandoning module PhysXCooking (84)
[2019.01.26-23.43.30:840][ 64]LogModuleManager: Shutting down and abandoning module SteamVR (82)
[2019.01.26-23.43.30:840][ 64]LogModuleManager: Shutting down and abandoning module OculusHMD (80)
[2019.01.26-23.43.30:840][ 64]LogModuleManager: Shutting down and abandoning module ExampleDeviceProfileSelector (78)
[2019.01.26-23.43.30:840][ 64]LogModuleManager: Shutting down and abandoning module LauncherChunkInstaller (76)
[2019.01.26-23.43.30:841][ 64]LogModuleManager: Shutting down and abandoning module OnlineBlueprintSupport (74)
[2019.01.26-23.43.30:841][ 64]LogModuleManager: Shutting down and abandoning module OnlineSubsystem (70)
[2019.01.26-23.43.30:844][ 64]LogModuleManager: Shutting down and abandoning module XMPP (65)
[2019.01.26-23.43.30:844][ 64]LogModuleManager: Shutting down and abandoning module WebSockets (64)
[2019.01.26-23.43.30:871][ 64]LogModuleManager: Shutting down and abandoning module HTTP (61)
[2019.01.26-23.43.30:871][ 64]LogHttp: Display: Http module shutting down, but needs to wait on 1 outstanding Http requests:
[2019.01.26-23.43.30:871][ 64]LogHttp: Display: 	verb=[POST] url=[https://datarouter.ol.epicgames.com/datarouter/api/v1/public/data?SessionID=%7BB89B2471-40E4-2F37-2A81-AC9E46512024%7D&AppID=UEEditor.Rocket.Release&AppVersion=4.20.3-4369336%2B%2B%2BUE4%2BRelease-4.20&UserID=128062524bd36cb3b027aea49ad16987%7C%7Cca6d566d-c5e1-4401-bc07-0af6d57bc383&AppEnvironment=datacollector-binary&UploadType=eteventstream] status=Processing
[2019.01.26-23.43.30:892][ 64]LogModuleManager: Shutting down and abandoning module SSL (60)
[2019.01.26-23.43.30:895][ 64]LogModuleManager: Shutting down and abandoning module MagicLeapEmulator (56)
[2019.01.26-23.43.30:895][ 64]LogModuleManager: Shutting down and abandoning module MagicLeapPrivileges (54)
[2019.01.26-23.43.30:896][ 64]LogModuleManager: Shutting down and abandoning module MagicLeapIdentity (52)
[2019.01.26-23.43.30:896][ 64]LogModuleManager: Shutting down and abandoning module MagicLeapHelperVulkan (50)
[2019.01.26-23.43.30:896][ 64]LogModuleManager: Shutting down and abandoning module MagicLeapHelperOpenGL (48)
[2019.01.26-23.43.30:896][ 64]LogModuleManager: Shutting down and abandoning module MagicLeapSecureStorage (46)
[2019.01.26-23.43.30:896][ 64]LogModuleManager: Shutting down and abandoning module MagicLeapGestures (44)
[2019.01.26-23.43.30:896][ 64]LogModuleManager: Shutting down and abandoning module MagicLeapEyeTracker (42)
[2019.01.26-23.43.30:897][ 64]LogModuleManager: Shutting down and abandoning module MagicLeapController (40)
[2019.01.26-23.43.30:897][ 64]LogSlate: Slate User Destroyed.  User Index 0, Is Virtual User: 0
[2019.01.26-23.43.30:897][ 64]LogModuleManager: Shutting down and abandoning module MagicLeap (38)
[2019.01.26-23.43.30:898][ 64]LogModuleManager: Shutting down and abandoning module AnimationModifiers (36)
[2019.01.26-23.43.30:898][ 64]LogModuleManager: Shutting down and abandoning module PropertyEditor (35)
[2019.01.26-23.43.30:898][ 64]LogModuleManager: Shutting down and abandoning module AudioEditor (32)
[2019.01.26-23.43.30:898][ 64]LogModuleManager: Shutting down and abandoning module TextureCompressor (30)
[2019.01.26-23.43.30:904][ 64]LogModuleManager: Shutting down and abandoning module ShaderCore (28)
[2019.01.26-23.43.30:904][ 64]LogModuleManager: Shutting down and abandoning module Landscape (26)
[2019.01.26-23.43.30:904][ 64]LogModuleManager: Shutting down and abandoning module SlateRHIRenderer (24)
[2019.01.26-23.43.30:905][ 64]LogModuleManager: Shutting down and abandoning module OpenGLDrv (22)
[2019.01.26-23.43.30:905][ 64]LogModuleManager: Shutting down and abandoning module D3D11RHI (20)
[2019.01.26-23.43.30:906][ 64]LogModuleManager: Shutting down and abandoning module AnimGraphRuntime (18)
[2019.01.26-23.43.30:906][ 64]LogModuleManager: Shutting down and abandoning module Renderer (16)
[2019.01.26-23.43.30:906][ 64]LogModuleManager: Shutting down and abandoning module Engine (14)
[2019.01.26-23.43.30:906][ 64]LogModuleManager: Shutting down and abandoning module CoreUObject (12)
[2019.01.26-23.43.30:906][ 64]LogModuleManager: Shutting down and abandoning module NetworkFile (10)
[2019.01.26-23.43.30:907][ 64]LogModuleManager: Shutting down and abandoning module CookedIterativeFile (8)
[2019.01.26-23.43.30:907][ 64]LogModuleManager: Shutting down and abandoning module StreamingFile (6)
[2019.01.26-23.43.30:907][ 64]LogModuleManager: Shutting down and abandoning module SandboxFile (4)
[2019.01.26-23.43.30:907][ 64]LogModuleManager: Shutting down and abandoning module PakFile (2)
[2019.01.26-23.43.30:941][ 64]LogExit: Exiting.
[2019.01.26-23.43.30:953][ 64]Log file closed, 01/26/19 23:43:30
