Log file open, 01/25/19 23:56:23
LogWindows: Failed to load 'aqProf.dll' (GetLastError=126)
LogWindows: File 'aqProf.dll' does not exist
LogWindows: Failed to load 'VSPerf140.dll' (GetLastError=126)
LogWindows: File 'VSPerf140.dll' does not exist
LogWindows: Failed to load 'VtuneApi.dll' (GetLastError=126)
LogWindows: File 'VtuneApi.dll' does not exist
LogWindows: Failed to load 'VtuneApi32e.dll' (GetLastError=126)
LogWindows: File 'VtuneApi32e.dll' does not exist
LogInit: Display: Running engine for game: GGJ2019
LogPlatformFile: Not using cached read wrapper
LogTaskGraph: Started task graph with 5 named threads and 23 total threads with 3 sets of task threads.
LogStats: Stats thread started at 0.426797
LogD3D11RHI: Loaded GFSDK_Aftermath_Lib.x64.dll
LogICUInternationalization: Display: ICU TimeZone Detection - Raw Offset: +0:00, Platform Override: ''
LogPluginManager: Mounting plugin Paper2D
LogPluginManager: Mounting plugin AISupport
LogPluginManager: Mounting plugin LightPropagationVolume
LogPluginManager: Mounting plugin CLionSourceCodeAccess
LogPluginManager: Mounting plugin CodeLiteSourceCodeAccess
LogPluginManager: Mounting plugin GitSourceControl
LogPluginManager: Mounting plugin KDevelopSourceCodeAccess
LogPluginManager: Mounting plugin NullSourceCodeAccess
LogPluginManager: Mounting plugin PerforceSourceControl
LogPluginManager: Mounting plugin SubversionSourceControl
LogPluginManager: Mounting plugin UObjectPlugin
LogPluginManager: Mounting plugin VisualStudioCodeSourceCodeAccess
LogPluginManager: Mounting plugin VisualStudioSourceCodeAccess
LogPluginManager: Mounting plugin XCodeSourceCodeAccess
LogPluginManager: Mounting plugin AssetManagerEditor
LogPluginManager: Mounting plugin CryptoKeys
LogPluginManager: Mounting plugin DataValidation
LogPluginManager: Mounting plugin FacialAnimation
LogPluginManager: Mounting plugin GameplayTagsEditor
LogPluginManager: Mounting plugin MacGraphicsSwitching
LogPluginManager: Mounting plugin MeshEditor
LogPluginManager: Mounting plugin MobileLauncherProfileWizard
LogPluginManager: Mounting plugin PluginBrowser
LogPluginManager: Mounting plugin SpeedTreeImporter
LogPluginManager: Mounting plugin DatasmithContent
LogPluginManager: Mounting plugin AlembicImporter
LogPluginManager: Mounting plugin AppleImageUtils
LogPluginManager: Mounting plugin AppleVision
LogPluginManager: Mounting plugin BackChannel
LogPluginManager: Mounting plugin CharacterAI
LogPluginManager: Mounting plugin GeometryCache
LogPluginManager: Mounting plugin HTML5Networking
LogPluginManager: Mounting plugin ProxyLODPlugin
LogPluginManager: Mounting plugin MagicLeap
LogPluginManager: Mounting plugin MagicLeapEmulator
LogPluginManager: Mounting plugin MagicLeapMedia
LogPluginManager: Mounting plugin AndroidMedia
LogPluginManager: Mounting plugin AvfMedia
LogPluginManager: Mounting plugin ImgMedia
LogPluginManager: Mounting plugin LinearTimecode
LogPluginManager: Mounting plugin MediaCompositing
LogPluginManager: Mounting plugin MediaPlayerEditor
LogPluginManager: Mounting plugin WmfMedia
LogPluginManager: Mounting plugin TcpMessaging
LogPluginManager: Mounting plugin UdpMessaging
LogPluginManager: Mounting plugin ActorSequence
LogPluginManager: Mounting plugin LevelSequenceEditor
LogPluginManager: Mounting plugin MatineeToLevelSequence
LogPluginManager: Mounting plugin NetcodeUnitTest
LogPluginManager: Mounting plugin NUTUnrealEngine4
LogPluginManager: Mounting plugin OnlineSubsystemGooglePlay
LogPluginManager: Mounting plugin OnlineSubsystemIOS
LogPluginManager: Mounting plugin OnlineSubsystem
LogPluginManager: Mounting plugin OnlineSubsystemNull
LogPluginManager: Mounting plugin OnlineSubsystemUtils
LogPluginManager: Mounting plugin LauncherChunkInstaller
LogPluginManager: Mounting plugin AndroidDeviceProfileSelector
LogPluginManager: Mounting plugin AndroidMoviePlayer
LogPluginManager: Mounting plugin AndroidPermission
LogPluginManager: Mounting plugin AppleMoviePlayer
LogPluginManager: Mounting plugin ArchVisCharacter
LogPluginManager: Mounting plugin AudioCapture
LogPluginManager: Mounting plugin CableComponent
LogPluginManager: Mounting plugin CustomMeshComponent
LogPluginManager: Mounting plugin EditableMesh
LogPluginManager: Mounting plugin ExampleDeviceProfileSelector
LogPluginManager: Mounting plugin GoogleCloudMessaging
LogPluginManager: Mounting plugin ImmediatePhysics
LogPluginManager: Mounting plugin IOSDeviceProfileSelector
LogPluginManager: Mounting plugin LinuxDeviceProfileSelector
LogPluginManager: Mounting plugin LocationServicesBPLibrary
LogPluginManager: Mounting plugin MobilePatchingUtils
LogPluginManager: Mounting plugin OculusVR
LogPluginManager: Plugin shader directory ../../../Engine/Plugins/Runtime/Oculus/OculusVR/Shaders found
LogPluginManager: Mapping shader source directory ../../../Engine/Plugins/Runtime/Oculus/OculusVR/Shaders to virtual directory /Plugin/OculusVR
LogPluginManager: Mounting plugin PhysXVehicles
LogPluginManager: Mounting plugin ProceduralMeshComponent
LogPluginManager: Mounting plugin RuntimePhysXCooking
LogPluginManager: Mounting plugin SteamVR
LogPluginManager: Mounting plugin WindowsMoviePlayer
LogStreaming: Display: Took  0.277s to configure plugins.
LogInit: Using libcurl 7.55.1-DEV
LogInit:  - built for x86_64-pc-win32
LogInit:  - supports SSL with OpenSSL/1.0.2h
LogInit:  - supports HTTP deflate (compression) using libz 1.2.8
LogInit:  - other features:
LogInit:      CURL_VERSION_SSL
LogInit:      CURL_VERSION_LIBZ
LogInit:      CURL_VERSION_IPV6
LogInit:      CURL_VERSION_ASYNCHDNS
LogInit:      CURL_VERSION_LARGEFILE
LogInit:      CURL_VERSION_IDN
LogInit:  CurlRequestOptions (configurable via config and command line):
LogInit:  - bVerifyPeer = false  - Libcurl will NOT verify peer certificate
LogInit:  - bUseHttpProxy = false  - Libcurl will NOT use HTTP proxy
LogInit:  - bDontReuseConnections = false  - Libcurl will reuse connections
LogInit:  - CertBundlePath = nullptr  - Libcurl will use whatever was configured at build time.
LogInit:  - MaxHostConnections = 16  - Libcurl will limit the number of connections to a host
LogInit:  - LocalHostAddr = Default
LogInit:  - BufferSize = 65536
LogInit: WinSock: version 1.1 (2.2), MaxSocks=32767, MaxUdp=65467
LogInit: Build: ++UE4+Release-4.20-CL-4369336
LogInit: Engine Version: 4.20.3-4369336+++UE4+Release-4.20
LogInit: Compatible Engine Version: 4.20.0-4212847+++UE4+Release-4.20
LogInit: Net CL: 4212847
LogInit: OS: Windows 10 (), CPU: Intel(R) Xeon(R) CPU E5-1620 v3 @ 3.50GHz, GPU: NVIDIA GeForce GTX 970
LogInit: Compiled (64-bit): Sep 17 2018 12:26:19
LogInit: Compiled with Visual C++: 19.13.26129.00
LogInit: Build Configuration: Development
LogInit: Branch Name: ++UE4+Release-4.20
LogInit: Command Line:  -skipcompile
LogInit: Base Directory: C:/Epic/UE4/UE_4.20/Engine/Binaries/Win64/
LogInit: Installed Engine Build: 1
LogDevObjectVersion: Number of dev versions registered: 20
LogDevObjectVersion:   Dev-Blueprints (B0D832E4-1F89-4F0D-ACCF-7EB736FD4AA2): 10
LogDevObjectVersion:   Dev-Build (E1C64328-A22C-4D53-A36C-8E866417BD8C): 0
LogDevObjectVersion:   Dev-Core (375EC13C-06E4-48FB-B500-84F0262A717E): 2
LogDevObjectVersion:   Dev-Editor (E4B068ED-F494-42E9-A231-DA0B2E46BB41): 24
LogDevObjectVersion:   Dev-Framework (CFFC743F-43B0-4480-9391-14DF171D2073): 34
LogDevObjectVersion:   Dev-Mobile (B02B49B5-BB20-44E9-A304-32B752E40360): 2
LogDevObjectVersion:   Dev-Networking (A4E4105C-59A1-49B5-A7C5-40C4547EDFEE): 0
LogDevObjectVersion:   Dev-Online (39C831C9-5AE6-47DC-9A44-9C173E1C8E7C): 0
LogDevObjectVersion:   Dev-Physics (78F01B33-EBEA-4F98-B9B4-84EACCB95AA2): 0
LogDevObjectVersion:   Dev-Platform (6631380F-2D4D-43E0-8009-CF276956A95A): 0
LogDevObjectVersion:   Dev-Rendering (12F88B9F-8875-4AFC-A67C-D90C383ABD29): 26
LogDevObjectVersion:   Dev-Sequencer (7B5AE74C-D270-4C10-A958-57980B212A5A): 9
LogDevObjectVersion:   Dev-VR (D7296918-1DD6-4BDD-9DE2-64A83CC13884): 2
LogDevObjectVersion:   Dev-LoadTimes (C2A15278-BFE7-4AFE-6C17-90FF531DF755): 1
LogDevObjectVersion:   Private-Geometry (6EACA3D4-40EC-4CC1-B786-8BED09428FC5): 3
LogDevObjectVersion:   Dev-AnimPhys (29E575DD-E0A3-4627-9D10-D276232CDCEA): 17
LogDevObjectVersion:   Dev-ReflectionCapture (6B266CEC-1EC7-4B8F-A30B-E4D90942FC07): 1
LogDevObjectVersion:   Dev-Automation (0DF73D61-A23F-47EA-B727-89E90C41499A): 1
LogDevObjectVersion:   FortniteMain (601D1886-AC64-4F84-AA16-D3DE0DEAC7D6): 12
LogDevObjectVersion:   Dev-Enterprise (9DFFBCD6-494F-0158-E221-12823C92A888): 1
LogStreaming: Display: Took  0.005s to delete old logs.
LogInit: Presizing for max 8388607 objects, including 0 objects not considered by GC, pre-allocating 0 bytes for permanent pool.
LogInit: Object subsystem initialized
[2019.01.25-23.56.24:005][  0]LogInit: Selected Device Profile: [Windows]
[2019.01.25-23.56.24:005][  0]LogInit: Applying CVar settings loaded from the selected device profile: [Windows]
[2019.01.25-23.56.24:022][  0]LogHAL: Display: Platform has ~ 16 GB [17092038656 / 17179869184 / 16], which maps to Larger [LargestMinGB=32, LargerMinGB=12, DefaultMinGB=8, SmallerMinGB=6, SmallestMinGB=0)
[2019.01.25-23.56.24:022][  0]LogInit: Setting Device Profile CVar: [[r.Vulkan.UseRealUBs:1]]
[2019.01.25-23.56.24:022][  0]LogInit: Going up to parent DeviceProfile []
[2019.01.25-23.56.24:022][  0]LogInit: Computer: C115-11
[2019.01.25-23.56.24:022][  0]LogInit: User: w017177h
[2019.01.25-23.56.24:022][  0]LogInit: CPU Page size=4096, Cores=4
[2019.01.25-23.56.24:023][  0]LogInit: High frequency timer resolution =3.410072 MHz
[2019.01.25-23.56.24:023][  0]LogMemory: Memory total: Physical=15.9GB (16GB approx)
[2019.01.25-23.56.24:023][  0]LogMemory: Platform Memory Stats for Windows
[2019.01.25-23.56.24:023][  0]LogMemory: Process Physical Memory: 100.89 MB used, 100.89 MB peak
[2019.01.25-23.56.24:023][  0]LogMemory: Process Virtual Memory: 91.05 MB used, 91.05 MB peak
[2019.01.25-23.56.24:023][  0]LogMemory: Physical Memory: 6498.40 MB used,  9801.84 MB free, 16300.24 MB total
[2019.01.25-23.56.24:023][  0]LogMemory: Virtual Memory: 4640.35 MB used,  9801.84 MB free, 134217728.00 MB total
[2019.01.25-23.56.24:147][  0]LogInit: Using OS detected language (en-US).
[2019.01.25-23.56.24:147][  0]LogInit: Using OS detected locale (en-GB).
[2019.01.25-23.56.24:149][  0]LogTextLocalizationManager: No specific localization for 'en-US' exists, so the 'en' localization will be used.
[2019.01.25-23.56.24:594][  0]LogStreaming: Display: Took  0.447s to InitEngineTextLocalization.
[2019.01.25-23.56.24:594][  0]LogInit: Setting process to per monitor DPI aware
[2019.01.25-23.56.24:654][  0]LogSlate: New Slate User Created.  User Index 0, Is Virtual User: 0
[2019.01.25-23.56.24:655][  0]LogSlate: Slate User Registered.  User Index 0, Is Virtual User: 0
[2019.01.25-23.56.24:996][  0]LogHMD: Failed to initialize OpenVR with code 110
[2019.01.25-23.56.24:996][  0]LogD3D11RHI: D3D11 adapters:
[2019.01.25-23.56.25:106][  0]LogD3D11RHI:    0. 'NVIDIA GeForce GTX 970' (Feature Level 11_0)
[2019.01.25-23.56.25:106][  0]LogD3D11RHI:       4043/0/8150 MB DedicatedVideo/DedicatedSystem/SharedSystem, Outputs:2, VendorId:0x10de
[2019.01.25-23.56.25:115][  0]LogD3D11RHI:    1. 'Microsoft Basic Render Driver' (Feature Level 11_0)
[2019.01.25-23.56.25:115][  0]LogD3D11RHI:       0/0/8150 MB DedicatedVideo/DedicatedSystem/SharedSystem, Outputs:0, VendorId:0x1414
[2019.01.25-23.56.25:115][  0]LogD3D11RHI: Chosen D3D11 Adapter: 0
[2019.01.25-23.56.25:126][  0]LogD3D11RHI: Creating new Direct3DDevice
[2019.01.25-23.56.25:126][  0]LogD3D11RHI:     GPU DeviceId: 0x13c2 (for the marketing name, search the web for "GPU Device Id")
[2019.01.25-23.56.25:126][  0]LogWindows: EnumDisplayDevices:
[2019.01.25-23.56.25:126][  0]LogWindows:    0. 'NVIDIA GeForce GTX 970' (P:1 D:1)
[2019.01.25-23.56.25:127][  0]LogWindows:    1. 'NVIDIA GeForce GTX 970' (P:0 D:1)
[2019.01.25-23.56.25:128][  0]LogWindows:    2. 'NVIDIA GeForce GTX 970' (P:0 D:0)
[2019.01.25-23.56.25:128][  0]LogWindows:    3. 'NVIDIA GeForce GTX 970' (P:0 D:0)
[2019.01.25-23.56.25:128][  0]LogWindows: DebugString: FoundDriverCount:4 
[2019.01.25-23.56.25:129][  0]LogD3D11RHI:     Adapter Name: NVIDIA GeForce GTX 970
[2019.01.25-23.56.25:129][  0]LogD3D11RHI:   Driver Version: 398.82 (internal:24.21.13.9882, unified:398.82)
[2019.01.25-23.56.25:129][  0]LogD3D11RHI:      Driver Date: 7-30-2018
[2019.01.25-23.56.25:129][  0]LogRHI: Texture pool is 2830 MB (70% of 4043 MB)
[2019.01.25-23.56.25:191][  0]LogD3D11RHI: Async texture creation enabled
[2019.01.25-23.56.25:209][  0]LogD3D11RHI: GPU Timing Frequency: 1000.000000 (Debug: 2 2)
[2019.01.25-23.56.25:254][  0]LogShaderCompilers: Guid format shader working directory is -17 characters bigger than the processId version (../../../../../../Users/w017177h.STUDENT/Documents/Github/GGJ2019/GGJ2019/Intermediate/Shaders/WorkingDirectory/16632/).
[2019.01.25-23.56.25:254][  0]LogShaderCompilers: Cleaned the shader compiler working directory 'C:/Users/w017177h.STUDENT/AppData/Local/Temp/UnrealShaderWorkingDir/77E2738E487A14964E8094B37A44A497/'.
[2019.01.25-23.56.25:620][  0]LogTemp: Display: Loaded TP AllDesktopTargetPlatform
[2019.01.25-23.56.25:640][  0]LogTemp: Display: Loaded TP MacClientTargetPlatform
[2019.01.25-23.56.25:661][  0]LogTemp: Display: Loaded TP MacNoEditorTargetPlatform
[2019.01.25-23.56.25:684][  0]LogTemp: Display: Loaded TP MacServerTargetPlatform
[2019.01.25-23.56.25:706][  0]LogTemp: Display: Loaded TP MacTargetPlatform
[2019.01.25-23.56.25:727][  0]LogTemp: Display: Loaded TP WindowsClientTargetPlatform
[2019.01.25-23.56.25:750][  0]LogTemp: Display: Loaded TP WindowsNoEditorTargetPlatform
[2019.01.25-23.56.25:770][  0]LogTemp: Display: Loaded TP WindowsServerTargetPlatform
[2019.01.25-23.56.25:783][  0]LogTemp: Display: Loaded TP WindowsTargetPlatform
[2019.01.25-23.56.25:893][  0]LogTemp: Display: Loaded TP AndroidTargetPlatform
[2019.01.25-23.56.25:893][  0]LogTemp: Display: Loaded TP AndroidTargetPlatform
[2019.01.25-23.56.25:893][  0]LogTemp: Display: Loaded TP AndroidTargetPlatform
[2019.01.25-23.56.25:893][  0]LogTemp: Display: Loaded TP AndroidTargetPlatform
[2019.01.25-23.56.25:893][  0]LogTemp: Display: Loaded TP AndroidTargetPlatform
[2019.01.25-23.56.25:893][  0]LogTemp: Display: Loaded TP AndroidTargetPlatform
[2019.01.25-23.56.25:893][  0]LogTemp: Display: Loaded TP AndroidTargetPlatform
[2019.01.25-23.56.25:893][  0]LogTemp: Display: Loaded TP AndroidTargetPlatform
[2019.01.25-23.56.25:893][  0]LogTemp: Display: Loaded TP AndroidTargetPlatform
[2019.01.25-23.56.25:894][  0]LogTemp: Display: Loaded TP AndroidTargetPlatform
[2019.01.25-23.56.25:894][  0]LogTemp: Display: Loaded TP AndroidTargetPlatform
[2019.01.25-23.56.25:894][  0]LogTemp: Display: Loaded TP AndroidTargetPlatform
[2019.01.25-23.56.25:894][  0]LogTemp: Display: Loaded TP AndroidTargetPlatform
[2019.01.25-23.56.25:894][  0]LogTemp: Display: Loaded TP AndroidTargetPlatform
[2019.01.25-23.56.25:894][  0]LogTemp: Display: Loaded TP AndroidTargetPlatform
[2019.01.25-23.56.25:894][  0]LogTemp: Display: Loaded TP AndroidTargetPlatform
[2019.01.25-23.56.25:894][  0]LogTemp: Display: Loaded TP AndroidTargetPlatform
[2019.01.25-23.56.25:894][  0]LogTemp: Display: Loaded TP AndroidTargetPlatform
[2019.01.25-23.56.25:898][  0]LogTemp: Display: Loaded TP HTML5TargetPlatform
[2019.01.25-23.56.25:978][  0]LogTemp: Display: Loaded TP IOSTargetPlatform
[2019.01.25-23.56.25:978][  0]LogTemp: Display: Loaded TP IOSTargetPlatform
[2019.01.25-23.56.26:024][  0]LogTemp: Display: Loaded TP TVOSTargetPlatform
[2019.01.25-23.56.26:024][  0]LogTemp: Display: Loaded TP TVOSTargetPlatform
[2019.01.25-23.56.26:052][  0]LogTemp: Display: Loaded TP LinuxClientTargetPlatform
[2019.01.25-23.56.26:071][  0]LogTemp: Display: Loaded TP LinuxNoEditorTargetPlatform
[2019.01.25-23.56.26:101][  0]LogTemp: Display: Loaded TP LinuxServerTargetPlatform
[2019.01.25-23.56.26:123][  0]LogTemp: Display: Loaded TP LinuxTargetPlatform
[2019.01.25-23.56.26:148][  0]LogTemp: Display: Loaded TP LuminTargetPlatform
[2019.01.25-23.56.26:149][  0]LogTargetPlatformManager: Display: Building Assets For Windows
[2019.01.25-23.56.26:339][  0]LogXGEController: Cleaning working directory: C:/Users/w017177h.STUDENT/AppData/Local/Temp/UnrealXGEWorkingDir/
[2019.01.25-23.56.26:339][  0]LogXGEController: Cannot use XGE Controller as Incredibuild is not installed on this machine.
[2019.01.25-23.56.26:340][  0]LogShaderCompilers: Cannot use XGE Shader Compiler as Incredibuild is not installed on this machine.
[2019.01.25-23.56.26:340][  0]LogShaderCompilers: Display: Using Local Shader Compiler.
[2019.01.25-23.56.27:480][  0]LogDerivedDataCache: Display: Max Cache Size: 512 MB
[2019.01.25-23.56.27:589][  0]LogDerivedDataCache: Loaded boot cache 0.11s 71MB C:/Users/w017177h.STUDENT/AppData/Local/UnrealEngine/4.20/DerivedDataCache/Boot.ddc.
[2019.01.25-23.56.27:590][  0]LogDerivedDataCache: Display: Loaded Boot cache: C:/Users/w017177h.STUDENT/AppData/Local/UnrealEngine/4.20/DerivedDataCache/Boot.ddc
[2019.01.25-23.56.27:591][  0]LogDerivedDataCache: FDerivedDataBackendGraph:  Pak pak cache file ../../../../../../Users/w017177h.STUDENT/Documents/Github/GGJ2019/GGJ2019/DerivedDataCache/DDC.ddp not found, will not use a pak cache.
[2019.01.25-23.56.27:591][  0]LogDerivedDataCache: Unable to find inner node Pak for hierarchical cache Hierarchy.
[2019.01.25-23.56.27:591][  0]LogDerivedDataCache: FDerivedDataBackendGraph:  CompressedPak pak cache file ../../../../../../Users/w017177h.STUDENT/Documents/Github/GGJ2019/GGJ2019/DerivedDataCache/Compressed.ddp not found, will not use a pak cache.
[2019.01.25-23.56.27:591][  0]LogDerivedDataCache: Unable to find inner node CompressedPak for hierarchical cache Hierarchy.
[2019.01.25-23.56.27:605][  0]LogDerivedDataCache: Display: Pak cache opened for reading ../../../Engine/DerivedDataCache/Compressed.ddp.
[2019.01.25-23.56.27:619][  0]LogDerivedDataCache: Using Local data cache path C:/Users/w017177h.STUDENT/AppData/Local/UnrealEngine/Common/DerivedDataCache: Writable
[2019.01.25-23.56.27:619][  0]LogDerivedDataCache: Shared data cache path not found in *engine.ini, will not use an Shared cache.
[2019.01.25-23.56.27:619][  0]LogDerivedDataCache: Unable to find inner node Shared for hierarchical cache Hierarchy.
[2019.01.25-23.56.27:647][  0]LogMaterial: Verifying Global Shaders for PCD3D_SM5
[2019.01.25-23.56.27:651][  0]LogSlate: Using FreeType 2.6.0
[2019.01.25-23.56.27:653][  0]LogSlate: SlateFontServices - WITH_FREETYPE: 1, WITH_HARFBUZZ: 1
[2019.01.25-23.56.27:758][  0]LogAssetRegistry: FAssetRegistry took 0.0319 seconds to start up
[2019.01.25-23.56.28:214][  0]LogInit: Selected Device Profile: [Windows]
[2019.01.25-23.56.28:321][  0]LogSimplygon: Simplygon DLL not present - disabling.
[2019.01.25-23.56.28:336][  0]LogMeshReduction: Using SimplygonSwarm for distributed automatic mesh merging
[2019.01.25-23.56.28:336][  0]LogMeshReduction: Using ProxyLODMeshReduction for automatic mesh merging
[2019.01.25-23.56.28:336][  0]LogMeshReduction: Using QuadricMeshReduction for automatic static mesh reduction
[2019.01.25-23.56.28:336][  0]LogMeshReduction: No automatic skeletal mesh reduction module available
[2019.01.25-23.56.28:461][  0]LogNetVersion: GGJ2019 1.0.0, NetCL: 4212847, EngineNetVer: 5, GameNetVer: 0 (Checksum: 54619999)
[2019.01.25-23.56.29:329][  0]LogPackageLocalizationCache: Processed 11 localized package path(s) for 2 prioritized culture(s) in 0.185440 seconds
[2019.01.25-23.56.29:336][  0]LogUObjectArray: 38425 objects as part of root set at end of initial load.
[2019.01.25-23.56.29:336][  0]LogUObjectAllocator: 6690872 out of 0 bytes used by permanent object pool.
[2019.01.25-23.56.29:337][  0]LogUObjectArray: CloseDisregardForGC: 0/0 objects in disregard for GC pool
[2019.01.25-23.56.30:748][  0]LogTcpMessaging: Initializing TcpMessaging bridge
[2019.01.25-23.56.30:767][  0]LogUdpMessaging: Initializing bridge on interface 0.0.0.0:0 to multicast group 230.0.0.1:6666.
[2019.01.25-23.56.31:030][  0]SourceControl: Source control is disabled
[2019.01.25-23.56.31:030][  0]SourceControl: Source control is disabled
[2019.01.25-23.56.31:039][  0]SourceControl: Source control is disabled
[2019.01.25-23.56.31:046][  0]SourceControl: Source control is disabled
[2019.01.25-23.56.31:413][  0]LogAndroidPermission: UAndroidPermissionCallbackProxy::GetInstance
[2019.01.25-23.56.31:566][  0]LogOcInput: OculusInput pre-init called
[2019.01.25-23.56.31:654][  0]LogEngine: Initializing Engine...
[2019.01.25-23.56.31:655][  0]LogHMD: Failed to initialize OpenVR with code 110
[2019.01.25-23.56.31:659][  0]LogStats: UGameplayTagsManager::ConstructGameplayTagTree: ImportINI prefixes -  0.000 s
[2019.01.25-23.56.31:659][  0]LogStats: UGameplayTagsManager::ConstructGameplayTagTree: Construct from data asset -  0.000 s
[2019.01.25-23.56.31:660][  0]LogStats: UGameplayTagsManager::ConstructGameplayTagTree: ImportINI -  0.000 s
[2019.01.25-23.56.31:660][  0]LogStats: UGameplayTagsManager::ConstructGameplayTagTree: GameplayTagTreeChangedEvent.Broadcast -  0.000 s
[2019.01.25-23.56.31:924][  0]LogInit: Initializing FReadOnlyCVARCache
[2019.01.25-23.56.31:949][  0]LogAIModule: Creating AISystem for world Untitled
[2019.01.25-23.56.31:976][  0]LogInit: XAudio2 using 'Headset Earphone (Razer ManO'War)' : 2 channels at 48 kHz using 16 bits per sample (channel mask 0x3)
[2019.01.25-23.56.31:997][  0]LogInit: FAudioDevice initialized.
[2019.01.25-23.56.31:997][  0]LogNetVersion: Set ProjectVersion to 1.0.0.0. Version Checksum will be recalculated on next use.
[2019.01.25-23.56.32:093][  0]LogDerivedDataCache: Saved boot cache 0.10s 71MB C:/Users/w017177h.STUDENT/AppData/Local/UnrealEngine/4.20/DerivedDataCache/Boot.ddc.
[2019.01.25-23.56.32:118][  0]LogInit: Texture streaming: Enabled
[2019.01.25-23.56.32:168][  0]LogEngineSessionManager: EngineSessionManager initialized
[2019.01.25-23.56.32:168][  0]LogEngineSessionManager: EngineSessionManager sent abnormal shutdown report. Type=Debugger, SessionId={AAB1320A-46C3-3CCE-1CBD-758ECBDDE95D}
[2019.01.25-23.56.32:187][  0]LogInit: Transaction tracking system initialized
[2019.01.25-23.56.32:247][  0]BlueprintLog: New page: Editor Load
[2019.01.25-23.56.32:462][  0]LocalizationService: Localization service is disabled
[2019.01.25-23.56.32:866][  0]LogCook: Display: Max memory allowance for cook 16384mb min free memory 0mb
[2019.01.25-23.56.32:866][  0]LogCook: Display: Mobile HDR setting 1
[2019.01.25-23.56.32:867][  0]LogGameplayTags: Display: UGameplayTagsManager::DoneAddingNativeTags. DelegateIsBound: 0
[2019.01.25-23.56.32:867][  0]LogStats: UGameplayTagsManager::ConstructGameplayTagTree: ImportINI prefixes -  0.000 s
[2019.01.25-23.56.32:867][  0]LogStats: UGameplayTagsManager::ConstructGameplayTagTree: Construct from data asset -  0.000 s
[2019.01.25-23.56.32:867][  0]LogStats: UGameplayTagsManager::ConstructGameplayTagTree: ImportINI -  0.000 s
[2019.01.25-23.56.32:867][  0]LogStats: UGameplayTagsManager::ConstructGameplayTagTree: GameplayTagTreeChangedEvent.Broadcast -  0.000 s
[2019.01.25-23.56.33:118][  0]LogFileCache: Scanning file cache for directory 'C:/Users/w017177h.STUDENT/Documents/Github/GGJ2019/GGJ2019/Content/' took 0.02s
[2019.01.25-23.56.33:118][  0]SourceControl: Source control is disabled
[2019.01.25-23.56.33:119][  0]Cmd: MAP LOAD FILE="../../../../../../Users/w017177h.STUDENT/Documents/Github/GGJ2019/GGJ2019/Content/GameLevel.umap" TEMPLATE=0 SHOWPROGRESS=1 FEATURELEVEL=3
[2019.01.25-23.56.33:120][  0]LightingResults: New page: Lighting Build
[2019.01.25-23.56.33:125][  0]MapCheck: New page: Map Check
[2019.01.25-23.56.33:125][  0]LightingResults: New page: Lighting Build
[2019.01.25-23.56.33:387][  0]LogAIModule: Creating AISystem for world GameLevel
[2019.01.25-23.56.33:409][  0]LogEditorServer: Finished looking for orphan Actors (0.000 secs)
[2019.01.25-23.56.33:439][  0]Cmd: MAP CHECKDEP NOCLEARLOG
[2019.01.25-23.56.33:630][  0]MapCheck: Map check complete: 0 Error(s), 0 Warning(s), took 191.675ms to complete.
[2019.01.25-23.56.33:630][  0]LogFileHelpers: Loading map 'GameLevel' took 0.512
[2019.01.25-23.56.33:765][  0]LogSlate: Updating window title bar state: overlay mode, drag disabled, window buttons hidden, title bar hidden
[2019.01.25-23.56.33:774][  0]LogSlate: Updating window title bar state: overlay mode, drag disabled, window buttons hidden, title bar hidden
[2019.01.25-23.56.33:783][  0]LogSlate: Updating window title bar state: overlay mode, drag disabled, window buttons hidden, title bar hidden
[2019.01.25-23.56.33:792][  0]LogSlate: Updating window title bar state: overlay mode, drag disabled, window buttons hidden, title bar hidden
[2019.01.25-23.56.33:805][  0]LogCollectionManager: Loaded 0 collections in 0.003925 seconds
[2019.01.25-23.56.33:858][  0]LogFileCache: Scanning file cache for directory 'C:/Users/w017177h.STUDENT/Documents/Github/GGJ2019/GGJ2019/Saved/Collections/' took 0.01s
[2019.01.25-23.56.33:858][  0]LogFileCache: Scanning file cache for directory 'C:/Users/w017177h.STUDENT/Documents/Github/GGJ2019/GGJ2019/Content/Developers/w017177h/Collections/' took 0.01s
[2019.01.25-23.56.33:858][  0]LogFileCache: Scanning file cache for directory 'C:/Users/w017177h.STUDENT/Documents/Github/GGJ2019/GGJ2019/Content/Collections/' took 0.01s
[2019.01.25-23.56.33:858][  0]LogCollectionManager: Rebuilt the GUID cache for 0 collections in 0.000000 seconds
[2019.01.25-23.56.33:869][  0]LogContentBrowser: Native class hierarchy populated in 0.0100 seconds. Added 2577 classes and 605 folders.
[2019.01.25-23.56.33:880][  0]LogContentBrowser: Native class hierarchy updated for 'WidgetCarousel' in 0.0005 seconds. Added 0 classes and 0 folders.
[2019.01.25-23.56.33:973][  0]LogContentBrowser: Native class hierarchy updated for 'AddContentDialog' in 0.0007 seconds. Added 0 classes and 0 folders.
[2019.01.25-23.56.33:984][  0]LogContentBrowser: Native class hierarchy updated for 'SceneOutliner' in 0.0005 seconds. Added 1 classes and 2 folders.
[2019.01.25-23.56.33:998][  0]LogSlate: Took 0.000326 seconds to synchronously load lazily loaded font '../../../Engine/Content/Slate/Fonts/Roboto-Regular.ttf' (155K)
[2019.01.25-23.56.34:002][  0]LogSlate: Took 0.000271 seconds to synchronously load lazily loaded font '../../../Engine/Content/Slate/Fonts/Roboto-Bold.ttf' (160K)
[2019.01.25-23.56.34:010][  0]LogSlate: Took 0.000421 seconds to synchronously load lazily loaded font '../../../Engine/Content/Editor/Slate/Fonts/FontAwesome.ttf' (139K)
[2019.01.25-23.56.34:111][  0]LogRenderer: Reallocating scene render targets to support 1208x576 Format 10 NumSamples 1 (Frame:1).
[2019.01.25-23.56.34:171][  0]LogSlate: Took 0.000219 seconds to synchronously load lazily loaded font '../../../Engine/Content/Slate/Fonts/Roboto-Light.ttf' (167K)
[2019.01.25-23.56.34:271][  0]LogContentBrowser: Native class hierarchy updated for 'HierarchicalLODOutliner' in 0.0010 seconds. Added 0 classes and 0 folders.
[2019.01.25-23.56.34:272][  0]LogLoad: (Engine Initialization) Total time: 13.61 seconds
[2019.01.25-23.56.34:272][  0]LogLoad: (Engine Initialization) Total Blueprint compile time: 0.00 seconds
[2019.01.25-23.56.34:285][  0]LogWindowsTextInputMethodSystem: Display: IME system now deactivated.
[2019.01.25-23.56.34:322][  0]LogContentStreaming: Texture pool size now 1000 MB
[2019.01.25-23.56.34:351][  1]LogFileCache: Retrieving MD5 hashes for directory 'C:/Users/w017177h.STUDENT/Documents/Github/GGJ2019/GGJ2019/Content/' took 0.05s
[2019.01.25-23.56.34:446][  2]LogAssetRegistry: Asset discovery search completed in 6.7141 seconds
[2019.01.25-23.56.34:447][  2]LogCollectionManager: Rebuilt the object cache for 0 collections in 0.000001 seconds (found 0 objects)
[2019.01.25-23.56.34:448][  2]LogCollectionManager: Fixed up redirectors for 0 collections in 0.000182 seconds (updated 0 objects)
[2019.01.25-23.56.36:594][257]LogSlate: FSceneViewport::OnFocusLost() reason 0
[2019.01.25-23.57.19:465][778]LogSlate: Took 0.000286 seconds to synchronously load lazily loaded font '../../../Engine/Content/Slate/Fonts/Roboto-Light.ttf' (167K)
[2019.01.25-23.57.19:517][778]LogSlate: Took 0.000307 seconds to synchronously load lazily loaded font '../../../Engine/Content/Slate/Fonts/Roboto-BoldCondensed.ttf' (158K)
[2019.01.25-23.57.33:230][420]LogAssetEditorManager: Opening Asset editor for Blueprint /Game/NavigationNode_BP_Exit.NavigationNode_BP_Exit
[2019.01.25-23.57.33:712][420]LogContentBrowser: Native class hierarchy updated for 'BlueprintGraph' in 0.0011 seconds. Added 116 classes and 0 folders.
[2019.01.25-23.57.34:637][420]LogSlate: Window 'Add Blueprint Class' being destroyed
[2019.01.25-23.57.36:395][532]LogRenderer: Reallocating scene render targets to support 1208x712 Format 10 NumSamples 1 (Frame:106).
[2019.01.25-23.57.36:424][534]LogSlate: Window 'NavigationNode_BP_Exit*' being destroyed
[2019.01.25-23.57.37:075][609]LogSlate: FSceneViewport::OnFocusLost() reason 2
[2019.01.25-23.57.37:084][609]Cmd: OBJ SAVEPACKAGE PACKAGE="/Game/NavigationNode_BP_Exit" FILE="../../../../../../Users/w017177h.STUDENT/Documents/Github/GGJ2019/GGJ2019/Content/NavigationNode_BP_Exit.uasset" SILENT=true
[2019.01.25-23.57.37:103][609]LogSavePackage: Moving '../../../../../../Users/w017177h.STUDENT/Documents/Github/GGJ2019/GGJ2019/Saved/NavigationNode_BP_ExitFCC2E48D4CCE9A68FC1738A0EC34E427.tmp' to '../../../../../../Users/w017177h.STUDENT/Documents/Github/GGJ2019/GGJ2019/Content/NavigationNode_BP_Exit.uasset'
[2019.01.25-23.57.38:572][781]Cmd: OBJ SAVEPACKAGE PACKAGE="/Game/GameLevel" FILE="../../../../../../Users/w017177h.STUDENT/Documents/Github/GGJ2019/GGJ2019/Content/GameLevel.umap" SILENT=true AUTOSAVING=false KEEPDIRTY=false
[2019.01.25-23.57.38:815][781]LogSavePackage: Moving '../../../../../../Users/w017177h.STUDENT/Documents/Github/GGJ2019/GGJ2019/Saved/GameLevelBE39255B4B978F5E6F69E899428D6CBA.tmp' to '../../../../../../Users/w017177h.STUDENT/Documents/Github/GGJ2019/GGJ2019/Content/GameLevel.umap'
[2019.01.25-23.57.46:675][555]LogSlate: Took 0.000329 seconds to synchronously load lazily loaded font '../../../Engine/Content/Slate/Fonts/Roboto-Italic.ttf' (157K)
[2019.01.25-23.57.57:240][789]LogSlate: FSceneViewport::OnFocusLost() reason 2
[2019.01.25-23.57.57:259][789]Cmd: OBJ SAVEPACKAGE PACKAGE="/Game/NavigationNode_BP_Exit" FILE="../../../../../../Users/w017177h.STUDENT/Documents/Github/GGJ2019/GGJ2019/Content/NavigationNode_BP_Exit.uasset" SILENT=true
[2019.01.25-23.57.57:301][789]LogSavePackage: Moving '../../../../../../Users/w017177h.STUDENT/Documents/Github/GGJ2019/GGJ2019/Saved/NavigationNode_BP_ExitCA985C574B45D27A953B4BB83F0557F7.tmp' to '../../../../../../Users/w017177h.STUDENT/Documents/Github/GGJ2019/GGJ2019/Content/NavigationNode_BP_Exit.uasset'
[2019.01.25-23.57.58:096][874]LogSlate: FSceneViewport::OnFocusLost() reason 0
[2019.01.25-23.57.58:188][885]BlueprintLog: New page: Compile NavigationNode_BP_Exit
[2019.01.25-23.57.59:902][ 55]LogSlate: FSceneViewport::OnFocusLost() reason 0
[2019.01.25-23.58.01:231][206]LogSlate: FSceneViewport::OnFocusLost() reason 2
[2019.01.25-23.58.01:247][206]Cmd: OBJ SAVEPACKAGE PACKAGE="/Game/NavigationNode_BP_Exit" FILE="../../../../../../Users/w017177h.STUDENT/Documents/Github/GGJ2019/GGJ2019/Content/NavigationNode_BP_Exit.uasset" SILENT=true
[2019.01.25-23.58.01:282][206]LogSavePackage: Moving '../../../../../../Users/w017177h.STUDENT/Documents/Github/GGJ2019/GGJ2019/Saved/NavigationNode_BP_Exit3344D1454FAD1ABD6BFCE58D8222C58D.tmp' to '../../../../../../Users/w017177h.STUDENT/Documents/Github/GGJ2019/GGJ2019/Content/NavigationNode_BP_Exit.uasset'
[2019.01.25-23.58.01:624][246]LogSlate: FSceneViewport::OnFocusLost() reason 0
[2019.01.25-23.58.05:899][748]LogSlate: FSceneViewport::OnFocusLost() reason 0
[2019.01.25-23.58.08:586][ 52]LogAIModule: Creating AISystem for world NewJohnLevel
[2019.01.25-23.58.08:639][ 52]LogAssetEditorManager: Opening Asset editor for World /Game/StarterContent/Maps/NewJohnLevel.NewJohnLevel
[2019.01.25-23.58.08:672][ 52]Cmd: MAP LOAD FILE="../../../../../../Users/w017177h.STUDENT/Documents/Github/GGJ2019/GGJ2019/Content/StarterContent/Maps/NewJohnLevel.umap" TEMPLATE=0 SHOWPROGRESS=1 FEATURELEVEL=3
[2019.01.25-23.58.08:672][ 52]LightingResults: New page: Lighting Build
[2019.01.25-23.58.08:673][ 52]LoadErrors: New page: Loading map: NewJohnLevel.umap
[2019.01.25-23.58.08:675][ 52]MapCheck: New page: Map Check
[2019.01.25-23.58.08:675][ 52]LightingResults: New page: Lighting Build
[2019.01.25-23.58.08:771][ 52]LogEditorServer: Finished looking for orphan Actors (0.000 secs)
[2019.01.25-23.58.08:842][ 52]Cmd: MAP CHECKDEP NOCLEARLOG
[2019.01.25-23.58.09:068][ 52]MapCheck: Map check complete: 0 Error(s), 0 Warning(s), took 225.884ms to complete.
[2019.01.25-23.58.09:069][ 52]LogFileHelpers: Loading map 'NewJohnLevel' took 0.398
[2019.01.25-23.58.11:265][304]LogSlate: FSceneViewport::OnFocusLost() reason 2
[2019.01.25-23.58.11:691][304]LogSavePackage: Moving '../../../../../../Users/w017177h.STUDENT/Documents/Github/GGJ2019/GGJ2019/Saved/NewJohnLevel936A67E349D7F2D2EA00868E16E593B6.tmp' to '../../../../../../Users/w017177h.STUDENT/Documents/Github/GGJ2019/GGJ2019/Content/StarterContent/Maps/NewJohnLevel.umap'
[2019.01.25-23.58.16:314][839]LogSlate: FSceneViewport::OnFocusLost() reason 0
[2019.01.25-23.58.17:260][949]LogActor: Warning: Enemy_BP_Base_C /Engine/Transient.World_4:PersistentLevel.Enemy_BP_Base_C_0 has natively added scene component(s), but none of them were set as the actor's RootComponent - picking one arbitrarily
[2019.01.25-23.58.27:428][109]LogSlate: FSceneViewport::OnFocusLost() reason 2
[2019.01.25-23.58.27:911][109]LogSavePackage: Moving '../../../../../../Users/w017177h.STUDENT/Documents/Github/GGJ2019/GGJ2019/Saved/NewJohnLevelE51B207F420BBE7F43F4698B62DE39DF.tmp' to '../../../../../../Users/w017177h.STUDENT/Documents/Github/GGJ2019/GGJ2019/Content/StarterContent/Maps/NewJohnLevel.umap'
[2019.01.25-23.58.35:098][851]LogEditorViewport: Clicking on Actor (LMB): NavigationNode_BP_Exit_C (NavigationNode_BP_Exit2)
[2019.01.25-23.58.42:461][688]LogEditorViewport: Clicking on Actor (LMB): NavigationNode_BP_Exit_C (NavigationNode_BP_Exit3)
[2019.01.25-23.58.48:725][370]LogEditorViewport: Clicking on Actor (LMB): Enemy_BP_Base_C (Enemy_BP_Base)
[2019.01.25-23.58.49:636][451]LogEditorViewport: Clicking on Actor (LMB): NavigationNode_BP_Exit_C (NavigationNode_BP_Exit2)
[2019.01.25-23.59.06:070][267]LogEditorViewport: Clicking on Actor (LMB): NavigationNode_BP_Exit_C (NavigationNode_BP_Exit4)
[2019.01.25-23.59.14:196][157]LogEditorViewport: Clicking on Actor (LMB): BP_Sky_Sphere_C (BP_Sky_Sphere)
[2019.01.25-23.59.14:379][171]LogSlate: FSceneViewport::OnFocusLost() reason 2
[2019.01.25-23.59.14:954][171]LogSavePackage: Moving '../../../../../../Users/w017177h.STUDENT/Documents/Github/GGJ2019/GGJ2019/Saved/NewJohnLevel43E0C85F49A488F2F47BF1A02885C7C2.tmp' to '../../../../../../Users/w017177h.STUDENT/Documents/Github/GGJ2019/GGJ2019/Content/StarterContent/Maps/NewJohnLevel.umap'
[2019.01.25-23.59.16:541][304]LogSlate: FSceneViewport::OnFocusLost() reason 0
[2019.01.25-23.59.16:625][314]LogTemp: Repeating last play command: Selected Viewport
[2019.01.25-23.59.16:647][314]LogPlayLevel: PlayLevel: No blueprints needed recompiling
[2019.01.25-23.59.16:662][314]PIE: New page: PIE session: NewJohnLevel (25 Jan 2019 23:59:16)
[2019.01.25-23.59.16:662][314]LogPlayLevel: Creating play world package: /Game/StarterContent/Maps/UEDPIE_0_NewJohnLevel
[2019.01.25-23.59.16:690][314]LogPlayLevel: PIE: StaticDuplicateObject took: (0.028242s)
[2019.01.25-23.59.16:691][314]LogAIModule: Creating AISystem for world NewJohnLevel
[2019.01.25-23.59.16:692][314]LogPlayLevel: PIE: World Init took: (0.001361s)
[2019.01.25-23.59.16:692][314]LogPlayLevel: PIE: Created PIE world by copying editor world from /Game/StarterContent/Maps/NewJohnLevel.NewJohnLevel to /Game/StarterContent/Maps/UEDPIE_0_NewJohnLevel.NewJohnLevel (0.030244s)
[2019.01.25-23.59.16:731][314]LogInit: XAudio2 using 'Headset Earphone (Razer ManO'War)' : 2 channels at 48 kHz using 16 bits per sample (channel mask 0x3)
[2019.01.25-23.59.16:742][314]LogInit: FAudioDevice initialized.
[2019.01.25-23.59.16:804][314]LogLoad: Game class is 'GGJ2019GM_C'
[2019.01.25-23.59.16:823][314]LogWorld: Bringing World /Game/StarterContent/Maps/UEDPIE_0_NewJohnLevel.NewJohnLevel up for play (max tick rate 0) at 2019.01.25-23.59.16
[2019.01.25-23.59.16:827][314]LogWorld: Bringing up level for play took: 0.019474
[2019.01.25-23.59.16:866][314]LogContentBrowser: Native class hierarchy updated for 'MovieSceneCapture' in 0.0013 seconds. Added 10 classes and 0 folders.
[2019.01.25-23.59.16:869][314]PIE: Play in editor start time for /Game/StarterContent/Maps/UEDPIE_0_NewJohnLevel 0.389
[2019.01.25-23.59.42:311][351]LogSlate: Updating window title bar state: overlay mode, drag disabled, window buttons hidden, title bar hidden
[2019.01.25-23.59.42:358][351]LogPlayLevel: Display: Shutting down PIE online subsystems
[2019.01.25-23.59.42:416][351]LogSlate: Updating window title bar state: overlay mode, drag disabled, window buttons hidden, title bar hidden
[2019.01.25-23.59.42:441][352]LogPlayLevel: Display: Destroying online subsystem :Context_6
[2019.01.25-23.59.43:912][528]LogEditorViewport: Clicking on Actor (LMB): NavigationNode_BP_Exit_C (NavigationNode_BP_Exit3)
[2019.01.25-23.59.46:868][877]LogEditorViewport: Clicking on Actor (LMB): NavigationNode_BP_Exit_C (NavigationNode_BP_Exit2)
[2019.01.25-23.59.47:997][  8]LogEditorViewport: Clicking on Actor (LMB): Enemy_BP_Base_C (Enemy_BP_Base2)
[2019.01.25-23.59.49:250][153]LogEditorViewport: Clicking on Actor (LMB): NavigationNode_BP_Exit_C (NavigationNode_BP_Exit2)
[2019.01.25-23.59.50:424][289]LogSlate: FSceneViewport::OnFocusLost() reason 0
[2019.01.25-23.59.51:713][442]LogEditorViewport: Clicking on Actor (LMB): NavigationNode_BP_Exit_C (NavigationNode_BP_Exit3)
[2019.01.25-23.59.53:007][592]LogSlate: FSceneViewport::OnFocusLost() reason 0
[2019.01.25-23.59.55:474][880]LogEditorViewport: Clicking on Actor (LMB): BP_Sky_Sphere_C (BP_Sky_Sphere)
[2019.01.25-23.59.55:792][911]LogSlate: FSceneViewport::OnFocusLost() reason 2
[2019.01.25-23.59.56:245][911]LogSavePackage: Moving '../../../../../../Users/w017177h.STUDENT/Documents/Github/GGJ2019/GGJ2019/Saved/NewJohnLevelA2DD05084549953AC89E8AA47D00AC8E.tmp' to '../../../../../../Users/w017177h.STUDENT/Documents/Github/GGJ2019/GGJ2019/Content/StarterContent/Maps/NewJohnLevel.umap'
[2019.01.25-23.59.59:782][304]LogEditorViewport: Clicking on Actor (LMB): NavigationNode_BP_Base_C (NavigationNode_BP_Base49)
[2019.01.26-00.00.05:793][944]LogSlate: FSceneViewport::OnFocusLost() reason 0
[2019.01.26-00.00.05:851][951]LogTemp: Repeating last play command: Selected Viewport
[2019.01.26-00.00.05:869][951]LogPlayLevel: PlayLevel: No blueprints needed recompiling
[2019.01.26-00.00.05:870][951]PIE: New page: PIE session: NewJohnLevel (26 Jan 2019 00:00:05)
[2019.01.26-00.00.05:870][951]LogPlayLevel: Creating play world package: /Game/StarterContent/Maps/UEDPIE_0_NewJohnLevel
[2019.01.26-00.00.05:897][951]LogPlayLevel: PIE: StaticDuplicateObject took: (0.026795s)
[2019.01.26-00.00.05:897][951]LogAIModule: Creating AISystem for world NewJohnLevel
[2019.01.26-00.00.05:897][951]LogPlayLevel: PIE: World Init took: (0.000784s)
[2019.01.26-00.00.05:898][951]LogPlayLevel: PIE: Created PIE world by copying editor world from /Game/StarterContent/Maps/NewJohnLevel.NewJohnLevel to /Game/StarterContent/Maps/UEDPIE_0_NewJohnLevel.NewJohnLevel (0.027936s)
[2019.01.26-00.00.05:940][951]LogInit: XAudio2 using 'Headset Earphone (Razer ManO'War)' : 2 channels at 48 kHz using 16 bits per sample (channel mask 0x3)
[2019.01.26-00.00.05:952][951]LogInit: FAudioDevice initialized.
[2019.01.26-00.00.05:987][951]LogLoad: Game class is 'GGJ2019GM_C'
[2019.01.26-00.00.05:995][951]LogWorld: Bringing World /Game/StarterContent/Maps/UEDPIE_0_NewJohnLevel.NewJohnLevel up for play (max tick rate 0) at 2019.01.26-00.00.05
[2019.01.26-00.00.05:997][951]LogWorld: Bringing up level for play took: 0.008193
[2019.01.26-00.00.06:011][951]PIE: Play in editor start time for /Game/StarterContent/Maps/UEDPIE_0_NewJohnLevel -0.47
[2019.01.26-00.00.18:113][397]LogSlate: Updating window title bar state: overlay mode, drag disabled, window buttons hidden, title bar hidden
[2019.01.26-00.00.18:154][397]LogPlayLevel: Display: Shutting down PIE online subsystems
[2019.01.26-00.00.18:192][397]LogSlate: Updating window title bar state: overlay mode, drag disabled, window buttons hidden, title bar hidden
[2019.01.26-00.00.18:220][398]LogPlayLevel: Display: Destroying online subsystem :Context_7
[2019.01.26-00.00.20:596][664]LogEditorViewport: Clicking on Actor (LMB): NavigationNode_BP_Base_C (NavigationNode_BP_Base11)
[2019.01.26-00.00.21:744][759]LogEditorViewport: Clicking on Actor (LMB): NavigationNode_BP_Base_C (NavigationNode_BP_Base75)
[2019.01.26-00.00.28:101][486]LogEditorViewport: Clicking on Actor (LMB): NavigationNode_BP_Base_C (NavigationNode_BP_Base75)
[2019.01.26-00.00.39:163][757]LogSlate: FSceneViewport::OnFocusLost() reason 2
[2019.01.26-00.00.39:607][757]LogSavePackage: Moving '../../../../../../Users/w017177h.STUDENT/Documents/Github/GGJ2019/GGJ2019/Saved/NewJohnLevel504816AC46E12CC0CC0C218DE5F06B76.tmp' to '../../../../../../Users/w017177h.STUDENT/Documents/Github/GGJ2019/GGJ2019/Content/StarterContent/Maps/NewJohnLevel.umap'
[2019.01.26-00.00.40:135][801]LogSlate: FSceneViewport::OnFocusLost() reason 0
[2019.01.26-00.00.40:235][813]LogTemp: Repeating last play command: Selected Viewport
[2019.01.26-00.00.40:255][813]LogPlayLevel: PlayLevel: No blueprints needed recompiling
[2019.01.26-00.00.40:256][813]PIE: New page: PIE session: NewJohnLevel (26 Jan 2019 00:00:40)
[2019.01.26-00.00.40:256][813]LogPlayLevel: Creating play world package: /Game/StarterContent/Maps/UEDPIE_0_NewJohnLevel
[2019.01.26-00.00.40:282][813]LogPlayLevel: PIE: StaticDuplicateObject took: (0.026166s)
[2019.01.26-00.00.40:283][813]LogAIModule: Creating AISystem for world NewJohnLevel
[2019.01.26-00.00.40:283][813]LogPlayLevel: PIE: World Init took: (0.000750s)
[2019.01.26-00.00.40:283][813]LogPlayLevel: PIE: Created PIE world by copying editor world from /Game/StarterContent/Maps/NewJohnLevel.NewJohnLevel to /Game/StarterContent/Maps/UEDPIE_0_NewJohnLevel.NewJohnLevel (0.027278s)
[2019.01.26-00.00.40:320][813]LogInit: XAudio2 using 'Headset Earphone (Razer ManO'War)' : 2 channels at 48 kHz using 16 bits per sample (channel mask 0x3)
[2019.01.26-00.00.40:331][813]LogInit: FAudioDevice initialized.
[2019.01.26-00.00.40:366][813]LogLoad: Game class is 'GGJ2019GM_C'
[2019.01.26-00.00.40:374][813]LogWorld: Bringing World /Game/StarterContent/Maps/UEDPIE_0_NewJohnLevel.NewJohnLevel up for play (max tick rate 0) at 2019.01.26-00.00.40
[2019.01.26-00.00.40:375][813]LogWorld: Bringing up level for play took: 0.008115
[2019.01.26-00.00.40:390][813]PIE: Play in editor start time for /Game/StarterContent/Maps/UEDPIE_0_NewJohnLevel -0.09
[2019.01.26-00.00.53:516][381]LogSlate: Updating window title bar state: overlay mode, drag disabled, window buttons hidden, title bar hidden
[2019.01.26-00.00.53:562][381]LogPlayLevel: Display: Shutting down PIE online subsystems
[2019.01.26-00.00.53:594][381]LogSlate: Updating window title bar state: overlay mode, drag disabled, window buttons hidden, title bar hidden
[2019.01.26-00.00.53:618][382]LogPlayLevel: Display: Destroying online subsystem :Context_8
[2019.01.26-00.00.54:374][472]LogEditorViewport: Clicking on Actor (LMB): NavigationNode_BP_Base_C (NavigationNode_BP_Base10)
[2019.01.26-00.00.55:734][609]LogEditorViewport: Clicking on Actor (LMB): NavigationNode_BP_Base_C (NavigationNode_BP_Base9)
[2019.01.26-00.00.58:314][888]LogEditorViewport: Clicking on Actor (LMB): NavigationNode_BP_Base_C (NavigationNode_BP_Base10)
[2019.01.26-00.01.01:258][214]LogEditorViewport: Clicking on Actor (LMB): NavigationNode_BP_Base_C (NavigationNode_BP_Base75)
[2019.01.26-00.01.06:502][742]LogEditorViewport: Clicking on Actor (LMB): NavigationNode_BP_Base_C (NavigationNode_BP_Base96)
[2019.01.26-00.01.10:213][160]LogEditorViewport: Clicking on Actor (LMB): NavigationNode_BP_Base_C (NavigationNode_BP_Base97)
[2019.01.26-00.01.11:383][287]LogSlate: FSceneViewport::OnFocusLost() reason 2
[2019.01.26-00.01.11:830][287]LogSavePackage: Moving '../../../../../../Users/w017177h.STUDENT/Documents/Github/GGJ2019/GGJ2019/Saved/NewJohnLevelBDD5C806485016DDD8B86299B97B58A3.tmp' to '../../../../../../Users/w017177h.STUDENT/Documents/Github/GGJ2019/GGJ2019/Content/StarterContent/Maps/NewJohnLevel.umap'
[2019.01.26-00.01.12:204][326]LogSlate: FSceneViewport::OnFocusLost() reason 0
[2019.01.26-00.01.12:279][335]LogTemp: Repeating last play command: Selected Viewport
[2019.01.26-00.01.12:298][335]LogPlayLevel: PlayLevel: No blueprints needed recompiling
[2019.01.26-00.01.12:299][335]PIE: New page: PIE session: NewJohnLevel (26 Jan 2019 00:01:12)
[2019.01.26-00.01.12:299][335]LogPlayLevel: Creating play world package: /Game/StarterContent/Maps/UEDPIE_0_NewJohnLevel
[2019.01.26-00.01.12:327][335]LogPlayLevel: PIE: StaticDuplicateObject took: (0.027890s)
[2019.01.26-00.01.12:327][335]LogAIModule: Creating AISystem for world NewJohnLevel
[2019.01.26-00.01.12:328][335]LogPlayLevel: PIE: World Init took: (0.000756s)
[2019.01.26-00.01.12:328][335]LogPlayLevel: PIE: Created PIE world by copying editor world from /Game/StarterContent/Maps/NewJohnLevel.NewJohnLevel to /Game/StarterContent/Maps/UEDPIE_0_NewJohnLevel.NewJohnLevel (0.029016s)
[2019.01.26-00.01.12:363][335]LogInit: XAudio2 using 'Headset Earphone (Razer ManO'War)' : 2 channels at 48 kHz using 16 bits per sample (channel mask 0x3)
[2019.01.26-00.01.12:374][335]LogInit: FAudioDevice initialized.
[2019.01.26-00.01.12:406][335]LogLoad: Game class is 'GGJ2019GM_C'
[2019.01.26-00.01.12:415][335]LogWorld: Bringing World /Game/StarterContent/Maps/UEDPIE_0_NewJohnLevel.NewJohnLevel up for play (max tick rate 0) at 2019.01.26-00.01.12
[2019.01.26-00.01.12:418][335]LogWorld: Bringing up level for play took: 0.010660
[2019.01.26-00.01.12:435][335]PIE: Play in editor start time for /Game/StarterContent/Maps/UEDPIE_0_NewJohnLevel -0.045
[2019.01.26-00.01.32:898][772]LogSlate: Updating window title bar state: overlay mode, drag disabled, window buttons hidden, title bar hidden
[2019.01.26-00.01.32:941][772]LogPlayLevel: Display: Shutting down PIE online subsystems
[2019.01.26-00.01.32:976][772]LogSlate: Updating window title bar state: overlay mode, drag disabled, window buttons hidden, title bar hidden
[2019.01.26-00.01.33:001][773]LogPlayLevel: Display: Destroying online subsystem :Context_9
[2019.01.26-00.01.36:270][159]LogSlate: FSceneViewport::OnFocusLost() reason 0
[2019.01.26-00.01.36:328][166]LogTemp: Repeating last play command: Selected Viewport
[2019.01.26-00.01.36:348][166]LogPlayLevel: PlayLevel: No blueprints needed recompiling
[2019.01.26-00.01.36:348][166]PIE: New page: PIE session: NewJohnLevel (26 Jan 2019 00:01:36)
[2019.01.26-00.01.36:348][166]LogPlayLevel: Creating play world package: /Game/StarterContent/Maps/UEDPIE_0_NewJohnLevel
[2019.01.26-00.01.36:374][166]LogPlayLevel: PIE: StaticDuplicateObject took: (0.026262s)
[2019.01.26-00.01.36:375][166]LogAIModule: Creating AISystem for world NewJohnLevel
[2019.01.26-00.01.36:375][166]LogPlayLevel: PIE: World Init took: (0.000768s)
[2019.01.26-00.01.36:375][166]LogPlayLevel: PIE: Created PIE world by copying editor world from /Game/StarterContent/Maps/NewJohnLevel.NewJohnLevel to /Game/StarterContent/Maps/UEDPIE_0_NewJohnLevel.NewJohnLevel (0.027399s)
[2019.01.26-00.01.36:410][166]LogInit: XAudio2 using 'Headset Earphone (Razer ManO'War)' : 2 channels at 48 kHz using 16 bits per sample (channel mask 0x3)
[2019.01.26-00.01.36:420][166]LogInit: FAudioDevice initialized.
[2019.01.26-00.01.36:457][166]LogLoad: Game class is 'GGJ2019GM_C'
[2019.01.26-00.01.36:464][166]LogWorld: Bringing World /Game/StarterContent/Maps/UEDPIE_0_NewJohnLevel.NewJohnLevel up for play (max tick rate 0) at 2019.01.26-00.01.36
[2019.01.26-00.01.36:465][166]LogWorld: Bringing up level for play took: 0.006816
[2019.01.26-00.01.36:479][166]PIE: Play in editor start time for /Game/StarterContent/Maps/UEDPIE_0_NewJohnLevel -0.001
[2019.01.26-00.01.51:945][ 18]LogSlate: Updating window title bar state: overlay mode, drag disabled, window buttons hidden, title bar hidden
[2019.01.26-00.01.51:988][ 18]LogPlayLevel: Display: Shutting down PIE online subsystems
[2019.01.26-00.01.52:047][ 18]LogSlate: Updating window title bar state: overlay mode, drag disabled, window buttons hidden, title bar hidden
[2019.01.26-00.01.52:067][ 19]LogPlayLevel: Display: Destroying online subsystem :Context_10
[2019.01.26-00.01.52:591][ 82]LogTemp: Repeating last play command: Selected Viewport
[2019.01.26-00.01.52:612][ 82]LogPlayLevel: PlayLevel: No blueprints needed recompiling
[2019.01.26-00.01.52:613][ 82]PIE: New page: PIE session: NewJohnLevel (26 Jan 2019 00:01:52)
[2019.01.26-00.01.52:613][ 82]LogPlayLevel: Creating play world package: /Game/StarterContent/Maps/UEDPIE_0_NewJohnLevel
[2019.01.26-00.01.52:642][ 82]LogPlayLevel: PIE: StaticDuplicateObject took: (0.028702s)
[2019.01.26-00.01.52:642][ 82]LogAIModule: Creating AISystem for world NewJohnLevel
[2019.01.26-00.01.52:643][ 82]LogPlayLevel: PIE: World Init took: (0.000760s)
[2019.01.26-00.01.52:643][ 82]LogPlayLevel: PIE: Created PIE world by copying editor world from /Game/StarterContent/Maps/NewJohnLevel.NewJohnLevel to /Game/StarterContent/Maps/UEDPIE_0_NewJohnLevel.NewJohnLevel (0.029858s)
[2019.01.26-00.01.52:682][ 82]LogInit: XAudio2 using 'Headset Earphone (Razer ManO'War)' : 2 channels at 48 kHz using 16 bits per sample (channel mask 0x3)
[2019.01.26-00.01.52:693][ 82]LogInit: FAudioDevice initialized.
[2019.01.26-00.01.52:725][ 82]LogLoad: Game class is 'GGJ2019GM_C'
[2019.01.26-00.01.52:732][ 82]LogWorld: Bringing World /Game/StarterContent/Maps/UEDPIE_0_NewJohnLevel.NewJohnLevel up for play (max tick rate 0) at 2019.01.26-00.01.52
[2019.01.26-00.01.52:733][ 82]LogWorld: Bringing up level for play took: 0.006862
[2019.01.26-00.01.52:747][ 82]PIE: Play in editor start time for /Game/StarterContent/Maps/UEDPIE_0_NewJohnLevel 0.266
[2019.01.26-00.01.58:056][716]LogSlate: Updating window title bar state: overlay mode, drag disabled, window buttons hidden, title bar hidden
[2019.01.26-00.01.58:093][716]LogPlayLevel: Display: Shutting down PIE online subsystems
[2019.01.26-00.01.58:124][716]LogSlate: Updating window title bar state: overlay mode, drag disabled, window buttons hidden, title bar hidden
[2019.01.26-00.01.58:159][719]LogPlayLevel: Display: Destroying online subsystem :Context_11
[2019.01.26-00.02.01:550][ 94]LogEditorViewport: Clicking on Actor (LMB): NavigationNode_BP_Base_C (NavigationNode_BP_Base4)
[2019.01.26-00.02.05:210][504]LogEditorViewport: Clicking on Actor (LMB): NavigationNode_BP_Base_C (NavigationNode_BP_Base)
[2019.01.26-00.02.06:847][694]LogEditorViewport: Clicking on Actor (LMB): NavigationNode_BP_Base_C (NavigationNode_BP_Base2)
[2019.01.26-00.02.10:896][102]LogSlate: FSceneViewport::OnFocusLost() reason 0
[2019.01.26-00.02.10:946][108]LogTemp: Repeating last play command: Selected Viewport
[2019.01.26-00.02.10:968][108]LogPlayLevel: PlayLevel: No blueprints needed recompiling
[2019.01.26-00.02.10:968][108]PIE: New page: PIE session: NewJohnLevel (26 Jan 2019 00:02:10)
[2019.01.26-00.02.10:969][108]LogPlayLevel: Creating play world package: /Game/StarterContent/Maps/UEDPIE_0_NewJohnLevel
[2019.01.26-00.02.10:996][108]LogPlayLevel: PIE: StaticDuplicateObject took: (0.027688s)
[2019.01.26-00.02.10:997][108]LogAIModule: Creating AISystem for world NewJohnLevel
[2019.01.26-00.02.10:997][108]LogPlayLevel: PIE: World Init took: (0.000820s)
[2019.01.26-00.02.10:998][108]LogPlayLevel: PIE: Created PIE world by copying editor world from /Game/StarterContent/Maps/NewJohnLevel.NewJohnLevel to /Game/StarterContent/Maps/UEDPIE_0_NewJohnLevel.NewJohnLevel (0.028920s)
[2019.01.26-00.02.11:035][108]LogInit: XAudio2 using 'Headset Earphone (Razer ManO'War)' : 2 channels at 48 kHz using 16 bits per sample (channel mask 0x3)
[2019.01.26-00.02.11:045][108]LogInit: FAudioDevice initialized.
[2019.01.26-00.02.11:085][108]LogLoad: Game class is 'GGJ2019GM_C'
[2019.01.26-00.02.11:092][108]LogWorld: Bringing World /Game/StarterContent/Maps/UEDPIE_0_NewJohnLevel.NewJohnLevel up for play (max tick rate 0) at 2019.01.26-00.02.11
[2019.01.26-00.02.11:093][108]LogWorld: Bringing up level for play took: 0.007051
[2019.01.26-00.02.11:108][108]PIE: Play in editor start time for /Game/StarterContent/Maps/UEDPIE_0_NewJohnLevel 0.627
[2019.01.26-00.02.27:123][ 15]LogSlate: Updating window title bar state: overlay mode, drag disabled, window buttons hidden, title bar hidden
[2019.01.26-00.02.27:162][ 15]LogPlayLevel: Display: Shutting down PIE online subsystems
[2019.01.26-00.02.27:193][ 15]LogSlate: Updating window title bar state: overlay mode, drag disabled, window buttons hidden, title bar hidden
[2019.01.26-00.02.27:224][ 17]LogPlayLevel: Display: Destroying online subsystem :Context_12
[2019.01.26-00.02.27:855][ 92]LogSlate: FSceneViewport::OnFocusLost() reason 0
[2019.01.26-00.02.27:922][100]LogTemp: Repeating last play command: Selected Viewport
[2019.01.26-00.02.27:941][100]LogPlayLevel: PlayLevel: No blueprints needed recompiling
[2019.01.26-00.02.27:941][100]PIE: New page: PIE session: NewJohnLevel (26 Jan 2019 00:02:27)
[2019.01.26-00.02.27:941][100]LogPlayLevel: Creating play world package: /Game/StarterContent/Maps/UEDPIE_0_NewJohnLevel
[2019.01.26-00.02.27:967][100]LogPlayLevel: PIE: StaticDuplicateObject took: (0.025840s)
[2019.01.26-00.02.27:968][100]LogAIModule: Creating AISystem for world NewJohnLevel
[2019.01.26-00.02.27:968][100]LogPlayLevel: PIE: World Init took: (0.001223s)
[2019.01.26-00.02.27:969][100]LogPlayLevel: PIE: Created PIE world by copying editor world from /Game/StarterContent/Maps/NewJohnLevel.NewJohnLevel to /Game/StarterContent/Maps/UEDPIE_0_NewJohnLevel.NewJohnLevel (0.027588s)
[2019.01.26-00.02.28:008][100]LogInit: XAudio2 using 'Headset Earphone (Razer ManO'War)' : 2 channels at 48 kHz using 16 bits per sample (channel mask 0x3)
[2019.01.26-00.02.28:019][100]LogInit: FAudioDevice initialized.
[2019.01.26-00.02.28:059][100]LogLoad: Game class is 'GGJ2019GM_C'
[2019.01.26-00.02.28:066][100]LogWorld: Bringing World /Game/StarterContent/Maps/UEDPIE_0_NewJohnLevel.NewJohnLevel up for play (max tick rate 0) at 2019.01.26-00.02.28
[2019.01.26-00.02.28:067][100]LogWorld: Bringing up level for play took: 0.006926
[2019.01.26-00.02.28:082][100]PIE: Play in editor start time for /Game/StarterContent/Maps/UEDPIE_0_NewJohnLevel -0.4
[2019.01.26-00.02.37:431][218]LogSlate: Updating window title bar state: overlay mode, drag disabled, window buttons hidden, title bar hidden
[2019.01.26-00.02.37:471][218]LogPlayLevel: Display: Shutting down PIE online subsystems
[2019.01.26-00.02.37:506][218]LogSlate: Updating window title bar state: overlay mode, drag disabled, window buttons hidden, title bar hidden
[2019.01.26-00.02.37:530][219]LogPlayLevel: Display: Destroying online subsystem :Context_13
[2019.01.26-00.02.39:400][430]LogEditorViewport: Clicking on Actor (LMB): NavigationNode_BP_Base_C (NavigationNode_BP_Base4)
[2019.01.26-00.02.41:213][614]LogSlate: FSceneViewport::OnFocusLost() reason 2
[2019.01.26-00.02.41:662][614]LogSavePackage: Moving '../../../../../../Users/w017177h.STUDENT/Documents/Github/GGJ2019/GGJ2019/Saved/NewJohnLevel0401A1604654E3572701D4B5B8218D2C.tmp' to '../../../../../../Users/w017177h.STUDENT/Documents/Github/GGJ2019/GGJ2019/Content/StarterContent/Maps/NewJohnLevel.umap'
[2019.01.26-00.02.42:106][661]LogSlate: FSceneViewport::OnFocusLost() reason 0
[2019.01.26-00.02.42:171][669]LogTemp: Repeating last play command: Selected Viewport
[2019.01.26-00.02.42:191][669]LogPlayLevel: PlayLevel: No blueprints needed recompiling
[2019.01.26-00.02.42:191][669]PIE: New page: PIE session: NewJohnLevel (26 Jan 2019 00:02:42)
[2019.01.26-00.02.42:191][669]LogPlayLevel: Creating play world package: /Game/StarterContent/Maps/UEDPIE_0_NewJohnLevel
[2019.01.26-00.02.42:218][669]LogPlayLevel: PIE: StaticDuplicateObject took: (0.026283s)
[2019.01.26-00.02.42:218][669]LogAIModule: Creating AISystem for world NewJohnLevel
[2019.01.26-00.02.42:219][669]LogPlayLevel: PIE: World Init took: (0.001243s)
[2019.01.26-00.02.42:220][669]LogPlayLevel: PIE: Created PIE world by copying editor world from /Game/StarterContent/Maps/NewJohnLevel.NewJohnLevel to /Game/StarterContent/Maps/UEDPIE_0_NewJohnLevel.NewJohnLevel (0.028504s)
[2019.01.26-00.02.42:260][669]LogInit: XAudio2 using 'Headset Earphone (Razer ManO'War)' : 2 channels at 48 kHz using 16 bits per sample (channel mask 0x3)
[2019.01.26-00.02.42:271][669]LogInit: FAudioDevice initialized.
[2019.01.26-00.02.42:304][669]LogLoad: Game class is 'GGJ2019GM_C'
[2019.01.26-00.02.42:313][669]LogWorld: Bringing World /Game/StarterContent/Maps/UEDPIE_0_NewJohnLevel.NewJohnLevel up for play (max tick rate 0) at 2019.01.26-00.02.42
[2019.01.26-00.02.42:315][669]LogWorld: Bringing up level for play took: 0.010666
[2019.01.26-00.02.42:330][669]PIE: Play in editor start time for /Game/StarterContent/Maps/UEDPIE_0_NewJohnLevel -0.151
[2019.01.26-00.02.48:498][402]LogSlate: Updating window title bar state: overlay mode, drag disabled, window buttons hidden, title bar hidden
[2019.01.26-00.02.48:542][402]LogPlayLevel: Display: Shutting down PIE online subsystems
[2019.01.26-00.02.48:595][402]LogSlate: Updating window title bar state: overlay mode, drag disabled, window buttons hidden, title bar hidden
[2019.01.26-00.02.48:620][403]LogPlayLevel: Display: Destroying online subsystem :Context_14
[2019.01.26-00.02.49:266][480]LogEditorViewport: Clicking on Actor (LMB): NavigationNode_BP_Base_C (NavigationNode_BP_Base4)
[2019.01.26-00.02.50:739][643]LogSlate: FSceneViewport::OnFocusLost() reason 2
[2019.01.26-00.02.51:148][643]LogSavePackage: Moving '../../../../../../Users/w017177h.STUDENT/Documents/Github/GGJ2019/GGJ2019/Saved/NewJohnLevel9DA2B2614097EB741A56BCB8F4DB5884.tmp' to '../../../../../../Users/w017177h.STUDENT/Documents/Github/GGJ2019/GGJ2019/Content/StarterContent/Maps/NewJohnLevel.umap'
[2019.01.26-00.02.52:739][812]LogEditorViewport: Clicking on Actor (LMB): BP_Sky_Sphere_C (BP_Sky_Sphere)
[2019.01.26-00.02.55:772][155]LogSlate: FSceneViewport::OnFocusLost() reason 2
[2019.01.26-00.02.56:208][155]LogSavePackage: Moving '../../../../../../Users/w017177h.STUDENT/Documents/Github/GGJ2019/GGJ2019/Saved/NewJohnLevelF87D448442E18CFF066B6E9AFBA36A67.tmp' to '../../../../../../Users/w017177h.STUDENT/Documents/Github/GGJ2019/GGJ2019/Content/StarterContent/Maps/NewJohnLevel.umap'
[2019.01.26-00.03.06:423][335]LogSlate: FSceneViewport::OnFocusLost() reason 2
[2019.01.26-00.03.06:834][335]LogSavePackage: Moving '../../../../../../Users/w017177h.STUDENT/Documents/Github/GGJ2019/GGJ2019/Saved/NewJohnLevel70C3914F48E212545AFCD395EDA72A96.tmp' to '../../../../../../Users/w017177h.STUDENT/Documents/Github/GGJ2019/GGJ2019/Content/StarterContent/Maps/NewJohnLevel.umap'
[2019.01.26-00.03.07:173][364]LogSlate: FSceneViewport::OnFocusLost() reason 0
[2019.01.26-00.03.09:327][608]LogSlate: FSceneViewport::OnFocusLost() reason 2
[2019.01.26-00.03.09:331][608]Cmd: OBJ SAVEPACKAGE PACKAGE="/Game/NavigationNode_BP_Exit" FILE="../../../../../../Users/w017177h.STUDENT/Documents/Github/GGJ2019/GGJ2019/Content/NavigationNode_BP_Exit.uasset" SILENT=true
[2019.01.26-00.03.09:369][608]LogSavePackage: Moving '../../../../../../Users/w017177h.STUDENT/Documents/Github/GGJ2019/GGJ2019/Saved/NavigationNode_BP_Exit4FE8D6834F486EFE387AD1A6C26DE8E7.tmp' to '../../../../../../Users/w017177h.STUDENT/Documents/Github/GGJ2019/GGJ2019/Content/NavigationNode_BP_Exit.uasset'
[2019.01.26-00.03.09:823][661]LogSlate: FSceneViewport::OnFocusLost() reason 0
[2019.01.26-00.03.16:423][422]LogTemp: Repeating last play command: Selected Viewport
[2019.01.26-00.03.16:442][422]LogPlayLevel: PlayLevel: No blueprints needed recompiling
[2019.01.26-00.03.16:442][422]PIE: New page: PIE session: NewJohnLevel (26 Jan 2019 00:03:16)
[2019.01.26-00.03.16:442][422]LogPlayLevel: Creating play world package: /Game/StarterContent/Maps/UEDPIE_0_NewJohnLevel
[2019.01.26-00.03.16:469][422]LogPlayLevel: PIE: StaticDuplicateObject took: (0.026514s)
[2019.01.26-00.03.16:470][422]LogAIModule: Creating AISystem for world NewJohnLevel
[2019.01.26-00.03.16:470][422]LogPlayLevel: PIE: World Init took: (0.001094s)
[2019.01.26-00.03.16:471][422]LogPlayLevel: PIE: Created PIE world by copying editor world from /Game/StarterContent/Maps/NewJohnLevel.NewJohnLevel to /Game/StarterContent/Maps/UEDPIE_0_NewJohnLevel.NewJohnLevel (0.028179s)
[2019.01.26-00.03.16:506][422]LogInit: XAudio2 using 'Headset Earphone (Razer ManO'War)' : 2 channels at 48 kHz using 16 bits per sample (channel mask 0x3)
[2019.01.26-00.03.16:517][422]LogInit: FAudioDevice initialized.
[2019.01.26-00.03.16:557][422]LogLoad: Game class is 'GGJ2019GM_C'
[2019.01.26-00.03.16:579][422]LogWorld: Bringing World /Game/StarterContent/Maps/UEDPIE_0_NewJohnLevel.NewJohnLevel up for play (max tick rate 0) at 2019.01.26-00.03.16
[2019.01.26-00.03.16:583][422]LogWorld: Bringing up level for play took: 0.024201
[2019.01.26-00.03.16:600][422]PIE: Play in editor start time for /Game/StarterContent/Maps/UEDPIE_0_NewJohnLevel 0.119
[2019.01.26-00.03.26:797][638]LogSlate: Updating window title bar state: overlay mode, drag disabled, window buttons hidden, title bar hidden
[2019.01.26-00.03.26:843][638]LogPlayLevel: Display: Shutting down PIE online subsystems
[2019.01.26-00.03.26:875][638]LogSlate: Updating window title bar state: overlay mode, drag disabled, window buttons hidden, title bar hidden
[2019.01.26-00.03.26:900][640]LogPlayLevel: Display: Destroying online subsystem :Context_15
[2019.01.26-00.06.40:126][279]LogSavePackage: Moving '../../../../../../Users/w017177h.STUDENT/Documents/Github/GGJ2019/GGJ2019/Saved/NewJohnLevel240B5ADF4CD157182E0AB78B5A1389FF.tmp' to '../../../../../../Users/w017177h.STUDENT/Documents/Github/GGJ2019/GGJ2019/Content/StarterContent/Maps/NewJohnLevel.umap'
[2019.01.26-00.06.41:016][358]LogSlate: Window 'GGJ2019 - Unreal Editor' being destroyed
[2019.01.26-00.06.41:238][359]Cmd: QUIT_EDITOR
[2019.01.26-00.06.41:398][359]LogWindowsTextInputMethodSystem: Display: IME system now deactivated.
[2019.01.26-00.06.41:412][359]LogExit: Preparing to exit.
[2019.01.26-00.06.41:773][359]LogExit: Editor shut down
[2019.01.26-00.06.41:773][359]LogExit: Transaction tracking system shut down
[2019.01.26-00.06.42:322][359]LogExit: Object subsystem successfully closed.
[2019.01.26-00.06.42:358][359]LogShaderCompilers: Display: Shaders left to compile 0
[2019.01.26-00.06.42:364][359]LogD3D11RHI: Shutdown
[2019.01.26-00.06.42:364][359]LogD3D11RHI: CleanupD3DDevice
[2019.01.26-00.06.42:367][359]LogD3D11RHI: ~FD3D11DynamicRHI
[2019.01.26-00.06.42:409][359]LogModuleManager: Shutting down and abandoning module MovieSceneCapture (618)
[2019.01.26-00.06.42:409][359]LogModuleManager: Shutting down and abandoning module Voice (616)
[2019.01.26-00.06.42:409][359]LogModuleManager: Shutting down and abandoning module BlueprintGraph (614)
[2019.01.26-00.06.42:409][359]LogModuleManager: Shutting down and abandoning module HierarchicalLODOutliner (612)
[2019.01.26-00.06.42:409][359]LogModuleManager: Shutting down and abandoning module SceneOutliner (610)
[2019.01.26-00.06.42:409][359]LogModuleManager: Shutting down and abandoning module AddContentDialog (608)
[2019.01.26-00.06.42:410][359]LogModuleManager: Shutting down and abandoning module WidgetCarousel (607)
[2019.01.26-00.06.42:410][359]LogModuleManager: Shutting down and abandoning module EditorWidgets (604)
[2019.01.26-00.06.42:410][359]LogModuleManager: Shutting down and abandoning module CollectionManager (602)
[2019.01.26-00.06.42:410][359]LogModuleManager: Shutting down and abandoning module StatsViewer (600)
[2019.01.26-00.06.42:410][359]LogModuleManager: Shutting down and abandoning module FoliageEdit (598)
[2019.01.26-00.06.42:411][359]LogModuleManager: Shutting down and abandoning module LandscapeEditor (596)
[2019.01.26-00.06.42:411][359]LogModuleManager: Shutting down and abandoning module MeshPaintMode (594)
[2019.01.26-00.06.42:411][359]LogModuleManager: Shutting down and abandoning module SceneDepthPickerMode (592)
[2019.01.26-00.06.42:411][359]LogModuleManager: Shutting down and abandoning module ActorPickerMode (590)
[2019.01.26-00.06.42:411][359]LogModuleManager: Shutting down and abandoning module GeometryMode (588)
[2019.01.26-00.06.42:411][359]LogModuleManager: Shutting down and abandoning module TextureAlignMode (586)
[2019.01.26-00.06.42:411][359]LogModuleManager: Shutting down and abandoning module BspMode (584)
[2019.01.26-00.06.42:411][359]LogModuleManager: Shutting down and abandoning module PIEPreviewDeviceProfileSelector (582)
[2019.01.26-00.06.42:411][359]LogModuleManager: Shutting down and abandoning module SequenceRecorderSections (580)
[2019.01.26-00.06.42:411][359]LogModuleManager: Shutting down and abandoning module AutomationWorker (578)
[2019.01.26-00.06.42:412][359]LogModuleManager: Shutting down and abandoning module AudioCaptureEditor (576)
[2019.01.26-00.06.42:412][359]LogModuleManager: Shutting down and abandoning module SequenceRecorder (575)
[2019.01.26-00.06.42:412][359]LogModuleManager: Shutting down and abandoning module MatineeToLevelSequence (572)
[2019.01.26-00.06.42:412][359]LogModuleManager: Shutting down and abandoning module LevelSequenceEditor (570)
[2019.01.26-00.06.42:412][359]LogModuleManager: Shutting down and abandoning module PlacementMode (569)
[2019.01.26-00.06.42:412][359]LogModuleManager: Shutting down and abandoning module MaterialEditor (568)
[2019.01.26-00.06.42:412][359]LogModuleManager: Shutting down and abandoning module WmfMediaFactory (564)
[2019.01.26-00.06.42:412][359]LogModuleManager: Shutting down and abandoning module WmfMediaEditor (562)
[2019.01.26-00.06.42:412][359]LogModuleManager: Shutting down and abandoning module MediaPlayerEditor (560)
[2019.01.26-00.06.42:412][359]LogModuleManager: Shutting down and abandoning module OpenExrWrapper (558)
[2019.01.26-00.06.42:412][359]LogModuleManager: Shutting down and abandoning module ImgMediaFactory (556)
[2019.01.26-00.06.42:413][359]LogModuleManager: Shutting down and abandoning module ImgMediaEditor (554)
[2019.01.26-00.06.42:413][359]LogModuleManager: Shutting down and abandoning module AvfMediaFactory (552)
[2019.01.26-00.06.42:413][359]LogModuleManager: Shutting down and abandoning module AvfMediaEditor (550)
[2019.01.26-00.06.42:413][359]LogModuleManager: Shutting down and abandoning module AndroidMediaFactory (548)
[2019.01.26-00.06.42:413][359]LogModuleManager: Shutting down and abandoning module AndroidMediaEditor (546)
[2019.01.26-00.06.42:413][359]LogModuleManager: Shutting down and abandoning module MagicLeapCameraPreviewFactory (544)
[2019.01.26-00.06.42:413][359]LogModuleManager: Shutting down and abandoning module MagicLeapMediaFactory (542)
[2019.01.26-00.06.42:413][359]LogModuleManager: Shutting down and abandoning module MagicLeapMediaEditor (540)
[2019.01.26-00.06.42:413][359]LogModuleManager: Shutting down and abandoning module CharacterAI (538)
[2019.01.26-00.06.42:413][359]LogModuleManager: Shutting down and abandoning module SmartSnapping (536)
[2019.01.26-00.06.42:413][359]LogModuleManager: Shutting down and abandoning module SessionServices (534)
[2019.01.26-00.06.42:414][359]LogModuleManager: Shutting down and abandoning module ViewportSnapping (532)
[2019.01.26-00.06.42:414][359]LogModuleManager: Shutting down and abandoning module ViewportInteraction (530)
[2019.01.26-00.06.42:414][359]LogModuleManager: Shutting down and abandoning module ClothPainter (528)
[2019.01.26-00.06.42:414][359]LogModuleManager: Shutting down and abandoning module SkeletalMeshEditor (527)
[2019.01.26-00.06.42:414][359]LogModuleManager: Shutting down and abandoning module LogVisualizer (524)
[2019.01.26-00.06.42:414][359]LogModuleManager: Shutting down and abandoning module IntroTutorials (522)
[2019.01.26-00.06.42:414][359]LogModuleManager: Shutting down and abandoning module GameProjectGeneration (521)
[2019.01.26-00.06.42:414][359]LogModuleManager: Shutting down and abandoning module LuminPlatformEditor (518)
[2019.01.26-00.06.42:414][359]LogModuleManager: Shutting down and abandoning module IOSPlatformEditor (516)
[2019.01.26-00.06.42:414][359]LogModuleManager: Shutting down and abandoning module HTML5PlatformEditor (514)
[2019.01.26-00.06.42:415][359]LogModuleManager: Shutting down and abandoning module AndroidPlatformEditor (512)
[2019.01.26-00.06.42:415][359]LogModuleManager: Shutting down and abandoning module AndroidDeviceDetection (511)
