Log file open, 01/27/19 15:18:00
LogWindows: Failed to load 'aqProf.dll' (GetLastError=126)
LogWindows: File 'aqProf.dll' does not exist
LogWindows: Failed to load 'VSPerf140.dll' (GetLastError=126)
LogWindows: File 'VSPerf140.dll' does not exist
LogWindows: Failed to load 'VtuneApi.dll' (GetLastError=126)
LogWindows: File 'VtuneApi.dll' does not exist
LogWindows: Failed to load 'VtuneApi32e.dll' (GetLastError=126)
LogWindows: File 'VtuneApi32e.dll' does not exist
LogInit: Display: Running engine for game: GGJ2019
LogPlatformFile: Not using cached read wrapper
LogTaskGraph: Started task graph with 5 named threads and 23 total threads with 3 sets of task threads.
LogStats: Stats thread started at 0.525450
LogD3D11RHI: Loaded GFSDK_Aftermath_Lib.x64.dll
LogICUInternationalization: Display: ICU TimeZone Detection - Raw Offset: +0:00, Platform Override: ''
LogPluginManager: Mounting plugin Paper2D
LogPluginManager: Mounting plugin AISupport
LogPluginManager: Mounting plugin LightPropagationVolume
LogPluginManager: Mounting plugin CLionSourceCodeAccess
LogPluginManager: Mounting plugin CodeLiteSourceCodeAccess
LogPluginManager: Mounting plugin GitSourceControl
LogPluginManager: Mounting plugin KDevelopSourceCodeAccess
LogPluginManager: Mounting plugin NullSourceCodeAccess
LogPluginManager: Mounting plugin PerforceSourceControl
LogPluginManager: Mounting plugin SubversionSourceControl
LogPluginManager: Mounting plugin UObjectPlugin
LogPluginManager: Mounting plugin VisualStudioCodeSourceCodeAccess
LogPluginManager: Mounting plugin VisualStudioSourceCodeAccess
LogPluginManager: Mounting plugin XCodeSourceCodeAccess
LogPluginManager: Mounting plugin AssetManagerEditor
LogPluginManager: Mounting plugin CryptoKeys
LogPluginManager: Mounting plugin DataValidation
LogPluginManager: Mounting plugin FacialAnimation
LogPluginManager: Mounting plugin GameplayTagsEditor
LogPluginManager: Mounting plugin MacGraphicsSwitching
LogPluginManager: Mounting plugin MeshEditor
LogPluginManager: Mounting plugin MobileLauncherProfileWizard
LogPluginManager: Mounting plugin PluginBrowser
LogPluginManager: Mounting plugin SpeedTreeImporter
LogPluginManager: Mounting plugin DatasmithContent
LogPluginManager: Mounting plugin AlembicImporter
LogPluginManager: Mounting plugin AppleImageUtils
LogPluginManager: Mounting plugin AppleVision
LogPluginManager: Mounting plugin BackChannel
LogPluginManager: Mounting plugin CharacterAI
LogPluginManager: Mounting plugin GeometryCache
LogPluginManager: Mounting plugin HTML5Networking
LogPluginManager: Mounting plugin ProxyLODPlugin
LogPluginManager: Mounting plugin MagicLeap
LogPluginManager: Mounting plugin MagicLeapEmulator
LogPluginManager: Mounting plugin MagicLeapMedia
LogPluginManager: Mounting plugin AndroidMedia
LogPluginManager: Mounting plugin AvfMedia
LogPluginManager: Mounting plugin ImgMedia
LogPluginManager: Mounting plugin LinearTimecode
LogPluginManager: Mounting plugin MediaCompositing
LogPluginManager: Mounting plugin MediaPlayerEditor
LogPluginManager: Mounting plugin WmfMedia
LogPluginManager: Mounting plugin TcpMessaging
LogPluginManager: Mounting plugin UdpMessaging
LogPluginManager: Mounting plugin ActorSequence
LogPluginManager: Mounting plugin LevelSequenceEditor
LogPluginManager: Mounting plugin MatineeToLevelSequence
LogPluginManager: Mounting plugin NetcodeUnitTest
LogPluginManager: Mounting plugin NUTUnrealEngine4
LogPluginManager: Mounting plugin OnlineSubsystemGooglePlay
LogPluginManager: Mounting plugin OnlineSubsystemIOS
LogPluginManager: Mounting plugin OnlineSubsystem
LogPluginManager: Mounting plugin OnlineSubsystemNull
LogPluginManager: Mounting plugin OnlineSubsystemUtils
LogPluginManager: Mounting plugin LauncherChunkInstaller
LogPluginManager: Mounting plugin AndroidDeviceProfileSelector
LogPluginManager: Mounting plugin AndroidMoviePlayer
LogPluginManager: Mounting plugin AndroidPermission
LogPluginManager: Mounting plugin AppleMoviePlayer
LogPluginManager: Mounting plugin ArchVisCharacter
LogPluginManager: Mounting plugin AudioCapture
LogPluginManager: Mounting plugin CableComponent
LogPluginManager: Mounting plugin CustomMeshComponent
LogPluginManager: Mounting plugin EditableMesh
LogPluginManager: Mounting plugin ExampleDeviceProfileSelector
LogPluginManager: Mounting plugin GoogleCloudMessaging
LogPluginManager: Mounting plugin ImmediatePhysics
LogPluginManager: Mounting plugin IOSDeviceProfileSelector
LogPluginManager: Mounting plugin LinuxDeviceProfileSelector
LogPluginManager: Mounting plugin LocationServicesBPLibrary
LogPluginManager: Mounting plugin MobilePatchingUtils
LogPluginManager: Mounting plugin OculusVR
LogPluginManager: Plugin shader directory ../../../Engine/Plugins/Runtime/Oculus/OculusVR/Shaders found
LogPluginManager: Mapping shader source directory ../../../Engine/Plugins/Runtime/Oculus/OculusVR/Shaders to virtual directory /Plugin/OculusVR
LogPluginManager: Mounting plugin PhysXVehicles
LogPluginManager: Mounting plugin ProceduralMeshComponent
LogPluginManager: Mounting plugin RuntimePhysXCooking
LogPluginManager: Mounting plugin SteamVR
LogPluginManager: Mounting plugin WindowsMoviePlayer
LogStreaming: Display: Took  0.312s to configure plugins.
LogInit: Using libcurl 7.55.1-DEV
LogInit:  - built for x86_64-pc-win32
LogInit:  - supports SSL with OpenSSL/1.0.2h
LogInit:  - supports HTTP deflate (compression) using libz 1.2.8
LogInit:  - other features:
LogInit:      CURL_VERSION_SSL
LogInit:      CURL_VERSION_LIBZ
LogInit:      CURL_VERSION_IPV6
LogInit:      CURL_VERSION_ASYNCHDNS
LogInit:      CURL_VERSION_LARGEFILE
LogInit:      CURL_VERSION_IDN
LogInit:  CurlRequestOptions (configurable via config and command line):
LogInit:  - bVerifyPeer = false  - Libcurl will NOT verify peer certificate
LogInit:  - bUseHttpProxy = false  - Libcurl will NOT use HTTP proxy
LogInit:  - bDontReuseConnections = false  - Libcurl will reuse connections
LogInit:  - CertBundlePath = nullptr  - Libcurl will use whatever was configured at build time.
LogInit:  - MaxHostConnections = 16  - Libcurl will limit the number of connections to a host
LogInit:  - LocalHostAddr = Default
LogInit:  - BufferSize = 65536
LogInit: WinSock: version 1.1 (2.2), MaxSocks=32767, MaxUdp=65467
LogInit: Build: ++UE4+Release-4.20-CL-4369336
LogInit: Engine Version: 4.20.3-4369336+++UE4+Release-4.20
LogInit: Compatible Engine Version: 4.20.0-4212847+++UE4+Release-4.20
LogInit: Net CL: 4212847
LogInit: OS: Windows 10 (), CPU: Intel(R) Xeon(R) CPU E5-1620 v3 @ 3.50GHz, GPU: NVIDIA GeForce GTX 970
LogInit: Compiled (64-bit): Sep 17 2018 12:26:19
LogInit: Compiled with Visual C++: 19.13.26129.00
LogInit: Build Configuration: Development
LogInit: Branch Name: ++UE4+Release-4.20
LogInit: Command Line:  -skipcompile
LogInit: Base Directory: C:/Epic/UE4/UE_4.20/Engine/Binaries/Win64/
LogInit: Installed Engine Build: 1
LogDevObjectVersion: Number of dev versions registered: 20
LogDevObjectVersion:   Dev-Blueprints (B0D832E4-1F89-4F0D-ACCF-7EB736FD4AA2): 10
LogDevObjectVersion:   Dev-Build (E1C64328-A22C-4D53-A36C-8E866417BD8C): 0
LogDevObjectVersion:   Dev-Core (375EC13C-06E4-48FB-B500-84F0262A717E): 2
LogDevObjectVersion:   Dev-Editor (E4B068ED-F494-42E9-A231-DA0B2E46BB41): 24
LogDevObjectVersion:   Dev-Framework (CFFC743F-43B0-4480-9391-14DF171D2073): 34
LogDevObjectVersion:   Dev-Mobile (B02B49B5-BB20-44E9-A304-32B752E40360): 2
LogDevObjectVersion:   Dev-Networking (A4E4105C-59A1-49B5-A7C5-40C4547EDFEE): 0
LogDevObjectVersion:   Dev-Online (39C831C9-5AE6-47DC-9A44-9C173E1C8E7C): 0
LogDevObjectVersion:   Dev-Physics (78F01B33-EBEA-4F98-B9B4-84EACCB95AA2): 0
LogDevObjectVersion:   Dev-Platform (6631380F-2D4D-43E0-8009-CF276956A95A): 0
LogDevObjectVersion:   Dev-Rendering (12F88B9F-8875-4AFC-A67C-D90C383ABD29): 26
LogDevObjectVersion:   Dev-Sequencer (7B5AE74C-D270-4C10-A958-57980B212A5A): 9
LogDevObjectVersion:   Dev-VR (D7296918-1DD6-4BDD-9DE2-64A83CC13884): 2
LogDevObjectVersion:   Dev-LoadTimes (C2A15278-BFE7-4AFE-6C17-90FF531DF755): 1
LogDevObjectVersion:   Private-Geometry (6EACA3D4-40EC-4CC1-B786-8BED09428FC5): 3
LogDevObjectVersion:   Dev-AnimPhys (29E575DD-E0A3-4627-9D10-D276232CDCEA): 17
LogDevObjectVersion:   Dev-ReflectionCapture (6B266CEC-1EC7-4B8F-A30B-E4D90942FC07): 1
LogDevObjectVersion:   Dev-Automation (0DF73D61-A23F-47EA-B727-89E90C41499A): 1
LogDevObjectVersion:   FortniteMain (601D1886-AC64-4F84-AA16-D3DE0DEAC7D6): 12
LogDevObjectVersion:   Dev-Enterprise (9DFFBCD6-494F-0158-E221-12823C92A888): 1
LogStreaming: Display: Took  0.011s to delete old logs.
LogInit: Presizing for max 8388607 objects, including 0 objects not considered by GC, pre-allocating 0 bytes for permanent pool.
LogInit: Object subsystem initialized
[2019.01.27-15.18.01:388][  0]LogInit: Selected Device Profile: [Windows]
[2019.01.27-15.18.01:388][  0]LogInit: Applying CVar settings loaded from the selected device profile: [Windows]
[2019.01.27-15.18.01:405][  0]LogHAL: Display: Platform has ~ 16 GB [17092038656 / 17179869184 / 16], which maps to Larger [LargestMinGB=32, LargerMinGB=12, DefaultMinGB=8, SmallerMinGB=6, SmallestMinGB=0)
[2019.01.27-15.18.01:405][  0]LogInit: Setting Device Profile CVar: [[r.Vulkan.UseRealUBs:1]]
[2019.01.27-15.18.01:406][  0]LogInit: Going up to parent DeviceProfile []
[2019.01.27-15.18.01:406][  0]LogInit: Computer: C115-8
[2019.01.27-15.18.01:406][  0]LogInit: User: p018236h
[2019.01.27-15.18.01:406][  0]LogInit: CPU Page size=4096, Cores=4
[2019.01.27-15.18.01:406][  0]LogInit: High frequency timer resolution =3.410072 MHz
[2019.01.27-15.18.01:406][  0]LogMemory: Memory total: Physical=15.9GB (16GB approx)
[2019.01.27-15.18.01:406][  0]LogMemory: Platform Memory Stats for Windows
[2019.01.27-15.18.01:407][  0]LogMemory: Process Physical Memory: 101.50 MB used, 101.50 MB peak
[2019.01.27-15.18.01:407][  0]LogMemory: Process Virtual Memory: 84.40 MB used, 84.40 MB peak
[2019.01.27-15.18.01:407][  0]LogMemory: Physical Memory: 6987.71 MB used,  9312.53 MB free, 16300.24 MB total
[2019.01.27-15.18.01:407][  0]LogMemory: Virtual Memory: 4633.59 MB used,  9312.53 MB free, 134217728.00 MB total
[2019.01.27-15.18.01:526][  0]LogInit: Using OS detected language (en-US).
[2019.01.27-15.18.01:526][  0]LogInit: Using OS detected locale (en-GB).
[2019.01.27-15.18.01:527][  0]LogTextLocalizationManager: No specific localization for 'en-US' exists, so the 'en' localization will be used.
[2019.01.27-15.18.01:951][  0]LogStreaming: Display: Took  0.426s to InitEngineTextLocalization.
[2019.01.27-15.18.01:952][  0]LogInit: Setting process to per monitor DPI aware
[2019.01.27-15.18.02:005][  0]LogSlate: New Slate User Created.  User Index 0, Is Virtual User: 0
[2019.01.27-15.18.02:005][  0]LogSlate: Slate User Registered.  User Index 0, Is Virtual User: 0
[2019.01.27-15.18.02:344][  0]LogHMD: Failed to initialize OpenVR with code 110
[2019.01.27-15.18.02:344][  0]LogD3D11RHI: D3D11 adapters:
[2019.01.27-15.18.02:438][  0]LogD3D11RHI:    0. 'NVIDIA GeForce GTX 970' (Feature Level 11_0)
[2019.01.27-15.18.02:438][  0]LogD3D11RHI:       4043/0/8150 MB DedicatedVideo/DedicatedSystem/SharedSystem, Outputs:2, VendorId:0x10de
[2019.01.27-15.18.02:444][  0]LogD3D11RHI:    1. 'Microsoft Basic Render Driver' (Feature Level 11_0)
[2019.01.27-15.18.02:444][  0]LogD3D11RHI:       0/0/8150 MB DedicatedVideo/DedicatedSystem/SharedSystem, Outputs:0, VendorId:0x1414
[2019.01.27-15.18.02:444][  0]LogD3D11RHI: Chosen D3D11 Adapter: 0
[2019.01.27-15.18.02:453][  0]LogD3D11RHI: Creating new Direct3DDevice
[2019.01.27-15.18.02:453][  0]LogD3D11RHI:     GPU DeviceId: 0x13c2 (for the marketing name, search the web for "GPU Device Id")
[2019.01.27-15.18.02:453][  0]LogWindows: EnumDisplayDevices:
[2019.01.27-15.18.02:453][  0]LogWindows:    0. 'NVIDIA GeForce GTX 970' (P:1 D:1)
[2019.01.27-15.18.02:453][  0]LogWindows:    1. 'NVIDIA GeForce GTX 970' (P:0 D:1)
[2019.01.27-15.18.02:454][  0]LogWindows:    2. 'NVIDIA GeForce GTX 970' (P:0 D:0)
[2019.01.27-15.18.02:454][  0]LogWindows:    3. 'NVIDIA GeForce GTX 970' (P:0 D:0)
[2019.01.27-15.18.02:455][  0]LogWindows: DebugString: FoundDriverCount:4 
[2019.01.27-15.18.02:455][  0]LogD3D11RHI:     Adapter Name: NVIDIA GeForce GTX 970
[2019.01.27-15.18.02:455][  0]LogD3D11RHI:   Driver Version: 398.82 (internal:24.21.13.9882, unified:398.82)
[2019.01.27-15.18.02:455][  0]LogD3D11RHI:      Driver Date: 7-30-2018
[2019.01.27-15.18.02:455][  0]LogRHI: Texture pool is 2830 MB (70% of 4043 MB)
[2019.01.27-15.18.02:514][  0]LogD3D11RHI: Async texture creation enabled
[2019.01.27-15.18.02:534][  0]LogD3D11RHI: GPU Timing Frequency: 1000.000000 (Debug: 2 2)
[2019.01.27-15.18.02:579][  0]LogShaderCompilers: Guid format shader working directory is -18 characters bigger than the processId version (../../../../../../Users/p018236h.STUDENT/Documents/GameJam/GGJ2019/GGJ2019/Intermediate/Shaders/WorkingDirectory/14180/).
[2019.01.27-15.18.02:579][  0]LogShaderCompilers: Cleaned the shader compiler working directory 'C:/Users/p018236h.STUDENT/AppData/Local/Temp/UnrealShaderWorkingDir/7138DFBD40206D2658C0C5B763769ED0/'.
[2019.01.27-15.18.03:042][  0]LogTemp: Display: Loaded TP AllDesktopTargetPlatform
[2019.01.27-15.18.03:060][  0]LogTemp: Display: Loaded TP MacClientTargetPlatform
[2019.01.27-15.18.03:079][  0]LogTemp: Display: Loaded TP MacNoEditorTargetPlatform
[2019.01.27-15.18.03:098][  0]LogTemp: Display: Loaded TP MacServerTargetPlatform
[2019.01.27-15.18.03:116][  0]LogTemp: Display: Loaded TP MacTargetPlatform
[2019.01.27-15.18.03:134][  0]LogTemp: Display: Loaded TP WindowsClientTargetPlatform
[2019.01.27-15.18.03:155][  0]LogTemp: Display: Loaded TP WindowsNoEditorTargetPlatform
[2019.01.27-15.18.03:174][  0]LogTemp: Display: Loaded TP WindowsServerTargetPlatform
[2019.01.27-15.18.03:186][  0]LogTemp: Display: Loaded TP WindowsTargetPlatform
[2019.01.27-15.18.03:280][  0]LogTemp: Display: Loaded TP AndroidTargetPlatform
[2019.01.27-15.18.03:280][  0]LogTemp: Display: Loaded TP AndroidTargetPlatform
[2019.01.27-15.18.03:281][  0]LogTemp: Display: Loaded TP AndroidTargetPlatform
[2019.01.27-15.18.03:281][  0]LogTemp: Display: Loaded TP AndroidTargetPlatform
[2019.01.27-15.18.03:281][  0]LogTemp: Display: Loaded TP AndroidTargetPlatform
[2019.01.27-15.18.03:281][  0]LogTemp: Display: Loaded TP AndroidTargetPlatform
[2019.01.27-15.18.03:281][  0]LogTemp: Display: Loaded TP AndroidTargetPlatform
[2019.01.27-15.18.03:281][  0]LogTemp: Display: Loaded TP AndroidTargetPlatform
[2019.01.27-15.18.03:281][  0]LogTemp: Display: Loaded TP AndroidTargetPlatform
[2019.01.27-15.18.03:281][  0]LogTemp: Display: Loaded TP AndroidTargetPlatform
[2019.01.27-15.18.03:281][  0]LogTemp: Display: Loaded TP AndroidTargetPlatform
[2019.01.27-15.18.03:281][  0]LogTemp: Display: Loaded TP AndroidTargetPlatform
[2019.01.27-15.18.03:281][  0]LogTemp: Display: Loaded TP AndroidTargetPlatform
[2019.01.27-15.18.03:281][  0]LogTemp: Display: Loaded TP AndroidTargetPlatform
[2019.01.27-15.18.03:281][  0]LogTemp: Display: Loaded TP AndroidTargetPlatform
[2019.01.27-15.18.03:281][  0]LogTemp: Display: Loaded TP AndroidTargetPlatform
[2019.01.27-15.18.03:281][  0]LogTemp: Display: Loaded TP AndroidTargetPlatform
[2019.01.27-15.18.03:281][  0]LogTemp: Display: Loaded TP AndroidTargetPlatform
[2019.01.27-15.18.03:286][  0]LogTemp: Display: Loaded TP HTML5TargetPlatform
[2019.01.27-15.18.03:361][  0]LogTemp: Display: Loaded TP IOSTargetPlatform
[2019.01.27-15.18.03:361][  0]LogTemp: Display: Loaded TP IOSTargetPlatform
[2019.01.27-15.18.03:390][  0]LogTemp: Display: Loaded TP TVOSTargetPlatform
[2019.01.27-15.18.03:390][  0]LogTemp: Display: Loaded TP TVOSTargetPlatform
[2019.01.27-15.18.03:410][  0]LogTemp: Display: Loaded TP LinuxClientTargetPlatform
[2019.01.27-15.18.03:426][  0]LogTemp: Display: Loaded TP LinuxNoEditorTargetPlatform
[2019.01.27-15.18.03:442][  0]LogTemp: Display: Loaded TP LinuxServerTargetPlatform
[2019.01.27-15.18.03:460][  0]LogTemp: Display: Loaded TP LinuxTargetPlatform
[2019.01.27-15.18.03:473][  0]LogTemp: Display: Loaded TP LuminTargetPlatform
[2019.01.27-15.18.03:473][  0]LogTargetPlatformManager: Display: Building Assets For Windows
[2019.01.27-15.18.03:632][  0]LogXGEController: Cleaning working directory: C:/Users/p018236h.STUDENT/AppData/Local/Temp/UnrealXGEWorkingDir/
[2019.01.27-15.18.03:633][  0]LogXGEController: Cannot use XGE Controller as Incredibuild is not installed on this machine.
[2019.01.27-15.18.03:633][  0]LogShaderCompilers: Cannot use XGE Shader Compiler as Incredibuild is not installed on this machine.
[2019.01.27-15.18.03:633][  0]LogShaderCompilers: Display: Using Local Shader Compiler.
[2019.01.27-15.18.04:725][  0]LogDerivedDataCache: Display: Max Cache Size: 512 MB
[2019.01.27-15.18.04:816][  0]LogDerivedDataCache: Loaded boot cache 0.09s 71MB C:/Users/p018236h.STUDENT/AppData/Local/UnrealEngine/4.20/DerivedDataCache/Boot.ddc.
[2019.01.27-15.18.04:816][  0]LogDerivedDataCache: Display: Loaded Boot cache: C:/Users/p018236h.STUDENT/AppData/Local/UnrealEngine/4.20/DerivedDataCache/Boot.ddc
[2019.01.27-15.18.04:817][  0]LogDerivedDataCache: FDerivedDataBackendGraph:  Pak pak cache file ../../../../../../Users/p018236h.STUDENT/Documents/GameJam/GGJ2019/GGJ2019/DerivedDataCache/DDC.ddp not found, will not use a pak cache.
[2019.01.27-15.18.04:817][  0]LogDerivedDataCache: Unable to find inner node Pak for hierarchical cache Hierarchy.
[2019.01.27-15.18.04:817][  0]LogDerivedDataCache: FDerivedDataBackendGraph:  CompressedPak pak cache file ../../../../../../Users/p018236h.STUDENT/Documents/GameJam/GGJ2019/GGJ2019/DerivedDataCache/Compressed.ddp not found, will not use a pak cache.
[2019.01.27-15.18.04:817][  0]LogDerivedDataCache: Unable to find inner node CompressedPak for hierarchical cache Hierarchy.
[2019.01.27-15.18.04:830][  0]LogDerivedDataCache: Display: Pak cache opened for reading ../../../Engine/DerivedDataCache/Compressed.ddp.
[2019.01.27-15.18.04:846][  0]LogDerivedDataCache: Using Local data cache path C:/Users/p018236h.STUDENT/AppData/Local/UnrealEngine/Common/DerivedDataCache: Writable
[2019.01.27-15.18.04:847][  0]LogDerivedDataCache: Shared data cache path not found in *engine.ini, will not use an Shared cache.
[2019.01.27-15.18.04:847][  0]LogDerivedDataCache: Unable to find inner node Shared for hierarchical cache Hierarchy.
[2019.01.27-15.18.04:900][  0]LogMaterial: Verifying Global Shaders for PCD3D_SM5
[2019.01.27-15.18.04:902][  0]LogSlate: Using FreeType 2.6.0
[2019.01.27-15.18.04:903][  0]LogSlate: SlateFontServices - WITH_FREETYPE: 1, WITH_HARFBUZZ: 1
[2019.01.27-15.18.05:052][  0]LogAssetRegistry: FAssetRegistry took 0.0314 seconds to start up
[2019.01.27-15.18.05:534][  0]LogInit: Selected Device Profile: [Windows]
[2019.01.27-15.18.05:828][  0]LogSimplygon: Simplygon DLL not present - disabling.
[2019.01.27-15.18.05:843][  0]LogMeshReduction: Using SimplygonSwarm for distributed automatic mesh merging
[2019.01.27-15.18.05:843][  0]LogMeshReduction: Using ProxyLODMeshReduction for automatic mesh merging
[2019.01.27-15.18.05:843][  0]LogMeshReduction: Using QuadricMeshReduction for automatic static mesh reduction
[2019.01.27-15.18.05:843][  0]LogMeshReduction: No automatic skeletal mesh reduction module available
[2019.01.27-15.18.05:869][  0]LogNetVersion: GGJ2019 1.0.0, NetCL: 4212847, EngineNetVer: 5, GameNetVer: 0 (Checksum: 54619999)
[2019.01.27-15.18.06:858][  0]LogPackageLocalizationCache: Processed 11 localized package path(s) for 2 prioritized culture(s) in 0.318119 seconds
[2019.01.27-15.18.06:868][  0]LogUObjectArray: 38425 objects as part of root set at end of initial load.
[2019.01.27-15.18.06:869][  0]LogUObjectAllocator: 6690872 out of 0 bytes used by permanent object pool.
[2019.01.27-15.18.06:869][  0]LogUObjectArray: CloseDisregardForGC: 0/0 objects in disregard for GC pool
[2019.01.27-15.18.08:242][  0]LogTcpMessaging: Initializing TcpMessaging bridge
[2019.01.27-15.18.08:261][  0]LogUdpMessaging: Initializing bridge on interface 0.0.0.0:0 to multicast group 230.0.0.1:6666.
[2019.01.27-15.18.08:508][  0]SourceControl: Source control is disabled
[2019.01.27-15.18.08:508][  0]SourceControl: Source control is disabled
[2019.01.27-15.18.08:512][  0]SourceControl: Source control is disabled
[2019.01.27-15.18.08:517][  0]SourceControl: Source control is disabled
[2019.01.27-15.18.08:846][  0]LogAndroidPermission: UAndroidPermissionCallbackProxy::GetInstance
[2019.01.27-15.18.08:944][  0]LogOcInput: OculusInput pre-init called
[2019.01.27-15.18.09:024][  0]LogEngine: Initializing Engine...
[2019.01.27-15.18.09:025][  0]LogHMD: Failed to initialize OpenVR with code 110
[2019.01.27-15.18.09:026][  0]LogStats: UGameplayTagsManager::ConstructGameplayTagTree: ImportINI prefixes -  0.000 s
[2019.01.27-15.18.09:026][  0]LogStats: UGameplayTagsManager::ConstructGameplayTagTree: Construct from data asset -  0.000 s
[2019.01.27-15.18.09:026][  0]LogStats: UGameplayTagsManager::ConstructGameplayTagTree: ImportINI -  0.000 s
[2019.01.27-15.18.09:027][  0]LogStats: UGameplayTagsManager::ConstructGameplayTagTree: GameplayTagTreeChangedEvent.Broadcast -  0.000 s
[2019.01.27-15.18.09:321][  0]LogInit: Initializing FReadOnlyCVARCache
[2019.01.27-15.18.09:352][  0]LogAIModule: Creating AISystem for world Untitled
[2019.01.27-15.18.09:368][  0]LogInit: XAudio2 using 'Speakers (Realtek High Definition Audio)' : 2 channels at 48 kHz using 32 bits per sample (channel mask 0x3)
[2019.01.27-15.18.09:417][  0]LogInit: FAudioDevice initialized.
[2019.01.27-15.18.09:417][  0]LogNetVersion: Set ProjectVersion to 1.0.0.0. Version Checksum will be recalculated on next use.
[2019.01.27-15.18.09:511][  0]LogDerivedDataCache: Saved boot cache 0.09s 71MB C:/Users/p018236h.STUDENT/AppData/Local/UnrealEngine/4.20/DerivedDataCache/Boot.ddc.
[2019.01.27-15.18.09:515][  0]LogInit: Texture streaming: Enabled
[2019.01.27-15.18.09:571][  0]LogEngineSessionManager: EngineSessionManager initialized
[2019.01.27-15.18.09:572][  0]LogEngineSessionManager: EngineSessionManager sent abnormal shutdown report. Type=Debugger, SessionId={D4D035BA-4A48-2BB8-C7F6-6F99EC474A43}
[2019.01.27-15.18.09:593][  0]LogInit: Transaction tracking system initialized
[2019.01.27-15.18.09:670][  0]BlueprintLog: New page: Editor Load
[2019.01.27-15.18.09:862][  0]LocalizationService: Localization service is disabled
[2019.01.27-15.18.10:253][  0]LogCook: Display: Max memory allowance for cook 16384mb min free memory 0mb
[2019.01.27-15.18.10:253][  0]LogCook: Display: Mobile HDR setting 1
[2019.01.27-15.18.10:253][  0]LogGameplayTags: Display: UGameplayTagsManager::DoneAddingNativeTags. DelegateIsBound: 0
[2019.01.27-15.18.10:254][  0]LogStats: UGameplayTagsManager::ConstructGameplayTagTree: ImportINI prefixes -  0.000 s
[2019.01.27-15.18.10:254][  0]LogStats: UGameplayTagsManager::ConstructGameplayTagTree: Construct from data asset -  0.000 s
[2019.01.27-15.18.10:254][  0]LogStats: UGameplayTagsManager::ConstructGameplayTagTree: ImportINI -  0.000 s
[2019.01.27-15.18.10:254][  0]LogStats: UGameplayTagsManager::ConstructGameplayTagTree: GameplayTagTreeChangedEvent.Broadcast -  0.000 s
[2019.01.27-15.18.10:505][  0]LogFileCache: Scanning file cache for directory 'C:/Users/p018236h.STUDENT/Documents/GameJam/GGJ2019/GGJ2019/Content/' took 0.03s
[2019.01.27-15.18.10:505][  0]SourceControl: Source control is disabled
[2019.01.27-15.18.10:505][  0]Cmd: MAP LOAD FILE="../../../../../../Users/p018236h.STUDENT/Documents/GameJam/GGJ2019/GGJ2019/Content/GameLevel.umap" TEMPLATE=0 SHOWPROGRESS=1 FEATURELEVEL=3
[2019.01.27-15.18.10:506][  0]LogEditorServer: Warning: Can't find file '../../../../../../Users/p018236h.STUDENT/Documents/GameJam/GGJ2019/GGJ2019/Content/GameLevel.umap'
[2019.01.27-15.18.10:506][  0]Cmd: MAP CHECKDEP NOCLEARLOG
[2019.01.27-15.18.10:687][  0]MapCheck: Map check complete: 0 Error(s), 0 Warning(s), took 180.459ms to complete.
[2019.01.27-15.18.10:687][  0]LogFileHelpers: Loading map 'GameLevel' took 0.182
[2019.01.27-15.18.10:826][  0]LogSlate: Updating window title bar state: overlay mode, drag disabled, window buttons hidden, title bar hidden
[2019.01.27-15.18.10:834][  0]LogSlate: Updating window title bar state: overlay mode, drag disabled, window buttons hidden, title bar hidden
[2019.01.27-15.18.10:850][  0]LogSlate: Updating window title bar state: overlay mode, drag disabled, window buttons hidden, title bar hidden
[2019.01.27-15.18.10:864][  0]LogSlate: Updating window title bar state: overlay mode, drag disabled, window buttons hidden, title bar hidden
[2019.01.27-15.18.10:886][  0]LogCollectionManager: Loaded 0 collections in 0.009937 seconds
[2019.01.27-15.18.10:968][  0]LogFileCache: Scanning file cache for directory 'C:/Users/p018236h.STUDENT/Documents/GameJam/GGJ2019/GGJ2019/Saved/Collections/' took 0.01s
[2019.01.27-15.18.10:968][  0]LogFileCache: Scanning file cache for directory 'C:/Users/p018236h.STUDENT/Documents/GameJam/GGJ2019/GGJ2019/Content/Developers/p018236h/Collections/' took 0.01s
[2019.01.27-15.18.10:968][  0]LogFileCache: Scanning file cache for directory 'C:/Users/p018236h.STUDENT/Documents/GameJam/GGJ2019/GGJ2019/Content/Collections/' took 0.01s
[2019.01.27-15.18.10:968][  0]LogCollectionManager: Rebuilt the GUID cache for 0 collections in 0.000001 seconds
[2019.01.27-15.18.11:003][  0]LogContentBrowser: Native class hierarchy populated in 0.0340 seconds. Added 2585 classes and 606 folders.
[2019.01.27-15.18.11:033][  0]LogContentBrowser: Native class hierarchy updated for 'WidgetCarousel' in 0.0013 seconds. Added 0 classes and 0 folders.
[2019.01.27-15.18.11:185][  0]LogContentBrowser: Native class hierarchy updated for 'AddContentDialog' in 0.0007 seconds. Added 0 classes and 0 folders.
[2019.01.27-15.18.11:208][  0]LogContentBrowser: Native class hierarchy updated for 'SceneOutliner' in 0.0010 seconds. Added 1 classes and 2 folders.
[2019.01.27-15.18.11:230][  0]LogSlate: Took 0.000330 seconds to synchronously load lazily loaded font '../../../Engine/Content/Slate/Fonts/Roboto-Regular.ttf' (155K)
[2019.01.27-15.18.11:233][  0]LogSlate: Took 0.000277 seconds to synchronously load lazily loaded font '../../../Engine/Content/Slate/Fonts/Roboto-Bold.ttf' (160K)
[2019.01.27-15.18.11:242][  0]LogSlate: Took 0.000365 seconds to synchronously load lazily loaded font '../../../Engine/Content/Editor/Slate/Fonts/FontAwesome.ttf' (139K)
[2019.01.27-15.18.11:339][  0]LogRenderer: Reallocating scene render targets to support 1208x576 Format 10 NumSamples 1 (Frame:1).
[2019.01.27-15.18.11:537][  0]LogContentBrowser: Native class hierarchy updated for 'HierarchicalLODOutliner' in 0.0006 seconds. Added 0 classes and 0 folders.
[2019.01.27-15.18.11:537][  0]LogLoad: (Engine Initialization) Total time: 13.65 seconds
[2019.01.27-15.18.11:537][  0]LogLoad: (Engine Initialization) Total Blueprint compile time: 0.00 seconds
[2019.01.27-15.18.11:551][  0]LogWindowsTextInputMethodSystem: Display: IME system now deactivated.
[2019.01.27-15.18.11:593][  0]LogContentStreaming: Texture pool size now 1000 MB
[2019.01.27-15.18.11:630][  1]LogFileCache: Retrieving MD5 hashes for directory 'C:/Users/p018236h.STUDENT/Documents/GameJam/GGJ2019/GGJ2019/Content/' took 0.06s
[2019.01.27-15.18.11:645][  1]LogAssetRegistry: Asset discovery search completed in 6.6193 seconds
[2019.01.27-15.18.11:648][  1]LogCollectionManager: Rebuilt the object cache for 0 collections in 0.000000 seconds (found 0 objects)
[2019.01.27-15.18.11:648][  1]LogCollectionManager: Fixed up redirectors for 0 collections in 0.000150 seconds (updated 0 objects)
[2019.01.27-15.18.17:023][156]LogSlate: Took 0.000375 seconds to synchronously load lazily loaded font '../../../Engine/Content/Slate/Fonts/Roboto-Light.ttf' (167K)
[2019.01.27-15.18.18:416][291]LogSlate: FSceneViewport::OnFocusLost() reason 0
[2019.01.27-15.18.28:331][458]LogSlate: Took 0.000400 seconds to synchronously load lazily loaded font '../../../Engine/Content/Slate/Fonts/Roboto-Light.ttf' (167K)
[2019.01.27-15.18.30:171][458]LogAIModule: Creating AISystem for world Reee_Test
[2019.01.27-15.18.30:290][458]LogAssetEditorManager: Opening Asset editor for World /Game/StarterContent/Maps/Reee_Test.Reee_Test
[2019.01.27-15.18.30:334][458]Cmd: MAP LOAD FILE="../../../../../../Users/p018236h.STUDENT/Documents/GameJam/GGJ2019/GGJ2019/Content/StarterContent/Maps/Reee_Test.umap" TEMPLATE=0 SHOWPROGRESS=1 FEATURELEVEL=3
[2019.01.27-15.18.30:334][458]LightingResults: New page: Lighting Build
[2019.01.27-15.18.30:339][458]LogContentBrowser: Native class hierarchy updated for 'StatsViewer' in 0.0007 seconds. Added 5 classes and 0 folders.
[2019.01.27-15.18.30:340][458]LoadErrors: New page: Loading map: Reee_Test.umap
[2019.01.27-15.18.30:341][458]MapCheck: New page: Map Check
[2019.01.27-15.18.30:341][458]LightingResults: New page: Lighting Build
[2019.01.27-15.18.30:453][458]LogEditorServer: Finished looking for orphan Actors (0.000 secs)
[2019.01.27-15.18.30:545][458]Cmd: MAP CHECKDEP NOCLEARLOG
[2019.01.27-15.18.30:862][458]MapCheck: Map check complete: 0 Error(s), 0 Warning(s), took 316.938ms to complete.
[2019.01.27-15.18.30:864][458]LogFileHelpers: Loading map 'Reee_Test' took 0.531
[2019.01.27-15.20.05:749][661]LogSlate: FSceneViewport::OnFocusLost() reason 0
[2019.01.27-15.20.13:115][532]LogActor: Warning: Pickup_BP_Food_Tomato_C /Engine/Transient.World_1:PersistentLevel.Pickup_BP_Food_Tomato_C_0 has natively added scene component(s), but none of them were set as the actor's RootComponent - picking one arbitrarily
[2019.01.27-15.20.13:120][532]LogActor: Warning: Pickup_BP_Food_Sandwich_C /Engine/Transient.World_2:PersistentLevel.Pickup_BP_Food_Sandwich_C_0 has natively added scene component(s), but none of them were set as the actor's RootComponent - picking one arbitrarily
[2019.01.27-15.20.13:130][533]LogActor: Warning: Pickup_BP_Food_Pizza_C /Engine/Transient.World_3:PersistentLevel.Pickup_BP_Food_Pizza_C_0 has natively added scene component(s), but none of them were set as the actor's RootComponent - picking one arbitrarily
[2019.01.27-15.20.13:136][533]LogActor: Warning: Pickup_BP_Food_Ham_C /Engine/Transient.World_4:PersistentLevel.Pickup_BP_Food_Ham_C_0 has natively added scene component(s), but none of them were set as the actor's RootComponent - picking one arbitrarily
[2019.01.27-15.20.13:162][534]LogActor: Warning: Pickup_BP_Food_Chicken_C /Engine/Transient.World_5:PersistentLevel.Pickup_BP_Food_Chicken_C_0 has natively added scene component(s), but none of them were set as the actor's RootComponent - picking one arbitrarily
[2019.01.27-15.20.13:189][535]LogActor: Warning: Pickup_BP_Food_Cheese_C /Engine/Transient.World_6:PersistentLevel.Pickup_BP_Food_Cheese_C_0 has natively added scene component(s), but none of them were set as the actor's RootComponent - picking one arbitrarily
[2019.01.27-15.20.13:208][536]LogActor: Warning: Pickup_BP_Food_C /Engine/Transient.World_7:PersistentLevel.Pickup_BP_Food_C_0 has natively added scene component(s), but none of them were set as the actor's RootComponent - picking one arbitrarily
[2019.01.27-15.20.13:244][539]LogActor: Warning: Fridge_BP_Base_C /Engine/Transient.World_9:PersistentLevel.Fridge_BP_Base_C_0 has natively added scene component(s), but none of them were set as the actor's RootComponent - picking one arbitrarily
[2019.01.27-15.20.15:991][827]LogAssetEditorManager: Opening Asset editor for Blueprint /Game/BP_Assets/UI_BP_Manager.UI_BP_Manager
[2019.01.27-15.20.16:560][827]LogContentBrowser: Native class hierarchy updated for 'BlueprintGraph' in 0.0009 seconds. Added 116 classes and 0 folders.
[2019.01.27-15.20.17:782][827]LogSlate: Took 0.000614 seconds to synchronously load lazily loaded font '../../../Engine/Content/Slate/Fonts/Roboto-BoldCondensed.ttf' (158K)
[2019.01.27-15.20.17:911][828]LogSlate: Took 0.000378 seconds to synchronously load lazily loaded font '../../../Engine/Content/Slate/Fonts/Roboto-Italic.ttf' (157K)
[2019.01.27-15.20.19:770][984]LogSlate: Window 'UI_BP_Manager' being destroyed
[2019.01.27-15.20.20:860][ 98]LogSlate: Window 'UI_BP_Manager' being destroyed
[2019.01.27-15.20.47:212][140]Cmd: OBJ SAVEPACKAGE PACKAGE="/Game/BP_Assets/UI_BP_Manager" FILE="../../../../../../Users/p018236h.STUDENT/Documents/GameJam/GGJ2019/GGJ2019/Content/BP_Assets/UI_BP_Manager.uasset" SILENT=true
[2019.01.27-15.20.47:364][140]LogSavePackage: Moving '../../../../../../Users/p018236h.STUDENT/Documents/GameJam/GGJ2019/GGJ2019/Saved/UI_BP_Manager4B761BBA455FEEB7F44B34A00D630852.tmp' to '../../../../../../Users/p018236h.STUDENT/Documents/GameJam/GGJ2019/GGJ2019/Content/BP_Assets/UI_BP_Manager.uasset'
[2019.01.27-15.20.48:374][259]BlueprintLog: New page: Compile UI_BP_Manager
[2019.01.27-15.20.54:066][822]LogSavePackage: Moving '../../../../../../Users/p018236h.STUDENT/Documents/GameJam/GGJ2019/GGJ2019/Saved/Reee_TestDE3C2C744B91E4A275B8C5975431D4B8.tmp' to '../../../../../../Users/p018236h.STUDENT/Documents/GameJam/GGJ2019/GGJ2019/Content/StarterContent/Maps/Reee_Test.umap'
[2019.01.27-15.20.54:732][870]LogTemp: Repeating last play command: Selected Viewport
[2019.01.27-15.20.54:767][870]LogBlueprintUserMessages: Early PlayInEditor Detection: Level '/Game/StarterContent/Maps/Reee_Test.Reee_Test:PersistentLevel' has LevelScriptBlueprint '/Game/StarterContent/Maps/Reee_Test.Reee_Test:PersistentLevel.Reee_Test' with GeneratedClass '/Game/StarterContent/Maps/Reee_Test.Reee_Test_C' with ClassGeneratedBy '/Game/StarterContent/Maps/Reee_Test.Reee_Test:PersistentLevel.Reee_Test'
[2019.01.27-15.20.54:768][870]LogPlayLevel: PlayLevel: No blueprints needed recompiling
[2019.01.27-15.20.54:782][870]PIE: New page: PIE session: Reee_Test (27 Jan 2019 15:20:54)
[2019.01.27-15.20.54:783][870]LogPlayLevel: Creating play world package: /Game/StarterContent/Maps/UEDPIE_0_Reee_Test
